#
# A fatal error has been detected by the Java Runtime Environment:
#
#  EXCEPTION_ACCESS_VIOLATION (0xc0000005) at pc=0x000001c29abdfe40, pid=26712, tid=23892
#
# JRE version: Java(TM) SE Runtime Environment (15.0.2+7) (build 15.0.2+7-27)
# Java VM: Java HotSpot(TM) 64-Bit Server VM (15.0.2+7-27, mixed mode, sharing, tiered, compressed oops, g1 gc, windows-amd64)
# Problematic frame:
# C  0x000001c29abdfe40
#
# No core dump will be written. Minidumps are not enabled by default on client versions of Windows
#
# If you would like to submit a bug report, please visit:
#   https://bugreport.java.com/bugreport/crash.jsp
# The crash happened outside the Java Virtual Machine in native code.
# See problematic frame for where to report the bug.
#

---------------  S U M M A R Y ------------

Command Line: -Dfile.encoding=UTF-8 --module-path=C:\GD\Mampos\Mampos\build\classes mampos.Mampos --add-exports java.base/java.lang=ALL-UNNAMED --add-exports java.desktop/sun.awt=ALL-UNNAMED --add-exports java.desktop/sun.java2d=ALL-UNNAMED

Host: AMD Ryzen 7 3700X 8-Core Processor             , 16 cores, 31G,  Windows 10 , 64 bit Build 19041 (10.0.19041.4717)
Time: Tue Sep  3 22:02:36 2024 Hora estándar, América Central elapsed time: 2.511306 seconds (0d 0h 0m 2s)

---------------  T H R E A D  ---------------

Current thread (0x000001c29117e100):  JavaThread "AWT-EventQueue-0" [_thread_in_native, id=23892, stack(0x0000008ca4300000,0x0000008ca4400000)]

Stack: [0x0000008ca4300000,0x0000008ca4400000],  sp=0x0000008ca43fe0e0,  free space=1016k
Native frames: (J=compiled Java code, j=interpreted, Vv=VM code, C=native code)
C  0x000001c29abdfe40

Java frames: (J=compiled Java code, j=interpreted, Vv=VM code)
j  jogamp.opengl.gl4.GL4bcImpl.dispatch_glDrawArrays1(IIIJ)V+0
j  jogamp.opengl.gl4.GL4bcImpl.glDrawArrays(III)V+45
j  components.ControladorDeCotas.dibujarCotas(Lcom/jogamp/opengl/GL4;[III)V+53
j  rendering.Planta.display(Lcom/jogamp/opengl/GLAutoDrawable;)V+306
j  jogamp.opengl.GLDrawableHelper.displayImpl(Lcom/jogamp/opengl/GLAutoDrawable;)V+62
j  jogamp.opengl.GLDrawableHelper.display(Lcom/jogamp/opengl/GLAutoDrawable;)V+2
j  com.jogamp.opengl.awt.GLCanvas$10.run()V+118
j  jogamp.opengl.GLDrawableHelper.invokeGLImpl(Lcom/jogamp/opengl/GLDrawable;Lcom/jogamp/opengl/GLContext;Ljava/lang/Runnable;Ljava/lang/Runnable;)V+205
j  jogamp.opengl.GLDrawableHelper.invokeGL(Lcom/jogamp/opengl/GLDrawable;Lcom/jogamp/opengl/GLContext;Ljava/lang/Runnable;Ljava/lang/Runnable;)V+75
j  com.jogamp.opengl.awt.GLCanvas$11.run()V+104
j  java.awt.event.InvocationEvent.dispatch()V+11 java.desktop@15.0.2
j  java.awt.EventQueue.dispatchEventImpl(Ljava/awt/AWTEvent;Ljava/lang/Object;)V+21 java.desktop@15.0.2
j  java.awt.EventQueue$4.run()Ljava/lang/Void;+32 java.desktop@15.0.2
j  java.awt.EventQueue$4.run()Ljava/lang/Object;+1 java.desktop@15.0.2
J 881 c1 java.security.AccessController.executePrivileged(Ljava/security/PrivilegedAction;Ljava/security/AccessControlContext;Ljava/lang/Class;)Ljava/lang/Object; java.base@15.0.2 (65 bytes) @ 0x000001c2eb17cfc4 [0x000001c2eb17ce60+0x0000000000000164]
j  java.security.AccessController.doPrivileged(Ljava/security/PrivilegedAction;Ljava/security/AccessControlContext;)Ljava/lang/Object;+13 java.base@15.0.2
j  java.security.ProtectionDomain$JavaSecurityAccessImpl.doIntersectionPrivilege(Ljava/security/PrivilegedAction;Ljava/security/AccessControlContext;Ljava/security/AccessControlContext;)Ljava/lang/Object;+18 java.base@15.0.2
j  java.awt.EventQueue.dispatchEvent(Ljava/awt/AWTEvent;)V+46 java.desktop@15.0.2
j  java.awt.EventDispatchThread.pumpOneEventForFilters(I)V+78 java.desktop@15.0.2
j  java.awt.EventDispatchThread.pumpEventsForFilter(ILjava/awt/Conditional;Ljava/awt/EventFilter;)V+35 java.desktop@15.0.2
j  java.awt.EventDispatchThread.pumpEventsForHierarchy(ILjava/awt/Conditional;Ljava/awt/Component;)V+11 java.desktop@15.0.2
j  java.awt.EventDispatchThread.pumpEvents(ILjava/awt/Conditional;)V+4 java.desktop@15.0.2
j  java.awt.EventDispatchThread.pumpEvents(Ljava/awt/Conditional;)V+3 java.desktop@15.0.2
j  java.awt.EventDispatchThread.run()V+9 java.desktop@15.0.2
v  ~StubRoutines::call_stub

siginfo: EXCEPTION_ACCESS_VIOLATION (0xc0000005), reading address 0x0000000000000000


Register to memory mapping:

RIP=0x000001c29abdfe40 points into unknown readable memory: 0x893889046e8b3e8b | 8b 3e 8b 6e 04 89 38 89
RAX=0x000001c2985ba040 points into unknown readable memory: 0x005f7995004b6581 | 81 65 4b 00 95 79 5f 00
RBX=0x000001c29af50000 points into unknown readable memory: 0x000001c2993f5ea0 | a0 5e 3f 99 c2 01 00 00
RCX=0x0 is NULL
RDX=0x0000000000000012 is an unknown value
RSP=0x0000008ca43fe0e0 is pointing into the stack for thread: 0x000001c29117e100
RBP=0x000001c2998bd9b0 points into unknown readable memory: 0x0000000000000400 | 00 04 00 00 00 00 00 00
RSI=0x0 is NULL
RDI=0x0 is NULL
R8 =0x0 is NULL
R9 =0x0000000000000012 is an unknown value
R10=0x000001c2998bd9b0 points into unknown readable memory: 0x0000000000000400 | 00 04 00 00 00 00 00 00
R11=0x0 is NULL
R12=0x0 is NULL
R13=0x0 is NULL
R14=0x0000000000000001 is an unknown value
R15=0x000001c2985ba040 points into unknown readable memory: 0x005f7995004b6581 | 81 65 4b 00 95 79 5f 00


Registers:
RAX=0x000001c2985ba040, RBX=0x000001c29af50000, RCX=0x0000000000000000, RDX=0x0000000000000012
RSP=0x0000008ca43fe0e0, RBP=0x000001c2998bd9b0, RSI=0x0000000000000000, RDI=0x0000000000000000
R8 =0x0000000000000000, R9 =0x0000000000000012, R10=0x000001c2998bd9b0, R11=0x0000000000000000
R12=0x0000000000000000, R13=0x0000000000000000, R14=0x0000000000000001, R15=0x000001c2985ba040
RIP=0x000001c29abdfe40, EFLAGS=0x0000000000010202

Top of Stack: (sp=0x0000008ca43fe0e0)
0x0000008ca43fe0e0:   000001c200000000 0000000000000000
0x0000008ca43fe0f0:   0000000000000012 000001c29af50000
0x0000008ca43fe100:   000001c2998bd9b0 00007ffa8329944c
0x0000008ca43fe110:   000001c29af50000 000001c2998bd9b0
0x0000008ca43fe120:   0000000000000012 000001c29af50000
0x0000008ca43fe130:   000001c299cdf888 0000000000000003
0x0000008ca43fe140:   0000000000000012 000001c299cdf888
0x0000008ca43fe150:   0000000000000001 000001c2998bd9b0
0x0000008ca43fe160:   0000000000000012 0000000000000000
0x0000008ca43fe170:   000001c29af50000 00007ffa83295433
0x0000008ca43fe180:   000001c200000000 0000000000000000
0x0000008ca43fe190:   0000000000000001 0000000000000012
0x0000008ca43fe1a0:   0000000000000083 00c0000000000000
0x0000008ca43fe1b0:   000001c299cdf888 000001c2998bd9b0
0x0000008ca43fe1c0:   0000000000000000 00007ffa83295690
0x0000008ca43fe1d0:   0000000000000012 000001c29af50000 

Instructions: (pc=0x000001c29abdfe40)
0x000001c29abdfd40:   00 00 00 00 00 00 00 00 00 00 00 00 00 00 00 00
0x000001c29abdfd50:   00 00 00 00 00 00 00 00 00 00 00 00 00 00 00 00
0x000001c29abdfd60:   00 00 00 00 00 00 00 00 00 00 00 00 00 00 00 00
0x000001c29abdfd70:   00 00 00 00 00 00 00 00 00 00 00 00 00 00 00 00
0x000001c29abdfd80:   00 00 00 00 00 00 00 00 00 00 00 00 00 00 00 00
0x000001c29abdfd90:   00 00 00 00 00 00 00 00 00 00 00 00 00 00 00 00
0x000001c29abdfda0:   00 00 00 00 00 00 00 00 00 00 00 00 00 00 00 00
0x000001c29abdfdb0:   00 00 00 00 00 00 00 00 00 00 00 00 00 00 00 00
0x000001c29abdfdc0:   00 00 00 00 00 00 00 00 00 00 00 00 00 00 00 00
0x000001c29abdfdd0:   00 00 00 00 00 00 00 00 00 00 00 00 00 00 00 00
0x000001c29abdfde0:   00 00 00 00 00 00 00 00 00 00 00 00 00 00 00 00
0x000001c29abdfdf0:   00 00 00 00 00 00 00 00 40 ff ff ff c0 fd 00 00
0x000001c29abdfe00:   48 83 ec 28 48 89 6c 24 20 48 89 5c 24 18 48 89
0x000001c29abdfe10:   74 24 10 48 89 7c 24 08 48 8b d9 48 8b c2 49 8b
0x000001c29abdfe20:   c8 49 8b d1 48 be b0 8d fa 9a c2 01 00 00 48 8b
0x000001c29abdfe30:   36 48 8b b6 08 03 00 00 48 8d 3c 49 48 8d 34 be
0x000001c29abdfe40:   8b 3e 8b 6e 04 89 38 89 68 04 8b 7e 08 89 78 08
0x000001c29abdfe50:   48 be b0 8d fa 9a c2 01 00 00 48 8b 36 48 8b b6
0x000001c29abdfe60:   38 03 00 00 48 8d 34 ce 8b 3e 8b 6e 04 89 78 0c
0x000001c29abdfe70:   89 68 10 48 83 c0 14 ff c1 ff ca 75 a7 48 8b 7c
0x000001c29abdfe80:   24 08 48 8b 74 24 10 48 8b 5c 24 18 48 8b 6c 24
0x000001c29abdfe90:   20 48 83 c4 28 c3 00 00 00 00 00 00 00 00 00 00
0x000001c29abdfea0:   00 00 00 00 00 00 00 00 00 00 00 00 00 00 00 00
0x000001c29abdfeb0:   00 00 00 00 00 00 00 00 80 ff ff ff c0 00 00 00
0x000001c29abdfec0:   55 48 8b ec 53 56 57 4c 8b da 4c 8b d1 49 8b f2
0x000001c29abdfed0:   49 8b fb 41 8b e8 85 ed 0f 84 30 00 00 00 b9 03
0x000001c29abdfee0:   00 00 00 0f 8f 05 00 00 00 48 f7 d9 f7 dd 0f b6
0x000001c29abdfef0:   5e 02 c1 e3 10 0f b7 16 0b da 48 03 f1 48 83 c7
0x000001c29abdff00:   04 81 e3 ff ff ff 00 ff cd 89 5f fc 75 e0 5f 5e
0x000001c29abdff10:   5b 5d c3 00 00 00 00 00 00 00 00 00 00 00 00 00
0x000001c29abdff20:   00 00 00 00 00 00 00 00 00 00 00 00 00 00 00 00
0x000001c29abdff30:   00 00 00 00 00 00 00 00 c0 ff ff ff 80 00 00 00 


Stack slot to memory mapping:
stack at sp + 0 slots: 0x000001c200000000 is an unknown value
stack at sp + 1 slots: 0x0 is NULL
stack at sp + 2 slots: 0x0000000000000012 is an unknown value
stack at sp + 3 slots: 0x000001c29af50000 points into unknown readable memory: 0x000001c2993f5ea0 | a0 5e 3f 99 c2 01 00 00
stack at sp + 4 slots: 0x000001c2998bd9b0 points into unknown readable memory: 0x0000000000000400 | 00 04 00 00 00 00 00 00
stack at sp + 5 slots: 0x00007ffa8329944c nvoglv64.dll
stack at sp + 6 slots: 0x000001c29af50000 points into unknown readable memory: 0x000001c2993f5ea0 | a0 5e 3f 99 c2 01 00 00
stack at sp + 7 slots: 0x000001c2998bd9b0 points into unknown readable memory: 0x0000000000000400 | 00 04 00 00 00 00 00 00


---------------  P R O C E S S  ---------------

Threads class SMR info:
_java_thread_list=0x000001c299511990, length=22, elements={
0x000001c290248f80, 0x000001c290249570, 0x000001c29025db80, 0x000001c290260060,
0x000001c290261540, 0x000001c290266e10, 0x000001c29026a8d0, 0x000001c290272df0,
0x000001c290b102b0, 0x000001c290c24f10, 0x000001c290cb2080, 0x000001c291142b30,
0x000001c291149370, 0x000001c291149840, 0x000001c29117e100, 0x000001c2e26aefb0,
0x000001c29154f180, 0x000001c299035860, 0x000001c29154de40, 0x000001c29154d970,
0x000001c29154cfd0, 0x000001c29154e310
}

Java Threads: ( => current thread )
  0x000001c290248f80 JavaThread "Reference Handler" daemon [_thread_blocked, id=15804, stack(0x0000008ca3300000,0x0000008ca3400000)]
  0x000001c290249570 JavaThread "Finalizer" daemon [_thread_blocked, id=28508, stack(0x0000008ca3400000,0x0000008ca3500000)]
  0x000001c29025db80 JavaThread "Signal Dispatcher" daemon [_thread_blocked, id=21588, stack(0x0000008ca3500000,0x0000008ca3600000)]
  0x000001c290260060 JavaThread "Attach Listener" daemon [_thread_blocked, id=29448, stack(0x0000008ca3600000,0x0000008ca3700000)]
  0x000001c290261540 JavaThread "Service Thread" daemon [_thread_blocked, id=23756, stack(0x0000008ca3700000,0x0000008ca3800000)]
  0x000001c290266e10 JavaThread "C2 CompilerThread0" daemon [_thread_blocked, id=21652, stack(0x0000008ca3800000,0x0000008ca3900000)]
  0x000001c29026a8d0 JavaThread "C1 CompilerThread0" daemon [_thread_blocked, id=26760, stack(0x0000008ca3900000,0x0000008ca3a00000)]
  0x000001c290272df0 JavaThread "Sweeper thread" daemon [_thread_blocked, id=22832, stack(0x0000008ca3a00000,0x0000008ca3b00000)]
  0x000001c290b102b0 JavaThread "Common-Cleaner" daemon [_thread_blocked, id=12192, stack(0x0000008ca3b00000,0x0000008ca3c00000)]
  0x000001c290c24f10 JavaThread "C1 CompilerThread1" daemon [_thread_blocked, id=23920, stack(0x0000008ca3c00000,0x0000008ca3d00000)]
  0x000001c290cb2080 JavaThread "Notification Thread" daemon [_thread_blocked, id=12228, stack(0x0000008ca3e00000,0x0000008ca3f00000)]
  0x000001c291142b30 JavaThread "Java2D Disposer" daemon [_thread_blocked, id=27976, stack(0x0000008ca4000000,0x0000008ca4100000)]
  0x000001c291149370 JavaThread "AWT-Shutdown" [_thread_blocked, id=30212, stack(0x0000008ca4100000,0x0000008ca4200000)]
  0x000001c291149840 JavaThread "AWT-Windows" daemon [_thread_in_native, id=17828, stack(0x0000008ca4200000,0x0000008ca4300000)]
=>0x000001c29117e100 JavaThread "AWT-EventQueue-0" [_thread_in_native, id=23892, stack(0x0000008ca4300000,0x0000008ca4400000)]
  0x000001c2e26aefb0 JavaThread "DestroyJavaVM" [_thread_blocked, id=14764, stack(0x0000008ca2c00000,0x0000008ca2d00000)]
  0x000001c29154f180 JavaThread "TimerQueue" daemon [_thread_blocked, id=7560, stack(0x0000008ca3d00000,0x0000008ca3e00000)]
  0x000001c299035860 JavaThread "C1 CompilerThread2" daemon [_thread_blocked, id=29512, stack(0x0000008ca4900000,0x0000008ca4a00000)]
  0x000001c29154de40 JavaThread "AWT-EventQueue-0-SharedResourceRunner" daemon [_thread_blocked, id=29160, stack(0x0000008ca4a00000,0x0000008ca4b00000)]
  0x000001c29154d970 JavaThread "AWT-EventQueue-0-AWTAnimator#00" [_thread_blocked, id=29780, stack(0x0000008ca5900000,0x0000008ca5a00000)]
  0x000001c29154cfd0 JavaThread "AWT-EventQueue-0-AWTAnimator#01" [_thread_blocked, id=6248, stack(0x0000008ca5a00000,0x0000008ca5b00000)]
  0x000001c29154e310 JavaThread "D3D Screen Updater" daemon [_thread_blocked, id=22156, stack(0x0000008ca5b00000,0x0000008ca5c00000)]

Other Threads:
  0x000001c2902458e0 VMThread "VM Thread" [stack: 0x0000008ca3200000,0x0000008ca3300000] [id=2232]
  0x000001c2e26afef0 WatcherThread [stack: 0x0000008ca3f00000,0x0000008ca4000000] [id=29952]
  0x000001c2e2728c30 GCTaskThread "GC Thread#0" [stack: 0x0000008ca2d00000,0x0000008ca2e00000] [id=20868]
  0x000001c2915d2150 GCTaskThread "GC Thread#1" [stack: 0x0000008ca4e00000,0x0000008ca4f00000] [id=308]
  0x000001c2915cf180 GCTaskThread "GC Thread#2" [stack: 0x0000008ca4f00000,0x0000008ca5000000] [id=25680]
  0x000001c2915ceb20 GCTaskThread "GC Thread#3" [stack: 0x0000008ca5000000,0x0000008ca5100000] [id=9644]
  0x000001c2915d17c0 GCTaskThread "GC Thread#4" [stack: 0x0000008ca5100000,0x0000008ca5200000] [id=15204]
  0x000001c2915ce7f0 GCTaskThread "GC Thread#5" [stack: 0x0000008ca5200000,0x0000008ca5300000] [id=29500]
  0x000001c2915d0e30 GCTaskThread "GC Thread#6" [stack: 0x0000008ca5300000,0x0000008ca5400000] [id=16948]
  0x000001c2915cf4b0 GCTaskThread "GC Thread#7" [stack: 0x0000008ca5400000,0x0000008ca5500000] [id=4784]
  0x000001c2915d1af0 GCTaskThread "GC Thread#8" [stack: 0x0000008ca5500000,0x0000008ca5600000] [id=25712]
  0x000001c2915d07d0 GCTaskThread "GC Thread#9" [stack: 0x0000008ca5600000,0x0000008ca5700000] [id=28248]
  0x000001c2915d0b00 GCTaskThread "GC Thread#10" [stack: 0x0000008ca5700000,0x0000008ca5800000] [id=28452]
  0x000001c2915d1160 GCTaskThread "GC Thread#11" [stack: 0x0000008ca5800000,0x0000008ca5900000] [id=29628]
  0x000001c2e273ab20 ConcurrentGCThread "G1 Main Marker" [stack: 0x0000008ca2e00000,0x0000008ca2f00000] [id=29424]
  0x000001c2e273b520 ConcurrentGCThread "G1 Conc#0" [stack: 0x0000008ca2f00000,0x0000008ca3000000] [id=23692]
  0x000001c2e277e0f0 ConcurrentGCThread "G1 Refine#0" [stack: 0x0000008ca3000000,0x0000008ca3100000] [id=28792]
  0x000001c2e277eb10 ConcurrentGCThread "G1 Young RemSet Sampling" [stack: 0x0000008ca3100000,0x0000008ca3200000] [id=16932]

Threads with active compile tasks:

VM state: not at safepoint (normal execution)

VM Mutex/Monitor currently owned by a thread: None

Heap address: 0x0000000601000000, size: 8176 MB, Compressed Oops mode: Zero based, Oop shift amount: 3
CDS archive(s) mapped at: [0x0000000800000000-0x0000000800b50000-0x0000000800b50000), size 11862016, SharedBaseAddress: 0x0000000800000000, ArchiveRelocationMode: 0.
Compressed class space mapped at: 0x0000000800b50000-0x0000000840b50000, size: 1073741824
Narrow klass base: 0x0000000800000000, Narrow klass shift: 3, Narrow klass range: 0x100000000

GC Precious Log:
 CPUs: 16 total, 16 available
 Memory: 32689M
 Large Page Support: Disabled
 NUMA Support: Disabled
 Compressed Oops: Enabled (Zero based)
 Heap Region Size: 4M
 Heap Min Capacity: 8M
 Heap Initial Capacity: 512M
 Heap Max Capacity: 8176M
 Pre-touch: Disabled
 Parallel Workers: 13
 Concurrent Workers: 3
 Concurrent Refinement Workers: 13
 Periodic GC: Disabled

Heap:
 garbage-first heap   total 524288K, used 53924K [0x0000000601000000, 0x0000000800000000)
  region size 4096K, 6 young (24576K), 2 survivors (8192K)
 Metaspace       used 18864K, capacity 19062K, committed 19456K, reserved 1067008K
  class space    used 1667K, capacity 1726K, committed 1792K, reserved 1048576K

Heap Regions: E=young(eden), S=young(survivor), O=old, HS=humongous(starts), HC=humongous(continues), CS=collection set, F=free, OA=open archive, CA=closed archive, TAMS=top-at-mark-start (previous, next)
|   0|0x0000000601000000, 0x0000000601400000, 0x0000000601400000|100%| O|  |TAMS 0x0000000601000000, 0x0000000601000000| Untracked 
|   1|0x0000000601400000, 0x0000000601800000, 0x0000000601800000|100%| O|  |TAMS 0x0000000601400000, 0x0000000601400000| Untracked 
|   2|0x0000000601800000, 0x0000000601c00000, 0x0000000601c00000|100%| O|  |TAMS 0x0000000601800000, 0x0000000601800000| Untracked 
|   3|0x0000000601c00000, 0x0000000602000000, 0x0000000602000000|100%| O|  |TAMS 0x0000000601c00000, 0x0000000601c00000| Untracked 
|   4|0x0000000602000000, 0x0000000602400000, 0x0000000602400000|100%| O|  |TAMS 0x0000000602000000, 0x0000000602000000| Untracked 
|   5|0x0000000602400000, 0x0000000602800000, 0x0000000602800000|100%| O|  |TAMS 0x0000000602400000, 0x0000000602400000| Untracked 
|   6|0x0000000602800000, 0x0000000602c00000, 0x0000000602c00000|100%| O|  |TAMS 0x0000000602800000, 0x0000000602800000| Untracked 
|   7|0x0000000602c00000, 0x0000000603000000, 0x0000000603000000|100%| O|  |TAMS 0x0000000602c00000, 0x0000000602c00000| Untracked 
|   8|0x0000000603000000, 0x00000006030a9000, 0x0000000603400000| 16%| O|  |TAMS 0x0000000603000000, 0x0000000603000000| Untracked 
|   9|0x0000000603400000, 0x0000000603400000, 0x0000000603800000|  0%| F|  |TAMS 0x0000000603400000, 0x0000000603400000| Untracked 
|  10|0x0000000603800000, 0x0000000603800000, 0x0000000603c00000|  0%| F|  |TAMS 0x0000000603800000, 0x0000000603800000| Untracked 
|  11|0x0000000603c00000, 0x0000000603c00000, 0x0000000604000000|  0%| F|  |TAMS 0x0000000603c00000, 0x0000000603c00000| Untracked 
|  12|0x0000000604000000, 0x0000000604000000, 0x0000000604400000|  0%| F|  |TAMS 0x0000000604000000, 0x0000000604000000| Untracked 
|  13|0x0000000604400000, 0x0000000604400000, 0x0000000604800000|  0%| F|  |TAMS 0x0000000604400000, 0x0000000604400000| Untracked 
|  14|0x0000000604800000, 0x0000000604800000, 0x0000000604c00000|  0%| F|  |TAMS 0x0000000604800000, 0x0000000604800000| Untracked 
|  15|0x0000000604c00000, 0x0000000604c00000, 0x0000000605000000|  0%| F|  |TAMS 0x0000000604c00000, 0x0000000604c00000| Untracked 
|  16|0x0000000605000000, 0x0000000605000000, 0x0000000605400000|  0%| F|  |TAMS 0x0000000605000000, 0x0000000605000000| Untracked 
|  17|0x0000000605400000, 0x0000000605400000, 0x0000000605800000|  0%| F|  |TAMS 0x0000000605400000, 0x0000000605400000| Untracked 
|  18|0x0000000605800000, 0x0000000605800000, 0x0000000605c00000|  0%| F|  |TAMS 0x0000000605800000, 0x0000000605800000| Untracked 
|  19|0x0000000605c00000, 0x0000000605c00000, 0x0000000606000000|  0%| F|  |TAMS 0x0000000605c00000, 0x0000000605c00000| Untracked 
|  20|0x0000000606000000, 0x0000000606000000, 0x0000000606400000|  0%| F|  |TAMS 0x0000000606000000, 0x0000000606000000| Untracked 
|  21|0x0000000606400000, 0x0000000606400000, 0x0000000606800000|  0%| F|  |TAMS 0x0000000606400000, 0x0000000606400000| Untracked 
|  22|0x0000000606800000, 0x0000000606800000, 0x0000000606c00000|  0%| F|  |TAMS 0x0000000606800000, 0x0000000606800000| Untracked 
|  23|0x0000000606c00000, 0x0000000606c00000, 0x0000000607000000|  0%| F|  |TAMS 0x0000000606c00000, 0x0000000606c00000| Untracked 
|  24|0x0000000607000000, 0x0000000607000000, 0x0000000607400000|  0%| F|  |TAMS 0x0000000607000000, 0x0000000607000000| Untracked 
|  25|0x0000000607400000, 0x0000000607400000, 0x0000000607800000|  0%| F|  |TAMS 0x0000000607400000, 0x0000000607400000| Untracked 
|  26|0x0000000607800000, 0x0000000607800000, 0x0000000607c00000|  0%| F|  |TAMS 0x0000000607800000, 0x0000000607800000| Untracked 
|  27|0x0000000607c00000, 0x0000000607c00000, 0x0000000608000000|  0%| F|  |TAMS 0x0000000607c00000, 0x0000000607c00000| Untracked 
|  28|0x0000000608000000, 0x0000000608000000, 0x0000000608400000|  0%| F|  |TAMS 0x0000000608000000, 0x0000000608000000| Untracked 
|  29|0x0000000608400000, 0x0000000608400000, 0x0000000608800000|  0%| F|  |TAMS 0x0000000608400000, 0x0000000608400000| Untracked 
|  30|0x0000000608800000, 0x0000000608800000, 0x0000000608c00000|  0%| F|  |TAMS 0x0000000608800000, 0x0000000608800000| Untracked 
|  31|0x0000000608c00000, 0x0000000608c00000, 0x0000000609000000|  0%| F|  |TAMS 0x0000000608c00000, 0x0000000608c00000| Untracked 
|  32|0x0000000609000000, 0x0000000609000000, 0x0000000609400000|  0%| F|  |TAMS 0x0000000609000000, 0x0000000609000000| Untracked 
|  33|0x0000000609400000, 0x0000000609400000, 0x0000000609800000|  0%| F|  |TAMS 0x0000000609400000, 0x0000000609400000| Untracked 
|  34|0x0000000609800000, 0x0000000609800000, 0x0000000609c00000|  0%| F|  |TAMS 0x0000000609800000, 0x0000000609800000| Untracked 
|  35|0x0000000609c00000, 0x0000000609c00000, 0x000000060a000000|  0%| F|  |TAMS 0x0000000609c00000, 0x0000000609c00000| Untracked 
|  36|0x000000060a000000, 0x000000060a000000, 0x000000060a400000|  0%| F|  |TAMS 0x000000060a000000, 0x000000060a000000| Untracked 
|  37|0x000000060a400000, 0x000000060a400000, 0x000000060a800000|  0%| F|  |TAMS 0x000000060a400000, 0x000000060a400000| Untracked 
|  38|0x000000060a800000, 0x000000060a800000, 0x000000060ac00000|  0%| F|  |TAMS 0x000000060a800000, 0x000000060a800000| Untracked 
|  39|0x000000060ac00000, 0x000000060ac00000, 0x000000060b000000|  0%| F|  |TAMS 0x000000060ac00000, 0x000000060ac00000| Untracked 
|  40|0x000000060b000000, 0x000000060b000000, 0x000000060b400000|  0%| F|  |TAMS 0x000000060b000000, 0x000000060b000000| Untracked 
|  41|0x000000060b400000, 0x000000060b400000, 0x000000060b800000|  0%| F|  |TAMS 0x000000060b400000, 0x000000060b400000| Untracked 
|  42|0x000000060b800000, 0x000000060b800000, 0x000000060bc00000|  0%| F|  |TAMS 0x000000060b800000, 0x000000060b800000| Untracked 
|  43|0x000000060bc00000, 0x000000060bc00000, 0x000000060c000000|  0%| F|  |TAMS 0x000000060bc00000, 0x000000060bc00000| Untracked 
|  44|0x000000060c000000, 0x000000060c000000, 0x000000060c400000|  0%| F|  |TAMS 0x000000060c000000, 0x000000060c000000| Untracked 
|  45|0x000000060c400000, 0x000000060c400000, 0x000000060c800000|  0%| F|  |TAMS 0x000000060c400000, 0x000000060c400000| Untracked 
|  46|0x000000060c800000, 0x000000060c800000, 0x000000060cc00000|  0%| F|  |TAMS 0x000000060c800000, 0x000000060c800000| Untracked 
|  47|0x000000060cc00000, 0x000000060cc00000, 0x000000060d000000|  0%| F|  |TAMS 0x000000060cc00000, 0x000000060cc00000| Untracked 
|  48|0x000000060d000000, 0x000000060d000000, 0x000000060d400000|  0%| F|  |TAMS 0x000000060d000000, 0x000000060d000000| Untracked 
|  49|0x000000060d400000, 0x000000060d400000, 0x000000060d800000|  0%| F|  |TAMS 0x000000060d400000, 0x000000060d400000| Untracked 
|  50|0x000000060d800000, 0x000000060d800000, 0x000000060dc00000|  0%| F|  |TAMS 0x000000060d800000, 0x000000060d800000| Untracked 
|  51|0x000000060dc00000, 0x000000060dc00000, 0x000000060e000000|  0%| F|  |TAMS 0x000000060dc00000, 0x000000060dc00000| Untracked 
|  52|0x000000060e000000, 0x000000060e000000, 0x000000060e400000|  0%| F|  |TAMS 0x000000060e000000, 0x000000060e000000| Untracked 
|  53|0x000000060e400000, 0x000000060e400000, 0x000000060e800000|  0%| F|  |TAMS 0x000000060e400000, 0x000000060e400000| Untracked 
|  54|0x000000060e800000, 0x000000060e800000, 0x000000060ec00000|  0%| F|  |TAMS 0x000000060e800000, 0x000000060e800000| Untracked 
|  55|0x000000060ec00000, 0x000000060ec00000, 0x000000060f000000|  0%| F|  |TAMS 0x000000060ec00000, 0x000000060ec00000| Untracked 
|  56|0x000000060f000000, 0x000000060f000000, 0x000000060f400000|  0%| F|  |TAMS 0x000000060f000000, 0x000000060f000000| Untracked 
|  57|0x000000060f400000, 0x000000060f400000, 0x000000060f800000|  0%| F|  |TAMS 0x000000060f400000, 0x000000060f400000| Untracked 
|  58|0x000000060f800000, 0x000000060f800000, 0x000000060fc00000|  0%| F|  |TAMS 0x000000060f800000, 0x000000060f800000| Untracked 
|  59|0x000000060fc00000, 0x000000060fc00000, 0x0000000610000000|  0%| F|  |TAMS 0x000000060fc00000, 0x000000060fc00000| Untracked 
|  60|0x0000000610000000, 0x0000000610000000, 0x0000000610400000|  0%| F|  |TAMS 0x0000000610000000, 0x0000000610000000| Untracked 
|  61|0x0000000610400000, 0x0000000610400000, 0x0000000610800000|  0%| F|  |TAMS 0x0000000610400000, 0x0000000610400000| Untracked 
|  62|0x0000000610800000, 0x0000000610800000, 0x0000000610c00000|  0%| F|  |TAMS 0x0000000610800000, 0x0000000610800000| Untracked 
|  63|0x0000000610c00000, 0x0000000610c00000, 0x0000000611000000|  0%| F|  |TAMS 0x0000000610c00000, 0x0000000610c00000| Untracked 
|  64|0x0000000611000000, 0x0000000611000000, 0x0000000611400000|  0%| F|  |TAMS 0x0000000611000000, 0x0000000611000000| Untracked 
|  65|0x0000000611400000, 0x0000000611400000, 0x0000000611800000|  0%| F|  |TAMS 0x0000000611400000, 0x0000000611400000| Untracked 
|  66|0x0000000611800000, 0x0000000611800000, 0x0000000611c00000|  0%| F|  |TAMS 0x0000000611800000, 0x0000000611800000| Untracked 
|  67|0x0000000611c00000, 0x0000000611c00000, 0x0000000612000000|  0%| F|  |TAMS 0x0000000611c00000, 0x0000000611c00000| Untracked 
|  68|0x0000000612000000, 0x0000000612000000, 0x0000000612400000|  0%| F|  |TAMS 0x0000000612000000, 0x0000000612000000| Untracked 
|  69|0x0000000612400000, 0x0000000612400000, 0x0000000612800000|  0%| F|  |TAMS 0x0000000612400000, 0x0000000612400000| Untracked 
|  70|0x0000000612800000, 0x0000000612800000, 0x0000000612c00000|  0%| F|  |TAMS 0x0000000612800000, 0x0000000612800000| Untracked 
|  71|0x0000000612c00000, 0x0000000612c00000, 0x0000000613000000|  0%| F|  |TAMS 0x0000000612c00000, 0x0000000612c00000| Untracked 
|  72|0x0000000613000000, 0x0000000613000000, 0x0000000613400000|  0%| F|  |TAMS 0x0000000613000000, 0x0000000613000000| Untracked 
|  73|0x0000000613400000, 0x0000000613400000, 0x0000000613800000|  0%| F|  |TAMS 0x0000000613400000, 0x0000000613400000| Untracked 
|  74|0x0000000613800000, 0x0000000613800000, 0x0000000613c00000|  0%| F|  |TAMS 0x0000000613800000, 0x0000000613800000| Untracked 
|  75|0x0000000613c00000, 0x0000000613c00000, 0x0000000614000000|  0%| F|  |TAMS 0x0000000613c00000, 0x0000000613c00000| Untracked 
|  76|0x0000000614000000, 0x0000000614000000, 0x0000000614400000|  0%| F|  |TAMS 0x0000000614000000, 0x0000000614000000| Untracked 
|  77|0x0000000614400000, 0x0000000614400000, 0x0000000614800000|  0%| F|  |TAMS 0x0000000614400000, 0x0000000614400000| Untracked 
|  78|0x0000000614800000, 0x0000000614800000, 0x0000000614c00000|  0%| F|  |TAMS 0x0000000614800000, 0x0000000614800000| Untracked 
|  79|0x0000000614c00000, 0x0000000614c00000, 0x0000000615000000|  0%| F|  |TAMS 0x0000000614c00000, 0x0000000614c00000| Untracked 
|  80|0x0000000615000000, 0x0000000615000000, 0x0000000615400000|  0%| F|  |TAMS 0x0000000615000000, 0x0000000615000000| Untracked 
|  81|0x0000000615400000, 0x0000000615400000, 0x0000000615800000|  0%| F|  |TAMS 0x0000000615400000, 0x0000000615400000| Untracked 
|  82|0x0000000615800000, 0x0000000615800000, 0x0000000615c00000|  0%| F|  |TAMS 0x0000000615800000, 0x0000000615800000| Untracked 
|  83|0x0000000615c00000, 0x0000000615c00000, 0x0000000616000000|  0%| F|  |TAMS 0x0000000615c00000, 0x0000000615c00000| Untracked 
|  84|0x0000000616000000, 0x0000000616000000, 0x0000000616400000|  0%| F|  |TAMS 0x0000000616000000, 0x0000000616000000| Untracked 
|  85|0x0000000616400000, 0x0000000616400000, 0x0000000616800000|  0%| F|  |TAMS 0x0000000616400000, 0x0000000616400000| Untracked 
|  86|0x0000000616800000, 0x0000000616800000, 0x0000000616c00000|  0%| F|  |TAMS 0x0000000616800000, 0x0000000616800000| Untracked 
|  87|0x0000000616c00000, 0x0000000616c00000, 0x0000000617000000|  0%| F|  |TAMS 0x0000000616c00000, 0x0000000616c00000| Untracked 
|  88|0x0000000617000000, 0x0000000617000000, 0x0000000617400000|  0%| F|  |TAMS 0x0000000617000000, 0x0000000617000000| Untracked 
|  89|0x0000000617400000, 0x0000000617400000, 0x0000000617800000|  0%| F|  |TAMS 0x0000000617400000, 0x0000000617400000| Untracked 
|  90|0x0000000617800000, 0x0000000617800000, 0x0000000617c00000|  0%| F|  |TAMS 0x0000000617800000, 0x0000000617800000| Untracked 
|  91|0x0000000617c00000, 0x0000000617c00000, 0x0000000618000000|  0%| F|  |TAMS 0x0000000617c00000, 0x0000000617c00000| Untracked 
|  92|0x0000000618000000, 0x0000000618000000, 0x0000000618400000|  0%| F|  |TAMS 0x0000000618000000, 0x0000000618000000| Untracked 
|  93|0x0000000618400000, 0x0000000618400000, 0x0000000618800000|  0%| F|  |TAMS 0x0000000618400000, 0x0000000618400000| Untracked 
|  94|0x0000000618800000, 0x0000000618800000, 0x0000000618c00000|  0%| F|  |TAMS 0x0000000618800000, 0x0000000618800000| Untracked 
|  95|0x0000000618c00000, 0x0000000618c00000, 0x0000000619000000|  0%| F|  |TAMS 0x0000000618c00000, 0x0000000618c00000| Untracked 
|  96|0x0000000619000000, 0x0000000619000000, 0x0000000619400000|  0%| F|  |TAMS 0x0000000619000000, 0x0000000619000000| Untracked 
|  97|0x0000000619400000, 0x0000000619400000, 0x0000000619800000|  0%| F|  |TAMS 0x0000000619400000, 0x0000000619400000| Untracked 
|  98|0x0000000619800000, 0x0000000619800000, 0x0000000619c00000|  0%| F|  |TAMS 0x0000000619800000, 0x0000000619800000| Untracked 
|  99|0x0000000619c00000, 0x0000000619c00000, 0x000000061a000000|  0%| F|  |TAMS 0x0000000619c00000, 0x0000000619c00000| Untracked 
| 100|0x000000061a000000, 0x000000061a000000, 0x000000061a400000|  0%| F|  |TAMS 0x000000061a000000, 0x000000061a000000| Untracked 
| 101|0x000000061a400000, 0x000000061a400000, 0x000000061a800000|  0%| F|  |TAMS 0x000000061a400000, 0x000000061a400000| Untracked 
| 102|0x000000061a800000, 0x000000061a800000, 0x000000061ac00000|  0%| F|  |TAMS 0x000000061a800000, 0x000000061a800000| Untracked 
| 103|0x000000061ac00000, 0x000000061ac00000, 0x000000061b000000|  0%| F|  |TAMS 0x000000061ac00000, 0x000000061ac00000| Untracked 
| 104|0x000000061b000000, 0x000000061b000000, 0x000000061b400000|  0%| F|  |TAMS 0x000000061b000000, 0x000000061b000000| Untracked 
| 105|0x000000061b400000, 0x000000061b400000, 0x000000061b800000|  0%| F|  |TAMS 0x000000061b400000, 0x000000061b400000| Untracked 
| 106|0x000000061b800000, 0x000000061b800000, 0x000000061bc00000|  0%| F|  |TAMS 0x000000061b800000, 0x000000061b800000| Untracked 
| 107|0x000000061bc00000, 0x000000061bc00000, 0x000000061c000000|  0%| F|  |TAMS 0x000000061bc00000, 0x000000061bc00000| Untracked 
| 108|0x000000061c000000, 0x000000061c000000, 0x000000061c400000|  0%| F|  |TAMS 0x000000061c000000, 0x000000061c000000| Untracked 
| 109|0x000000061c400000, 0x000000061c400000, 0x000000061c800000|  0%| F|  |TAMS 0x000000061c400000, 0x000000061c400000| Untracked 
| 110|0x000000061c800000, 0x000000061c800000, 0x000000061cc00000|  0%| F|  |TAMS 0x000000061c800000, 0x000000061c800000| Untracked 
| 111|0x000000061cc00000, 0x000000061cc00000, 0x000000061d000000|  0%| F|  |TAMS 0x000000061cc00000, 0x000000061cc00000| Untracked 
| 112|0x000000061d000000, 0x000000061d000000, 0x000000061d400000|  0%| F|  |TAMS 0x000000061d000000, 0x000000061d000000| Untracked 
| 113|0x000000061d400000, 0x000000061d400000, 0x000000061d800000|  0%| F|  |TAMS 0x000000061d400000, 0x000000061d400000| Untracked 
| 114|0x000000061d800000, 0x000000061d800000, 0x000000061dc00000|  0%| F|  |TAMS 0x000000061d800000, 0x000000061d800000| Untracked 
| 115|0x000000061dc00000, 0x000000061dc00000, 0x000000061e000000|  0%| F|  |TAMS 0x000000061dc00000, 0x000000061dc00000| Untracked 
| 116|0x000000061e000000, 0x000000061e400000, 0x000000061e400000|100%| S|CS|TAMS 0x000000061e000000, 0x000000061e000000| Complete 
| 117|0x000000061e400000, 0x000000061e800000, 0x000000061e800000|100%| S|CS|TAMS 0x000000061e400000, 0x000000061e400000| Complete 
| 118|0x000000061e800000, 0x000000061e800000, 0x000000061ec00000|  0%| F|  |TAMS 0x000000061e800000, 0x000000061e800000| Untracked 
| 119|0x000000061ec00000, 0x000000061ec00000, 0x000000061f000000|  0%| F|  |TAMS 0x000000061ec00000, 0x000000061ec00000| Untracked 
| 120|0x000000061f000000, 0x000000061f000000, 0x000000061f400000|  0%| F|  |TAMS 0x000000061f000000, 0x000000061f000000| Untracked 
| 121|0x000000061f400000, 0x000000061f400000, 0x000000061f800000|  0%| F|  |TAMS 0x000000061f400000, 0x000000061f400000| Untracked 
| 122|0x000000061f800000, 0x000000061f800000, 0x000000061fc00000|  0%| F|  |TAMS 0x000000061f800000, 0x000000061f800000| Untracked 
| 123|0x000000061fc00000, 0x000000061fc00000, 0x0000000620000000|  0%| F|  |TAMS 0x000000061fc00000, 0x000000061fc00000| Untracked 
| 124|0x0000000620000000, 0x0000000620400000, 0x0000000620400000|100%| E|  |TAMS 0x0000000620000000, 0x0000000620000000| Complete 
| 125|0x0000000620400000, 0x0000000620800000, 0x0000000620800000|100%| E|CS|TAMS 0x0000000620400000, 0x0000000620400000| Complete 
| 126|0x0000000620800000, 0x0000000620c00000, 0x0000000620c00000|100%| E|CS|TAMS 0x0000000620800000, 0x0000000620800000| Complete 
| 127|0x0000000620c00000, 0x0000000621000000, 0x0000000621000000|100%| E|CS|TAMS 0x0000000620c00000, 0x0000000620c00000| Complete 

Card table byte_map: [0x000001c2fb170000,0x000001c2fc170000] _byte_map_base: 0x000001c2f8168000

Marking Bits (Prev, Next): (CMBitMap*) 0x000001c2e272a240, (CMBitMap*) 0x000001c2e272a280
 Prev Bits: [0x000001c280000000, 0x000001c287fc0000)
 Next Bits: [0x000001c287fc0000, 0x000001c28ff80000)

Polling page: 0x000001c2e1e80000

Metaspace:

Usage:
  Non-class:     16.93 MB capacity,    16.79 MB (>99%) used,   117.27 KB ( <1%) free+waste,    22.00 KB ( <1%) overhead. 
      Class:      1.69 MB capacity,     1.63 MB ( 97%) used,    51.73 KB (  3%) free+waste,     7.00 KB ( <1%) overhead. 
       Both:     18.62 MB capacity,    18.42 MB ( 99%) used,   168.99 KB ( <1%) free+waste,    29.00 KB ( <1%) overhead. 

Virtual space:
  Non-class space:       18.00 MB reserved,      17.25 MB ( 96%) committed 
      Class space:        1.00 GB reserved,       1.75 MB ( <1%) committed 
             Both:        1.02 GB reserved,      19.00 MB (  2%) committed 

Chunk freelists:
   Non-Class:  136.00 KB
       Class:  34.00 KB
        Both:  170.00 KB

MaxMetaspaceSize: 17179869184.00 GB
CompressedClassSpaceSize: 1.00 GB

CodeHeap 'non-profiled nmethods': size=119168Kb used=601Kb max_used=601Kb free=118566Kb
 bounds [0x000001c2f2480000, 0x000001c2f26f0000, 0x000001c2f98e0000]
CodeHeap 'profiled nmethods': size=119104Kb used=3077Kb max_used=3077Kb free=116026Kb
 bounds [0x000001c2eb030000, 0x000001c2eb340000, 0x000001c2f2480000]
CodeHeap 'non-nmethods': size=7488Kb used=2761Kb max_used=2775Kb free=4726Kb
 bounds [0x000001c2ea8e0000, 0x000001c2eaba0000, 0x000001c2eb030000]
 total_blobs=2706 nmethods=1676 adapters=941
 compilation: enabled
              stopped_count=0, restarted_count=0
 full_count=0

Compilation events (20 events):
Event: 2.117 Thread 0x000001c299035860 nmethod 1668 0x000001c2eb32e390 code [0x000001c2eb32e520, 0x000001c2eb32e638]
Event: 2.117 Thread 0x000001c29026a8d0 nmethod 1667 0x000001c2eb32e710 code [0x000001c2eb32e8c0, 0x000001c2eb32ed18]
Event: 2.117 Thread 0x000001c29026a8d0 1669       3       java.util.ArrayList::remove (26 bytes)
Event: 2.117 Thread 0x000001c299035860 1670       3       java.util.ArrayList::fastRemove (44 bytes)
Event: 2.117 Thread 0x000001c299035860 nmethod 1670 0x000001c2eb32ee10 code [0x000001c2eb32efc0, 0x000001c2eb32f3c8]
Event: 2.117 Thread 0x000001c29026a8d0 nmethod 1669 0x000001c2eb32f510 code [0x000001c2eb32f6e0, 0x000001c2eb32f9f8]
Event: 2.388 Thread 0x000001c290266e10 1671 %s    4       jogamp.opengl.util.jpeg.JPEGDecoder::getPixel @ 624 (1554 bytes)
Event: 2.406 Thread 0x000001c290266e10 nmethod 1671% 0x000001c2f2510a90 code [0x000001c2f2510d00, 0x000001c2f2512458]
Event: 2.406 Thread 0x000001c290266e10 1672  s    4       jogamp.opengl.util.jpeg.JPEGDecoder::getPixel (1554 bytes)
Event: 2.420 Thread 0x000001c290266e10 nmethod 1672 0x000001c2f2513190 code [0x000001c2f2513400, 0x000001c2f2514cc8]
Event: 2.448 Thread 0x000001c290c24f10 1673       3       java.lang.Class$ReflectionData::<init> (10 bytes)
Event: 2.448 Thread 0x000001c29026a8d0 1674       3       java.lang.Class$Atomic::casReflectionData (13 bytes)
Event: 2.448 Thread 0x000001c299035860 1675       3       jdk.internal.misc.Unsafe::objectFieldOffset (18 bytes)
Event: 2.448 Thread 0x000001c290c24f10 nmethod 1673 0x000001c2eb32fb90 code [0x000001c2eb32fd20, 0x000001c2eb32fe78]
Event: 2.448 Thread 0x000001c299035860 nmethod 1675 0x000001c2eb32ff10 code [0x000001c2eb3300c0, 0x000001c2eb3302f8]
Event: 2.448 Thread 0x000001c29026a8d0 nmethod 1674 0x000001c2eb330410 code [0x000001c2eb3305a0, 0x000001c2eb3306f8]
Event: 2.490 Thread 0x000001c299035860 1676       3       java.lang.Class::newReflectionData (66 bytes)
Event: 2.490 Thread 0x000001c299035860 nmethod 1676 0x000001c2eb330790 code [0x000001c2eb3309a0, 0x000001c2eb3312b8]
Event: 2.494 Thread 0x000001c290266e10 1677       4       java.lang.StringLatin1::indexOf (121 bytes)
Event: 2.498 Thread 0x000001c290266e10 nmethod 1677 0x000001c2f2515d10 code [0x000001c2f2515ea0, 0x000001c2f2516318]

GC Heap History (6 events):
Event: 1.271 GC heap before
{Heap before GC invocations=0 (full 0):
 garbage-first heap   total 524288K, used 24576K [0x0000000601000000, 0x0000000800000000)
  region size 4096K, 6 young (24576K), 0 survivors (0K)
 Metaspace       used 15313K, capacity 15466K, committed 15872K, reserved 1062912K
  class space    used 1415K, capacity 1466K, committed 1536K, reserved 1048576K
}
Event: 1.284 GC heap after
{Heap after GC invocations=1 (full 0):
 garbage-first heap   total 524288K, used 3378K [0x0000000601000000, 0x0000000800000000)
  region size 4096K, 1 young (4096K), 1 survivors (4096K)
 Metaspace       used 15313K, capacity 15466K, committed 15872K, reserved 1062912K
  class space    used 1415K, capacity 1466K, committed 1536K, reserved 1048576K
}
Event: 1.664 GC heap before
{Heap before GC invocations=1 (full 0):
 garbage-first heap   total 524288K, used 32050K [0x0000000601000000, 0x0000000800000000)
  region size 4096K, 8 young (32768K), 1 survivors (4096K)
 Metaspace       used 17111K, capacity 17334K, committed 17664K, reserved 1064960K
  class space    used 1595K, capacity 1662K, committed 1792K, reserved 1048576K
}
Event: 1.689 GC heap after
{Heap after GC invocations=2 (full 0):
 garbage-first heap   total 524288K, used 23176K [0x0000000601000000, 0x0000000800000000)
  region size 4096K, 1 young (4096K), 1 survivors (4096K)
 Metaspace       used 17111K, capacity 17334K, committed 17664K, reserved 1064960K
  class space    used 1595K, capacity 1662K, committed 1792K, reserved 1048576K
}
Event: 2.110 GC heap before
{Heap before GC invocations=2 (full 0):
 garbage-first heap   total 524288K, used 60040K [0x0000000601000000, 0x0000000800000000)
  region size 4096K, 10 young (40960K), 1 survivors (4096K)
 Metaspace       used 17229K, capacity 17462K, committed 17920K, reserved 1064960K
  class space    used 1602K, capacity 1662K, committed 1792K, reserved 1048576K
}
Event: 2.116 GC heap after
{Heap after GC invocations=3 (full 0):
 garbage-first heap   total 524288K, used 41636K [0x0000000601000000, 0x0000000800000000)
  region size 4096K, 2 young (8192K), 2 survivors (8192K)
 Metaspace       used 17229K, capacity 17462K, committed 17920K, reserved 1064960K
  class space    used 1602K, capacity 1662K, committed 1792K, reserved 1048576K
}

Deoptimization events (20 events):
Event: 2.073 Thread 0x000001c29117e100 DEOPT PACKING pc=0x000001c2eb329339 sp=0x0000008ca43fdd70
Event: 2.073 Thread 0x000001c29117e100 DEOPT UNPACKING pc=0x000001c2ea92e23f sp=0x0000008ca43fd490 mode 0
Event: 2.073 Thread 0x000001c29117e100 DEOPT PACKING pc=0x000001c2eb329339 sp=0x0000008ca43fdd70
Event: 2.073 Thread 0x000001c29117e100 DEOPT UNPACKING pc=0x000001c2ea92e23f sp=0x0000008ca43fd490 mode 0
Event: 2.074 Thread 0x000001c29117e100 DEOPT PACKING pc=0x000001c2eb329339 sp=0x0000008ca43fdd70
Event: 2.074 Thread 0x000001c29117e100 DEOPT UNPACKING pc=0x000001c2ea92e23f sp=0x0000008ca43fd490 mode 0
Event: 2.074 Thread 0x000001c29117e100 DEOPT PACKING pc=0x000001c2eb329339 sp=0x0000008ca43fdd70
Event: 2.074 Thread 0x000001c29117e100 DEOPT UNPACKING pc=0x000001c2ea92e23f sp=0x0000008ca43fd490 mode 0
Event: 2.097 Thread 0x000001c29117e100 Uncommon trap: trap_request=0xffffff45 fr.pc=0x000001c2f250fcdc relative=0x000000000000135c
Event: 2.097 Thread 0x000001c29117e100 Uncommon trap: reason=unstable_if action=reinterpret pc=0x000001c2f250fcdc method=jogamp.opengl.util.jpeg.JPEGDecoder.getPixel(Ljogamp/opengl/util/jpeg/JPEGDecoder$ColorSink;II)V @ 466 c2
Event: 2.097 Thread 0x000001c29117e100 DEOPT PACKING pc=0x000001c2f250fcdc sp=0x0000008ca43fe020
Event: 2.097 Thread 0x000001c29117e100 DEOPT UNPACKING pc=0x000001c2ea92e42f sp=0x0000008ca43fdf90 mode 2
Event: 2.124 Thread 0x000001c29117e100 DEOPT PACKING pc=0x000001c2eb2f0a04 sp=0x0000008ca43fde00
Event: 2.124 Thread 0x000001c29117e100 DEOPT UNPACKING pc=0x000001c2ea92e23f sp=0x0000008ca43fd348 mode 0
Event: 2.358 Thread 0x000001c29117e100 Uncommon trap: trap_request=0xffffff45 fr.pc=0x000001c2f25031e8 relative=0x0000000000000788
Event: 2.358 Thread 0x000001c29117e100 Uncommon trap: reason=unstable_if action=reinterpret pc=0x000001c2f25031e8 method=jogamp.opengl.util.jpeg.JPEGDecoder$Decoder.decodeScan(Ljogamp/opengl/util/jpeg/JPEGDecoder$Frame;Ljava/util/ArrayList;IIIII)I @ 370 c2
Event: 2.358 Thread 0x000001c29117e100 DEOPT PACKING pc=0x000001c2f25031e8 sp=0x0000008ca43fde80
Event: 2.358 Thread 0x000001c29117e100 DEOPT UNPACKING pc=0x000001c2ea92e42f sp=0x0000008ca43fde48 mode 2
Event: 2.406 Thread 0x000001c29117e100 DEOPT PACKING pc=0x000001c2eb31adc9 sp=0x0000008ca43fde40
Event: 2.406 Thread 0x000001c29117e100 DEOPT UNPACKING pc=0x000001c2ea92e23f sp=0x0000008ca43fd480 mode 0

Classes unloaded (0 events):
No events

Classes redefined (0 events):
No events

Internal exceptions (20 events):
Event: 0.083 Thread 0x000001c2e26aefb0 Exception <a 'java/io/FileNotFoundException'{0x0000000620f16af0}> (0x0000000620f16af0) 
thrown [./open/src/hotspot/share/prims/jni.cpp, line 578]
Event: 0.087 Thread 0x000001c2e26aefb0 Exception <a 'java/io/FileNotFoundException'{0x0000000620f45328}> (0x0000000620f45328) 
thrown [./open/src/hotspot/share/prims/jni.cpp, line 578]
Event: 0.088 Thread 0x000001c2e26aefb0 Exception <a 'java/lang/NoSuchMethodError'{0x0000000620f46560}: 'java.lang.Object java.lang.invoke.DirectMethodHandle$Holder.invokeStatic(java.lang.Object)'> (0x0000000620f46560) 
thrown [./open/src/hotspot/share/interpreter/linkResolver.cpp, line 782]
Event: 0.090 Thread 0x000001c2e26aefb0 Exception <a 'java/lang/NoSuchMethodError'{0x0000000620f4e968}: 'void java.lang.invoke.DirectMethodHandle$Holder.invokeSpecial(java.lang.Object, java.lang.Object, java.lang.Object)'> (0x0000000620f4e968) 
thrown [./open/src/hotspot/share/interpreter/linkResolver.cpp, line 782]
Event: 0.107 Thread 0x000001c2e26aefb0 Exception <a 'java/lang/NoSuchMethodError'{0x0000000620f8dc18}: 'java.lang.Object java.lang.invoke.DirectMethodHandle$Holder.invokeStaticInit(java.lang.Object)'> (0x0000000620f8dc18) 
thrown [./open/src/hotspot/share/interpreter/linkResolver.cpp, line 782]
Event: 0.263 Thread 0x000001c29117e100 Exception <a 'java/lang/NoSuchMethodError'{0x0000000620933030}: 'java.lang.Object java.lang.invoke.DirectMethodHandle$Holder.newInvokeSpecial(java.lang.Object, java.lang.Object, java.lang.Object, java.lang.Object, java.lang.Object)'> (0x0000000620933030) 
thrown [./open/src/hotspot/share/interpreter/linkResolver.cpp, line 782]
Event: 0.264 Thread 0x000001c29117e100 Exception <a 'java/lang/NoSuchMethodError'{0x000000062093eac0}: 'java.lang.Object java.lang.invoke.DirectMethodHandle$Holder.invokeStatic(java.lang.Object, int, java.lang.Object, java.lang.Object, java.lang.Object, java.lang.Object)'> (0x000000062093eac0) 
thrown [./open/src/hotspot/share/interpreter/linkResolver.cpp, line 782]
Event: 0.266 Thread 0x000001c29117e100 Exception <a 'java/lang/NoSuchMethodError'{0x0000000620964d68}: 'java.lang.Object java.lang.invoke.DirectMethodHandle$Holder.invokeStatic(java.lang.Object, int, java.lang.Object)'> (0x0000000620964d68) 
thrown [./open/src/hotspot/share/interpreter/linkResolver.cpp, line 782]
Event: 0.279 Thread 0x000001c29117e100 Exception <a 'java/lang/ClassNotFoundException'{0x0000000620a1d470}: com/sun/swing/internal/plaf/metal/resources/spi/metalProvider> (0x0000000620a1d470) 
thrown [./open/src/hotspot/share/classfile/systemDictionary.cpp, line 295]
Event: 0.280 Thread 0x000001c29117e100 Exception <a 'java/lang/ClassNotFoundException'{0x0000000620a21620}: com/sun/swing/internal/plaf/basic/resources/spi/basicProvider> (0x0000000620a21620) 
thrown [./open/src/hotspot/share/classfile/systemDictionary.cpp, line 295]
Event: 0.354 Thread 0x000001c29117e100 Exception <a 'java/lang/NoSuchMethodError'{0x0000000620b68558}: 'void java.lang.invoke.DirectMethodHandle$Holder.invokeStaticInit(java.lang.Object)'> (0x0000000620b68558) 
thrown [./open/src/hotspot/share/interpreter/linkResolver.cpp, line 782]
Event: 0.463 Thread 0x000001c29117e100 Exception <a 'java/lang/NoSuchMethodError'{0x00000006206a9530}: 'void java.lang.invoke.DirectMethodHandle$Holder.invokeStatic(java.lang.Object, java.lang.Object)'> (0x00000006206a9530) 
thrown [./open/src/hotspot/share/interpreter/linkResolver.cpp, line 782]
Event: 0.463 Thread 0x000001c29117e100 Exception <a 'java/lang/NoSuchMethodError'{0x00000006206ad198}: 'void java.lang.invoke.DirectMethodHandle$Holder.invokeStaticInit(java.lang.Object, java.lang.Object)'> (0x00000006206ad198) 
thrown [./open/src/hotspot/share/interpreter/linkResolver.cpp, line 782]
Event: 0.467 Thread 0x000001c29117e100 Exception <a 'java/lang/NoSuchMethodError'{0x00000006206d9fd0}: 'java.lang.Object java.lang.invoke.DirectMethodHandle$Holder.invokeStaticInit(java.lang.Object, int, int, int, int)'> (0x00000006206d9fd0) 
thrown [./open/src/hotspot/share/interpreter/linkResolver.cpp, line 782]
Event: 0.496 Thread 0x000001c29117e100 Exception <a 'java/lang/NoSuchMethodError'{0x000000062077aa20}: 'java.lang.Object java.lang.invoke.DirectMethodHandle$Holder.invokeStaticInit(java.lang.Object, java.lang.Object, int, int, int, int)'> (0x000000062077aa20) 
thrown [./open/src/hotspot/share/interpreter/linkResolver.cpp, line 782]
Event: 0.512 Thread 0x000001c29117e100 Exception <a 'java/lang/NoSuchMethodError'{0x0000000620786578}: 'void java.lang.invoke.DirectMethodHandle$Holder.invokeStatic(java.lang.Object, long)'> (0x0000000620786578) 
thrown [./open/src/hotspot/share/interpreter/linkResolver.cpp, line 782]
Event: 0.512 Thread 0x000001c29117e100 Exception <a 'java/lang/NoSuchMethodError'{0x000000062078be50}: 'java.lang.Object java.lang.invoke.DirectMethodHandle$Holder.newInvokeSpecial(java.lang.Object, long)'> (0x000000062078be50) 
thrown [./open/src/hotspot/share/interpreter/linkResolver.cpp, line 782]
Event: 0.513 Thread 0x000001c29117e100 Exception <a 'java/lang/NoSuchMethodError'{0x00000006207968f8}: 'java.lang.Object java.lang.invoke.DirectMethodHandle$Holder.invokeStaticInit(java.lang.Object, java.lang.Object, long, java.lang.Object)'> (0x00000006207968f8) 
thrown [./open/src/hotspot/share/interpreter/linkResolver.cpp, line 782]
Event: 0.514 Thread 0x000001c29117e100 Exception <a 'java/lang/NoSuchMethodError'{0x000000062079d320}: 'java.lang.Object java.lang.invoke.DirectMethodHandle$Holder.newInvokeSpecial(java.lang.Object, java.lang.Object, long)'> (0x000000062079d320) 
thrown [./open/src/hotspot/share/interpreter/linkResolver.cpp, line 782]
Event: 0.514 Thread 0x000001c29117e100 Exception <a 'java/lang/NoSuchMethodError'{0x00000006207a1300}: 'java.lang.Object java.lang.invoke.Invokers$Holder.linkToTargetMethod(java.lang.Object, long, java.lang.Object)'> (0x00000006207a1300) 
thrown [./open/src/hotspot/share/interpreter/linkResolver.cpp, line 782]

Events (20 events):
Event: 1.617 loading class java/util/regex/Matcher$ImmutableMatchResult
Event: 1.617 loading class java/util/regex/Matcher$ImmutableMatchResult done
Event: 1.664 Executing VM operation: G1CollectForAllocation
Event: 1.689 Executing VM operation: G1CollectForAllocation done
Event: 1.689 Executing VM operation: HandshakeAllThreads
Event: 1.690 Executing VM operation: HandshakeAllThreads done
Event: 1.693 Thread 0x000001c299bfc7a0 Thread added: 0x000001c299bfc7a0
Event: 1.693 Thread 0x000001c299bfccb0 Thread added: 0x000001c299bfccb0
Event: 1.947 Thread 0x000001c299bfccb0 Thread exited: 0x000001c299bfccb0
Event: 1.948 Thread 0x000001c299bfc7a0 Thread exited: 0x000001c299bfc7a0
Event: 2.110 Executing VM operation: G1CollectForAllocation
Event: 2.116 Executing VM operation: G1CollectForAllocation done
Event: 2.116 Executing VM operation: HandshakeAllThreads
Event: 2.116 Executing VM operation: HandshakeAllThreads done
Event: 2.445 loading class java/nio/BufferUnderflowException
Event: 2.445 loading class java/nio/BufferUnderflowException done
Event: 2.445 loading class java/nio/BufferOverflowException
Event: 2.445 loading class java/nio/BufferOverflowException done
Event: 2.448 loading class jdk/internal/access/foreign/MemorySegmentProxy
Event: 2.448 loading class jdk/internal/access/foreign/MemorySegmentProxy done


Dynamic libraries:
0x00007ff684790000 - 0x00007ff68479f000 	C:\Program Files\Java\jdk-15.0.2\bin\java.exe
0x00007ffb0b9b0000 - 0x00007ffb0bba8000 	C:\WINDOWS\SYSTEM32\ntdll.dll
0x00007ffb0b090000 - 0x00007ffb0b151000 	C:\WINDOWS\System32\KERNEL32.DLL
0x00007ffb09130000 - 0x00007ffb0942d000 	C:\WINDOWS\System32\KERNELBASE.dll
0x00007ffb09780000 - 0x00007ffb09880000 	C:\WINDOWS\System32\ucrtbase.dll
0x00007ffab2780000 - 0x00007ffab2799000 	C:\Program Files\Java\jdk-15.0.2\bin\VCRUNTIME140.dll
0x00007ffab2760000 - 0x00007ffab2778000 	C:\Program Files\Java\jdk-15.0.2\bin\jli.dll
0x00007ffb0b430000 - 0x00007ffb0b4e0000 	C:\WINDOWS\System32\ADVAPI32.dll
0x00007ffb0a6c0000 - 0x00007ffb0a75e000 	C:\WINDOWS\System32\msvcrt.dll
0x00007ffb099e0000 - 0x00007ffb09a80000 	C:\WINDOWS\System32\sechost.dll
0x00007ffb0b2a0000 - 0x00007ffb0b3c3000 	C:\WINDOWS\System32\RPCRT4.dll
0x00007ffb09480000 - 0x00007ffb094a7000 	C:\WINDOWS\System32\bcrypt.dll
0x00007ffb09a80000 - 0x00007ffb09c1d000 	C:\WINDOWS\System32\USER32.dll
0x00007ffb09060000 - 0x00007ffb09082000 	C:\WINDOWS\System32\win32u.dll
0x00007ffaf05c0000 - 0x00007ffaf085a000 	C:\WINDOWS\WinSxS\amd64_microsoft.windows.common-controls_6595b64144ccf1df_6.0.19041.4355_none_60b8b9eb71f62e16\COMCTL32.dll
0x00007ffb0b180000 - 0x00007ffb0b1ab000 	C:\WINDOWS\System32\GDI32.dll
0x00007ffb09660000 - 0x00007ffb09777000 	C:\WINDOWS\System32\gdi32full.dll
0x00007ffb09090000 - 0x00007ffb0912d000 	C:\WINDOWS\System32\msvcp_win.dll
0x00007ffb02640000 - 0x00007ffb0264a000 	C:\WINDOWS\SYSTEM32\VERSION.dll
0x00007ffb0b270000 - 0x00007ffb0b29f000 	C:\WINDOWS\System32\IMM32.DLL
0x00007ffab2750000 - 0x00007ffab275c000 	C:\Program Files\Java\jdk-15.0.2\bin\vcruntime140_1.dll
0x00007ff969fb0000 - 0x00007ff96a041000 	C:\Program Files\Java\jdk-15.0.2\bin\msvcp140.dll
0x00007ff968dd0000 - 0x00007ff96992e000 	C:\Program Files\Java\jdk-15.0.2\bin\server\jvm.dll
0x00007ffb0b840000 - 0x00007ffb0b848000 	C:\WINDOWS\System32\PSAPI.DLL
0x00007ffaf94c0000 - 0x00007ffaf94e7000 	C:\WINDOWS\SYSTEM32\WINMM.dll
0x00007ffaf6940000 - 0x00007ffaf6949000 	C:\WINDOWS\SYSTEM32\WSOCK32.dll
0x00007ffb0a460000 - 0x00007ffb0a4cb000 	C:\WINDOWS\System32\WS2_32.dll
0x00007ffb07880000 - 0x00007ffb07892000 	C:\WINDOWS\SYSTEM32\kernel.appcore.dll
0x00007ffab2740000 - 0x00007ffab274a000 	C:\Program Files\Java\jdk-15.0.2\bin\jimage.dll
0x00007ffb06c00000 - 0x00007ffb06de4000 	C:\WINDOWS\SYSTEM32\DBGHELP.DLL
0x00007ffae8ca0000 - 0x00007ffae8cd4000 	C:\WINDOWS\SYSTEM32\dbgcore.DLL
0x00007ffb094b0000 - 0x00007ffb09532000 	C:\WINDOWS\System32\bcryptPrimitives.dll
0x00007ffaacf30000 - 0x00007ffaacf55000 	C:\Program Files\Java\jdk-15.0.2\bin\java.dll
0x00007ffb0a760000 - 0x00007ffb0aecf000 	C:\WINDOWS\System32\SHELL32.dll
0x00007ffb070a0000 - 0x00007ffb0783f000 	C:\WINDOWS\SYSTEM32\windows.storage.dll
0x00007ffb0b4e0000 - 0x00007ffb0b833000 	C:\WINDOWS\System32\combase.dll
0x00007ffb08a80000 - 0x00007ffb08aae000 	C:\WINDOWS\SYSTEM32\Wldp.dll
0x00007ffb0af30000 - 0x00007ffb0affd000 	C:\WINDOWS\System32\OLEAUT32.dll
0x00007ffb0b1c0000 - 0x00007ffb0b26d000 	C:\WINDOWS\System32\SHCORE.dll
0x00007ffb0a600000 - 0x00007ffb0a655000 	C:\WINDOWS\System32\shlwapi.dll
0x00007ffb08f90000 - 0x00007ffb08fb4000 	C:\WINDOWS\SYSTEM32\profapi.dll
0x00007ffa22c70000 - 0x00007ffa22c89000 	C:\Program Files\Java\jdk-15.0.2\bin\net.dll
0x00007ffb02530000 - 0x00007ffb0263d000 	C:\WINDOWS\SYSTEM32\WINHTTP.dll
0x00007ffb08790000 - 0x00007ffb087fa000 	C:\WINDOWS\system32\mswsock.dll
0x00007ff9b4f70000 - 0x00007ff9b4f82000 	C:\Program Files\Java\jdk-15.0.2\bin\nio.dll
0x00007ff9999e0000 - 0x00007ff9999f8000 	C:\Program Files\Java\jdk-15.0.2\bin\zip.dll
0x00007ff969e30000 - 0x00007ff969fb0000 	C:\Program Files\Java\jdk-15.0.2\bin\awt.dll
0x00007ffb055d0000 - 0x00007ffb05664000 	C:\WINDOWS\SYSTEM32\apphelp.dll
0x00007ffb05b90000 - 0x00007ffb05c2e000 	C:\WINDOWS\system32\uxtheme.dll
0x00007ffb0b850000 - 0x00007ffb0b964000 	C:\WINDOWS\System32\MSCTF.dll
0x00007ffb0a4d0000 - 0x00007ffb0a5fb000 	C:\WINDOWS\System32\ole32.dll
0x00007ffb05fc0000 - 0x00007ffb05fef000 	C:\WINDOWS\system32\DWMAPI.DLL
0x00007ffaa97b0000 - 0x00007ffaa98d8000 	C:\WINDOWS\system32\opengl32.dll
0x00007ffacb8e0000 - 0x00007ffacb90c000 	C:\WINDOWS\SYSTEM32\GLU32.dll
0x00007ffaaac80000 - 0x00007ffaaae50000 	C:\WINDOWS\system32\d3d9.dll
0x00007ffade790000 - 0x00007ffade84c000 	C:\WINDOWS\System32\DriverStore\FileRepository\nv_dispig.inf_amd64_7e5fd280efaa5445\nvldumdx.dll
0x00007ffb08c10000 - 0x00007ffb08c22000 	C:\WINDOWS\SYSTEM32\msasn1.dll
0x00007ffb020d0000 - 0x00007ffb02101000 	C:\WINDOWS\SYSTEM32\cryptnet.dll
0x00007ffb09880000 - 0x00007ffb099de000 	C:\WINDOWS\System32\CRYPT32.dll
0x00007ffb01f40000 - 0x00007ffb02087000 	C:\WINDOWS\SYSTEM32\drvstore.dll
0x00007ffb08de0000 - 0x00007ffb08e13000 	C:\WINDOWS\SYSTEM32\devobj.dll
0x00007ffb09430000 - 0x00007ffb0947e000 	C:\WINDOWS\System32\cfgmgr32.dll
0x00007ffb089d0000 - 0x00007ffb089dc000 	C:\WINDOWS\SYSTEM32\cryptbase.dll
0x00007ffb095f0000 - 0x00007ffb09659000 	C:\WINDOWS\System32\wintrust.dll
0x00007ffb0b160000 - 0x00007ffb0b17d000 	C:\WINDOWS\System32\imagehlp.dll
0x00007ffb089b0000 - 0x00007ffb089c8000 	C:\WINDOWS\SYSTEM32\CRYPTSP.dll
0x00007ffb07ff0000 - 0x00007ffb08024000 	C:\WINDOWS\system32\rsaenh.dll
0x00007ffa4fad0000 - 0x00007ffa52c5b000 	C:\WINDOWS\System32\DriverStore\FileRepository\nv_dispig.inf_amd64_7e5fd280efaa5445\nvd3dumx.dll
0x00007ffb07850000 - 0x00007ffb07873000 	C:\WINDOWS\SYSTEM32\gpapi.dll
0x00007ffade850000 - 0x00007ffade88b000 	C:\WINDOWS\SYSTEM32\dxcore.dll
0x00007ff969da0000 - 0x00007ff969e25000 	C:\Program Files\Java\jdk-15.0.2\bin\freetype.dll
0x00007ff969cf0000 - 0x00007ff969d99000 	C:\Program Files\Java\jdk-15.0.2\bin\fontmanager.dll
0x00007ffb0a3b0000 - 0x00007ffb0a459000 	C:\WINDOWS\System32\clbcatq.dll
0x00007ffb058b0000 - 0x00007ffb05a66000 	C:\WINDOWS\SYSTEM32\WindowsCodecs.dll
0x00007ffad0630000 - 0x00007ffad066e000 	C:\WINDOWS\system32\dataexchange.dll
0x00007ffb06e00000 - 0x00007ffb07063000 	C:\WINDOWS\system32\d3d11.dll
0x00007ffb04260000 - 0x00007ffb04444000 	C:\WINDOWS\system32\dcomp.dll
0x00007ffb078a0000 - 0x00007ffb07996000 	C:\WINDOWS\system32\dxgi.dll
0x00007ffb00f90000 - 0x00007ffb01193000 	C:\WINDOWS\system32\twinapi.appcore.dll
0x00007ffab2730000 - 0x00007ffab2740000 	C:\Program Files\Java\jdk-15.0.2\bin\verify.dll
0x00007ffb08f40000 - 0x00007ffb08f6e000 	C:\WINDOWS\SYSTEM32\USERENV.dll
0x00007ffb08420000 - 0x00007ffb0845b000 	C:\WINDOWS\SYSTEM32\IPHLPAPI.DLL
0x00007ffb09c20000 - 0x00007ffb09c28000 	C:\WINDOWS\System32\NSI.dll
0x00007ffb02ab0000 - 0x00007ffb02ac7000 	C:\WINDOWS\SYSTEM32\dhcpcsvc6.DLL
0x00007ffb02a90000 - 0x00007ffb02aad000 	C:\WINDOWS\SYSTEM32\dhcpcsvc.DLL
0x00007ffb08460000 - 0x00007ffb0852a000 	C:\WINDOWS\SYSTEM32\DNSAPI.dll
0x00007ff9977d0000 - 0x00007ff9977e3000 	C:\Users\Diego\AppData\Local\Temp\jogamp_0000\file_cache\jln14388811454506451823\jln13913461504891818842\natives\windows-amd64\gluegen_rt.dll
0x00007ffa1e040000 - 0x00007ffa1e047000 	C:\Program Files\Java\jdk-15.0.2\bin\jawt.dll
0x00007ff9b5550000 - 0x00007ff9b555d000 	C:\Users\Diego\AppData\Local\Temp\jogamp_0000\file_cache\jln14388811454506451823\jln13913461504891818842\natives\windows-amd64\nativewindow_awt.dll
0x00007ff9977b0000 - 0x00007ff9977c5000 	C:\Users\Diego\AppData\Local\Temp\jogamp_0000\file_cache\jln14388811454506451823\jln13913461504891818842\natives\windows-amd64\nativewindow_win32.dll
0x00007ff969c60000 - 0x00007ff969ce3000 	C:\Users\Diego\AppData\Local\Temp\jogamp_0000\file_cache\jln14388811454506451823\jln13913461504891818842\natives\windows-amd64\jogl_desktop.dll
0x00007ff96fa70000 - 0x00007ff96fac2000 	C:\Users\Diego\AppData\Local\Temp\jogamp_0000\file_cache\jln14388811454506451823\jln13913461504891818842\natives\windows-amd64\jogl_mobile.dll
0x00007ffb02890000 - 0x00007ffb02992000 	C:\Windows\System32\AppXDeploymentClient.dll
0x00007ffa81d30000 - 0x00007ffa85fba000 	C:\WINDOWS\System32\DriverStore\FileRepository\nv_dispig.inf_amd64_7e5fd280efaa5445\nvoglv64.dll
0x00007ffb09ec0000 - 0x00007ffb0a32e000 	C:\WINDOWS\System32\SETUPAPI.dll
0x00007ffb03db0000 - 0x00007ffb03dc4000 	C:\WINDOWS\SYSTEM32\WTSAPI32.dll
0x00007ffb08110000 - 0x00007ffb08143000 	C:\WINDOWS\SYSTEM32\ntmarta.dll
0x00007ffb08740000 - 0x00007ffb0878b000 	C:\WINDOWS\SYSTEM32\powrprof.dll
0x00007ffb08720000 - 0x00007ffb08732000 	C:\WINDOWS\SYSTEM32\UMPDC.dll
0x00007ffb08280000 - 0x00007ffb082db000 	C:\WINDOWS\SYSTEM32\WINSTA.dll
0x00007ffae2770000 - 0x00007ffae2869000 	C:\WINDOWS\SYSTEM32\textinputframework.dll
0x00007ffb04d90000 - 0x00007ffb04e82000 	C:\WINDOWS\System32\CoreMessaging.dll
0x00007ffb04a30000 - 0x00007ffb04d8b000 	C:\WINDOWS\System32\CoreUIComponents.dll
0x00007ffb052f0000 - 0x00007ffb05447000 	C:\WINDOWS\SYSTEM32\wintypes.dll
0x00007ffae8f70000 - 0x00007ffae8fd6000 	C:\WINDOWS\system32\Oleacc.dll

dbghelp: loaded successfully - version: 4.0.5 - missing functions: none
symbol engine: initialized successfully - sym options: 0x614 - pdb path: .;C:\Program Files\Java\jdk-15.0.2\bin;C:\WINDOWS\SYSTEM32;C:\WINDOWS\WinSxS\amd64_microsoft.windows.common-controls_6595b64144ccf1df_6.0.19041.4355_none_60b8b9eb71f62e16;C:\Program Files\Java\jdk-15.0.2\bin\server;C:\WINDOWS\System32\DriverStore\FileRepository\nv_dispig.inf_amd64_7e5fd280efaa5445;C:\Users\Diego\AppData\Local\Temp\jogamp_0000\file_cache\jln14388811454506451823\jln13913461504891818842\natives\windows-amd64

VM Arguments:
jvm_args: -Dfile.encoding=UTF-8 --module-path=C:\GD\Mampos\Mampos\build\classes 
java_command: mampos.Mampos --add-exports java.base/java.lang=ALL-UNNAMED --add-exports java.desktop/sun.awt=ALL-UNNAMED --add-exports java.desktop/sun.java2d=ALL-UNNAMED
java_class_path (initial): C:\GD\Book\Book\JOGL\jogamp-all-platforms\jar\gluegen-rt.jar;C:\GD\Book\Book\JOGL\jogamp-all-platforms\jar\jogl-all.jar;C:\GD\Book\Book\JOGL\JOML\joml-1.10.7.jar;C:\Program Files\NetBeans-22\netbeans\java\modules\ext\AbsoluteLayout.jar;C:\GD\Book\Book\gson-2.11.0.jar;C:\GD\Mampos\Mampos\build\classes
Launcher Type: SUN_STANDARD

[Global flags]
     intx CICompilerCount                          = 12                                        {product} {ergonomic}
     uint ConcGCThreads                            = 3                                         {product} {ergonomic}
     uint G1ConcRefinementThreads                  = 13                                        {product} {ergonomic}
   size_t G1HeapRegionSize                         = 4194304                                   {product} {ergonomic}
    uintx GCDrainStackTargetSize                   = 64                                        {product} {ergonomic}
   size_t InitialHeapSize                          = 536870912                                 {product} {ergonomic}
   size_t MarkStackSize                            = 4194304                                   {product} {ergonomic}
   size_t MaxHeapSize                              = 8573157376                                {product} {ergonomic}
   size_t MaxNewSize                               = 5142216704                                {product} {ergonomic}
   size_t MinHeapDeltaBytes                        = 4194304                                   {product} {ergonomic}
   size_t MinHeapSize                              = 8388608                                   {product} {ergonomic}
    uintx NonNMethodCodeHeapSize                   = 7602480                                {pd product} {ergonomic}
    uintx NonProfiledCodeHeapSize                  = 122027880                              {pd product} {ergonomic}
    uintx ProfiledCodeHeapSize                     = 122027880                              {pd product} {ergonomic}
    uintx ReservedCodeCacheSize                    = 251658240                              {pd product} {ergonomic}
     bool SegmentedCodeCache                       = true                                      {product} {ergonomic}
   size_t SoftMaxHeapSize                          = 8573157376                             {manageable} {ergonomic}
     bool UseCompressedClassPointers               = true                                 {lp64_product} {ergonomic}
     bool UseCompressedOops                        = true                                 {lp64_product} {ergonomic}
     bool UseG1GC                                  = true                                      {product} {ergonomic}
     bool UseLargePagesIndividualAllocation        = false                                  {pd product} {ergonomic}

Logging:
Log output configuration:
 #0: stdout all=warning uptime,level,tags
 #1: stderr all=off uptime,level,tags

Environment Variables:
JAVA_HOME=C:\Program Files\Java\jdk-22\
PATH=C:\Program Files (x86)\Common Files\Intel\Shared Libraries\redist\intel64_win\compiler;C:\Python311\Scripts\;C:\Python311\;C:\Program Files\Microsoft\jdk-11.0.16.101-hotspot\bin;C:\Program Files\BellSoft\LibericaJDK-17-Full\bin\;C:\ProgramData\Oracle\Java\javapath;C:\Program Files\Common Files\Oracle\Java\javapath;C:\Program Files (x86)\Common Files\Oracle\Java\java8path;C:\Program Files (x86)\Common Files\Oracle\Java\javapath;C:\Program Files (x86)\NVIDIA Corporation\PhysX\Common;C:\Program Files (x86)\Common Files\Intel\Shared Libraries\redist\intel64\compiler;C:\WINDOWS\system32;C:\WINDOWS;C:\WINDOWS\System32\Wbem;C:\WINDOWS\System32\WindowsPowerShell\v1.0\;C:\WINDOWS\System32\OpenSSH\;C:\Program Files\Microsoft SQL Server\120\Tools\Binn\;C:\Program Files\Common Files\Autodesk Shared\;C:\Program Files\Microsoft SQL Server\Client SDK\ODBC\110\Tools\Binn\;C:\Program Files (x86)\Microsoft SQL Server\120\Tools\Binn\;C:\Program Files\Microsoft SQL Server\120\DTS\Binn\;C:\Program Files (x86)\Windows Kits\8.1\Windows Performance Toolkit\;C:\Program Files (x86)\Common Files\Autodesk Shared\Advance\;C:\Program Files (x86)\Microsoft SQL Server\90\Tools\binn\;C:\Program Files\Git\cmd;C:\Program Files\PostgreSQL\15\bin;C:\Program Files\Microsoft SQL Server\150\Tools\Binn\;C:\Program Files\Common Files\Autodesk Shared\Advance\;C:\Program Files\dotnet\;C:\Program Files\Docker\Docker\resources\bin;C:\Program Files (x86)\cloudflared\.;C:\Program Files\nodejs\;C:\ProgramData\chocolatey\bin;C:\tools\Manim\Scripts;C:\Program Files\MiKTeX\miktex\bin\x64\;C:\Program Files\Calibre2\;C:\Program Files\MATLAB\R2024a\runtime\win64;C:\Program Files\MATLAB\R2024a\bin;C:\Users\Diego\.cargo\bin;C:\Users\Diego\AppData\Local\Programs\Python\Python38\Scripts\;C:\Users\Diego\AppData\Local\Programs\Python\Python38\;C:\Users\Diego\AppData\Local\Programs\Python\Python38-32\Scripts\;C:\Users\Diego\AppData\Local\Programs\Python\Python38-32\;C:\Users\Diego\AppData\Local\Microsoft\WindowsApps;C:\Users
USERNAME=Diego
OS=Windows_NT
PROCESSOR_IDENTIFIER=AMD64 Family 23 Model 113 Stepping 0, AuthenticAMD



---------------  S Y S T E M  ---------------

OS:
 Windows 10 , 64 bit Build 19041 (10.0.19041.4717)
OS uptime: 0 days 11:31 hours
HyperV virtualization detected

CPU: total 16 (initial active 16) (16 cores per cpu, 2 threads per core) family 23 model 113 stepping 0 microcode 0x0, cmov, cx8, fxsr, mmx, sse, sse2, sse3, ssse3, sse4.1, sse4.2, popcnt, vzeroupper, avx, avx2, aes, clmul, 3dnowpref, lzcnt, sse4a, ht, tsc, tscinvbit, tscinv, bmi1, bmi2, adx, sha, fma, clflush, clflushopt

Memory: 4k page, system-wide physical 32689M (13887M free)
TotalPageFile size 37553M (AvailPageFile size 8874M)
current process WorkingSet (physical memory assigned to process): 294M, peak: 318M
current process commit charge ("private bytes"): 856M, peak: 856M

vm_info: Java HotSpot(TM) 64-Bit Server VM (15.0.2+7-27) for windows-amd64 JRE (15.0.2+7-27), built on Dec  7 2020 20:07:01 by "mach5one" with unknown MS VC++:1925

END.
