#
# A fatal error has been detected by the Java Runtime Environment:
#
#  EXCEPTION_ACCESS_VIOLATION (0xc0000005) at pc=0x00007ff981bb0aba, pid=14204, tid=12712
#
# JRE version: Java(TM) SE Runtime Environment (15.0.2+7) (build 15.0.2+7-27)
# Java VM: Java HotSpot(TM) 64-Bit Server VM (15.0.2+7-27, mixed mode, sharing, tiered, compressed oops, g1 gc, windows-amd64)
# Problematic frame:
# C  [lwjgl_opengl.dll+0x10aba]
#
# No core dump will be written. Minidumps are not enabled by default on client versions of Windows
#
# If you would like to submit a bug report, please visit:
#   https://bugreport.java.com/bugreport/crash.jsp
# The crash happened outside the Java Virtual Machine in native code.
# See problematic frame for where to report the bug.
#

---------------  S U M M A R Y ------------

Command Line: -Dfile.encoding=UTF-8 mampos.Mampos

Host: AMD Ryzen 7 5700U with Radeon Graphics         , 16 cores, 13G,  Windows 10 , 64 bit Build 22621 (10.0.22621.4391)
Time: Fri Oct 25 11:32:46 2024 Hora estándar, América Central elapsed time: 4.691924 seconds (0d 0h 0m 4s)

---------------  T H R E A D  ---------------

Current thread (0x0000022cbc96da90):  JavaThread "AWT-EventQueue-0" [_thread_in_native, id=12712, stack(0x000000af46500000,0x000000af46600000)]

Stack: [0x000000af46500000,0x000000af46600000],  sp=0x000000af465fe5b8,  free space=1017k
Native frames: (J=compiled Java code, j=interpreted, Vv=VM code, C=native code)
C  [lwjgl_opengl.dll+0x10aba]

Java frames: (J=compiled Java code, j=interpreted, Vv=VM code)
j  org.lwjgl.opengl.GL30C.nglGenVertexArrays(IJ)V+0
j  org.lwjgl.opengl.GL30C.glGenVertexArrays()I+20
j  org.lwjgl.opengl.GL30.glGenVertexArrays()I+0
j  rendering.Controlador.createVAO()I+0
j  components.ControladorDeLosas.loadToVAO([F)Lcomponents/Losa;+0
j  rendering.Perfil.init(Lcom/jogamp/opengl/GLAutoDrawable;)V+76
j  jogamp.opengl.GLDrawableHelper.init(Lcom/jogamp/opengl/GLEventListener;Lcom/jogamp/opengl/GLAutoDrawable;Z)V+2
j  jogamp.opengl.GLDrawableHelper.init(Lcom/jogamp/opengl/GLAutoDrawable;Z)V+81
j  com.jogamp.opengl.awt.GLCanvas$9.run()V+26
j  jogamp.opengl.GLDrawableHelper.invokeGLImpl(Lcom/jogamp/opengl/GLDrawable;Lcom/jogamp/opengl/GLContext;Ljava/lang/Runnable;Ljava/lang/Runnable;)V+199
j  jogamp.opengl.GLDrawableHelper.invokeGL(Lcom/jogamp/opengl/GLDrawable;Lcom/jogamp/opengl/GLContext;Ljava/lang/Runnable;Ljava/lang/Runnable;)V+75
j  com.jogamp.opengl.awt.GLCanvas$11.run()V+104
j  java.awt.event.InvocationEvent.dispatch()V+11 java.desktop@15.0.2
j  java.awt.EventQueue.dispatchEventImpl(Ljava/awt/AWTEvent;Ljava/lang/Object;)V+21 java.desktop@15.0.2
j  java.awt.EventQueue$4.run()Ljava/lang/Void;+32 java.desktop@15.0.2
j  java.awt.EventQueue$4.run()Ljava/lang/Object;+1 java.desktop@15.0.2
J 1366 c1 java.security.AccessController.doPrivileged(Ljava/security/PrivilegedAction;Ljava/security/AccessControlContext;)Ljava/lang/Object; java.base@15.0.2 (17 bytes) @ 0x0000022ca184d5e4 [0x0000022ca184d400+0x00000000000001e4]
j  java.security.ProtectionDomain$JavaSecurityAccessImpl.doIntersectionPrivilege(Ljava/security/PrivilegedAction;Ljava/security/AccessControlContext;Ljava/security/AccessControlContext;)Ljava/lang/Object;+18 java.base@15.0.2
j  java.awt.EventQueue.dispatchEvent(Ljava/awt/AWTEvent;)V+46 java.desktop@15.0.2
j  java.awt.EventDispatchThread.pumpOneEventForFilters(I)V+78 java.desktop@15.0.2
j  java.awt.EventDispatchThread.pumpEventsForFilter(ILjava/awt/Conditional;Ljava/awt/EventFilter;)V+35 java.desktop@15.0.2
j  java.awt.EventDispatchThread.pumpEventsForHierarchy(ILjava/awt/Conditional;Ljava/awt/Component;)V+11 java.desktop@15.0.2
j  java.awt.EventDispatchThread.pumpEvents(ILjava/awt/Conditional;)V+4 java.desktop@15.0.2
j  java.awt.EventDispatchThread.pumpEvents(Ljava/awt/Conditional;)V+3 java.desktop@15.0.2
j  java.awt.EventDispatchThread.run()V+9 java.desktop@15.0.2
v  ~StubRoutines::call_stub

siginfo: EXCEPTION_ACCESS_VIOLATION (0xc0000005), reading address 0x00000000000013c8


Register to memory mapping:

RIP=0x00007ff981bb0aba lwjgl_opengl.dll
RAX=0x0 is NULL
RBX={method} {0x0000022cd135b948} 'nglGenVertexArrays' '(IJ)V' in 'org/lwjgl/opengl/GL30C'
RCX=0x0000022cbc96ddb8 points into unknown readable memory: 0x0000022cd95c6b50 | 50 6b 5c d9 2c 02 00 00
RDX=0x0000022cd96ec04c points into unknown readable memory: 00 00 00 00
RSP=0x000000af465fe5b8 is pointing into the stack for thread: 0x0000022cbc96da90
RBP=0x000000af465fe648 is pointing into the stack for thread: 0x0000022cbc96da90
RSI=0x0000022cd133a9c0 is pointing into metadata
RDI=0x0000000000000001 is an unknown value
R8 =0x0000000000000001 is an unknown value
R9 =0x0000022cd96ec04c points into unknown readable memory: 00 00 00 00
R10=0x0000022ca0e8f148 is at code_begin+1000 in an Interpreter codelet
method entry point (kind = native)  [0x0000022ca0e8ed60, 0x0000022ca0e8f7e0]  2688 bytes
R11=0x00000007303d9820 is an oop: java.lang.Class 
{0x00000007303d9820} - klass: 'java/lang/Class'
R12=0x0 is NULL
R13={method} {0x0000022cd135b948} 'nglGenVertexArrays' '(IJ)V' in 'org/lwjgl/opengl/GL30C'
R14=0x000000af465fe678 is pointing into the stack for thread: 0x0000022cbc96da90
R15=0x0000022cbc96da90 is a thread


Registers:
RAX=0x0000000000000000, RBX=0x0000022cd135b940, RCX=0x0000022cbc96ddb8, RDX=0x0000022cd96ec04c
RSP=0x000000af465fe5b8, RBP=0x000000af465fe648, RSI=0x0000022cd133a9c0, RDI=0x0000000000000001
R8 =0x0000000000000001, R9 =0x0000022cd96ec04c, R10=0x0000022ca0e8f148, R11=0x00000007303d9820
R12=0x0000000000000000, R13=0x0000022cd135b940, R14=0x000000af465fe678, R15=0x0000022cbc96da90
RIP=0x00007ff981bb0aba, EFLAGS=0x0000000000010206

Top of Stack: (sp=0x000000af465fe5b8)
0x000000af465fe5b8:   0000022ca0e8f177 0000000000000001
0x000000af465fe5c8:   0000022ca0e8ee5c 0000022cd135b940
0x000000af465fe5d8:   0000022cd133a9c0 000000af465fe5f8
0x000000af465fe5e8:   000000af465fe660 0000022ca0e89c90
0x000000af465fe5f8:   0000022ca0e8ee16 000000af465fe600
0x000000af465fe608:   0000022cd135b940 000000af465fe678
0x000000af465fe618:   0000022cd1391818 0000000000000000
0x000000af465fe628:   00000007303d9820 0000022cd135b940
0x000000af465fe638:   0000000000000000 000000af465fe668
0x000000af465fe648:   000000af465fe6c8 0000022ca0e8a1aa
0x000000af465fe658:   00000007303d9820 0000022ca0e8c218
0x000000af465fe668:   0000022cd96ec04c 0000000000000000
0x000000af465fe678:   0000000000000001 000000af465fe680
0x000000af465fe688:   0000022cd135bac4 000000af465fe6f8
0x000000af465fe698:   0000022cd1391818 0000000000000000
0x000000af465fe6a8:   00000007303d9820 0000022cd135bb30 

Instructions: (pc=0x00007ff981bb0aba)
0x00007ff981bb09ba:   c1 49 ff e1 cc cc 48 8b 01 48 8b 40 18 44 89 c1
0x00007ff981bb09ca:   48 ff a0 98 13 00 00 cc cc cc cc cc cc cc cc cc
0x00007ff981bb09da:   cc cc cc cc cc cc 48 8b 01 48 8b 40 18 48 ff a0
0x00007ff981bb09ea:   a0 13 00 00 cc cc 44 89 ca 44 89 c0 4c 8b 44 24
0x00007ff981bb09fa:   28 44 8b 4c 24 30 48 8b 09 48 8b 49 18 4c 8b 91
0x00007ff981bb0a0a:   a8 13 00 00 89 c1 49 ff e2 cc cc cc cc cc cc cc
0x00007ff981bb0a1a:   cc cc cc cc cc cc 48 83 ec 38 44 89 ca 44 89 c0
0x00007ff981bb0a2a:   44 8b 44 24 60 4c 8b 4c 24 68 0f 28 44 24 70 4c
0x00007ff981bb0a3a:   8b 94 24 80 00 00 00 48 8b 09 4c 8b 59 18 4c 89
0x00007ff981bb0a4a:   54 24 30 0f 11 44 24 20 89 c1 41 ff 93 b0 13 00
0x00007ff981bb0a5a:   00 90 48 83 c4 38 c3 cc cc cc cc cc cc cc cc cc
0x00007ff981bb0a6a:   cc cc cc cc cc cc 48 8b 01 48 8b 40 18 44 89 c1
0x00007ff981bb0a7a:   48 ff a0 b8 13 00 00 cc cc cc cc cc cc cc cc cc
0x00007ff981bb0a8a:   cc cc cc cc cc cc 4c 89 ca 48 8b 01 48 8b 40 18
0x00007ff981bb0a9a:   48 8b 80 c0 13 00 00 44 89 c1 48 ff e0 cc cc cc
0x00007ff981bb0aaa:   cc cc cc cc cc cc 4c 89 ca 48 8b 01 48 8b 40 18
0x00007ff981bb0aba:   48 8b 80 c8 13 00 00 44 89 c1 48 ff e0 cc cc cc
0x00007ff981bb0aca:   cc cc cc cc cc cc 48 8b 01 48 8b 40 18 44 89 c1
0x00007ff981bb0ada:   48 ff a0 d0 13 00 00 cc cc cc cc cc cc cc cc cc
0x00007ff981bb0aea:   cc cc cc cc cc cc 44 89 ca 44 89 c0 44 8b 44 24
0x00007ff981bb0afa:   28 44 8b 4c 24 30 48 8b 09 48 8b 49 18 4c 8b 91
0x00007ff981bb0b0a:   d8 13 00 00 89 c1 49 ff e2 cc cc cc cc cc cc cc
0x00007ff981bb0b1a:   cc cc cc cc cc cc 48 83 ec 28 44 89 ca 44 89 c0
0x00007ff981bb0b2a:   44 8b 44 24 50 4c 8b 4c 24 58 44 8b 54 24 60 48
0x00007ff981bb0b3a:   8b 09 4c 8b 59 18 44 89 54 24 20 89 c1 41 ff 93
0x00007ff981bb0b4a:   e0 13 00 00 90 48 83 c4 28 c3 cc cc cc cc cc cc
0x00007ff981bb0b5a:   cc cc cc cc cc cc 48 83 ec 28 44 89 ca 44 89 c0
0x00007ff981bb0b6a:   4c 8b 44 24 50 4c 8b 4c 24 58 4c 8b 54 24 60 48
0x00007ff981bb0b7a:   8b 09 4c 8b 59 18 4c 89 54 24 20 89 c1 41 ff 93
0x00007ff981bb0b8a:   e8 13 00 00 90 48 83 c4 28 c3 cc cc cc cc cc cc
0x00007ff981bb0b9a:   cc cc cc cc cc cc 48 8b 01 48 8b 40 18 44 89 c1
0x00007ff981bb0baa:   48 ff a0 f0 13 00 00 cc cc cc cc cc cc cc cc cc 


Stack slot to memory mapping:
stack at sp + 0 slots: 0x0000022ca0e8f177 is at code_begin+1047 in an Interpreter codelet
method entry point (kind = native)  [0x0000022ca0e8ed60, 0x0000022ca0e8f7e0]  2688 bytes
stack at sp + 1 slots: 0x0000000000000001 is an unknown value
stack at sp + 2 slots: 0x0000022ca0e8ee5c is at code_begin+252 in an Interpreter codelet
method entry point (kind = native)  [0x0000022ca0e8ed60, 0x0000022ca0e8f7e0]  2688 bytes
stack at sp + 3 slots: {method} {0x0000022cd135b948} 'nglGenVertexArrays' '(IJ)V' in 'org/lwjgl/opengl/GL30C'
stack at sp + 4 slots: 0x0000022cd133a9c0 is pointing into metadata
stack at sp + 5 slots: 0x000000af465fe5f8 is pointing into the stack for thread: 0x0000022cbc96da90
stack at sp + 6 slots: 0x000000af465fe660 is pointing into the stack for thread: 0x0000022cbc96da90
stack at sp + 7 slots: 0x0000022ca0e89c90 is at code_begin+1040 in an Interpreter codelet
invoke return entry points  [0x0000022ca0e89880, 0x0000022ca0e8a280]  2560 bytes


---------------  P R O C E S S  ---------------

Threads class SMR info:
_java_thread_list=0x0000022cc5af6d90, length=24, elements={
0x0000022cbba72860, 0x0000022cbba73340, 0x0000022cbba7e3c0, 0x0000022cbc3bef40,
0x0000022cbc3bf800, 0x0000022cbc3c03f0, 0x0000022cbc3c2db0, 0x0000022cbc3c37b0,
0x0000022cbc4d7ab0, 0x0000022cbc5127f0, 0x0000022cbc5211b0, 0x0000022cbc93b180,
0x0000022cbc7ac830, 0x0000022cbc7acd00, 0x0000022cbc96da90, 0x0000022c98c5a880,
0x0000022cbcf57590, 0x0000022cc6b45460, 0x0000022cc768d300, 0x0000022cc8792a00,
0x0000022cc4e834e0, 0x0000022cc52010a0, 0x0000022cc51fe080, 0x0000022cc51fe550
}

Java Threads: ( => current thread )
  0x0000022cbba72860 JavaThread "Reference Handler" daemon [_thread_blocked, id=6444, stack(0x000000af45500000,0x000000af45600000)]
  0x0000022cbba73340 JavaThread "Finalizer" daemon [_thread_blocked, id=13860, stack(0x000000af45600000,0x000000af45700000)]
  0x0000022cbba7e3c0 JavaThread "Signal Dispatcher" daemon [_thread_blocked, id=8748, stack(0x000000af45700000,0x000000af45800000)]
  0x0000022cbc3bef40 JavaThread "Attach Listener" daemon [_thread_blocked, id=15588, stack(0x000000af45800000,0x000000af45900000)]
  0x0000022cbc3bf800 JavaThread "Service Thread" daemon [_thread_blocked, id=18052, stack(0x000000af45900000,0x000000af45a00000)]
  0x0000022cbc3c03f0 JavaThread "C2 CompilerThread0" daemon [_thread_blocked, id=16988, stack(0x000000af45a00000,0x000000af45b00000)]
  0x0000022cbc3c2db0 JavaThread "C1 CompilerThread0" daemon [_thread_blocked, id=10104, stack(0x000000af45b00000,0x000000af45c00000)]
  0x0000022cbc3c37b0 JavaThread "Sweeper thread" daemon [_thread_blocked, id=17904, stack(0x000000af45c00000,0x000000af45d00000)]
  0x0000022cbc4d7ab0 JavaThread "C1 CompilerThread1" daemon [_thread_blocked, id=11088, stack(0x000000af45d00000,0x000000af45e00000)]
  0x0000022cbc5127f0 JavaThread "Notification Thread" daemon [_thread_blocked, id=10780, stack(0x000000af45e00000,0x000000af45f00000)]
  0x0000022cbc5211b0 JavaThread "Common-Cleaner" daemon [_thread_blocked, id=2176, stack(0x000000af46000000,0x000000af46100000)]
  0x0000022cbc93b180 JavaThread "Java2D Disposer" daemon [_thread_blocked, id=4392, stack(0x000000af46200000,0x000000af46300000)]
  0x0000022cbc7ac830 JavaThread "AWT-Shutdown" [_thread_blocked, id=9244, stack(0x000000af46300000,0x000000af46400000)]
  0x0000022cbc7acd00 JavaThread "AWT-Windows" daemon [_thread_in_native, id=13568, stack(0x000000af46400000,0x000000af46500000)]
=>0x0000022cbc96da90 JavaThread "AWT-EventQueue-0" [_thread_in_native, id=12712, stack(0x000000af46500000,0x000000af46600000)]
  0x0000022c98c5a880 JavaThread "DestroyJavaVM" [_thread_blocked, id=13076, stack(0x000000af44e00000,0x000000af44f00000)]
  0x0000022cbcf57590 JavaThread "AWT-EventQueue-0-SharedResourceRunner" daemon [_thread_blocked, id=11424, stack(0x000000af47200000,0x000000af47300000)]
  0x0000022cc6b45460 JavaThread "C1 CompilerThread2" daemon [_thread_blocked, id=16300, stack(0x000000af47600000,0x000000af47700000)]
  0x0000022cc768d300 JavaThread "AWT-EventQueue-0-AWTAnimator#00" [_thread_blocked, id=17888, stack(0x000000af47300000,0x000000af47400000)]
  0x0000022cc8792a00 JavaThread "AWT-EventQueue-0-AWTAnimator#01" [_thread_blocked, id=10932, stack(0x000000af47d00000,0x000000af47e00000)]
  0x0000022cc4e834e0 JavaThread "AWT-EventQueue-0-AWTAnimator#02" [_thread_blocked, id=2624, stack(0x000000af47e00000,0x000000af47f00000)]
  0x0000022cc52010a0 JavaThread "Image Fetcher 0" daemon [_thread_blocked, id=13904, stack(0x000000af48100000,0x000000af48200000)]
  0x0000022cc51fe080 JavaThread "TimerQueue" daemon [_thread_blocked, id=13168, stack(0x000000af48300000,0x000000af48400000)]
  0x0000022cc51fe550 JavaThread "D3D Screen Updater" daemon [_thread_blocked, id=13976, stack(0x000000af48c00000,0x000000af48d00000)]

Other Threads:
  0x0000022cbba6e0c0 VMThread "VM Thread" [stack: 0x000000af45400000,0x000000af45500000] [id=18020]
  0x0000022cbc518ce0 WatcherThread [stack: 0x000000af45f00000,0x000000af46000000] [id=7116]
  0x0000022c98ca5810 GCTaskThread "GC Thread#0" [stack: 0x000000af44f00000,0x000000af45000000] [id=7764]
  0x0000022cbcb5bcb0 GCTaskThread "GC Thread#1" [stack: 0x000000af47700000,0x000000af47800000] [id=17792]
  0x0000022cbcb5c640 GCTaskThread "GC Thread#2" [stack: 0x000000af47800000,0x000000af47900000] [id=13200]
  0x0000022cbcb5d300 GCTaskThread "GC Thread#3" [stack: 0x000000af47900000,0x000000af47a00000] [id=13092]
  0x0000022cbcb5dc90 GCTaskThread "GC Thread#4" [stack: 0x000000af47a00000,0x000000af47b00000] [id=18124]
  0x0000022cbcb5c970 GCTaskThread "GC Thread#5" [stack: 0x000000af47b00000,0x000000af47c00000] [id=1868]
  0x0000022cc69d6a00 GCTaskThread "GC Thread#6" [stack: 0x000000af48400000,0x000000af48500000] [id=4688]
  0x0000022cc69d8380 GCTaskThread "GC Thread#7" [stack: 0x000000af48500000,0x000000af48600000] [id=12668]
  0x0000022cc69d6d30 GCTaskThread "GC Thread#8" [stack: 0x000000af48600000,0x000000af48700000] [id=16768]
  0x0000022cc69d6070 GCTaskThread "GC Thread#9" [stack: 0x000000af48700000,0x000000af48800000] [id=12684]
  0x0000022cc69d7d20 GCTaskThread "GC Thread#10" [stack: 0x000000af48800000,0x000000af48900000] [id=2876]
  0x0000022cc69d7060 GCTaskThread "GC Thread#11" [stack: 0x000000af48900000,0x000000af48a00000] [id=10924]
  0x0000022c98cb5610 ConcurrentGCThread "G1 Main Marker" [stack: 0x000000af45000000,0x000000af45100000] [id=8724]
  0x0000022c98cb6110 ConcurrentGCThread "G1 Conc#0" [stack: 0x000000af45100000,0x000000af45200000] [id=17080]
  0x0000022cc69d5080 ConcurrentGCThread "G1 Conc#1" [stack: 0x000000af48a00000,0x000000af48b00000] [id=12436]
  0x0000022cc69d5d40 ConcurrentGCThread "G1 Conc#2" [stack: 0x000000af48b00000,0x000000af48c00000] [id=1792]
  0x0000022c98d1e860 ConcurrentGCThread "G1 Refine#0" [stack: 0x000000af45200000,0x000000af45300000] [id=16404]
  0x0000022cbb8e54a0 ConcurrentGCThread "G1 Young RemSet Sampling" [stack: 0x000000af45300000,0x000000af45400000] [id=10988]

Threads with active compile tasks:

VM state: not at safepoint (normal execution)

VM Mutex/Monitor currently owned by a thread: None

Heap address: 0x0000000722600000, size: 3546 MB, Compressed Oops mode: Zero based, Oop shift amount: 3
CDS archive(s) mapped at: [0x0000000800000000-0x0000000800b50000-0x0000000800b50000), size 11862016, SharedBaseAddress: 0x0000000800000000, ArchiveRelocationMode: 0.
Compressed class space mapped at: 0x0000000800b50000-0x0000000840b50000, size: 1073741824
Narrow klass base: 0x0000000800000000, Narrow klass shift: 3, Narrow klass range: 0x100000000

GC Precious Log:
 CPUs: 16 total, 16 available
 Memory: 14181M
 Large Page Support: Disabled
 NUMA Support: Disabled
 Compressed Oops: Enabled (Zero based)
 Heap Region Size: 2M
 Heap Min Capacity: 8M
 Heap Initial Capacity: 222M
 Heap Max Capacity: 3546M
 Pre-touch: Disabled
 Parallel Workers: 13
 Concurrent Workers: 3
 Concurrent Refinement Workers: 13
 Periodic GC: Disabled

Heap:
 garbage-first heap   total 159744K, used 73578K [0x0000000722600000, 0x0000000800000000)
  region size 2048K, 4 young (8192K), 2 survivors (4096K)
 Metaspace       used 27323K, capacity 27610K, committed 27776K, reserved 1073152K
  class space    used 2988K, capacity 3079K, committed 3200K, reserved 1048576K

Heap Regions: E=young(eden), S=young(survivor), O=old, HS=humongous(starts), HC=humongous(continues), CS=collection set, F=free, OA=open archive, CA=closed archive, TAMS=top-at-mark-start (previous, next)
|   0|0x0000000722600000, 0x0000000722800000, 0x0000000722800000|100%| O|  |TAMS 0x0000000722800000, 0x0000000722600000| Untracked 
|   1|0x0000000722800000, 0x0000000722a00000, 0x0000000722a00000|100%| O|  |TAMS 0x0000000722800000, 0x0000000722800000| Untracked 
|   2|0x0000000722a00000, 0x0000000722c00000, 0x0000000722c00000|100%| O|  |TAMS 0x0000000722c00000, 0x0000000722a00000| Untracked 
|   3|0x0000000722c00000, 0x0000000722e00000, 0x0000000722e00000|100%| O|  |TAMS 0x0000000722c00000, 0x0000000722c00000| Untracked 
|   4|0x0000000722e00000, 0x0000000723000000, 0x0000000723000000|100%| O|  |TAMS 0x0000000723000000, 0x0000000722e00000| Untracked 
|   5|0x0000000723000000, 0x0000000723200000, 0x0000000723200000|100%| O|  |TAMS 0x0000000723000000, 0x0000000723000000| Untracked 
|   6|0x0000000723200000, 0x0000000723400000, 0x0000000723400000|100%| O|  |TAMS 0x0000000723200000, 0x0000000723200000| Untracked 
|   7|0x0000000723400000, 0x0000000723600000, 0x0000000723600000|100%| O|  |TAMS 0x0000000723400000, 0x0000000723400000| Untracked 
|   8|0x0000000723600000, 0x0000000723800000, 0x0000000723800000|100%| O|  |TAMS 0x0000000723800000, 0x0000000723600000| Untracked 
|   9|0x0000000723800000, 0x0000000723a00000, 0x0000000723a00000|100%| O|  |TAMS 0x0000000723800000, 0x0000000723800000| Untracked 
|  10|0x0000000723a00000, 0x0000000723c00000, 0x0000000723c00000|100%| O|  |TAMS 0x0000000723c00000, 0x0000000723a00000| Untracked 
|  11|0x0000000723c00000, 0x0000000723e00000, 0x0000000723e00000|100%| O|  |TAMS 0x0000000723e00000, 0x0000000723c00000| Untracked 
|  12|0x0000000723e00000, 0x0000000724000000, 0x0000000724000000|100%| O|  |TAMS 0x0000000723f8c600, 0x0000000723e00000| Untracked 
|  13|0x0000000724000000, 0x0000000724200000, 0x0000000724200000|100%| O|  |TAMS 0x0000000724000000, 0x0000000724000000| Untracked 
|  14|0x0000000724200000, 0x0000000724400000, 0x0000000724400000|100%| O|  |TAMS 0x0000000724200000, 0x0000000724200000| Untracked 
|  15|0x0000000724400000, 0x0000000724600000, 0x0000000724600000|100%| O|  |TAMS 0x0000000724400000, 0x0000000724400000| Untracked 
|  16|0x0000000724600000, 0x0000000724800000, 0x0000000724800000|100%| O|  |TAMS 0x0000000724600000, 0x0000000724600000| Untracked 
|  17|0x0000000724800000, 0x0000000724a00000, 0x0000000724a00000|100%| O|  |TAMS 0x0000000724800000, 0x0000000724800000| Untracked 
|  18|0x0000000724a00000, 0x0000000724c00000, 0x0000000724c00000|100%| O|  |TAMS 0x0000000724a00000, 0x0000000724a00000| Untracked 
|  19|0x0000000724c00000, 0x0000000724e00000, 0x0000000724e00000|100%| O|  |TAMS 0x0000000724c00000, 0x0000000724c00000| Untracked 
|  20|0x0000000724e00000, 0x0000000725000000, 0x0000000725000000|100%| O|  |TAMS 0x0000000724e00000, 0x0000000724e00000| Untracked 
|  21|0x0000000725000000, 0x0000000725200000, 0x0000000725200000|100%| O|  |TAMS 0x0000000725000000, 0x0000000725000000| Untracked 
|  22|0x0000000725200000, 0x0000000725400000, 0x0000000725400000|100%| O|  |TAMS 0x0000000725200000, 0x0000000725200000| Untracked 
|  23|0x0000000725400000, 0x0000000725600000, 0x0000000725600000|100%| O|  |TAMS 0x0000000725400000, 0x0000000725400000| Untracked 
|  24|0x0000000725600000, 0x0000000725800000, 0x0000000725800000|100%| O|  |TAMS 0x0000000725600000, 0x0000000725600000| Untracked 
|  25|0x0000000725800000, 0x0000000725a00000, 0x0000000725a00000|100%| O|  |TAMS 0x0000000725800000, 0x0000000725800000| Untracked 
|  26|0x0000000725a00000, 0x0000000725c00000, 0x0000000725c00000|100%| O|  |TAMS 0x0000000725a00000, 0x0000000725a00000| Untracked 
|  27|0x0000000725c00000, 0x0000000725e00000, 0x0000000725e00000|100%| O|  |TAMS 0x0000000725c00000, 0x0000000725c00000| Untracked 
|  28|0x0000000725e00000, 0x0000000726000000, 0x0000000726000000|100%| O|  |TAMS 0x0000000725e00000, 0x0000000725e00000| Untracked 
|  29|0x0000000726000000, 0x00000007261daa00, 0x0000000726200000| 92%| O|  |TAMS 0x0000000726000000, 0x0000000726000000| Untracked 
|  30|0x0000000726200000, 0x0000000726400000, 0x0000000726400000|100%| O|  |TAMS 0x0000000726200000, 0x0000000726200000| Untracked 
|  31|0x0000000726400000, 0x0000000726600000, 0x0000000726600000|100%| O|  |TAMS 0x0000000726400000, 0x0000000726400000| Untracked 
|  32|0x0000000726600000, 0x0000000726800000, 0x0000000726800000|100%| O|  |TAMS 0x0000000726600000, 0x0000000726600000| Untracked 
|  33|0x0000000726800000, 0x0000000726800000, 0x0000000726a00000|  0%| F|  |TAMS 0x0000000726800000, 0x0000000726800000| Untracked 
|  34|0x0000000726a00000, 0x0000000726a00000, 0x0000000726c00000|  0%| F|  |TAMS 0x0000000726a00000, 0x0000000726a00000| Untracked 
|  35|0x0000000726c00000, 0x0000000726c00000, 0x0000000726e00000|  0%| F|  |TAMS 0x0000000726c00000, 0x0000000726c00000| Untracked 
|  36|0x0000000726e00000, 0x0000000726e00000, 0x0000000727000000|  0%| F|  |TAMS 0x0000000726e00000, 0x0000000726e00000| Untracked 
|  37|0x0000000727000000, 0x0000000727000000, 0x0000000727200000|  0%| F|  |TAMS 0x0000000727000000, 0x0000000727000000| Untracked 
|  38|0x0000000727200000, 0x0000000727200000, 0x0000000727400000|  0%| F|  |TAMS 0x0000000727200000, 0x0000000727200000| Untracked 
|  39|0x0000000727400000, 0x0000000727400000, 0x0000000727600000|  0%| F|  |TAMS 0x0000000727400000, 0x0000000727400000| Untracked 
|  40|0x0000000727600000, 0x0000000727600000, 0x0000000727800000|  0%| F|  |TAMS 0x0000000727600000, 0x0000000727600000| Untracked 
|  41|0x0000000727800000, 0x0000000727800000, 0x0000000727a00000|  0%| F|  |TAMS 0x0000000727800000, 0x0000000727800000| Untracked 
|  42|0x0000000727a00000, 0x0000000727a00000, 0x0000000727c00000|  0%| F|  |TAMS 0x0000000727a00000, 0x0000000727a00000| Untracked 
|  43|0x0000000727c00000, 0x0000000727c00000, 0x0000000727e00000|  0%| F|  |TAMS 0x0000000727c00000, 0x0000000727c00000| Untracked 
|  44|0x0000000727e00000, 0x0000000727e00000, 0x0000000728000000|  0%| F|  |TAMS 0x0000000727e00000, 0x0000000727e00000| Untracked 
|  45|0x0000000728000000, 0x0000000728000000, 0x0000000728200000|  0%| F|  |TAMS 0x0000000728000000, 0x0000000728000000| Untracked 
|  46|0x0000000728200000, 0x0000000728200000, 0x0000000728400000|  0%| F|  |TAMS 0x0000000728200000, 0x0000000728200000| Untracked 
|  47|0x0000000728400000, 0x0000000728400000, 0x0000000728600000|  0%| F|  |TAMS 0x0000000728400000, 0x0000000728400000| Untracked 
|  48|0x0000000728600000, 0x0000000728600000, 0x0000000728800000|  0%| F|  |TAMS 0x0000000728600000, 0x0000000728600000| Untracked 
|  49|0x0000000728800000, 0x0000000728800000, 0x0000000728a00000|  0%| F|  |TAMS 0x0000000728800000, 0x0000000728800000| Untracked 
|  50|0x0000000728a00000, 0x0000000728a00000, 0x0000000728c00000|  0%| F|  |TAMS 0x0000000728a00000, 0x0000000728a00000| Untracked 
|  51|0x0000000728c00000, 0x0000000728c00000, 0x0000000728e00000|  0%| F|  |TAMS 0x0000000728c00000, 0x0000000728c00000| Untracked 
|  52|0x0000000728e00000, 0x0000000728e00000, 0x0000000729000000|  0%| F|  |TAMS 0x0000000728e00000, 0x0000000728e00000| Untracked 
|  53|0x0000000729000000, 0x0000000729000000, 0x0000000729200000|  0%| F|  |TAMS 0x0000000729000000, 0x0000000729000000| Untracked 
|  54|0x0000000729200000, 0x0000000729200000, 0x0000000729400000|  0%| F|  |TAMS 0x0000000729200000, 0x0000000729200000| Untracked 
|  55|0x0000000729400000, 0x0000000729400000, 0x0000000729600000|  0%| F|  |TAMS 0x0000000729400000, 0x0000000729400000| Untracked 
|  56|0x0000000729600000, 0x0000000729600000, 0x0000000729800000|  0%| F|  |TAMS 0x0000000729600000, 0x0000000729600000| Untracked 
|  57|0x0000000729800000, 0x0000000729800000, 0x0000000729a00000|  0%| F|  |TAMS 0x0000000729800000, 0x0000000729800000| Untracked 
|  58|0x0000000729a00000, 0x0000000729a00000, 0x0000000729c00000|  0%| F|  |TAMS 0x0000000729a00000, 0x0000000729a00000| Untracked 
|  59|0x0000000729c00000, 0x0000000729c00000, 0x0000000729e00000|  0%| F|  |TAMS 0x0000000729c00000, 0x0000000729c00000| Untracked 
|  60|0x0000000729e00000, 0x000000072a000000, 0x000000072a000000|100%| S|CS|TAMS 0x0000000729e00000, 0x0000000729e00000| Complete 
|  61|0x000000072a000000, 0x000000072a200000, 0x000000072a200000|100%| S|CS|TAMS 0x000000072a000000, 0x000000072a000000| Complete 
|  62|0x000000072a200000, 0x000000072a200000, 0x000000072a400000|  0%| F|  |TAMS 0x000000072a200000, 0x000000072a200000| Untracked 
|  63|0x000000072a400000, 0x000000072a400000, 0x000000072a600000|  0%| F|  |TAMS 0x000000072a400000, 0x000000072a400000| Untracked 
|  64|0x000000072a600000, 0x000000072a600000, 0x000000072a800000|  0%| F|  |TAMS 0x000000072a600000, 0x000000072a600000| Untracked 
|  65|0x000000072a800000, 0x000000072a800000, 0x000000072aa00000|  0%| F|  |TAMS 0x000000072a800000, 0x000000072a800000| Untracked 
|  66|0x000000072aa00000, 0x000000072aa00000, 0x000000072ac00000|  0%| F|  |TAMS 0x000000072aa00000, 0x000000072aa00000| Untracked 
|  67|0x000000072ac00000, 0x000000072ac00000, 0x000000072ae00000|  0%| F|  |TAMS 0x000000072ac00000, 0x000000072ac00000| Untracked 
|  68|0x000000072ae00000, 0x000000072ae00000, 0x000000072b000000|  0%| F|  |TAMS 0x000000072ae00000, 0x000000072ae00000| Untracked 
|  69|0x000000072b000000, 0x000000072b000000, 0x000000072b200000|  0%| F|  |TAMS 0x000000072b000000, 0x000000072b000000| Untracked 
|  70|0x000000072b200000, 0x000000072b200000, 0x000000072b400000|  0%| F|  |TAMS 0x000000072b200000, 0x000000072b200000| Untracked 
|  71|0x000000072b400000, 0x000000072b400000, 0x000000072b600000|  0%| F|  |TAMS 0x000000072b400000, 0x000000072b400000| Untracked 
|  72|0x000000072b600000, 0x000000072b600000, 0x000000072b800000|  0%| F|  |TAMS 0x000000072b600000, 0x000000072b600000| Untracked 
| 104|0x000000072f600000, 0x000000072f600000, 0x000000072f800000|  0%| F|  |TAMS 0x000000072f600000, 0x000000072f600000| Untracked 
| 105|0x000000072f800000, 0x000000072f800000, 0x000000072fa00000|  0%| F|  |TAMS 0x000000072f800000, 0x000000072f800000| Untracked 
| 109|0x0000000730000000, 0x0000000730000000, 0x0000000730200000|  0%| F|  |TAMS 0x0000000730000000, 0x0000000730000000| Untracked 
| 110|0x0000000730200000, 0x0000000730400000, 0x0000000730400000|100%| E|  |TAMS 0x0000000730200000, 0x0000000730200000| Complete 
|1772|0x00000007ffe00000, 0x0000000800000000, 0x0000000800000000|100%| E|CS|TAMS 0x00000007ffe00000, 0x00000007ffe00000| Complete 

Card table byte_map: [0x0000022cb0df0000,0x0000022cb14e0000] _byte_map_base: 0x0000022cad4dd000

Marking Bits (Prev, Next): (CMBitMap*) 0x0000022c98ca6f20, (CMBitMap*) 0x0000022c98ca6f60
 Prev Bits: [0x0000022cb1bd0000, 0x0000022cb5338000)
 Next Bits: [0x0000022cb5340000, 0x0000022cb8aa8000)

Polling page: 0x0000022c96bb0000

Metaspace:

Usage:
  Non-class:     23.96 MB capacity,    23.76 MB (>99%) used,   161.97 KB ( <1%) free+waste,    33.88 KB ( <1%) overhead. 
      Class:      3.01 MB capacity,     2.92 MB ( 97%) used,    78.84 KB (  3%) free+waste,    12.06 KB ( <1%) overhead. 
       Both:     26.96 MB capacity,    26.68 MB ( 99%) used,   240.81 KB ( <1%) free+waste,    45.94 KB ( <1%) overhead. 

Virtual space:
  Non-class space:       24.00 MB reserved,      24.00 MB (100%) committed 
      Class space:        1.00 GB reserved,       3.12 MB ( <1%) committed 
             Both:        1.02 GB reserved,      27.12 MB (  3%) committed 

Chunk freelists:
   Non-Class:  45.00 KB
       Class:  25.00 KB
        Both:  70.00 KB

MaxMetaspaceSize: 17179869184.00 GB
CompressedClassSpaceSize: 1.00 GB

CodeHeap 'non-profiled nmethods': size=119168Kb used=975Kb max_used=975Kb free=118192Kb
 bounds [0x0000022ca8a20000, 0x0000022ca8c90000, 0x0000022cafe80000]
CodeHeap 'profiled nmethods': size=119104Kb used=4333Kb max_used=4333Kb free=114771Kb
 bounds [0x0000022ca15d0000, 0x0000022ca1a10000, 0x0000022ca8a20000]
CodeHeap 'non-nmethods': size=7488Kb used=2820Kb max_used=3381Kb free=4667Kb
 bounds [0x0000022ca0e80000, 0x0000022ca11d0000, 0x0000022ca15d0000]
 total_blobs=3371 nmethods=2264 adapters=1017
 compilation: enabled
              stopped_count=0, restarted_count=0
 full_count=0

Compilation events (20 events):
Event: 4.660 Thread 0x0000022cbc4d7ab0 nmethod 2250 0x0000022ca1a07f10 code [0x0000022ca1a080e0, 0x0000022ca1a084d8]
Event: 4.660 Thread 0x0000022cbc4d7ab0 2253       3       java.util.regex.Pattern$Start::match (90 bytes)
Event: 4.660 Thread 0x0000022cbc3c2db0 nmethod 2251 0x0000022ca1a08690 code [0x0000022ca1a08840, 0x0000022ca1a08bb8]
Event: 4.660 Thread 0x0000022cc6b45460 2254       3       java.util.regex.Pattern$Node::match (27 bytes)
Event: 4.660 Thread 0x0000022cc6b45460 nmethod 2254 0x0000022ca1a08d10 code [0x0000022ca1a08ea0, 0x0000022ca1a08ff8]
Event: 4.660 Thread 0x0000022cbc4d7ab0 nmethod 2253 0x0000022ca1a09110 code [0x0000022ca1a092e0, 0x0000022ca1a096c8]
Event: 4.667 Thread 0x0000022cbc4d7ab0 2256       3       java.lang.invoke.LambdaForm::useCount (90 bytes)
Event: 4.667 Thread 0x0000022cbc4d7ab0 nmethod 2256 0x0000022ca1a09890 code [0x0000022ca1a09a60, 0x0000022ca1a09df8]
Event: 4.668 Thread 0x0000022cbc3c03f0 nmethod 2226 0x0000022ca8b0df90 code [0x0000022ca8b0e220, 0x0000022ca8b0f678]
Event: 4.668 Thread 0x0000022cbc3c03f0 2229   !   4       jdk.internal.loader.URLClassPath$JarLoader::getResource (65 bytes)
Event: 4.669 Thread 0x0000022cbc4d7ab0 2260       3       java.lang.StringBuilder::toString (35 bytes)
Event: 4.669 Thread 0x0000022cbc4d7ab0 nmethod 2260 0x0000022ca1a0a010 code [0x0000022ca1a0a1e0, 0x0000022ca1a0a498]
Event: 4.672 Thread 0x0000022cc6b45460 2261       3       java.util.concurrent.locks.ReentrantLock$Sync::isHeldExclusively (16 bytes)
Event: 4.672 Thread 0x0000022cc6b45460 nmethod 2261 0x0000022ca1a0a590 code [0x0000022ca1a0a720, 0x0000022ca1a0a8b8]
Event: 4.676 Thread 0x0000022cc6b45460 2262       3       java.lang.Integer::toUnsignedLong (7 bytes)
Event: 4.676 Thread 0x0000022cbc3c2db0 2263       3       sun.misc.Unsafe::putLong (11 bytes)
Event: 4.676 Thread 0x0000022cbc4d7ab0 2264       3       org.lwjgl.system.MemoryUtil::memPutAddress (29 bytes)
Event: 4.676 Thread 0x0000022cc6b45460 nmethod 2262 0x0000022ca1a0a990 code [0x0000022ca1a0ab20, 0x0000022ca1a0ac18]
Event: 4.676 Thread 0x0000022cbc4d7ab0 nmethod 2264 0x0000022ca1a0ac90 code [0x0000022ca1a0ae40, 0x0000022ca1a0b038]
Event: 4.676 Thread 0x0000022cbc3c2db0 nmethod 2263 0x0000022ca1a0b110 code [0x0000022ca1a0b2a0, 0x0000022ca1a0b398]

GC Heap History (20 events):
Event: 3.282 GC heap before
{Heap before GC invocations=16 (full 0):
 garbage-first heap   total 65536K, used 55584K [0x0000000722600000, 0x0000000800000000)
  region size 2048K, 3 young (6144K), 1 survivors (2048K)
 Metaspace       used 23962K, capacity 24224K, committed 24448K, reserved 1071104K
  class space    used 2835K, capacity 2931K, committed 2944K, reserved 1048576K
}
Event: 3.284 GC heap after
{Heap after GC invocations=17 (full 0):
 garbage-first heap   total 86016K, used 55833K [0x0000000722600000, 0x0000000800000000)
  region size 2048K, 1 young (2048K), 1 survivors (2048K)
 Metaspace       used 23962K, capacity 24224K, committed 24448K, reserved 1071104K
  class space    used 2835K, capacity 2931K, committed 2944K, reserved 1048576K
}
Event: 3.286 GC heap before
{Heap before GC invocations=17 (full 0):
 garbage-first heap   total 86016K, used 59929K [0x0000000722600000, 0x0000000800000000)
  region size 2048K, 3 young (6144K), 1 survivors (2048K)
 Metaspace       used 23962K, capacity 24224K, committed 24448K, reserved 1071104K
  class space    used 2835K, capacity 2931K, committed 2944K, reserved 1048576K
}
Event: 3.287 GC heap after
{Heap after GC invocations=18 (full 0):
 garbage-first heap   total 86016K, used 60220K [0x0000000722600000, 0x0000000800000000)
  region size 2048K, 1 young (2048K), 1 survivors (2048K)
 Metaspace       used 23962K, capacity 24224K, committed 24448K, reserved 1071104K
  class space    used 2835K, capacity 2931K, committed 2944K, reserved 1048576K
}
Event: 3.289 GC heap before
{Heap before GC invocations=18 (full 0):
 garbage-first heap   total 86016K, used 64316K [0x0000000722600000, 0x0000000800000000)
  region size 2048K, 3 young (6144K), 1 survivors (2048K)
 Metaspace       used 23962K, capacity 24224K, committed 24448K, reserved 1071104K
  class space    used 2835K, capacity 2931K, committed 2944K, reserved 1048576K
}
Event: 3.291 GC heap after
{Heap after GC invocations=19 (full 0):
 garbage-first heap   total 86016K, used 64591K [0x0000000722600000, 0x0000000800000000)
  region size 2048K, 1 young (2048K), 1 survivors (2048K)
 Metaspace       used 23962K, capacity 24224K, committed 24448K, reserved 1071104K
  class space    used 2835K, capacity 2931K, committed 2944K, reserved 1048576K
}
Event: 3.600 GC heap before
{Heap before GC invocations=20 (full 0):
 garbage-first heap   total 86016K, used 52303K [0x0000000722600000, 0x0000000800000000)
  region size 2048K, 3 young (6144K), 1 survivors (2048K)
 Metaspace       used 23962K, capacity 24224K, committed 24448K, reserved 1071104K
  class space    used 2835K, capacity 2931K, committed 2944K, reserved 1048576K
}
Event: 3.602 GC heap after
{Heap after GC invocations=21 (full 0):
 garbage-first heap   total 86016K, used 52574K [0x0000000722600000, 0x0000000800000000)
  region size 2048K, 1 young (2048K), 1 survivors (2048K)
 Metaspace       used 23962K, capacity 24224K, committed 24448K, reserved 1071104K
  class space    used 2835K, capacity 2931K, committed 2944K, reserved 1048576K
}
Event: 3.713 GC heap before
{Heap before GC invocations=21 (full 0):
 garbage-first heap   total 86016K, used 54622K [0x0000000722600000, 0x0000000800000000)
  region size 2048K, 3 young (6144K), 1 survivors (2048K)
 Metaspace       used 24285K, capacity 24544K, committed 24704K, reserved 1071104K
  class space    used 2846K, capacity 2931K, committed 2944K, reserved 1048576K
}
Event: 3.715 GC heap after
{Heap after GC invocations=22 (full 0):
 garbage-first heap   total 108544K, used 42353K [0x0000000722600000, 0x0000000800000000)
  region size 2048K, 1 young (2048K), 1 survivors (2048K)
 Metaspace       used 24285K, capacity 24544K, committed 24704K, reserved 1071104K
  class space    used 2846K, capacity 2931K, committed 2944K, reserved 1048576K
}
Event: 3.822 GC heap before
{Heap before GC invocations=22 (full 0):
 garbage-first heap   total 108544K, used 58737K [0x0000000722600000, 0x0000000800000000)
  region size 2048K, 9 young (18432K), 1 survivors (2048K)
 Metaspace       used 25763K, capacity 26019K, committed 26368K, reserved 1073152K
  class space    used 2911K, capacity 2996K, committed 3072K, reserved 1048576K
}
Event: 3.827 GC heap after
{Heap after GC invocations=23 (full 0):
 garbage-first heap   total 108544K, used 56296K [0x0000000722600000, 0x0000000800000000)
  region size 2048K, 2 young (4096K), 2 survivors (4096K)
 Metaspace       used 25763K, capacity 26019K, committed 26368K, reserved 1073152K
  class space    used 2911K, capacity 2996K, committed 3072K, reserved 1048576K
}
Event: 3.829 GC heap before
{Heap before GC invocations=23 (full 0):
 garbage-first heap   total 108544K, used 66536K [0x0000000722600000, 0x0000000800000000)
  region size 2048K, 7 young (14336K), 2 survivors (4096K)
 Metaspace       used 25763K, capacity 26019K, committed 26368K, reserved 1073152K
  class space    used 2911K, capacity 2996K, committed 3072K, reserved 1048576K
}
Event: 3.833 GC heap after
{Heap after GC invocations=24 (full 0):
 garbage-first heap   total 108544K, used 67132K [0x0000000722600000, 0x0000000800000000)
  region size 2048K, 1 young (2048K), 1 survivors (2048K)
 Metaspace       used 25763K, capacity 26019K, committed 26368K, reserved 1073152K
  class space    used 2911K, capacity 2996K, committed 3072K, reserved 1048576K
}
Event: 4.120 GC heap before
{Heap before GC invocations=25 (full 0):
 garbage-first heap   total 108544K, used 46652K [0x0000000722600000, 0x0000000800000000)
  region size 2048K, 4 young (8192K), 1 survivors (2048K)
 Metaspace       used 25765K, capacity 26019K, committed 26368K, reserved 1073152K
  class space    used 2911K, capacity 2996K, committed 3072K, reserved 1048576K
}
Event: 4.123 GC heap after
{Heap after GC invocations=26 (full 0):
 garbage-first heap   total 108544K, used 47076K [0x0000000722600000, 0x0000000800000000)
  region size 2048K, 1 young (2048K), 1 survivors (2048K)
 Metaspace       used 25765K, capacity 26019K, committed 26368K, reserved 1073152K
  class space    used 2911K, capacity 2996K, committed 3072K, reserved 1048576K
}
Event: 4.185 GC heap before
{Heap before GC invocations=26 (full 0):
 garbage-first heap   total 108544K, used 51172K [0x0000000722600000, 0x0000000800000000)
  region size 2048K, 3 young (6144K), 1 survivors (2048K)
 Metaspace       used 25765K, capacity 26019K, committed 26368K, reserved 1073152K
  class space    used 2911K, capacity 2996K, committed 3072K, reserved 1048576K
}
Event: 4.188 GC heap after
{Heap after GC invocations=27 (full 0):
 garbage-first heap   total 159744K, used 40508K [0x0000000722600000, 0x0000000800000000)
  region size 2048K, 1 young (2048K), 1 survivors (2048K)
 Metaspace       used 25765K, capacity 26019K, committed 26368K, reserved 1073152K
  class space    used 2911K, capacity 2996K, committed 3072K, reserved 1048576K
}
Event: 4.510 GC heap before
{Heap before GC invocations=27 (full 0):
 garbage-first heap   total 159744K, used 71228K [0x0000000722600000, 0x0000000800000000)
  region size 2048K, 16 young (32768K), 1 survivors (2048K)
 Metaspace       used 25765K, capacity 26019K, committed 26368K, reserved 1073152K
  class space    used 2911K, capacity 2996K, committed 3072K, reserved 1048576K
}
Event: 4.517 GC heap after
{Heap after GC invocations=28 (full 0):
 garbage-first heap   total 159744K, used 71530K [0x0000000722600000, 0x0000000800000000)
  region size 2048K, 2 young (4096K), 2 survivors (4096K)
 Metaspace       used 25765K, capacity 26019K, committed 26368K, reserved 1073152K
  class space    used 2911K, capacity 2996K, committed 3072K, reserved 1048576K
}

Deoptimization events (20 events):
Event: 3.889 Thread 0x0000022cbc96da90 DEOPT PACKING pc=0x0000022ca19db177 sp=0x000000af465fe010
Event: 3.889 Thread 0x0000022cbc96da90 DEOPT UNPACKING pc=0x0000022ca0ece23f sp=0x000000af465fd618 mode 0
Event: 3.907 Thread 0x0000022cbc96da90 DEOPT PACKING pc=0x0000022ca19e02d5 sp=0x000000af465fdfd0
Event: 3.907 Thread 0x0000022cbc96da90 DEOPT UNPACKING pc=0x0000022ca0ece23f sp=0x000000af465fd618 mode 0
Event: 3.916 Thread 0x0000022cbc96da90 DEOPT PACKING pc=0x0000022ca19c60ff sp=0x000000af465fdfd0
Event: 3.916 Thread 0x0000022cbc96da90 DEOPT UNPACKING pc=0x0000022ca0ece23f sp=0x000000af465fd618 mode 0
Event: 3.925 Thread 0x0000022cbc96da90 DEOPT PACKING pc=0x0000022ca19e02d5 sp=0x000000af465fdfd0
Event: 3.925 Thread 0x0000022cbc96da90 DEOPT UNPACKING pc=0x0000022ca0ece23f sp=0x000000af465fd618 mode 0
Event: 4.626 Thread 0x0000022cbc96da90 Uncommon trap: trap_request=0xffffff54 fr.pc=0x0000022ca8a975cc relative=0x0000000000000aec
Event: 4.626 Thread 0x0000022cbc96da90 Uncommon trap: reason=speculate_null_assert action=make_not_entrant pc=0x0000022ca8a975cc method=java.util.jar.JarFile.getVersionedEntry(Ljava/lang/String;Ljava/util/jar/JarEntry;)Ljava/util/jar/JarEntry; @ 114 c2
Event: 4.626 Thread 0x0000022cbc96da90 DEOPT PACKING pc=0x0000022ca8a975cc sp=0x000000af465f9770
Event: 4.626 Thread 0x0000022cbc96da90 DEOPT UNPACKING pc=0x0000022ca0ece42f sp=0x000000af465f9610 mode 2
Event: 4.632 Thread 0x0000022cbc96da90 Uncommon trap: trap_request=0xffffff45 fr.pc=0x0000022ca8a9ff74 relative=0x0000000000002c94
Event: 4.632 Thread 0x0000022cbc96da90 Uncommon trap: reason=unstable_if action=reinterpret pc=0x0000022ca8a9ff74 method=java.util.jar.JarFile.getVersionedEntry(Ljava/lang/String;Ljava/util/jar/JarEntry;)Ljava/util/jar/JarEntry; @ 26 c2
Event: 4.632 Thread 0x0000022cbc96da90 DEOPT PACKING pc=0x0000022ca8a9ff74 sp=0x000000af465faf70
Event: 4.633 Thread 0x0000022cbc96da90 DEOPT UNPACKING pc=0x0000022ca0ece42f sp=0x000000af465faf40 mode 2
Event: 4.645 Thread 0x0000022cbc96da90 Uncommon trap: trap_request=0xffffff45 fr.pc=0x0000022ca8a880bc relative=0x000000000000003c
Event: 4.645 Thread 0x0000022cbc96da90 Uncommon trap: reason=unstable_if action=reinterpret pc=0x0000022ca8a880bc method=sun.nio.fs.WindowsPathParser.isSlash(C)Z @ 9 c2
Event: 4.645 Thread 0x0000022cbc96da90 DEOPT PACKING pc=0x0000022ca8a880bc sp=0x000000af465fadf0
Event: 4.645 Thread 0x0000022cbc96da90 DEOPT UNPACKING pc=0x0000022ca0ece42f sp=0x000000af465fad78 mode 2

Classes unloaded (0 events):
No events

Classes redefined (0 events):
No events

Internal exceptions (20 events):
Event: 0.447 Thread 0x0000022cbc96da90 Exception <a 'java/lang/NoSuchMethodError'{0x000000072f991780}: 'java.lang.Object java.lang.invoke.DirectMethodHandle$Holder.newInvokeSpecial(java.lang.Object, java.lang.Object, long)'> (0x000000072f991780) 
thrown [./open/src/hotspot/share/interpreter/linkResolver.cpp, line 782]
Event: 0.448 Thread 0x0000022cbc96da90 Exception <a 'java/lang/NoSuchMethodError'{0x000000072f9954f0}: 'java.lang.Object java.lang.invoke.Invokers$Holder.linkToTargetMethod(java.lang.Object, long, java.lang.Object)'> (0x000000072f9954f0) 
thrown [./open/src/hotspot/share/interpreter/linkResolver.cpp, line 782]
Event: 1.720 Thread 0x0000022cbc96da90 Implicit null exception at 0x0000022ca8a6d5ab to 0x0000022ca8a6d828
Event: 1.760 Thread 0x0000022cbc96da90 Exception <a 'java/lang/NoSuchMethodError'{0x000000072f9c7ca0}: 'void java.lang.invoke.DirectMethodHandle$Holder.invokeStaticInit(java.lang.Object)'> (0x000000072f9c7ca0) 
thrown [./open/src/hotspot/share/interpreter/linkResolver.cpp, line 782]
Event: 1.781 Thread 0x0000022cc52010a0 Exception <a 'java/lang/NoSuchMethodError'{0x000000072f6f9308}: 'java.lang.Object java.lang.invoke.DirectMethodHandle$Holder.newInvokeSpecial(java.lang.Object, java.lang.Object, java.lang.Object, int, int, int, int, int)'> (0x000000072f6f9308) 
thrown [./open/src/hotspot/share/interpreter/linkResolver.cpp, line 782]
Event: 1.825 Thread 0x0000022cbc96da90 Exception <a 'java/lang/NoSuchMethodError'{0x000000072f4b3da8}: 'java.lang.Object java.lang.invoke.DirectMethodHandle$Holder.invokeInterface(java.lang.Object, java.lang.Object)'> (0x000000072f4b3da8) 
thrown [./open/src/hotspot/share/interpreter/linkResolver.cpp, line 782]
Event: 3.773 Thread 0x0000022cbc96da90 Exception <a 'java/lang/NoSuchMethodError'{0x00000007fffdcc60}: 'double java.lang.invoke.DirectMethodHandle$Holder.invokeStatic(java.lang.Object, java.lang.Object)'> (0x00000007fffdcc60) 
thrown [./open/src/hotspot/share/interpreter/linkResolver.cpp, line 782]
Event: 4.615 Thread 0x0000022cbc96da90 Exception <a 'java/lang/NoSuchMethodError'{0x00000007fff8f8b0}: 'java.lang.Object java.lang.invoke.DirectMethodHandle$Holder.invokeStatic(java.lang.Object, java.lang.Object, int)'> (0x00000007fff8f8b0) 
thrown [./open/src/hotspot/share/interpreter/linkResolver.cpp, line 782]
Event: 4.615 Thread 0x0000022cbc96da90 Exception <a 'java/lang/NoSuchMethodError'{0x00000007fff9b0d8}: 'void java.lang.invoke.DelegatingMethodHandle$Holder.delegate(java.lang.Object, java.lang.Object, int, java.lang.Object)'> (0x00000007fff9b0d8) 
thrown [./open/src/hotspot/share/interpreter/linkResolver.cpp, line 782]
Event: 4.616 Thread 0x0000022cbc96da90 Exception <a 'java/lang/NoSuchMethodError'{0x00000007fff9f280}: 'int java.lang.invoke.DirectMethodHandle$Holder.invokeSpecial(java.lang.Object, java.lang.Object, java.lang.Object)'> (0x00000007fff9f280) 
thrown [./open/src/hotspot/share/interpreter/linkResolver.cpp, line 782]
Event: 4.645 Thread 0x0000022cbc96da90 Exception <a 'sun/nio/fs/WindowsException'{0x000000073023f400}> (0x000000073023f400) 
thrown [./open/src/hotspot/share/prims/jni.cpp, line 578]
Event: 4.645 Thread 0x0000022cbc96da90 Exception <a 'sun/nio/fs/WindowsException'{0x000000073023f750}> (0x000000073023f750) 
thrown [./open/src/hotspot/share/prims/jni.cpp, line 578]
Event: 4.656 Thread 0x0000022cbc96da90 Exception <a 'sun/nio/fs/WindowsException'{0x00000007302769e0}> (0x00000007302769e0) 
thrown [./open/src/hotspot/share/prims/jni.cpp, line 578]
Event: 4.656 Thread 0x0000022cbc96da90 Exception <a 'sun/nio/fs/WindowsException'{0x0000000730276d80}> (0x0000000730276d80) 
thrown [./open/src/hotspot/share/prims/jni.cpp, line 578]
Event: 4.661 Thread 0x0000022cbc96da90 Exception <a 'sun/nio/fs/WindowsException'{0x0000000730289e50}> (0x0000000730289e50) 
thrown [./open/src/hotspot/share/prims/jni.cpp, line 578]
Event: 4.661 Thread 0x0000022cbc96da90 Exception <a 'sun/nio/fs/WindowsException'{0x000000073028a120}> (0x000000073028a120) 
thrown [./open/src/hotspot/share/prims/jni.cpp, line 578]
Event: 4.667 Thread 0x0000022cbc96da90 Exception <a 'java/lang/NoSuchMethodError'{0x00000007302e1970}: 'int java.lang.invoke.DirectMethodHandle$Holder.invokeStaticInit(java.lang.Object, java.lang.Object, int, long)'> (0x00000007302e1970) 
thrown [./open/src/hotspot/share/interpreter/linkResolver.cpp, line 782]
Event: 4.667 Thread 0x0000022cbc96da90 Exception <a 'java/lang/NoSuchMethodError'{0x00000007302e7708}: 'java.lang.Object java.lang.invoke.DirectMethodHandle$Holder.newInvokeSpecial(java.lang.Object, java.lang.Object, int)'> (0x00000007302e7708) 
thrown [./open/src/hotspot/share/interpreter/linkResolver.cpp, line 782]
Event: 4.668 Thread 0x0000022cbc96da90 Exception <a 'java/lang/NoSuchMethodError'{0x00000007302f5720}: 'int java.lang.invoke.DirectMethodHandle$Holder.invokeStaticInit(java.lang.Object, java.lang.Object, long, long)'> (0x00000007302f5720) 
thrown [./open/src/hotspot/share/interpreter/linkResolver.cpp, line 782]
Event: 4.669 Thread 0x0000022cbc96da90 Exception <a 'java/lang/NoSuchMethodError'{0x00000007302ffd98}: 'int java.lang.invoke.DirectMethodHandle$Holder.invokeStaticInit(java.lang.Object, java.lang.Object, java.lang.Object, long)'> (0x00000007302ffd98) 
thrown [./open/src/hotspot/share/interpreter/linkResolver.cpp, line 782]

Events (20 events):
Event: 4.639 Loaded shared library C:\Users\diego\AppData\Local\Temp\lwjgl_diego\3.3.4+7\x64\lwjgl.dll
Event: 4.645 loading class sun/nio/fs/WindowsException
Event: 4.645 loading class sun/nio/fs/WindowsException done
Event: 4.645 loading class java/nio/file/NoSuchFileException
Event: 4.645 loading class java/nio/file/FileSystemException
Event: 4.645 loading class java/nio/file/FileSystemException done
Event: 4.645 loading class java/nio/file/NoSuchFileException done
Event: 4.659 Loaded shared library C:\Users\diego\AppData\Local\Temp\lwjgl_diego\3.3.4+7\x64\lwjgl_opengl.dll
Event: 4.665 loading class java/lang/ThreadLocal$SuppliedThreadLocal
Event: 4.665 loading class java/lang/ThreadLocal$SuppliedThreadLocal done
Event: 4.665 loading class java/nio/DirectCharBufferU
Event: 4.665 loading class java/nio/DirectCharBufferU done
Event: 4.665 loading class java/nio/DirectDoubleBufferU
Event: 4.665 loading class java/nio/DirectDoubleBufferU done
Event: 4.666 loading class java/util/function/LongPredicate
Event: 4.666 loading class java/util/function/LongPredicate done
Event: 4.669 loading class java/math/MutableBigInteger
Event: 4.670 loading class java/math/MutableBigInteger done
Event: 4.670 loading class java/nio/InvalidMarkException
Event: 4.671 loading class java/nio/InvalidMarkException done


Dynamic libraries:
0x00007ff64a7b0000 - 0x00007ff64a7bf000 	C:\Program Files\Java\jdk-15.0.2\bin\java.exe
0x00007ff9941f0000 - 0x00007ff994407000 	C:\WINDOWS\SYSTEM32\ntdll.dll
0x00007ff993600000 - 0x00007ff9936c4000 	C:\WINDOWS\System32\KERNEL32.DLL
0x00007ff9919b0000 - 0x00007ff991d69000 	C:\WINDOWS\System32\KERNELBASE.dll
0x00007ff991df0000 - 0x00007ff991f01000 	C:\WINDOWS\System32\ucrtbase.dll
0x00007ff98b870000 - 0x00007ff98b889000 	C:\Program Files\Java\jdk-15.0.2\bin\VCRUNTIME140.dll
0x00007ff9867e0000 - 0x00007ff9867f8000 	C:\Program Files\Java\jdk-15.0.2\bin\jli.dll
0x00007ff993080000 - 0x00007ff993132000 	C:\WINDOWS\System32\ADVAPI32.dll
0x00007ff993550000 - 0x00007ff9935f7000 	C:\WINDOWS\System32\msvcrt.dll
0x00007ff9922d0000 - 0x00007ff992377000 	C:\WINDOWS\System32\sechost.dll
0x00007ff991980000 - 0x00007ff9919a8000 	C:\WINDOWS\System32\bcrypt.dll
0x00007ff992f50000 - 0x00007ff993064000 	C:\WINDOWS\System32\RPCRT4.dll
0x00007ff9920c0000 - 0x00007ff99226e000 	C:\WINDOWS\System32\USER32.dll
0x00007ff9918e0000 - 0x00007ff991906000 	C:\WINDOWS\System32\win32u.dll
0x00007ff993900000 - 0x00007ff993929000 	C:\WINDOWS\System32\GDI32.dll
0x00007ff991720000 - 0x00007ff99183b000 	C:\WINDOWS\System32\gdi32full.dll
0x00007ff9909b0000 - 0x00007ff990c42000 	C:\WINDOWS\WinSxS\amd64_microsoft.windows.common-controls_6595b64144ccf1df_6.0.22621.4391_none_2715d37f73803e96\COMCTL32.dll
0x00007ff991840000 - 0x00007ff9918da000 	C:\WINDOWS\System32\msvcp_win.dll
0x00007ff98cf80000 - 0x00007ff98cf8a000 	C:\WINDOWS\SYSTEM32\VERSION.dll
0x00007ff992430000 - 0x00007ff992461000 	C:\WINDOWS\System32\IMM32.DLL
0x00007ff98b860000 - 0x00007ff98b86c000 	C:\Program Files\Java\jdk-15.0.2\bin\vcruntime140_1.dll
0x00007ff986740000 - 0x00007ff9867d1000 	C:\Program Files\Java\jdk-15.0.2\bin\msvcp140.dll
0x00007ff968820000 - 0x00007ff96937e000 	C:\Program Files\Java\jdk-15.0.2\bin\server\jvm.dll
0x00007ff993070000 - 0x00007ff993078000 	C:\WINDOWS\System32\PSAPI.DLL
0x00007ff987a30000 - 0x00007ff987a64000 	C:\WINDOWS\SYSTEM32\WINMM.dll
0x00007ff986a90000 - 0x00007ff986a99000 	C:\WINDOWS\SYSTEM32\WSOCK32.dll
0x00007ff9936d0000 - 0x00007ff993741000 	C:\WINDOWS\System32\WS2_32.dll
0x00007ff98f5e0000 - 0x00007ff98f5f8000 	C:\WINDOWS\SYSTEM32\kernel.appcore.dll
0x00007ff986730000 - 0x00007ff98673a000 	C:\Program Files\Java\jdk-15.0.2\bin\jimage.dll
0x00007ff990d60000 - 0x00007ff990f92000 	C:\WINDOWS\SYSTEM32\DBGHELP.DLL
0x00007ff992470000 - 0x00007ff9927ff000 	C:\WINDOWS\System32\combase.dll
0x00007ff993140000 - 0x00007ff993217000 	C:\WINDOWS\System32\OLEAUT32.dll
0x00007ff990c50000 - 0x00007ff990c82000 	C:\WINDOWS\SYSTEM32\dbgcore.DLL
0x00007ff991d70000 - 0x00007ff991deb000 	C:\WINDOWS\System32\bcryptPrimitives.dll
0x00007ff986700000 - 0x00007ff986725000 	C:\Program Files\Java\jdk-15.0.2\bin\java.dll
0x00007ff993930000 - 0x00007ff9941a6000 	C:\WINDOWS\System32\SHELL32.dll
0x00007ff98e4c0000 - 0x00007ff98edc3000 	C:\WINDOWS\SYSTEM32\windows.storage.dll
0x00007ff98e380000 - 0x00007ff98e4bf000 	C:\WINDOWS\SYSTEM32\wintypes.dll
0x00007ff992c90000 - 0x00007ff992d89000 	C:\WINDOWS\System32\SHCORE.dll
0x00007ff993390000 - 0x00007ff9933ee000 	C:\WINDOWS\System32\shlwapi.dll
0x00007ff991420000 - 0x00007ff99144b000 	C:\WINDOWS\SYSTEM32\profapi.dll
0x00007ff9866e0000 - 0x00007ff9866f9000 	C:\Program Files\Java\jdk-15.0.2\bin\net.dll
0x00007ff98c470000 - 0x00007ff98c5a6000 	C:\WINDOWS\SYSTEM32\WINHTTP.dll
0x00007ff98fa30000 - 0x00007ff98fa99000 	C:\WINDOWS\system32\mswsock.dll
0x00007ff9866c0000 - 0x00007ff9866d2000 	C:\Program Files\Java\jdk-15.0.2\bin\nio.dll
0x00007ff9866a0000 - 0x00007ff9866b8000 	C:\Program Files\Java\jdk-15.0.2\bin\zip.dll
0x00007ff986210000 - 0x00007ff986390000 	C:\Program Files\Java\jdk-15.0.2\bin\awt.dll
0x00007ff98c230000 - 0x00007ff98c2c7000 	C:\WINDOWS\SYSTEM32\apphelp.dll
0x00007ff98cc40000 - 0x00007ff98ccf1000 	C:\WINDOWS\system32\uxtheme.dll
0x00007ff9933f0000 - 0x00007ff993550000 	C:\WINDOWS\System32\MSCTF.dll
0x00007ff991f10000 - 0x00007ff9920b5000 	C:\WINDOWS\System32\ole32.dll
0x00007ff98d090000 - 0x00007ff98d0bb000 	C:\WINDOWS\system32\DWMAPI.DLL
0x00007ff986690000 - 0x00007ff9866a0000 	C:\Program Files\Java\jdk-15.0.2\bin\verify.dll
0x00007ff9910a0000 - 0x00007ff9910bb000 	C:\WINDOWS\SYSTEM32\CRYPTSP.dll
0x00007ff98f540000 - 0x00007ff98f575000 	C:\WINDOWS\system32\rsaenh.dll
0x00007ff98fb40000 - 0x00007ff98fb68000 	C:\WINDOWS\SYSTEM32\USERENV.dll
0x00007ff990520000 - 0x00007ff99052c000 	C:\WINDOWS\SYSTEM32\CRYPTBASE.dll
0x00007ff98f030000 - 0x00007ff98f05d000 	C:\WINDOWS\SYSTEM32\IPHLPAPI.DLL
0x00007ff992420000 - 0x00007ff992429000 	C:\WINDOWS\System32\NSI.dll
0x00007ff98c430000 - 0x00007ff98c449000 	C:\WINDOWS\SYSTEM32\dhcpcsvc6.DLL
0x00007ff98c410000 - 0x00007ff98c42f000 	C:\WINDOWS\SYSTEM32\dhcpcsvc.DLL
0x00007ff98f0f0000 - 0x00007ff98f1f2000 	C:\WINDOWS\SYSTEM32\DNSAPI.dll
0x00007ff986670000 - 0x00007ff986683000 	C:\Users\diego\AppData\Local\Temp\jogamp_0000\file_cache\jln14661136043748704853\jln16980303358501584885\natives\windows-amd64\gluegen_rt.dll
0x00007ff986660000 - 0x00007ff986667000 	C:\Program Files\Java\jdk-15.0.2\bin\jawt.dll
0x00007ff986650000 - 0x00007ff98665d000 	C:\Users\diego\AppData\Local\Temp\jogamp_0000\file_cache\jln14661136043748704853\jln16980303358501584885\natives\windows-amd64\nativewindow_awt.dll
0x00007ff9860b0000 - 0x00007ff9861b0000 	C:\WINDOWS\system32\opengl32.dll
0x00007ff98ae70000 - 0x00007ff98ae9d000 	C:\WINDOWS\SYSTEM32\GLU32.dll
0x00007ff98d450000 - 0x00007ff98d487000 	C:\WINDOWS\SYSTEM32\dxcore.dll
0x00007ff9542c0000 - 0x00007ff954468000 	C:\WINDOWS\system32\d3d9.dll
0x00007ff987a70000 - 0x00007ff987c2b000 	C:\WINDOWS\System32\DriverStore\FileRepository\u0404276.inf_amd64_b6ae906c9d4ab767\B403905\aticfx64.dll
0x00007ff986610000 - 0x00007ff986644000 	C:\WINDOWS\System32\DriverStore\FileRepository\u0404276.inf_amd64_b6ae906c9d4ab767\B403905\atiu9p64.dll
0x00007ff927540000 - 0x00007ff928287000 	C:\WINDOWS\System32\DriverStore\FileRepository\u0404276.inf_amd64_b6ae906c9d4ab767\B403905\atiumd64.dll
0x0000000068400000 - 0x0000000069313000 	C:\WINDOWS\System32\DriverStore\FileRepository\u0404276.inf_amd64_b6ae906c9d4ab767\B403905\atiumd6a.dll
0x00007ff992800000 - 0x00007ff992c74000 	C:\WINDOWS\System32\SETUPAPI.dll
0x00007ff991210000 - 0x00007ff99125d000 	C:\WINDOWS\SYSTEM32\POWRPROF.dll
0x00007ff9911f0000 - 0x00007ff991203000 	C:\WINDOWS\SYSTEM32\UMPDC.dll
0x00007ff987770000 - 0x00007ff9877a5000 	C:\WINDOWS\SYSTEM32\amdihk64.dll
0x00007ff98a3e0000 - 0x00007ff98a429000 	C:\WINDOWS\SYSTEM32\directxdatabasehelper.dll
0x00007ff9865f0000 - 0x00007ff986605000 	C:\Users\diego\AppData\Local\Temp\jogamp_0000\file_cache\jln14661136043748704853\jln16980303358501584885\natives\windows-amd64\nativewindow_win32.dll
0x00007ff982110000 - 0x00007ff982193000 	C:\Users\diego\AppData\Local\Temp\jogamp_0000\file_cache\jln14661136043748704853\jln16980303358501584885\natives\windows-amd64\jogl_desktop.dll
0x00007ff9861b0000 - 0x00007ff986202000 	C:\Users\diego\AppData\Local\Temp\jogamp_0000\file_cache\jln14661136043748704853\jln16980303358501584885\natives\windows-amd64\jogl_mobile.dll
0x00007ff993850000 - 0x00007ff993900000 	C:\WINDOWS\System32\clbcatq.dll
0x00007ff989d70000 - 0x00007ff989eb4000 	C:\Windows\System32\AppXDeploymentClient.dll
0x00007ff9859d0000 - 0x00007ff9859fe000 	C:\WINDOWS\System32\DriverStore\FileRepository\u0404276.inf_amd64_b6ae906c9d4ab767\B403905\atig6pxx.dll
0x00007ff9131b0000 - 0x00007ff91768f000 	C:\WINDOWS\System32\DriverStore\FileRepository\u0404276.inf_amd64_b6ae906c9d4ab767\B403905\atio6axx.dll
0x00007ff991130000 - 0x00007ff99115c000 	C:\WINDOWS\SYSTEM32\DEVOBJ.dll
0x00007ff991160000 - 0x00007ff9911ae000 	C:\WINDOWS\SYSTEM32\cfgmgr32.dll
0x00007ff991910000 - 0x00007ff99197c000 	C:\WINDOWS\System32\WINTRUST.dll
0x00007ff9914f0000 - 0x00007ff991656000 	C:\WINDOWS\System32\CRYPT32.dll
0x00007ff990530000 - 0x00007ff990542000 	C:\WINDOWS\SYSTEM32\MSASN1.dll
0x00007ff982080000 - 0x00007ff982105000 	C:\Program Files\Java\jdk-15.0.2\bin\freetype.dll
0x00007ff97df70000 - 0x00007ff97e019000 	C:\Program Files\Java\jdk-15.0.2\bin\fontmanager.dll
0x00007ff987560000 - 0x00007ff9876a5000 	C:\WINDOWS\SYSTEM32\textinputframework.dll
0x00007ff98bdd0000 - 0x00007ff98bf03000 	C:\WINDOWS\SYSTEM32\CoreMessaging.dll
0x00007ff9899d0000 - 0x00007ff989d3d000 	C:\WINDOWS\SYSTEM32\CoreUIComponents.dll
0x00007ff981cd0000 - 0x00007ff981d4b000 	C:\Users\diego\AppData\Local\Temp\lwjgl_diego\3.3.4+7\x64\lwjgl.dll
0x00007ff981ba0000 - 0x00007ff981c01000 	C:\Users\diego\AppData\Local\Temp\lwjgl_diego\3.3.4+7\x64\lwjgl_opengl.dll

dbghelp: loaded successfully - version: 4.0.5 - missing functions: none
symbol engine: initialized successfully - sym options: 0x614 - pdb path: .;C:\Program Files\Java\jdk-15.0.2\bin;C:\WINDOWS\SYSTEM32;C:\WINDOWS\WinSxS\amd64_microsoft.windows.common-controls_6595b64144ccf1df_6.0.22621.4391_none_2715d37f73803e96;C:\Program Files\Java\jdk-15.0.2\bin\server;C:\Users\diego\AppData\Local\Temp\jogamp_0000\file_cache\jln14661136043748704853\jln16980303358501584885\natives\windows-amd64;C:\WINDOWS\System32\DriverStore\FileRepository\u0404276.inf_amd64_b6ae906c9d4ab767\B403905;C:\Users\diego\AppData\Local\Temp\lwjgl_diego\3.3.4+7\x64

VM Arguments:
jvm_args: -Dfile.encoding=UTF-8 
java_command: mampos.Mampos
java_class_path (initial): C:\Users\diego\OneDrive\Escritorio\Drive\Book\Book\gson-2.11.0.jar;C:\Users\diego\OneDrive\Escritorio\Drive\Book\Book\JOGL\JOML\joml-1.10.7.jar;C:\Users\diego\OneDrive\Escritorio\Drive\Book\Book\JOGL\jogamp-all-platforms\jar\gluegen-rt.jar;C:\Users\diego\OneDrive\Escritorio\Drive\Book\Book\JOGL\jogamp-all-platforms\jar\jogl-all.jar;C:\Program Files\NetBeans-23\netbeans\java\modules\ext\AbsoluteLayout.jar;C:\Users\diego\OneDrive\Escritorio\Drive\Book\Book\UJMP\ujmp-complete-0.3.0.jar;C:\Users\diego\OneDrive\Escritorio\Drive\Book\Book\pdf4j-icepdf-core-6.1.1.jar;C:\Users\diego\OneDrive\Escritorio\Drive\Book\Book\pdf4j-icepdf-viewer-6.1.1.jar;C:\Users\diego\OneDrive\Escritorio\Drive\LWJGL 3.3.4\lwjgl-natives-windows.jar;C:\Users\diego\OneDrive\Escritorio\Drive\LWJGL 3.3.4\lwjgl-opengl-natives-windows.jar;C:\Users\diego\OneDrive\Escritorio\Drive\LWJGL 3.3.4\lwjgl-opengl.jar;C:\Users\diego\OneDrive\Escritorio\tesisEstructural\df_1.1.3p1\dock\bin\docking-frames-common.jar;C:\Users\diego\OneDrive\Escritorio\tesisEstructural\df_1.1.3p1\dock\bin\docking-frames-core.jar;C:\Users\diego\OneDrive\Escritorio\tesisEstructural\sqlite-jdbc-3.46.1.3.jar;C:\Users\diego\OneDrive\Escritorio\Drive\LWJGL 3.3.4\lwjgl.jar;C:\Users\diego\OneDrive\Escritorio\tesisEstructural\Mampos\build\classes
Launcher Type: SUN_STANDARD

[Global flags]
     intx CICompilerCount                          = 12                                        {product} {ergonomic}
     uint ConcGCThreads                            = 3                                         {product} {ergonomic}
     uint G1ConcRefinementThreads                  = 13                                        {product} {ergonomic}
   size_t G1HeapRegionSize                         = 2097152                                   {product} {ergonomic}
    uintx GCDrainStackTargetSize                   = 64                                        {product} {ergonomic}
   size_t InitialHeapSize                          = 232783872                                 {product} {ergonomic}
   size_t MarkStackSize                            = 4194304                                   {product} {ergonomic}
   size_t MaxHeapSize                              = 3718250496                                {product} {ergonomic}
   size_t MaxNewSize                               = 2229272576                                {product} {ergonomic}
   size_t MinHeapDeltaBytes                        = 2097152                                   {product} {ergonomic}
   size_t MinHeapSize                              = 8388608                                   {product} {ergonomic}
    uintx NonNMethodCodeHeapSize                   = 7602480                                {pd product} {ergonomic}
    uintx NonProfiledCodeHeapSize                  = 122027880                              {pd product} {ergonomic}
    uintx ProfiledCodeHeapSize                     = 122027880                              {pd product} {ergonomic}
    uintx ReservedCodeCacheSize                    = 251658240                              {pd product} {ergonomic}
     bool SegmentedCodeCache                       = true                                      {product} {ergonomic}
   size_t SoftMaxHeapSize                          = 3718250496                             {manageable} {ergonomic}
     bool UseCompressedClassPointers               = true                                 {lp64_product} {ergonomic}
     bool UseCompressedOops                        = true                                 {lp64_product} {ergonomic}
     bool UseG1GC                                  = true                                      {product} {ergonomic}
     bool UseLargePagesIndividualAllocation        = false                                  {pd product} {ergonomic}

Logging:
Log output configuration:
 #0: stdout all=warning uptime,level,tags
 #1: stderr all=off uptime,level,tags

Environment Variables:
JAVA_HOME=C:\Program Files\Java\jdk-15.0.2
PATH=C:\ffmpeg\bin;C:\Program Files\Common Files\Oracle\Java\javapath;C:\Program Files (x86)\Common Files\Oracle\Java\java8path;C:\Program Files (x86)\Common Files\Oracle\Java\javapath;C:\Program Files (x86)\Common Files\Intel\Shared Libraries\redist\intel64_win\compiler;C:\WINDOWS\system32;C:\WINDOWS;C:\WINDOWS\System32\Wbem;C:\WINDOWS\System32\WindowsPowerShell\v1.0\;C:\WINDOWS\System32\OpenSSH\;C:\Program Files\dotnet\;C:\Program Files\Common Files\Autodesk Shared\;C:\Program Files\Git\cmd;C:\Program Files\Azure Data Studio\bin;C:\Program Files\Microsoft SQL Server\Client SDK\ODBC\170\Tools\Binn\;C:\Program Files\Microsoft SQL Server\Client SDK\ODBC\110\Tools\Binn\;C:\Program Files (x86)\Microsoft SQL Server\120\Tools\Binn\ManagementStudio\;C:\Program Files (x86)\Microsoft SQL Server\120\Tools\Binn\;C:\Program Files\Microsoft SQL Server\120\Tools\Binn\;C:\Program Files (x86)\Microsoft SQL Server\120\DTS\Binn\;C:\Program Files\Microsoft SQL Server\120\DTS\Binn\;C:\Program Files (x86)\Microsoft SQL Server\160\Too;C:\Program Files\Microsoft SQL Server\160\DTS\Binn\;C:\Users\diego\AppData\Local\Programs\Python\Python311\Scripts\;C:\Users\diego\AppData\Local\Programs\Python\Python311\;C:\Users\diego\AppData\Local\Microsoft\WindowsApps;C:\Users\diego\AppData\Local\Programs\Microsoft VS Code\bin;C:\Program Files\Azure Data Studio\bin;C:\Users\diego\AppData\Roaming\npm;C:\src\flutter\bin;C:\Users\diego\AppData\Local\Pub\Cache\bin;C:\Program Files\MongoDB\Server\6.0\bin;C:\Users\diego\AppData\Local\GitHubDesktop\bin;C:\Program Files\JetBrains\IntelliJ IDEA 2024.1.4\bin;;C:\sqlite3;C:\Program Files\JetBrains\IntelliJ IDEA Community Edition 2024.2.2\bin;;C:\Users\diego\AppData\Local\Programs\MiKTeX\miktex\bin\x64\
USERNAME=diego
OS=Windows_NT
PROCESSOR_IDENTIFIER=AMD64 Family 23 Model 104 Stepping 1, AuthenticAMD



---------------  S Y S T E M  ---------------

OS:
 Windows 10 , 64 bit Build 22621 (10.0.22621.4391)
OS uptime: 0 days 1:13 hours
HyperV virtualization detected

CPU: total 16 (initial active 16) (16 cores per cpu, 2 threads per core) family 23 model 104 stepping 1 microcode 0x0, cmov, cx8, fxsr, mmx, sse, sse2, sse3, ssse3, sse4.1, sse4.2, popcnt, vzeroupper, avx, avx2, aes, clmul, 3dnowpref, lzcnt, sse4a, ht, tsc, tscinvbit, tscinv, bmi1, bmi2, adx, sha, fma, clflush, clflushopt

Memory: 4k page, system-wide physical 14181M (4729M free)
TotalPageFile size 26181M (AvailPageFile size 15389M)
current process WorkingSet (physical memory assigned to process): 427M, peak: 427M
current process commit charge ("private bytes"): 651M, peak: 651M

vm_info: Java HotSpot(TM) 64-Bit Server VM (15.0.2+7-27) for windows-amd64 JRE (15.0.2+7-27), built on Dec  7 2020 20:07:01 by "mach5one" with unknown MS VC++:1925

END.
