#
# A fatal error has been detected by the Java Runtime Environment:
#
#  EXCEPTION_ACCESS_VIOLATION (0xc0000005) at pc=0x000001d36abffe40, pid=29244, tid=23656
#
# JRE version: Java(TM) SE Runtime Environment (15.0.2+7) (build 15.0.2+7-27)
# Java VM: Java HotSpot(TM) 64-Bit Server VM (15.0.2+7-27, mixed mode, sharing, tiered, compressed oops, g1 gc, windows-amd64)
# Problematic frame:
# C  0x000001d36abffe40
#
# No core dump will be written. Minidumps are not enabled by default on client versions of Windows
#
# If you would like to submit a bug report, please visit:
#   https://bugreport.java.com/bugreport/crash.jsp
# The crash happened outside the Java Virtual Machine in native code.
# See problematic frame for where to report the bug.
#

---------------  S U M M A R Y ------------

Command Line: -Dfile.encoding=UTF-8 --module-path=C:\GD\Mampos\Mampos\build\classes mampos.Mampos --add-exports java.base/java.lang=ALL-UNNAMED --add-exports java.desktop/sun.awt=ALL-UNNAMED --add-exports java.desktop/sun.java2d=ALL-UNNAMED

Host: AMD Ryzen 7 3700X 8-Core Processor             , 16 cores, 31G,  Windows 10 , 64 bit Build 19041 (10.0.19041.4717)
Time: Tue Sep  3 22:12:42 2024 Hora estándar, América Central elapsed time: 2.541018 seconds (0d 0h 0m 2s)

---------------  T H R E A D  ---------------

Current thread (0x000001d3611817c0):  JavaThread "AWT-EventQueue-0" [_thread_in_native, id=23656, stack(0x0000008771e00000,0x0000008771f00000)]

Stack: [0x0000008771e00000,0x0000008771f00000],  sp=0x0000008771efe200,  free space=1016k
Native frames: (J=compiled Java code, j=interpreted, Vv=VM code, C=native code)
C  0x000001d36abffe40

Java frames: (J=compiled Java code, j=interpreted, Vv=VM code)
j  jogamp.opengl.gl4.GL4bcImpl.dispatch_glDrawArrays1(IIIJ)V+0
j  jogamp.opengl.gl4.GL4bcImpl.glDrawArrays(III)V+45
j  components.ControladorDeCotas.dibujarCotas(Lcom/jogamp/opengl/GL4;[III)V+53
j  rendering.ProjectionSpace.display(Lcom/jogamp/opengl/GLAutoDrawable;)V+253
j  jogamp.opengl.GLDrawableHelper.displayImpl(Lcom/jogamp/opengl/GLAutoDrawable;)V+62
j  jogamp.opengl.GLDrawableHelper.display(Lcom/jogamp/opengl/GLAutoDrawable;)V+2
j  com.jogamp.opengl.awt.GLCanvas$10.run()V+118
j  jogamp.opengl.GLDrawableHelper.invokeGLImpl(Lcom/jogamp/opengl/GLDrawable;Lcom/jogamp/opengl/GLContext;Ljava/lang/Runnable;Ljava/lang/Runnable;)V+205
j  jogamp.opengl.GLDrawableHelper.invokeGL(Lcom/jogamp/opengl/GLDrawable;Lcom/jogamp/opengl/GLContext;Ljava/lang/Runnable;Ljava/lang/Runnable;)V+75
j  com.jogamp.opengl.awt.GLCanvas$11.run()V+104
j  java.awt.event.InvocationEvent.dispatch()V+11 java.desktop@15.0.2
j  java.awt.EventQueue.dispatchEventImpl(Ljava/awt/AWTEvent;Ljava/lang/Object;)V+21 java.desktop@15.0.2
j  java.awt.EventQueue$4.run()Ljava/lang/Void;+32 java.desktop@15.0.2
j  java.awt.EventQueue$4.run()Ljava/lang/Object;+1 java.desktop@15.0.2
J 880 c1 java.security.AccessController.executePrivileged(Ljava/security/PrivilegedAction;Ljava/security/AccessControlContext;Ljava/lang/Class;)Ljava/lang/Object; java.base@15.0.2 (65 bytes) @ 0x000001d33b36e444 [0x000001d33b36e2e0+0x0000000000000164]
j  java.security.AccessController.doPrivileged(Ljava/security/PrivilegedAction;Ljava/security/AccessControlContext;)Ljava/lang/Object;+13 java.base@15.0.2
j  java.security.ProtectionDomain$JavaSecurityAccessImpl.doIntersectionPrivilege(Ljava/security/PrivilegedAction;Ljava/security/AccessControlContext;Ljava/security/AccessControlContext;)Ljava/lang/Object;+18 java.base@15.0.2
j  java.awt.EventQueue.dispatchEvent(Ljava/awt/AWTEvent;)V+46 java.desktop@15.0.2
j  java.awt.EventDispatchThread.pumpOneEventForFilters(I)V+78 java.desktop@15.0.2
j  java.awt.EventDispatchThread.pumpEventsForFilter(ILjava/awt/Conditional;Ljava/awt/EventFilter;)V+35 java.desktop@15.0.2
j  java.awt.EventDispatchThread.pumpEventsForHierarchy(ILjava/awt/Conditional;Ljava/awt/Component;)V+11 java.desktop@15.0.2
j  java.awt.EventDispatchThread.pumpEvents(ILjava/awt/Conditional;)V+4 java.desktop@15.0.2
j  java.awt.EventDispatchThread.pumpEvents(Ljava/awt/Conditional;)V+3 java.desktop@15.0.2
j  java.awt.EventDispatchThread.run()V+9 java.desktop@15.0.2
v  ~StubRoutines::call_stub

siginfo: EXCEPTION_ACCESS_VIOLATION (0xc0000005), reading address 0x0000000000000000


Register to memory mapping:

RIP=0x000001d36abffe40 points into unknown readable memory: 0x893889046e8b3e8b | 8b 3e 8b 6e 04 89 38 89
RAX=0x000001d3748da040 points into unknown readable memory: 0x0000000000000000 | 00 00 00 00 00 00 00 00
RBX=0x000001d36af70000 points into unknown readable memory: 0x000001d3692a2f50 | 50 2f 2a 69 d3 01 00 00
RCX=0x0 is NULL
RDX=0x0000000000000012 is an unknown value
RSP=0x0000008771efe200 is pointing into the stack for thread: 0x000001d3611817c0
RBP=0x000001d3698a6bf0 points into unknown readable memory: 0x0000000000000400 | 00 04 00 00 00 00 00 00
RSI=0x0 is NULL
RDI=0x0 is NULL
R8 =0x0 is NULL
R9 =0x0000000000000012 is an unknown value
R10=0x000001d3698a6bf0 points into unknown readable memory: 0x0000000000000400 | 00 04 00 00 00 00 00 00
R11=0x0 is NULL
R12=0x0 is NULL
R13=0x0 is NULL
R14=0x0000000000000001 is an unknown value
R15=0x000001d3748da040 points into unknown readable memory: 0x0000000000000000 | 00 00 00 00 00 00 00 00


Registers:
RAX=0x000001d3748da040, RBX=0x000001d36af70000, RCX=0x0000000000000000, RDX=0x0000000000000012
RSP=0x0000008771efe200, RBP=0x000001d3698a6bf0, RSI=0x0000000000000000, RDI=0x0000000000000000
R8 =0x0000000000000000, R9 =0x0000000000000012, R10=0x000001d3698a6bf0, R11=0x0000000000000000
R12=0x0000000000000000, R13=0x0000000000000000, R14=0x0000000000000001, R15=0x000001d3748da040
RIP=0x000001d36abffe40, EFLAGS=0x0000000000010206

Top of Stack: (sp=0x0000008771efe200)
0x0000008771efe200:   000001d300000000 0000000000000000
0x0000008771efe210:   0000000000000012 000001d36af70000
0x0000008771efe220:   000001d3698a6bf0 00007ffa8329944c
0x0000008771efe230:   000001d36af70000 000001d3698a6bf0
0x0000008771efe240:   0000000000000012 000001d36af70000
0x0000008771efe250:   000001d369d79878 0000000000000003
0x0000008771efe260:   0000000000000012 000001d369d79878
0x0000008771efe270:   0000000000000001 000001d3698a6bf0
0x0000008771efe280:   0000000000000012 0000000000000000
0x0000008771efe290:   000001d36af70000 00007ffa83295433
0x0000008771efe2a0:   000001d300000000 0000000000000000
0x0000008771efe2b0:   0000000000000001 0000000000000012
0x0000008771efe2c0:   0000000000000083 00c0000000000000
0x0000008771efe2d0:   000001d369d79878 000001d3698a6bf0
0x0000008771efe2e0:   0000000000000000 00007ffa83295690
0x0000008771efe2f0:   0000000000000012 000001d36af70000 

Instructions: (pc=0x000001d36abffe40)
0x000001d36abffd40:   00 00 00 00 00 00 00 00 00 00 00 00 00 00 00 00
0x000001d36abffd50:   00 00 00 00 00 00 00 00 00 00 00 00 00 00 00 00
0x000001d36abffd60:   00 00 00 00 00 00 00 00 00 00 00 00 00 00 00 00
0x000001d36abffd70:   00 00 00 00 00 00 00 00 00 00 00 00 00 00 00 00
0x000001d36abffd80:   00 00 00 00 00 00 00 00 00 00 00 00 00 00 00 00
0x000001d36abffd90:   00 00 00 00 00 00 00 00 00 00 00 00 00 00 00 00
0x000001d36abffda0:   00 00 00 00 00 00 00 00 00 00 00 00 00 00 00 00
0x000001d36abffdb0:   00 00 00 00 00 00 00 00 00 00 00 00 00 00 00 00
0x000001d36abffdc0:   00 00 00 00 00 00 00 00 00 00 00 00 00 00 00 00
0x000001d36abffdd0:   00 00 00 00 00 00 00 00 00 00 00 00 00 00 00 00
0x000001d36abffde0:   00 00 00 00 00 00 00 00 00 00 00 00 00 00 00 00
0x000001d36abffdf0:   00 00 00 00 00 00 00 00 40 ff ff ff c0 fd 00 00
0x000001d36abffe00:   48 83 ec 28 48 89 6c 24 20 48 89 5c 24 18 48 89
0x000001d36abffe10:   74 24 10 48 89 7c 24 08 48 8b d9 48 8b c2 49 8b
0x000001d36abffe20:   c8 49 8b d1 48 be b0 8d fc 6a d3 01 00 00 48 8b
0x000001d36abffe30:   36 48 8b b6 08 03 00 00 48 8d 3c 49 48 8d 34 be
0x000001d36abffe40:   8b 3e 8b 6e 04 89 38 89 68 04 8b 7e 08 89 78 08
0x000001d36abffe50:   48 be b0 8d fc 6a d3 01 00 00 48 8b 36 48 8b b6
0x000001d36abffe60:   38 03 00 00 48 8d 34 ce 8b 3e 8b 6e 04 89 78 0c
0x000001d36abffe70:   89 68 10 48 83 c0 14 ff c1 ff ca 75 a7 48 8b 7c
0x000001d36abffe80:   24 08 48 8b 74 24 10 48 8b 5c 24 18 48 8b 6c 24
0x000001d36abffe90:   20 48 83 c4 28 c3 00 00 00 00 00 00 00 00 00 00
0x000001d36abffea0:   00 00 00 00 00 00 00 00 00 00 00 00 00 00 00 00
0x000001d36abffeb0:   00 00 00 00 00 00 00 00 80 ff ff ff c0 00 00 00
0x000001d36abffec0:   55 48 8b ec 53 56 57 4c 8b da 4c 8b d1 49 8b f2
0x000001d36abffed0:   49 8b fb 41 8b e8 85 ed 0f 84 30 00 00 00 b9 03
0x000001d36abffee0:   00 00 00 0f 8f 05 00 00 00 48 f7 d9 f7 dd 0f b6
0x000001d36abffef0:   5e 02 c1 e3 10 0f b7 16 0b da 48 03 f1 48 83 c7
0x000001d36abfff00:   04 81 e3 ff ff ff 00 ff cd 89 5f fc 75 e0 5f 5e
0x000001d36abfff10:   5b 5d c3 00 00 00 00 00 00 00 00 00 00 00 00 00
0x000001d36abfff20:   00 00 00 00 00 00 00 00 00 00 00 00 00 00 00 00
0x000001d36abfff30:   00 00 00 00 00 00 00 00 c0 ff ff ff 80 00 00 00 


Stack slot to memory mapping:
stack at sp + 0 slots: 0x000001d300000000 is an unknown value
stack at sp + 1 slots: 0x0 is NULL
stack at sp + 2 slots: 0x0000000000000012 is an unknown value
stack at sp + 3 slots: 0x000001d36af70000 points into unknown readable memory: 0x000001d3692a2f50 | 50 2f 2a 69 d3 01 00 00
stack at sp + 4 slots: 0x000001d3698a6bf0 points into unknown readable memory: 0x0000000000000400 | 00 04 00 00 00 00 00 00
stack at sp + 5 slots: 0x00007ffa8329944c nvoglv64.dll
stack at sp + 6 slots: 0x000001d36af70000 points into unknown readable memory: 0x000001d3692a2f50 | 50 2f 2a 69 d3 01 00 00
stack at sp + 7 slots: 0x000001d3698a6bf0 points into unknown readable memory: 0x0000000000000400 | 00 04 00 00 00 00 00 00


---------------  P R O C E S S  ---------------

Threads class SMR info:
_java_thread_list=0x000001d36973a160, length=22, elements={
0x000001d3602677a0, 0x000001d360268b10, 0x000001d36027eb60, 0x000001d360281a20,
0x000001d3602834e0, 0x000001d36028b3a0, 0x000001d36028bf40, 0x000001d36028ca30,
0x000001d360c1c040, 0x000001d360c23790, 0x000001d360cb9830, 0x000001d36119a3e0,
0x000001d36119acb0, 0x000001d361172e40, 0x000001d3611817c0, 0x000001d33289ec30,
0x000001d36155a110, 0x000001d368f3b030, 0x000001d36155a5e0, 0x000001d36155aab0,
0x000001d3696de0a0, 0x000001d3696d8ed0
}

Java Threads: ( => current thread )
  0x000001d3602677a0 JavaThread "Reference Handler" daemon [_thread_blocked, id=26700, stack(0x0000008770e00000,0x0000008770f00000)]
  0x000001d360268b10 JavaThread "Finalizer" daemon [_thread_blocked, id=28784, stack(0x0000008770f00000,0x0000008771000000)]
  0x000001d36027eb60 JavaThread "Signal Dispatcher" daemon [_thread_blocked, id=25692, stack(0x0000008771000000,0x0000008771100000)]
  0x000001d360281a20 JavaThread "Attach Listener" daemon [_thread_blocked, id=27012, stack(0x0000008771100000,0x0000008771200000)]
  0x000001d3602834e0 JavaThread "Service Thread" daemon [_thread_blocked, id=29604, stack(0x0000008771200000,0x0000008771300000)]
  0x000001d36028b3a0 JavaThread "C2 CompilerThread0" daemon [_thread_blocked, id=28372, stack(0x0000008771300000,0x0000008771400000)]
  0x000001d36028bf40 JavaThread "C1 CompilerThread0" daemon [_thread_blocked, id=29112, stack(0x0000008771400000,0x0000008771500000)]
  0x000001d36028ca30 JavaThread "Sweeper thread" daemon [_thread_blocked, id=26560, stack(0x0000008771500000,0x0000008771600000)]
  0x000001d360c1c040 JavaThread "Common-Cleaner" daemon [_thread_blocked, id=30196, stack(0x0000008771600000,0x0000008771700000)]
  0x000001d360c23790 JavaThread "C1 CompilerThread1" daemon [_thread_blocked, id=24200, stack(0x0000008771700000,0x0000008771800000)]
  0x000001d360cb9830 JavaThread "Notification Thread" daemon [_thread_blocked, id=26256, stack(0x0000008771900000,0x0000008771a00000)]
  0x000001d36119a3e0 JavaThread "Java2D Disposer" daemon [_thread_blocked, id=29040, stack(0x0000008771b00000,0x0000008771c00000)]
  0x000001d36119acb0 JavaThread "AWT-Shutdown" [_thread_blocked, id=2904, stack(0x0000008771c00000,0x0000008771d00000)]
  0x000001d361172e40 JavaThread "AWT-Windows" daemon [_thread_in_native, id=27792, stack(0x0000008771d00000,0x0000008771e00000)]
=>0x000001d3611817c0 JavaThread "AWT-EventQueue-0" [_thread_in_native, id=23656, stack(0x0000008771e00000,0x0000008771f00000)]
  0x000001d33289ec30 JavaThread "DestroyJavaVM" [_thread_blocked, id=25436, stack(0x0000008770700000,0x0000008770800000)]
  0x000001d36155a110 JavaThread "TimerQueue" daemon [_thread_blocked, id=29720, stack(0x0000008772100000,0x0000008772200000)]
  0x000001d368f3b030 JavaThread "C1 CompilerThread2" daemon [_thread_blocked, id=29948, stack(0x0000008772500000,0x0000008772600000)]
  0x000001d36155a5e0 JavaThread "AWT-EventQueue-0-SharedResourceRunner" daemon [_thread_blocked, id=3752, stack(0x0000008772600000,0x0000008772700000)]
  0x000001d36155aab0 JavaThread "AWT-EventQueue-0-AWTAnimator#00" [_thread_blocked, id=15156, stack(0x0000008773400000,0x0000008773500000)]
  0x000001d3696de0a0 JavaThread "AWT-EventQueue-0-AWTAnimator#01" [_thread_blocked, id=312, stack(0x0000008773500000,0x0000008773600000)]
  0x000001d3696d8ed0 JavaThread "D3D Screen Updater" daemon [_thread_blocked, id=29468, stack(0x0000008773600000,0x0000008773700000)]

Other Threads:
  0x000001d360263770 VMThread "VM Thread" [stack: 0x0000008770d00000,0x0000008770e00000] [id=25688]
  0x000001d360cbb140 WatcherThread [stack: 0x0000008771a00000,0x0000008771b00000] [id=30104]
  0x000001d332916750 GCTaskThread "GC Thread#0" [stack: 0x0000008770800000,0x0000008770900000] [id=30592]
  0x000001d369734df0 GCTaskThread "GC Thread#1" [stack: 0x0000008772900000,0x0000008772a00000] [id=29312]
  0x000001d369732ae0 GCTaskThread "GC Thread#2" [stack: 0x0000008772a00000,0x0000008772b00000] [id=28916]
  0x000001d369732480 GCTaskThread "GC Thread#3" [stack: 0x0000008772b00000,0x0000008772c00000] [id=15400]
  0x000001d369731490 GCTaskThread "GC Thread#4" [stack: 0x0000008772c00000,0x0000008772d00000] [id=16144]
  0x000001d369734130 GCTaskThread "GC Thread#5" [stack: 0x0000008772d00000,0x0000008772e00000] [id=24780]
  0x000001d369733ad0 GCTaskThread "GC Thread#6" [stack: 0x0000008772e00000,0x0000008772f00000] [id=29588]
  0x000001d3697317c0 GCTaskThread "GC Thread#7" [stack: 0x0000008772f00000,0x0000008773000000] [id=24536]
  0x000001d369731af0 GCTaskThread "GC Thread#8" [stack: 0x0000008773000000,0x0000008773100000] [id=30132]
  0x000001d369731e20 GCTaskThread "GC Thread#9" [stack: 0x0000008773100000,0x0000008773200000] [id=30216]
  0x000001d369732150 GCTaskThread "GC Thread#10" [stack: 0x0000008773200000,0x0000008773300000] [id=7348]
  0x000001d3697337a0 GCTaskThread "GC Thread#11" [stack: 0x0000008773300000,0x0000008773400000] [id=26248]
  0x000001d332927820 ConcurrentGCThread "G1 Main Marker" [stack: 0x0000008770900000,0x0000008770a00000] [id=11580]
  0x000001d332928bb0 ConcurrentGCThread "G1 Conc#0" [stack: 0x0000008770a00000,0x0000008770b00000] [id=5180]
  0x000001d33296eb00 ConcurrentGCThread "G1 Refine#0" [stack: 0x0000008770b00000,0x0000008770c00000] [id=11196]
  0x000001d360158970 ConcurrentGCThread "G1 Young RemSet Sampling" [stack: 0x0000008770c00000,0x0000008770d00000] [id=25440]

Threads with active compile tasks:

VM state: not at safepoint (normal execution)

VM Mutex/Monitor currently owned by a thread: None

Heap address: 0x0000000601000000, size: 8176 MB, Compressed Oops mode: Zero based, Oop shift amount: 3
CDS archive(s) mapped at: [0x0000000800000000-0x0000000800b50000-0x0000000800b50000), size 11862016, SharedBaseAddress: 0x0000000800000000, ArchiveRelocationMode: 0.
Compressed class space mapped at: 0x0000000800b50000-0x0000000840b50000, size: 1073741824
Narrow klass base: 0x0000000800000000, Narrow klass shift: 3, Narrow klass range: 0x100000000

GC Precious Log:
 CPUs: 16 total, 16 available
 Memory: 32689M
 Large Page Support: Disabled
 NUMA Support: Disabled
 Compressed Oops: Enabled (Zero based)
 Heap Region Size: 4M
 Heap Min Capacity: 8M
 Heap Initial Capacity: 512M
 Heap Max Capacity: 8176M
 Pre-touch: Disabled
 Parallel Workers: 13
 Concurrent Workers: 3
 Concurrent Refinement Workers: 13
 Periodic GC: Disabled

Heap:
 garbage-first heap   total 524288K, used 54739K [0x0000000601000000, 0x0000000800000000)
  region size 4096K, 6 young (24576K), 2 survivors (8192K)
 Metaspace       used 18861K, capacity 19062K, committed 19456K, reserved 1067008K
  class space    used 1667K, capacity 1726K, committed 1792K, reserved 1048576K

Heap Regions: E=young(eden), S=young(survivor), O=old, HS=humongous(starts), HC=humongous(continues), CS=collection set, F=free, OA=open archive, CA=closed archive, TAMS=top-at-mark-start (previous, next)
|   0|0x0000000601000000, 0x0000000601400000, 0x0000000601400000|100%| O|  |TAMS 0x0000000601000000, 0x0000000601000000| Untracked 
|   1|0x0000000601400000, 0x0000000601800000, 0x0000000601800000|100%| O|  |TAMS 0x0000000601400000, 0x0000000601400000| Untracked 
|   2|0x0000000601800000, 0x0000000601c00000, 0x0000000601c00000|100%| O|  |TAMS 0x0000000601800000, 0x0000000601800000| Untracked 
|   3|0x0000000601c00000, 0x0000000602000000, 0x0000000602000000|100%| O|  |TAMS 0x0000000601c00000, 0x0000000601c00000| Untracked 
|   4|0x0000000602000000, 0x0000000602400000, 0x0000000602400000|100%| O|  |TAMS 0x0000000602000000, 0x0000000602000000| Untracked 
|   5|0x0000000602400000, 0x0000000602800000, 0x0000000602800000|100%| O|  |TAMS 0x0000000602400000, 0x0000000602400000| Untracked 
|   6|0x0000000602800000, 0x0000000602c00000, 0x0000000602c00000|100%| O|  |TAMS 0x0000000602800000, 0x0000000602800000| Untracked 
|   7|0x0000000602c00000, 0x0000000603000000, 0x0000000603000000|100%| O|  |TAMS 0x0000000602c00000, 0x0000000602c00000| Untracked 
|   8|0x0000000603000000, 0x0000000603174c00, 0x0000000603400000| 36%| O|  |TAMS 0x0000000603000000, 0x0000000603000000| Untracked 
|   9|0x0000000603400000, 0x0000000603400000, 0x0000000603800000|  0%| F|  |TAMS 0x0000000603400000, 0x0000000603400000| Untracked 
|  10|0x0000000603800000, 0x0000000603800000, 0x0000000603c00000|  0%| F|  |TAMS 0x0000000603800000, 0x0000000603800000| Untracked 
|  11|0x0000000603c00000, 0x0000000603c00000, 0x0000000604000000|  0%| F|  |TAMS 0x0000000603c00000, 0x0000000603c00000| Untracked 
|  12|0x0000000604000000, 0x0000000604000000, 0x0000000604400000|  0%| F|  |TAMS 0x0000000604000000, 0x0000000604000000| Untracked 
|  13|0x0000000604400000, 0x0000000604400000, 0x0000000604800000|  0%| F|  |TAMS 0x0000000604400000, 0x0000000604400000| Untracked 
|  14|0x0000000604800000, 0x0000000604800000, 0x0000000604c00000|  0%| F|  |TAMS 0x0000000604800000, 0x0000000604800000| Untracked 
|  15|0x0000000604c00000, 0x0000000604c00000, 0x0000000605000000|  0%| F|  |TAMS 0x0000000604c00000, 0x0000000604c00000| Untracked 
|  16|0x0000000605000000, 0x0000000605000000, 0x0000000605400000|  0%| F|  |TAMS 0x0000000605000000, 0x0000000605000000| Untracked 
|  17|0x0000000605400000, 0x0000000605400000, 0x0000000605800000|  0%| F|  |TAMS 0x0000000605400000, 0x0000000605400000| Untracked 
|  18|0x0000000605800000, 0x0000000605800000, 0x0000000605c00000|  0%| F|  |TAMS 0x0000000605800000, 0x0000000605800000| Untracked 
|  19|0x0000000605c00000, 0x0000000605c00000, 0x0000000606000000|  0%| F|  |TAMS 0x0000000605c00000, 0x0000000605c00000| Untracked 
|  20|0x0000000606000000, 0x0000000606000000, 0x0000000606400000|  0%| F|  |TAMS 0x0000000606000000, 0x0000000606000000| Untracked 
|  21|0x0000000606400000, 0x0000000606400000, 0x0000000606800000|  0%| F|  |TAMS 0x0000000606400000, 0x0000000606400000| Untracked 
|  22|0x0000000606800000, 0x0000000606800000, 0x0000000606c00000|  0%| F|  |TAMS 0x0000000606800000, 0x0000000606800000| Untracked 
|  23|0x0000000606c00000, 0x0000000606c00000, 0x0000000607000000|  0%| F|  |TAMS 0x0000000606c00000, 0x0000000606c00000| Untracked 
|  24|0x0000000607000000, 0x0000000607000000, 0x0000000607400000|  0%| F|  |TAMS 0x0000000607000000, 0x0000000607000000| Untracked 
|  25|0x0000000607400000, 0x0000000607400000, 0x0000000607800000|  0%| F|  |TAMS 0x0000000607400000, 0x0000000607400000| Untracked 
|  26|0x0000000607800000, 0x0000000607800000, 0x0000000607c00000|  0%| F|  |TAMS 0x0000000607800000, 0x0000000607800000| Untracked 
|  27|0x0000000607c00000, 0x0000000607c00000, 0x0000000608000000|  0%| F|  |TAMS 0x0000000607c00000, 0x0000000607c00000| Untracked 
|  28|0x0000000608000000, 0x0000000608000000, 0x0000000608400000|  0%| F|  |TAMS 0x0000000608000000, 0x0000000608000000| Untracked 
|  29|0x0000000608400000, 0x0000000608400000, 0x0000000608800000|  0%| F|  |TAMS 0x0000000608400000, 0x0000000608400000| Untracked 
|  30|0x0000000608800000, 0x0000000608800000, 0x0000000608c00000|  0%| F|  |TAMS 0x0000000608800000, 0x0000000608800000| Untracked 
|  31|0x0000000608c00000, 0x0000000608c00000, 0x0000000609000000|  0%| F|  |TAMS 0x0000000608c00000, 0x0000000608c00000| Untracked 
|  32|0x0000000609000000, 0x0000000609000000, 0x0000000609400000|  0%| F|  |TAMS 0x0000000609000000, 0x0000000609000000| Untracked 
|  33|0x0000000609400000, 0x0000000609400000, 0x0000000609800000|  0%| F|  |TAMS 0x0000000609400000, 0x0000000609400000| Untracked 
|  34|0x0000000609800000, 0x0000000609800000, 0x0000000609c00000|  0%| F|  |TAMS 0x0000000609800000, 0x0000000609800000| Untracked 
|  35|0x0000000609c00000, 0x0000000609c00000, 0x000000060a000000|  0%| F|  |TAMS 0x0000000609c00000, 0x0000000609c00000| Untracked 
|  36|0x000000060a000000, 0x000000060a000000, 0x000000060a400000|  0%| F|  |TAMS 0x000000060a000000, 0x000000060a000000| Untracked 
|  37|0x000000060a400000, 0x000000060a400000, 0x000000060a800000|  0%| F|  |TAMS 0x000000060a400000, 0x000000060a400000| Untracked 
|  38|0x000000060a800000, 0x000000060a800000, 0x000000060ac00000|  0%| F|  |TAMS 0x000000060a800000, 0x000000060a800000| Untracked 
|  39|0x000000060ac00000, 0x000000060ac00000, 0x000000060b000000|  0%| F|  |TAMS 0x000000060ac00000, 0x000000060ac00000| Untracked 
|  40|0x000000060b000000, 0x000000060b000000, 0x000000060b400000|  0%| F|  |TAMS 0x000000060b000000, 0x000000060b000000| Untracked 
|  41|0x000000060b400000, 0x000000060b400000, 0x000000060b800000|  0%| F|  |TAMS 0x000000060b400000, 0x000000060b400000| Untracked 
|  42|0x000000060b800000, 0x000000060b800000, 0x000000060bc00000|  0%| F|  |TAMS 0x000000060b800000, 0x000000060b800000| Untracked 
|  43|0x000000060bc00000, 0x000000060bc00000, 0x000000060c000000|  0%| F|  |TAMS 0x000000060bc00000, 0x000000060bc00000| Untracked 
|  44|0x000000060c000000, 0x000000060c000000, 0x000000060c400000|  0%| F|  |TAMS 0x000000060c000000, 0x000000060c000000| Untracked 
|  45|0x000000060c400000, 0x000000060c400000, 0x000000060c800000|  0%| F|  |TAMS 0x000000060c400000, 0x000000060c400000| Untracked 
|  46|0x000000060c800000, 0x000000060c800000, 0x000000060cc00000|  0%| F|  |TAMS 0x000000060c800000, 0x000000060c800000| Untracked 
|  47|0x000000060cc00000, 0x000000060cc00000, 0x000000060d000000|  0%| F|  |TAMS 0x000000060cc00000, 0x000000060cc00000| Untracked 
|  48|0x000000060d000000, 0x000000060d000000, 0x000000060d400000|  0%| F|  |TAMS 0x000000060d000000, 0x000000060d000000| Untracked 
|  49|0x000000060d400000, 0x000000060d400000, 0x000000060d800000|  0%| F|  |TAMS 0x000000060d400000, 0x000000060d400000| Untracked 
|  50|0x000000060d800000, 0x000000060d800000, 0x000000060dc00000|  0%| F|  |TAMS 0x000000060d800000, 0x000000060d800000| Untracked 
|  51|0x000000060dc00000, 0x000000060dc00000, 0x000000060e000000|  0%| F|  |TAMS 0x000000060dc00000, 0x000000060dc00000| Untracked 
|  52|0x000000060e000000, 0x000000060e000000, 0x000000060e400000|  0%| F|  |TAMS 0x000000060e000000, 0x000000060e000000| Untracked 
|  53|0x000000060e400000, 0x000000060e400000, 0x000000060e800000|  0%| F|  |TAMS 0x000000060e400000, 0x000000060e400000| Untracked 
|  54|0x000000060e800000, 0x000000060e800000, 0x000000060ec00000|  0%| F|  |TAMS 0x000000060e800000, 0x000000060e800000| Untracked 
|  55|0x000000060ec00000, 0x000000060ec00000, 0x000000060f000000|  0%| F|  |TAMS 0x000000060ec00000, 0x000000060ec00000| Untracked 
|  56|0x000000060f000000, 0x000000060f000000, 0x000000060f400000|  0%| F|  |TAMS 0x000000060f000000, 0x000000060f000000| Untracked 
|  57|0x000000060f400000, 0x000000060f400000, 0x000000060f800000|  0%| F|  |TAMS 0x000000060f400000, 0x000000060f400000| Untracked 
|  58|0x000000060f800000, 0x000000060f800000, 0x000000060fc00000|  0%| F|  |TAMS 0x000000060f800000, 0x000000060f800000| Untracked 
|  59|0x000000060fc00000, 0x000000060fc00000, 0x0000000610000000|  0%| F|  |TAMS 0x000000060fc00000, 0x000000060fc00000| Untracked 
|  60|0x0000000610000000, 0x0000000610000000, 0x0000000610400000|  0%| F|  |TAMS 0x0000000610000000, 0x0000000610000000| Untracked 
|  61|0x0000000610400000, 0x0000000610400000, 0x0000000610800000|  0%| F|  |TAMS 0x0000000610400000, 0x0000000610400000| Untracked 
|  62|0x0000000610800000, 0x0000000610800000, 0x0000000610c00000|  0%| F|  |TAMS 0x0000000610800000, 0x0000000610800000| Untracked 
|  63|0x0000000610c00000, 0x0000000610c00000, 0x0000000611000000|  0%| F|  |TAMS 0x0000000610c00000, 0x0000000610c00000| Untracked 
|  64|0x0000000611000000, 0x0000000611000000, 0x0000000611400000|  0%| F|  |TAMS 0x0000000611000000, 0x0000000611000000| Untracked 
|  65|0x0000000611400000, 0x0000000611400000, 0x0000000611800000|  0%| F|  |TAMS 0x0000000611400000, 0x0000000611400000| Untracked 
|  66|0x0000000611800000, 0x0000000611800000, 0x0000000611c00000|  0%| F|  |TAMS 0x0000000611800000, 0x0000000611800000| Untracked 
|  67|0x0000000611c00000, 0x0000000611c00000, 0x0000000612000000|  0%| F|  |TAMS 0x0000000611c00000, 0x0000000611c00000| Untracked 
|  68|0x0000000612000000, 0x0000000612000000, 0x0000000612400000|  0%| F|  |TAMS 0x0000000612000000, 0x0000000612000000| Untracked 
|  69|0x0000000612400000, 0x0000000612400000, 0x0000000612800000|  0%| F|  |TAMS 0x0000000612400000, 0x0000000612400000| Untracked 
|  70|0x0000000612800000, 0x0000000612800000, 0x0000000612c00000|  0%| F|  |TAMS 0x0000000612800000, 0x0000000612800000| Untracked 
|  71|0x0000000612c00000, 0x0000000612c00000, 0x0000000613000000|  0%| F|  |TAMS 0x0000000612c00000, 0x0000000612c00000| Untracked 
|  72|0x0000000613000000, 0x0000000613000000, 0x0000000613400000|  0%| F|  |TAMS 0x0000000613000000, 0x0000000613000000| Untracked 
|  73|0x0000000613400000, 0x0000000613400000, 0x0000000613800000|  0%| F|  |TAMS 0x0000000613400000, 0x0000000613400000| Untracked 
|  74|0x0000000613800000, 0x0000000613800000, 0x0000000613c00000|  0%| F|  |TAMS 0x0000000613800000, 0x0000000613800000| Untracked 
|  75|0x0000000613c00000, 0x0000000613c00000, 0x0000000614000000|  0%| F|  |TAMS 0x0000000613c00000, 0x0000000613c00000| Untracked 
|  76|0x0000000614000000, 0x0000000614000000, 0x0000000614400000|  0%| F|  |TAMS 0x0000000614000000, 0x0000000614000000| Untracked 
|  77|0x0000000614400000, 0x0000000614400000, 0x0000000614800000|  0%| F|  |TAMS 0x0000000614400000, 0x0000000614400000| Untracked 
|  78|0x0000000614800000, 0x0000000614800000, 0x0000000614c00000|  0%| F|  |TAMS 0x0000000614800000, 0x0000000614800000| Untracked 
|  79|0x0000000614c00000, 0x0000000614c00000, 0x0000000615000000|  0%| F|  |TAMS 0x0000000614c00000, 0x0000000614c00000| Untracked 
|  80|0x0000000615000000, 0x0000000615000000, 0x0000000615400000|  0%| F|  |TAMS 0x0000000615000000, 0x0000000615000000| Untracked 
|  81|0x0000000615400000, 0x0000000615400000, 0x0000000615800000|  0%| F|  |TAMS 0x0000000615400000, 0x0000000615400000| Untracked 
|  82|0x0000000615800000, 0x0000000615800000, 0x0000000615c00000|  0%| F|  |TAMS 0x0000000615800000, 0x0000000615800000| Untracked 
|  83|0x0000000615c00000, 0x0000000615c00000, 0x0000000616000000|  0%| F|  |TAMS 0x0000000615c00000, 0x0000000615c00000| Untracked 
|  84|0x0000000616000000, 0x0000000616000000, 0x0000000616400000|  0%| F|  |TAMS 0x0000000616000000, 0x0000000616000000| Untracked 
|  85|0x0000000616400000, 0x0000000616400000, 0x0000000616800000|  0%| F|  |TAMS 0x0000000616400000, 0x0000000616400000| Untracked 
|  86|0x0000000616800000, 0x0000000616800000, 0x0000000616c00000|  0%| F|  |TAMS 0x0000000616800000, 0x0000000616800000| Untracked 
|  87|0x0000000616c00000, 0x0000000616c00000, 0x0000000617000000|  0%| F|  |TAMS 0x0000000616c00000, 0x0000000616c00000| Untracked 
|  88|0x0000000617000000, 0x0000000617000000, 0x0000000617400000|  0%| F|  |TAMS 0x0000000617000000, 0x0000000617000000| Untracked 
|  89|0x0000000617400000, 0x0000000617400000, 0x0000000617800000|  0%| F|  |TAMS 0x0000000617400000, 0x0000000617400000| Untracked 
|  90|0x0000000617800000, 0x0000000617800000, 0x0000000617c00000|  0%| F|  |TAMS 0x0000000617800000, 0x0000000617800000| Untracked 
|  91|0x0000000617c00000, 0x0000000617c00000, 0x0000000618000000|  0%| F|  |TAMS 0x0000000617c00000, 0x0000000617c00000| Untracked 
|  92|0x0000000618000000, 0x0000000618000000, 0x0000000618400000|  0%| F|  |TAMS 0x0000000618000000, 0x0000000618000000| Untracked 
|  93|0x0000000618400000, 0x0000000618400000, 0x0000000618800000|  0%| F|  |TAMS 0x0000000618400000, 0x0000000618400000| Untracked 
|  94|0x0000000618800000, 0x0000000618800000, 0x0000000618c00000|  0%| F|  |TAMS 0x0000000618800000, 0x0000000618800000| Untracked 
|  95|0x0000000618c00000, 0x0000000618c00000, 0x0000000619000000|  0%| F|  |TAMS 0x0000000618c00000, 0x0000000618c00000| Untracked 
|  96|0x0000000619000000, 0x0000000619000000, 0x0000000619400000|  0%| F|  |TAMS 0x0000000619000000, 0x0000000619000000| Untracked 
|  97|0x0000000619400000, 0x0000000619400000, 0x0000000619800000|  0%| F|  |TAMS 0x0000000619400000, 0x0000000619400000| Untracked 
|  98|0x0000000619800000, 0x0000000619800000, 0x0000000619c00000|  0%| F|  |TAMS 0x0000000619800000, 0x0000000619800000| Untracked 
|  99|0x0000000619c00000, 0x0000000619c00000, 0x000000061a000000|  0%| F|  |TAMS 0x0000000619c00000, 0x0000000619c00000| Untracked 
| 100|0x000000061a000000, 0x000000061a000000, 0x000000061a400000|  0%| F|  |TAMS 0x000000061a000000, 0x000000061a000000| Untracked 
| 101|0x000000061a400000, 0x000000061a400000, 0x000000061a800000|  0%| F|  |TAMS 0x000000061a400000, 0x000000061a400000| Untracked 
| 102|0x000000061a800000, 0x000000061a800000, 0x000000061ac00000|  0%| F|  |TAMS 0x000000061a800000, 0x000000061a800000| Untracked 
| 103|0x000000061ac00000, 0x000000061ac00000, 0x000000061b000000|  0%| F|  |TAMS 0x000000061ac00000, 0x000000061ac00000| Untracked 
| 104|0x000000061b000000, 0x000000061b000000, 0x000000061b400000|  0%| F|  |TAMS 0x000000061b000000, 0x000000061b000000| Untracked 
| 105|0x000000061b400000, 0x000000061b400000, 0x000000061b800000|  0%| F|  |TAMS 0x000000061b400000, 0x000000061b400000| Untracked 
| 106|0x000000061b800000, 0x000000061b800000, 0x000000061bc00000|  0%| F|  |TAMS 0x000000061b800000, 0x000000061b800000| Untracked 
| 107|0x000000061bc00000, 0x000000061bc00000, 0x000000061c000000|  0%| F|  |TAMS 0x000000061bc00000, 0x000000061bc00000| Untracked 
| 108|0x000000061c000000, 0x000000061c000000, 0x000000061c400000|  0%| F|  |TAMS 0x000000061c000000, 0x000000061c000000| Untracked 
| 109|0x000000061c400000, 0x000000061c400000, 0x000000061c800000|  0%| F|  |TAMS 0x000000061c400000, 0x000000061c400000| Untracked 
| 110|0x000000061c800000, 0x000000061c800000, 0x000000061cc00000|  0%| F|  |TAMS 0x000000061c800000, 0x000000061c800000| Untracked 
| 111|0x000000061cc00000, 0x000000061cc00000, 0x000000061d000000|  0%| F|  |TAMS 0x000000061cc00000, 0x000000061cc00000| Untracked 
| 112|0x000000061d000000, 0x000000061d000000, 0x000000061d400000|  0%| F|  |TAMS 0x000000061d000000, 0x000000061d000000| Untracked 
| 113|0x000000061d400000, 0x000000061d400000, 0x000000061d800000|  0%| F|  |TAMS 0x000000061d400000, 0x000000061d400000| Untracked 
| 114|0x000000061d800000, 0x000000061d800000, 0x000000061dc00000|  0%| F|  |TAMS 0x000000061d800000, 0x000000061d800000| Untracked 
| 115|0x000000061dc00000, 0x000000061dc00000, 0x000000061e000000|  0%| F|  |TAMS 0x000000061dc00000, 0x000000061dc00000| Untracked 
| 116|0x000000061e000000, 0x000000061e400000, 0x000000061e400000|100%| S|CS|TAMS 0x000000061e000000, 0x000000061e000000| Complete 
| 117|0x000000061e400000, 0x000000061e800000, 0x000000061e800000|100%| S|CS|TAMS 0x000000061e400000, 0x000000061e400000| Complete 
| 118|0x000000061e800000, 0x000000061e800000, 0x000000061ec00000|  0%| F|  |TAMS 0x000000061e800000, 0x000000061e800000| Untracked 
| 119|0x000000061ec00000, 0x000000061ec00000, 0x000000061f000000|  0%| F|  |TAMS 0x000000061ec00000, 0x000000061ec00000| Untracked 
| 120|0x000000061f000000, 0x000000061f000000, 0x000000061f400000|  0%| F|  |TAMS 0x000000061f000000, 0x000000061f000000| Untracked 
| 121|0x000000061f400000, 0x000000061f400000, 0x000000061f800000|  0%| F|  |TAMS 0x000000061f400000, 0x000000061f400000| Untracked 
| 122|0x000000061f800000, 0x000000061f800000, 0x000000061fc00000|  0%| F|  |TAMS 0x000000061f800000, 0x000000061f800000| Untracked 
| 123|0x000000061fc00000, 0x000000061fc00000, 0x0000000620000000|  0%| F|  |TAMS 0x000000061fc00000, 0x000000061fc00000| Untracked 
| 124|0x0000000620000000, 0x000000062020fc10, 0x0000000620400000| 51%| E|  |TAMS 0x0000000620000000, 0x0000000620000000| Complete 
| 125|0x0000000620400000, 0x0000000620800000, 0x0000000620800000|100%| E|CS|TAMS 0x0000000620400000, 0x0000000620400000| Complete 
| 126|0x0000000620800000, 0x0000000620c00000, 0x0000000620c00000|100%| E|CS|TAMS 0x0000000620800000, 0x0000000620800000| Complete 
| 127|0x0000000620c00000, 0x0000000621000000, 0x0000000621000000|100%| E|CS|TAMS 0x0000000620c00000, 0x0000000620c00000| Complete 

Card table byte_map: [0x000001d34b360000,0x000001d34c360000] _byte_map_base: 0x000001d348358000

Marking Bits (Prev, Next): (CMBitMap*) 0x000001d332916f40, (CMBitMap*) 0x000001d332916f80
 Prev Bits: [0x000001d34d360000, 0x000001d355320000)
 Next Bits: [0x000001d355320000, 0x000001d35d2e0000)

Polling page: 0x000001d330820000

Metaspace:

Usage:
  Non-class:     16.93 MB capacity,    16.79 MB (>99%) used,   119.76 KB ( <1%) free+waste,    22.00 KB ( <1%) overhead. 
      Class:      1.69 MB capacity,     1.63 MB ( 97%) used,    51.73 KB (  3%) free+waste,     7.00 KB ( <1%) overhead. 
       Both:     18.62 MB capacity,    18.42 MB ( 99%) used,   171.48 KB ( <1%) free+waste,    29.00 KB ( <1%) overhead. 

Virtual space:
  Non-class space:       18.00 MB reserved,      17.25 MB ( 96%) committed 
      Class space:        1.00 GB reserved,       1.75 MB ( <1%) committed 
             Both:        1.02 GB reserved,      19.00 MB (  2%) committed 

Chunk freelists:
   Non-Class:  136.00 KB
       Class:  34.00 KB
        Both:  170.00 KB

MaxMetaspaceSize: 17179869184.00 GB
CompressedClassSpaceSize: 1.00 GB

CodeHeap 'non-profiled nmethods': size=119168Kb used=616Kb max_used=616Kb free=118552Kb
 bounds [0x000001d342670000, 0x000001d3428e0000, 0x000001d349ad0000]
CodeHeap 'profiled nmethods': size=119104Kb used=3089Kb max_used=3089Kb free=116015Kb
 bounds [0x000001d33b220000, 0x000001d33b530000, 0x000001d342670000]
CodeHeap 'non-nmethods': size=7488Kb used=2765Kb max_used=2780Kb free=4722Kb
 bounds [0x000001d33aad0000, 0x000001d33ad90000, 0x000001d33b220000]
 total_blobs=2714 nmethods=1683 adapters=941
 compilation: enabled
              stopped_count=0, restarted_count=0
 full_count=0

Compilation events (20 events):
Event: 2.386 Thread 0x000001d36028b3a0 1674       4       jogamp.opengl.util.jpeg.JPEGDecoder$Output::buildComponentData (213 bytes)
Event: 2.398 Thread 0x000001d36028b3a0 nmethod 1674 0x000001d342702f90 code [0x000001d342703180, 0x000001d342703e18]
Event: 2.420 Thread 0x000001d36028b3a0 1675 %s    4       jogamp.opengl.util.jpeg.JPEGDecoder::getPixel @ 624 (1554 bytes)
Event: 2.437 Thread 0x000001d36028b3a0 nmethod 1675% 0x000001d342704610 code [0x000001d342704880, 0x000001d342705fd8]
Event: 2.437 Thread 0x000001d36028b3a0 1676  s    4       jogamp.opengl.util.jpeg.JPEGDecoder::getPixel (1554 bytes)
Event: 2.450 Thread 0x000001d36028b3a0 nmethod 1676 0x000001d342706d10 code [0x000001d342706f80, 0x000001d342708848]
Event: 2.479 Thread 0x000001d36028bf40 1677       3       java.lang.Class$ReflectionData::<init> (10 bytes)
Event: 2.479 Thread 0x000001d368f3b030 1678       3       java.lang.Class$Atomic::casReflectionData (13 bytes)
Event: 2.479 Thread 0x000001d360c23790 1679       3       jdk.internal.misc.Unsafe::objectFieldOffset (18 bytes)
Event: 2.480 Thread 0x000001d36028bf40 nmethod 1677 0x000001d33b522310 code [0x000001d33b5224a0, 0x000001d33b5225f8]
Event: 2.480 Thread 0x000001d360c23790 nmethod 1679 0x000001d33b522690 code [0x000001d33b522840, 0x000001d33b522a78]
Event: 2.480 Thread 0x000001d368f3b030 nmethod 1678 0x000001d33b522b90 code [0x000001d33b522d20, 0x000001d33b522e78]
Event: 2.504 Thread 0x000001d368f3b030 1680       3       java.lang.AbstractStringBuilder::isLatin1 (19 bytes)
Event: 2.504 Thread 0x000001d368f3b030 nmethod 1680 0x000001d33b522f10 code [0x000001d33b5230a0, 0x000001d33b523218]
Event: 2.521 Thread 0x000001d360c23790 1681       3       java.lang.Class::newReflectionData (66 bytes)
Event: 2.521 Thread 0x000001d360c23790 nmethod 1681 0x000001d33b523290 code [0x000001d33b5234a0, 0x000001d33b523db8]
Event: 2.524 Thread 0x000001d360c23790 1682       3       java.lang.StringBuilder::append (8 bytes)
Event: 2.524 Thread 0x000001d360c23790 nmethod 1682 0x000001d33b524090 code [0x000001d33b524240, 0x000001d33b524388]
Event: 2.524 Thread 0x000001d36028b3a0 1683       4       java.lang.StringLatin1::indexOf (121 bytes)
Event: 2.528 Thread 0x000001d36028b3a0 nmethod 1683 0x000001d342709790 code [0x000001d342709920, 0x000001d342709d98]

GC Heap History (6 events):
Event: 1.280 GC heap before
{Heap before GC invocations=0 (full 0):
 garbage-first heap   total 524288K, used 24576K [0x0000000601000000, 0x0000000800000000)
  region size 4096K, 6 young (24576K), 0 survivors (0K)
 Metaspace       used 15310K, capacity 15466K, committed 15872K, reserved 1062912K
  class space    used 1415K, capacity 1466K, committed 1536K, reserved 1048576K
}
Event: 1.290 GC heap after
{Heap after GC invocations=1 (full 0):
 garbage-first heap   total 524288K, used 3378K [0x0000000601000000, 0x0000000800000000)
  region size 4096K, 1 young (4096K), 1 survivors (4096K)
 Metaspace       used 15310K, capacity 15466K, committed 15872K, reserved 1062912K
  class space    used 1415K, capacity 1466K, committed 1536K, reserved 1048576K
}
Event: 1.641 GC heap before
{Heap before GC invocations=1 (full 0):
 garbage-first heap   total 524288K, used 32050K [0x0000000601000000, 0x0000000800000000)
  region size 4096K, 8 young (32768K), 1 survivors (4096K)
 Metaspace       used 17110K, capacity 17334K, committed 17664K, reserved 1064960K
  class space    used 1595K, capacity 1662K, committed 1792K, reserved 1048576K
}
Event: 1.658 GC heap after
{Heap after GC invocations=2 (full 0):
 garbage-first heap   total 524288K, used 23282K [0x0000000601000000, 0x0000000800000000)
  region size 4096K, 1 young (4096K), 1 survivors (4096K)
 Metaspace       used 17110K, capacity 17334K, committed 17664K, reserved 1064960K
  class space    used 1595K, capacity 1662K, committed 1792K, reserved 1048576K
}
Event: 2.111 GC heap before
{Heap before GC invocations=2 (full 0):
 garbage-first heap   total 524288K, used 60146K [0x0000000601000000, 0x0000000800000000)
  region size 4096K, 10 young (40960K), 1 survivors (4096K)
 Metaspace       used 17227K, capacity 17462K, committed 17920K, reserved 1064960K
  class space    used 1602K, capacity 1662K, committed 1792K, reserved 1048576K
}
Event: 2.116 GC heap after
{Heap after GC invocations=3 (full 0):
 garbage-first heap   total 524288K, used 42451K [0x0000000601000000, 0x0000000800000000)
  region size 4096K, 2 young (8192K), 2 survivors (8192K)
 Metaspace       used 17227K, capacity 17462K, committed 17920K, reserved 1064960K
  class space    used 1602K, capacity 1662K, committed 1792K, reserved 1048576K
}

Deoptimization events (20 events):
Event: 2.074 Thread 0x000001d3611817c0 DEOPT PACKING pc=0x000001d33b51bab9 sp=0x0000008771efde70
Event: 2.074 Thread 0x000001d3611817c0 DEOPT UNPACKING pc=0x000001d33ab1e23f sp=0x0000008771efd590 mode 0
Event: 2.074 Thread 0x000001d3611817c0 DEOPT PACKING pc=0x000001d33b51bab9 sp=0x0000008771efde70
Event: 2.074 Thread 0x000001d3611817c0 DEOPT UNPACKING pc=0x000001d33ab1e23f sp=0x0000008771efd590 mode 0
Event: 2.075 Thread 0x000001d3611817c0 DEOPT PACKING pc=0x000001d33b51bab9 sp=0x0000008771efde70
Event: 2.075 Thread 0x000001d3611817c0 DEOPT UNPACKING pc=0x000001d33ab1e23f sp=0x0000008771efd590 mode 0
Event: 2.097 Thread 0x000001d3611817c0 Uncommon trap: trap_request=0xffffff45 fr.pc=0x000001d3427021dc relative=0x000000000000135c
Event: 2.097 Thread 0x000001d3611817c0 Uncommon trap: reason=unstable_if action=reinterpret pc=0x000001d3427021dc method=jogamp.opengl.util.jpeg.JPEGDecoder.getPixel(Ljogamp/opengl/util/jpeg/JPEGDecoder$ColorSink;II)V @ 466 c2
Event: 2.097 Thread 0x000001d3611817c0 DEOPT PACKING pc=0x000001d3427021dc sp=0x0000008771efe120
Event: 2.097 Thread 0x000001d3611817c0 DEOPT UNPACKING pc=0x000001d33ab1e42f sp=0x0000008771efe090 mode 2
Event: 2.126 Thread 0x000001d3611817c0 DEOPT PACKING pc=0x000001d33b4e6a63 sp=0x0000008771efdf10
Event: 2.126 Thread 0x000001d3611817c0 DEOPT UNPACKING pc=0x000001d33ab1e23f sp=0x0000008771efd458 mode 0
Event: 2.386 Thread 0x000001d3611817c0 Uncommon trap: trap_request=0xffffff45 fr.pc=0x000001d3426f2684 relative=0x0000000000000364
Event: 2.386 Thread 0x000001d3611817c0 Uncommon trap: reason=unstable_if action=reinterpret pc=0x000001d3426f2684 method=jogamp.opengl.util.jpeg.JPEGDecoder$Decoder.decodeScan(Ljogamp/opengl/util/jpeg/JPEGDecoder$Frame;Ljava/util/ArrayList;IIIII)I @ 370 c2
Event: 2.386 Thread 0x000001d3611817c0 DEOPT PACKING pc=0x000001d3426f2684 sp=0x0000008771efdf80
Event: 2.386 Thread 0x000001d3611817c0 DEOPT UNPACKING pc=0x000001d33ab1e42f sp=0x0000008771efdf58 mode 2
Event: 2.386 Thread 0x000001d3611817c0 DEOPT PACKING pc=0x000001d33b4f30fa sp=0x0000008771efdf70
Event: 2.386 Thread 0x000001d3611817c0 DEOPT UNPACKING pc=0x000001d33ab1e23f sp=0x0000008771efd4a0 mode 0
Event: 2.437 Thread 0x000001d3611817c0 DEOPT PACKING pc=0x000001d33b50d9c9 sp=0x0000008771efdf50
Event: 2.437 Thread 0x000001d3611817c0 DEOPT UNPACKING pc=0x000001d33ab1e23f sp=0x0000008771efd590 mode 0

Classes unloaded (0 events):
No events

Classes redefined (0 events):
No events

Internal exceptions (20 events):
Event: 0.081 Thread 0x000001d33289ec30 Exception <a 'java/io/FileNotFoundException'{0x0000000620f16be0}> (0x0000000620f16be0) 
thrown [./open/src/hotspot/share/prims/jni.cpp, line 578]
Event: 0.085 Thread 0x000001d33289ec30 Exception <a 'java/io/FileNotFoundException'{0x0000000620f45418}> (0x0000000620f45418) 
thrown [./open/src/hotspot/share/prims/jni.cpp, line 578]
Event: 0.086 Thread 0x000001d33289ec30 Exception <a 'java/lang/NoSuchMethodError'{0x0000000620f46650}: 'java.lang.Object java.lang.invoke.DirectMethodHandle$Holder.invokeStatic(java.lang.Object)'> (0x0000000620f46650) 
thrown [./open/src/hotspot/share/interpreter/linkResolver.cpp, line 782]
Event: 0.088 Thread 0x000001d33289ec30 Exception <a 'java/lang/NoSuchMethodError'{0x0000000620f4ea58}: 'void java.lang.invoke.DirectMethodHandle$Holder.invokeSpecial(java.lang.Object, java.lang.Object, java.lang.Object)'> (0x0000000620f4ea58) 
thrown [./open/src/hotspot/share/interpreter/linkResolver.cpp, line 782]
Event: 0.105 Thread 0x000001d33289ec30 Exception <a 'java/lang/NoSuchMethodError'{0x0000000620f8dcf8}: 'java.lang.Object java.lang.invoke.DirectMethodHandle$Holder.invokeStaticInit(java.lang.Object)'> (0x0000000620f8dcf8) 
thrown [./open/src/hotspot/share/interpreter/linkResolver.cpp, line 782]
Event: 0.266 Thread 0x000001d3611817c0 Exception <a 'java/lang/NoSuchMethodError'{0x0000000620933068}: 'java.lang.Object java.lang.invoke.DirectMethodHandle$Holder.newInvokeSpecial(java.lang.Object, java.lang.Object, java.lang.Object, java.lang.Object, java.lang.Object)'> (0x0000000620933068) 
thrown [./open/src/hotspot/share/interpreter/linkResolver.cpp, line 782]
Event: 0.268 Thread 0x000001d3611817c0 Exception <a 'java/lang/NoSuchMethodError'{0x000000062093eaf8}: 'java.lang.Object java.lang.invoke.DirectMethodHandle$Holder.invokeStatic(java.lang.Object, int, java.lang.Object, java.lang.Object, java.lang.Object, java.lang.Object)'> (0x000000062093eaf8) 
thrown [./open/src/hotspot/share/interpreter/linkResolver.cpp, line 782]
Event: 0.271 Thread 0x000001d3611817c0 Exception <a 'java/lang/NoSuchMethodError'{0x0000000620964da0}: 'java.lang.Object java.lang.invoke.DirectMethodHandle$Holder.invokeStatic(java.lang.Object, int, java.lang.Object)'> (0x0000000620964da0) 
thrown [./open/src/hotspot/share/interpreter/linkResolver.cpp, line 782]
Event: 0.284 Thread 0x000001d3611817c0 Exception <a 'java/lang/ClassNotFoundException'{0x0000000620a1d470}: com/sun/swing/internal/plaf/metal/resources/spi/metalProvider> (0x0000000620a1d470) 
thrown [./open/src/hotspot/share/classfile/systemDictionary.cpp, line 295]
Event: 0.285 Thread 0x000001d3611817c0 Exception <a 'java/lang/ClassNotFoundException'{0x0000000620a21620}: com/sun/swing/internal/plaf/basic/resources/spi/basicProvider> (0x0000000620a21620) 
thrown [./open/src/hotspot/share/classfile/systemDictionary.cpp, line 295]
Event: 0.367 Thread 0x000001d3611817c0 Exception <a 'java/lang/NoSuchMethodError'{0x0000000620b68558}: 'void java.lang.invoke.DirectMethodHandle$Holder.invokeStaticInit(java.lang.Object)'> (0x0000000620b68558) 
thrown [./open/src/hotspot/share/interpreter/linkResolver.cpp, line 782]
Event: 0.476 Thread 0x000001d3611817c0 Exception <a 'java/lang/NoSuchMethodError'{0x00000006206ab6d0}: 'void java.lang.invoke.DirectMethodHandle$Holder.invokeStatic(java.lang.Object, java.lang.Object)'> (0x00000006206ab6d0) 
thrown [./open/src/hotspot/share/interpreter/linkResolver.cpp, line 782]
Event: 0.476 Thread 0x000001d3611817c0 Exception <a 'java/lang/NoSuchMethodError'{0x00000006206af0d8}: 'void java.lang.invoke.DirectMethodHandle$Holder.invokeStaticInit(java.lang.Object, java.lang.Object)'> (0x00000006206af0d8) 
thrown [./open/src/hotspot/share/interpreter/linkResolver.cpp, line 782]
Event: 0.481 Thread 0x000001d3611817c0 Exception <a 'java/lang/NoSuchMethodError'{0x00000006206dc210}: 'java.lang.Object java.lang.invoke.DirectMethodHandle$Holder.invokeStaticInit(java.lang.Object, int, int, int, int)'> (0x00000006206dc210) 
thrown [./open/src/hotspot/share/interpreter/linkResolver.cpp, line 782]
Event: 0.509 Thread 0x000001d3611817c0 Exception <a 'java/lang/NoSuchMethodError'{0x000000062077d330}: 'java.lang.Object java.lang.invoke.DirectMethodHandle$Holder.invokeStaticInit(java.lang.Object, java.lang.Object, int, int, int, int)'> (0x000000062077d330) 
thrown [./open/src/hotspot/share/interpreter/linkResolver.cpp, line 782]
Event: 0.523 Thread 0x000001d3611817c0 Exception <a 'java/lang/NoSuchMethodError'{0x0000000620788f38}: 'void java.lang.invoke.DirectMethodHandle$Holder.invokeStatic(java.lang.Object, long)'> (0x0000000620788f38) 
thrown [./open/src/hotspot/share/interpreter/linkResolver.cpp, line 782]
Event: 0.524 Thread 0x000001d3611817c0 Exception <a 'java/lang/NoSuchMethodError'{0x000000062078e810}: 'java.lang.Object java.lang.invoke.DirectMethodHandle$Holder.newInvokeSpecial(java.lang.Object, long)'> (0x000000062078e810) 
thrown [./open/src/hotspot/share/interpreter/linkResolver.cpp, line 782]
Event: 0.525 Thread 0x000001d3611817c0 Exception <a 'java/lang/NoSuchMethodError'{0x00000006207992b8}: 'java.lang.Object java.lang.invoke.DirectMethodHandle$Holder.invokeStaticInit(java.lang.Object, java.lang.Object, long, java.lang.Object)'> (0x00000006207992b8) 
thrown [./open/src/hotspot/share/interpreter/linkResolver.cpp, line 782]
Event: 0.525 Thread 0x000001d3611817c0 Exception <a 'java/lang/NoSuchMethodError'{0x000000062079fce0}: 'java.lang.Object java.lang.invoke.DirectMethodHandle$Holder.newInvokeSpecial(java.lang.Object, java.lang.Object, long)'> (0x000000062079fce0) 
thrown [./open/src/hotspot/share/interpreter/linkResolver.cpp, line 782]
Event: 0.525 Thread 0x000001d3611817c0 Exception <a 'java/lang/NoSuchMethodError'{0x00000006207a3a50}: 'java.lang.Object java.lang.invoke.Invokers$Holder.linkToTargetMethod(java.lang.Object, long, java.lang.Object)'> (0x00000006207a3a50) 
thrown [./open/src/hotspot/share/interpreter/linkResolver.cpp, line 782]

Events (20 events):
Event: 1.641 Executing VM operation: G1CollectForAllocation
Event: 1.658 Executing VM operation: G1CollectForAllocation done
Event: 1.658 Executing VM operation: HandshakeAllThreads
Event: 1.659 Executing VM operation: HandshakeAllThreads done
Event: 1.662 Thread 0x000001d369b7daa0 Thread added: 0x000001d369b7daa0
Event: 1.663 Thread 0x000001d369b7e7c0 Thread added: 0x000001d369b7e7c0
Event: 1.783 Thread 0x000001d369b7e7c0 Thread exited: 0x000001d369b7e7c0
Event: 1.929 Thread 0x000001d369b7daa0 Thread exited: 0x000001d369b7daa0
Event: 2.018 Thread 0x000001d369ba4c60 Thread added: 0x000001d369ba4c60
Event: 2.111 Executing VM operation: G1CollectForAllocation
Event: 2.116 Executing VM operation: G1CollectForAllocation done
Event: 2.116 Executing VM operation: HandshakeAllThreads
Event: 2.116 Executing VM operation: HandshakeAllThreads done
Event: 2.386 Thread 0x000001d369ba4c60 Thread exited: 0x000001d369ba4c60
Event: 2.476 loading class java/nio/BufferOverflowException
Event: 2.476 loading class java/nio/BufferOverflowException done
Event: 2.476 loading class java/nio/BufferUnderflowException
Event: 2.476 loading class java/nio/BufferUnderflowException done
Event: 2.479 loading class jdk/internal/access/foreign/MemorySegmentProxy
Event: 2.479 loading class jdk/internal/access/foreign/MemorySegmentProxy done


Dynamic libraries:
0x00007ff692b20000 - 0x00007ff692b2f000 	C:\Program Files\Java\jdk-15.0.2\bin\java.exe
0x00007ffb0b9b0000 - 0x00007ffb0bba8000 	C:\WINDOWS\SYSTEM32\ntdll.dll
0x00007ffb0b090000 - 0x00007ffb0b151000 	C:\WINDOWS\System32\KERNEL32.DLL
0x00007ffb09130000 - 0x00007ffb0942d000 	C:\WINDOWS\System32\KERNELBASE.dll
0x00007ffb09780000 - 0x00007ffb09880000 	C:\WINDOWS\System32\ucrtbase.dll
0x00007ffafc9b0000 - 0x00007ffafc9c9000 	C:\Program Files\Java\jdk-15.0.2\bin\VCRUNTIME140.dll
0x00007ffafbb00000 - 0x00007ffafbb18000 	C:\Program Files\Java\jdk-15.0.2\bin\jli.dll
0x00007ffb0b430000 - 0x00007ffb0b4e0000 	C:\WINDOWS\System32\ADVAPI32.dll
0x00007ffb0a6c0000 - 0x00007ffb0a75e000 	C:\WINDOWS\System32\msvcrt.dll
0x00007ffb099e0000 - 0x00007ffb09a80000 	C:\WINDOWS\System32\sechost.dll
0x00007ffb0b2a0000 - 0x00007ffb0b3c3000 	C:\WINDOWS\System32\RPCRT4.dll
0x00007ffb09480000 - 0x00007ffb094a7000 	C:\WINDOWS\System32\bcrypt.dll
0x00007ffb09a80000 - 0x00007ffb09c1d000 	C:\WINDOWS\System32\USER32.dll
0x00007ffb09060000 - 0x00007ffb09082000 	C:\WINDOWS\System32\win32u.dll
0x00007ffaf05c0000 - 0x00007ffaf085a000 	C:\WINDOWS\WinSxS\amd64_microsoft.windows.common-controls_6595b64144ccf1df_6.0.19041.4355_none_60b8b9eb71f62e16\COMCTL32.dll
0x00007ffb0b180000 - 0x00007ffb0b1ab000 	C:\WINDOWS\System32\GDI32.dll
0x00007ffb09660000 - 0x00007ffb09777000 	C:\WINDOWS\System32\gdi32full.dll
0x00007ffb09090000 - 0x00007ffb0912d000 	C:\WINDOWS\System32\msvcp_win.dll
0x00007ffb02640000 - 0x00007ffb0264a000 	C:\WINDOWS\SYSTEM32\VERSION.dll
0x00007ffb0b270000 - 0x00007ffb0b29f000 	C:\WINDOWS\System32\IMM32.DLL
0x00007ffb04640000 - 0x00007ffb0464c000 	C:\Program Files\Java\jdk-15.0.2\bin\vcruntime140_1.dll
0x00007ffab2990000 - 0x00007ffab2a21000 	C:\Program Files\Java\jdk-15.0.2\bin\msvcp140.dll
0x00007ff968dd0000 - 0x00007ff96992e000 	C:\Program Files\Java\jdk-15.0.2\bin\server\jvm.dll
0x00007ffb0b840000 - 0x00007ffb0b848000 	C:\WINDOWS\System32\PSAPI.DLL
0x00007ffaf6940000 - 0x00007ffaf6949000 	C:\WINDOWS\SYSTEM32\WSOCK32.dll
0x00007ffaf94c0000 - 0x00007ffaf94e7000 	C:\WINDOWS\SYSTEM32\WINMM.dll
0x00007ffb0a460000 - 0x00007ffb0a4cb000 	C:\WINDOWS\System32\WS2_32.dll
0x00007ffb07880000 - 0x00007ffb07892000 	C:\WINDOWS\SYSTEM32\kernel.appcore.dll
0x00007ffafbaf0000 - 0x00007ffafbafa000 	C:\Program Files\Java\jdk-15.0.2\bin\jimage.dll
0x00007ffb06c00000 - 0x00007ffb06de4000 	C:\WINDOWS\SYSTEM32\DBGHELP.DLL
0x00007ffae8ca0000 - 0x00007ffae8cd4000 	C:\WINDOWS\SYSTEM32\dbgcore.DLL
0x00007ffb094b0000 - 0x00007ffb09532000 	C:\WINDOWS\System32\bcryptPrimitives.dll
0x00007ffab2960000 - 0x00007ffab2985000 	C:\Program Files\Java\jdk-15.0.2\bin\java.dll
0x00007ffb0a760000 - 0x00007ffb0aecf000 	C:\WINDOWS\System32\SHELL32.dll
0x00007ffb070a0000 - 0x00007ffb0783f000 	C:\WINDOWS\SYSTEM32\windows.storage.dll
0x00007ffb0b4e0000 - 0x00007ffb0b833000 	C:\WINDOWS\System32\combase.dll
0x00007ffb08a80000 - 0x00007ffb08aae000 	C:\WINDOWS\SYSTEM32\Wldp.dll
0x00007ffb0af30000 - 0x00007ffb0affd000 	C:\WINDOWS\System32\OLEAUT32.dll
0x00007ffb0b1c0000 - 0x00007ffb0b26d000 	C:\WINDOWS\System32\SHCORE.dll
0x00007ffb0a600000 - 0x00007ffb0a655000 	C:\WINDOWS\System32\shlwapi.dll
0x00007ffb08f90000 - 0x00007ffb08fb4000 	C:\WINDOWS\SYSTEM32\profapi.dll
0x00007ffab2940000 - 0x00007ffab2959000 	C:\Program Files\Java\jdk-15.0.2\bin\net.dll
0x00007ffb02530000 - 0x00007ffb0263d000 	C:\WINDOWS\SYSTEM32\WINHTTP.dll
0x00007ffb08790000 - 0x00007ffb087fa000 	C:\WINDOWS\system32\mswsock.dll
0x00007ffab28e0000 - 0x00007ffab28f2000 	C:\Program Files\Java\jdk-15.0.2\bin\nio.dll
0x00007ffab28c0000 - 0x00007ffab28d8000 	C:\Program Files\Java\jdk-15.0.2\bin\zip.dll
0x00007ff969dd0000 - 0x00007ff969f50000 	C:\Program Files\Java\jdk-15.0.2\bin\awt.dll
0x00007ffb055d0000 - 0x00007ffb05664000 	C:\WINDOWS\SYSTEM32\apphelp.dll
0x00007ffb05b90000 - 0x00007ffb05c2e000 	C:\WINDOWS\system32\uxtheme.dll
0x00007ffb0b850000 - 0x00007ffb0b964000 	C:\WINDOWS\System32\MSCTF.dll
0x00007ffb0a4d0000 - 0x00007ffb0a5fb000 	C:\WINDOWS\System32\ole32.dll
0x00007ffb05fc0000 - 0x00007ffb05fef000 	C:\WINDOWS\system32\DWMAPI.DLL
0x00007ffaa97b0000 - 0x00007ffaa98d8000 	C:\WINDOWS\system32\opengl32.dll
0x00007ffacb8e0000 - 0x00007ffacb90c000 	C:\WINDOWS\SYSTEM32\GLU32.dll
0x00007ffaaac80000 - 0x00007ffaaae50000 	C:\WINDOWS\system32\d3d9.dll
0x00007ffade790000 - 0x00007ffade84c000 	C:\WINDOWS\System32\DriverStore\FileRepository\nv_dispig.inf_amd64_7e5fd280efaa5445\nvldumdx.dll
0x00007ffb08c10000 - 0x00007ffb08c22000 	C:\WINDOWS\SYSTEM32\msasn1.dll
0x00007ffb020d0000 - 0x00007ffb02101000 	C:\WINDOWS\SYSTEM32\cryptnet.dll
0x00007ffb09880000 - 0x00007ffb099de000 	C:\WINDOWS\System32\CRYPT32.dll
0x00007ffb01f40000 - 0x00007ffb02087000 	C:\WINDOWS\SYSTEM32\drvstore.dll
0x00007ffb08de0000 - 0x00007ffb08e13000 	C:\WINDOWS\SYSTEM32\devobj.dll
0x00007ffb09430000 - 0x00007ffb0947e000 	C:\WINDOWS\System32\cfgmgr32.dll
0x00007ffb089d0000 - 0x00007ffb089dc000 	C:\WINDOWS\SYSTEM32\cryptbase.dll
0x00007ffb095f0000 - 0x00007ffb09659000 	C:\WINDOWS\System32\wintrust.dll
0x00007ffb0b160000 - 0x00007ffb0b17d000 	C:\WINDOWS\System32\imagehlp.dll
0x00007ffb089b0000 - 0x00007ffb089c8000 	C:\WINDOWS\SYSTEM32\CRYPTSP.dll
0x00007ffb07ff0000 - 0x00007ffb08024000 	C:\WINDOWS\system32\rsaenh.dll
0x00007ffa4fad0000 - 0x00007ffa52c5b000 	C:\WINDOWS\System32\DriverStore\FileRepository\nv_dispig.inf_amd64_7e5fd280efaa5445\nvd3dumx.dll
0x00007ffb07850000 - 0x00007ffb07873000 	C:\WINDOWS\SYSTEM32\gpapi.dll
0x00007ffade850000 - 0x00007ffade88b000 	C:\WINDOWS\SYSTEM32\dxcore.dll
0x00007ffab2830000 - 0x00007ffab28b5000 	C:\Program Files\Java\jdk-15.0.2\bin\freetype.dll
0x00007ff9b56b0000 - 0x00007ff9b5759000 	C:\Program Files\Java\jdk-15.0.2\bin\fontmanager.dll
0x00007ffb0a3b0000 - 0x00007ffb0a459000 	C:\WINDOWS\System32\clbcatq.dll
0x00007ffb058b0000 - 0x00007ffb05a66000 	C:\WINDOWS\SYSTEM32\WindowsCodecs.dll
0x00007ffad0630000 - 0x00007ffad066e000 	C:\WINDOWS\system32\dataexchange.dll
0x00007ffb06e00000 - 0x00007ffb07063000 	C:\WINDOWS\system32\d3d11.dll
0x00007ffb04260000 - 0x00007ffb04444000 	C:\WINDOWS\system32\dcomp.dll
0x00007ffb078a0000 - 0x00007ffb07996000 	C:\WINDOWS\system32\dxgi.dll
0x00007ffb00f90000 - 0x00007ffb01193000 	C:\WINDOWS\system32\twinapi.appcore.dll
0x00007ffafbae0000 - 0x00007ffafbaf0000 	C:\Program Files\Java\jdk-15.0.2\bin\verify.dll
0x00007ffb08f40000 - 0x00007ffb08f6e000 	C:\WINDOWS\SYSTEM32\USERENV.dll
0x00007ffb08420000 - 0x00007ffb0845b000 	C:\WINDOWS\SYSTEM32\IPHLPAPI.DLL
0x00007ffb09c20000 - 0x00007ffb09c28000 	C:\WINDOWS\System32\NSI.dll
0x00007ffb02ab0000 - 0x00007ffb02ac7000 	C:\WINDOWS\SYSTEM32\dhcpcsvc6.DLL
0x00007ffb02a90000 - 0x00007ffb02aad000 	C:\WINDOWS\SYSTEM32\dhcpcsvc.DLL
0x00007ffb08460000 - 0x00007ffb0852a000 	C:\WINDOWS\SYSTEM32\DNSAPI.dll
0x00007ffab2750000 - 0x00007ffab2763000 	C:\Users\Diego\AppData\Local\Temp\jogamp_0000\file_cache\jln12448350430125841565\jln18330192584351128849\natives\windows-amd64\gluegen_rt.dll
0x00007ffac9940000 - 0x00007ffac9947000 	C:\Program Files\Java\jdk-15.0.2\bin\jawt.dll
0x00007ffab2820000 - 0x00007ffab282d000 	C:\Users\Diego\AppData\Local\Temp\jogamp_0000\file_cache\jln12448350430125841565\jln18330192584351128849\natives\windows-amd64\nativewindow_awt.dll
0x00007ffab2730000 - 0x00007ffab2745000 	C:\Users\Diego\AppData\Local\Temp\jogamp_0000\file_cache\jln12448350430125841565\jln18330192584351128849\natives\windows-amd64\nativewindow_win32.dll
0x00007ff9b5620000 - 0x00007ff9b56a3000 	C:\Users\Diego\AppData\Local\Temp\jogamp_0000\file_cache\jln12448350430125841565\jln18330192584351128849\natives\windows-amd64\jogl_desktop.dll
0x00007ff997790000 - 0x00007ff9977e2000 	C:\Users\Diego\AppData\Local\Temp\jogamp_0000\file_cache\jln12448350430125841565\jln18330192584351128849\natives\windows-amd64\jogl_mobile.dll
0x00007ffb02890000 - 0x00007ffb02992000 	C:\Windows\System32\AppXDeploymentClient.dll
0x00007ffa81d30000 - 0x00007ffa85fba000 	C:\WINDOWS\System32\DriverStore\FileRepository\nv_dispig.inf_amd64_7e5fd280efaa5445\nvoglv64.dll
0x00007ffb09ec0000 - 0x00007ffb0a32e000 	C:\WINDOWS\System32\SETUPAPI.dll
0x00007ffb03db0000 - 0x00007ffb03dc4000 	C:\WINDOWS\SYSTEM32\WTSAPI32.dll
0x00007ffb08110000 - 0x00007ffb08143000 	C:\WINDOWS\SYSTEM32\ntmarta.dll
0x00007ffb08740000 - 0x00007ffb0878b000 	C:\WINDOWS\SYSTEM32\powrprof.dll
0x00007ffb08720000 - 0x00007ffb08732000 	C:\WINDOWS\SYSTEM32\UMPDC.dll
0x00007ffb08280000 - 0x00007ffb082db000 	C:\WINDOWS\SYSTEM32\WINSTA.dll
0x00007ffae2770000 - 0x00007ffae2869000 	C:\WINDOWS\SYSTEM32\textinputframework.dll
0x00007ffb04a30000 - 0x00007ffb04d8b000 	C:\WINDOWS\System32\CoreUIComponents.dll
0x00007ffb04d90000 - 0x00007ffb04e82000 	C:\WINDOWS\System32\CoreMessaging.dll
0x00007ffb052f0000 - 0x00007ffb05447000 	C:\WINDOWS\SYSTEM32\wintypes.dll
0x00007ffae8f70000 - 0x00007ffae8fd6000 	C:\WINDOWS\system32\Oleacc.dll

dbghelp: loaded successfully - version: 4.0.5 - missing functions: none
symbol engine: initialized successfully - sym options: 0x614 - pdb path: .;C:\Program Files\Java\jdk-15.0.2\bin;C:\WINDOWS\SYSTEM32;C:\WINDOWS\WinSxS\amd64_microsoft.windows.common-controls_6595b64144ccf1df_6.0.19041.4355_none_60b8b9eb71f62e16;C:\Program Files\Java\jdk-15.0.2\bin\server;C:\WINDOWS\System32\DriverStore\FileRepository\nv_dispig.inf_amd64_7e5fd280efaa5445;C:\Users\Diego\AppData\Local\Temp\jogamp_0000\file_cache\jln12448350430125841565\jln18330192584351128849\natives\windows-amd64

VM Arguments:
jvm_args: -Dfile.encoding=UTF-8 --module-path=C:\GD\Mampos\Mampos\build\classes 
java_command: mampos.Mampos --add-exports java.base/java.lang=ALL-UNNAMED --add-exports java.desktop/sun.awt=ALL-UNNAMED --add-exports java.desktop/sun.java2d=ALL-UNNAMED
java_class_path (initial): C:\GD\Book\Book\JOGL\jogamp-all-platforms\jar\gluegen-rt.jar;C:\GD\Book\Book\JOGL\jogamp-all-platforms\jar\jogl-all.jar;C:\GD\Book\Book\JOGL\JOML\joml-1.10.7.jar;C:\Program Files\NetBeans-22\netbeans\java\modules\ext\AbsoluteLayout.jar;C:\GD\Book\Book\gson-2.11.0.jar;C:\GD\Mampos\Mampos\build\classes
Launcher Type: SUN_STANDARD

[Global flags]
     intx CICompilerCount                          = 12                                        {product} {ergonomic}
     uint ConcGCThreads                            = 3                                         {product} {ergonomic}
     uint G1ConcRefinementThreads                  = 13                                        {product} {ergonomic}
   size_t G1HeapRegionSize                         = 4194304                                   {product} {ergonomic}
    uintx GCDrainStackTargetSize                   = 64                                        {product} {ergonomic}
   size_t InitialHeapSize                          = 536870912                                 {product} {ergonomic}
   size_t MarkStackSize                            = 4194304                                   {product} {ergonomic}
   size_t MaxHeapSize                              = 8573157376                                {product} {ergonomic}
   size_t MaxNewSize                               = 5142216704                                {product} {ergonomic}
   size_t MinHeapDeltaBytes                        = 4194304                                   {product} {ergonomic}
   size_t MinHeapSize                              = 8388608                                   {product} {ergonomic}
    uintx NonNMethodCodeHeapSize                   = 7602480                                {pd product} {ergonomic}
    uintx NonProfiledCodeHeapSize                  = 122027880                              {pd product} {ergonomic}
    uintx ProfiledCodeHeapSize                     = 122027880                              {pd product} {ergonomic}
    uintx ReservedCodeCacheSize                    = 251658240                              {pd product} {ergonomic}
     bool SegmentedCodeCache                       = true                                      {product} {ergonomic}
   size_t SoftMaxHeapSize                          = 8573157376                             {manageable} {ergonomic}
     bool UseCompressedClassPointers               = true                                 {lp64_product} {ergonomic}
     bool UseCompressedOops                        = true                                 {lp64_product} {ergonomic}
     bool UseG1GC                                  = true                                      {product} {ergonomic}
     bool UseLargePagesIndividualAllocation        = false                                  {pd product} {ergonomic}

Logging:
Log output configuration:
 #0: stdout all=warning uptime,level,tags
 #1: stderr all=off uptime,level,tags

Environment Variables:
JAVA_HOME=C:\Program Files\Java\jdk-22\
PATH=C:\Program Files (x86)\Common Files\Intel\Shared Libraries\redist\intel64_win\compiler;C:\Python311\Scripts\;C:\Python311\;C:\Program Files\Microsoft\jdk-11.0.16.101-hotspot\bin;C:\Program Files\BellSoft\LibericaJDK-17-Full\bin\;C:\ProgramData\Oracle\Java\javapath;C:\Program Files\Common Files\Oracle\Java\javapath;C:\Program Files (x86)\Common Files\Oracle\Java\java8path;C:\Program Files (x86)\Common Files\Oracle\Java\javapath;C:\Program Files (x86)\NVIDIA Corporation\PhysX\Common;C:\Program Files (x86)\Common Files\Intel\Shared Libraries\redist\intel64\compiler;C:\WINDOWS\system32;C:\WINDOWS;C:\WINDOWS\System32\Wbem;C:\WINDOWS\System32\WindowsPowerShell\v1.0\;C:\WINDOWS\System32\OpenSSH\;C:\Program Files\Microsoft SQL Server\120\Tools\Binn\;C:\Program Files\Common Files\Autodesk Shared\;C:\Program Files\Microsoft SQL Server\Client SDK\ODBC\110\Tools\Binn\;C:\Program Files (x86)\Microsoft SQL Server\120\Tools\Binn\;C:\Program Files\Microsoft SQL Server\120\DTS\Binn\;C:\Program Files (x86)\Windows Kits\8.1\Windows Performance Toolkit\;C:\Program Files (x86)\Common Files\Autodesk Shared\Advance\;C:\Program Files (x86)\Microsoft SQL Server\90\Tools\binn\;C:\Program Files\Git\cmd;C:\Program Files\PostgreSQL\15\bin;C:\Program Files\Microsoft SQL Server\150\Tools\Binn\;C:\Program Files\Common Files\Autodesk Shared\Advance\;C:\Program Files\dotnet\;C:\Program Files\Docker\Docker\resources\bin;C:\Program Files (x86)\cloudflared\.;C:\Program Files\nodejs\;C:\ProgramData\chocolatey\bin;C:\tools\Manim\Scripts;C:\Program Files\MiKTeX\miktex\bin\x64\;C:\Program Files\Calibre2\;C:\Program Files\MATLAB\R2024a\runtime\win64;C:\Program Files\MATLAB\R2024a\bin;C:\Users\Diego\.cargo\bin;C:\Users\Diego\AppData\Local\Programs\Python\Python38\Scripts\;C:\Users\Diego\AppData\Local\Programs\Python\Python38\;C:\Users\Diego\AppData\Local\Programs\Python\Python38-32\Scripts\;C:\Users\Diego\AppData\Local\Programs\Python\Python38-32\;C:\Users\Diego\AppData\Local\Microsoft\WindowsApps;C:\Users
USERNAME=Diego
OS=Windows_NT
PROCESSOR_IDENTIFIER=AMD64 Family 23 Model 113 Stepping 0, AuthenticAMD



---------------  S Y S T E M  ---------------

OS:
 Windows 10 , 64 bit Build 19041 (10.0.19041.4717)
OS uptime: 0 days 11:41 hours
HyperV virtualization detected

CPU: total 16 (initial active 16) (16 cores per cpu, 2 threads per core) family 23 model 113 stepping 0 microcode 0x0, cmov, cx8, fxsr, mmx, sse, sse2, sse3, ssse3, sse4.1, sse4.2, popcnt, vzeroupper, avx, avx2, aes, clmul, 3dnowpref, lzcnt, sse4a, ht, tsc, tscinvbit, tscinv, bmi1, bmi2, adx, sha, fma, clflush, clflushopt

Memory: 4k page, system-wide physical 32689M (13861M free)
TotalPageFile size 37553M (AvailPageFile size 8688M)
current process WorkingSet (physical memory assigned to process): 299M, peak: 319M
current process commit charge ("private bytes"): 861M, peak: 861M

vm_info: Java HotSpot(TM) 64-Bit Server VM (15.0.2+7-27) for windows-amd64 JRE (15.0.2+7-27), built on Dec  7 2020 20:07:01 by "mach5one" with unknown MS VC++:1925

END.
