#
# A fatal error has been detected by the Java Runtime Environment:
#
#  EXCEPTION_ACCESS_VIOLATION (0xc0000005) at pc=0x00007ff9859a0aba, pid=17032, tid=17240
#
# JRE version: Java(TM) SE Runtime Environment (15.0.2+7) (build 15.0.2+7-27)
# Java VM: Java HotSpot(TM) 64-Bit Server VM (15.0.2+7-27, mixed mode, sharing, tiered, compressed oops, g1 gc, windows-amd64)
# Problematic frame:
# C  [lwjgl_opengl.dll+0x10aba]
#
# No core dump will be written. Minidumps are not enabled by default on client versions of Windows
#
# If you would like to submit a bug report, please visit:
#   https://bugreport.java.com/bugreport/crash.jsp
# The crash happened outside the Java Virtual Machine in native code.
# See problematic frame for where to report the bug.
#

---------------  S U M M A R Y ------------

Command Line: -Dfile.encoding=UTF-8 -agentlib:jdwp=transport=dt_shmem,address=javadebug mampos.Mampos

Host: AMD Ryzen 7 5700U with Radeon Graphics         , 16 cores, 13G,  Windows 10 , 64 bit Build 22621 (10.0.22621.4391)
Time: Fri Oct 25 11:17:28 2024 Hora estándar, América Central elapsed time: 241.544040 seconds (0d 0h 4m 1s)

---------------  T H R E A D  ---------------

Current thread (0x0000025b7eb58c50):  JavaThread "AWT-EventQueue-0" [_thread_in_native, id=17240, stack(0x0000007750600000,0x0000007750700000)]

Stack: [0x0000007750600000,0x0000007750700000],  sp=0x00000077506fe3a8,  free space=1016k
Native frames: (J=compiled Java code, j=interpreted, Vv=VM code, C=native code)
C  [lwjgl_opengl.dll+0x10aba]

Java frames: (J=compiled Java code, j=interpreted, Vv=VM code)
j  org.lwjgl.opengl.GL30C.nglGenVertexArrays(IJ)V+0
j  org.lwjgl.opengl.GL30C.glGenVertexArrays()I+20
j  org.lwjgl.opengl.GL30.glGenVertexArrays()I+0
j  rendering.Controlador.createVAO()I+0
j  components.ControladorDeLosas.loadToVAO([F)Lcomponents/Losa;+0
j  rendering.Perfil.init(Lcom/jogamp/opengl/GLAutoDrawable;)V+76
j  jogamp.opengl.GLDrawableHelper.init(Lcom/jogamp/opengl/GLEventListener;Lcom/jogamp/opengl/GLAutoDrawable;Z)V+2
j  jogamp.opengl.GLDrawableHelper.init(Lcom/jogamp/opengl/GLAutoDrawable;Z)V+81
j  com.jogamp.opengl.awt.GLCanvas$9.run()V+26
j  jogamp.opengl.GLDrawableHelper.invokeGLImpl(Lcom/jogamp/opengl/GLDrawable;Lcom/jogamp/opengl/GLContext;Ljava/lang/Runnable;Ljava/lang/Runnable;)V+199
j  jogamp.opengl.GLDrawableHelper.invokeGL(Lcom/jogamp/opengl/GLDrawable;Lcom/jogamp/opengl/GLContext;Ljava/lang/Runnable;Ljava/lang/Runnable;)V+75
j  com.jogamp.opengl.awt.GLCanvas$11.run()V+104
j  java.awt.event.InvocationEvent.dispatch()V+11 java.desktop@15.0.2
j  java.awt.EventQueue.dispatchEventImpl(Ljava/awt/AWTEvent;Ljava/lang/Object;)V+21 java.desktop@15.0.2
j  java.awt.EventQueue$4.run()Ljava/lang/Void;+32 java.desktop@15.0.2
j  java.awt.EventQueue$4.run()Ljava/lang/Object;+1 java.desktop@15.0.2
J 1483 c1 java.security.AccessController.doPrivileged(Ljava/security/PrivilegedAction;Ljava/security/AccessControlContext;)Ljava/lang/Object; java.base@15.0.2 (17 bytes) @ 0x0000025b62faf574 [0x0000025b62faf380+0x00000000000001f4]
j  java.security.ProtectionDomain$JavaSecurityAccessImpl.doIntersectionPrivilege(Ljava/security/PrivilegedAction;Ljava/security/AccessControlContext;Ljava/security/AccessControlContext;)Ljava/lang/Object;+18 java.base@15.0.2
j  java.awt.EventQueue.dispatchEvent(Ljava/awt/AWTEvent;)V+46 java.desktop@15.0.2
j  java.awt.EventDispatchThread.pumpOneEventForFilters(I)V+78 java.desktop@15.0.2
j  java.awt.EventDispatchThread.pumpEventsForFilter(ILjava/awt/Conditional;Ljava/awt/EventFilter;)V+35 java.desktop@15.0.2
j  java.awt.EventDispatchThread.pumpEventsForHierarchy(ILjava/awt/Conditional;Ljava/awt/Component;)V+11 java.desktop@15.0.2
j  java.awt.EventDispatchThread.pumpEvents(ILjava/awt/Conditional;)V+4 java.desktop@15.0.2
j  java.awt.EventDispatchThread.pumpEvents(Ljava/awt/Conditional;)V+3 java.desktop@15.0.2
j  java.awt.EventDispatchThread.run()V+9 java.desktop@15.0.2
v  ~StubRoutines::call_stub

siginfo: EXCEPTION_ACCESS_VIOLATION (0xc0000005), reading address 0x00000000000013c8


Register to memory mapping:

RIP=0x00007ff9859a0aba lwjgl_opengl.dll
RAX=0x0 is NULL
RBX={method} {0x0000025b1c3f7d70} 'nglGenVertexArrays' '(IJ)V' in 'org/lwjgl/opengl/GL30C'
RCX=0x0000025b7eb58f78 points into unknown readable memory: 0x0000025b7eddad20 | 20 ad dd 7e 5b 02 00 00
RDX=0x0000025b7ed935bc points into unknown readable memory: 00 00 00 00
RSP=0x00000077506fe3a8 is pointing into the stack for thread: 0x0000025b7eb58c50
RBP=0x00000077506fe438 is pointing into the stack for thread: 0x0000025b7eb58c50
RSI=0x00000007241cc828 is an oop: java.lang.ThreadLocal$ThreadLocalMap 
{0x00000007241cc828} - klass: 'java/lang/ThreadLocal$ThreadLocalMap'
RDI=0x0000025b6257bf6e is at code_begin+3950 in an Interpreter codelet
invoke return entry points  [0x0000025b6257b000, 0x0000025b6257d0c0]  8384 bytes
R8 =0x0000000000000001 is an unknown value
R9 =0x0000025b7ed935bc points into unknown readable memory: 00 00 00 00
R10=0x0000025b62585ed3 is at code_begin+1971 in an Interpreter codelet
method entry point (kind = native)  [0x0000025b62585720, 0x0000025b62586a00]  4832 bytes
R11=0x000000072d3085c8 is an oop: java.lang.Class 
{0x000000072d3085c8} - klass: 'java/lang/Class'
R12=0x0 is NULL
R13={method} {0x0000025b1c3f7d70} 'nglGenVertexArrays' '(IJ)V' in 'org/lwjgl/opengl/GL30C'
R14=0x00000077506fe468 is pointing into the stack for thread: 0x0000025b7eb58c50
R15=0x0000025b7eb58c50 is a thread


Registers:
RAX=0x0000000000000000, RBX=0x0000025b1c3f7d68, RCX=0x0000025b7eb58f78, RDX=0x0000025b7ed935bc
RSP=0x00000077506fe3a8, RBP=0x00000077506fe438, RSI=0x00000007241cc828, RDI=0x0000025b6257bf6e
R8 =0x0000000000000001, R9 =0x0000025b7ed935bc, R10=0x0000025b62585ed3, R11=0x000000072d3085c8
R12=0x0000000000000000, R13=0x0000025b1c3f7d68, R14=0x00000077506fe468, R15=0x0000025b7eb58c50
RIP=0x00007ff9859a0aba, EFLAGS=0x0000000000010206

Top of Stack: (sp=0x00000077506fe3a8)
0x00000077506fe3a8:   0000025b62585f02 0000025b6257bf6e
0x00000077506fe3b8:   0000025b625859cf 0000025b1c3f7d68
0x00000077506fe3c8:   00000007241cc828 0000025b7eb58c50
0x00000077506fe3d8:   0000000000000000 00000007241cc828
0x00000077506fe3e8:   0000025b6258598c 00000077506fe3f0
0x00000077506fe3f8:   0000025b1c3f7d68 00000077506fe468
0x00000077506fe408:   0000025b1c42e4c8 0000000000000000
0x00000077506fe418:   000000072d3085c8 0000025b1c3f7d68
0x00000077506fe428:   0000000000000000 00000077506fe458
0x00000077506fe438:   00000077506fe4b8 0000025b6257cda0
0x00000077506fe448:   000000072d3085c8 0000025b62580f38
0x00000077506fe458:   0000025b7ed935bc 0000000000000000
0x00000077506fe468:   0000000000000001 00000077506fe470
0x00000077506fe478:   0000025b1c3f7eec 00000077506fe4e8
0x00000077506fe488:   0000025b1c42e4c8 0000000000000000
0x00000077506fe498:   000000072d3085c8 0000025b1c3f7f58 

Instructions: (pc=0x00007ff9859a0aba)
0x00007ff9859a09ba:   c1 49 ff e1 cc cc 48 8b 01 48 8b 40 18 44 89 c1
0x00007ff9859a09ca:   48 ff a0 98 13 00 00 cc cc cc cc cc cc cc cc cc
0x00007ff9859a09da:   cc cc cc cc cc cc 48 8b 01 48 8b 40 18 48 ff a0
0x00007ff9859a09ea:   a0 13 00 00 cc cc 44 89 ca 44 89 c0 4c 8b 44 24
0x00007ff9859a09fa:   28 44 8b 4c 24 30 48 8b 09 48 8b 49 18 4c 8b 91
0x00007ff9859a0a0a:   a8 13 00 00 89 c1 49 ff e2 cc cc cc cc cc cc cc
0x00007ff9859a0a1a:   cc cc cc cc cc cc 48 83 ec 38 44 89 ca 44 89 c0
0x00007ff9859a0a2a:   44 8b 44 24 60 4c 8b 4c 24 68 0f 28 44 24 70 4c
0x00007ff9859a0a3a:   8b 94 24 80 00 00 00 48 8b 09 4c 8b 59 18 4c 89
0x00007ff9859a0a4a:   54 24 30 0f 11 44 24 20 89 c1 41 ff 93 b0 13 00
0x00007ff9859a0a5a:   00 90 48 83 c4 38 c3 cc cc cc cc cc cc cc cc cc
0x00007ff9859a0a6a:   cc cc cc cc cc cc 48 8b 01 48 8b 40 18 44 89 c1
0x00007ff9859a0a7a:   48 ff a0 b8 13 00 00 cc cc cc cc cc cc cc cc cc
0x00007ff9859a0a8a:   cc cc cc cc cc cc 4c 89 ca 48 8b 01 48 8b 40 18
0x00007ff9859a0a9a:   48 8b 80 c0 13 00 00 44 89 c1 48 ff e0 cc cc cc
0x00007ff9859a0aaa:   cc cc cc cc cc cc 4c 89 ca 48 8b 01 48 8b 40 18
0x00007ff9859a0aba:   48 8b 80 c8 13 00 00 44 89 c1 48 ff e0 cc cc cc
0x00007ff9859a0aca:   cc cc cc cc cc cc 48 8b 01 48 8b 40 18 44 89 c1
0x00007ff9859a0ada:   48 ff a0 d0 13 00 00 cc cc cc cc cc cc cc cc cc
0x00007ff9859a0aea:   cc cc cc cc cc cc 44 89 ca 44 89 c0 44 8b 44 24
0x00007ff9859a0afa:   28 44 8b 4c 24 30 48 8b 09 48 8b 49 18 4c 8b 91
0x00007ff9859a0b0a:   d8 13 00 00 89 c1 49 ff e2 cc cc cc cc cc cc cc
0x00007ff9859a0b1a:   cc cc cc cc cc cc 48 83 ec 28 44 89 ca 44 89 c0
0x00007ff9859a0b2a:   44 8b 44 24 50 4c 8b 4c 24 58 44 8b 54 24 60 48
0x00007ff9859a0b3a:   8b 09 4c 8b 59 18 44 89 54 24 20 89 c1 41 ff 93
0x00007ff9859a0b4a:   e0 13 00 00 90 48 83 c4 28 c3 cc cc cc cc cc cc
0x00007ff9859a0b5a:   cc cc cc cc cc cc 48 83 ec 28 44 89 ca 44 89 c0
0x00007ff9859a0b6a:   4c 8b 44 24 50 4c 8b 4c 24 58 4c 8b 54 24 60 48
0x00007ff9859a0b7a:   8b 09 4c 8b 59 18 4c 89 54 24 20 89 c1 41 ff 93
0x00007ff9859a0b8a:   e8 13 00 00 90 48 83 c4 28 c3 cc cc cc cc cc cc
0x00007ff9859a0b9a:   cc cc cc cc cc cc 48 8b 01 48 8b 40 18 44 89 c1
0x00007ff9859a0baa:   48 ff a0 f0 13 00 00 cc cc cc cc cc cc cc cc cc 


Stack slot to memory mapping:
stack at sp + 0 slots: 0x0000025b62585f02 is at code_begin+2018 in an Interpreter codelet
method entry point (kind = native)  [0x0000025b62585720, 0x0000025b62586a00]  4832 bytes
stack at sp + 1 slots: 0x0000025b6257bf6e is at code_begin+3950 in an Interpreter codelet
invoke return entry points  [0x0000025b6257b000, 0x0000025b6257d0c0]  8384 bytes
stack at sp + 2 slots: 0x0000025b625859cf is at code_begin+687 in an Interpreter codelet
method entry point (kind = native)  [0x0000025b62585720, 0x0000025b62586a00]  4832 bytes
stack at sp + 3 slots: {method} {0x0000025b1c3f7d70} 'nglGenVertexArrays' '(IJ)V' in 'org/lwjgl/opengl/GL30C'
stack at sp + 4 slots: 0x00000007241cc828 is an oop: java.lang.ThreadLocal$ThreadLocalMap 
{0x00000007241cc828} - klass: 'java/lang/ThreadLocal$ThreadLocalMap'
stack at sp + 5 slots: 0x0000025b7eb58c50 is a thread
stack at sp + 6 slots: 0x0 is NULL
stack at sp + 7 slots: 0x00000007241cc828 is an oop: java.lang.ThreadLocal$ThreadLocalMap 
{0x00000007241cc828} - klass: 'java/lang/ThreadLocal$ThreadLocalMap'


---------------  P R O C E S S  ---------------

Threads class SMR info:
_java_thread_list=0x0000025b7f854460, length=25, elements={
0x0000025b7e180490, 0x0000025b7e183380, 0x0000025b7e1969f0, 0x0000025b7e1992c0,
0x0000025b7e199c80, 0x0000025b7e19b440, 0x0000025b7e19cb20, 0x0000025b7e1a8310,
0x0000025b7e303dc0, 0x0000025b7e324160, 0x0000025b7e325280, 0x0000025b7e331830,
0x0000025b7e34b0b0, 0x0000025b7eade470, 0x0000025b7eae0950, 0x0000025b7eae0e20,
0x0000025b7eb58c50, 0x0000025b58b88570, 0x0000025b7e57ca40, 0x0000025b7f2b4830,
0x0000025b0ac85c30, 0x0000025b7fcbb490, 0x0000025b7fcb9c80, 0x0000025b7fcbb960,
0x0000025b7fcb92e0
}

Java Threads: ( => current thread )
  0x0000025b7e180490 JavaThread "Reference Handler" daemon [_thread_blocked, id=13092, stack(0x000000774f200000,0x000000774f300000)]
  0x0000025b7e183380 JavaThread "Finalizer" daemon [_thread_blocked, id=12868, stack(0x000000774f300000,0x000000774f400000)]
  0x0000025b7e1969f0 JavaThread "Signal Dispatcher" daemon [_thread_blocked, id=6620, stack(0x000000774f400000,0x000000774f500000)]
  0x0000025b7e1992c0 JavaThread "Attach Listener" daemon [_thread_blocked, id=6048, stack(0x000000774f500000,0x000000774f600000)]
  0x0000025b7e199c80 JavaThread "Service Thread" daemon [_thread_blocked, id=9304, stack(0x000000774f600000,0x000000774f700000)]
  0x0000025b7e19b440 JavaThread "C2 CompilerThread0" daemon [_thread_blocked, id=18216, stack(0x000000774f700000,0x000000774f800000)]
  0x0000025b7e19cb20 JavaThread "C1 CompilerThread0" daemon [_thread_blocked, id=17464, stack(0x000000774f800000,0x000000774f900000)]
  0x0000025b7e1a8310 JavaThread "Sweeper thread" daemon [_thread_blocked, id=8312, stack(0x000000774f900000,0x000000774fa00000)]
  0x0000025b7e303dc0 JavaThread "JDWP Transport Listener: dt_shmem" daemon [_thread_blocked, id=12676, stack(0x000000774fc00000,0x000000774fd00000)]
  0x0000025b7e324160 JavaThread "JDWP Event Helper Thread" daemon [_thread_blocked, id=3860, stack(0x000000774fd00000,0x000000774fe00000)]
  0x0000025b7e325280 JavaThread "JDWP Command Reader" daemon [_thread_in_native, id=1256, stack(0x000000774fe00000,0x000000774ff00000)]
  0x0000025b7e331830 JavaThread "Notification Thread" daemon [_thread_blocked, id=12700, stack(0x000000774ff00000,0x0000007750000000)]
  0x0000025b7e34b0b0 JavaThread "Common-Cleaner" daemon [_thread_blocked, id=16548, stack(0x0000007750100000,0x0000007750200000)]
  0x0000025b7eade470 JavaThread "Java2D Disposer" daemon [_thread_blocked, id=6108, stack(0x0000007750300000,0x0000007750400000)]
  0x0000025b7eae0950 JavaThread "AWT-Shutdown" [_thread_blocked, id=6136, stack(0x0000007750400000,0x0000007750500000)]
  0x0000025b7eae0e20 JavaThread "AWT-Windows" daemon [_thread_in_native, id=7976, stack(0x0000007750500000,0x0000007750600000)]
=>0x0000025b7eb58c50 JavaThread "AWT-EventQueue-0" [_thread_in_native, id=17240, stack(0x0000007750600000,0x0000007750700000)]
  0x0000025b58b88570 JavaThread "DestroyJavaVM" [_thread_blocked, id=16896, stack(0x000000774eb00000,0x000000774ec00000)]
  0x0000025b7e57ca40 JavaThread "org.netbeans.modules.debugger.jpda.visual AWT Access Loop" daemon [_thread_blocked, id=15500, stack(0x0000007750700000,0x0000007750800000)]
  0x0000025b7f2b4830 JavaThread "AWT-EventQueue-0-SharedResourceRunner" daemon [_thread_blocked, id=14972, stack(0x0000007751800000,0x0000007751900000)]
  0x0000025b0ac85c30 JavaThread "AWT-EventQueue-0-AWTAnimator#00" [_thread_blocked, id=16576, stack(0x0000007751a00000,0x0000007751b00000)]
  0x0000025b7fcbb490 JavaThread "AWT-EventQueue-0-AWTAnimator#01" [_thread_blocked, id=12752, stack(0x0000007752000000,0x0000007752100000)]
  0x0000025b7fcb9c80 JavaThread "AWT-EventQueue-0-AWTAnimator#02" [_thread_blocked, id=9068, stack(0x0000007752100000,0x0000007752200000)]
  0x0000025b7fcbb960 JavaThread "TimerQueue" daemon [_thread_blocked, id=12828, stack(0x0000007752a00000,0x0000007752b00000)]
  0x0000025b7fcb92e0 JavaThread "D3D Screen Updater" daemon [_thread_blocked, id=17068, stack(0x0000007752c00000,0x0000007752d00000)]

Other Threads:
  0x0000025b7d97de90 VMThread "VM Thread" [stack: 0x000000774f100000,0x000000774f200000] [id=11648]
  0x0000025b7e33bf50 WatcherThread [stack: 0x0000007750000000,0x0000007750100000] [id=8924]
  0x0000025b58bd14e0 GCTaskThread "GC Thread#0" [stack: 0x000000774ec00000,0x000000774ed00000] [id=6640]
  0x0000025b7f1d0100 GCTaskThread "GC Thread#1" [stack: 0x0000007751300000,0x0000007751400000] [id=16176]
  0x0000025b7f1d3730 GCTaskThread "GC Thread#2" [stack: 0x0000007751400000,0x0000007751500000] [id=6532]
  0x0000025b7f1d2740 GCTaskThread "GC Thread#3" [stack: 0x0000007751500000,0x0000007751600000] [id=3428]
  0x0000025b7f1d3a60 GCTaskThread "GC Thread#4" [stack: 0x0000007751600000,0x0000007751700000] [id=17760]
  0x0000025b7f1d0760 GCTaskThread "GC Thread#5" [stack: 0x0000007751700000,0x0000007751800000] [id=3364]
  0x0000025b7f1d20e0 GCTaskThread "GC Thread#6" [stack: 0x0000007752300000,0x0000007752400000] [id=16932]
  0x0000025b7f1d2a70 GCTaskThread "GC Thread#7" [stack: 0x0000007752400000,0x0000007752500000] [id=6364]
  0x0000025b7f1d10f0 GCTaskThread "GC Thread#8" [stack: 0x0000007752500000,0x0000007752600000] [id=2884]
  0x0000025b7f1d0430 GCTaskThread "GC Thread#9" [stack: 0x0000007752600000,0x0000007752700000] [id=4092]
  0x0000025b7f1d1420 GCTaskThread "GC Thread#10" [stack: 0x0000007752700000,0x0000007752800000] [id=12032]
  0x0000025b7f1d1750 GCTaskThread "GC Thread#11" [stack: 0x0000007752800000,0x0000007752900000] [id=8640]
  0x0000025b58be0450 ConcurrentGCThread "G1 Main Marker" [stack: 0x000000774ed00000,0x000000774ee00000] [id=2016]
  0x0000025b58be0fd0 ConcurrentGCThread "G1 Conc#0" [stack: 0x000000774ee00000,0x000000774ef00000] [id=16000]
  0x0000025b7fb737d0 ConcurrentGCThread "G1 Conc#1" [stack: 0x0000007752200000,0x0000007752300000] [id=17712]
  0x0000025b7fb727e0 ConcurrentGCThread "G1 Conc#2" [stack: 0x0000007752b00000,0x0000007752c00000] [id=18196]
  0x0000025b58c3de90 ConcurrentGCThread "G1 Refine#0" [stack: 0x000000774ef00000,0x000000774f000000] [id=12848]
  0x0000025b58c3e9a0 ConcurrentGCThread "G1 Young RemSet Sampling" [stack: 0x000000774f000000,0x000000774f100000] [id=2452]

Threads with active compile tasks:

VM state: not at safepoint (normal execution)

VM Mutex/Monitor currently owned by a thread: None

Heap address: 0x0000000722600000, size: 3546 MB, Compressed Oops mode: Zero based, Oop shift amount: 3
CDS archive(s) mapped at: [0x0000000800000000-0x0000000800b50000-0x0000000800b50000), size 11862016, SharedBaseAddress: 0x0000000800000000, ArchiveRelocationMode: 0.
Compressed class space mapped at: 0x0000000800b50000-0x0000000840b50000, size: 1073741824
Narrow klass base: 0x0000000800000000, Narrow klass shift: 3, Narrow klass range: 0x100000000

GC Precious Log:
 CPUs: 16 total, 16 available
 Memory: 14181M
 Large Page Support: Disabled
 NUMA Support: Disabled
 Compressed Oops: Enabled (Zero based)
 Heap Region Size: 2M
 Heap Min Capacity: 8M
 Heap Initial Capacity: 222M
 Heap Max Capacity: 3546M
 Pre-touch: Disabled
 Parallel Workers: 13
 Concurrent Workers: 3
 Concurrent Refinement Workers: 13
 Periodic GC: Disabled

Heap:
 garbage-first heap   total 204800K, used 88650K [0x0000000722600000, 0x0000000800000000)
  region size 2048K, 14 young (28672K), 1 survivors (2048K)
 Metaspace       used 27982K, capacity 28266K, committed 28544K, reserved 1075200K
  class space    used 3000K, capacity 3085K, committed 3200K, reserved 1048576K

Heap Regions: E=young(eden), S=young(survivor), O=old, HS=humongous(starts), HC=humongous(continues), CS=collection set, F=free, OA=open archive, CA=closed archive, TAMS=top-at-mark-start (previous, next)
|   0|0x0000000722600000, 0x0000000722800000, 0x0000000722800000|100%| O|  |TAMS 0x0000000722800000, 0x0000000722600000| Untracked 
|   1|0x0000000722800000, 0x0000000722a00000, 0x0000000722a00000|100%| O|  |TAMS 0x0000000722a00000, 0x0000000722800000| Untracked 
|   2|0x0000000722a00000, 0x0000000722c00000, 0x0000000722c00000|100%| O|  |TAMS 0x0000000722c00000, 0x0000000722a00000| Untracked 
|   3|0x0000000722c00000, 0x0000000722e00000, 0x0000000722e00000|100%| O|  |TAMS 0x0000000722e00000, 0x0000000722c00000| Untracked 
|   4|0x0000000722e00000, 0x0000000723000000, 0x0000000723000000|100%| O|  |TAMS 0x0000000723000000, 0x0000000722e00000| Untracked 
|   5|0x0000000723000000, 0x0000000723200000, 0x0000000723200000|100%| O|  |TAMS 0x0000000723200000, 0x0000000723000000| Untracked 
|   6|0x0000000723200000, 0x0000000723400000, 0x0000000723400000|100%| O|  |TAMS 0x0000000723400000, 0x0000000723200000| Untracked 
|   7|0x0000000723400000, 0x0000000723600000, 0x0000000723600000|100%| O|  |TAMS 0x0000000723400000, 0x0000000723400000| Untracked 
|   8|0x0000000723600000, 0x0000000723800000, 0x0000000723800000|100%| O|  |TAMS 0x0000000723800000, 0x0000000723600000| Untracked 
|   9|0x0000000723800000, 0x0000000723a00000, 0x0000000723a00000|100%| O|  |TAMS 0x0000000723800000, 0x0000000723800000| Untracked 
|  10|0x0000000723a00000, 0x0000000723c00000, 0x0000000723c00000|100%| O|  |TAMS 0x0000000723c00000, 0x0000000723a00000| Untracked 
|  11|0x0000000723c00000, 0x0000000723e00000, 0x0000000723e00000|100%| O|  |TAMS 0x0000000723e00000, 0x0000000723c00000| Untracked 
|  12|0x0000000723e00000, 0x0000000724000000, 0x0000000724000000|100%| O|  |TAMS 0x0000000724000000, 0x0000000723e00000| Untracked 
|  13|0x0000000724000000, 0x0000000724200000, 0x0000000724200000|100%| O|  |TAMS 0x0000000724200000, 0x0000000724000000| Untracked 
|  14|0x0000000724200000, 0x0000000724400000, 0x0000000724400000|100%| O|  |TAMS 0x0000000724400000, 0x0000000724200000| Untracked 
|  15|0x0000000724400000, 0x0000000724600000, 0x0000000724600000|100%| O|  |TAMS 0x0000000724600000, 0x0000000724400000| Untracked 
|  16|0x0000000724600000, 0x0000000724800000, 0x0000000724800000|100%| O|  |TAMS 0x0000000724652e00, 0x0000000724600000| Untracked 
|  17|0x0000000724800000, 0x0000000724a00000, 0x0000000724a00000|100%| O|  |TAMS 0x0000000724800000, 0x0000000724800000| Untracked 
|  18|0x0000000724a00000, 0x0000000724c00000, 0x0000000724c00000|100%| O|  |TAMS 0x0000000724a00000, 0x0000000724a00000| Untracked 
|  19|0x0000000724c00000, 0x0000000724e00000, 0x0000000724e00000|100%| O|  |TAMS 0x0000000724c00000, 0x0000000724c00000| Untracked 
|  20|0x0000000724e00000, 0x0000000725000000, 0x0000000725000000|100%| O|  |TAMS 0x0000000725000000, 0x0000000724e00000| Untracked 
|  21|0x0000000725000000, 0x0000000725200000, 0x0000000725200000|100%| O|  |TAMS 0x0000000725000000, 0x0000000725000000| Untracked 
|  22|0x0000000725200000, 0x0000000725400000, 0x0000000725400000|100%| O|  |TAMS 0x0000000725200000, 0x0000000725200000| Untracked 
|  23|0x0000000725400000, 0x0000000725600000, 0x0000000725600000|100%| O|  |TAMS 0x0000000725400000, 0x0000000725400000| Untracked 
|  24|0x0000000725600000, 0x0000000725800000, 0x0000000725800000|100%| O|  |TAMS 0x0000000725600000, 0x0000000725600000| Untracked 
|  25|0x0000000725800000, 0x0000000725892800, 0x0000000725a00000| 28%| O|  |TAMS 0x0000000725800000, 0x0000000725800000| Untracked 
|  26|0x0000000725a00000, 0x0000000725a00000, 0x0000000725c00000|  0%| F|  |TAMS 0x0000000725a00000, 0x0000000725a00000| Untracked 
|  27|0x0000000725c00000, 0x0000000725c00000, 0x0000000725e00000|  0%| F|  |TAMS 0x0000000725c00000, 0x0000000725c00000| Untracked 
|  28|0x0000000725e00000, 0x0000000725e00000, 0x0000000726000000|  0%| F|  |TAMS 0x0000000725e00000, 0x0000000725e00000| Untracked 
|  29|0x0000000726000000, 0x0000000726000000, 0x0000000726200000|  0%| F|  |TAMS 0x0000000726000000, 0x0000000726000000| Untracked 
|  30|0x0000000726200000, 0x0000000726200000, 0x0000000726400000|  0%| F|  |TAMS 0x0000000726200000, 0x0000000726200000| Untracked 
|  31|0x0000000726400000, 0x0000000726400000, 0x0000000726600000|  0%| F|  |TAMS 0x0000000726400000, 0x0000000726400000| Untracked 
|  32|0x0000000726600000, 0x0000000726800000, 0x0000000726800000|100%| O|  |TAMS 0x0000000726600000, 0x0000000726600000| Untracked 
|  33|0x0000000726800000, 0x0000000726a00000, 0x0000000726a00000|100%| O|  |TAMS 0x0000000726800000, 0x0000000726800000| Untracked 
|  34|0x0000000726a00000, 0x0000000726c00000, 0x0000000726c00000|100%| O|  |TAMS 0x0000000726a00000, 0x0000000726a00000| Untracked 
|  35|0x0000000726c00000, 0x0000000726e00000, 0x0000000726e00000|100%| O|  |TAMS 0x0000000726c00000, 0x0000000726c00000| Untracked 
|  36|0x0000000726e00000, 0x0000000726e00000, 0x0000000727000000|  0%| F|  |TAMS 0x0000000726e00000, 0x0000000726e00000| Untracked 
|  37|0x0000000727000000, 0x0000000727000000, 0x0000000727200000|  0%| F|  |TAMS 0x0000000727000000, 0x0000000727000000| Untracked 
|  38|0x0000000727200000, 0x0000000727200000, 0x0000000727400000|  0%| F|  |TAMS 0x0000000727200000, 0x0000000727200000| Untracked 
|  39|0x0000000727400000, 0x0000000727400000, 0x0000000727600000|  0%| F|  |TAMS 0x0000000727400000, 0x0000000727400000| Untracked 
|  40|0x0000000727600000, 0x0000000727600000, 0x0000000727800000|  0%| F|  |TAMS 0x0000000727600000, 0x0000000727600000| Untracked 
|  41|0x0000000727800000, 0x0000000727800000, 0x0000000727a00000|  0%| F|  |TAMS 0x0000000727800000, 0x0000000727800000| Untracked 
|  42|0x0000000727a00000, 0x0000000727a00000, 0x0000000727c00000|  0%| F|  |TAMS 0x0000000727a00000, 0x0000000727a00000| Untracked 
|  43|0x0000000727c00000, 0x0000000727c00000, 0x0000000727e00000|  0%| F|  |TAMS 0x0000000727c00000, 0x0000000727c00000| Untracked 
|  44|0x0000000727e00000, 0x0000000727e00000, 0x0000000728000000|  0%| F|  |TAMS 0x0000000727e00000, 0x0000000727e00000| Untracked 
|  45|0x0000000728000000, 0x0000000728000000, 0x0000000728200000|  0%| F|  |TAMS 0x0000000728000000, 0x0000000728000000| Untracked 
|  46|0x0000000728200000, 0x0000000728200000, 0x0000000728400000|  0%| F|  |TAMS 0x0000000728200000, 0x0000000728200000| Untracked 
|  47|0x0000000728400000, 0x0000000728400000, 0x0000000728600000|  0%| F|  |TAMS 0x0000000728400000, 0x0000000728400000| Untracked 
|  48|0x0000000728600000, 0x0000000728600000, 0x0000000728800000|  0%| F|  |TAMS 0x0000000728600000, 0x0000000728600000| Untracked 
|  49|0x0000000728800000, 0x0000000728800000, 0x0000000728a00000|  0%| F|  |TAMS 0x0000000728800000, 0x0000000728800000| Untracked 
|  50|0x0000000728a00000, 0x0000000728a00000, 0x0000000728c00000|  0%| F|  |TAMS 0x0000000728a00000, 0x0000000728a00000| Untracked 
|  51|0x0000000728c00000, 0x0000000728c00000, 0x0000000728e00000|  0%| F|  |TAMS 0x0000000728c00000, 0x0000000728c00000| Untracked 
|  52|0x0000000728e00000, 0x0000000728e00000, 0x0000000729000000|  0%| F|  |TAMS 0x0000000728e00000, 0x0000000728e00000| Untracked 
|  53|0x0000000729000000, 0x0000000729000000, 0x0000000729200000|  0%| F|  |TAMS 0x0000000729000000, 0x0000000729000000| Untracked 
|  54|0x0000000729200000, 0x0000000729200000, 0x0000000729400000|  0%| F|  |TAMS 0x0000000729200000, 0x0000000729200000| Untracked 
|  55|0x0000000729400000, 0x0000000729400000, 0x0000000729600000|  0%| F|  |TAMS 0x0000000729400000, 0x0000000729400000| Untracked 
|  56|0x0000000729600000, 0x0000000729600000, 0x0000000729800000|  0%| F|  |TAMS 0x0000000729600000, 0x0000000729600000| Untracked 
|  57|0x0000000729800000, 0x0000000729800000, 0x0000000729a00000|  0%| F|  |TAMS 0x0000000729800000, 0x0000000729800000| Untracked 
|  58|0x0000000729a00000, 0x0000000729a00000, 0x0000000729c00000|  0%| F|  |TAMS 0x0000000729a00000, 0x0000000729a00000| Untracked 
|  59|0x0000000729c00000, 0x0000000729c00000, 0x0000000729e00000|  0%| F|  |TAMS 0x0000000729c00000, 0x0000000729c00000| Untracked 
|  60|0x0000000729e00000, 0x0000000729e00000, 0x000000072a000000|  0%| F|  |TAMS 0x0000000729e00000, 0x0000000729e00000| Untracked 
|  61|0x000000072a000000, 0x000000072a000000, 0x000000072a200000|  0%| F|  |TAMS 0x000000072a000000, 0x000000072a000000| Untracked 
|  62|0x000000072a200000, 0x000000072a200000, 0x000000072a400000|  0%| F|  |TAMS 0x000000072a200000, 0x000000072a200000| Untracked 
|  63|0x000000072a400000, 0x000000072a400000, 0x000000072a600000|  0%| F|  |TAMS 0x000000072a400000, 0x000000072a400000| Untracked 
|  64|0x000000072a600000, 0x000000072a600000, 0x000000072a800000|  0%| F|  |TAMS 0x000000072a600000, 0x000000072a600000| Untracked 
|  65|0x000000072a800000, 0x000000072a800000, 0x000000072aa00000|  0%| F|  |TAMS 0x000000072a800000, 0x000000072a800000| Untracked 
|  66|0x000000072aa00000, 0x000000072aa00000, 0x000000072ac00000|  0%| F|  |TAMS 0x000000072aa00000, 0x000000072aa00000| Untracked 
|  67|0x000000072ac00000, 0x000000072ac00000, 0x000000072ae00000|  0%| F|  |TAMS 0x000000072ac00000, 0x000000072ac00000| Untracked 
|  68|0x000000072ae00000, 0x000000072ae00000, 0x000000072b000000|  0%| F|  |TAMS 0x000000072ae00000, 0x000000072ae00000| Untracked 
|  69|0x000000072b000000, 0x000000072b000000, 0x000000072b200000|  0%| F|  |TAMS 0x000000072b000000, 0x000000072b000000| Untracked 
|  70|0x000000072b200000, 0x000000072b200000, 0x000000072b400000|  0%| F|  |TAMS 0x000000072b200000, 0x000000072b200000| Untracked 
|  71|0x000000072b400000, 0x000000072b400000, 0x000000072b600000|  0%| F|  |TAMS 0x000000072b400000, 0x000000072b400000| Untracked 
|  72|0x000000072b600000, 0x000000072b600000, 0x000000072b800000|  0%| F|  |TAMS 0x000000072b600000, 0x000000072b600000| Untracked 
|  73|0x000000072b800000, 0x000000072b800000, 0x000000072ba00000|  0%| F|  |TAMS 0x000000072b800000, 0x000000072b800000| Untracked 
|  74|0x000000072ba00000, 0x000000072ba00000, 0x000000072bc00000|  0%| F|  |TAMS 0x000000072ba00000, 0x000000072ba00000| Untracked 
|  75|0x000000072bc00000, 0x000000072bc00000, 0x000000072be00000|  0%| F|  |TAMS 0x000000072bc00000, 0x000000072bc00000| Untracked 
|  76|0x000000072be00000, 0x000000072be00000, 0x000000072c000000|  0%| F|  |TAMS 0x000000072be00000, 0x000000072be00000| Untracked 
|  77|0x000000072c000000, 0x000000072c000000, 0x000000072c200000|  0%| F|  |TAMS 0x000000072c000000, 0x000000072c000000| Untracked 
|  78|0x000000072c200000, 0x000000072c200000, 0x000000072c400000|  0%| F|  |TAMS 0x000000072c200000, 0x000000072c200000| Untracked 
|  79|0x000000072c400000, 0x000000072c400000, 0x000000072c600000|  0%| F|  |TAMS 0x000000072c400000, 0x000000072c400000| Untracked 
|  80|0x000000072c600000, 0x000000072c600000, 0x000000072c800000|  0%| F|  |TAMS 0x000000072c600000, 0x000000072c600000| Untracked 
|  81|0x000000072c800000, 0x000000072c800000, 0x000000072ca00000|  0%| F|  |TAMS 0x000000072c800000, 0x000000072c800000| Untracked 
|  82|0x000000072ca00000, 0x000000072ca00000, 0x000000072cc00000|  0%| F|  |TAMS 0x000000072ca00000, 0x000000072ca00000| Untracked 
|  83|0x000000072cc00000, 0x000000072cc00000, 0x000000072ce00000|  0%| F|  |TAMS 0x000000072cc00000, 0x000000072cc00000| Untracked 
|  84|0x000000072ce00000, 0x000000072ce00000, 0x000000072d000000|  0%| F|  |TAMS 0x000000072ce00000, 0x000000072ce00000| Untracked 
|  85|0x000000072d000000, 0x000000072d00e3f8, 0x000000072d200000|  2%| E|  |TAMS 0x000000072d000000, 0x000000072d000000| Complete 
|  86|0x000000072d200000, 0x000000072d400000, 0x000000072d400000|100%| E|CS|TAMS 0x000000072d200000, 0x000000072d200000| Complete 
|  87|0x000000072d400000, 0x000000072d600000, 0x000000072d600000|100%| E|CS|TAMS 0x000000072d400000, 0x000000072d400000| Complete 
|  88|0x000000072d600000, 0x000000072d800000, 0x000000072d800000|100%| E|CS|TAMS 0x000000072d600000, 0x000000072d600000| Complete 
|  89|0x000000072d800000, 0x000000072da00000, 0x000000072da00000|100%| E|CS|TAMS 0x000000072d800000, 0x000000072d800000| Complete 
|  90|0x000000072da00000, 0x000000072dc00000, 0x000000072dc00000|100%| E|CS|TAMS 0x000000072da00000, 0x000000072da00000| Complete 
|  91|0x000000072dc00000, 0x000000072de00000, 0x000000072de00000|100%| E|CS|TAMS 0x000000072dc00000, 0x000000072dc00000| Complete 
|  92|0x000000072de00000, 0x000000072e000000, 0x000000072e000000|100%| E|CS|TAMS 0x000000072de00000, 0x000000072de00000| Complete 
|  93|0x000000072e000000, 0x000000072e200000, 0x000000072e200000|100%| E|CS|TAMS 0x000000072e000000, 0x000000072e000000| Complete 
|  94|0x000000072e200000, 0x000000072e400000, 0x000000072e400000|100%| S|CS|TAMS 0x000000072e200000, 0x000000072e200000| Complete 
|  95|0x000000072e400000, 0x000000072e600000, 0x000000072e600000|100%| E|CS|TAMS 0x000000072e400000, 0x000000072e400000| Complete 
| 109|0x0000000730000000, 0x0000000730200000, 0x0000000730200000|100%| E|CS|TAMS 0x0000000730000000, 0x0000000730000000| Complete 
| 110|0x0000000730200000, 0x0000000730400000, 0x0000000730400000|100%| E|CS|TAMS 0x0000000730200000, 0x0000000730200000| Complete 
|1771|0x00000007ffc00000, 0x00000007ffe00000, 0x00000007ffe00000|100%| O|  |TAMS 0x00000007ffe00000, 0x00000007ffc00000| Untracked 
|1772|0x00000007ffe00000, 0x0000000800000000, 0x0000000800000000|100%| E|CS|TAMS 0x00000007ffe00000, 0x00000007ffe00000| Complete 

Card table byte_map: [0x0000025b72c30000,0x0000025b73320000] _byte_map_base: 0x0000025b6f31d000

Marking Bits (Prev, Next): (CMBitMap*) 0x0000025b58bd1ca0, (CMBitMap*) 0x0000025b58bd1c60
 Prev Bits: [0x0000025b77180000, 0x0000025b7a8e8000)
 Next Bits: [0x0000025b73a10000, 0x0000025b77178000)

Polling page: 0x0000025b62550000

Metaspace:

Usage:
  Non-class:     24.59 MB capacity,    24.40 MB (>99%) used,   164.16 KB ( <1%) free+waste,    34.75 KB ( <1%) overhead. 
      Class:      3.01 MB capacity,     2.93 MB ( 97%) used,    72.55 KB (  2%) free+waste,    12.25 KB ( <1%) overhead. 
       Both:     27.60 MB capacity,    27.33 MB ( 99%) used,   236.70 KB ( <1%) free+waste,    47.00 KB ( <1%) overhead. 

Virtual space:
  Non-class space:       26.00 MB reserved,      24.75 MB ( 95%) committed 
      Class space:        1.00 GB reserved,       3.12 MB ( <1%) committed 
             Both:        1.03 GB reserved,      27.88 MB (  3%) committed 

Chunk freelists:
   Non-Class:  35.00 KB
       Class:  19.00 KB
        Both:  54.00 KB

MaxMetaspaceSize: 17179869184.00 GB
CompressedClassSpaceSize: 1.00 GB

CodeHeap 'non-profiled nmethods': size=119168Kb used=1180Kb max_used=1180Kb free=117987Kb
 bounds [0x0000025b6a110000, 0x0000025b6a380000, 0x0000025b71570000]
CodeHeap 'profiled nmethods': size=119104Kb used=4702Kb max_used=4702Kb free=114401Kb
 bounds [0x0000025b62cc0000, 0x0000025b63160000, 0x0000025b6a110000]
CodeHeap 'non-nmethods': size=7488Kb used=2192Kb max_used=3434Kb free=5295Kb
 bounds [0x0000025b62570000, 0x0000025b628d0000, 0x0000025b62cc0000]
 total_blobs=3957 nmethods=2305 adapters=1564
 compilation: enabled
              stopped_count=0, restarted_count=0
 full_count=0

Compilation events (20 events):
Event: 5.332 Thread 0x0000025b7e2dcbd0 2283       1       sun.java2d.SurfaceData::isSurfaceLost (5 bytes)
Event: 5.332 Thread 0x0000025b7e2dcbd0 nmethod 2283 0x0000025b6a231710 code [0x0000025b6a2318a0, 0x0000025b6a231958]
Event: 5.394 Thread 0x0000025b7e19b440 2284       4       jogamp.opengl.util.jpeg.JPEGDecoder$Output::buildComponentData (213 bytes)
Event: 5.423 Thread 0x0000025b7e19b440 nmethod 2284 0x0000025b6a231a10 code [0x0000025b6a231c20, 0x0000025b6a2335d8]
Event: 14.494 Thread 0x0000025b7e19cb20 2296       3       org.netbeans.modules.debugger.jpda.visual.remote.RemoteAWTService::access$400 (4 bytes)
Event: 14.495 Thread 0x0000025b7e19cb20 nmethod 2296 0x0000025b63156710 code [0x0000025b631568a0, 0x0000025b63156998]
Event: 28.168 Thread 0x0000025b7e19cb20 2298       3       org.netbeans.modules.debugger.jpda.visual.remote.RemoteAWTService::access$000 (4 bytes)
Event: 28.168 Thread 0x0000025b7e19cb20 nmethod 2298 0x0000025b63156a10 code [0x0000025b63156ba0, 0x0000025b63156c98]
Event: 28.168 Thread 0x0000025b7e19cb20 2299       3       org.netbeans.modules.debugger.jpda.visual.remote.RemoteAWTService::access$100 (4 bytes)
Event: 28.168 Thread 0x0000025b7e19cb20 nmethod 2299 0x0000025b63156d10 code [0x0000025b63156ea0, 0x0000025b63156f98]
Event: 28.377 Thread 0x0000025b7e19cb20 2301       3       sun.java2d.StateTrackableDelegate$1::isCurrent (17 bytes)
Event: 28.378 Thread 0x0000025b7e19cb20 nmethod 2301 0x0000025b63157010 code [0x0000025b631571a0, 0x0000025b63157318]
Event: 30.479 Thread 0x0000025b7e19cb20 2302       3       sun.java2d.d3d.D3DSurfaceData$D3DWindowSurfaceData::isDirty (18 bytes)
Event: 30.480 Thread 0x0000025b7e19cb20 nmethod 2302 0x0000025b63157410 code [0x0000025b631575c0, 0x0000025b631577e8]
Event: 69.485 Thread 0x0000025b7e19b440 2303       4       org.netbeans.modules.debugger.jpda.visual.remote.RemoteAWTService::access$400 (4 bytes)
Event: 69.485 Thread 0x0000025b7e19b440 nmethod 2303 0x0000025b6a236a10 code [0x0000025b6a236b80, 0x0000025b6a236bd8]
Event: 137.723 Thread 0x0000025b7e19b440 2304       4       org.netbeans.modules.debugger.jpda.visual.remote.RemoteAWTService::access$000 (4 bytes)
Event: 137.724 Thread 0x0000025b7e19b440 nmethod 2304 0x0000025b6a236d10 code [0x0000025b6a236e80, 0x0000025b6a236ed8]
Event: 137.724 Thread 0x0000025b7e19b440 2305       4       org.netbeans.modules.debugger.jpda.visual.remote.RemoteAWTService::access$100 (4 bytes)
Event: 137.724 Thread 0x0000025b7e19b440 nmethod 2305 0x0000025b6a237010 code [0x0000025b6a237180, 0x0000025b6a2371d8]

GC Heap History (20 events):
Event: 4.025 GC heap before
{Heap before GC invocations=16 (full 0):
 garbage-first heap   total 79872K, used 60473K [0x0000000722600000, 0x0000000800000000)
  region size 2048K, 2 young (4096K), 1 survivors (2048K)
 Metaspace       used 24290K, capacity 24560K, committed 24704K, reserved 1071104K
  class space    used 2841K, capacity 2937K, committed 2944K, reserved 1048576K
}
Event: 4.027 GC heap after
{Heap after GC invocations=17 (full 0):
 garbage-first heap   total 96256K, used 60591K [0x0000000722600000, 0x0000000800000000)
  region size 2048K, 1 young (2048K), 1 survivors (2048K)
 Metaspace       used 24290K, capacity 24560K, committed 24704K, reserved 1071104K
  class space    used 2841K, capacity 2937K, committed 2944K, reserved 1048576K
}
Event: 4.028 GC heap before
{Heap before GC invocations=17 (full 0):
 garbage-first heap   total 96256K, used 64687K [0x0000000722600000, 0x0000000800000000)
  region size 2048K, 3 young (6144K), 1 survivors (2048K)
 Metaspace       used 24290K, capacity 24560K, committed 24704K, reserved 1071104K
  class space    used 2841K, capacity 2937K, committed 2944K, reserved 1048576K
}
Event: 4.031 GC heap after
{Heap after GC invocations=18 (full 0):
 garbage-first heap   total 96256K, used 64714K [0x0000000722600000, 0x0000000800000000)
  region size 2048K, 1 young (2048K), 1 survivors (2048K)
 Metaspace       used 24290K, capacity 24560K, committed 24704K, reserved 1071104K
  class space    used 2841K, capacity 2937K, committed 2944K, reserved 1048576K
}
Event: 4.032 GC heap before
{Heap before GC invocations=18 (full 0):
 garbage-first heap   total 96256K, used 68810K [0x0000000722600000, 0x0000000800000000)
  region size 2048K, 3 young (6144K), 1 survivors (2048K)
 Metaspace       used 24290K, capacity 24560K, committed 24704K, reserved 1071104K
  class space    used 2841K, capacity 2937K, committed 2944K, reserved 1048576K
}
Event: 4.034 GC heap after
{Heap after GC invocations=19 (full 0):
 garbage-first heap   total 96256K, used 68996K [0x0000000722600000, 0x0000000800000000)
  region size 2048K, 1 young (2048K), 1 survivors (2048K)
 Metaspace       used 24290K, capacity 24560K, committed 24704K, reserved 1071104K
  class space    used 2841K, capacity 2937K, committed 2944K, reserved 1048576K
}
Event: 4.375 GC heap before
{Heap before GC invocations=20 (full 0):
 garbage-first heap   total 102400K, used 58756K [0x0000000722600000, 0x0000000800000000)
  region size 2048K, 3 young (6144K), 1 survivors (2048K)
 Metaspace       used 24290K, capacity 24560K, committed 24704K, reserved 1071104K
  class space    used 2841K, capacity 2937K, committed 2944K, reserved 1048576K
}
Event: 4.377 GC heap after
{Heap after GC invocations=21 (full 0):
 garbage-first heap   total 102400K, used 59003K [0x0000000722600000, 0x0000000800000000)
  region size 2048K, 1 young (2048K), 1 survivors (2048K)
 Metaspace       used 24290K, capacity 24560K, committed 24704K, reserved 1071104K
  class space    used 2841K, capacity 2937K, committed 2944K, reserved 1048576K
}
Event: 4.401 GC heap before
{Heap before GC invocations=21 (full 0):
 garbage-first heap   total 102400K, used 63099K [0x0000000722600000, 0x0000000800000000)
  region size 2048K, 3 young (6144K), 1 survivors (2048K)
 Metaspace       used 24290K, capacity 24560K, committed 24704K, reserved 1071104K
  class space    used 2841K, capacity 2937K, committed 2944K, reserved 1048576K
}
Event: 4.404 GC heap after
{Heap after GC invocations=22 (full 0):
 garbage-first heap   total 126976K, used 53016K [0x0000000722600000, 0x0000000800000000)
  region size 2048K, 1 young (2048K), 1 survivors (2048K)
 Metaspace       used 24290K, capacity 24560K, committed 24704K, reserved 1071104K
  class space    used 2841K, capacity 2937K, committed 2944K, reserved 1048576K
}
Event: 4.614 GC heap before
{Heap before GC invocations=22 (full 0):
 garbage-first heap   total 126976K, used 55064K [0x0000000722600000, 0x0000000800000000)
  region size 2048K, 3 young (6144K), 1 survivors (2048K)
 Metaspace       used 26131K, capacity 26387K, committed 26624K, reserved 1073152K
  class space    used 2923K, capacity 3034K, committed 3072K, reserved 1048576K
}
Event: 4.618 GC heap after
{Heap after GC invocations=23 (full 0):
 garbage-first heap   total 126976K, used 45145K [0x0000000722600000, 0x0000000800000000)
  region size 2048K, 1 young (2048K), 1 survivors (2048K)
 Metaspace       used 26131K, capacity 26387K, committed 26624K, reserved 1073152K
  class space    used 2923K, capacity 3034K, committed 3072K, reserved 1048576K
}
Event: 4.626 GC heap before
{Heap before GC invocations=23 (full 0):
 garbage-first heap   total 126976K, used 63577K [0x0000000722600000, 0x0000000800000000)
  region size 2048K, 10 young (20480K), 1 survivors (2048K)
 Metaspace       used 26131K, capacity 26387K, committed 26624K, reserved 1073152K
  class space    used 2923K, capacity 3034K, committed 3072K, reserved 1048576K
}
Event: 4.632 GC heap after
{Heap after GC invocations=24 (full 0):
 garbage-first heap   total 126976K, used 63819K [0x0000000722600000, 0x0000000800000000)
  region size 2048K, 2 young (4096K), 2 survivors (4096K)
 Metaspace       used 26131K, capacity 26387K, committed 26624K, reserved 1073152K
  class space    used 2923K, capacity 3034K, committed 3072K, reserved 1048576K
}
Event: 4.974 GC heap before
{Heap before GC invocations=24 (full 0):
 garbage-first heap   total 126976K, used 76107K [0x0000000722600000, 0x0000000800000000)
  region size 2048K, 8 young (16384K), 2 survivors (4096K)
 Metaspace       used 26133K, capacity 26387K, committed 26624K, reserved 1073152K
  class space    used 2923K, capacity 3034K, committed 3072K, reserved 1048576K
}
Event: 4.979 GC heap after
{Heap after GC invocations=25 (full 0):
 garbage-first heap   total 126976K, used 76425K [0x0000000722600000, 0x0000000800000000)
  region size 2048K, 1 young (2048K), 1 survivors (2048K)
 Metaspace       used 26133K, capacity 26387K, committed 26624K, reserved 1073152K
  class space    used 2923K, capacity 3034K, committed 3072K, reserved 1048576K
}
Event: 5.051 GC heap before
{Heap before GC invocations=26 (full 0):
 garbage-first heap   total 126976K, used 57993K [0x0000000722600000, 0x0000000800000000)
  region size 2048K, 5 young (10240K), 1 survivors (2048K)
 Metaspace       used 26133K, capacity 26387K, committed 26624K, reserved 1073152K
  class space    used 2923K, capacity 3034K, committed 3072K, reserved 1048576K
}
Event: 5.055 GC heap after
{Heap after GC invocations=27 (full 0):
 garbage-first heap   total 204800K, used 55528K [0x0000000722600000, 0x0000000800000000)
  region size 2048K, 1 young (2048K), 1 survivors (2048K)
 Metaspace       used 26133K, capacity 26387K, committed 26624K, reserved 1073152K
  class space    used 2923K, capacity 3034K, committed 3072K, reserved 1048576K
}
Event: 5.057 GC heap before
{Heap before GC invocations=27 (full 0):
 garbage-first heap   total 204800K, used 63720K [0x0000000722600000, 0x0000000800000000)
  region size 2048K, 5 young (10240K), 1 survivors (2048K)
 Metaspace       used 26133K, capacity 26387K, committed 26624K, reserved 1073152K
  class space    used 2923K, capacity 3034K, committed 3072K, reserved 1048576K
}
Event: 5.060 GC heap after
{Heap after GC invocations=28 (full 0):
 garbage-first heap   total 204800K, used 64074K [0x0000000722600000, 0x0000000800000000)
  region size 2048K, 1 young (2048K), 1 survivors (2048K)
 Metaspace       used 26133K, capacity 26387K, committed 26624K, reserved 1073152K
  class space    used 2923K, capacity 3034K, committed 3072K, reserved 1048576K
}

Deoptimization events (20 events):
Event: 4.655 Thread 0x0000025b7eb58c50 DEOPT PACKING pc=0x0000025b630eb668 sp=0x00000077506fde70
Event: 4.655 Thread 0x0000025b7eb58c50 DEOPT UNPACKING pc=0x0000025b625be23f sp=0x00000077506fd408 mode 0
Event: 4.943 Thread 0x0000025b7eb58c50 Uncommon trap: trap_request=0xffffff45 fr.pc=0x0000025b6a20de18 relative=0x00000000000003b8
Event: 4.943 Thread 0x0000025b7eb58c50 Uncommon trap: reason=unstable_if action=reinterpret pc=0x0000025b6a20de18 method=jogamp.opengl.util.jpeg.JPEGDecoder$Decoder.decodeScan(Ljogamp/opengl/util/jpeg/JPEGDecoder$Frame;Ljava/util/ArrayList;IIIII)I @ 370 c2
Event: 4.943 Thread 0x0000025b7eb58c50 DEOPT PACKING pc=0x0000025b6a20de18 sp=0x00000077506fdf40
Event: 4.943 Thread 0x0000025b7eb58c50 DEOPT UNPACKING pc=0x0000025b625be42f sp=0x00000077506fdf08 mode 2
Event: 4.943 Thread 0x0000025b7eb58c50 DEOPT PACKING pc=0x0000025b6312e9bd sp=0x00000077506fdf20
Event: 4.943 Thread 0x0000025b7eb58c50 DEOPT UNPACKING pc=0x0000025b625be23f sp=0x00000077506fd450 mode 0
Event: 4.980 Thread 0x0000025b7eb58c50 DEOPT PACKING pc=0x0000025b6312e9bd sp=0x00000077506fdf20
Event: 4.980 Thread 0x0000025b7eb58c50 DEOPT UNPACKING pc=0x0000025b625be23f sp=0x00000077506fd450 mode 0
Event: 4.994 Thread 0x0000025b7eb58c50 DEOPT PACKING pc=0x0000025b6312e9bd sp=0x00000077506fdf20
Event: 4.994 Thread 0x0000025b7eb58c50 DEOPT UNPACKING pc=0x0000025b625be23f sp=0x00000077506fd450 mode 0
Event: 5.081 Thread 0x0000025b7eb58c50 DEOPT PACKING pc=0x0000025b630eb668 sp=0x00000077506fde70
Event: 5.081 Thread 0x0000025b7eb58c50 DEOPT UNPACKING pc=0x0000025b625be23f sp=0x00000077506fd408 mode 0
Event: 5.393 Thread 0x0000025b7eb58c50 Uncommon trap: trap_request=0xffffff45 fr.pc=0x0000025b6a20a494 relative=0x0000000000000934
Event: 5.393 Thread 0x0000025b7eb58c50 Uncommon trap: reason=unstable_if action=reinterpret pc=0x0000025b6a20a494 method=jogamp.opengl.util.jpeg.JPEGDecoder$Decoder.decodeScan(Ljogamp/opengl/util/jpeg/JPEGDecoder$Frame;Ljava/util/ArrayList;IIIII)I @ 370 c2
Event: 5.393 Thread 0x0000025b7eb58c50 DEOPT PACKING pc=0x0000025b6a20a494 sp=0x00000077506fdf40
Event: 5.393 Thread 0x0000025b7eb58c50 DEOPT UNPACKING pc=0x0000025b625be42f sp=0x00000077506fdf08 mode 2
Event: 5.393 Thread 0x0000025b7eb58c50 DEOPT PACKING pc=0x0000025b6312e9bd sp=0x00000077506fdf20
Event: 5.393 Thread 0x0000025b7eb58c50 DEOPT UNPACKING pc=0x0000025b625be23f sp=0x00000077506fd450 mode 0

Classes unloaded (0 events):
No events

Classes redefined (0 events):
No events

Internal exceptions (20 events):
Event: 2.149 Thread 0x0000025b7eb58c50 Implicit null exception at 0x0000025b6a1424af to 0x0000025b6a14252d
Event: 2.219 Thread 0x0000025b7eb58c50 Exception <a 'java/lang/NoSuchMethodError'{0x000000072e9b6878}: 'void java.lang.invoke.DirectMethodHandle$Holder.invokeStaticInit(java.lang.Object)'> (0x000000072e9b6878) 
thrown [./open/src/hotspot/share/interpreter/linkResolver.cpp, line 782]
Event: 2.262 Thread 0x0000025b7fcba150 Exception <a 'java/lang/NoSuchMethodError'{0x0000000730012d48}: 'java.lang.Object java.lang.invoke.DirectMethodHandle$Holder.newInvokeSpecial(java.lang.Object, java.lang.Object, java.lang.Object, int, int, int, int, int)'> (0x0000000730012d48) 
thrown [./open/src/hotspot/share/interpreter/linkResolver.cpp, line 782]
Event: 2.307 Thread 0x0000025b7eb58c50 Exception <a 'java/lang/NoSuchMethodError'{0x000000072fed9c70}: 'java.lang.Object java.lang.invoke.DirectMethodHandle$Holder.invokeInterface(java.lang.Object, java.lang.Object)'> (0x000000072fed9c70) 
thrown [./open/src/hotspot/share/interpreter/linkResolver.cpp, line 782]
Event: 4.579 Thread 0x0000025b7eb58c50 Exception <a 'java/lang/NoSuchMethodError'{0x00000007303c7c40}: 'double java.lang.invoke.DirectMethodHandle$Holder.invokeStatic(java.lang.Object, java.lang.Object)'> (0x00000007303c7c40) 
thrown [./open/src/hotspot/share/interpreter/linkResolver.cpp, line 782]
Event: 7.204 Thread 0x0000025b7eb58c50 Exception <a 'java/lang/NoSuchMethodError'{0x000000072d785788}: 'java.lang.Object java.lang.invoke.DirectMethodHandle$Holder.invokeStatic(java.lang.Object, java.lang.Object, int)'> (0x000000072d785788) 
thrown [./open/src/hotspot/share/interpreter/linkResolver.cpp, line 782]
Event: 7.231 Thread 0x0000025b7eb58c50 Exception <a 'java/lang/NoSuchMethodError'{0x000000072d790fb0}: 'void java.lang.invoke.DelegatingMethodHandle$Holder.delegate(java.lang.Object, java.lang.Object, int, java.lang.Object)'> (0x000000072d790fb0) 
thrown [./open/src/hotspot/share/interpreter/linkResolver.cpp, line 782]
Event: 7.238 Thread 0x0000025b7eb58c50 Exception <a 'java/lang/NoSuchMethodError'{0x000000072d7951d8}: 'int java.lang.invoke.DirectMethodHandle$Holder.invokeSpecial(java.lang.Object, java.lang.Object, java.lang.Object)'> (0x000000072d7951d8) 
thrown [./open/src/hotspot/share/interpreter/linkResolver.cpp, line 782]
Event: 7.611 Thread 0x0000025b7eb58c50 Exception <a 'sun/nio/fs/WindowsException'{0x000000072d45ef58}> (0x000000072d45ef58) 
thrown [./open/src/hotspot/share/prims/jni.cpp, line 578]
Event: 7.612 Thread 0x0000025b7eb58c50 Exception <a 'sun/nio/fs/WindowsException'{0x000000072d45f2a8}> (0x000000072d45f2a8) 
thrown [./open/src/hotspot/share/prims/jni.cpp, line 578]
Event: 8.159 Thread 0x0000025b7eb58c50 Exception <a 'sun/nio/fs/WindowsException'{0x000000072d539968}> (0x000000072d539968) 
thrown [./open/src/hotspot/share/prims/jni.cpp, line 578]
Event: 8.160 Thread 0x0000025b7eb58c50 Exception <a 'sun/nio/fs/WindowsException'{0x000000072d539d08}> (0x000000072d539d08) 
thrown [./open/src/hotspot/share/prims/jni.cpp, line 578]
Event: 8.327 Thread 0x0000025b7eb58c50 Exception <a 'sun/nio/fs/WindowsException'{0x000000072d559d08}> (0x000000072d559d08) 
thrown [./open/src/hotspot/share/prims/jni.cpp, line 578]
Event: 8.327 Thread 0x0000025b7eb58c50 Exception <a 'sun/nio/fs/WindowsException'{0x000000072d559fd8}> (0x000000072d559fd8) 
thrown [./open/src/hotspot/share/prims/jni.cpp, line 578]
Event: 8.370 Thread 0x0000025b7eb58c50 Exception <a 'java/lang/NoSuchMethodError'{0x000000072d5a3870}: 'int java.lang.invoke.DirectMethodHandle$Holder.invokeStaticInit(java.lang.Object, java.lang.Object, int, long)'> (0x000000072d5a3870) 
thrown [./open/src/hotspot/share/interpreter/linkResolver.cpp, line 782]
Event: 8.381 Thread 0x0000025b7eb58c50 Exception <a 'java/lang/NoSuchMethodError'{0x000000072d5a9608}: 'java.lang.Object java.lang.invoke.DirectMethodHandle$Holder.newInvokeSpecial(java.lang.Object, java.lang.Object, int)'> (0x000000072d5a9608) 
thrown [./open/src/hotspot/share/interpreter/linkResolver.cpp, line 782]
Event: 8.404 Thread 0x0000025b7eb58c50 Exception <a 'java/lang/NoSuchMethodError'{0x000000072d5b7b28}: 'int java.lang.invoke.DirectMethodHandle$Holder.invokeStaticInit(java.lang.Object, java.lang.Object, long, long)'> (0x000000072d5b7b28) 
thrown [./open/src/hotspot/share/interpreter/linkResolver.cpp, line 782]
Event: 8.426 Thread 0x0000025b7eb58c50 Exception <a 'java/lang/NoSuchMethodError'{0x000000072d5c21a0}: 'int java.lang.invoke.DirectMethodHandle$Holder.invokeStaticInit(java.lang.Object, java.lang.Object, java.lang.Object, long)'> (0x000000072d5c21a0) 
thrown [./open/src/hotspot/share/interpreter/linkResolver.cpp, line 782]
Event: 8.587 Thread 0x0000025b7eb58c50 Exception <a 'sun/nio/fs/WindowsException'{0x000000072d22efb0}> (0x000000072d22efb0) 
thrown [./open/src/hotspot/share/prims/jni.cpp, line 578]
Event: 8.588 Thread 0x0000025b7eb58c50 Exception <a 'sun/nio/fs/WindowsException'{0x000000072d22f340}> (0x000000072d22f340) 
thrown [./open/src/hotspot/share/prims/jni.cpp, line 578]

Events (20 events):
Event: 241.478 Executing VM operation: GetFrameLocation
Event: 241.478 Executing VM operation: GetFrameLocation done
Event: 241.478 Executing VM operation: get/set locals
Event: 241.478 Executing VM operation: get/set locals done
Event: 241.478 Executing VM operation: get/set locals
Event: 241.478 Executing VM operation: get/set locals done
Event: 241.478 Executing VM operation: get/set locals
Event: 241.479 Executing VM operation: get/set locals done
Event: 241.479 Executing VM operation: get/set locals
Event: 241.479 Executing VM operation: get/set locals done
Event: 241.529 Executing VM operation: GetFrameCount
Event: 241.530 Executing VM operation: GetFrameCount done
Event: 241.530 Executing VM operation: SetFramePop
Event: 241.530 Executing VM operation: SetFramePop done
Event: 241.530 Executing VM operation: GetFrameLocation
Event: 241.530 Executing VM operation: GetFrameLocation done
Event: 241.530 Executing VM operation: GetCurrentLocation
Event: 241.530 Executing VM operation: GetCurrentLocation done
Event: 241.530 Executing VM operation: ChangeSingleStep
Event: 241.530 Executing VM operation: ChangeSingleStep done


Dynamic libraries:
0x00007ff64a7b0000 - 0x00007ff64a7bf000 	C:\Program Files\Java\jdk-15.0.2\bin\java.exe
0x00007ff9941f0000 - 0x00007ff994407000 	C:\WINDOWS\SYSTEM32\ntdll.dll
0x00007ff993600000 - 0x00007ff9936c4000 	C:\WINDOWS\System32\KERNEL32.DLL
0x00007ff9919b0000 - 0x00007ff991d69000 	C:\WINDOWS\System32\KERNELBASE.dll
0x00007ff991df0000 - 0x00007ff991f01000 	C:\WINDOWS\System32\ucrtbase.dll
0x00007ff98b870000 - 0x00007ff98b889000 	C:\Program Files\Java\jdk-15.0.2\bin\VCRUNTIME140.dll
0x00007ff98a920000 - 0x00007ff98a938000 	C:\Program Files\Java\jdk-15.0.2\bin\jli.dll
0x00007ff993080000 - 0x00007ff993132000 	C:\WINDOWS\System32\ADVAPI32.dll
0x00007ff993550000 - 0x00007ff9935f7000 	C:\WINDOWS\System32\msvcrt.dll
0x00007ff9922d0000 - 0x00007ff992377000 	C:\WINDOWS\System32\sechost.dll
0x00007ff991980000 - 0x00007ff9919a8000 	C:\WINDOWS\System32\bcrypt.dll
0x00007ff992f50000 - 0x00007ff993064000 	C:\WINDOWS\System32\RPCRT4.dll
0x00007ff9920c0000 - 0x00007ff99226e000 	C:\WINDOWS\System32\USER32.dll
0x00007ff9918e0000 - 0x00007ff991906000 	C:\WINDOWS\System32\win32u.dll
0x00007ff9909b0000 - 0x00007ff990c42000 	C:\WINDOWS\WinSxS\amd64_microsoft.windows.common-controls_6595b64144ccf1df_6.0.22621.4391_none_2715d37f73803e96\COMCTL32.dll
0x00007ff993900000 - 0x00007ff993929000 	C:\WINDOWS\System32\GDI32.dll
0x00007ff991720000 - 0x00007ff99183b000 	C:\WINDOWS\System32\gdi32full.dll
0x00007ff991840000 - 0x00007ff9918da000 	C:\WINDOWS\System32\msvcp_win.dll
0x00007ff98cf80000 - 0x00007ff98cf8a000 	C:\WINDOWS\SYSTEM32\VERSION.dll
0x00007ff992430000 - 0x00007ff992461000 	C:\WINDOWS\System32\IMM32.DLL
0x00007ff98c150000 - 0x00007ff98c15c000 	C:\Program Files\Java\jdk-15.0.2\bin\vcruntime140_1.dll
0x00007ff986760000 - 0x00007ff9867f1000 	C:\Program Files\Java\jdk-15.0.2\bin\msvcp140.dll
0x00007ff968820000 - 0x00007ff96937e000 	C:\Program Files\Java\jdk-15.0.2\bin\server\jvm.dll
0x00007ff993070000 - 0x00007ff993078000 	C:\WINDOWS\System32\PSAPI.DLL
0x00007ff98b860000 - 0x00007ff98b869000 	C:\WINDOWS\SYSTEM32\WSOCK32.dll
0x00007ff987a30000 - 0x00007ff987a64000 	C:\WINDOWS\SYSTEM32\WINMM.dll
0x00007ff9936d0000 - 0x00007ff993741000 	C:\WINDOWS\System32\WS2_32.dll
0x00007ff98f5e0000 - 0x00007ff98f5f8000 	C:\WINDOWS\SYSTEM32\kernel.appcore.dll
0x00007ff986a90000 - 0x00007ff986a9a000 	C:\Program Files\Java\jdk-15.0.2\bin\jimage.dll
0x00007ff990d60000 - 0x00007ff990f92000 	C:\WINDOWS\SYSTEM32\DBGHELP.DLL
0x00007ff992470000 - 0x00007ff9927ff000 	C:\WINDOWS\System32\combase.dll
0x00007ff993140000 - 0x00007ff993217000 	C:\WINDOWS\System32\OLEAUT32.dll
0x00007ff990c50000 - 0x00007ff990c82000 	C:\WINDOWS\SYSTEM32\dbgcore.DLL
0x00007ff991d70000 - 0x00007ff991deb000 	C:\WINDOWS\System32\bcryptPrimitives.dll
0x00007ff986720000 - 0x00007ff986759000 	C:\Program Files\Java\jdk-15.0.2\bin\jdwp.dll
0x00007ff9866f0000 - 0x00007ff986715000 	C:\Program Files\Java\jdk-15.0.2\bin\java.dll
0x00007ff993930000 - 0x00007ff9941a6000 	C:\WINDOWS\System32\SHELL32.dll
0x00007ff98e4c0000 - 0x00007ff98edc3000 	C:\WINDOWS\SYSTEM32\windows.storage.dll
0x00007ff98e380000 - 0x00007ff98e4bf000 	C:\WINDOWS\SYSTEM32\wintypes.dll
0x00007ff992c90000 - 0x00007ff992d89000 	C:\WINDOWS\System32\SHCORE.dll
0x00007ff993390000 - 0x00007ff9933ee000 	C:\WINDOWS\System32\shlwapi.dll
0x00007ff991420000 - 0x00007ff99144b000 	C:\WINDOWS\SYSTEM32\profapi.dll
0x00007ff9866e0000 - 0x00007ff9866eb000 	C:\Program Files\Java\jdk-15.0.2\bin\dt_shmem.dll
0x00007ff9866c0000 - 0x00007ff9866d9000 	C:\Program Files\Java\jdk-15.0.2\bin\net.dll
0x00007ff98c470000 - 0x00007ff98c5a6000 	C:\WINDOWS\SYSTEM32\WINHTTP.dll
0x00007ff98fa30000 - 0x00007ff98fa99000 	C:\WINDOWS\system32\mswsock.dll
0x00007ff9866a0000 - 0x00007ff9866b2000 	C:\Program Files\Java\jdk-15.0.2\bin\nio.dll
0x00007ff986680000 - 0x00007ff986698000 	C:\Program Files\Java\jdk-15.0.2\bin\zip.dll
0x00007ff986500000 - 0x00007ff986680000 	C:\Program Files\Java\jdk-15.0.2\bin\awt.dll
0x00007ff98c230000 - 0x00007ff98c2c7000 	C:\WINDOWS\SYSTEM32\apphelp.dll
0x00007ff98cc40000 - 0x00007ff98ccf1000 	C:\WINDOWS\system32\uxtheme.dll
0x00007ff9933f0000 - 0x00007ff993550000 	C:\WINDOWS\System32\MSCTF.dll
0x00007ff991f10000 - 0x00007ff9920b5000 	C:\WINDOWS\System32\ole32.dll
0x00007ff98d090000 - 0x00007ff98d0bb000 	C:\WINDOWS\system32\DWMAPI.DLL
0x00007ff9864f0000 - 0x00007ff986500000 	C:\Program Files\Java\jdk-15.0.2\bin\verify.dll
0x00007ff9910a0000 - 0x00007ff9910bb000 	C:\WINDOWS\SYSTEM32\CRYPTSP.dll
0x00007ff98f540000 - 0x00007ff98f575000 	C:\WINDOWS\system32\rsaenh.dll
0x00007ff98fb40000 - 0x00007ff98fb68000 	C:\WINDOWS\SYSTEM32\USERENV.dll
0x00007ff990520000 - 0x00007ff99052c000 	C:\WINDOWS\SYSTEM32\CRYPTBASE.dll
0x00007ff98f030000 - 0x00007ff98f05d000 	C:\WINDOWS\SYSTEM32\IPHLPAPI.DLL
0x00007ff992420000 - 0x00007ff992429000 	C:\WINDOWS\System32\NSI.dll
0x00007ff98c430000 - 0x00007ff98c449000 	C:\WINDOWS\SYSTEM32\dhcpcsvc6.DLL
0x00007ff98c410000 - 0x00007ff98c42f000 	C:\WINDOWS\SYSTEM32\dhcpcsvc.DLL
0x00007ff98f0f0000 - 0x00007ff98f1f2000 	C:\WINDOWS\SYSTEM32\DNSAPI.dll
0x00007ff9864d0000 - 0x00007ff9864e3000 	C:\Users\diego\AppData\Local\Temp\jogamp_0000\file_cache\jln8141690465665719915\jln3104259376995944326\natives\windows-amd64\gluegen_rt.dll
0x00007ff9864c0000 - 0x00007ff9864c7000 	C:\Program Files\Java\jdk-15.0.2\bin\jawt.dll
0x00007ff9864b0000 - 0x00007ff9864bd000 	C:\Users\diego\AppData\Local\Temp\jogamp_0000\file_cache\jln8141690465665719915\jln3104259376995944326\natives\windows-amd64\nativewindow_awt.dll
0x00007ff9860b0000 - 0x00007ff9861b0000 	C:\WINDOWS\system32\opengl32.dll
0x00007ff98ae70000 - 0x00007ff98ae9d000 	C:\WINDOWS\SYSTEM32\GLU32.dll
0x00007ff98d450000 - 0x00007ff98d487000 	C:\WINDOWS\SYSTEM32\dxcore.dll
0x00007ff9542c0000 - 0x00007ff954468000 	C:\WINDOWS\system32\d3d9.dll
0x00007ff987a70000 - 0x00007ff987c2b000 	C:\WINDOWS\System32\DriverStore\FileRepository\u0404276.inf_amd64_b6ae906c9d4ab767\B403905\aticfx64.dll
0x00007ff986430000 - 0x00007ff986464000 	C:\WINDOWS\System32\DriverStore\FileRepository\u0404276.inf_amd64_b6ae906c9d4ab767\B403905\atiu9p64.dll
0x00007ff927540000 - 0x00007ff928287000 	C:\WINDOWS\System32\DriverStore\FileRepository\u0404276.inf_amd64_b6ae906c9d4ab767\B403905\atiumd64.dll
0x0000000068400000 - 0x0000000069313000 	C:\WINDOWS\System32\DriverStore\FileRepository\u0404276.inf_amd64_b6ae906c9d4ab767\B403905\atiumd6a.dll
0x00007ff992800000 - 0x00007ff992c74000 	C:\WINDOWS\System32\SETUPAPI.dll
0x00007ff991210000 - 0x00007ff99125d000 	C:\WINDOWS\SYSTEM32\POWRPROF.dll
0x00007ff9911f0000 - 0x00007ff991203000 	C:\WINDOWS\SYSTEM32\UMPDC.dll
0x00007ff987770000 - 0x00007ff9877a5000 	C:\WINDOWS\SYSTEM32\amdihk64.dll
0x00007ff98a3e0000 - 0x00007ff98a429000 	C:\WINDOWS\SYSTEM32\directxdatabasehelper.dll
0x00007ff986410000 - 0x00007ff986425000 	C:\Users\diego\AppData\Local\Temp\jogamp_0000\file_cache\jln8141690465665719915\jln3104259376995944326\natives\windows-amd64\nativewindow_win32.dll
0x00007ff986380000 - 0x00007ff986403000 	C:\Users\diego\AppData\Local\Temp\jogamp_0000\file_cache\jln8141690465665719915\jln3104259376995944326\natives\windows-amd64\jogl_desktop.dll
0x00007ff986320000 - 0x00007ff986372000 	C:\Users\diego\AppData\Local\Temp\jogamp_0000\file_cache\jln8141690465665719915\jln3104259376995944326\natives\windows-amd64\jogl_mobile.dll
0x00007ff993850000 - 0x00007ff993900000 	C:\WINDOWS\System32\clbcatq.dll
0x00007ff989d70000 - 0x00007ff989eb4000 	C:\Windows\System32\AppXDeploymentClient.dll
0x00007ff9862f0000 - 0x00007ff98631e000 	C:\WINDOWS\System32\DriverStore\FileRepository\u0404276.inf_amd64_b6ae906c9d4ab767\B403905\atig6pxx.dll
0x00007ff9131b0000 - 0x00007ff91768f000 	C:\WINDOWS\System32\DriverStore\FileRepository\u0404276.inf_amd64_b6ae906c9d4ab767\B403905\atio6axx.dll
0x00007ff991130000 - 0x00007ff99115c000 	C:\WINDOWS\SYSTEM32\DEVOBJ.dll
0x00007ff991160000 - 0x00007ff9911ae000 	C:\WINDOWS\SYSTEM32\cfgmgr32.dll
0x00007ff991910000 - 0x00007ff99197c000 	C:\WINDOWS\System32\WINTRUST.dll
0x00007ff9914f0000 - 0x00007ff991656000 	C:\WINDOWS\System32\CRYPT32.dll
0x00007ff990530000 - 0x00007ff990542000 	C:\WINDOWS\SYSTEM32\MSASN1.dll
0x00007ff986260000 - 0x00007ff9862e5000 	C:\Program Files\Java\jdk-15.0.2\bin\freetype.dll
0x00007ff9861b0000 - 0x00007ff986259000 	C:\Program Files\Java\jdk-15.0.2\bin\fontmanager.dll
0x00007ff987560000 - 0x00007ff9876a5000 	C:\WINDOWS\SYSTEM32\textinputframework.dll
0x00007ff98bdd0000 - 0x00007ff98bf03000 	C:\WINDOWS\SYSTEM32\CoreMessaging.dll
0x00007ff9899d0000 - 0x00007ff989d3d000 	C:\WINDOWS\SYSTEM32\CoreUIComponents.dll
0x00007ff982120000 - 0x00007ff98219b000 	C:\Users\diego\AppData\Local\Temp\lwjgl_diego\3.3.4+7\x64\lwjgl.dll
0x00007ff985990000 - 0x00007ff9859f1000 	C:\Users\diego\AppData\Local\Temp\lwjgl_diego\3.3.4+7\x64\lwjgl_opengl.dll
0x00007ff972220000 - 0x00007ff972491000 	C:\Users\diego\AppData\Local\Temp\lwjgl_diego\3.3.4+7\x64\jemalloc.dll

dbghelp: loaded successfully - version: 4.0.5 - missing functions: none
symbol engine: initialized successfully - sym options: 0x614 - pdb path: .;C:\Program Files\Java\jdk-15.0.2\bin;C:\WINDOWS\SYSTEM32;C:\WINDOWS\WinSxS\amd64_microsoft.windows.common-controls_6595b64144ccf1df_6.0.22621.4391_none_2715d37f73803e96;C:\Program Files\Java\jdk-15.0.2\bin\server;C:\Users\diego\AppData\Local\Temp\jogamp_0000\file_cache\jln8141690465665719915\jln3104259376995944326\natives\windows-amd64;C:\WINDOWS\System32\DriverStore\FileRepository\u0404276.inf_amd64_b6ae906c9d4ab767\B403905;C:\Users\diego\AppData\Local\Temp\lwjgl_diego\3.3.4+7\x64

VM Arguments:
jvm_args: -Dfile.encoding=UTF-8 -agentlib:jdwp=transport=dt_shmem,address=javadebug 
java_command: mampos.Mampos
java_class_path (initial): C:\Users\diego\OneDrive\Escritorio\Drive\Book\Book\gson-2.11.0.jar;C:\Users\diego\OneDrive\Escritorio\Drive\Book\Book\JOGL\JOML\joml-1.10.7.jar;C:\Users\diego\OneDrive\Escritorio\Drive\Book\Book\JOGL\jogamp-all-platforms\jar\gluegen-rt.jar;C:\Users\diego\OneDrive\Escritorio\Drive\Book\Book\JOGL\jogamp-all-platforms\jar\jogl-all.jar;C:\Program Files\NetBeans-23\netbeans\java\modules\ext\AbsoluteLayout.jar;C:\Users\diego\OneDrive\Escritorio\Drive\Book\Book\UJMP\ujmp-complete-0.3.0.jar;C:\Users\diego\OneDrive\Escritorio\Drive\Book\Book\pdf4j-icepdf-core-6.1.1.jar;C:\Users\diego\OneDrive\Escritorio\Drive\Book\Book\pdf4j-icepdf-viewer-6.1.1.jar;C:\Users\diego\OneDrive\Escritorio\Drive\lwjgl-release-3.3.4-custom\lwjgl-glfw.jar;C:\Users\diego\OneDrive\Escritorio\Drive\lwjgl-release-3.3.4-custom\lwjgl-opengl.jar;C:\Users\diego\OneDrive\Escritorio\Drive\lwjgl-release-3.3.4-custom\lwjgl.jar;C:\Users\diego\OneDrive\Escritorio\Drive\lwjgl-release-3.3.4-custom\lwjgl-opengl-natives-windows.jar;C:\Users\diego\OneDrive\Escritorio\Drive\LWJGL 3.3.4\lwjgl-glfw-natives-windows.jar;C:\Users\diego\OneDrive\Escritorio\Drive\LWJGL 3.3.4\lwjgl-assimp-natives-windows.jar;C:\Users\diego\OneDrive\Escritorio\Drive\LWJGL 3.3.4\lwjgl-assimp.jar;C:\Users\diego\OneDrive\Escritorio\Drive\LWJGL 3.3.4\lwjgl-bgfx-natives-windows.jar;C:\Users\diego\OneDrive\Escritorio\Drive\LWJGL 3.3.4\lwjgl-bgfx.jar;C:\Users\diego\OneDrive\Escritorio\Drive\LWJGL 3.3.4\lwjgl-cuda.jar;C:\Users\diego\OneDrive\Escritorio\Drive\LWJGL 3.3.4\lwjgl-egl.jar;C:\Users\diego\OneDrive\Escritorio\Drive\LWJGL 3.3.4\lwjgl-fmod.jar;C:\Users\diego\OneDrive\Escritorio\Drive\LWJGL 3.3.4\lwjgl-freetype-natives-windows.jar;C:\Users\diego\OneDrive\Escritorio\Drive\LWJGL 3.3.4\lwjgl-freetype.jar;C:\Users\diego\OneDrive\Escritorio\Drive\LWJGL 3.3.4\lwjgl-glfw.jar;C:\Users\diego\OneDrive\Escritorio\Drive\LWJGL 3.3.4\lwjgl-harfbuzz-natives-windows.jar;C:\Users\diego\OneDrive\Escritorio\Drive\LWJGL 3.3.4\lwjgl-harfbu
Launcher Type: SUN_STANDARD

[Global flags]
     intx CICompilerCount                          = 12                                        {product} {ergonomic}
     uint ConcGCThreads                            = 3                                         {product} {ergonomic}
     uint G1ConcRefinementThreads                  = 13                                        {product} {ergonomic}
   size_t G1HeapRegionSize                         = 2097152                                   {product} {ergonomic}
    uintx GCDrainStackTargetSize                   = 64                                        {product} {ergonomic}
   size_t InitialHeapSize                          = 232783872                                 {product} {ergonomic}
   size_t MarkStackSize                            = 4194304                                   {product} {ergonomic}
   size_t MaxHeapSize                              = 3718250496                                {product} {ergonomic}
   size_t MaxNewSize                               = 2229272576                                {product} {ergonomic}
   size_t MinHeapDeltaBytes                        = 2097152                                   {product} {ergonomic}
   size_t MinHeapSize                              = 8388608                                   {product} {ergonomic}
    uintx NonNMethodCodeHeapSize                   = 7602480                                {pd product} {ergonomic}
    uintx NonProfiledCodeHeapSize                  = 122027880                              {pd product} {ergonomic}
    uintx ProfiledCodeHeapSize                     = 122027880                              {pd product} {ergonomic}
    uintx ReservedCodeCacheSize                    = 251658240                              {pd product} {ergonomic}
     bool SegmentedCodeCache                       = true                                      {product} {ergonomic}
   size_t SoftMaxHeapSize                          = 3718250496                             {manageable} {ergonomic}
     bool UseCompressedClassPointers               = true                                 {lp64_product} {ergonomic}
     bool UseCompressedOops                        = true                                 {lp64_product} {ergonomic}
     bool UseG1GC                                  = true                                      {product} {ergonomic}
     bool UseLargePagesIndividualAllocation        = false                                  {pd product} {ergonomic}

Logging:
Log output configuration:
 #0: stdout all=warning uptime,level,tags
 #1: stderr all=off uptime,level,tags

Environment Variables:
JAVA_HOME=C:\Program Files\Java\jdk-15.0.2
PATH=C:\ffmpeg\bin;C:\Program Files\Common Files\Oracle\Java\javapath;C:\Program Files (x86)\Common Files\Oracle\Java\java8path;C:\Program Files (x86)\Common Files\Oracle\Java\javapath;C:\Program Files (x86)\Common Files\Intel\Shared Libraries\redist\intel64_win\compiler;C:\WINDOWS\system32;C:\WINDOWS;C:\WINDOWS\System32\Wbem;C:\WINDOWS\System32\WindowsPowerShell\v1.0\;C:\WINDOWS\System32\OpenSSH\;C:\Program Files\dotnet\;C:\Program Files\Common Files\Autodesk Shared\;C:\Program Files\Git\cmd;C:\Program Files\Azure Data Studio\bin;C:\Program Files\Microsoft SQL Server\Client SDK\ODBC\170\Tools\Binn\;C:\Program Files\Microsoft SQL Server\Client SDK\ODBC\110\Tools\Binn\;C:\Program Files (x86)\Microsoft SQL Server\120\Tools\Binn\ManagementStudio\;C:\Program Files (x86)\Microsoft SQL Server\120\Tools\Binn\;C:\Program Files\Microsoft SQL Server\120\Tools\Binn\;C:\Program Files (x86)\Microsoft SQL Server\120\DTS\Binn\;C:\Program Files\Microsoft SQL Server\120\DTS\Binn\;C:\Program Files (x86)\Microsoft SQL Server\160\Too;C:\Program Files\Microsoft SQL Server\160\DTS\Binn\;C:\Users\diego\AppData\Local\Programs\Python\Python311\Scripts\;C:\Users\diego\AppData\Local\Programs\Python\Python311\;C:\Users\diego\AppData\Local\Microsoft\WindowsApps;C:\Users\diego\AppData\Local\Programs\Microsoft VS Code\bin;C:\Program Files\Azure Data Studio\bin;C:\Users\diego\AppData\Roaming\npm;C:\src\flutter\bin;C:\Users\diego\AppData\Local\Pub\Cache\bin;C:\Program Files\MongoDB\Server\6.0\bin;C:\Users\diego\AppData\Local\GitHubDesktop\bin;C:\Program Files\JetBrains\IntelliJ IDEA 2024.1.4\bin;;C:\sqlite3;C:\Program Files\JetBrains\IntelliJ IDEA Community Edition 2024.2.2\bin;;C:\Users\diego\AppData\Local\Programs\MiKTeX\miktex\bin\x64\
USERNAME=diego
OS=Windows_NT
PROCESSOR_IDENTIFIER=AMD64 Family 23 Model 104 Stepping 1, AuthenticAMD



---------------  S Y S T E M  ---------------

OS:
 Windows 10 , 64 bit Build 22621 (10.0.22621.4391)
OS uptime: 0 days 0:58 hours
HyperV virtualization detected

CPU: total 16 (initial active 16) (16 cores per cpu, 2 threads per core) family 23 model 104 stepping 1 microcode 0x0, cmov, cx8, fxsr, mmx, sse, sse2, sse3, ssse3, sse4.1, sse4.2, popcnt, vzeroupper, avx, avx2, aes, clmul, 3dnowpref, lzcnt, sse4a, ht, tsc, tscinvbit, tscinv, bmi1, bmi2, adx, sha, fma, clflush, clflushopt

Memory: 4k page, system-wide physical 14181M (5014M free)
TotalPageFile size 26181M (AvailPageFile size 15781M)
current process WorkingSet (physical memory assigned to process): 422M, peak: 426M
current process commit charge ("private bytes"): 697M, peak: 702M

vm_info: Java HotSpot(TM) 64-Bit Server VM (15.0.2+7-27) for windows-amd64 JRE (15.0.2+7-27), built on Dec  7 2020 20:07:01 by "mach5one" with unknown MS VC++:1925

END.
