#
# A fatal error has been detected by the Java Runtime Environment:
#
#  EXCEPTION_ACCESS_VIOLATION (0xc0000005) at pc=0x00007ff986580aba, pid=3000, tid=6628
#
# JRE version: Java(TM) SE Runtime Environment (15.0.2+7) (build 15.0.2+7-27)
# Java VM: Java HotSpot(TM) 64-Bit Server VM (15.0.2+7-27, mixed mode, sharing, tiered, compressed oops, g1 gc, windows-amd64)
# Problematic frame:
# C  [lwjgl_opengl.dll+0x10aba]
#
# No core dump will be written. Minidumps are not enabled by default on client versions of Windows
#
# If you would like to submit a bug report, please visit:
#   https://bugreport.java.com/bugreport/crash.jsp
# The crash happened outside the Java Virtual Machine in native code.
# See problematic frame for where to report the bug.
#

---------------  S U M M A R Y ------------

Command Line: -Dfile.encoding=UTF-8 -agentlib:jdwp=transport=dt_shmem,address=javadebug mampos.Mampos

Host: AMD Ryzen 7 5700U with Radeon Graphics         , 16 cores, 13G,  Windows 10 , 64 bit Build 22621 (10.0.22621.4391)
Time: Fri Oct 25 10:38:13 2024 Hora estándar, América Central elapsed time: 6.515272 seconds (0d 0h 0m 6s)

---------------  T H R E A D  ---------------

Current thread (0x00000249eab002f0):  JavaThread "AWT-EventQueue-0" [_thread_in_native, id=6628, stack(0x000000bb9e800000,0x000000bb9e900000)]

Stack: [0x000000bb9e800000,0x000000bb9e900000],  sp=0x000000bb9e8fe318,  free space=1016k
Native frames: (J=compiled Java code, j=interpreted, Vv=VM code, C=native code)
C  [lwjgl_opengl.dll+0x10aba]

Java frames: (J=compiled Java code, j=interpreted, Vv=VM code)
j  org.lwjgl.opengl.GL30C.nglGenVertexArrays(IJ)V+0
j  org.lwjgl.opengl.GL30C.glGenVertexArrays()I+20
j  rendering.Controlador.createVAO()I+0
j  components.ControladorDeLosas.loadToVAO([F)Lcomponents/Losa;+0
j  rendering.Perfil.init(Lcom/jogamp/opengl/GLAutoDrawable;)V+76
j  jogamp.opengl.GLDrawableHelper.init(Lcom/jogamp/opengl/GLEventListener;Lcom/jogamp/opengl/GLAutoDrawable;Z)V+2
j  jogamp.opengl.GLDrawableHelper.init(Lcom/jogamp/opengl/GLAutoDrawable;Z)V+81
j  com.jogamp.opengl.awt.GLCanvas$9.run()V+26
j  jogamp.opengl.GLDrawableHelper.invokeGLImpl(Lcom/jogamp/opengl/GLDrawable;Lcom/jogamp/opengl/GLContext;Ljava/lang/Runnable;Ljava/lang/Runnable;)V+199
j  jogamp.opengl.GLDrawableHelper.invokeGL(Lcom/jogamp/opengl/GLDrawable;Lcom/jogamp/opengl/GLContext;Ljava/lang/Runnable;Ljava/lang/Runnable;)V+75
j  com.jogamp.opengl.awt.GLCanvas$11.run()V+104
j  java.awt.event.InvocationEvent.dispatch()V+11 java.desktop@15.0.2
j  java.awt.EventQueue.dispatchEventImpl(Ljava/awt/AWTEvent;Ljava/lang/Object;)V+21 java.desktop@15.0.2
j  java.awt.EventQueue$4.run()Ljava/lang/Void;+32 java.desktop@15.0.2
j  java.awt.EventQueue$4.run()Ljava/lang/Object;+1 java.desktop@15.0.2
J 1491 c1 java.security.AccessController.doPrivileged(Ljava/security/PrivilegedAction;Ljava/security/AccessControlContext;)Ljava/lang/Object; java.base@15.0.2 (17 bytes) @ 0x00000249cf3f5874 [0x00000249cf3f5680+0x00000000000001f4]
j  java.security.ProtectionDomain$JavaSecurityAccessImpl.doIntersectionPrivilege(Ljava/security/PrivilegedAction;Ljava/security/AccessControlContext;Ljava/security/AccessControlContext;)Ljava/lang/Object;+18 java.base@15.0.2
j  java.awt.EventQueue.dispatchEvent(Ljava/awt/AWTEvent;)V+46 java.desktop@15.0.2
j  java.awt.EventDispatchThread.pumpOneEventForFilters(I)V+78 java.desktop@15.0.2
j  java.awt.EventDispatchThread.pumpEventsForFilter(ILjava/awt/Conditional;Ljava/awt/EventFilter;)V+35 java.desktop@15.0.2
j  java.awt.EventDispatchThread.pumpEventsForHierarchy(ILjava/awt/Conditional;Ljava/awt/Component;)V+11 java.desktop@15.0.2
j  java.awt.EventDispatchThread.pumpEvents(ILjava/awt/Conditional;)V+4 java.desktop@15.0.2
j  java.awt.EventDispatchThread.pumpEvents(Ljava/awt/Conditional;)V+3 java.desktop@15.0.2
j  java.awt.EventDispatchThread.run()V+9 java.desktop@15.0.2
v  ~StubRoutines::call_stub

siginfo: EXCEPTION_ACCESS_VIOLATION (0xc0000005), reading address 0x00000000000013c8


Register to memory mapping:

RIP=0x00007ff986580aba lwjgl_opengl.dll
RAX=0x0 is NULL
RBX={method} {0x00000249f84ab020} 'nglGenVertexArrays' '(IJ)V' in 'org/lwjgl/opengl/GL30C'
RCX=0x00000249eab00618 points into unknown readable memory: 0x00000249e9f31250 | 50 12 f3 e9 49 02 00 00
RDX=0x00000249ea8e8d2c points into unknown readable memory: 00 00 00 00
RSP=0x000000bb9e8fe318 is pointing into the stack for thread: 0x00000249eab002f0
RBP=0x000000bb9e8fe3a0 is pointing into the stack for thread: 0x00000249eab002f0
RSI=0x0000000722909158 is an oop: java.lang.ThreadLocal$ThreadLocalMap 
{0x0000000722909158} - klass: 'java/lang/ThreadLocal$ThreadLocalMap'
RDI=0x00000249ce9bbf6e is at code_begin+3950 in an Interpreter codelet
invoke return entry points  [0x00000249ce9bb000, 0x00000249ce9bd0c0]  8384 bytes
R8 =0x0000000000000001 is an unknown value
R9 =0x00000249ea8e8d2c points into unknown readable memory: 00 00 00 00
R10=0x00000249ce9c5ed3 is at code_begin+1971 in an Interpreter codelet
method entry point (kind = native)  [0x00000249ce9c5720, 0x00000249ce9c6a00]  4832 bytes
R11=0x000000072475b970 is an oop: java.lang.Class 
{0x000000072475b970} - klass: 'java/lang/Class'
R12=0x0 is NULL
R13={method} {0x00000249f84ab020} 'nglGenVertexArrays' '(IJ)V' in 'org/lwjgl/opengl/GL30C'
R14=0x000000bb9e8fe3d0 is pointing into the stack for thread: 0x00000249eab002f0
R15=0x00000249eab002f0 is a thread


Registers:
RAX=0x0000000000000000, RBX=0x00000249f84ab018, RCX=0x00000249eab00618, RDX=0x00000249ea8e8d2c
RSP=0x000000bb9e8fe318, RBP=0x000000bb9e8fe3a0, RSI=0x0000000722909158, RDI=0x00000249ce9bbf6e
R8 =0x0000000000000001, R9 =0x00000249ea8e8d2c, R10=0x00000249ce9c5ed3, R11=0x000000072475b970
R12=0x0000000000000000, R13=0x00000249f84ab018, R14=0x000000bb9e8fe3d0, R15=0x00000249eab002f0
RIP=0x00007ff986580aba, EFLAGS=0x0000000000010206

Top of Stack: (sp=0x000000bb9e8fe318)
0x000000bb9e8fe318:   00000249ce9c5f02 00000249ce9bbf6e
0x000000bb9e8fe328:   00000249ce9c59e5 00000249f84ab018
0x000000bb9e8fe338:   0000000722909158 000000bb9e8fe3b8
0x000000bb9e8fe348:   00000249ce9bbf6e 00000249ce9c598c
0x000000bb9e8fe358:   000000bb9e8fe358 00000249f84ab018
0x000000bb9e8fe368:   000000bb9e8fe3d0 00000249f84e8b98
0x000000bb9e8fe378:   0000000000000000 000000072475b970
0x000000bb9e8fe388:   00000249f84ab018 0000000000000000
0x000000bb9e8fe398:   000000bb9e8fe3c0 000000bb9e8fe420
0x000000bb9e8fe3a8:   00000249ce9bcda0 000000072475b970
0x000000bb9e8fe3b8:   00000249ce9c0f38 00000249ea8e8d2c
0x000000bb9e8fe3c8:   0000000000000000 0000000000000001
0x000000bb9e8fe3d8:   000000bb9e8fe3d8 00000249f84ab19c
0x000000bb9e8fe3e8:   000000bb9e8fe450 00000249f84e8b98
0x000000bb9e8fe3f8:   0000000000000000 000000072475b970
0x000000bb9e8fe408:   00000249f84ab208 000000bb9e8fe3c0 

Instructions: (pc=0x00007ff986580aba)
0x00007ff9865809ba:   c1 49 ff e1 cc cc 48 8b 01 48 8b 40 18 44 89 c1
0x00007ff9865809ca:   48 ff a0 98 13 00 00 cc cc cc cc cc cc cc cc cc
0x00007ff9865809da:   cc cc cc cc cc cc 48 8b 01 48 8b 40 18 48 ff a0
0x00007ff9865809ea:   a0 13 00 00 cc cc 44 89 ca 44 89 c0 4c 8b 44 24
0x00007ff9865809fa:   28 44 8b 4c 24 30 48 8b 09 48 8b 49 18 4c 8b 91
0x00007ff986580a0a:   a8 13 00 00 89 c1 49 ff e2 cc cc cc cc cc cc cc
0x00007ff986580a1a:   cc cc cc cc cc cc 48 83 ec 38 44 89 ca 44 89 c0
0x00007ff986580a2a:   44 8b 44 24 60 4c 8b 4c 24 68 0f 28 44 24 70 4c
0x00007ff986580a3a:   8b 94 24 80 00 00 00 48 8b 09 4c 8b 59 18 4c 89
0x00007ff986580a4a:   54 24 30 0f 11 44 24 20 89 c1 41 ff 93 b0 13 00
0x00007ff986580a5a:   00 90 48 83 c4 38 c3 cc cc cc cc cc cc cc cc cc
0x00007ff986580a6a:   cc cc cc cc cc cc 48 8b 01 48 8b 40 18 44 89 c1
0x00007ff986580a7a:   48 ff a0 b8 13 00 00 cc cc cc cc cc cc cc cc cc
0x00007ff986580a8a:   cc cc cc cc cc cc 4c 89 ca 48 8b 01 48 8b 40 18
0x00007ff986580a9a:   48 8b 80 c0 13 00 00 44 89 c1 48 ff e0 cc cc cc
0x00007ff986580aaa:   cc cc cc cc cc cc 4c 89 ca 48 8b 01 48 8b 40 18
0x00007ff986580aba:   48 8b 80 c8 13 00 00 44 89 c1 48 ff e0 cc cc cc
0x00007ff986580aca:   cc cc cc cc cc cc 48 8b 01 48 8b 40 18 44 89 c1
0x00007ff986580ada:   48 ff a0 d0 13 00 00 cc cc cc cc cc cc cc cc cc
0x00007ff986580aea:   cc cc cc cc cc cc 44 89 ca 44 89 c0 44 8b 44 24
0x00007ff986580afa:   28 44 8b 4c 24 30 48 8b 09 48 8b 49 18 4c 8b 91
0x00007ff986580b0a:   d8 13 00 00 89 c1 49 ff e2 cc cc cc cc cc cc cc
0x00007ff986580b1a:   cc cc cc cc cc cc 48 83 ec 28 44 89 ca 44 89 c0
0x00007ff986580b2a:   44 8b 44 24 50 4c 8b 4c 24 58 44 8b 54 24 60 48
0x00007ff986580b3a:   8b 09 4c 8b 59 18 44 89 54 24 20 89 c1 41 ff 93
0x00007ff986580b4a:   e0 13 00 00 90 48 83 c4 28 c3 cc cc cc cc cc cc
0x00007ff986580b5a:   cc cc cc cc cc cc 48 83 ec 28 44 89 ca 44 89 c0
0x00007ff986580b6a:   4c 8b 44 24 50 4c 8b 4c 24 58 4c 8b 54 24 60 48
0x00007ff986580b7a:   8b 09 4c 8b 59 18 4c 89 54 24 20 89 c1 41 ff 93
0x00007ff986580b8a:   e8 13 00 00 90 48 83 c4 28 c3 cc cc cc cc cc cc
0x00007ff986580b9a:   cc cc cc cc cc cc 48 8b 01 48 8b 40 18 44 89 c1
0x00007ff986580baa:   48 ff a0 f0 13 00 00 cc cc cc cc cc cc cc cc cc 


Stack slot to memory mapping:
stack at sp + 0 slots: 0x00000249ce9c5f02 is at code_begin+2018 in an Interpreter codelet
method entry point (kind = native)  [0x00000249ce9c5720, 0x00000249ce9c6a00]  4832 bytes
stack at sp + 1 slots: 0x00000249ce9bbf6e is at code_begin+3950 in an Interpreter codelet
invoke return entry points  [0x00000249ce9bb000, 0x00000249ce9bd0c0]  8384 bytes
stack at sp + 2 slots: 0x00000249ce9c59e5 is at code_begin+709 in an Interpreter codelet
method entry point (kind = native)  [0x00000249ce9c5720, 0x00000249ce9c6a00]  4832 bytes
stack at sp + 3 slots: {method} {0x00000249f84ab020} 'nglGenVertexArrays' '(IJ)V' in 'org/lwjgl/opengl/GL30C'
stack at sp + 4 slots: 0x0000000722909158 is an oop: java.lang.ThreadLocal$ThreadLocalMap 
{0x0000000722909158} - klass: 'java/lang/ThreadLocal$ThreadLocalMap'
stack at sp + 5 slots: 0x000000bb9e8fe3b8 is pointing into the stack for thread: 0x00000249eab002f0
stack at sp + 6 slots: 0x00000249ce9bbf6e is at code_begin+3950 in an Interpreter codelet
invoke return entry points  [0x00000249ce9bb000, 0x00000249ce9bd0c0]  8384 bytes
stack at sp + 7 slots: 0x00000249ce9c598c is at code_begin+620 in an Interpreter codelet
method entry point (kind = native)  [0x00000249ce9c5720, 0x00000249ce9c6a00]  4832 bytes


---------------  P R O C E S S  ---------------

Threads class SMR info:
_java_thread_list=0x00000249eafbdce0, length=29, elements={
0x00000249e95bdb60, 0x00000249e95be640, 0x00000249e9dd4640, 0x00000249e9dd7310,
0x00000249e9dd7bd0, 0x00000249e9dd8970, 0x00000249e9dd9420, 0x00000249e9ddf330,
0x00000249e9f04c70, 0x00000249e9f35c40, 0x00000249e9f4ca10, 0x00000249e9f596d0,
0x00000249e9f5c2b0, 0x00000249e9f7dc10, 0x00000249ea91b400, 0x00000249eaa79590,
0x00000249eaa7ea90, 0x00000249eab002f0, 0x00000249c6798860, 0x00000249e9f790a0,
0x00000249eb10c490, 0x00000249f4b563c0, 0x00000249f4b568d0, 0x00000249eb966740,
0x00000249eb9670e0, 0x00000249eb966270, 0x00000249eb9675b0, 0x00000249eb965400,
0x00000249eb9658d0
}

Java Threads: ( => current thread )
  0x00000249e95bdb60 JavaThread "Reference Handler" daemon [_thread_blocked, id=17192, stack(0x000000bb9d300000,0x000000bb9d400000)]
  0x00000249e95be640 JavaThread "Finalizer" daemon [_thread_blocked, id=7896, stack(0x000000bb9d400000,0x000000bb9d500000)]
  0x00000249e9dd4640 JavaThread "Signal Dispatcher" daemon [_thread_blocked, id=10324, stack(0x000000bb9d500000,0x000000bb9d600000)]
  0x00000249e9dd7310 JavaThread "Attach Listener" daemon [_thread_blocked, id=1528, stack(0x000000bb9d600000,0x000000bb9d700000)]
  0x00000249e9dd7bd0 JavaThread "Service Thread" daemon [_thread_blocked, id=15524, stack(0x000000bb9d700000,0x000000bb9d800000)]
  0x00000249e9dd8970 JavaThread "C2 CompilerThread0" daemon [_thread_blocked, id=17560, stack(0x000000bb9d800000,0x000000bb9d900000)]
  0x00000249e9dd9420 JavaThread "C1 CompilerThread0" daemon [_thread_blocked, id=18360, stack(0x000000bb9d900000,0x000000bb9da00000)]
  0x00000249e9ddf330 JavaThread "Sweeper thread" daemon [_thread_blocked, id=4688, stack(0x000000bb9da00000,0x000000bb9db00000)]
  0x00000249e9f04c70 JavaThread "C1 CompilerThread1" daemon [_thread_blocked, id=8584, stack(0x000000bb9db00000,0x000000bb9dc00000)]
  0x00000249e9f35c40 JavaThread "JDWP Transport Listener: dt_shmem" daemon [_thread_blocked, id=18264, stack(0x000000bb9dd00000,0x000000bb9de00000)]
  0x00000249e9f4ca10 JavaThread "JDWP Event Helper Thread" daemon [_thread_blocked, id=15388, stack(0x000000bb9de00000,0x000000bb9df00000)]
  0x00000249e9f596d0 JavaThread "JDWP Command Reader" daemon [_thread_in_native, id=12848, stack(0x000000bb9df00000,0x000000bb9e000000)]
  0x00000249e9f5c2b0 JavaThread "Notification Thread" daemon [_thread_blocked, id=10384, stack(0x000000bb9e000000,0x000000bb9e100000)]
  0x00000249e9f7dc10 JavaThread "Common-Cleaner" daemon [_thread_blocked, id=9916, stack(0x000000bb9e200000,0x000000bb9e300000)]
  0x00000249ea91b400 JavaThread "Java2D Disposer" daemon [_thread_blocked, id=17024, stack(0x000000bb9e500000,0x000000bb9e600000)]
  0x00000249eaa79590 JavaThread "AWT-Shutdown" [_thread_blocked, id=17604, stack(0x000000bb9e600000,0x000000bb9e700000)]
  0x00000249eaa7ea90 JavaThread "AWT-Windows" daemon [_thread_in_native, id=12868, stack(0x000000bb9e700000,0x000000bb9e800000)]
=>0x00000249eab002f0 JavaThread "AWT-EventQueue-0" [_thread_in_native, id=6628, stack(0x000000bb9e800000,0x000000bb9e900000)]
  0x00000249c6798860 JavaThread "DestroyJavaVM" [_thread_blocked, id=17496, stack(0x000000bb9cc00000,0x000000bb9cd00000)]
  0x00000249e9f790a0 JavaThread "org.netbeans.modules.debugger.jpda.visual AWT Access Loop" daemon [_thread_blocked, id=11960, stack(0x000000bb9e900000,0x000000bb9ea00000)]
  0x00000249eb10c490 JavaThread "AWT-EventQueue-0-SharedResourceRunner" daemon [_thread_blocked, id=2480, stack(0x000000bb9fa00000,0x000000bb9fb00000)]
  0x00000249f4b563c0 JavaThread "C1 CompilerThread2" daemon [_thread_blocked, id=3856, stack(0x000000bb9fd00000,0x000000bb9fe00000)]
  0x00000249f4b568d0 JavaThread "C1 CompilerThread3" daemon [_thread_blocked, id=17200, stack(0x000000bb9fe00000,0x000000bb9ff00000)]
  0x00000249eb966740 JavaThread "AWT-EventQueue-0-AWTAnimator#00" [_thread_blocked, id=1896, stack(0x000000bb9dc00000,0x000000bb9dd00000)]
  0x00000249eb9670e0 JavaThread "AWT-EventQueue-0-AWTAnimator#01" [_thread_blocked, id=2900, stack(0x000000bba0100000,0x000000bba0200000)]
  0x00000249eb966270 JavaThread "AWT-EventQueue-0-AWTAnimator#02" [_thread_blocked, id=11292, stack(0x000000bba0200000,0x000000bba0300000)]
  0x00000249eb9675b0 JavaThread "Image Fetcher 0" daemon [_thread_blocked, id=9688, stack(0x000000bba0400000,0x000000bba0500000)]
  0x00000249eb965400 JavaThread "TimerQueue" daemon [_thread_blocked, id=16680, stack(0x000000bba0b00000,0x000000bba0c00000)]
  0x00000249eb9658d0 JavaThread "D3D Screen Updater" daemon [_thread_blocked, id=18064, stack(0x000000bba0e00000,0x000000bba0f00000)]

Other Threads:
  0x00000249e95b83b0 VMThread "VM Thread" [stack: 0x000000bb9d200000,0x000000bb9d300000] [id=12168]
  0x00000249e9f67fd0 WatcherThread [stack: 0x000000bb9e100000,0x000000bb9e200000] [id=17252]
  0x00000249c67e1140 GCTaskThread "GC Thread#0" [stack: 0x000000bb9cd00000,0x000000bb9ce00000] [id=11632]
  0x00000249ea865ea0 GCTaskThread "GC Thread#1" [stack: 0x000000bb9f500000,0x000000bb9f600000] [id=7784]
  0x00000249ea8661d0 GCTaskThread "GC Thread#2" [stack: 0x000000bb9f600000,0x000000bb9f700000] [id=9296]
  0x00000249ea866500 GCTaskThread "GC Thread#3" [stack: 0x000000bb9f700000,0x000000bb9f800000] [id=3384]
  0x00000249eaf03270 GCTaskThread "GC Thread#4" [stack: 0x000000bb9f800000,0x000000bb9f900000] [id=13492]
  0x00000249eaf06570 GCTaskThread "GC Thread#5" [stack: 0x000000bb9f900000,0x000000bb9fa00000] [id=11564]
  0x00000249eaf06240 GCTaskThread "GC Thread#6" [stack: 0x000000bba0500000,0x000000bba0600000] [id=9340]
  0x00000249eaf05be0 GCTaskThread "GC Thread#7" [stack: 0x000000bba0600000,0x000000bba0700000] [id=9816]
  0x00000249eaf05250 GCTaskThread "GC Thread#8" [stack: 0x000000bba0700000,0x000000bba0800000] [id=16352]
  0x00000249eaf068a0 GCTaskThread "GC Thread#9" [stack: 0x000000bba0800000,0x000000bba0900000] [id=10588]
  0x00000249eaf06bd0 GCTaskThread "GC Thread#10" [stack: 0x000000bba0900000,0x000000bba0a00000] [id=18192]
  0x00000249eaf04f20 GCTaskThread "GC Thread#11" [stack: 0x000000bba0a00000,0x000000bba0b00000] [id=18328]
  0x00000249c67f10b0 ConcurrentGCThread "G1 Main Marker" [stack: 0x000000bb9ce00000,0x000000bb9cf00000] [id=11044]
  0x00000249c67f1ca0 ConcurrentGCThread "G1 Conc#0" [stack: 0x000000bb9cf00000,0x000000bb9d000000] [id=8832]
  0x00000249eaf05580 ConcurrentGCThread "G1 Conc#1" [stack: 0x000000bba0c00000,0x000000bba0d00000] [id=3036]
  0x00000249eaf035a0 ConcurrentGCThread "G1 Conc#2" [stack: 0x000000bba0d00000,0x000000bba0e00000] [id=15432]
  0x00000249e94320d0 ConcurrentGCThread "G1 Refine#0" [stack: 0x000000bb9d000000,0x000000bb9d100000] [id=16216]
  0x00000249e9433bf0 ConcurrentGCThread "G1 Young RemSet Sampling" [stack: 0x000000bb9d100000,0x000000bb9d200000] [id=15724]

Threads with active compile tasks:

VM state: not at safepoint (normal execution)

VM Mutex/Monitor currently owned by a thread: None

Heap address: 0x0000000722600000, size: 3546 MB, Compressed Oops mode: Zero based, Oop shift amount: 3
CDS archive(s) mapped at: [0x0000000800000000-0x0000000800b50000-0x0000000800b50000), size 11862016, SharedBaseAddress: 0x0000000800000000, ArchiveRelocationMode: 0.
Compressed class space mapped at: 0x0000000800b50000-0x0000000840b50000, size: 1073741824
Narrow klass base: 0x0000000800000000, Narrow klass shift: 3, Narrow klass range: 0x100000000

GC Precious Log:
 CPUs: 16 total, 16 available
 Memory: 14181M
 Large Page Support: Disabled
 NUMA Support: Disabled
 Compressed Oops: Enabled (Zero based)
 Heap Region Size: 2M
 Heap Min Capacity: 8M
 Heap Initial Capacity: 222M
 Heap Max Capacity: 3546M
 Pre-touch: Disabled
 Parallel Workers: 13
 Concurrent Workers: 3
 Concurrent Refinement Workers: 13
 Periodic GC: Disabled

Heap:
 garbage-first heap   total 49152K, used 23261K [0x0000000722600000, 0x0000000800000000)
  region size 2048K, 10 young (20480K), 2 survivors (4096K)
 Metaspace       used 25142K, capacity 25383K, committed 25600K, reserved 1071104K
  class space    used 2872K, capacity 2956K, committed 3072K, reserved 1048576K

Heap Regions: E=young(eden), S=young(survivor), O=old, HS=humongous(starts), HC=humongous(continues), CS=collection set, F=free, OA=open archive, CA=closed archive, TAMS=top-at-mark-start (previous, next)
|   0|0x0000000722600000, 0x0000000722800000, 0x0000000722800000|100%| O|  |TAMS 0x0000000722800000, 0x0000000722600000| Untracked 
|   1|0x0000000722800000, 0x0000000722a00000, 0x0000000722a00000|100%| O|  |TAMS 0x0000000722a00000, 0x0000000722800000| Untracked 
|   2|0x0000000722a00000, 0x0000000722aebe00, 0x0000000722c00000| 46%| O|  |TAMS 0x0000000722aebe00, 0x0000000722a00000| Untracked 
|   3|0x0000000722c00000, 0x0000000722c00000, 0x0000000722e00000|  0%| F|  |TAMS 0x0000000722c00000, 0x0000000722c00000| Untracked 
|   4|0x0000000722e00000, 0x0000000722e00000, 0x0000000723000000|  0%| F|  |TAMS 0x0000000722e00000, 0x0000000722e00000| Untracked 
|   5|0x0000000723000000, 0x0000000723000000, 0x0000000723200000|  0%| F|  |TAMS 0x0000000723000000, 0x0000000723000000| Untracked 
|   6|0x0000000723200000, 0x0000000723200000, 0x0000000723400000|  0%| F|  |TAMS 0x0000000723200000, 0x0000000723200000| Untracked 
|   7|0x0000000723400000, 0x0000000723400000, 0x0000000723600000|  0%| F|  |TAMS 0x0000000723400000, 0x0000000723400000| Untracked 
|   8|0x0000000723600000, 0x0000000723600000, 0x0000000723800000|  0%| F|  |TAMS 0x0000000723600000, 0x0000000723600000| Untracked 
|   9|0x0000000723800000, 0x0000000723800000, 0x0000000723a00000|  0%| F|  |TAMS 0x0000000723800000, 0x0000000723800000| Untracked 
|  10|0x0000000723a00000, 0x0000000723a00000, 0x0000000723c00000|  0%| F|  |TAMS 0x0000000723a00000, 0x0000000723a00000| Untracked 
|  11|0x0000000723c00000, 0x0000000723c00000, 0x0000000723e00000|  0%| F|  |TAMS 0x0000000723c00000, 0x0000000723c00000| Untracked 
|  12|0x0000000723e00000, 0x0000000723e00000, 0x0000000724000000|  0%| F|  |TAMS 0x0000000723e00000, 0x0000000723e00000| Untracked 
|  13|0x0000000724000000, 0x0000000724000000, 0x0000000724200000|  0%| F|  |TAMS 0x0000000724000000, 0x0000000724000000| Untracked 
|  14|0x0000000724200000, 0x0000000724300800, 0x0000000724400000| 50%| E|  |TAMS 0x0000000724200000, 0x0000000724200000| Complete 
|  15|0x0000000724400000, 0x0000000724600000, 0x0000000724600000|100%| E|CS|TAMS 0x0000000724400000, 0x0000000724400000| Complete 
|  16|0x0000000724600000, 0x0000000724800000, 0x0000000724800000|100%| E|CS|TAMS 0x0000000724600000, 0x0000000724600000| Complete 
|  17|0x0000000724800000, 0x0000000724a00000, 0x0000000724a00000|100%| E|CS|TAMS 0x0000000724800000, 0x0000000724800000| Complete 
|  18|0x0000000724a00000, 0x0000000724c00000, 0x0000000724c00000|100%| E|CS|TAMS 0x0000000724a00000, 0x0000000724a00000| Complete 
|  19|0x0000000724c00000, 0x0000000724e00000, 0x0000000724e00000|100%| E|CS|TAMS 0x0000000724c00000, 0x0000000724c00000| Complete 
|  83|0x000000072cc00000, 0x000000072cdcb920, 0x000000072ce00000| 89%| S|CS|TAMS 0x000000072cc00000, 0x000000072cc00000| Complete 
|  84|0x000000072ce00000, 0x000000072d000000, 0x000000072d000000|100%| S|CS|TAMS 0x000000072ce00000, 0x000000072ce00000| Complete 
| 109|0x0000000730000000, 0x0000000730200000, 0x0000000730200000|100%| E|CS|TAMS 0x0000000730000000, 0x0000000730000000| Complete 
| 110|0x0000000730200000, 0x0000000730400000, 0x0000000730400000|100%| E|CS|TAMS 0x0000000730200000, 0x0000000730200000| Complete 

Card table byte_map: [0x00000249de920000,0x00000249df010000] _byte_map_base: 0x00000249db00d000

Marking Bits (Prev, Next): (CMBitMap*) 0x00000249c67e19f0, (CMBitMap*) 0x00000249c67e19b0
 Prev Bits: [0x00000249e2e70000, 0x00000249e65d8000)
 Next Bits: [0x00000249df700000, 0x00000249e2e68000)

Polling page: 0x00000249c4510000

Metaspace:

Usage:
  Non-class:     21.90 MB capacity,    21.75 MB (>99%) used,   124.95 KB ( <1%) free+waste,    31.94 KB ( <1%) overhead. 
      Class:      2.89 MB capacity,     2.81 MB ( 97%) used,    71.38 KB (  2%) free+waste,    11.94 KB ( <1%) overhead. 
       Both:     24.79 MB capacity,    24.55 MB (>99%) used,   196.33 KB ( <1%) free+waste,    43.88 KB ( <1%) overhead. 

Virtual space:
  Non-class space:       22.00 MB reserved,      22.00 MB (100%) committed 
      Class space:        1.00 GB reserved,       3.00 MB ( <1%) committed 
             Both:        1.02 GB reserved,      25.00 MB (  2%) committed 

Chunk freelists:
   Non-Class:  37.00 KB
       Class:  20.00 KB
        Both:  57.00 KB

MaxMetaspaceSize: 17179869184.00 GB
CompressedClassSpaceSize: 1.00 GB

CodeHeap 'non-profiled nmethods': size=119168Kb used=944Kb max_used=944Kb free=118223Kb
 bounds [0x00000249d6550000, 0x00000249d67c0000, 0x00000249dd9b0000]
CodeHeap 'profiled nmethods': size=119104Kb used=4078Kb max_used=4078Kb free=115025Kb
 bounds [0x00000249cf100000, 0x00000249cf500000, 0x00000249d6550000]
CodeHeap 'non-nmethods': size=7488Kb used=3826Kb max_used=3826Kb free=3661Kb
 bounds [0x00000249ce9b0000, 0x00000249ced70000, 0x00000249cf100000]
 total_blobs=3740 nmethods=2159 adapters=1490
 compilation: enabled
              stopped_count=0, restarted_count=0
 full_count=0

Compilation events (20 events):
Event: 3.348 Thread 0x00000249e9f04c70 2140       3       java.awt.Rectangle::setLocation (7 bytes)
Event: 3.348 Thread 0x00000249e9dd9420 nmethod 2138 0x00000249cf4f8f90 code [0x00000249cf4f9120, 0x00000249cf4f92b8]
Event: 3.348 Thread 0x00000249e9dd9420 2141       3       java.awt.Rectangle::move (11 bytes)
Event: 3.348 Thread 0x00000249f4b563c0 nmethod 2136 0x00000249cf4f9390 code [0x00000249cf4f9560, 0x00000249cf4f99e8]
Event: 3.348 Thread 0x00000249e9dd9420 nmethod 2141 0x00000249cf4f9c10 code [0x00000249cf4f9da0, 0x00000249cf4f9e98]
Event: 3.348 Thread 0x00000249f4b563c0 2142       3       java.util.IdentityHashMap$IdentityHashMapIterator::nextIndex (72 bytes)
Event: 3.348 Thread 0x00000249e9f04c70 nmethod 2140 0x00000249cf4f9f10 code [0x00000249cf4fa0a0, 0x00000249cf4fa1f8]
Event: 3.348 Thread 0x00000249f4b568d0 nmethod 2139 0x00000249cf4fa290 code [0x00000249cf4fa440, 0x00000249cf4fa738]
Event: 3.349 Thread 0x00000249f4b563c0 nmethod 2142 0x00000249cf4fa810 code [0x00000249cf4faa00, 0x00000249cf4fae68]
Event: 3.352 Thread 0x00000249f4b568d0 2143       3       jdk.internal.misc.Unsafe::putInt (8 bytes)
Event: 3.352 Thread 0x00000249f4b568d0 nmethod 2143 0x00000249cf4fb010 code [0x00000249cf4fb1a0, 0x00000249cf4fb2b8]
Event: 3.356 Thread 0x00000249e9f04c70 2144       3       sun.java2d.pipe.RenderBuffer::putInt (26 bytes)
Event: 3.356 Thread 0x00000249e9f04c70 nmethod 2144 0x00000249cf4fb390 code [0x00000249cf4fb520, 0x00000249cf4fb6b8]
Event: 3.362 Thread 0x00000249f4b563c0 2145       3       jdk.internal.misc.Unsafe::putLong (8 bytes)
Event: 3.362 Thread 0x00000249f4b563c0 nmethod 2145 0x00000249cf4fb790 code [0x00000249cf4fb920, 0x00000249cf4fba38]
Event: 3.363 Thread 0x00000249e9f04c70 2146       1       sun.java2d.SurfaceData::isValid (5 bytes)
Event: 3.363 Thread 0x00000249e9f04c70 nmethod 2146 0x00000249d6632390 code [0x00000249d6632520, 0x00000249d66325d8]
Event: 3.372 Thread 0x00000249eb73a8f0 nmethod 2042 0x00000249d6632690 code [0x00000249d6632ac0, 0x00000249d66376d8]
Event: 5.490 Thread 0x00000249f4b568d0 2155       1       sun.java2d.SurfaceData::isSurfaceLost (5 bytes)
Event: 5.490 Thread 0x00000249f4b568d0 nmethod 2155 0x00000249d663b490 code [0x00000249d663b620, 0x00000249d663b6d8]

GC Heap History (6 events):
Event: 1.025 GC heap before
{Heap before GC invocations=0 (full 0):
 garbage-first heap   total 227328K, used 20480K [0x0000000722600000, 0x0000000800000000)
  region size 2048K, 11 young (22528K), 0 survivors (0K)
 Metaspace       used 7958K, capacity 8148K, committed 8320K, reserved 1056768K
  class space    used 756K, capacity 813K, committed 896K, reserved 1048576K
}
Event: 1.029 GC heap after
{Heap after GC invocations=1 (full 0):
 garbage-first heap   total 227328K, used 5321K [0x0000000722600000, 0x0000000800000000)
  region size 2048K, 2 young (4096K), 2 survivors (4096K)
 Metaspace       used 7958K, capacity 8148K, committed 8320K, reserved 1056768K
  class space    used 756K, capacity 813K, committed 896K, reserved 1048576K
}
Event: 2.391 GC heap before
{Heap before GC invocations=1 (full 0):
 garbage-first heap   total 227328K, used 31945K [0x0000000722600000, 0x0000000800000000)
  region size 2048K, 15 young (30720K), 2 survivors (4096K)
 Metaspace       used 13413K, capacity 13628K, committed 13824K, reserved 1062912K
  class space    used 1143K, capacity 1217K, committed 1280K, reserved 1048576K
}
Event: 2.394 GC heap after
{Heap after GC invocations=2 (full 0):
 garbage-first heap   total 227328K, used 7087K [0x0000000722600000, 0x0000000800000000)
  region size 2048K, 1 young (2048K), 1 survivors (2048K)
 Metaspace       used 13413K, capacity 13628K, committed 13824K, reserved 1062912K
  class space    used 1143K, capacity 1217K, committed 1280K, reserved 1048576K
}
Event: 2.990 GC heap before
{Heap before GC invocations=2 (full 0):
 garbage-first heap   total 227328K, used 56239K [0x0000000722600000, 0x0000000800000000)
  region size 2048K, 26 young (53248K), 1 survivors (2048K)
 Metaspace       used 20811K, capacity 21003K, committed 21248K, reserved 1069056K
  class space    used 2369K, capacity 2437K, committed 2560K, reserved 1048576K
}
Event: 2.995 GC heap after
{Heap after GC invocations=3 (full 0):
 garbage-first heap   total 227328K, used 8925K [0x0000000722600000, 0x0000000800000000)
  region size 2048K, 2 young (4096K), 2 survivors (4096K)
 Metaspace       used 20811K, capacity 21003K, committed 21248K, reserved 1069056K
  class space    used 2369K, capacity 2437K, committed 2560K, reserved 1048576K
}

Deoptimization events (20 events):
Event: 3.275 Thread 0x00000249eab002f0 DEOPT PACKING pc=0x00000249d655ccf4 sp=0x000000bb9e8fd6f0
Event: 3.275 Thread 0x00000249eab002f0 DEOPT UNPACKING pc=0x00000249ce9fe42f sp=0x000000bb9e8fd690 mode 2
Event: 3.275 Thread 0x00000249eab002f0 Uncommon trap: trap_request=0xffffff45 fr.pc=0x00000249d659a340 relative=0x0000000000000040
Event: 3.275 Thread 0x00000249eab002f0 Uncommon trap: reason=unstable_if action=reinterpret pc=0x00000249d659a340 method=java.lang.StringLatin1.canEncode(I)Z @ 4 c2
Event: 3.275 Thread 0x00000249eab002f0 DEOPT PACKING pc=0x00000249d659a340 sp=0x000000bb9e8fd680
Event: 3.275 Thread 0x00000249eab002f0 DEOPT UNPACKING pc=0x00000249ce9fe42f sp=0x000000bb9e8fd620 mode 2
Event: 3.279 Thread 0x00000249eab002f0 Uncommon trap: trap_request=0xffffff45 fr.pc=0x00000249d65fb5c4 relative=0x00000000000000a4
Event: 3.279 Thread 0x00000249eab002f0 Uncommon trap: reason=unstable_if action=reinterpret pc=0x00000249d65fb5c4 method=java.nio.Buffer.limit(I)Ljava/nio/Buffer; @ 42 c2
Event: 3.279 Thread 0x00000249eab002f0 DEOPT PACKING pc=0x00000249d65fb5c4 sp=0x000000bb9e8fca20
Event: 3.279 Thread 0x00000249eab002f0 DEOPT UNPACKING pc=0x00000249ce9fe42f sp=0x000000bb9e8fc9a8 mode 2
Event: 3.299 Thread 0x00000249eab002f0 DEOPT PACKING pc=0x00000249cf2e61fc sp=0x000000bb9e8fcea0
Event: 3.299 Thread 0x00000249eab002f0 DEOPT UNPACKING pc=0x00000249ce9fe23f sp=0x000000bb9e8fc338 mode 1
Event: 3.299 Thread 0x00000249eab002f0 DEOPT PACKING pc=0x00000249cf2a1d64 sp=0x000000bb9e8fcf70
Event: 3.299 Thread 0x00000249eab002f0 DEOPT UNPACKING pc=0x00000249ce9fe23f sp=0x000000bb9e8fc428 mode 1
Event: 3.299 Thread 0x00000249eab002f0 DEOPT PACKING pc=0x00000249cf4700f4 sp=0x000000bb9e8fd980
Event: 3.299 Thread 0x00000249eab002f0 DEOPT UNPACKING pc=0x00000249ce9fe23f sp=0x000000bb9e8fce50 mode 1
Event: 3.314 Thread 0x00000249eb9670e0 Uncommon trap: trap_request=0xffffff45 fr.pc=0x00000249d65ce4f8 relative=0x0000000000000058
Event: 3.314 Thread 0x00000249eb9670e0 Uncommon trap: reason=unstable_if action=reinterpret pc=0x00000249d65ce4f8 method=com.jogamp.opengl.awt.GLCanvas.display()V @ 4 c2
Event: 3.314 Thread 0x00000249eb9670e0 DEOPT PACKING pc=0x00000249d65ce4f8 sp=0x000000bba01fef50
Event: 3.314 Thread 0x00000249eb9670e0 DEOPT UNPACKING pc=0x00000249ce9fe42f sp=0x000000bba01feee8 mode 2

Classes unloaded (0 events):
No events

Classes redefined (0 events):
No events

Internal exceptions (20 events):
Event: 2.266 Thread 0x00000249eab002f0 Implicit null exception at 0x00000249d65bc2b3 to 0x00000249d65bc628
Event: 2.266 Thread 0x00000249eab002f0 Implicit null exception at 0x00000249d6586c2f to 0x00000249d6586cad
Event: 2.352 Thread 0x00000249eab002f0 Exception <a 'java/lang/NoSuchMethodError'{0x000000072e9a0070}: 'void java.lang.invoke.DirectMethodHandle$Holder.invokeStaticInit(java.lang.Object)'> (0x000000072e9a0070) 
thrown [./open/src/hotspot/share/interpreter/linkResolver.cpp, line 782]
Event: 2.384 Thread 0x00000249eb9675b0 Exception <a 'java/lang/NoSuchMethodError'{0x000000072e7deb00}: 'java.lang.Object java.lang.invoke.DirectMethodHandle$Holder.newInvokeSpecial(java.lang.Object, java.lang.Object, java.lang.Object, int, int, int, int, int)'> (0x000000072e7deb00) 
thrown [./open/src/hotspot/share/interpreter/linkResolver.cpp, line 782]
Event: 2.439 Thread 0x00000249eab002f0 Exception <a 'java/lang/NoSuchMethodError'{0x000000072fea5448}: 'java.lang.Object java.lang.invoke.DirectMethodHandle$Holder.invokeInterface(java.lang.Object, java.lang.Object)'> (0x000000072fea5448) 
thrown [./open/src/hotspot/share/interpreter/linkResolver.cpp, line 782]
Event: 4.996 Thread 0x00000249eab002f0 Exception <a 'java/lang/NoSuchMethodError'{0x00000007247a0a40}: 'java.lang.Object java.lang.invoke.DirectMethodHandle$Holder.invokeStatic(java.lang.Object, java.lang.Object, int)'> (0x00000007247a0a40) 
thrown [./open/src/hotspot/share/interpreter/linkResolver.cpp, line 782]
Event: 5.024 Thread 0x00000249eab002f0 Exception <a 'java/lang/NoSuchMethodError'{0x00000007247ac268}: 'void java.lang.invoke.DelegatingMethodHandle$Holder.delegate(java.lang.Object, java.lang.Object, int, java.lang.Object)'> (0x00000007247ac268) 
thrown [./open/src/hotspot/share/interpreter/linkResolver.cpp, line 782]
Event: 5.034 Thread 0x00000249eab002f0 Exception <a 'java/lang/NoSuchMethodError'{0x00000007247b0410}: 'int java.lang.invoke.DirectMethodHandle$Holder.invokeSpecial(java.lang.Object, java.lang.Object, java.lang.Object)'> (0x00000007247b0410) 
thrown [./open/src/hotspot/share/interpreter/linkResolver.cpp, line 782]
Event: 5.413 Thread 0x00000249eab002f0 Exception <a 'sun/nio/fs/WindowsException'{0x000000072447c170}> (0x000000072447c170) 
thrown [./open/src/hotspot/share/prims/jni.cpp, line 578]
Event: 5.413 Thread 0x00000249eab002f0 Exception <a 'sun/nio/fs/WindowsException'{0x000000072447c4c0}> (0x000000072447c4c0) 
thrown [./open/src/hotspot/share/prims/jni.cpp, line 578]
Event: 5.924 Thread 0x00000249eab002f0 Exception <a 'sun/nio/fs/WindowsException'{0x0000000724558848}> (0x0000000724558848) 
thrown [./open/src/hotspot/share/prims/jni.cpp, line 578]
Event: 5.925 Thread 0x00000249eab002f0 Exception <a 'sun/nio/fs/WindowsException'{0x0000000724558be8}> (0x0000000724558be8) 
thrown [./open/src/hotspot/share/prims/jni.cpp, line 578]
Event: 6.089 Thread 0x00000249eab002f0 Exception <a 'sun/nio/fs/WindowsException'{0x0000000724578be8}> (0x0000000724578be8) 
thrown [./open/src/hotspot/share/prims/jni.cpp, line 578]
Event: 6.089 Thread 0x00000249eab002f0 Exception <a 'sun/nio/fs/WindowsException'{0x0000000724578eb8}> (0x0000000724578eb8) 
thrown [./open/src/hotspot/share/prims/jni.cpp, line 578]
Event: 6.131 Thread 0x00000249eab002f0 Exception <a 'java/lang/NoSuchMethodError'{0x00000007245c26e8}: 'int java.lang.invoke.DirectMethodHandle$Holder.invokeStaticInit(java.lang.Object, java.lang.Object, int, long)'> (0x00000007245c26e8) 
thrown [./open/src/hotspot/share/interpreter/linkResolver.cpp, line 782]
Event: 6.142 Thread 0x00000249eab002f0 Exception <a 'java/lang/NoSuchMethodError'{0x00000007245c8480}: 'java.lang.Object java.lang.invoke.DirectMethodHandle$Holder.newInvokeSpecial(java.lang.Object, java.lang.Object, int)'> (0x00000007245c8480) 
thrown [./open/src/hotspot/share/interpreter/linkResolver.cpp, line 782]
Event: 6.167 Thread 0x00000249eab002f0 Exception <a 'java/lang/NoSuchMethodError'{0x00000007245d6ec0}: 'int java.lang.invoke.DirectMethodHandle$Holder.invokeStaticInit(java.lang.Object, java.lang.Object, long, long)'> (0x00000007245d6ec0) 
thrown [./open/src/hotspot/share/interpreter/linkResolver.cpp, line 782]
Event: 6.189 Thread 0x00000249eab002f0 Exception <a 'java/lang/NoSuchMethodError'{0x00000007245e1538}: 'int java.lang.invoke.DirectMethodHandle$Holder.invokeStaticInit(java.lang.Object, java.lang.Object, java.lang.Object, long)'> (0x00000007245e1538) 
thrown [./open/src/hotspot/share/interpreter/linkResolver.cpp, line 782]
Event: 6.357 Thread 0x00000249eab002f0 Exception <a 'sun/nio/fs/WindowsException'{0x000000072424e510}> (0x000000072424e510) 
thrown [./open/src/hotspot/share/prims/jni.cpp, line 578]
Event: 6.357 Thread 0x00000249eab002f0 Exception <a 'sun/nio/fs/WindowsException'{0x000000072424e8a0}> (0x000000072424e8a0) 
thrown [./open/src/hotspot/share/prims/jni.cpp, line 578]

Events (20 events):
Event: 6.107 loading class java/nio/BufferOverflowException
Event: 6.107 loading class java/nio/BufferOverflowException done
Event: 6.111 loading class java/lang/ThreadLocal$SuppliedThreadLocal
Event: 6.111 loading class java/lang/ThreadLocal$SuppliedThreadLocal done
Event: 6.116 loading class java/nio/DirectCharBufferU
Event: 6.116 loading class java/nio/DirectCharBufferU done
Event: 6.116 loading class java/nio/DirectDoubleBufferU
Event: 6.116 loading class java/nio/DirectDoubleBufferU done
Event: 6.122 loading class java/util/function/LongPredicate
Event: 6.122 loading class java/util/function/LongPredicate done
Event: 6.150 loading class jdk/internal/access/foreign/MemorySegmentProxy
Event: 6.150 loading class jdk/internal/access/foreign/MemorySegmentProxy done
Event: 6.202 loading class java/math/MutableBigInteger
Event: 6.202 loading class java/math/MutableBigInteger done
Event: 6.203 loading class java/nio/InvalidMarkException
Event: 6.203 loading class java/nio/InvalidMarkException done
Event: 6.203 loading class java/nio/BufferUnderflowException
Event: 6.203 loading class java/nio/BufferUnderflowException done
Event: 6.504 Executing VM operation: ChangeSingleStep
Event: 6.504 Executing VM operation: ChangeSingleStep done


Dynamic libraries:
0x00007ff64a7b0000 - 0x00007ff64a7bf000 	C:\Program Files\Java\jdk-15.0.2\bin\java.exe
0x00007ff9941f0000 - 0x00007ff994407000 	C:\WINDOWS\SYSTEM32\ntdll.dll
0x00007ff993600000 - 0x00007ff9936c4000 	C:\WINDOWS\System32\KERNEL32.DLL
0x00007ff9919b0000 - 0x00007ff991d69000 	C:\WINDOWS\System32\KERNELBASE.dll
0x00007ff991df0000 - 0x00007ff991f01000 	C:\WINDOWS\System32\ucrtbase.dll
0x00007ff986e00000 - 0x00007ff986e19000 	C:\Program Files\Java\jdk-15.0.2\bin\VCRUNTIME140.dll
0x00007ff986de0000 - 0x00007ff986df8000 	C:\Program Files\Java\jdk-15.0.2\bin\jli.dll
0x00007ff993080000 - 0x00007ff993132000 	C:\WINDOWS\System32\ADVAPI32.dll
0x00007ff993550000 - 0x00007ff9935f7000 	C:\WINDOWS\System32\msvcrt.dll
0x00007ff9922d0000 - 0x00007ff992377000 	C:\WINDOWS\System32\sechost.dll
0x00007ff991980000 - 0x00007ff9919a8000 	C:\WINDOWS\System32\bcrypt.dll
0x00007ff992f50000 - 0x00007ff993064000 	C:\WINDOWS\System32\RPCRT4.dll
0x00007ff9920c0000 - 0x00007ff99226e000 	C:\WINDOWS\System32\USER32.dll
0x00007ff9918e0000 - 0x00007ff991906000 	C:\WINDOWS\System32\win32u.dll
0x00007ff993900000 - 0x00007ff993929000 	C:\WINDOWS\System32\GDI32.dll
0x00007ff991720000 - 0x00007ff99183b000 	C:\WINDOWS\System32\gdi32full.dll
0x00007ff9909b0000 - 0x00007ff990c42000 	C:\WINDOWS\WinSxS\amd64_microsoft.windows.common-controls_6595b64144ccf1df_6.0.22621.4391_none_2715d37f73803e96\COMCTL32.dll
0x00007ff991840000 - 0x00007ff9918da000 	C:\WINDOWS\System32\msvcp_win.dll
0x00007ff98cf80000 - 0x00007ff98cf8a000 	C:\WINDOWS\SYSTEM32\VERSION.dll
0x00007ff992430000 - 0x00007ff992461000 	C:\WINDOWS\System32\IMM32.DLL
0x00007ff98c150000 - 0x00007ff98c15c000 	C:\Program Files\Java\jdk-15.0.2\bin\vcruntime140_1.dll
0x00007ff986d40000 - 0x00007ff986dd1000 	C:\Program Files\Java\jdk-15.0.2\bin\msvcp140.dll
0x00007ff968820000 - 0x00007ff96937e000 	C:\Program Files\Java\jdk-15.0.2\bin\server\jvm.dll
0x00007ff993070000 - 0x00007ff993078000 	C:\WINDOWS\System32\PSAPI.DLL
0x00007ff986d30000 - 0x00007ff986d39000 	C:\WINDOWS\SYSTEM32\WSOCK32.dll
0x00007ff987a30000 - 0x00007ff987a64000 	C:\WINDOWS\SYSTEM32\WINMM.dll
0x00007ff9936d0000 - 0x00007ff993741000 	C:\WINDOWS\System32\WS2_32.dll
0x00007ff98f5e0000 - 0x00007ff98f5f8000 	C:\WINDOWS\SYSTEM32\kernel.appcore.dll
0x00007ff986d20000 - 0x00007ff986d2a000 	C:\Program Files\Java\jdk-15.0.2\bin\jimage.dll
0x00007ff990d60000 - 0x00007ff990f92000 	C:\WINDOWS\SYSTEM32\DBGHELP.DLL
0x00007ff992470000 - 0x00007ff9927ff000 	C:\WINDOWS\System32\combase.dll
0x00007ff993140000 - 0x00007ff993217000 	C:\WINDOWS\System32\OLEAUT32.dll
0x00007ff990c50000 - 0x00007ff990c82000 	C:\WINDOWS\SYSTEM32\dbgcore.DLL
0x00007ff991d70000 - 0x00007ff991deb000 	C:\WINDOWS\System32\bcryptPrimitives.dll
0x00007ff986ce0000 - 0x00007ff986d19000 	C:\Program Files\Java\jdk-15.0.2\bin\jdwp.dll
0x00007ff986cb0000 - 0x00007ff986cd5000 	C:\Program Files\Java\jdk-15.0.2\bin\java.dll
0x00007ff993930000 - 0x00007ff9941a6000 	C:\WINDOWS\System32\SHELL32.dll
0x00007ff98e4c0000 - 0x00007ff98edc3000 	C:\WINDOWS\SYSTEM32\windows.storage.dll
0x00007ff98e380000 - 0x00007ff98e4bf000 	C:\WINDOWS\SYSTEM32\wintypes.dll
0x00007ff992c90000 - 0x00007ff992d89000 	C:\WINDOWS\System32\SHCORE.dll
0x00007ff993390000 - 0x00007ff9933ee000 	C:\WINDOWS\System32\shlwapi.dll
0x00007ff991420000 - 0x00007ff99144b000 	C:\WINDOWS\SYSTEM32\profapi.dll
0x00007ff986ca0000 - 0x00007ff986cab000 	C:\Program Files\Java\jdk-15.0.2\bin\dt_shmem.dll
0x00007ff986c40000 - 0x00007ff986c59000 	C:\Program Files\Java\jdk-15.0.2\bin\net.dll
0x00007ff98c470000 - 0x00007ff98c5a6000 	C:\WINDOWS\SYSTEM32\WINHTTP.dll
0x00007ff98fa30000 - 0x00007ff98fa99000 	C:\WINDOWS\system32\mswsock.dll
0x00007ff986c20000 - 0x00007ff986c32000 	C:\Program Files\Java\jdk-15.0.2\bin\nio.dll
0x00007ff986c00000 - 0x00007ff986c18000 	C:\Program Files\Java\jdk-15.0.2\bin\zip.dll
0x00007ff986680000 - 0x00007ff986800000 	C:\Program Files\Java\jdk-15.0.2\bin\awt.dll
0x00007ff98c230000 - 0x00007ff98c2c7000 	C:\WINDOWS\SYSTEM32\apphelp.dll
0x00007ff98cc40000 - 0x00007ff98ccf1000 	C:\WINDOWS\system32\uxtheme.dll
0x00007ff9933f0000 - 0x00007ff993550000 	C:\WINDOWS\System32\MSCTF.dll
0x00007ff991f10000 - 0x00007ff9920b5000 	C:\WINDOWS\System32\ole32.dll
0x00007ff98d090000 - 0x00007ff98d0bb000 	C:\WINDOWS\system32\DWMAPI.DLL
0x00007ff986bf0000 - 0x00007ff986c00000 	C:\Program Files\Java\jdk-15.0.2\bin\verify.dll
0x00007ff9910a0000 - 0x00007ff9910bb000 	C:\WINDOWS\SYSTEM32\CRYPTSP.dll
0x00007ff98f540000 - 0x00007ff98f575000 	C:\WINDOWS\system32\rsaenh.dll
0x00007ff98fb40000 - 0x00007ff98fb68000 	C:\WINDOWS\SYSTEM32\USERENV.dll
0x00007ff990520000 - 0x00007ff99052c000 	C:\WINDOWS\SYSTEM32\CRYPTBASE.dll
0x00007ff98f030000 - 0x00007ff98f05d000 	C:\WINDOWS\SYSTEM32\IPHLPAPI.DLL
0x00007ff992420000 - 0x00007ff992429000 	C:\WINDOWS\System32\NSI.dll
0x00007ff98c430000 - 0x00007ff98c449000 	C:\WINDOWS\SYSTEM32\dhcpcsvc6.DLL
0x00007ff98c410000 - 0x00007ff98c42f000 	C:\WINDOWS\SYSTEM32\dhcpcsvc.DLL
0x00007ff98f0f0000 - 0x00007ff98f1f2000 	C:\WINDOWS\SYSTEM32\DNSAPI.dll
0x00007ff986bd0000 - 0x00007ff986be3000 	C:\Users\diego\AppData\Local\Temp\jogamp_0000\file_cache\jln13364191033275266445\jln15170761726561471703\natives\windows-amd64\gluegen_rt.dll
0x00007ff986bc0000 - 0x00007ff986bc7000 	C:\Program Files\Java\jdk-15.0.2\bin\jawt.dll
0x00007ff986bb0000 - 0x00007ff986bbd000 	C:\Users\diego\AppData\Local\Temp\jogamp_0000\file_cache\jln13364191033275266445\jln15170761726561471703\natives\windows-amd64\nativewindow_awt.dll
0x00007ff929640000 - 0x00007ff929740000 	C:\WINDOWS\system32\opengl32.dll
0x00007ff955310000 - 0x00007ff95533d000 	C:\WINDOWS\SYSTEM32\GLU32.dll
0x00007ff98d450000 - 0x00007ff98d487000 	C:\WINDOWS\SYSTEM32\dxcore.dll
0x00007ff9542c0000 - 0x00007ff954468000 	C:\WINDOWS\system32\d3d9.dll
0x00007ff987a70000 - 0x00007ff987c2b000 	C:\WINDOWS\System32\DriverStore\FileRepository\u0404276.inf_amd64_b6ae906c9d4ab767\B403905\aticfx64.dll
0x00007ff986b70000 - 0x00007ff986ba4000 	C:\WINDOWS\System32\DriverStore\FileRepository\u0404276.inf_amd64_b6ae906c9d4ab767\B403905\atiu9p64.dll
0x00007ff927540000 - 0x00007ff928287000 	C:\WINDOWS\System32\DriverStore\FileRepository\u0404276.inf_amd64_b6ae906c9d4ab767\B403905\atiumd64.dll
0x0000000068400000 - 0x0000000069313000 	C:\WINDOWS\System32\DriverStore\FileRepository\u0404276.inf_amd64_b6ae906c9d4ab767\B403905\atiumd6a.dll
0x00007ff992800000 - 0x00007ff992c74000 	C:\WINDOWS\System32\SETUPAPI.dll
0x00007ff991210000 - 0x00007ff99125d000 	C:\WINDOWS\SYSTEM32\POWRPROF.dll
0x00007ff9911f0000 - 0x00007ff991203000 	C:\WINDOWS\SYSTEM32\UMPDC.dll
0x00007ff987770000 - 0x00007ff9877a5000 	C:\WINDOWS\SYSTEM32\amdihk64.dll
0x00007ff98a3e0000 - 0x00007ff98a429000 	C:\WINDOWS\SYSTEM32\directxdatabasehelper.dll
0x00007ff986b50000 - 0x00007ff986b65000 	C:\Users\diego\AppData\Local\Temp\jogamp_0000\file_cache\jln13364191033275266445\jln15170761726561471703\natives\windows-amd64\nativewindow_win32.dll
0x00007ff986ac0000 - 0x00007ff986b43000 	C:\Users\diego\AppData\Local\Temp\jogamp_0000\file_cache\jln13364191033275266445\jln15170761726561471703\natives\windows-amd64\jogl_desktop.dll
0x00007ff986610000 - 0x00007ff986662000 	C:\Users\diego\AppData\Local\Temp\jogamp_0000\file_cache\jln13364191033275266445\jln15170761726561471703\natives\windows-amd64\jogl_mobile.dll
0x00007ff993850000 - 0x00007ff993900000 	C:\WINDOWS\System32\clbcatq.dll
0x00007ff989d70000 - 0x00007ff989eb4000 	C:\Windows\System32\AppXDeploymentClient.dll
0x00007ff9865e0000 - 0x00007ff98660e000 	C:\WINDOWS\System32\DriverStore\FileRepository\u0404276.inf_amd64_b6ae906c9d4ab767\B403905\atig6pxx.dll
0x00007ff9131b0000 - 0x00007ff91768f000 	C:\WINDOWS\System32\DriverStore\FileRepository\u0404276.inf_amd64_b6ae906c9d4ab767\B403905\atio6axx.dll
0x00007ff991130000 - 0x00007ff99115c000 	C:\WINDOWS\SYSTEM32\DEVOBJ.dll
0x00007ff991160000 - 0x00007ff9911ae000 	C:\WINDOWS\SYSTEM32\cfgmgr32.dll
0x00007ff991910000 - 0x00007ff99197c000 	C:\WINDOWS\System32\WINTRUST.dll
0x00007ff9914f0000 - 0x00007ff991656000 	C:\WINDOWS\System32\CRYPT32.dll
0x00007ff990530000 - 0x00007ff990542000 	C:\WINDOWS\SYSTEM32\MSASN1.dll
0x00007ff986380000 - 0x00007ff986405000 	C:\Program Files\Java\jdk-15.0.2\bin\freetype.dll
0x00007ff9862d0000 - 0x00007ff986379000 	C:\Program Files\Java\jdk-15.0.2\bin\fontmanager.dll
0x00007ff987560000 - 0x00007ff9876a5000 	C:\WINDOWS\SYSTEM32\textinputframework.dll
0x00007ff98bdd0000 - 0x00007ff98bf03000 	C:\WINDOWS\SYSTEM32\CoreMessaging.dll
0x00007ff9899d0000 - 0x00007ff989d3d000 	C:\WINDOWS\SYSTEM32\CoreUIComponents.dll
0x00007ff9861b0000 - 0x00007ff98622b000 	C:\Users\diego\AppData\Local\Temp\lwjgl_diego\3.3.4+7\x64\lwjgl.dll
0x00007ff986570000 - 0x00007ff9865d1000 	C:\Users\diego\AppData\Local\Temp\lwjgl_diego\3.3.4+7\x64\lwjgl_opengl.dll
0x00007ff9272c0000 - 0x00007ff927531000 	C:\Users\diego\AppData\Local\Temp\lwjgl_diego\3.3.4+7\x64\jemalloc.dll

dbghelp: loaded successfully - version: 4.0.5 - missing functions: none
symbol engine: initialized successfully - sym options: 0x614 - pdb path: .;C:\Program Files\Java\jdk-15.0.2\bin;C:\WINDOWS\SYSTEM32;C:\WINDOWS\WinSxS\amd64_microsoft.windows.common-controls_6595b64144ccf1df_6.0.22621.4391_none_2715d37f73803e96;C:\Program Files\Java\jdk-15.0.2\bin\server;C:\Users\diego\AppData\Local\Temp\jogamp_0000\file_cache\jln13364191033275266445\jln15170761726561471703\natives\windows-amd64;C:\WINDOWS\System32\DriverStore\FileRepository\u0404276.inf_amd64_b6ae906c9d4ab767\B403905;C:\Users\diego\AppData\Local\Temp\lwjgl_diego\3.3.4+7\x64

VM Arguments:
jvm_args: -Dfile.encoding=UTF-8 -agentlib:jdwp=transport=dt_shmem,address=javadebug 
java_command: mampos.Mampos
java_class_path (initial): C:\Users\diego\OneDrive\Escritorio\Drive\Book\Book\gson-2.11.0.jar;C:\Users\diego\OneDrive\Escritorio\Drive\Book\Book\JOGL\JOML\joml-1.10.7.jar;C:\Users\diego\OneDrive\Escritorio\Drive\Book\Book\JOGL\jogamp-all-platforms\jar\gluegen-rt.jar;C:\Users\diego\OneDrive\Escritorio\Drive\Book\Book\JOGL\jogamp-all-platforms\jar\jogl-all.jar;C:\Program Files\NetBeans-23\netbeans\java\modules\ext\AbsoluteLayout.jar;C:\Users\diego\OneDrive\Escritorio\Drive\Book\Book\UJMP\ujmp-complete-0.3.0.jar;C:\Users\diego\OneDrive\Escritorio\Drive\Book\Book\pdf4j-icepdf-core-6.1.1.jar;C:\Users\diego\OneDrive\Escritorio\Drive\Book\Book\pdf4j-icepdf-viewer-6.1.1.jar;C:\Users\diego\OneDrive\Escritorio\Drive\lwjgl-release-3.3.4-custom\lwjgl-glfw.jar;C:\Users\diego\OneDrive\Escritorio\Drive\lwjgl-release-3.3.4-custom\lwjgl-opengl.jar;C:\Users\diego\OneDrive\Escritorio\Drive\lwjgl-release-3.3.4-custom\lwjgl.jar;C:\Users\diego\OneDrive\Escritorio\Drive\lwjgl-release-3.3.4-custom\lwjgl-opengl-natives-windows.jar;C:\Users\diego\OneDrive\Escritorio\Drive\LWJGL 3.3.4\lwjgl-glfw-natives-windows.jar;C:\Users\diego\OneDrive\Escritorio\Drive\LWJGL 3.3.4\lwjgl-assimp-natives-windows.jar;C:\Users\diego\OneDrive\Escritorio\Drive\LWJGL 3.3.4\lwjgl-assimp.jar;C:\Users\diego\OneDrive\Escritorio\Drive\LWJGL 3.3.4\lwjgl-bgfx-natives-windows.jar;C:\Users\diego\OneDrive\Escritorio\Drive\LWJGL 3.3.4\lwjgl-bgfx.jar;C:\Users\diego\OneDrive\Escritorio\Drive\LWJGL 3.3.4\lwjgl-cuda.jar;C:\Users\diego\OneDrive\Escritorio\Drive\LWJGL 3.3.4\lwjgl-egl.jar;C:\Users\diego\OneDrive\Escritorio\Drive\LWJGL 3.3.4\lwjgl-fmod.jar;C:\Users\diego\OneDrive\Escritorio\Drive\LWJGL 3.3.4\lwjgl-freetype-natives-windows.jar;C:\Users\diego\OneDrive\Escritorio\Drive\LWJGL 3.3.4\lwjgl-freetype.jar;C:\Users\diego\OneDrive\Escritorio\Drive\LWJGL 3.3.4\lwjgl-glfw.jar;C:\Users\diego\OneDrive\Escritorio\Drive\LWJGL 3.3.4\lwjgl-harfbuzz-natives-windows.jar;C:\Users\diego\OneDrive\Escritorio\Drive\LWJGL 3.3.4\lwjgl-harfbu
Launcher Type: SUN_STANDARD

[Global flags]
     intx CICompilerCount                          = 12                                        {product} {ergonomic}
     uint ConcGCThreads                            = 3                                         {product} {ergonomic}
     uint G1ConcRefinementThreads                  = 13                                        {product} {ergonomic}
   size_t G1HeapRegionSize                         = 2097152                                   {product} {ergonomic}
    uintx GCDrainStackTargetSize                   = 64                                        {product} {ergonomic}
   size_t InitialHeapSize                          = 232783872                                 {product} {ergonomic}
   size_t MarkStackSize                            = 4194304                                   {product} {ergonomic}
   size_t MaxHeapSize                              = 3718250496                                {product} {ergonomic}
   size_t MaxNewSize                               = 2229272576                                {product} {ergonomic}
   size_t MinHeapDeltaBytes                        = 2097152                                   {product} {ergonomic}
   size_t MinHeapSize                              = 8388608                                   {product} {ergonomic}
    uintx NonNMethodCodeHeapSize                   = 7602480                                {pd product} {ergonomic}
    uintx NonProfiledCodeHeapSize                  = 122027880                              {pd product} {ergonomic}
    uintx ProfiledCodeHeapSize                     = 122027880                              {pd product} {ergonomic}
    uintx ReservedCodeCacheSize                    = 251658240                              {pd product} {ergonomic}
     bool SegmentedCodeCache                       = true                                      {product} {ergonomic}
   size_t SoftMaxHeapSize                          = 3718250496                             {manageable} {ergonomic}
     bool UseCompressedClassPointers               = true                                 {lp64_product} {ergonomic}
     bool UseCompressedOops                        = true                                 {lp64_product} {ergonomic}
     bool UseG1GC                                  = true                                      {product} {ergonomic}
     bool UseLargePagesIndividualAllocation        = false                                  {pd product} {ergonomic}

Logging:
Log output configuration:
 #0: stdout all=warning uptime,level,tags
 #1: stderr all=off uptime,level,tags

Environment Variables:
JAVA_HOME=C:\Program Files\Java\jdk-15.0.2
PATH=C:\ffmpeg\bin;C:\Program Files\Common Files\Oracle\Java\javapath;C:\Program Files (x86)\Common Files\Oracle\Java\java8path;C:\Program Files (x86)\Common Files\Oracle\Java\javapath;C:\Program Files (x86)\Common Files\Intel\Shared Libraries\redist\intel64_win\compiler;C:\WINDOWS\system32;C:\WINDOWS;C:\WINDOWS\System32\Wbem;C:\WINDOWS\System32\WindowsPowerShell\v1.0\;C:\WINDOWS\System32\OpenSSH\;C:\Program Files\dotnet\;C:\Program Files\Common Files\Autodesk Shared\;C:\Program Files\Git\cmd;C:\Program Files\Azure Data Studio\bin;C:\Program Files\Microsoft SQL Server\Client SDK\ODBC\170\Tools\Binn\;C:\Program Files\Microsoft SQL Server\Client SDK\ODBC\110\Tools\Binn\;C:\Program Files (x86)\Microsoft SQL Server\120\Tools\Binn\ManagementStudio\;C:\Program Files (x86)\Microsoft SQL Server\120\Tools\Binn\;C:\Program Files\Microsoft SQL Server\120\Tools\Binn\;C:\Program Files (x86)\Microsoft SQL Server\120\DTS\Binn\;C:\Program Files\Microsoft SQL Server\120\DTS\Binn\;C:\Program Files (x86)\Microsoft SQL Server\160\Too;C:\Program Files\Microsoft SQL Server\160\DTS\Binn\;C:\Users\diego\AppData\Local\Programs\Python\Python311\Scripts\;C:\Users\diego\AppData\Local\Programs\Python\Python311\;C:\Users\diego\AppData\Local\Microsoft\WindowsApps;C:\Users\diego\AppData\Local\Programs\Microsoft VS Code\bin;C:\Program Files\Azure Data Studio\bin;C:\Users\diego\AppData\Roaming\npm;C:\src\flutter\bin;C:\Users\diego\AppData\Local\Pub\Cache\bin;C:\Program Files\MongoDB\Server\6.0\bin;C:\Users\diego\AppData\Local\GitHubDesktop\bin;C:\Program Files\JetBrains\IntelliJ IDEA 2024.1.4\bin;;C:\sqlite3;C:\Program Files\JetBrains\IntelliJ IDEA Community Edition 2024.2.2\bin;;C:\Users\diego\AppData\Local\Programs\MiKTeX\miktex\bin\x64\
USERNAME=diego
OS=Windows_NT
PROCESSOR_IDENTIFIER=AMD64 Family 23 Model 104 Stepping 1, AuthenticAMD



---------------  S Y S T E M  ---------------

OS:
 Windows 10 , 64 bit Build 22621 (10.0.22621.4391)
OS uptime: 0 days 0:19 hours
HyperV virtualization detected

CPU: total 16 (initial active 16) (16 cores per cpu, 2 threads per core) family 23 model 104 stepping 1 microcode 0x0, cmov, cx8, fxsr, mmx, sse, sse2, sse3, ssse3, sse4.1, sse4.2, popcnt, vzeroupper, avx, avx2, aes, clmul, 3dnowpref, lzcnt, sse4a, ht, tsc, tscinvbit, tscinv, bmi1, bmi2, adx, sha, fma, clflush, clflushopt

Memory: 4k page, system-wide physical 14181M (5816M free)
TotalPageFile size 26181M (AvailPageFile size 17005M)
current process WorkingSet (physical memory assigned to process): 197M, peak: 208M
current process commit charge ("private bytes"): 306M, peak: 440M

vm_info: Java HotSpot(TM) 64-Bit Server VM (15.0.2+7-27) for windows-amd64 JRE (15.0.2+7-27), built on Dec  7 2020 20:07:01 by "mach5one" with unknown MS VC++:1925

END.
