#
# A fatal error has been detected by the Java Runtime Environment:
#
#  EXCEPTION_ACCESS_VIOLATION (0xc0000005) at pc=0x0000020ae8e9fda8, pid=20976, tid=21348
#
# JRE version: Java(TM) SE Runtime Environment (15.0.2+7) (build 15.0.2+7-27)
# Java VM: Java HotSpot(TM) 64-Bit Server VM (15.0.2+7-27, mixed mode, sharing, tiered, compressed oops, g1 gc, windows-amd64)
# Problematic frame:
# C  0x0000020ae8e9fda8
#
# No core dump will be written. Minidumps are not enabled by default on client versions of Windows
#
# If you would like to submit a bug report, please visit:
#   https://bugreport.java.com/bugreport/crash.jsp
# The crash happened outside the Java Virtual Machine in native code.
# See problematic frame for where to report the bug.
#

---------------  S U M M A R Y ------------

Command Line: -Dfile.encoding=UTF-8 mampos.Mampos

Host: AMD Ryzen 7 3700X 8-Core Processor             , 16 cores, 31G,  Windows 10 , 64 bit Build 19041 (10.0.19041.4957)
Time: Sun Oct 27 17:36:34 2024 Hora estándar, América Central elapsed time: 5.488857 seconds (0d 0h 0m 5s)

---------------  T H R E A D  ---------------

Current thread (0x0000020adf7e6eb0):  JavaThread "AWT-EventQueue-0" [_thread_in_native, id=21348, stack(0x000000cb17400000,0x000000cb17500000)]

Stack: [0x000000cb17400000,0x000000cb17500000],  sp=0x000000cb174fe3c0,  free space=1016k
Native frames: (J=compiled Java code, j=interpreted, Vv=VM code, C=native code)
C  0x0000020ae8e9fda8

Java frames: (J=compiled Java code, j=interpreted, Vv=VM code)
j  jogamp.opengl.gl4.GL4bcImpl.dispatch_glDrawArrays1(IIIJ)V+0
j  jogamp.opengl.gl4.GL4bcImpl.glDrawArrays(III)V+45
j  rendering.Controlador.prepararBufferDeTexturas(Lcom/jogamp/opengl/GL4;IIII)V+64
J 2421 c1 rendering.Controlador.dibujar(Ljava/lang/String;Lcom/jogamp/opengl/GL4;[IIIILjava/util/List;II)V (130 bytes) @ 0x0000020ab95fd8bc [0x0000020ab95fd500+0x00000000000003bc]
j  rendering.Planta.display(Lcom/jogamp/opengl/GLAutoDrawable;)V+288
j  jogamp.opengl.GLDrawableHelper.displayImpl(Lcom/jogamp/opengl/GLAutoDrawable;)V+62
j  jogamp.opengl.GLDrawableHelper.display(Lcom/jogamp/opengl/GLAutoDrawable;)V+2
j  com.jogamp.opengl.awt.GLCanvas$10.run()V+118
j  jogamp.opengl.GLDrawableHelper.invokeGLImpl(Lcom/jogamp/opengl/GLDrawable;Lcom/jogamp/opengl/GLContext;Ljava/lang/Runnable;Ljava/lang/Runnable;)V+205
j  jogamp.opengl.GLDrawableHelper.invokeGL(Lcom/jogamp/opengl/GLDrawable;Lcom/jogamp/opengl/GLContext;Ljava/lang/Runnable;Ljava/lang/Runnable;)V+75
j  com.jogamp.opengl.awt.GLCanvas$11.run()V+104
J 2389 c1 java.awt.event.InvocationEvent.dispatch()V java.desktop@15.0.2 (69 bytes) @ 0x0000020ab95f4454 [0x0000020ab95f4300+0x0000000000000154]
J 2308 c1 java.awt.EventQueue.dispatchEventImpl(Ljava/awt/AWTEvent;Ljava/lang/Object;)V java.desktop@15.0.2 (136 bytes) @ 0x0000020ab95d27bc [0x0000020ab95d0c40+0x0000000000001b7c]
J 2307 c1 java.awt.EventQueue$4.run()Ljava/lang/Void; java.desktop@15.0.2 (60 bytes) @ 0x0000020ab95cc5c4 [0x0000020ab95cc480+0x0000000000000144]
J 2302 c1 java.awt.EventQueue.dispatchEvent(Ljava/awt/AWTEvent;)V java.desktop@15.0.2 (80 bytes) @ 0x0000020ab95cd8ac [0x0000020ab95cd2e0+0x00000000000005cc]
J 2309 c1 java.awt.EventDispatchThread.pumpOneEventForFilters(I)V java.desktop@15.0.2 (113 bytes) @ 0x0000020ab95d3ca4 [0x0000020ab95d3600+0x00000000000006a4]
j  java.awt.EventDispatchThread.pumpEventsForFilter(ILjava/awt/Conditional;Ljava/awt/EventFilter;)V+35 java.desktop@15.0.2
j  java.awt.EventDispatchThread.pumpEventsForHierarchy(ILjava/awt/Conditional;Ljava/awt/Component;)V+11 java.desktop@15.0.2
j  java.awt.EventDispatchThread.pumpEvents(ILjava/awt/Conditional;)V+4 java.desktop@15.0.2
j  java.awt.EventDispatchThread.pumpEvents(Ljava/awt/Conditional;)V+3 java.desktop@15.0.2
j  java.awt.EventDispatchThread.run()V+9 java.desktop@15.0.2
v  ~StubRoutines::call_stub

siginfo: EXCEPTION_ACCESS_VIOLATION (0xc0000005), reading address 0x0000000000000000


Register to memory mapping:

RIP=0x0000020ae8e9fda8 points into unknown readable memory: 0x0c7889046e8b3e8b | 8b 3e 8b 6e 04 89 78 0c
RAX=0x0000020aef518050 points into unknown readable memory: 0x40a24343c030ced0 | d0 ce 30 c0 43 43 a2 40
RBX=0x0000020aee0d0000 points into unknown readable memory: 0x0000020ae571b270 | 70 b2 71 e5 0a 02 00 00
RCX=0x0 is NULL
RDX=0x0000000000000024 is an unknown value
RSP=0x000000cb174fe3c0 is pointing into the stack for thread: 0x0000020adf7e6eb0
RBP=0x0000000040a24343 is an unknown value
RSI=0x0 is NULL
RDI=0x0 is NULL
R8 =0x0 is NULL
R9 =0x0000000000000024 is an unknown value
R10=0x0000000006c38050 is an unknown value
R11=0x000000cb174fc820 is pointing into the stack for thread: 0x0000020adf7e6eb0
R12=0x0 is NULL
R13=0x0000020aef518050 points into unknown readable memory: 0x40a24343c030ced0 | d0 ce 30 c0 43 43 a2 40
R14=0x0000020ae9aa5540 points into unknown readable memory: 0x0000000000000400 | 00 04 00 00 00 00 00 00
R15=0x0000000000000004 is an unknown value


Registers:
RAX=0x0000020aef518050, RBX=0x0000020aee0d0000, RCX=0x0000000000000000, RDX=0x0000000000000024
RSP=0x000000cb174fe3c0, RBP=0x0000000040a24343, RSI=0x0000000000000000, RDI=0x0000000000000000
R8 =0x0000000000000000, R9 =0x0000000000000024, R10=0x0000000006c38050, R11=0x000000cb174fc820
R12=0x0000000000000000, R13=0x0000020aef518050, R14=0x0000020ae9aa5540, R15=0x0000000000000004
RIP=0x0000020ae8e9fda8, EFLAGS=0x0000000000010206

Top of Stack: (sp=0x000000cb174fe3c0)
0x000000cb174fe3c0:   0000000000000000 0000020aee0d0000
0x000000cb174fe3d0:   0000000000000000 0000020aee11c198
0x000000cb174fe3e0:   0000000000000024 00007ffc489cff75
0x000000cb174fe3f0:   0000000000000024 0000020aee11c198
0x000000cb174fe400:   00000000000002d0 0000000000000000
0x000000cb174fe410:   0000020ae63bb0a0 0000000000000000
0x000000cb174fe420:   0000000000000000 0000020aee0d0000
0x000000cb174fe430:   0000020ae9a8b988 0000000000000004
0x000000cb174fe440:   0000000000000000 0000000000000004
0x000000cb174fe450:   0000000000000004 0000020ae9aa5540
0x000000cb174fe460:   0000000000000024 00007ffc489cbd13
0x000000cb174fe470:   0000020a00000000 0000020ae9a8b988
0x000000cb174fe480:   0000020aee0d0000 0000000000000000
0x000000cb174fe490:   0000000000000083 00c0000000000000
0x000000cb174fe4a0:   0000000000000024 0000020ae9aa5540
0x000000cb174fe4b0:   0000000000000000 00007ffc489cbf80 

Instructions: (pc=0x0000020ae8e9fda8)
0x0000020ae8e9fca8:   00 00 00 00 00 00 00 00 00 00 00 00 00 00 00 00
0x0000020ae8e9fcb8:   00 00 00 00 00 00 00 00 00 00 00 00 00 00 00 00
0x0000020ae8e9fcc8:   00 00 00 00 00 00 00 00 00 00 00 00 00 00 00 00
0x0000020ae8e9fcd8:   00 00 00 00 00 00 00 00 00 00 00 00 00 00 00 00
0x0000020ae8e9fce8:   00 00 00 00 00 00 00 00 00 00 00 00 00 00 00 00
0x0000020ae8e9fcf8:   00 00 00 00 00 00 00 00 00 00 00 00 00 00 00 00
0x0000020ae8e9fd08:   00 00 00 00 00 00 00 00 00 00 00 00 00 00 00 00
0x0000020ae8e9fd18:   00 00 00 00 00 00 00 00 00 00 00 00 00 00 00 00
0x0000020ae8e9fd28:   00 00 00 00 00 00 00 00 00 00 00 00 00 00 00 00
0x0000020ae8e9fd38:   40 ff ff ff 00 fd 00 00 48 83 ec 28 48 89 6c 24
0x0000020ae8e9fd48:   20 48 89 5c 24 18 48 89 74 24 10 48 89 7c 24 08
0x0000020ae8e9fd58:   48 8b d9 48 8b c2 49 8b c8 49 8b d1 48 be d8 8d
0x0000020ae8e9fd68:   12 ee 0a 02 00 00 48 8b 36 48 8b b6 08 03 00 00
0x0000020ae8e9fd78:   48 8d 3c 49 48 8d 34 be 8b 3e 8b 6e 04 89 38 89
0x0000020ae8e9fd88:   68 04 8b 7e 08 89 78 08 48 be d8 8d 12 ee 0a 02
0x0000020ae8e9fd98:   00 00 48 8b 36 48 8b b6 38 03 00 00 48 8d 34 ce
0x0000020ae8e9fda8:   8b 3e 8b 6e 04 89 78 0c 89 68 10 48 83 c0 14 ff
0x0000020ae8e9fdb8:   c1 ff ca 75 a7 48 8b 7c 24 08 48 8b 74 24 10 48
0x0000020ae8e9fdc8:   8b 5c 24 18 48 8b 6c 24 20 48 83 c4 28 c3 00 00
0x0000020ae8e9fdd8:   00 00 00 00 00 00 00 00 00 00 00 00 00 00 00 00
0x0000020ae8e9fde8:   00 00 00 00 00 00 00 00 00 00 00 00 00 00 00 00
0x0000020ae8e9fdf8:   80 ff ff ff c0 00 00 00 55 48 8b ec 53 56 57 4c
0x0000020ae8e9fe08:   8b da 4c 8b d1 49 8b f2 49 8b fb 41 8b e8 85 ed
0x0000020ae8e9fe18:   0f 84 30 00 00 00 b9 03 00 00 00 0f 8f 05 00 00
0x0000020ae8e9fe28:   00 48 f7 d9 f7 dd 0f b6 5e 02 c1 e3 10 0f b7 16
0x0000020ae8e9fe38:   0b da 48 03 f1 48 83 c7 04 81 e3 ff ff ff 00 ff
0x0000020ae8e9fe48:   cd 89 5f fc 75 e0 5f 5e 5b 5d c3 00 00 00 00 00
0x0000020ae8e9fe58:   00 00 00 00 00 00 00 00 00 00 00 00 00 00 00 00
0x0000020ae8e9fe68:   00 00 00 00 00 00 00 00 00 00 00 00 00 00 00 00
0x0000020ae8e9fe78:   c0 ff ff ff 80 00 00 00 48 b8 e0 92 16 ee 0a 02
0x0000020ae8e9fe88:   00 00 48 8b 00 49 ba c8 d8 11 ee 0a 02 00 00 48
0x0000020ae8e9fe98:   83 ec 28 48 83 c4 28 c3 00 00 00 00 00 00 00 00 


Stack slot to memory mapping:
stack at sp + 0 slots: 0x0 is NULL
stack at sp + 1 slots: 0x0000020aee0d0000 points into unknown readable memory: 0x0000020ae571b270 | 70 b2 71 e5 0a 02 00 00
stack at sp + 2 slots: 0x0 is NULL
stack at sp + 3 slots: 0x0000020aee11c198 points into unknown readable memory: 0x0000020ae9aa5540 | 40 55 aa e9 0a 02 00 00
stack at sp + 4 slots: 0x0000000000000024 is an unknown value
stack at sp + 5 slots: 0x00007ffc489cff75 nvoglv64.dll
stack at sp + 6 slots: 0x0000000000000024 is an unknown value
stack at sp + 7 slots: 0x0000020aee11c198 points into unknown readable memory: 0x0000020ae9aa5540 | 40 55 aa e9 0a 02 00 00


---------------  P R O C E S S  ---------------

Threads class SMR info:
_java_thread_list=0x0000020ae651f3c0, length=24, elements={
0x0000020ade0538c0, 0x0000020ade053fa0, 0x0000020ade06d920, 0x0000020ade06eef0,
0x0000020ade06f4b0, 0x0000020ade072dc0, 0x0000020ade0733c0, 0x0000020adf2d2ee0,
0x0000020adf3cd770, 0x0000020adf3eb360, 0x0000020adf3f1d20, 0x0000020adf7c1360,
0x0000020adf7c3840, 0x0000020adf7c4d20, 0x0000020adf7e6eb0, 0x0000020aaeff0c10,
0x0000020adfcaba50, 0x0000020adfcabf20, 0x0000020adfcacd90, 0x0000020ae5cfbee0,
0x0000020adfcad730, 0x0000020ae5f09060, 0x0000020adfcad260, 0x0000020adfca9d70
}

Java Threads: ( => current thread )
  0x0000020ade0538c0 JavaThread "Reference Handler" daemon [_thread_blocked, id=23416, stack(0x000000cb16200000,0x000000cb16300000)]
  0x0000020ade053fa0 JavaThread "Finalizer" daemon [_thread_blocked, id=16152, stack(0x000000cb16300000,0x000000cb16400000)]
  0x0000020ade06d920 JavaThread "Signal Dispatcher" daemon [_thread_blocked, id=4744, stack(0x000000cb16400000,0x000000cb16500000)]
  0x0000020ade06eef0 JavaThread "Attach Listener" daemon [_thread_blocked, id=13532, stack(0x000000cb16500000,0x000000cb16600000)]
  0x0000020ade06f4b0 JavaThread "Service Thread" daemon [_thread_blocked, id=22252, stack(0x000000cb16600000,0x000000cb16700000)]
  0x0000020ade072dc0 JavaThread "C2 CompilerThread0" daemon [_thread_blocked, id=6316, stack(0x000000cb16700000,0x000000cb16800000)]
  0x0000020ade0733c0 JavaThread "C1 CompilerThread0" daemon [_thread_blocked, id=22088, stack(0x000000cb16800000,0x000000cb16900000)]
  0x0000020adf2d2ee0 JavaThread "Sweeper thread" daemon [_thread_blocked, id=12664, stack(0x000000cb16900000,0x000000cb16a00000)]
  0x0000020adf3cd770 JavaThread "C1 CompilerThread1" daemon [_thread_blocked, id=14608, stack(0x000000cb16a00000,0x000000cb16b00000)]
  0x0000020adf3eb360 JavaThread "Notification Thread" daemon [_thread_blocked, id=19700, stack(0x000000cb16b00000,0x000000cb16c00000)]
  0x0000020adf3f1d20 JavaThread "Common-Cleaner" daemon [_thread_blocked, id=10848, stack(0x000000cb16d00000,0x000000cb16e00000)]
  0x0000020adf7c1360 JavaThread "Java2D Disposer" daemon [_thread_blocked, id=14656, stack(0x000000cb17100000,0x000000cb17200000)]
  0x0000020adf7c3840 JavaThread "AWT-Shutdown" [_thread_blocked, id=13344, stack(0x000000cb17200000,0x000000cb17300000)]
  0x0000020adf7c4d20 JavaThread "AWT-Windows" daemon [_thread_in_native, id=18188, stack(0x000000cb17300000,0x000000cb17400000)]
=>0x0000020adf7e6eb0 JavaThread "AWT-EventQueue-0" [_thread_in_native, id=21348, stack(0x000000cb17400000,0x000000cb17500000)]
  0x0000020aaeff0c10 JavaThread "DestroyJavaVM" [_thread_blocked, id=10652, stack(0x000000cb15b00000,0x000000cb15c00000)]
  0x0000020adfcaba50 JavaThread "AWT-EventQueue-0-SharedResourceRunner" daemon [_thread_blocked, id=8544, stack(0x000000cb16e00000,0x000000cb16f00000)]
  0x0000020adfcabf20 JavaThread "AWT-EventQueue-0-AWTAnimator#00" [_thread_blocked, id=13536, stack(0x000000cb18500000,0x000000cb18600000)]
  0x0000020adfcacd90 JavaThread "AWT-EventQueue-0-AWTAnimator#01" [_thread_blocked, id=19872, stack(0x000000cb18600000,0x000000cb18700000)]
  0x0000020ae5cfbee0 JavaThread "C1 CompilerThread2" daemon [_thread_blocked, id=7988, stack(0x000000cb18700000,0x000000cb18800000)]
  0x0000020adfcad730 JavaThread "Image Fetcher 0" daemon [_thread_blocked, id=7184, stack(0x000000cb18a00000,0x000000cb18b00000)]
  0x0000020ae5f09060 JavaThread "C1 CompilerThread3" daemon [_thread_blocked, id=10868, stack(0x000000cb18b00000,0x000000cb18c00000)]
  0x0000020adfcad260 JavaThread "TimerQueue" daemon [_thread_blocked, id=20580, stack(0x000000cb18c00000,0x000000cb18d00000)]
  0x0000020adfca9d70 JavaThread "D3D Screen Updater" daemon [_thread_blocked, id=15232, stack(0x000000cb18f00000,0x000000cb19000000)]

Other Threads:
  0x0000020ade050130 VMThread "VM Thread" [stack: 0x000000cb16100000,0x000000cb16200000] [id=24156]
  0x0000020adf3ee850 WatcherThread [stack: 0x000000cb16c00000,0x000000cb16d00000] [id=18912]
  0x0000020aaf0693b0 GCTaskThread "GC Thread#0" [stack: 0x000000cb15c00000,0x000000cb15d00000] [id=16464]
  0x0000020adfc21b40 GCTaskThread "GC Thread#1" [stack: 0x000000cb17a00000,0x000000cb17b00000] [id=1904]
  0x0000020adfc1f1d0 GCTaskThread "GC Thread#2" [stack: 0x000000cb17b00000,0x000000cb17c00000] [id=21636]
  0x0000020adfc1f830 GCTaskThread "GC Thread#3" [stack: 0x000000cb17c00000,0x000000cb17d00000] [id=7612]
  0x0000020adfc1f500 GCTaskThread "GC Thread#4" [stack: 0x000000cb17d00000,0x000000cb17e00000] [id=1596]
  0x0000020ae5bf57f0 GCTaskThread "GC Thread#5" [stack: 0x000000cb17e00000,0x000000cb17f00000] [id=10068]
  0x0000020ae5bf6e40 GCTaskThread "GC Thread#6" [stack: 0x000000cb17f00000,0x000000cb18000000] [id=13568]
  0x0000020ae5bf5b20 GCTaskThread "GC Thread#7" [stack: 0x000000cb18000000,0x000000cb18100000] [id=15644]
  0x0000020ae5bf74a0 GCTaskThread "GC Thread#8" [stack: 0x000000cb18100000,0x000000cb18200000] [id=5016]
  0x0000020ae5bf5e50 GCTaskThread "GC Thread#9" [stack: 0x000000cb18200000,0x000000cb18300000] [id=5344]
  0x0000020ae5bf8e20 GCTaskThread "GC Thread#10" [stack: 0x000000cb18300000,0x000000cb18400000] [id=5480]
  0x0000020ae5bf6180 GCTaskThread "GC Thread#11" [stack: 0x000000cb18400000,0x000000cb18500000] [id=14980]
  0x0000020aaf07a380 ConcurrentGCThread "G1 Main Marker" [stack: 0x000000cb15d00000,0x000000cb15e00000] [id=25608]
  0x0000020aaf07ae70 ConcurrentGCThread "G1 Conc#0" [stack: 0x000000cb15e00000,0x000000cb15f00000] [id=1712]
  0x0000020ae5bf8490 ConcurrentGCThread "G1 Conc#1" [stack: 0x000000cb18d00000,0x000000cb18e00000] [id=15592]
  0x0000020ae5bf67e0 ConcurrentGCThread "G1 Conc#2" [stack: 0x000000cb18e00000,0x000000cb18f00000] [id=11920]
  0x0000020aaf0bdd80 ConcurrentGCThread "G1 Refine#0" [stack: 0x000000cb15f00000,0x000000cb16000000] [id=26732]
  0x0000020aaf0be5d0 ConcurrentGCThread "G1 Young RemSet Sampling" [stack: 0x000000cb16000000,0x000000cb16100000] [id=19628]

Threads with active compile tasks:

VM state: not at safepoint (normal execution)

VM Mutex/Monitor currently owned by a thread: None

Heap address: 0x0000000601000000, size: 8176 MB, Compressed Oops mode: Zero based, Oop shift amount: 3
CDS archive(s) mapped at: [0x0000000800000000-0x0000000800b50000-0x0000000800b50000), size 11862016, SharedBaseAddress: 0x0000000800000000, ArchiveRelocationMode: 0.
Compressed class space mapped at: 0x0000000800b50000-0x0000000840b50000, size: 1073741824
Narrow klass base: 0x0000000800000000, Narrow klass shift: 3, Narrow klass range: 0x100000000

GC Precious Log:
 CPUs: 16 total, 16 available
 Memory: 32689M
 Large Page Support: Disabled
 NUMA Support: Disabled
 Compressed Oops: Enabled (Zero based)
 Heap Region Size: 4M
 Heap Min Capacity: 8M
 Heap Initial Capacity: 512M
 Heap Max Capacity: 8176M
 Pre-touch: Disabled
 Parallel Workers: 13
 Concurrent Workers: 3
 Concurrent Refinement Workers: 13
 Periodic GC: Disabled

Heap:
 garbage-first heap   total 204800K, used 76626K [0x0000000601000000, 0x0000000800000000)
  region size 4096K, 8 young (32768K), 1 survivors (4096K)
 Metaspace       used 26282K, capacity 26566K, committed 26880K, reserved 1073152K
  class space    used 2933K, capacity 3029K, committed 3072K, reserved 1048576K

Heap Regions: E=young(eden), S=young(survivor), O=old, HS=humongous(starts), HC=humongous(continues), CS=collection set, F=free, OA=open archive, CA=closed archive, TAMS=top-at-mark-start (previous, next)
|   0|0x0000000601000000, 0x000000060133d200, 0x0000000601400000| 80%| O|  |TAMS 0x000000060133d200, 0x0000000601000000| Untracked 
|   1|0x0000000601400000, 0x0000000601800000, 0x0000000601800000|100%| O|  |TAMS 0x0000000601800000, 0x0000000601400000| Untracked 
|   2|0x0000000601800000, 0x0000000601800000, 0x0000000601c00000|  0%| F|  |TAMS 0x0000000601800000, 0x0000000601800000| Untracked 
|   3|0x0000000601c00000, 0x0000000601c00000, 0x0000000602000000|  0%| F|  |TAMS 0x0000000601c00000, 0x0000000601c00000| Untracked 
|   4|0x0000000602000000, 0x0000000602000000, 0x0000000602400000|  0%| F|  |TAMS 0x0000000602000000, 0x0000000602000000| Untracked 
|   5|0x0000000602400000, 0x0000000602800000, 0x0000000602800000|100%| O|  |TAMS 0x0000000602400000, 0x0000000602400000| Untracked 
|   6|0x0000000602800000, 0x0000000602c00000, 0x0000000602c00000|100%| O|  |TAMS 0x0000000602800000, 0x0000000602800000| Untracked 
|   7|0x0000000602c00000, 0x0000000602c00000, 0x0000000603000000|  0%| F|  |TAMS 0x0000000602c00000, 0x0000000602c00000| Untracked 
|   8|0x0000000603000000, 0x0000000603400000, 0x0000000603400000|100%| O|  |TAMS 0x0000000603400000, 0x0000000603000000| Untracked 
|   9|0x0000000603400000, 0x0000000603800000, 0x0000000603800000|100%| O|  |TAMS 0x00000006035b8200, 0x0000000603400000| Untracked 
|  10|0x0000000603800000, 0x0000000603c00000, 0x0000000603c00000|100%| O|  |TAMS 0x0000000603800000, 0x0000000603800000| Untracked 
|  11|0x0000000603c00000, 0x0000000603e28e00, 0x0000000604000000| 53%| O|  |TAMS 0x0000000603c00000, 0x0000000603c00000| Untracked 
|  12|0x0000000604000000, 0x0000000604400000, 0x0000000604400000|100%| O|  |TAMS 0x0000000604000000, 0x0000000604000000| Untracked 
|  13|0x0000000604400000, 0x0000000604800000, 0x0000000604800000|100%| O|  |TAMS 0x0000000604400000, 0x0000000604400000| Untracked 
|  14|0x0000000604800000, 0x0000000604c00000, 0x0000000604c00000|100%| O|  |TAMS 0x0000000604800000, 0x0000000604800000| Untracked 
|  15|0x0000000604c00000, 0x0000000605000000, 0x0000000605000000|100%| O|  |TAMS 0x0000000604c00000, 0x0000000604c00000| Untracked 
|  16|0x0000000605000000, 0x000000060516ea00, 0x0000000605400000| 35%| O|  |TAMS 0x0000000605000000, 0x0000000605000000| Untracked 
|  17|0x0000000605400000, 0x0000000605400000, 0x0000000605800000|  0%| F|  |TAMS 0x0000000605400000, 0x0000000605400000| Untracked 
|  18|0x0000000605800000, 0x0000000605800000, 0x0000000605c00000|  0%| F|  |TAMS 0x0000000605800000, 0x0000000605800000| Untracked 
|  19|0x0000000605c00000, 0x0000000605c00000, 0x0000000606000000|  0%| F|  |TAMS 0x0000000605c00000, 0x0000000605c00000| Untracked 
|  20|0x0000000606000000, 0x0000000606000000, 0x0000000606400000|  0%| F|  |TAMS 0x0000000606000000, 0x0000000606000000| Untracked 
|  21|0x0000000606400000, 0x0000000606400000, 0x0000000606800000|  0%| F|  |TAMS 0x0000000606400000, 0x0000000606400000| Untracked 
|  22|0x0000000606800000, 0x0000000606800000, 0x0000000606c00000|  0%| F|  |TAMS 0x0000000606800000, 0x0000000606800000| Untracked 
|  23|0x0000000606c00000, 0x0000000606c00000, 0x0000000607000000|  0%| F|  |TAMS 0x0000000606c00000, 0x0000000606c00000| Untracked 
|  24|0x0000000607000000, 0x0000000607000000, 0x0000000607400000|  0%| F|  |TAMS 0x0000000607000000, 0x0000000607000000| Untracked 
|  25|0x0000000607400000, 0x0000000607400000, 0x0000000607800000|  0%| F|  |TAMS 0x0000000607400000, 0x0000000607400000| Untracked 
|  26|0x0000000607800000, 0x0000000607800000, 0x0000000607c00000|  0%| F|  |TAMS 0x0000000607800000, 0x0000000607800000| Untracked 
|  27|0x0000000607c00000, 0x0000000607c00000, 0x0000000608000000|  0%| F|  |TAMS 0x0000000607c00000, 0x0000000607c00000| Untracked 
|  28|0x0000000608000000, 0x0000000608000000, 0x0000000608400000|  0%| F|  |TAMS 0x0000000608000000, 0x0000000608000000| Untracked 
|  29|0x0000000608400000, 0x0000000608400000, 0x0000000608800000|  0%| F|  |TAMS 0x0000000608400000, 0x0000000608400000| Untracked 
|  30|0x0000000608800000, 0x0000000608800000, 0x0000000608c00000|  0%| F|  |TAMS 0x0000000608800000, 0x0000000608800000| Untracked 
|  31|0x0000000608c00000, 0x0000000608c00000, 0x0000000609000000|  0%| F|  |TAMS 0x0000000608c00000, 0x0000000608c00000| Untracked 
|  32|0x0000000609000000, 0x0000000609000000, 0x0000000609400000|  0%| F|  |TAMS 0x0000000609000000, 0x0000000609000000| Untracked 
|  33|0x0000000609400000, 0x0000000609400000, 0x0000000609800000|  0%| F|  |TAMS 0x0000000609400000, 0x0000000609400000| Untracked 
|  34|0x0000000609800000, 0x0000000609800000, 0x0000000609c00000|  0%| F|  |TAMS 0x0000000609800000, 0x0000000609800000| Untracked 
|  35|0x0000000609c00000, 0x0000000609c00000, 0x000000060a000000|  0%| F|  |TAMS 0x0000000609c00000, 0x0000000609c00000| Untracked 
|  36|0x000000060a000000, 0x000000060a000000, 0x000000060a400000|  0%| F|  |TAMS 0x000000060a000000, 0x000000060a000000| Untracked 
|  37|0x000000060a400000, 0x000000060a400000, 0x000000060a800000|  0%| F|  |TAMS 0x000000060a400000, 0x000000060a400000| Untracked 
|  38|0x000000060a800000, 0x000000060a800000, 0x000000060ac00000|  0%| F|  |TAMS 0x000000060a800000, 0x000000060a800000| Untracked 
|  39|0x000000060ac00000, 0x000000060ac00000, 0x000000060b000000|  0%| F|  |TAMS 0x000000060ac00000, 0x000000060ac00000| Untracked 
|  40|0x000000060b000000, 0x000000060b000000, 0x000000060b400000|  0%| F|  |TAMS 0x000000060b000000, 0x000000060b000000| Untracked 
|  41|0x000000060b400000, 0x000000060b400000, 0x000000060b800000|  0%| F|  |TAMS 0x000000060b400000, 0x000000060b400000| Untracked 
|  42|0x000000060b800000, 0x000000060bbe5318, 0x000000060bc00000| 97%| E|  |TAMS 0x000000060b800000, 0x000000060b800000| Complete 
|  43|0x000000060bc00000, 0x000000060c000000, 0x000000060c000000|100%| E|CS|TAMS 0x000000060bc00000, 0x000000060bc00000| Complete 
|  44|0x000000060c000000, 0x000000060c400000, 0x000000060c400000|100%| E|CS|TAMS 0x000000060c000000, 0x000000060c000000| Complete 
|  45|0x000000060c400000, 0x000000060c800000, 0x000000060c800000|100%| E|CS|TAMS 0x000000060c400000, 0x000000060c400000| Complete 
|  70|0x0000000612800000, 0x0000000612c00000, 0x0000000612c00000|100%| E|CS|TAMS 0x0000000612800000, 0x0000000612800000| Complete 
| 125|0x0000000620400000, 0x0000000620800000, 0x0000000620800000|100%| S|CS|TAMS 0x0000000620400000, 0x0000000620400000| Complete 
| 127|0x0000000620c00000, 0x0000000621000000, 0x0000000621000000|100%| E|CS|TAMS 0x0000000620c00000, 0x0000000620c00000| Complete 
|2043|0x00000007ffc00000, 0x0000000800000000, 0x0000000800000000|100%| E|CS|TAMS 0x00000007ffc00000, 0x00000007ffc00000| Complete 

Card table byte_map: [0x0000020ac99f0000,0x0000020aca9f0000] _byte_map_base: 0x0000020ac69e8000

Marking Bits (Prev, Next): (CMBitMap*) 0x0000020aaf069aa0, (CMBitMap*) 0x0000020aaf069ae0
 Prev Bits: [0x0000020acb9f0000, 0x0000020ad39b0000)
 Next Bits: [0x0000020ad39b0000, 0x0000020adb970000)

Polling page: 0x0000020aaee40000

Metaspace:

Usage:
  Non-class:     22.99 MB capacity,    22.80 MB (>99%) used,   156.99 KB ( <1%) free+waste,    30.81 KB ( <1%) overhead. 
      Class:      2.96 MB capacity,     2.86 MB ( 97%) used,    84.81 KB (  3%) free+waste,    10.88 KB ( <1%) overhead. 
       Both:     25.94 MB capacity,    25.67 MB ( 99%) used,   241.80 KB ( <1%) free+waste,    41.69 KB ( <1%) overhead. 

Virtual space:
  Non-class space:       24.00 MB reserved,      23.25 MB ( 97%) committed 
      Class space:        1.00 GB reserved,       3.00 MB ( <1%) committed 
             Both:        1.02 GB reserved,      26.25 MB (  3%) committed 

Chunk freelists:
   Non-Class:  79.00 KB
       Class:  11.00 KB
        Both:  90.00 KB

MaxMetaspaceSize: 17179869184.00 GB
CompressedClassSpaceSize: 1.00 GB

CodeHeap 'non-profiled nmethods': size=119168Kb used=1052Kb max_used=1052Kb free=118115Kb
 bounds [0x0000020ac05e0000, 0x0000020ac0850000, 0x0000020ac7a40000]
CodeHeap 'profiled nmethods': size=119104Kb used=5027Kb max_used=5027Kb free=114076Kb
 bounds [0x0000020ab9190000, 0x0000020ab9680000, 0x0000020ac05e0000]
CodeHeap 'non-nmethods': size=7488Kb used=3345Kb max_used=3363Kb free=4142Kb
 bounds [0x0000020ab8a40000, 0x0000020ab8d90000, 0x0000020ab9190000]
 total_blobs=3644 nmethods=2588 adapters=965
 compilation: enabled
              stopped_count=0, restarted_count=0
 full_count=0

Compilation events (20 events):
Event: 5.481 Thread 0x0000020ae5cfbee0 2577       3       jogamp.nativewindow.jawt.JAWT::GetDrawingSurface (24 bytes)
Event: 5.481 Thread 0x0000020ae5f09060 2579       3       jogamp.nativewindow.jawt.JAWT_DrawingSurface::create (9 bytes)
Event: 5.481 Thread 0x0000020ae5f09060 nmethod 2579 0x0000020ab966e610 code [0x0000020ab966e7c0, 0x0000020ab966e948]
Event: 5.481 Thread 0x0000020ae5f09060 2580       3       jogamp.nativewindow.jawt.JAWT_DrawingSurface::<init> (36 bytes)
Event: 5.481 Thread 0x0000020ae5cfbee0 nmethod 2577 0x0000020ab966ea10 code [0x0000020ab966ec00, 0x0000020ab966f008]
Event: 5.481 Thread 0x0000020ae5cfbee0 2581       3       jogamp.nativewindow.jawt.JAWT_DrawingSurface::Lock (9 bytes)
Event: 5.481 Thread 0x0000020ae5cfbee0 nmethod 2581 0x0000020ab966f210 code [0x0000020ab966f3c0, 0x0000020ab966f588]
Event: 5.481 Thread 0x0000020ae5cfbee0 2583       3       jogamp.nativewindow.jawt.JAWT_DrawingSurface::GetDrawingSurfaceInfo (23 bytes)
Event: 5.481 Thread 0x0000020ae5f09060 nmethod 2580 0x0000020ab966f690 code [0x0000020ab966f8a0, 0x0000020ab9670048]
Event: 5.481 Thread 0x0000020ae5f09060 2585       3       jogamp.nativewindow.jawt.JAWT_DrawingSurfaceInfo::create (9 bytes)
Event: 5.481 Thread 0x0000020ae5f09060 nmethod 2585 0x0000020ab9670310 code [0x0000020ab9670520, 0x0000020ab9670d68]
Event: 5.481 Thread 0x0000020ae5cfbee0 nmethod 2583 0x0000020ab9671090 code [0x0000020ab9671300, 0x0000020ab9671de8]
Event: 5.481 Thread 0x0000020ae5f09060 2586       3       jogamp.nativewindow.jawt.JAWT_DrawingSurfaceInfo::<init> (31 bytes)
Event: 5.481 Thread 0x0000020ae5cfbee0 2587       3       jogamp.nativewindow.jawt.JAWT_DrawingSurfaceInfo::getBounds (25 bytes)
Event: 5.481 Thread 0x0000020adf3cd770 nmethod 2575 0x0000020ab9672210 code [0x0000020ab9672540, 0x0000020ab9673ae8]
Event: 5.481 Thread 0x0000020adf3cd770 2588       3       com.jogamp.common.nio.StructAccessor::slice (64 bytes)
Event: 5.482 Thread 0x0000020ae5f09060 nmethod 2586 0x0000020ab9674090 code [0x0000020ab96742a0, 0x0000020ab9674a48]
Event: 5.482 Thread 0x0000020adf3cd770 nmethod 2588 0x0000020ab9674d10 code [0x0000020ab9674f20, 0x0000020ab96755b8]
Event: 5.482 Thread 0x0000020ae5cfbee0 nmethod 2587 0x0000020ab9675810 code [0x0000020ab9675a60, 0x0000020ab96763d8]
Event: 5.482 Thread 0x0000020ade0733c0 nmethod 2576 0x0000020ab9676790 code [0x0000020ab9676ba0, 0x0000020ab9678358]

GC Heap History (20 events):
Event: 1.802 GC heap before
{Heap before GC invocations=5 (full 0):
 garbage-first heap   total 45056K, used 22567K [0x0000000601000000, 0x0000000800000000)
  region size 4096K, 2 young (8192K), 1 survivors (4096K)
 Metaspace       used 23763K, capacity 24032K, committed 24192K, reserved 1071104K
  class space    used 2828K, capacity 2931K, committed 2944K, reserved 1048576K
}
Event: 1.804 GC heap after
{Heap after GC invocations=6 (full 0):
 garbage-first heap   total 45056K, used 23786K [0x0000000601000000, 0x0000000800000000)
  region size 4096K, 1 young (4096K), 1 survivors (4096K)
 Metaspace       used 23763K, capacity 24032K, committed 24192K, reserved 1071104K
  class space    used 2828K, capacity 2931K, committed 2944K, reserved 1048576K
}
Event: 1.805 GC heap before
{Heap before GC invocations=6 (full 0):
 garbage-first heap   total 45056K, used 27882K [0x0000000601000000, 0x0000000800000000)
  region size 4096K, 2 young (8192K), 1 survivors (4096K)
 Metaspace       used 23763K, capacity 24032K, committed 24192K, reserved 1071104K
  class space    used 2828K, capacity 2931K, committed 2944K, reserved 1048576K
}
Event: 1.806 GC heap after
{Heap after GC invocations=7 (full 0):
 garbage-first heap   total 45056K, used 28203K [0x0000000601000000, 0x0000000800000000)
  region size 4096K, 1 young (4096K), 1 survivors (4096K)
 Metaspace       used 23763K, capacity 24032K, committed 24192K, reserved 1071104K
  class space    used 2828K, capacity 2931K, committed 2944K, reserved 1048576K
}
Event: 1.807 GC heap before
{Heap before GC invocations=7 (full 0):
 garbage-first heap   total 45056K, used 32299K [0x0000000601000000, 0x0000000800000000)
  region size 4096K, 2 young (8192K), 1 survivors (4096K)
 Metaspace       used 23763K, capacity 24032K, committed 24192K, reserved 1071104K
  class space    used 2828K, capacity 2931K, committed 2944K, reserved 1048576K
}
Event: 1.808 GC heap after
{Heap after GC invocations=8 (full 0):
 garbage-first heap   total 45056K, used 32589K [0x0000000601000000, 0x0000000800000000)
  region size 4096K, 1 young (4096K), 1 survivors (4096K)
 Metaspace       used 23763K, capacity 24032K, committed 24192K, reserved 1071104K
  class space    used 2828K, capacity 2931K, committed 2944K, reserved 1048576K
}
Event: 2.099 GC heap before
{Heap before GC invocations=9 (full 0):
 garbage-first heap   total 69632K, used 36685K [0x0000000601000000, 0x0000000800000000)
  region size 4096K, 2 young (8192K), 1 survivors (4096K)
 Metaspace       used 23798K, capacity 24032K, committed 24192K, reserved 1071104K
  class space    used 2829K, capacity 2931K, committed 2944K, reserved 1048576K
}
Event: 2.100 GC heap after
{Heap after GC invocations=10 (full 0):
 garbage-first heap   total 69632K, used 37153K [0x0000000601000000, 0x0000000800000000)
  region size 4096K, 1 young (4096K), 1 survivors (4096K)
 Metaspace       used 23798K, capacity 24032K, committed 24192K, reserved 1071104K
  class space    used 2829K, capacity 2931K, committed 2944K, reserved 1048576K
}
Event: 2.154 GC heap before
{Heap before GC invocations=10 (full 0):
 garbage-first heap   total 69632K, used 41249K [0x0000000601000000, 0x0000000800000000)
  region size 4096K, 2 young (8192K), 1 survivors (4096K)
 Metaspace       used 23798K, capacity 24032K, committed 24192K, reserved 1071104K
  class space    used 2829K, capacity 2931K, committed 2944K, reserved 1048576K
}
Event: 2.155 GC heap after
{Heap after GC invocations=11 (full 0):
 garbage-first heap   total 69632K, used 41662K [0x0000000601000000, 0x0000000800000000)
  region size 4096K, 1 young (4096K), 1 survivors (4096K)
 Metaspace       used 23798K, capacity 24032K, committed 24192K, reserved 1071104K
  class space    used 2829K, capacity 2931K, committed 2944K, reserved 1048576K
}
Event: 2.257 GC heap before
{Heap before GC invocations=12 (full 0):
 garbage-first heap   total 81920K, used 45758K [0x0000000601000000, 0x0000000800000000)
  region size 4096K, 2 young (8192K), 1 survivors (4096K)
 Metaspace       used 23881K, capacity 24160K, committed 24448K, reserved 1071104K
  class space    used 2835K, capacity 2931K, committed 2944K, reserved 1048576K
}
Event: 2.259 GC heap after
{Heap after GC invocations=13 (full 0):
 garbage-first heap   total 81920K, used 46037K [0x0000000601000000, 0x0000000800000000)
  region size 4096K, 1 young (4096K), 1 survivors (4096K)
 Metaspace       used 23881K, capacity 24160K, committed 24448K, reserved 1071104K
  class space    used 2835K, capacity 2931K, committed 2944K, reserved 1048576K
}
Event: 2.276 GC heap before
{Heap before GC invocations=13 (full 0):
 garbage-first heap   total 81920K, used 50133K [0x0000000601000000, 0x0000000800000000)
  region size 4096K, 2 young (8192K), 1 survivors (4096K)
 Metaspace       used 23881K, capacity 24160K, committed 24448K, reserved 1071104K
  class space    used 2835K, capacity 2931K, committed 2944K, reserved 1048576K
}
Event: 2.277 GC heap after
{Heap after GC invocations=14 (full 0):
 garbage-first heap   total 81920K, used 50349K [0x0000000601000000, 0x0000000800000000)
  region size 4096K, 1 young (4096K), 1 survivors (4096K)
 Metaspace       used 23881K, capacity 24160K, committed 24448K, reserved 1071104K
  class space    used 2835K, capacity 2931K, committed 2944K, reserved 1048576K
}
Event: 2.278 GC heap before
{Heap before GC invocations=14 (full 0):
 garbage-first heap   total 81920K, used 54445K [0x0000000601000000, 0x0000000800000000)
  region size 4096K, 2 young (8192K), 1 survivors (4096K)
 Metaspace       used 23882K, capacity 24160K, committed 24448K, reserved 1071104K
  class space    used 2835K, capacity 2931K, committed 2944K, reserved 1048576K
}
Event: 2.280 GC heap after
{Heap after GC invocations=15 (full 0):
 garbage-first heap   total 303104K, used 54680K [0x0000000601000000, 0x0000000800000000)
  region size 4096K, 1 young (4096K), 1 survivors (4096K)
 Metaspace       used 23882K, capacity 24160K, committed 24448K, reserved 1071104K
  class space    used 2835K, capacity 2931K, committed 2944K, reserved 1048576K
}
Event: 3.047 GC heap before
{Heap before GC invocations=16 (full 0):
 garbage-first heap   total 204800K, used 107928K [0x0000000601000000, 0x0000000800000000)
  region size 4096K, 16 young (65536K), 1 survivors (4096K)
 Metaspace       used 25668K, capacity 25923K, committed 26112K, reserved 1073152K
  class space    used 2905K, capacity 2964K, committed 3072K, reserved 1048576K
}
Event: 3.051 GC heap after
{Heap after GC invocations=17 (full 0):
 garbage-first heap   total 204800K, used 65938K [0x0000000601000000, 0x0000000800000000)
  region size 4096K, 2 young (8192K), 2 survivors (8192K)
 Metaspace       used 25668K, capacity 25923K, committed 26112K, reserved 1073152K
  class space    used 2905K, capacity 2964K, committed 3072K, reserved 1048576K
}
Event: 3.063 GC heap before
{Heap before GC invocations=17 (full 0):
 garbage-first heap   total 204800K, used 70034K [0x0000000601000000, 0x0000000800000000)
  region size 4096K, 3 young (12288K), 2 survivors (8192K)
 Metaspace       used 25668K, capacity 25923K, committed 26112K, reserved 1073152K
  class space    used 2905K, capacity 2964K, committed 3072K, reserved 1048576K
}
Event: 3.066 GC heap after
{Heap after GC invocations=18 (full 0):
 garbage-first heap   total 204800K, used 52050K [0x0000000601000000, 0x0000000800000000)
  region size 4096K, 1 young (4096K), 1 survivors (4096K)
 Metaspace       used 25668K, capacity 25923K, committed 26112K, reserved 1073152K
  class space    used 2905K, capacity 2964K, committed 3072K, reserved 1048576K
}

Deoptimization events (20 events):
Event: 3.085 Thread 0x0000020adf7e6eb0 DEOPT PACKING pc=0x0000020ab951b884 sp=0x000000cb174fe1c0
Event: 3.085 Thread 0x0000020adf7e6eb0 DEOPT UNPACKING pc=0x0000020ab8a8e23f sp=0x000000cb174fd708 mode 0
Event: 3.095 Thread 0x0000020adf7e6eb0 DEOPT PACKING pc=0x0000020ab956e520 sp=0x000000cb174fe0c0
Event: 3.095 Thread 0x0000020adf7e6eb0 DEOPT UNPACKING pc=0x0000020ab8a8e23f sp=0x000000cb174fd708 mode 0
Event: 3.105 Thread 0x0000020adf7e6eb0 DEOPT PACKING pc=0x0000020ab957b935 sp=0x000000cb174fe100
Event: 3.105 Thread 0x0000020adf7e6eb0 DEOPT UNPACKING pc=0x0000020ab8a8e23f sp=0x000000cb174fd708 mode 0
Event: 3.115 Thread 0x0000020adf7e6eb0 DEOPT PACKING pc=0x0000020ab956e4ff sp=0x000000cb174fe0c0
Event: 3.115 Thread 0x0000020adf7e6eb0 DEOPT UNPACKING pc=0x0000020ab8a8e23f sp=0x000000cb174fd708 mode 0
Event: 3.125 Thread 0x0000020adf7e6eb0 DEOPT PACKING pc=0x0000020ab957b977 sp=0x000000cb174fe100
Event: 3.125 Thread 0x0000020adf7e6eb0 DEOPT UNPACKING pc=0x0000020ab8a8e23f sp=0x000000cb174fd708 mode 0
Event: 3.145 Thread 0x0000020adf7e6eb0 DEOPT PACKING pc=0x0000020ab9580ad5 sp=0x000000cb174fe0c0
Event: 3.145 Thread 0x0000020adf7e6eb0 DEOPT UNPACKING pc=0x0000020ab8a8e23f sp=0x000000cb174fd708 mode 0
Event: 3.155 Thread 0x0000020adf7e6eb0 DEOPT PACKING pc=0x0000020ab956e4ff sp=0x000000cb174fe0c0
Event: 3.155 Thread 0x0000020adf7e6eb0 DEOPT UNPACKING pc=0x0000020ab8a8e23f sp=0x000000cb174fd708 mode 0
Event: 3.344 Thread 0x0000020adf7e6eb0 DEOPT PACKING pc=0x0000020ab955ab6a sp=0x000000cb174fe220
Event: 3.344 Thread 0x0000020adf7e6eb0 DEOPT UNPACKING pc=0x0000020ab8a8e23f sp=0x000000cb174fd750 mode 0
Event: 4.063 Thread 0x0000020adf7e6eb0 Uncommon trap: trap_request=0xffffff5c fr.pc=0x0000020ac06d7458 relative=0x0000000000000058
Event: 4.063 Thread 0x0000020adf7e6eb0 Uncommon trap: reason=speculate_null_check action=make_not_entrant pc=0x0000020ac06d7458 method=sun.misc.Unsafe.putLong(Ljava/lang/Object;JJ)V @ 7 c2
Event: 4.063 Thread 0x0000020adf7e6eb0 DEOPT PACKING pc=0x0000020ac06d7458 sp=0x000000cb174fe760
Event: 4.063 Thread 0x0000020adf7e6eb0 DEOPT UNPACKING pc=0x0000020ab8a8e42f sp=0x000000cb174fe6d8 mode 2

Classes unloaded (0 events):
No events

Classes redefined (0 events):
No events

Internal exceptions (20 events):
Event: 0.140 Thread 0x0000020adf7e6eb0 Exception <a 'java/lang/NoSuchMethodError'{0x0000000620a2e228}: 'java.lang.Object java.lang.invoke.DirectMethodHandle$Holder.newInvokeSpecial(java.lang.Object, java.lang.Object, java.lang.Object, java.lang.Object, java.lang.Object)'> (0x0000000620a2e228) 
thrown [./open/src/hotspot/share/interpreter/linkResolver.cpp, line 782]
Event: 0.141 Thread 0x0000020adf7e6eb0 Exception <a 'java/lang/NoSuchMethodError'{0x0000000620a39cb8}: 'java.lang.Object java.lang.invoke.DirectMethodHandle$Holder.invokeStatic(java.lang.Object, int, java.lang.Object, java.lang.Object, java.lang.Object, java.lang.Object)'> (0x0000000620a39cb8) 
thrown [./open/src/hotspot/share/interpreter/linkResolver.cpp, line 782]
Event: 0.143 Thread 0x0000020adf7e6eb0 Exception <a 'java/lang/NoSuchMethodError'{0x0000000620a5ff60}: 'java.lang.Object java.lang.invoke.DirectMethodHandle$Holder.invokeStatic(java.lang.Object, int, java.lang.Object)'> (0x0000000620a5ff60) 
thrown [./open/src/hotspot/share/interpreter/linkResolver.cpp, line 782]
Event: 0.158 Thread 0x0000020adf7e6eb0 Exception <a 'java/lang/ClassNotFoundException'{0x0000000620b1adb8}: com/sun/swing/internal/plaf/metal/resources/spi/metalProvider> (0x0000000620b1adb8) 
thrown [./open/src/hotspot/share/classfile/systemDictionary.cpp, line 295]
Event: 0.159 Thread 0x0000020adf7e6eb0 Exception <a 'java/lang/ClassNotFoundException'{0x0000000620b1efc8}: com/sun/swing/internal/plaf/basic/resources/spi/basicProvider> (0x0000000620b1efc8) 
thrown [./open/src/hotspot/share/classfile/systemDictionary.cpp, line 295]
Event: 0.181 Thread 0x0000020adf7e6eb0 Implicit null exception at 0x0000020ac060cb74 to 0x0000020ac060d144
Event: 0.228 Thread 0x0000020adf7e6eb0 Exception <a 'java/lang/NoSuchMethodError'{0x0000000620642378}: 'void java.lang.invoke.DirectMethodHandle$Holder.invokeStatic(java.lang.Object, java.lang.Object)'> (0x0000000620642378) 
thrown [./open/src/hotspot/share/interpreter/linkResolver.cpp, line 782]
Event: 0.228 Thread 0x0000020adf7e6eb0 Exception <a 'java/lang/NoSuchMethodError'{0x0000000620645d80}: 'void java.lang.invoke.DirectMethodHandle$Holder.invokeStaticInit(java.lang.Object, java.lang.Object)'> (0x0000000620645d80) 
thrown [./open/src/hotspot/share/interpreter/linkResolver.cpp, line 782]
Event: 0.232 Thread 0x0000020adf7e6eb0 Exception <a 'java/lang/NoSuchMethodError'{0x0000000620672d00}: 'java.lang.Object java.lang.invoke.DirectMethodHandle$Holder.invokeStaticInit(java.lang.Object, int, int, int, int)'> (0x0000000620672d00) 
thrown [./open/src/hotspot/share/interpreter/linkResolver.cpp, line 782]
Event: 0.259 Thread 0x0000020adf7e6eb0 Exception <a 'java/lang/NoSuchMethodError'{0x00000006206d8640}: 'java.lang.Object java.lang.invoke.DirectMethodHandle$Holder.invokeStaticInit(java.lang.Object, java.lang.Object, int, int, int, int)'> (0x00000006206d8640) 
thrown [./open/src/hotspot/share/interpreter/linkResolver.cpp, line 782]
Event: 0.274 Thread 0x0000020adf7e6eb0 Exception <a 'java/lang/NoSuchMethodError'{0x00000006206e9058}: 'void java.lang.invoke.DirectMethodHandle$Holder.invokeStatic(java.lang.Object, long)'> (0x00000006206e9058) 
thrown [./open/src/hotspot/share/interpreter/linkResolver.cpp, line 782]
Event: 0.275 Thread 0x0000020adf7e6eb0 Exception <a 'java/lang/NoSuchMethodError'{0x00000006206ee930}: 'java.lang.Object java.lang.invoke.DirectMethodHandle$Holder.newInvokeSpecial(java.lang.Object, long)'> (0x00000006206ee930) 
thrown [./open/src/hotspot/share/interpreter/linkResolver.cpp, line 782]
Event: 0.276 Thread 0x0000020adf7e6eb0 Exception <a 'java/lang/NoSuchMethodError'{0x00000006206f9458}: 'java.lang.Object java.lang.invoke.DirectMethodHandle$Holder.invokeStaticInit(java.lang.Object, java.lang.Object, long, java.lang.Object)'> (0x00000006206f9458) 
thrown [./open/src/hotspot/share/interpreter/linkResolver.cpp, line 782]
Event: 0.276 Thread 0x0000020adf7e6eb0 Exception <a 'java/lang/NoSuchMethodError'{0x00000006206ffe80}: 'java.lang.Object java.lang.invoke.DirectMethodHandle$Holder.newInvokeSpecial(java.lang.Object, java.lang.Object, long)'> (0x00000006206ffe80) 
thrown [./open/src/hotspot/share/interpreter/linkResolver.cpp, line 782]
Event: 0.276 Thread 0x0000020adf7e6eb0 Exception <a 'java/lang/NoSuchMethodError'{0x0000000620703bf0}: 'java.lang.Object java.lang.invoke.Invokers$Holder.linkToTargetMethod(java.lang.Object, long, java.lang.Object)'> (0x0000000620703bf0) 
thrown [./open/src/hotspot/share/interpreter/linkResolver.cpp, line 782]
Event: 1.238 Thread 0x0000020adf7e6eb0 Implicit null exception at 0x0000020ac062902b to 0x0000020ac06292a8
Event: 1.261 Thread 0x0000020adf7e6eb0 Exception <a 'java/lang/NoSuchMethodError'{0x0000000620448080}: 'void java.lang.invoke.DirectMethodHandle$Holder.invokeStaticInit(java.lang.Object)'> (0x0000000620448080) 
thrown [./open/src/hotspot/share/interpreter/linkResolver.cpp, line 782]
Event: 1.274 Thread 0x0000020adfcad730 Exception <a 'java/lang/NoSuchMethodError'{0x0000000620530dc8}: 'java.lang.Object java.lang.invoke.DirectMethodHandle$Holder.newInvokeSpecial(java.lang.Object, java.lang.Object, java.lang.Object, int, int, int, int, int)'> (0x0000000620530dc8) 
thrown [./open/src/hotspot/share/interpreter/linkResolver.cpp, line 782]
Event: 1.299 Thread 0x0000020adf7e6eb0 Exception <a 'java/lang/NoSuchMethodError'{0x00000006206b08a0}: 'java.lang.Object java.lang.invoke.DirectMethodHandle$Holder.invokeInterface(java.lang.Object, java.lang.Object)'> (0x00000006206b08a0) 
thrown [./open/src/hotspot/share/interpreter/linkResolver.cpp, line 782]
Event: 2.700 Thread 0x0000020adf7e6eb0 Exception <a 'java/lang/NoSuchMethodError'{0x000000060b842d90}: 'double java.lang.invoke.DirectMethodHandle$Holder.invokeStatic(java.lang.Object, java.lang.Object)'> (0x000000060b842d90) 
thrown [./open/src/hotspot/share/interpreter/linkResolver.cpp, line 782]

Events (20 events):
Event: 4.076 Executing VM operation: HandshakeAllThreads done
Event: 4.399 Loaded shared library C:\Users\Diego\AppData\Local\Temp\jogamp_0000\file_cache\jln11546807479526492962\jln10017099077878216400\natives\windows-amd64\jogl_desktop.dll
Event: 5.048 loading class sun/awt/DebugSettings
Event: 5.049 loading class sun/awt/DebugSettings done
Event: 5.049 loading class javax/swing/JComponent$KeyboardState
Event: 5.049 loading class javax/swing/JComponent$KeyboardState done
Event: 5.049 loading class javax/swing/JComponent$IntVector
Event: 5.049 loading class javax/swing/JComponent$IntVector done
Event: 5.049 loading class javax/swing/JInternalFrame
Event: 5.050 loading class javax/swing/JInternalFrame done
Event: 5.050 loading class javax/swing/KeyboardManager
Event: 5.050 loading class javax/swing/KeyboardManager done
Event: 5.050 loading class javax/swing/Popup$HeavyWeightWindow
Event: 5.051 loading class sun/awt/ModalExclude
Event: 5.051 loading class sun/awt/ModalExclude done
Event: 5.051 loading class javax/swing/JWindow
Event: 5.051 loading class javax/swing/JWindow done
Event: 5.051 loading class javax/swing/Popup$HeavyWeightWindow done
Event: 5.079 Executing VM operation: HandshakeAllThreads
Event: 5.079 Executing VM operation: HandshakeAllThreads done


Dynamic libraries:
0x00007ff649230000 - 0x00007ff64923f000 	C:\Program Files\Java\jdk-15.0.2\bin\java.exe
0x00007ffcde1d0000 - 0x00007ffcde3c8000 	C:\WINDOWS\SYSTEM32\ntdll.dll
0x00007ffcdc5d0000 - 0x00007ffcdc692000 	C:\WINDOWS\System32\KERNEL32.DLL
0x00007ffcdbba0000 - 0x00007ffcdbe9e000 	C:\WINDOWS\System32\KERNELBASE.dll
0x00007ffcdb910000 - 0x00007ffcdba10000 	C:\WINDOWS\System32\ucrtbase.dll
0x00007ffcc4940000 - 0x00007ffcc4959000 	C:\Program Files\Java\jdk-15.0.2\bin\VCRUNTIME140.dll
0x00007ffcc3c40000 - 0x00007ffcc3c58000 	C:\Program Files\Java\jdk-15.0.2\bin\jli.dll
0x00007ffcdc390000 - 0x00007ffcdc442000 	C:\WINDOWS\System32\ADVAPI32.dll
0x00007ffcdc9f0000 - 0x00007ffcdca8e000 	C:\WINDOWS\System32\msvcrt.dll
0x00007ffcdc950000 - 0x00007ffcdc9f0000 	C:\WINDOWS\System32\sechost.dll
0x00007ffcdc6a0000 - 0x00007ffcdc7c3000 	C:\WINDOWS\System32\RPCRT4.dll
0x00007ffcdbb70000 - 0x00007ffcdbb97000 	C:\WINDOWS\System32\bcrypt.dll
0x00007ffcdcbc0000 - 0x00007ffcdcd5d000 	C:\WINDOWS\System32\USER32.dll
0x00007ffcdc0c0000 - 0x00007ffcdc0e2000 	C:\WINDOWS\System32\win32u.dll
0x00007ffcc4f00000 - 0x00007ffcc519a000 	C:\WINDOWS\WinSxS\amd64_microsoft.windows.common-controls_6595b64144ccf1df_6.0.19041.4355_none_60b8b9eb71f62e16\COMCTL32.dll
0x00007ffcdc460000 - 0x00007ffcdc48b000 	C:\WINDOWS\System32\GDI32.dll
0x00007ffcdbfa0000 - 0x00007ffcdc0b7000 	C:\WINDOWS\System32\gdi32full.dll
0x00007ffcdb870000 - 0x00007ffcdb90d000 	C:\WINDOWS\System32\msvcp_win.dll
0x00007ffcd49c0000 - 0x00007ffcd49ca000 	C:\WINDOWS\SYSTEM32\VERSION.dll
0x00007ffcdc830000 - 0x00007ffcdc85f000 	C:\WINDOWS\System32\IMM32.DLL
0x00007ffcd7a20000 - 0x00007ffcd7a2c000 	C:\Program Files\Java\jdk-15.0.2\bin\vcruntime140_1.dll
0x00007ffca8730000 - 0x00007ffca87c1000 	C:\Program Files\Java\jdk-15.0.2\bin\msvcp140.dll
0x00007ffc782c0000 - 0x00007ffc78e1e000 	C:\Program Files\Java\jdk-15.0.2\bin\server\jvm.dll
0x00007ffcdcdc0000 - 0x00007ffcdcdc8000 	C:\WINDOWS\System32\PSAPI.DLL
0x00007ffcb8a70000 - 0x00007ffcb8a79000 	C:\WINDOWS\SYSTEM32\WSOCK32.dll
0x00007ffccf280000 - 0x00007ffccf2a7000 	C:\WINDOWS\SYSTEM32\WINMM.dll
0x00007ffcde040000 - 0x00007ffcde0ab000 	C:\WINDOWS\System32\WS2_32.dll
0x00007ffcda0a0000 - 0x00007ffcda0b2000 	C:\WINDOWS\SYSTEM32\kernel.appcore.dll
0x00007ffcd76c0000 - 0x00007ffcd76ca000 	C:\Program Files\Java\jdk-15.0.2\bin\jimage.dll
0x00007ffcd9410000 - 0x00007ffcd95f4000 	C:\WINDOWS\SYSTEM32\DBGHELP.DLL
0x00007ffcad550000 - 0x00007ffcad584000 	C:\WINDOWS\SYSTEM32\dbgcore.DLL
0x00007ffcdbf10000 - 0x00007ffcdbf92000 	C:\WINDOWS\System32\bcryptPrimitives.dll
0x00007ffcc23f0000 - 0x00007ffcc2415000 	C:\Program Files\Java\jdk-15.0.2\bin\java.dll
0x00007ffcdd3c0000 - 0x00007ffcddb2f000 	C:\WINDOWS\System32\SHELL32.dll
0x00007ffcd9880000 - 0x00007ffcda024000 	C:\WINDOWS\SYSTEM32\windows.storage.dll
0x00007ffcddce0000 - 0x00007ffcde033000 	C:\WINDOWS\System32\combase.dll
0x00007ffcdb2a0000 - 0x00007ffcdb2ce000 	C:\WINDOWS\SYSTEM32\Wldp.dll
0x00007ffcdcdd0000 - 0x00007ffcdce9d000 	C:\WINDOWS\System32\OLEAUT32.dll
0x00007ffcdcea0000 - 0x00007ffcdcf4d000 	C:\WINDOWS\System32\SHCORE.dll
0x00007ffcdc890000 - 0x00007ffcdc8e5000 	C:\WINDOWS\System32\shlwapi.dll
0x00007ffcdb7a0000 - 0x00007ffcdb7c4000 	C:\WINDOWS\SYSTEM32\profapi.dll
0x00007ffcc3c20000 - 0x00007ffcc3c39000 	C:\Program Files\Java\jdk-15.0.2\bin\net.dll
0x00007ffcd4320000 - 0x00007ffcd442d000 	C:\WINDOWS\SYSTEM32\WINHTTP.dll
0x00007ffcdafb0000 - 0x00007ffcdb01a000 	C:\WINDOWS\system32\mswsock.dll
0x00007ffcc26f0000 - 0x00007ffcc2702000 	C:\Program Files\Java\jdk-15.0.2\bin\nio.dll
0x00007ffcc24a0000 - 0x00007ffcc24b8000 	C:\Program Files\Java\jdk-15.0.2\bin\zip.dll
0x00007ffc83160000 - 0x00007ffc832e0000 	C:\Program Files\Java\jdk-15.0.2\bin\awt.dll
0x00007ffcd7c60000 - 0x00007ffcd7cf4000 	C:\WINDOWS\SYSTEM32\apphelp.dll
0x00007ffcd8380000 - 0x00007ffcd841e000 	C:\WINDOWS\system32\uxtheme.dll
0x00007ffcdc270000 - 0x00007ffcdc385000 	C:\WINDOWS\System32\MSCTF.dll
0x00007ffcdca90000 - 0x00007ffcdcbbb000 	C:\WINDOWS\System32\ole32.dll
0x00007ffcd8700000 - 0x00007ffcd872f000 	C:\WINDOWS\system32\DWMAPI.DLL
0x00007ffccf4f0000 - 0x00007ffccf500000 	C:\Program Files\Java\jdk-15.0.2\bin\verify.dll
0x00007ffcdb1d0000 - 0x00007ffcdb1e8000 	C:\WINDOWS\SYSTEM32\CRYPTSP.dll
0x00007ffcda810000 - 0x00007ffcda844000 	C:\WINDOWS\system32\rsaenh.dll
0x00007ffcdb760000 - 0x00007ffcdb78e000 	C:\WINDOWS\SYSTEM32\USERENV.dll
0x00007ffcdb1f0000 - 0x00007ffcdb1fc000 	C:\WINDOWS\SYSTEM32\CRYPTBASE.dll
0x00007ffcdac30000 - 0x00007ffcdac6b000 	C:\WINDOWS\SYSTEM32\IPHLPAPI.DLL
0x00007ffcdc450000 - 0x00007ffcdc458000 	C:\WINDOWS\System32\NSI.dll
0x00007ffcd51b0000 - 0x00007ffcd51c7000 	C:\WINDOWS\SYSTEM32\dhcpcsvc6.DLL
0x00007ffcd5010000 - 0x00007ffcd502d000 	C:\WINDOWS\SYSTEM32\dhcpcsvc.DLL
0x00007ffcdac70000 - 0x00007ffcdad3a000 	C:\WINDOWS\SYSTEM32\DNSAPI.dll
0x00007ffcbe7d0000 - 0x00007ffcbe7e3000 	C:\Users\Diego\AppData\Local\Temp\jogamp_0000\file_cache\jln11546807479526492962\jln10017099077878216400\natives\windows-amd64\gluegen_rt.dll
0x00007ffcc4a40000 - 0x00007ffcc4a47000 	C:\Program Files\Java\jdk-15.0.2\bin\jawt.dll
0x00007ffcc4930000 - 0x00007ffcc493d000 	C:\Users\Diego\AppData\Local\Temp\jogamp_0000\file_cache\jln11546807479526492962\jln10017099077878216400\natives\windows-amd64\nativewindow_awt.dll
0x00007ffc4bc30000 - 0x00007ffc4bd58000 	C:\WINDOWS\system32\opengl32.dll
0x00007ffc4a420000 - 0x00007ffc4a44c000 	C:\WINDOWS\SYSTEM32\GLU32.dll
0x00007ffc806a0000 - 0x00007ffc80871000 	C:\WINDOWS\system32\d3d9.dll
0x00007ffcce5f0000 - 0x00007ffcce6b1000 	C:\WINDOWS\System32\DriverStore\FileRepository\nv_dispig.inf_amd64_0afec3f2050014a0\nvldumdx.dll
0x00007ffcdb430000 - 0x00007ffcdb442000 	C:\WINDOWS\SYSTEM32\msasn1.dll
0x00007ffcd46a0000 - 0x00007ffcd46d1000 	C:\WINDOWS\SYSTEM32\cryptnet.dll
0x00007ffcdba10000 - 0x00007ffcdbb6c000 	C:\WINDOWS\System32\CRYPT32.dll
0x00007ffcd3a10000 - 0x00007ffcd3b57000 	C:\WINDOWS\SYSTEM32\drvstore.dll
0x00007ffcdb600000 - 0x00007ffcdb633000 	C:\WINDOWS\SYSTEM32\devobj.dll
0x00007ffcdc1a0000 - 0x00007ffcdc1ee000 	C:\WINDOWS\System32\cfgmgr32.dll
0x00007ffcdbea0000 - 0x00007ffcdbf09000 	C:\WINDOWS\System32\wintrust.dll
0x00007ffcdc870000 - 0x00007ffcdc88d000 	C:\WINDOWS\System32\imagehlp.dll
0x00007ffccba40000 - 0x00007ffccda2e000 	C:\WINDOWS\System32\DriverStore\FileRepository\nv_dispig.inf_amd64_0afec3f2050014a0\nvgpucomp64.dll
0x00007ffc76620000 - 0x00007ffc780b4000 	C:\WINDOWS\System32\DriverStore\FileRepository\nv_dispig.inf_amd64_0afec3f2050014a0\nvd3dumx.dll
0x00007ffcda070000 - 0x00007ffcda093000 	C:\WINDOWS\SYSTEM32\gpapi.dll
0x00007ffc80540000 - 0x00007ffc80695000 	C:\WINDOWS\System32\DriverStore\FileRepository\nv_dispig.inf_amd64_0afec3f2050014a0\nvppex.dll
0x00007ffcceb40000 - 0x00007ffcceb7b000 	C:\WINDOWS\SYSTEM32\dxcore.dll
0x00007ffcbe0f0000 - 0x00007ffcbe105000 	C:\Users\Diego\AppData\Local\Temp\jogamp_0000\file_cache\jln11546807479526492962\jln10017099077878216400\natives\windows-amd64\nativewindow_win32.dll
0x00007ffca86a0000 - 0x00007ffca8723000 	C:\Users\Diego\AppData\Local\Temp\jogamp_0000\file_cache\jln11546807479526492962\jln10017099077878216400\natives\windows-amd64\jogl_desktop.dll
0x00007ffcad980000 - 0x00007ffcad9d2000 	C:\Users\Diego\AppData\Local\Temp\jogamp_0000\file_cache\jln11546807479526492962\jln10017099077878216400\natives\windows-amd64\jogl_mobile.dll
0x00007ffcdc490000 - 0x00007ffcdc539000 	C:\WINDOWS\System32\clbcatq.dll
0x00007ffcd4ca0000 - 0x00007ffcd4da2000 	C:\Windows\System32\AppXDeploymentClient.dll
0x00007ffc47e30000 - 0x00007ffc4a418000 	C:\WINDOWS\System32\DriverStore\FileRepository\nv_dispig.inf_amd64_0afec3f2050014a0\nvoglv64.dll
0x00007ffcdcf50000 - 0x00007ffcdd3be000 	C:\WINDOWS\System32\SETUPAPI.dll
0x00007ffcd7810000 - 0x00007ffcd7824000 	C:\WINDOWS\SYSTEM32\WTSAPI32.dll
0x00007ffcdaac0000 - 0x00007ffcdaaf3000 	C:\WINDOWS\SYSTEM32\ntmarta.dll
0x00007ffcdaf60000 - 0x00007ffcdafab000 	C:\WINDOWS\SYSTEM32\powrprof.dll
0x00007ffcdaeb0000 - 0x00007ffcdaec2000 	C:\WINDOWS\SYSTEM32\UMPDC.dll
0x00007ffcdaa60000 - 0x00007ffcdaabb000 	C:\WINDOWS\SYSTEM32\WINSTA.dll
0x00007ffca8610000 - 0x00007ffca8695000 	C:\Program Files\Java\jdk-15.0.2\bin\freetype.dll
0x00007ffca81f0000 - 0x00007ffca8299000 	C:\Program Files\Java\jdk-15.0.2\bin\fontmanager.dll
0x00007ffcce2e0000 - 0x00007ffcce3d9000 	C:\WINDOWS\SYSTEM32\textinputframework.dll
0x00007ffcd7280000 - 0x00007ffcd7372000 	C:\WINDOWS\System32\CoreMessaging.dll
0x00007ffcd6a90000 - 0x00007ffcd6deb000 	C:\WINDOWS\System32\CoreUIComponents.dll
0x00007ffcd7b00000 - 0x00007ffcd7c57000 	C:\WINDOWS\SYSTEM32\wintypes.dll
0x00007ffcc4e90000 - 0x00007ffcc4ef6000 	C:\WINDOWS\system32\Oleacc.dll

dbghelp: loaded successfully - version: 4.0.5 - missing functions: none
symbol engine: initialized successfully - sym options: 0x614 - pdb path: .;C:\Program Files\Java\jdk-15.0.2\bin;C:\WINDOWS\SYSTEM32;C:\WINDOWS\WinSxS\amd64_microsoft.windows.common-controls_6595b64144ccf1df_6.0.19041.4355_none_60b8b9eb71f62e16;C:\Program Files\Java\jdk-15.0.2\bin\server;C:\Users\Diego\AppData\Local\Temp\jogamp_0000\file_cache\jln11546807479526492962\jln10017099077878216400\natives\windows-amd64;C:\WINDOWS\System32\DriverStore\FileRepository\nv_dispig.inf_amd64_0afec3f2050014a0

VM Arguments:
jvm_args: -Dfile.encoding=UTF-8 
java_command: mampos.Mampos
java_class_path (initial): C:\tesisEstructural\gson-2.11.0.jar;C:\tesisEstructural\pdf4j-icepdf-core-6.1.1.jar;C:\tesisEstructural\pdf4j-icepdf-viewer-6.1.1.jar;C:\tesisEstructural\sqlite-jdbc-3.46.1.3.jar;C:\tesisEstructural\UJMP\ujmp-complete-0.3.0.jar;C:\tesisEstructural\JOGL\JOML\joml-1.10.7.jar;C:\tesisEstructural\JOGL\jogamp-all-platforms\jar\gluegen-rt.jar;C:\tesisEstructural\JOGL\jogamp-all-platforms\jar\jogl-all.jar;C:\tesisEstructural\df_1.1.3p1\dock\bin\docking-frames-common.jar;C:\tesisEstructural\df_1.1.3p1\dock\bin\docking-frames-core.jar;C:\tesisEstructural\Mampos\build\classes
Launcher Type: SUN_STANDARD

[Global flags]
     intx CICompilerCount                          = 12                                        {product} {ergonomic}
     uint ConcGCThreads                            = 3                                         {product} {ergonomic}
     uint G1ConcRefinementThreads                  = 13                                        {product} {ergonomic}
   size_t G1HeapRegionSize                         = 4194304                                   {product} {ergonomic}
    uintx GCDrainStackTargetSize                   = 64                                        {product} {ergonomic}
   size_t InitialHeapSize                          = 536870912                                 {product} {ergonomic}
   size_t MarkStackSize                            = 4194304                                   {product} {ergonomic}
   size_t MaxHeapSize                              = 8573157376                                {product} {ergonomic}
   size_t MaxNewSize                               = 5142216704                                {product} {ergonomic}
   size_t MinHeapDeltaBytes                        = 4194304                                   {product} {ergonomic}
   size_t MinHeapSize                              = 8388608                                   {product} {ergonomic}
    uintx NonNMethodCodeHeapSize                   = 7602480                                {pd product} {ergonomic}
    uintx NonProfiledCodeHeapSize                  = 122027880                              {pd product} {ergonomic}
    uintx ProfiledCodeHeapSize                     = 122027880                              {pd product} {ergonomic}
    uintx ReservedCodeCacheSize                    = 251658240                              {pd product} {ergonomic}
     bool SegmentedCodeCache                       = true                                      {product} {ergonomic}
   size_t SoftMaxHeapSize                          = 8573157376                             {manageable} {ergonomic}
     bool UseCompressedClassPointers               = true                                 {lp64_product} {ergonomic}
     bool UseCompressedOops                        = true                                 {lp64_product} {ergonomic}
     bool UseG1GC                                  = true                                      {product} {ergonomic}
     bool UseLargePagesIndividualAllocation        = false                                  {pd product} {ergonomic}

Logging:
Log output configuration:
 #0: stdout all=warning uptime,level,tags
 #1: stderr all=off uptime,level,tags

Environment Variables:
JAVA_HOME=C:\Program Files\Java\jdk-15.0.2
PATH=C:\Program Files (x86)\VMware\VMware Workstation\bin\;C:\Program Files (x86)\Common Files\Intel\Shared Libraries\redist\intel64_win\compiler;C:\Python311\Scripts\;C:\Python311\;C:\Program Files\Microsoft\jdk-11.0.16.101-hotspot\bin;C:\Program Files\BellSoft\LibericaJDK-17-Full\bin\;C:\ProgramData\Oracle\Java\javapath;C:\Program Files\Common Files\Oracle\Java\javapath;C:\Program Files (x86)\Common Files\Oracle\Java\java8path;C:\Program Files (x86)\Common Files\Oracle\Java\javapath;C:\Program Files (x86)\NVIDIA Corporation\PhysX\Common;C:\Program Files (x86)\Common Files\Intel\Shared Libraries\redist\intel64\compiler;C:\WINDOWS\system32;C:\WINDOWS;C:\WINDOWS\System32\Wbem;C:\WINDOWS\System32\WindowsPowerShell\v1.0\;C:\WINDOWS\System32\OpenSSH\;C:\Program Files\Microsoft SQL Server\120\Tools\Binn\;C:\Program Files\Common Files\Autodesk Shared\;C:\Program Files\Microsoft SQL Server\Client SDK\ODBC\110\Tools\Binn\;C:\Program Files (x86)\Microsoft SQL Server\120\Tools\Binn\;C:\Program Files\Microsoft SQL Server\120\DTS\Binn\;C:\Program Files (x86)\Windows Kits\8.1\Windows Performance Toolkit\;C:\Program Files (x86)\Common Files\Autodesk Shared\Advance\;C:\Program Files (x86)\Microsoft SQL Server\90\Tools\binn\;C:\Program Files\Git\cmd;C:\Program Files\PostgreSQL\15\bin;C:\Program Files\Microsoft SQL Server\150\Tools\Binn\;C:\Program Files\Common Files\Autodesk Shared\Advance\;C:\Program Files\dotnet\;C:\Program Files\Docker\Docker\resources\bin;C:\Program Files (x86)\cloudflared\.;C:\Program Files\nodejs\;C:\ProgramData\chocolatey\bin;C:\tools\Manim\Scripts;C:\Program Files\MiKTeX\miktex\bin\x64\;C:\Program Files\Calibre2\;C:\Program Files\Graphviz\bin;C:\Users\Diego\.cargo\bin;C:\Users\Diego\AppData\Local\Programs\Python\Python38\Scripts\;C:\Users\Diego\AppData\Local\Programs\Python\Python38\;C:\Users\Diego\AppData\Local\Programs\Python\Python38-32\Scripts\;C:\Users\Diego\AppData\Local\Programs\Python\Python38-32\;C:\Users\Diego\AppData\Local\Microsoft\WindowsApps;C:\U
USERNAME=Diego
OS=Windows_NT
PROCESSOR_IDENTIFIER=AMD64 Family 23 Model 113 Stepping 0, AuthenticAMD



---------------  S Y S T E M  ---------------

OS:
 Windows 10 , 64 bit Build 19041 (10.0.19041.4957)
OS uptime: 0 days 6:27 hours
HyperV virtualization detected

CPU: total 16 (initial active 16) (16 cores per cpu, 2 threads per core) family 23 model 113 stepping 0 microcode 0x0, cmov, cx8, fxsr, mmx, sse, sse2, sse3, ssse3, sse4.1, sse4.2, popcnt, vzeroupper, avx, avx2, aes, clmul, 3dnowpref, lzcnt, sse4a, ht, tsc, tscinvbit, tscinv, bmi1, bmi2, adx, sha, fma, clflush, clflushopt

Memory: 4k page, system-wide physical 32689M (19756M free)
TotalPageFile size 37553M (AvailPageFile size 22735M)
current process WorkingSet (physical memory assigned to process): 347M, peak: 386M
current process commit charge ("private bytes"): 582M, peak: 733M

vm_info: Java HotSpot(TM) 64-Bit Server VM (15.0.2+7-27) for windows-amd64 JRE (15.0.2+7-27), built on Dec  7 2020 20:07:01 by "mach5one" with unknown MS VC++:1925

END.
