#
# A fatal error has been detected by the Java Runtime Environment:
#
#  EXCEPTION_ACCESS_VIOLATION (0xc0000005) at pc=0x000002154f47fe40, pid=4728, tid=23880
#
# JRE version: Java(TM) SE Runtime Environment (15.0.2+7) (build 15.0.2+7-27)
# Java VM: Java HotSpot(TM) 64-Bit Server VM (15.0.2+7-27, mixed mode, sharing, tiered, compressed oops, g1 gc, windows-amd64)
# Problematic frame:
# C  0x000002154f47fe40
#
# No core dump will be written. Minidumps are not enabled by default on client versions of Windows
#
# If you would like to submit a bug report, please visit:
#   https://bugreport.java.com/bugreport/crash.jsp
# The crash happened outside the Java Virtual Machine in native code.
# See problematic frame for where to report the bug.
#

---------------  S U M M A R Y ------------

Command Line: -Dfile.encoding=UTF-8 --module-path=C:\GD\Mampos\Mampos\build\classes mampos.Mampos --add-exports java.base/java.lang=ALL-UNNAMED --add-exports java.desktop/sun.awt=ALL-UNNAMED --add-exports java.desktop/sun.java2d=ALL-UNNAMED

Host: AMD Ryzen 7 3700X 8-Core Processor             , 16 cores, 31G,  Windows 10 , 64 bit Build 19041 (10.0.19041.4717)
Time: Tue Sep  3 22:02:08 2024 Hora estándar, América Central elapsed time: 3.063266 seconds (0d 0h 0m 3s)

---------------  T H R E A D  ---------------

Current thread (0x0000021545a11410):  JavaThread "AWT-EventQueue-0" [_thread_in_native, id=23880, stack(0x00000036ebf00000,0x00000036ec000000)]

Stack: [0x00000036ebf00000,0x00000036ec000000],  sp=0x00000036ebffdfa0,  free space=1015k
Native frames: (J=compiled Java code, j=interpreted, Vv=VM code, C=native code)
C  0x000002154f47fe40

Java frames: (J=compiled Java code, j=interpreted, Vv=VM code)
j  jogamp.opengl.gl4.GL4bcImpl.dispatch_glDrawArrays1(IIIJ)V+0
j  jogamp.opengl.gl4.GL4bcImpl.glDrawArrays(III)V+45
j  components.ControladorDeCotas.dibujarCotas(Lcom/jogamp/opengl/GL4;[III)V+53
j  rendering.Planta.display(Lcom/jogamp/opengl/GLAutoDrawable;)V+306
j  jogamp.opengl.GLDrawableHelper.displayImpl(Lcom/jogamp/opengl/GLAutoDrawable;)V+62
j  jogamp.opengl.GLDrawableHelper.display(Lcom/jogamp/opengl/GLAutoDrawable;)V+2
j  com.jogamp.opengl.awt.GLCanvas$10.run()V+118
j  jogamp.opengl.GLDrawableHelper.invokeGLImpl(Lcom/jogamp/opengl/GLDrawable;Lcom/jogamp/opengl/GLContext;Ljava/lang/Runnable;Ljava/lang/Runnable;)V+205
j  jogamp.opengl.GLDrawableHelper.invokeGL(Lcom/jogamp/opengl/GLDrawable;Lcom/jogamp/opengl/GLContext;Ljava/lang/Runnable;Ljava/lang/Runnable;)V+75
j  com.jogamp.opengl.awt.GLCanvas$11.run()V+104
j  java.awt.event.InvocationEvent.dispatch()V+11 java.desktop@15.0.2
j  java.awt.EventQueue.dispatchEventImpl(Ljava/awt/AWTEvent;Ljava/lang/Object;)V+21 java.desktop@15.0.2
j  java.awt.EventQueue$4.run()Ljava/lang/Void;+32 java.desktop@15.0.2
j  java.awt.EventQueue$4.run()Ljava/lang/Object;+1 java.desktop@15.0.2
J 884 c1 java.security.AccessController.executePrivileged(Ljava/security/PrivilegedAction;Ljava/security/AccessControlContext;Ljava/lang/Class;)Ljava/lang/Object; java.base@15.0.2 (65 bytes) @ 0x000002151f3ce744 [0x000002151f3ce5e0+0x0000000000000164]
j  java.security.AccessController.doPrivileged(Ljava/security/PrivilegedAction;Ljava/security/AccessControlContext;)Ljava/lang/Object;+13 java.base@15.0.2
j  java.security.ProtectionDomain$JavaSecurityAccessImpl.doIntersectionPrivilege(Ljava/security/PrivilegedAction;Ljava/security/AccessControlContext;Ljava/security/AccessControlContext;)Ljava/lang/Object;+18 java.base@15.0.2
j  java.awt.EventQueue.dispatchEvent(Ljava/awt/AWTEvent;)V+46 java.desktop@15.0.2
j  java.awt.EventDispatchThread.pumpOneEventForFilters(I)V+78 java.desktop@15.0.2
j  java.awt.EventDispatchThread.pumpEventsForFilter(ILjava/awt/Conditional;Ljava/awt/EventFilter;)V+35 java.desktop@15.0.2
j  java.awt.EventDispatchThread.pumpEventsForHierarchy(ILjava/awt/Conditional;Ljava/awt/Component;)V+11 java.desktop@15.0.2
j  java.awt.EventDispatchThread.pumpEvents(ILjava/awt/Conditional;)V+4 java.desktop@15.0.2
j  java.awt.EventDispatchThread.pumpEvents(Ljava/awt/Conditional;)V+3 java.desktop@15.0.2
j  java.awt.EventDispatchThread.run()V+9 java.desktop@15.0.2
v  ~StubRoutines::call_stub

siginfo: EXCEPTION_ACCESS_VIOLATION (0xc0000005), reading address 0x0000000000000000


Register to memory mapping:

RIP=0x000002154f47fe40 points into unknown readable memory: 0x893889046e8b3e8b | 8b 3e 8b 6e 04 89 38 89
RAX=0x0000021550bba040 points into unknown readable memory: 0x0000000000000000 | 00 00 00 00 00 00 00 00
RBX=0x00000215517e0000 points into unknown readable memory: 0x000002154dbecfe0 | e0 cf be 4d 15 02 00 00
RCX=0x0 is NULL
RDX=0x0000000000000012 is an unknown value
RSP=0x00000036ebffdfa0 is pointing into the stack for thread: 0x0000021545a11410
RBP=0x000002154e17df00 points into unknown readable memory: 0x0000000000000400 | 00 04 00 00 00 00 00 00
RSI=0x0 is NULL
RDI=0x0 is NULL
R8 =0x0 is NULL
R9 =0x0000000000000012 is an unknown value
R10=0x000002154e17df00 points into unknown readable memory: 0x0000000000000400 | 00 04 00 00 00 00 00 00
R11=0x0 is NULL
R12=0x0 is NULL
R13=0x0 is NULL
R14=0x0000000000000001 is an unknown value
R15=0x0000021550bba040 points into unknown readable memory: 0x0000000000000000 | 00 00 00 00 00 00 00 00


Registers:
RAX=0x0000021550bba040, RBX=0x00000215517e0000, RCX=0x0000000000000000, RDX=0x0000000000000012
RSP=0x00000036ebffdfa0, RBP=0x000002154e17df00, RSI=0x0000000000000000, RDI=0x0000000000000000
R8 =0x0000000000000000, R9 =0x0000000000000012, R10=0x000002154e17df00, R11=0x0000000000000000
R12=0x0000000000000000, R13=0x0000000000000000, R14=0x0000000000000001, R15=0x0000021550bba040
RIP=0x000002154f47fe40, EFLAGS=0x0000000000010206

Top of Stack: (sp=0x00000036ebffdfa0)
0x00000036ebffdfa0:   0000021500000000 0000000000000000
0x00000036ebffdfb0:   0000000000000012 00000215517e0000
0x00000036ebffdfc0:   000002154e17df00 00007ffa8329944c
0x00000036ebffdfd0:   00000215517e0000 000002154e17df00
0x00000036ebffdfe0:   0000000000000012 00000215517e0000
0x00000036ebffdff0:   000002154e623828 0000000000000003
0x00000036ebffe000:   0000000000000012 000002154e623828
0x00000036ebffe010:   0000000000000001 000002154e17df00
0x00000036ebffe020:   0000000000000012 0000000000000000
0x00000036ebffe030:   00000215517e0000 00007ffa83295433
0x00000036ebffe040:   0000021500000000 0000000000000000
0x00000036ebffe050:   0000000000000001 0000000000000012
0x00000036ebffe060:   0000000000000083 00c0000000000000
0x00000036ebffe070:   000002154e623828 000002154e17df00
0x00000036ebffe080:   0000000000000000 00007ffa83295690
0x00000036ebffe090:   0000000000000012 00000215517e0000 

Instructions: (pc=0x000002154f47fe40)
0x000002154f47fd40:   00 00 00 00 00 00 00 00 00 00 00 00 00 00 00 00
0x000002154f47fd50:   00 00 00 00 00 00 00 00 00 00 00 00 00 00 00 00
0x000002154f47fd60:   00 00 00 00 00 00 00 00 00 00 00 00 00 00 00 00
0x000002154f47fd70:   00 00 00 00 00 00 00 00 00 00 00 00 00 00 00 00
0x000002154f47fd80:   00 00 00 00 00 00 00 00 00 00 00 00 00 00 00 00
0x000002154f47fd90:   00 00 00 00 00 00 00 00 00 00 00 00 00 00 00 00
0x000002154f47fda0:   00 00 00 00 00 00 00 00 00 00 00 00 00 00 00 00
0x000002154f47fdb0:   00 00 00 00 00 00 00 00 00 00 00 00 00 00 00 00
0x000002154f47fdc0:   00 00 00 00 00 00 00 00 00 00 00 00 00 00 00 00
0x000002154f47fdd0:   00 00 00 00 00 00 00 00 00 00 00 00 00 00 00 00
0x000002154f47fde0:   00 00 00 00 00 00 00 00 00 00 00 00 00 00 00 00
0x000002154f47fdf0:   00 00 00 00 00 00 00 00 40 ff ff ff c0 fd 00 00
0x000002154f47fe00:   48 83 ec 28 48 89 6c 24 20 48 89 5c 24 18 48 89
0x000002154f47fe10:   74 24 10 48 89 7c 24 08 48 8b d9 48 8b c2 49 8b
0x000002154f47fe20:   c8 49 8b d1 48 be b0 8d 83 51 15 02 00 00 48 8b
0x000002154f47fe30:   36 48 8b b6 08 03 00 00 48 8d 3c 49 48 8d 34 be
0x000002154f47fe40:   8b 3e 8b 6e 04 89 38 89 68 04 8b 7e 08 89 78 08
0x000002154f47fe50:   48 be b0 8d 83 51 15 02 00 00 48 8b 36 48 8b b6
0x000002154f47fe60:   38 03 00 00 48 8d 34 ce 8b 3e 8b 6e 04 89 78 0c
0x000002154f47fe70:   89 68 10 48 83 c0 14 ff c1 ff ca 75 a7 48 8b 7c
0x000002154f47fe80:   24 08 48 8b 74 24 10 48 8b 5c 24 18 48 8b 6c 24
0x000002154f47fe90:   20 48 83 c4 28 c3 00 00 00 00 00 00 00 00 00 00
0x000002154f47fea0:   00 00 00 00 00 00 00 00 00 00 00 00 00 00 00 00
0x000002154f47feb0:   00 00 00 00 00 00 00 00 80 ff ff ff c0 00 00 00
0x000002154f47fec0:   55 48 8b ec 53 56 57 4c 8b da 4c 8b d1 49 8b f2
0x000002154f47fed0:   49 8b fb 41 8b e8 85 ed 0f 84 30 00 00 00 b9 03
0x000002154f47fee0:   00 00 00 0f 8f 05 00 00 00 48 f7 d9 f7 dd 0f b6
0x000002154f47fef0:   5e 02 c1 e3 10 0f b7 16 0b da 48 03 f1 48 83 c7
0x000002154f47ff00:   04 81 e3 ff ff ff 00 ff cd 89 5f fc 75 e0 5f 5e
0x000002154f47ff10:   5b 5d c3 00 00 00 00 00 00 00 00 00 00 00 00 00
0x000002154f47ff20:   00 00 00 00 00 00 00 00 00 00 00 00 00 00 00 00
0x000002154f47ff30:   00 00 00 00 00 00 00 00 c0 ff ff ff 80 00 00 00 


Stack slot to memory mapping:
stack at sp + 0 slots: 0x0000021500000000 is an unknown value
stack at sp + 1 slots: 0x0 is NULL
stack at sp + 2 slots: 0x0000000000000012 is an unknown value
stack at sp + 3 slots: 0x00000215517e0000 points into unknown readable memory: 0x000002154dbecfe0 | e0 cf be 4d 15 02 00 00
stack at sp + 4 slots: 0x000002154e17df00 points into unknown readable memory: 0x0000000000000400 | 00 04 00 00 00 00 00 00
stack at sp + 5 slots: 0x00007ffa8329944c nvoglv64.dll
stack at sp + 6 slots: 0x00000215517e0000 points into unknown readable memory: 0x000002154dbecfe0 | e0 cf be 4d 15 02 00 00
stack at sp + 7 slots: 0x000002154e17df00 points into unknown readable memory: 0x0000000000000400 | 00 04 00 00 00 00 00 00


---------------  P R O C E S S  ---------------

Threads class SMR info:
_java_thread_list=0x000002154e3c9ee0, length=22, elements={
0x0000021544ad6600, 0x0000021544ad71d0, 0x0000021544aecf10, 0x0000021544aef9d0,
0x0000021544af1890, 0x0000021544af5740, 0x0000021544af97e0, 0x0000021544afa2d0,
0x00000215454870f0, 0x000002154548cf90, 0x0000021545565b30, 0x00000215459fe830,
0x00000215459fed00, 0x00000215459ff1d0, 0x0000021545a11410, 0x000002151512ec30,
0x0000021545dc2590, 0x000002154d9590e0, 0x0000021545dc03e0, 0x0000021545dc08b0,
0x0000021545dc1250, 0x0000021545dc1720
}

Java Threads: ( => current thread )
  0x0000021544ad6600 JavaThread "Reference Handler" daemon [_thread_blocked, id=26348, stack(0x00000036eaf00000,0x00000036eb000000)]
  0x0000021544ad71d0 JavaThread "Finalizer" daemon [_thread_blocked, id=25092, stack(0x00000036eb000000,0x00000036eb100000)]
  0x0000021544aecf10 JavaThread "Signal Dispatcher" daemon [_thread_blocked, id=18096, stack(0x00000036eb100000,0x00000036eb200000)]
  0x0000021544aef9d0 JavaThread "Attach Listener" daemon [_thread_blocked, id=28576, stack(0x00000036eb200000,0x00000036eb300000)]
  0x0000021544af1890 JavaThread "Service Thread" daemon [_thread_blocked, id=15520, stack(0x00000036eb300000,0x00000036eb400000)]
  0x0000021544af5740 JavaThread "C2 CompilerThread0" daemon [_thread_blocked, id=29084, stack(0x00000036eb400000,0x00000036eb500000)]
  0x0000021544af97e0 JavaThread "C1 CompilerThread0" daemon [_thread_blocked, id=29432, stack(0x00000036eb500000,0x00000036eb600000)]
  0x0000021544afa2d0 JavaThread "Sweeper thread" daemon [_thread_blocked, id=27016, stack(0x00000036eb600000,0x00000036eb700000)]
  0x00000215454870f0 JavaThread "Common-Cleaner" daemon [_thread_blocked, id=29820, stack(0x00000036eb700000,0x00000036eb800000)]
  0x000002154548cf90 JavaThread "C1 CompilerThread1" daemon [_thread_blocked, id=29808, stack(0x00000036eb800000,0x00000036eb900000)]
  0x0000021545565b30 JavaThread "Notification Thread" daemon [_thread_blocked, id=30224, stack(0x00000036eba00000,0x00000036ebb00000)]
  0x00000215459fe830 JavaThread "Java2D Disposer" daemon [_thread_blocked, id=22328, stack(0x00000036ebc00000,0x00000036ebd00000)]
  0x00000215459fed00 JavaThread "AWT-Shutdown" [_thread_blocked, id=28380, stack(0x00000036ebd00000,0x00000036ebe00000)]
  0x00000215459ff1d0 JavaThread "AWT-Windows" daemon [_thread_in_native, id=30604, stack(0x00000036ebe00000,0x00000036ebf00000)]
=>0x0000021545a11410 JavaThread "AWT-EventQueue-0" [_thread_in_native, id=23880, stack(0x00000036ebf00000,0x00000036ec000000)]
  0x000002151512ec30 JavaThread "DestroyJavaVM" [_thread_blocked, id=29060, stack(0x00000036ea800000,0x00000036ea900000)]
  0x0000021545dc2590 JavaThread "TimerQueue" daemon [_thread_blocked, id=30692, stack(0x00000036eb900000,0x00000036eba00000)]
  0x000002154d9590e0 JavaThread "C1 CompilerThread2" daemon [_thread_blocked, id=24988, stack(0x00000036ec500000,0x00000036ec600000)]
  0x0000021545dc03e0 JavaThread "AWT-EventQueue-0-SharedResourceRunner" daemon [_thread_blocked, id=26588, stack(0x00000036ec600000,0x00000036ec700000)]
  0x0000021545dc08b0 JavaThread "AWT-EventQueue-0-AWTAnimator#00" [_thread_blocked, id=29280, stack(0x00000036ed500000,0x00000036ed600000)]
  0x0000021545dc1250 JavaThread "AWT-EventQueue-0-AWTAnimator#01" [_thread_blocked, id=1112, stack(0x00000036ed600000,0x00000036ed700000)]
  0x0000021545dc1720 JavaThread "D3D Screen Updater" daemon [_thread_blocked, id=11184, stack(0x00000036ed700000,0x00000036ed800000)]

Other Threads:
  0x0000021544ad4d80 VMThread "VM Thread" [stack: 0x00000036eae00000,0x00000036eaf00000] [id=28592]
  0x000002151512fd60 WatcherThread [stack: 0x00000036ebb00000,0x00000036ebc00000] [id=17892]
  0x00000215151a6750 GCTaskThread "GC Thread#0" [stack: 0x00000036ea900000,0x00000036eaa00000] [id=24844]
  0x0000021545d61440 GCTaskThread "GC Thread#1" [stack: 0x00000036eca00000,0x00000036ecb00000] [id=26648]
  0x0000021545d62100 GCTaskThread "GC Thread#2" [stack: 0x00000036ecb00000,0x00000036ecc00000] [id=1156]
  0x0000021545d5ee00 GCTaskThread "GC Thread#3" [stack: 0x00000036ecc00000,0x00000036ecd00000] [id=27728]
  0x0000021545d5f460 GCTaskThread "GC Thread#4" [stack: 0x00000036ecd00000,0x00000036ece00000] [id=19040]
  0x000002154dfcd670 GCTaskThread "GC Thread#5" [stack: 0x00000036ece00000,0x00000036ecf00000] [id=21720]
  0x000002154dfcc680 GCTaskThread "GC Thread#6" [stack: 0x00000036ecf00000,0x00000036ed000000] [id=28272]
  0x000002154dfca9d0 GCTaskThread "GC Thread#7" [stack: 0x00000036ed000000,0x00000036ed100000] [id=20356]
  0x000002154dfcc9b0 GCTaskThread "GC Thread#8" [stack: 0x00000036ed100000,0x00000036ed200000] [id=24124]
  0x000002154dfcb9c0 GCTaskThread "GC Thread#9" [stack: 0x00000036ed200000,0x00000036ed300000] [id=26036]
  0x000002154dfcad00 GCTaskThread "GC Thread#10" [stack: 0x00000036ed300000,0x00000036ed400000] [id=28236]
  0x000002154dfca040 GCTaskThread "GC Thread#11" [stack: 0x00000036ed400000,0x00000036ed500000] [id=26604]
  0x00000215151b7fc0 ConcurrentGCThread "G1 Main Marker" [stack: 0x00000036eaa00000,0x00000036eab00000] [id=30552]
  0x00000215151b8bb0 ConcurrentGCThread "G1 Conc#0" [stack: 0x00000036eab00000,0x00000036eac00000] [id=23072]
  0x00000215449c65a0 ConcurrentGCThread "G1 Refine#0" [stack: 0x00000036eac00000,0x00000036ead00000] [id=28136]
  0x00000215449c6fb0 ConcurrentGCThread "G1 Young RemSet Sampling" [stack: 0x00000036ead00000,0x00000036eae00000] [id=30500]

Threads with active compile tasks:

VM state: not at safepoint (normal execution)

VM Mutex/Monitor currently owned by a thread: None

Heap address: 0x0000000601000000, size: 8176 MB, Compressed Oops mode: Zero based, Oop shift amount: 3
CDS archive(s) mapped at: [0x0000000800000000-0x0000000800b50000-0x0000000800b50000), size 11862016, SharedBaseAddress: 0x0000000800000000, ArchiveRelocationMode: 0.
Compressed class space mapped at: 0x0000000800b50000-0x0000000840b50000, size: 1073741824
Narrow klass base: 0x0000000800000000, Narrow klass shift: 3, Narrow klass range: 0x100000000

GC Precious Log:
 CPUs: 16 total, 16 available
 Memory: 32689M
 Large Page Support: Disabled
 NUMA Support: Disabled
 Compressed Oops: Enabled (Zero based)
 Heap Region Size: 4M
 Heap Min Capacity: 8M
 Heap Initial Capacity: 512M
 Heap Max Capacity: 8176M
 Pre-touch: Disabled
 Parallel Workers: 13
 Concurrent Workers: 3
 Concurrent Refinement Workers: 13
 Periodic GC: Disabled

Heap:
 garbage-first heap   total 524288K, used 54417K [0x0000000601000000, 0x0000000800000000)
  region size 4096K, 6 young (24576K), 2 survivors (8192K)
 Metaspace       used 18849K, capacity 19062K, committed 19456K, reserved 1067008K
  class space    used 1661K, capacity 1726K, committed 1792K, reserved 1048576K

Heap Regions: E=young(eden), S=young(survivor), O=old, HS=humongous(starts), HC=humongous(continues), CS=collection set, F=free, OA=open archive, CA=closed archive, TAMS=top-at-mark-start (previous, next)
|   0|0x0000000601000000, 0x0000000601400000, 0x0000000601400000|100%| O|  |TAMS 0x0000000601000000, 0x0000000601000000| Untracked 
|   1|0x0000000601400000, 0x0000000601800000, 0x0000000601800000|100%| O|  |TAMS 0x0000000601400000, 0x0000000601400000| Untracked 
|   2|0x0000000601800000, 0x0000000601c00000, 0x0000000601c00000|100%| O|  |TAMS 0x0000000601800000, 0x0000000601800000| Untracked 
|   3|0x0000000601c00000, 0x0000000602000000, 0x0000000602000000|100%| O|  |TAMS 0x0000000601c00000, 0x0000000601c00000| Untracked 
|   4|0x0000000602000000, 0x0000000602400000, 0x0000000602400000|100%| O|  |TAMS 0x0000000602000000, 0x0000000602000000| Untracked 
|   5|0x0000000602400000, 0x0000000602800000, 0x0000000602800000|100%| O|  |TAMS 0x0000000602400000, 0x0000000602400000| Untracked 
|   6|0x0000000602800000, 0x0000000602c00000, 0x0000000602c00000|100%| O|  |TAMS 0x0000000602800000, 0x0000000602800000| Untracked 
|   7|0x0000000602c00000, 0x0000000603000000, 0x0000000603000000|100%| O|  |TAMS 0x0000000602c00000, 0x0000000602c00000| Untracked 
|   8|0x0000000603000000, 0x0000000603124600, 0x0000000603400000| 28%| O|  |TAMS 0x0000000603000000, 0x0000000603000000| Untracked 
|   9|0x0000000603400000, 0x0000000603400000, 0x0000000603800000|  0%| F|  |TAMS 0x0000000603400000, 0x0000000603400000| Untracked 
|  10|0x0000000603800000, 0x0000000603800000, 0x0000000603c00000|  0%| F|  |TAMS 0x0000000603800000, 0x0000000603800000| Untracked 
|  11|0x0000000603c00000, 0x0000000603c00000, 0x0000000604000000|  0%| F|  |TAMS 0x0000000603c00000, 0x0000000603c00000| Untracked 
|  12|0x0000000604000000, 0x0000000604000000, 0x0000000604400000|  0%| F|  |TAMS 0x0000000604000000, 0x0000000604000000| Untracked 
|  13|0x0000000604400000, 0x0000000604400000, 0x0000000604800000|  0%| F|  |TAMS 0x0000000604400000, 0x0000000604400000| Untracked 
|  14|0x0000000604800000, 0x0000000604800000, 0x0000000604c00000|  0%| F|  |TAMS 0x0000000604800000, 0x0000000604800000| Untracked 
|  15|0x0000000604c00000, 0x0000000604c00000, 0x0000000605000000|  0%| F|  |TAMS 0x0000000604c00000, 0x0000000604c00000| Untracked 
|  16|0x0000000605000000, 0x0000000605000000, 0x0000000605400000|  0%| F|  |TAMS 0x0000000605000000, 0x0000000605000000| Untracked 
|  17|0x0000000605400000, 0x0000000605400000, 0x0000000605800000|  0%| F|  |TAMS 0x0000000605400000, 0x0000000605400000| Untracked 
|  18|0x0000000605800000, 0x0000000605800000, 0x0000000605c00000|  0%| F|  |TAMS 0x0000000605800000, 0x0000000605800000| Untracked 
|  19|0x0000000605c00000, 0x0000000605c00000, 0x0000000606000000|  0%| F|  |TAMS 0x0000000605c00000, 0x0000000605c00000| Untracked 
|  20|0x0000000606000000, 0x0000000606000000, 0x0000000606400000|  0%| F|  |TAMS 0x0000000606000000, 0x0000000606000000| Untracked 
|  21|0x0000000606400000, 0x0000000606400000, 0x0000000606800000|  0%| F|  |TAMS 0x0000000606400000, 0x0000000606400000| Untracked 
|  22|0x0000000606800000, 0x0000000606800000, 0x0000000606c00000|  0%| F|  |TAMS 0x0000000606800000, 0x0000000606800000| Untracked 
|  23|0x0000000606c00000, 0x0000000606c00000, 0x0000000607000000|  0%| F|  |TAMS 0x0000000606c00000, 0x0000000606c00000| Untracked 
|  24|0x0000000607000000, 0x0000000607000000, 0x0000000607400000|  0%| F|  |TAMS 0x0000000607000000, 0x0000000607000000| Untracked 
|  25|0x0000000607400000, 0x0000000607400000, 0x0000000607800000|  0%| F|  |TAMS 0x0000000607400000, 0x0000000607400000| Untracked 
|  26|0x0000000607800000, 0x0000000607800000, 0x0000000607c00000|  0%| F|  |TAMS 0x0000000607800000, 0x0000000607800000| Untracked 
|  27|0x0000000607c00000, 0x0000000607c00000, 0x0000000608000000|  0%| F|  |TAMS 0x0000000607c00000, 0x0000000607c00000| Untracked 
|  28|0x0000000608000000, 0x0000000608000000, 0x0000000608400000|  0%| F|  |TAMS 0x0000000608000000, 0x0000000608000000| Untracked 
|  29|0x0000000608400000, 0x0000000608400000, 0x0000000608800000|  0%| F|  |TAMS 0x0000000608400000, 0x0000000608400000| Untracked 
|  30|0x0000000608800000, 0x0000000608800000, 0x0000000608c00000|  0%| F|  |TAMS 0x0000000608800000, 0x0000000608800000| Untracked 
|  31|0x0000000608c00000, 0x0000000608c00000, 0x0000000609000000|  0%| F|  |TAMS 0x0000000608c00000, 0x0000000608c00000| Untracked 
|  32|0x0000000609000000, 0x0000000609000000, 0x0000000609400000|  0%| F|  |TAMS 0x0000000609000000, 0x0000000609000000| Untracked 
|  33|0x0000000609400000, 0x0000000609400000, 0x0000000609800000|  0%| F|  |TAMS 0x0000000609400000, 0x0000000609400000| Untracked 
|  34|0x0000000609800000, 0x0000000609800000, 0x0000000609c00000|  0%| F|  |TAMS 0x0000000609800000, 0x0000000609800000| Untracked 
|  35|0x0000000609c00000, 0x0000000609c00000, 0x000000060a000000|  0%| F|  |TAMS 0x0000000609c00000, 0x0000000609c00000| Untracked 
|  36|0x000000060a000000, 0x000000060a000000, 0x000000060a400000|  0%| F|  |TAMS 0x000000060a000000, 0x000000060a000000| Untracked 
|  37|0x000000060a400000, 0x000000060a400000, 0x000000060a800000|  0%| F|  |TAMS 0x000000060a400000, 0x000000060a400000| Untracked 
|  38|0x000000060a800000, 0x000000060a800000, 0x000000060ac00000|  0%| F|  |TAMS 0x000000060a800000, 0x000000060a800000| Untracked 
|  39|0x000000060ac00000, 0x000000060ac00000, 0x000000060b000000|  0%| F|  |TAMS 0x000000060ac00000, 0x000000060ac00000| Untracked 
|  40|0x000000060b000000, 0x000000060b000000, 0x000000060b400000|  0%| F|  |TAMS 0x000000060b000000, 0x000000060b000000| Untracked 
|  41|0x000000060b400000, 0x000000060b400000, 0x000000060b800000|  0%| F|  |TAMS 0x000000060b400000, 0x000000060b400000| Untracked 
|  42|0x000000060b800000, 0x000000060b800000, 0x000000060bc00000|  0%| F|  |TAMS 0x000000060b800000, 0x000000060b800000| Untracked 
|  43|0x000000060bc00000, 0x000000060bc00000, 0x000000060c000000|  0%| F|  |TAMS 0x000000060bc00000, 0x000000060bc00000| Untracked 
|  44|0x000000060c000000, 0x000000060c000000, 0x000000060c400000|  0%| F|  |TAMS 0x000000060c000000, 0x000000060c000000| Untracked 
|  45|0x000000060c400000, 0x000000060c400000, 0x000000060c800000|  0%| F|  |TAMS 0x000000060c400000, 0x000000060c400000| Untracked 
|  46|0x000000060c800000, 0x000000060c800000, 0x000000060cc00000|  0%| F|  |TAMS 0x000000060c800000, 0x000000060c800000| Untracked 
|  47|0x000000060cc00000, 0x000000060cc00000, 0x000000060d000000|  0%| F|  |TAMS 0x000000060cc00000, 0x000000060cc00000| Untracked 
|  48|0x000000060d000000, 0x000000060d000000, 0x000000060d400000|  0%| F|  |TAMS 0x000000060d000000, 0x000000060d000000| Untracked 
|  49|0x000000060d400000, 0x000000060d400000, 0x000000060d800000|  0%| F|  |TAMS 0x000000060d400000, 0x000000060d400000| Untracked 
|  50|0x000000060d800000, 0x000000060d800000, 0x000000060dc00000|  0%| F|  |TAMS 0x000000060d800000, 0x000000060d800000| Untracked 
|  51|0x000000060dc00000, 0x000000060dc00000, 0x000000060e000000|  0%| F|  |TAMS 0x000000060dc00000, 0x000000060dc00000| Untracked 
|  52|0x000000060e000000, 0x000000060e000000, 0x000000060e400000|  0%| F|  |TAMS 0x000000060e000000, 0x000000060e000000| Untracked 
|  53|0x000000060e400000, 0x000000060e400000, 0x000000060e800000|  0%| F|  |TAMS 0x000000060e400000, 0x000000060e400000| Untracked 
|  54|0x000000060e800000, 0x000000060e800000, 0x000000060ec00000|  0%| F|  |TAMS 0x000000060e800000, 0x000000060e800000| Untracked 
|  55|0x000000060ec00000, 0x000000060ec00000, 0x000000060f000000|  0%| F|  |TAMS 0x000000060ec00000, 0x000000060ec00000| Untracked 
|  56|0x000000060f000000, 0x000000060f000000, 0x000000060f400000|  0%| F|  |TAMS 0x000000060f000000, 0x000000060f000000| Untracked 
|  57|0x000000060f400000, 0x000000060f400000, 0x000000060f800000|  0%| F|  |TAMS 0x000000060f400000, 0x000000060f400000| Untracked 
|  58|0x000000060f800000, 0x000000060f800000, 0x000000060fc00000|  0%| F|  |TAMS 0x000000060f800000, 0x000000060f800000| Untracked 
|  59|0x000000060fc00000, 0x000000060fc00000, 0x0000000610000000|  0%| F|  |TAMS 0x000000060fc00000, 0x000000060fc00000| Untracked 
|  60|0x0000000610000000, 0x0000000610000000, 0x0000000610400000|  0%| F|  |TAMS 0x0000000610000000, 0x0000000610000000| Untracked 
|  61|0x0000000610400000, 0x0000000610400000, 0x0000000610800000|  0%| F|  |TAMS 0x0000000610400000, 0x0000000610400000| Untracked 
|  62|0x0000000610800000, 0x0000000610800000, 0x0000000610c00000|  0%| F|  |TAMS 0x0000000610800000, 0x0000000610800000| Untracked 
|  63|0x0000000610c00000, 0x0000000610c00000, 0x0000000611000000|  0%| F|  |TAMS 0x0000000610c00000, 0x0000000610c00000| Untracked 
|  64|0x0000000611000000, 0x0000000611000000, 0x0000000611400000|  0%| F|  |TAMS 0x0000000611000000, 0x0000000611000000| Untracked 
|  65|0x0000000611400000, 0x0000000611400000, 0x0000000611800000|  0%| F|  |TAMS 0x0000000611400000, 0x0000000611400000| Untracked 
|  66|0x0000000611800000, 0x0000000611800000, 0x0000000611c00000|  0%| F|  |TAMS 0x0000000611800000, 0x0000000611800000| Untracked 
|  67|0x0000000611c00000, 0x0000000611c00000, 0x0000000612000000|  0%| F|  |TAMS 0x0000000611c00000, 0x0000000611c00000| Untracked 
|  68|0x0000000612000000, 0x0000000612000000, 0x0000000612400000|  0%| F|  |TAMS 0x0000000612000000, 0x0000000612000000| Untracked 
|  69|0x0000000612400000, 0x0000000612400000, 0x0000000612800000|  0%| F|  |TAMS 0x0000000612400000, 0x0000000612400000| Untracked 
|  70|0x0000000612800000, 0x0000000612800000, 0x0000000612c00000|  0%| F|  |TAMS 0x0000000612800000, 0x0000000612800000| Untracked 
|  71|0x0000000612c00000, 0x0000000612c00000, 0x0000000613000000|  0%| F|  |TAMS 0x0000000612c00000, 0x0000000612c00000| Untracked 
|  72|0x0000000613000000, 0x0000000613000000, 0x0000000613400000|  0%| F|  |TAMS 0x0000000613000000, 0x0000000613000000| Untracked 
|  73|0x0000000613400000, 0x0000000613400000, 0x0000000613800000|  0%| F|  |TAMS 0x0000000613400000, 0x0000000613400000| Untracked 
|  74|0x0000000613800000, 0x0000000613800000, 0x0000000613c00000|  0%| F|  |TAMS 0x0000000613800000, 0x0000000613800000| Untracked 
|  75|0x0000000613c00000, 0x0000000613c00000, 0x0000000614000000|  0%| F|  |TAMS 0x0000000613c00000, 0x0000000613c00000| Untracked 
|  76|0x0000000614000000, 0x0000000614000000, 0x0000000614400000|  0%| F|  |TAMS 0x0000000614000000, 0x0000000614000000| Untracked 
|  77|0x0000000614400000, 0x0000000614400000, 0x0000000614800000|  0%| F|  |TAMS 0x0000000614400000, 0x0000000614400000| Untracked 
|  78|0x0000000614800000, 0x0000000614800000, 0x0000000614c00000|  0%| F|  |TAMS 0x0000000614800000, 0x0000000614800000| Untracked 
|  79|0x0000000614c00000, 0x0000000614c00000, 0x0000000615000000|  0%| F|  |TAMS 0x0000000614c00000, 0x0000000614c00000| Untracked 
|  80|0x0000000615000000, 0x0000000615000000, 0x0000000615400000|  0%| F|  |TAMS 0x0000000615000000, 0x0000000615000000| Untracked 
|  81|0x0000000615400000, 0x0000000615400000, 0x0000000615800000|  0%| F|  |TAMS 0x0000000615400000, 0x0000000615400000| Untracked 
|  82|0x0000000615800000, 0x0000000615800000, 0x0000000615c00000|  0%| F|  |TAMS 0x0000000615800000, 0x0000000615800000| Untracked 
|  83|0x0000000615c00000, 0x0000000615c00000, 0x0000000616000000|  0%| F|  |TAMS 0x0000000615c00000, 0x0000000615c00000| Untracked 
|  84|0x0000000616000000, 0x0000000616000000, 0x0000000616400000|  0%| F|  |TAMS 0x0000000616000000, 0x0000000616000000| Untracked 
|  85|0x0000000616400000, 0x0000000616400000, 0x0000000616800000|  0%| F|  |TAMS 0x0000000616400000, 0x0000000616400000| Untracked 
|  86|0x0000000616800000, 0x0000000616800000, 0x0000000616c00000|  0%| F|  |TAMS 0x0000000616800000, 0x0000000616800000| Untracked 
|  87|0x0000000616c00000, 0x0000000616c00000, 0x0000000617000000|  0%| F|  |TAMS 0x0000000616c00000, 0x0000000616c00000| Untracked 
|  88|0x0000000617000000, 0x0000000617000000, 0x0000000617400000|  0%| F|  |TAMS 0x0000000617000000, 0x0000000617000000| Untracked 
|  89|0x0000000617400000, 0x0000000617400000, 0x0000000617800000|  0%| F|  |TAMS 0x0000000617400000, 0x0000000617400000| Untracked 
|  90|0x0000000617800000, 0x0000000617800000, 0x0000000617c00000|  0%| F|  |TAMS 0x0000000617800000, 0x0000000617800000| Untracked 
|  91|0x0000000617c00000, 0x0000000617c00000, 0x0000000618000000|  0%| F|  |TAMS 0x0000000617c00000, 0x0000000617c00000| Untracked 
|  92|0x0000000618000000, 0x0000000618000000, 0x0000000618400000|  0%| F|  |TAMS 0x0000000618000000, 0x0000000618000000| Untracked 
|  93|0x0000000618400000, 0x0000000618400000, 0x0000000618800000|  0%| F|  |TAMS 0x0000000618400000, 0x0000000618400000| Untracked 
|  94|0x0000000618800000, 0x0000000618800000, 0x0000000618c00000|  0%| F|  |TAMS 0x0000000618800000, 0x0000000618800000| Untracked 
|  95|0x0000000618c00000, 0x0000000618c00000, 0x0000000619000000|  0%| F|  |TAMS 0x0000000618c00000, 0x0000000618c00000| Untracked 
|  96|0x0000000619000000, 0x0000000619000000, 0x0000000619400000|  0%| F|  |TAMS 0x0000000619000000, 0x0000000619000000| Untracked 
|  97|0x0000000619400000, 0x0000000619400000, 0x0000000619800000|  0%| F|  |TAMS 0x0000000619400000, 0x0000000619400000| Untracked 
|  98|0x0000000619800000, 0x0000000619800000, 0x0000000619c00000|  0%| F|  |TAMS 0x0000000619800000, 0x0000000619800000| Untracked 
|  99|0x0000000619c00000, 0x0000000619c00000, 0x000000061a000000|  0%| F|  |TAMS 0x0000000619c00000, 0x0000000619c00000| Untracked 
| 100|0x000000061a000000, 0x000000061a000000, 0x000000061a400000|  0%| F|  |TAMS 0x000000061a000000, 0x000000061a000000| Untracked 
| 101|0x000000061a400000, 0x000000061a400000, 0x000000061a800000|  0%| F|  |TAMS 0x000000061a400000, 0x000000061a400000| Untracked 
| 102|0x000000061a800000, 0x000000061a800000, 0x000000061ac00000|  0%| F|  |TAMS 0x000000061a800000, 0x000000061a800000| Untracked 
| 103|0x000000061ac00000, 0x000000061ac00000, 0x000000061b000000|  0%| F|  |TAMS 0x000000061ac00000, 0x000000061ac00000| Untracked 
| 104|0x000000061b000000, 0x000000061b000000, 0x000000061b400000|  0%| F|  |TAMS 0x000000061b000000, 0x000000061b000000| Untracked 
| 105|0x000000061b400000, 0x000000061b400000, 0x000000061b800000|  0%| F|  |TAMS 0x000000061b400000, 0x000000061b400000| Untracked 
| 106|0x000000061b800000, 0x000000061b800000, 0x000000061bc00000|  0%| F|  |TAMS 0x000000061b800000, 0x000000061b800000| Untracked 
| 107|0x000000061bc00000, 0x000000061bc00000, 0x000000061c000000|  0%| F|  |TAMS 0x000000061bc00000, 0x000000061bc00000| Untracked 
| 108|0x000000061c000000, 0x000000061c000000, 0x000000061c400000|  0%| F|  |TAMS 0x000000061c000000, 0x000000061c000000| Untracked 
| 109|0x000000061c400000, 0x000000061c400000, 0x000000061c800000|  0%| F|  |TAMS 0x000000061c400000, 0x000000061c400000| Untracked 
| 110|0x000000061c800000, 0x000000061c800000, 0x000000061cc00000|  0%| F|  |TAMS 0x000000061c800000, 0x000000061c800000| Untracked 
| 111|0x000000061cc00000, 0x000000061cc00000, 0x000000061d000000|  0%| F|  |TAMS 0x000000061cc00000, 0x000000061cc00000| Untracked 
| 112|0x000000061d000000, 0x000000061d000000, 0x000000061d400000|  0%| F|  |TAMS 0x000000061d000000, 0x000000061d000000| Untracked 
| 113|0x000000061d400000, 0x000000061d400000, 0x000000061d800000|  0%| F|  |TAMS 0x000000061d400000, 0x000000061d400000| Untracked 
| 114|0x000000061d800000, 0x000000061d800000, 0x000000061dc00000|  0%| F|  |TAMS 0x000000061d800000, 0x000000061d800000| Untracked 
| 115|0x000000061dc00000, 0x000000061dc00000, 0x000000061e000000|  0%| F|  |TAMS 0x000000061dc00000, 0x000000061dc00000| Untracked 
| 116|0x000000061e000000, 0x000000061e400000, 0x000000061e400000|100%| S|CS|TAMS 0x000000061e000000, 0x000000061e000000| Complete 
| 117|0x000000061e400000, 0x000000061e800000, 0x000000061e800000|100%| S|CS|TAMS 0x000000061e400000, 0x000000061e400000| Complete 
| 118|0x000000061e800000, 0x000000061e800000, 0x000000061ec00000|  0%| F|  |TAMS 0x000000061e800000, 0x000000061e800000| Untracked 
| 119|0x000000061ec00000, 0x000000061ec00000, 0x000000061f000000|  0%| F|  |TAMS 0x000000061ec00000, 0x000000061ec00000| Untracked 
| 120|0x000000061f000000, 0x000000061f000000, 0x000000061f400000|  0%| F|  |TAMS 0x000000061f000000, 0x000000061f000000| Untracked 
| 121|0x000000061f400000, 0x000000061f400000, 0x000000061f800000|  0%| F|  |TAMS 0x000000061f400000, 0x000000061f400000| Untracked 
| 122|0x000000061f800000, 0x000000061f800000, 0x000000061fc00000|  0%| F|  |TAMS 0x000000061f800000, 0x000000061f800000| Untracked 
| 123|0x000000061fc00000, 0x000000061fc00000, 0x0000000620000000|  0%| F|  |TAMS 0x000000061fc00000, 0x000000061fc00000| Untracked 
| 124|0x0000000620000000, 0x00000006202382d0, 0x0000000620400000| 55%| E|  |TAMS 0x0000000620000000, 0x0000000620000000| Complete 
| 125|0x0000000620400000, 0x0000000620800000, 0x0000000620800000|100%| E|CS|TAMS 0x0000000620400000, 0x0000000620400000| Complete 
| 126|0x0000000620800000, 0x0000000620c00000, 0x0000000620c00000|100%| E|CS|TAMS 0x0000000620800000, 0x0000000620800000| Complete 
| 127|0x0000000620c00000, 0x0000000621000000, 0x0000000621000000|100%| E|CS|TAMS 0x0000000620c00000, 0x0000000620c00000| Complete 

Card table byte_map: [0x000002152fb00000,0x0000021530b00000] _byte_map_base: 0x000002152caf8000

Marking Bits (Prev, Next): (CMBitMap*) 0x00000215151a6f40, (CMBitMap*) 0x00000215151a6f80
 Prev Bits: [0x0000021531b00000, 0x0000021539ac0000)
 Next Bits: [0x0000021539ac0000, 0x0000021541a80000)

Polling page: 0x000002151eb10000

Metaspace:

Usage:
  Non-class:     16.93 MB capacity,    16.79 MB (>99%) used,   126.12 KB ( <1%) free+waste,    22.00 KB ( <1%) overhead. 
      Class:      1.69 MB capacity,     1.62 MB ( 96%) used,    57.34 KB (  3%) free+waste,     7.00 KB ( <1%) overhead. 
       Both:     18.62 MB capacity,    18.41 MB ( 99%) used,   183.45 KB ( <1%) free+waste,    29.00 KB ( <1%) overhead. 

Virtual space:
  Non-class space:       18.00 MB reserved,      17.25 MB ( 96%) committed 
      Class space:        1.00 GB reserved,       1.75 MB ( <1%) committed 
             Both:        1.02 GB reserved,      19.00 MB (  2%) committed 

Chunk freelists:
   Non-Class:  136.00 KB
       Class:  34.00 KB
        Both:  170.00 KB

MaxMetaspaceSize: 17179869184.00 GB
CompressedClassSpaceSize: 1.00 GB

CodeHeap 'non-profiled nmethods': size=119168Kb used=601Kb max_used=601Kb free=118566Kb
 bounds [0x00000215266d0000, 0x0000021526940000, 0x000002152db30000]
CodeHeap 'profiled nmethods': size=119104Kb used=3086Kb max_used=3086Kb free=116018Kb
 bounds [0x000002151f280000, 0x000002151f590000, 0x00000215266d0000]
CodeHeap 'non-nmethods': size=7488Kb used=2758Kb max_used=2773Kb free=4729Kb
 bounds [0x000002151eb30000, 0x000002151edf0000, 0x000002151f280000]
 total_blobs=2710 nmethods=1680 adapters=941
 compilation: enabled
              stopped_count=0, restarted_count=0
 full_count=0

Compilation events (20 events):
Event: 2.636 Thread 0x0000021544af97e0 nmethod 1671 0x000002151f580610 code [0x000002151f5807a0, 0x000002151f5808b8]
Event: 2.636 Thread 0x000002154d9590e0 nmethod 1670 0x000002151f580990 code [0x000002151f580b40, 0x000002151f580f98]
Event: 2.636 Thread 0x000002154d9590e0 1672       3       java.util.ArrayList::remove (26 bytes)
Event: 2.636 Thread 0x0000021544af97e0 1673       3       java.util.ArrayList::fastRemove (44 bytes)
Event: 2.636 Thread 0x0000021544af97e0 nmethod 1673 0x000002151f581090 code [0x000002151f581240, 0x000002151f581648]
Event: 2.636 Thread 0x000002154d9590e0 nmethod 1672 0x000002151f581790 code [0x000002151f581960, 0x000002151f581c78]
Event: 2.926 Thread 0x0000021544af5740 1674 %s    4       jogamp.opengl.util.jpeg.JPEGDecoder::getPixel @ 624 (1554 bytes)
Event: 2.943 Thread 0x0000021544af5740 nmethod 1674% 0x0000021526760c10 code [0x0000021526760e80, 0x00000215267625d8]
Event: 2.943 Thread 0x0000021544af5740 1675  s    4       jogamp.opengl.util.jpeg.JPEGDecoder::getPixel (1554 bytes)
Event: 2.956 Thread 0x0000021544af5740 nmethod 1675 0x0000021526763310 code [0x0000021526763580, 0x0000021526764e48]
Event: 2.990 Thread 0x0000021544af97e0 1676       3       java.lang.Class$ReflectionData::<init> (10 bytes)
Event: 2.990 Thread 0x000002154548cf90 1677       3       java.lang.Class$Atomic::casReflectionData (13 bytes)
Event: 2.990 Thread 0x000002154d9590e0 1678       3       jdk.internal.misc.Unsafe::objectFieldOffset (18 bytes)
Event: 2.990 Thread 0x0000021544af97e0 nmethod 1676 0x000002151f581e10 code [0x000002151f581fa0, 0x000002151f5820f8]
Event: 2.990 Thread 0x000002154548cf90 nmethod 1677 0x000002151f582190 code [0x000002151f582320, 0x000002151f582478]
Event: 2.990 Thread 0x000002154d9590e0 nmethod 1678 0x000002151f582510 code [0x000002151f5826c0, 0x000002151f5828f8]
Event: 3.036 Thread 0x000002154d9590e0 1679       3       java.lang.Class::newReflectionData (66 bytes)
Event: 3.037 Thread 0x000002154d9590e0 nmethod 1679 0x000002151f582a10 code [0x000002151f582c20, 0x000002151f583538]
Event: 3.049 Thread 0x0000021544af5740 1680       4       java.lang.StringLatin1::indexOf (121 bytes)
Event: 3.053 Thread 0x0000021544af5740 nmethod 1680 0x0000021526765e90 code [0x0000021526766020, 0x0000021526766498]

GC Heap History (6 events):
Event: 1.697 GC heap before
{Heap before GC invocations=0 (full 0):
 garbage-first heap   total 524288K, used 24576K [0x0000000601000000, 0x0000000800000000)
  region size 4096K, 6 young (24576K), 0 survivors (0K)
 Metaspace       used 15308K, capacity 15466K, committed 15872K, reserved 1062912K
  class space    used 1415K, capacity 1466K, committed 1536K, reserved 1048576K
}
Event: 1.708 GC heap after
{Heap after GC invocations=1 (full 0):
 garbage-first heap   total 524288K, used 3378K [0x0000000601000000, 0x0000000800000000)
  region size 4096K, 1 young (4096K), 1 survivors (4096K)
 Metaspace       used 15308K, capacity 15466K, committed 15872K, reserved 1062912K
  class space    used 1415K, capacity 1466K, committed 1536K, reserved 1048576K
}
Event: 2.179 GC heap before
{Heap before GC invocations=1 (full 0):
 garbage-first heap   total 524288K, used 32050K [0x0000000601000000, 0x0000000800000000)
  region size 4096K, 8 young (32768K), 1 survivors (4096K)
 Metaspace       used 17073K, capacity 17334K, committed 17664K, reserved 1064960K
  class space    used 1594K, capacity 1662K, committed 1792K, reserved 1048576K
}
Event: 2.198 GC heap after
{Heap after GC invocations=2 (full 0):
 garbage-first heap   total 524288K, used 23243K [0x0000000601000000, 0x0000000800000000)
  region size 4096K, 1 young (4096K), 1 survivors (4096K)
 Metaspace       used 17073K, capacity 17334K, committed 17664K, reserved 1064960K
  class space    used 1594K, capacity 1662K, committed 1792K, reserved 1048576K
}
Event: 2.630 GC heap before
{Heap before GC invocations=2 (full 0):
 garbage-first heap   total 524288K, used 60107K [0x0000000601000000, 0x0000000800000000)
  region size 4096K, 10 young (40960K), 1 survivors (4096K)
 Metaspace       used 17190K, capacity 17398K, committed 17664K, reserved 1064960K
  class space    used 1601K, capacity 1662K, committed 1792K, reserved 1048576K
}
Event: 2.635 GC heap after
{Heap after GC invocations=3 (full 0):
 garbage-first heap   total 524288K, used 42129K [0x0000000601000000, 0x0000000800000000)
  region size 4096K, 2 young (8192K), 2 survivors (8192K)
 Metaspace       used 17190K, capacity 17398K, committed 17664K, reserved 1064960K
  class space    used 1601K, capacity 1662K, committed 1792K, reserved 1048576K
}

Deoptimization events (20 events):
Event: 2.592 Thread 0x0000021545a11410 DEOPT PACKING pc=0x000002151f57b5b9 sp=0x00000036ebffdc30
Event: 2.592 Thread 0x0000021545a11410 DEOPT UNPACKING pc=0x000002151eb7e23f sp=0x00000036ebffd350 mode 0
Event: 2.592 Thread 0x0000021545a11410 DEOPT PACKING pc=0x000002151f57b5b9 sp=0x00000036ebffdc30
Event: 2.592 Thread 0x0000021545a11410 DEOPT UNPACKING pc=0x000002151eb7e23f sp=0x00000036ebffd350 mode 0
Event: 2.593 Thread 0x0000021545a11410 DEOPT PACKING pc=0x000002151f57b5b9 sp=0x00000036ebffdc30
Event: 2.593 Thread 0x0000021545a11410 DEOPT UNPACKING pc=0x000002151eb7e23f sp=0x00000036ebffd350 mode 0
Event: 2.593 Thread 0x0000021545a11410 DEOPT PACKING pc=0x000002151f57b5b9 sp=0x00000036ebffdc30
Event: 2.593 Thread 0x0000021545a11410 DEOPT UNPACKING pc=0x000002151eb7e23f sp=0x00000036ebffd350 mode 0
Event: 2.615 Thread 0x0000021545a11410 Uncommon trap: trap_request=0xffffff45 fr.pc=0x000002152675fe5c relative=0x000000000000135c
Event: 2.615 Thread 0x0000021545a11410 Uncommon trap: reason=unstable_if action=reinterpret pc=0x000002152675fe5c method=jogamp.opengl.util.jpeg.JPEGDecoder.getPixel(Ljogamp/opengl/util/jpeg/JPEGDecoder$ColorSink;II)V @ 466 c2
Event: 2.615 Thread 0x0000021545a11410 DEOPT PACKING pc=0x000002152675fe5c sp=0x00000036ebffdee0
Event: 2.615 Thread 0x0000021545a11410 DEOPT UNPACKING pc=0x000002151eb7e42f sp=0x00000036ebffde50 mode 2
Event: 2.653 Thread 0x0000021545a11410 DEOPT PACKING pc=0x000002151f548325 sp=0x00000036ebffdcc0
Event: 2.653 Thread 0x0000021545a11410 DEOPT UNPACKING pc=0x000002151eb7e23f sp=0x00000036ebffd208 mode 0
Event: 2.895 Thread 0x0000021545a11410 Uncommon trap: trap_request=0xffffff45 fr.pc=0x0000021526750f94 relative=0x00000000000005b4
Event: 2.895 Thread 0x0000021545a11410 Uncommon trap: reason=unstable_if action=reinterpret pc=0x0000021526750f94 method=jogamp.opengl.util.jpeg.JPEGDecoder$Decoder.decodeScan(Ljogamp/opengl/util/jpeg/JPEGDecoder$Frame;Ljava/util/ArrayList;IIIII)I @ 370 c2
Event: 2.895 Thread 0x0000021545a11410 DEOPT PACKING pc=0x0000021526750f94 sp=0x00000036ebffdd40
Event: 2.895 Thread 0x0000021545a11410 DEOPT UNPACKING pc=0x000002151eb7e42f sp=0x00000036ebffdd08 mode 2
Event: 2.943 Thread 0x0000021545a11410 DEOPT PACKING pc=0x000002151f56d4c9 sp=0x00000036ebffdd00
Event: 2.943 Thread 0x0000021545a11410 DEOPT UNPACKING pc=0x000002151eb7e23f sp=0x00000036ebffd340 mode 0

Classes unloaded (0 events):
No events

Classes redefined (0 events):
No events

Internal exceptions (20 events):
Event: 0.257 Thread 0x000002151512ec30 Exception <a 'java/io/FileNotFoundException'{0x0000000620f16be0}> (0x0000000620f16be0) 
thrown [./open/src/hotspot/share/prims/jni.cpp, line 578]
Event: 0.261 Thread 0x000002151512ec30 Exception <a 'java/io/FileNotFoundException'{0x0000000620f45418}> (0x0000000620f45418) 
thrown [./open/src/hotspot/share/prims/jni.cpp, line 578]
Event: 0.262 Thread 0x000002151512ec30 Exception <a 'java/lang/NoSuchMethodError'{0x0000000620f46650}: 'java.lang.Object java.lang.invoke.DirectMethodHandle$Holder.invokeStatic(java.lang.Object)'> (0x0000000620f46650) 
thrown [./open/src/hotspot/share/interpreter/linkResolver.cpp, line 782]
Event: 0.268 Thread 0x000002151512ec30 Exception <a 'java/lang/NoSuchMethodError'{0x0000000620f4ea58}: 'void java.lang.invoke.DirectMethodHandle$Holder.invokeSpecial(java.lang.Object, java.lang.Object, java.lang.Object)'> (0x0000000620f4ea58) 
thrown [./open/src/hotspot/share/interpreter/linkResolver.cpp, line 782]
Event: 0.307 Thread 0x000002151512ec30 Exception <a 'java/lang/NoSuchMethodError'{0x0000000620f8de50}: 'java.lang.Object java.lang.invoke.DirectMethodHandle$Holder.invokeStaticInit(java.lang.Object)'> (0x0000000620f8de50) 
thrown [./open/src/hotspot/share/interpreter/linkResolver.cpp, line 782]
Event: 0.514 Thread 0x0000021545a11410 Exception <a 'java/lang/NoSuchMethodError'{0x0000000620933068}: 'java.lang.Object java.lang.invoke.DirectMethodHandle$Holder.newInvokeSpecial(java.lang.Object, java.lang.Object, java.lang.Object, java.lang.Object, java.lang.Object)'> (0x0000000620933068) 
thrown [./open/src/hotspot/share/interpreter/linkResolver.cpp, line 782]
Event: 0.515 Thread 0x0000021545a11410 Exception <a 'java/lang/NoSuchMethodError'{0x000000062093eaf8}: 'java.lang.Object java.lang.invoke.DirectMethodHandle$Holder.invokeStatic(java.lang.Object, int, java.lang.Object, java.lang.Object, java.lang.Object, java.lang.Object)'> (0x000000062093eaf8) 
thrown [./open/src/hotspot/share/interpreter/linkResolver.cpp, line 782]
Event: 0.518 Thread 0x0000021545a11410 Exception <a 'java/lang/NoSuchMethodError'{0x0000000620964da0}: 'java.lang.Object java.lang.invoke.DirectMethodHandle$Holder.invokeStatic(java.lang.Object, int, java.lang.Object)'> (0x0000000620964da0) 
thrown [./open/src/hotspot/share/interpreter/linkResolver.cpp, line 782]
Event: 0.532 Thread 0x0000021545a11410 Exception <a 'java/lang/ClassNotFoundException'{0x0000000620a1d470}: com/sun/swing/internal/plaf/metal/resources/spi/metalProvider> (0x0000000620a1d470) 
thrown [./open/src/hotspot/share/classfile/systemDictionary.cpp, line 295]
Event: 0.534 Thread 0x0000021545a11410 Exception <a 'java/lang/ClassNotFoundException'{0x0000000620a21620}: com/sun/swing/internal/plaf/basic/resources/spi/basicProvider> (0x0000000620a21620) 
thrown [./open/src/hotspot/share/classfile/systemDictionary.cpp, line 295]
Event: 0.694 Thread 0x0000021545a11410 Exception <a 'java/lang/NoSuchMethodError'{0x0000000620b68558}: 'void java.lang.invoke.DirectMethodHandle$Holder.invokeStaticInit(java.lang.Object)'> (0x0000000620b68558) 
thrown [./open/src/hotspot/share/interpreter/linkResolver.cpp, line 782]
Event: 0.826 Thread 0x0000021545a11410 Exception <a 'java/lang/NoSuchMethodError'{0x00000006206a9a88}: 'void java.lang.invoke.DirectMethodHandle$Holder.invokeStatic(java.lang.Object, java.lang.Object)'> (0x00000006206a9a88) 
thrown [./open/src/hotspot/share/interpreter/linkResolver.cpp, line 782]
Event: 0.826 Thread 0x0000021545a11410 Exception <a 'java/lang/NoSuchMethodError'{0x00000006206ad738}: 'void java.lang.invoke.DirectMethodHandle$Holder.invokeStaticInit(java.lang.Object, java.lang.Object)'> (0x00000006206ad738) 
thrown [./open/src/hotspot/share/interpreter/linkResolver.cpp, line 782]
Event: 0.831 Thread 0x0000021545a11410 Exception <a 'java/lang/NoSuchMethodError'{0x00000006206da570}: 'java.lang.Object java.lang.invoke.DirectMethodHandle$Holder.invokeStaticInit(java.lang.Object, int, int, int, int)'> (0x00000006206da570) 
thrown [./open/src/hotspot/share/interpreter/linkResolver.cpp, line 782]
Event: 0.862 Thread 0x0000021545a11410 Exception <a 'java/lang/NoSuchMethodError'{0x0000000620779e08}: 'java.lang.Object java.lang.invoke.DirectMethodHandle$Holder.invokeStaticInit(java.lang.Object, java.lang.Object, int, int, int, int)'> (0x0000000620779e08) 
thrown [./open/src/hotspot/share/interpreter/linkResolver.cpp, line 782]
Event: 0.878 Thread 0x0000021545a11410 Exception <a 'java/lang/NoSuchMethodError'{0x0000000620785a10}: 'void java.lang.invoke.DirectMethodHandle$Holder.invokeStatic(java.lang.Object, long)'> (0x0000000620785a10) 
thrown [./open/src/hotspot/share/interpreter/linkResolver.cpp, line 782]
Event: 0.879 Thread 0x0000021545a11410 Exception <a 'java/lang/NoSuchMethodError'{0x000000062078b2e8}: 'java.lang.Object java.lang.invoke.DirectMethodHandle$Holder.newInvokeSpecial(java.lang.Object, long)'> (0x000000062078b2e8) 
thrown [./open/src/hotspot/share/interpreter/linkResolver.cpp, line 782]
Event: 0.881 Thread 0x0000021545a11410 Exception <a 'java/lang/NoSuchMethodError'{0x0000000620795d90}: 'java.lang.Object java.lang.invoke.DirectMethodHandle$Holder.invokeStaticInit(java.lang.Object, java.lang.Object, long, java.lang.Object)'> (0x0000000620795d90) 
thrown [./open/src/hotspot/share/interpreter/linkResolver.cpp, line 782]
Event: 0.881 Thread 0x0000021545a11410 Exception <a 'java/lang/NoSuchMethodError'{0x000000062079c7b8}: 'java.lang.Object java.lang.invoke.DirectMethodHandle$Holder.newInvokeSpecial(java.lang.Object, java.lang.Object, long)'> (0x000000062079c7b8) 
thrown [./open/src/hotspot/share/interpreter/linkResolver.cpp, line 782]
Event: 0.881 Thread 0x0000021545a11410 Exception <a 'java/lang/NoSuchMethodError'{0x00000006207a0528}: 'java.lang.Object java.lang.invoke.Invokers$Holder.linkToTargetMethod(java.lang.Object, long, java.lang.Object)'> (0x00000006207a0528) 
thrown [./open/src/hotspot/share/interpreter/linkResolver.cpp, line 782]

Events (20 events):
Event: 2.121 loading class java/util/regex/Matcher$ImmutableMatchResult
Event: 2.121 loading class java/util/regex/Matcher$ImmutableMatchResult done
Event: 2.179 Executing VM operation: G1CollectForAllocation
Event: 2.198 Executing VM operation: G1CollectForAllocation done
Event: 2.198 Executing VM operation: HandshakeAllThreads
Event: 2.199 Executing VM operation: HandshakeAllThreads done
Event: 2.202 Thread 0x000002154e414ff0 Thread added: 0x000002154e414ff0
Event: 2.202 Thread 0x000002154e415500 Thread added: 0x000002154e415500
Event: 2.332 Thread 0x000002154e415500 Thread exited: 0x000002154e415500
Event: 2.332 Thread 0x000002154e414ff0 Thread exited: 0x000002154e414ff0
Event: 2.630 Executing VM operation: G1CollectForAllocation
Event: 2.635 Executing VM operation: G1CollectForAllocation done
Event: 2.635 Executing VM operation: HandshakeAllThreads
Event: 2.635 Executing VM operation: HandshakeAllThreads done
Event: 2.986 loading class java/nio/BufferOverflowException
Event: 2.986 loading class java/nio/BufferOverflowException done
Event: 2.986 loading class java/nio/BufferUnderflowException
Event: 2.986 loading class java/nio/BufferUnderflowException done
Event: 2.990 loading class jdk/internal/access/foreign/MemorySegmentProxy
Event: 2.990 loading class jdk/internal/access/foreign/MemorySegmentProxy done


Dynamic libraries:
0x00007ff684790000 - 0x00007ff68479f000 	C:\Program Files\Java\jdk-15.0.2\bin\java.exe
0x00007ffb0b9b0000 - 0x00007ffb0bba8000 	C:\WINDOWS\SYSTEM32\ntdll.dll
0x00007ffb0b090000 - 0x00007ffb0b151000 	C:\WINDOWS\System32\KERNEL32.DLL
0x00007ffb09130000 - 0x00007ffb0942d000 	C:\WINDOWS\System32\KERNELBASE.dll
0x00007ffb09780000 - 0x00007ffb09880000 	C:\WINDOWS\System32\ucrtbase.dll
0x00007ffab2780000 - 0x00007ffab2799000 	C:\Program Files\Java\jdk-15.0.2\bin\VCRUNTIME140.dll
0x00007ffab2760000 - 0x00007ffab2778000 	C:\Program Files\Java\jdk-15.0.2\bin\jli.dll
0x00007ffb0b430000 - 0x00007ffb0b4e0000 	C:\WINDOWS\System32\ADVAPI32.dll
0x00007ffb0a6c0000 - 0x00007ffb0a75e000 	C:\WINDOWS\System32\msvcrt.dll
0x00007ffb099e0000 - 0x00007ffb09a80000 	C:\WINDOWS\System32\sechost.dll
0x00007ffb0b2a0000 - 0x00007ffb0b3c3000 	C:\WINDOWS\System32\RPCRT4.dll
0x00007ffb09480000 - 0x00007ffb094a7000 	C:\WINDOWS\System32\bcrypt.dll
0x00007ffb09a80000 - 0x00007ffb09c1d000 	C:\WINDOWS\System32\USER32.dll
0x00007ffb09060000 - 0x00007ffb09082000 	C:\WINDOWS\System32\win32u.dll
0x00007ffaf05c0000 - 0x00007ffaf085a000 	C:\WINDOWS\WinSxS\amd64_microsoft.windows.common-controls_6595b64144ccf1df_6.0.19041.4355_none_60b8b9eb71f62e16\COMCTL32.dll
0x00007ffb0b180000 - 0x00007ffb0b1ab000 	C:\WINDOWS\System32\GDI32.dll
0x00007ffb09660000 - 0x00007ffb09777000 	C:\WINDOWS\System32\gdi32full.dll
0x00007ffb09090000 - 0x00007ffb0912d000 	C:\WINDOWS\System32\msvcp_win.dll
0x00007ffb02640000 - 0x00007ffb0264a000 	C:\WINDOWS\SYSTEM32\VERSION.dll
0x00007ffb0b270000 - 0x00007ffb0b29f000 	C:\WINDOWS\System32\IMM32.DLL
0x00007ffab2750000 - 0x00007ffab275c000 	C:\Program Files\Java\jdk-15.0.2\bin\vcruntime140_1.dll
0x00007ff969fb0000 - 0x00007ff96a041000 	C:\Program Files\Java\jdk-15.0.2\bin\msvcp140.dll
0x00007ff968dd0000 - 0x00007ff96992e000 	C:\Program Files\Java\jdk-15.0.2\bin\server\jvm.dll
0x00007ffb0b840000 - 0x00007ffb0b848000 	C:\WINDOWS\System32\PSAPI.DLL
0x00007ffaf6940000 - 0x00007ffaf6949000 	C:\WINDOWS\SYSTEM32\WSOCK32.dll
0x00007ffb0a460000 - 0x00007ffb0a4cb000 	C:\WINDOWS\System32\WS2_32.dll
0x00007ffaf94c0000 - 0x00007ffaf94e7000 	C:\WINDOWS\SYSTEM32\WINMM.dll
0x00007ffb07880000 - 0x00007ffb07892000 	C:\WINDOWS\SYSTEM32\kernel.appcore.dll
0x00007ffab2740000 - 0x00007ffab274a000 	C:\Program Files\Java\jdk-15.0.2\bin\jimage.dll
0x00007ffb06c00000 - 0x00007ffb06de4000 	C:\WINDOWS\SYSTEM32\DBGHELP.DLL
0x00007ffae8ca0000 - 0x00007ffae8cd4000 	C:\WINDOWS\SYSTEM32\dbgcore.DLL
0x00007ffb094b0000 - 0x00007ffb09532000 	C:\WINDOWS\System32\bcryptPrimitives.dll
0x00007ffaacf30000 - 0x00007ffaacf55000 	C:\Program Files\Java\jdk-15.0.2\bin\java.dll
0x00007ffb0a760000 - 0x00007ffb0aecf000 	C:\WINDOWS\System32\SHELL32.dll
0x00007ffb070a0000 - 0x00007ffb0783f000 	C:\WINDOWS\SYSTEM32\windows.storage.dll
0x00007ffb0b4e0000 - 0x00007ffb0b833000 	C:\WINDOWS\System32\combase.dll
0x00007ffb08a80000 - 0x00007ffb08aae000 	C:\WINDOWS\SYSTEM32\Wldp.dll
0x00007ffb0af30000 - 0x00007ffb0affd000 	C:\WINDOWS\System32\OLEAUT32.dll
0x00007ffb0b1c0000 - 0x00007ffb0b26d000 	C:\WINDOWS\System32\SHCORE.dll
0x00007ffb0a600000 - 0x00007ffb0a655000 	C:\WINDOWS\System32\shlwapi.dll
0x00007ffb08f90000 - 0x00007ffb08fb4000 	C:\WINDOWS\SYSTEM32\profapi.dll
0x00007ffa22c70000 - 0x00007ffa22c89000 	C:\Program Files\Java\jdk-15.0.2\bin\net.dll
0x00007ffb02530000 - 0x00007ffb0263d000 	C:\WINDOWS\SYSTEM32\WINHTTP.dll
0x00007ffb08790000 - 0x00007ffb087fa000 	C:\WINDOWS\system32\mswsock.dll
0x00007ff9b4f70000 - 0x00007ff9b4f82000 	C:\Program Files\Java\jdk-15.0.2\bin\nio.dll
0x00007ff9999e0000 - 0x00007ff9999f8000 	C:\Program Files\Java\jdk-15.0.2\bin\zip.dll
0x00007ff969e30000 - 0x00007ff969fb0000 	C:\Program Files\Java\jdk-15.0.2\bin\awt.dll
0x00007ffb055d0000 - 0x00007ffb05664000 	C:\WINDOWS\SYSTEM32\apphelp.dll
0x00007ffb05b90000 - 0x00007ffb05c2e000 	C:\WINDOWS\system32\uxtheme.dll
0x00007ffb0b850000 - 0x00007ffb0b964000 	C:\WINDOWS\System32\MSCTF.dll
0x00007ffb0a4d0000 - 0x00007ffb0a5fb000 	C:\WINDOWS\System32\ole32.dll
0x00007ffb05fc0000 - 0x00007ffb05fef000 	C:\WINDOWS\system32\DWMAPI.DLL
0x00007ffaa97b0000 - 0x00007ffaa98d8000 	C:\WINDOWS\system32\opengl32.dll
0x00007ffacb8e0000 - 0x00007ffacb90c000 	C:\WINDOWS\SYSTEM32\GLU32.dll
0x00007ffaaac80000 - 0x00007ffaaae50000 	C:\WINDOWS\system32\d3d9.dll
0x00007ffade790000 - 0x00007ffade84c000 	C:\WINDOWS\System32\DriverStore\FileRepository\nv_dispig.inf_amd64_7e5fd280efaa5445\nvldumdx.dll
0x00007ffb08c10000 - 0x00007ffb08c22000 	C:\WINDOWS\SYSTEM32\msasn1.dll
0x00007ffb020d0000 - 0x00007ffb02101000 	C:\WINDOWS\SYSTEM32\cryptnet.dll
0x00007ffb09880000 - 0x00007ffb099de000 	C:\WINDOWS\System32\CRYPT32.dll
0x00007ffb01f40000 - 0x00007ffb02087000 	C:\WINDOWS\SYSTEM32\drvstore.dll
0x00007ffb08de0000 - 0x00007ffb08e13000 	C:\WINDOWS\SYSTEM32\devobj.dll
0x00007ffb09430000 - 0x00007ffb0947e000 	C:\WINDOWS\System32\cfgmgr32.dll
0x00007ffb089d0000 - 0x00007ffb089dc000 	C:\WINDOWS\SYSTEM32\cryptbase.dll
0x00007ffb095f0000 - 0x00007ffb09659000 	C:\WINDOWS\System32\wintrust.dll
0x00007ffb0b160000 - 0x00007ffb0b17d000 	C:\WINDOWS\System32\imagehlp.dll
0x00007ffb089b0000 - 0x00007ffb089c8000 	C:\WINDOWS\SYSTEM32\CRYPTSP.dll
0x00007ffb07ff0000 - 0x00007ffb08024000 	C:\WINDOWS\system32\rsaenh.dll
0x00007ffa4fad0000 - 0x00007ffa52c5b000 	C:\WINDOWS\System32\DriverStore\FileRepository\nv_dispig.inf_amd64_7e5fd280efaa5445\nvd3dumx.dll
0x00007ffb07850000 - 0x00007ffb07873000 	C:\WINDOWS\SYSTEM32\gpapi.dll
0x00007ffade850000 - 0x00007ffade88b000 	C:\WINDOWS\SYSTEM32\dxcore.dll
0x00007ff969da0000 - 0x00007ff969e25000 	C:\Program Files\Java\jdk-15.0.2\bin\freetype.dll
0x00007ff969cf0000 - 0x00007ff969d99000 	C:\Program Files\Java\jdk-15.0.2\bin\fontmanager.dll
0x00007ffb0a3b0000 - 0x00007ffb0a459000 	C:\WINDOWS\System32\clbcatq.dll
0x00007ffb058b0000 - 0x00007ffb05a66000 	C:\WINDOWS\SYSTEM32\WindowsCodecs.dll
0x00007ffad0630000 - 0x00007ffad066e000 	C:\WINDOWS\system32\dataexchange.dll
0x00007ffb04260000 - 0x00007ffb04444000 	C:\WINDOWS\system32\dcomp.dll
0x00007ffb06e00000 - 0x00007ffb07063000 	C:\WINDOWS\system32\d3d11.dll
0x00007ffb078a0000 - 0x00007ffb07996000 	C:\WINDOWS\system32\dxgi.dll
0x00007ffb00f90000 - 0x00007ffb01193000 	C:\WINDOWS\system32\twinapi.appcore.dll
0x00007ffab2730000 - 0x00007ffab2740000 	C:\Program Files\Java\jdk-15.0.2\bin\verify.dll
0x00007ffb08f40000 - 0x00007ffb08f6e000 	C:\WINDOWS\SYSTEM32\USERENV.dll
0x00007ffb08420000 - 0x00007ffb0845b000 	C:\WINDOWS\SYSTEM32\IPHLPAPI.DLL
0x00007ffb09c20000 - 0x00007ffb09c28000 	C:\WINDOWS\System32\NSI.dll
0x00007ffb02ab0000 - 0x00007ffb02ac7000 	C:\WINDOWS\SYSTEM32\dhcpcsvc6.DLL
0x00007ffb02a90000 - 0x00007ffb02aad000 	C:\WINDOWS\SYSTEM32\dhcpcsvc.DLL
0x00007ffb08460000 - 0x00007ffb0852a000 	C:\WINDOWS\SYSTEM32\DNSAPI.dll
0x00007ff9977d0000 - 0x00007ff9977e3000 	C:\Users\Diego\AppData\Local\Temp\jogamp_0000\file_cache\jln13027058867353728052\jln9500427910814225722\natives\windows-amd64\gluegen_rt.dll
0x00007ffa1e040000 - 0x00007ffa1e047000 	C:\Program Files\Java\jdk-15.0.2\bin\jawt.dll
0x00007ff9b5550000 - 0x00007ff9b555d000 	C:\Users\Diego\AppData\Local\Temp\jogamp_0000\file_cache\jln13027058867353728052\jln9500427910814225722\natives\windows-amd64\nativewindow_awt.dll
0x00007ff9977b0000 - 0x00007ff9977c5000 	C:\Users\Diego\AppData\Local\Temp\jogamp_0000\file_cache\jln13027058867353728052\jln9500427910814225722\natives\windows-amd64\nativewindow_win32.dll
0x00007ff969c60000 - 0x00007ff969ce3000 	C:\Users\Diego\AppData\Local\Temp\jogamp_0000\file_cache\jln13027058867353728052\jln9500427910814225722\natives\windows-amd64\jogl_desktop.dll
0x00007ff96fa70000 - 0x00007ff96fac2000 	C:\Users\Diego\AppData\Local\Temp\jogamp_0000\file_cache\jln13027058867353728052\jln9500427910814225722\natives\windows-amd64\jogl_mobile.dll
0x00007ffb02890000 - 0x00007ffb02992000 	C:\Windows\System32\AppXDeploymentClient.dll
0x00007ffa81d30000 - 0x00007ffa85fba000 	C:\WINDOWS\System32\DriverStore\FileRepository\nv_dispig.inf_amd64_7e5fd280efaa5445\nvoglv64.dll
0x00007ffb09ec0000 - 0x00007ffb0a32e000 	C:\WINDOWS\System32\SETUPAPI.dll
0x00007ffb03db0000 - 0x00007ffb03dc4000 	C:\WINDOWS\SYSTEM32\WTSAPI32.dll
0x00007ffb08110000 - 0x00007ffb08143000 	C:\WINDOWS\SYSTEM32\ntmarta.dll
0x00007ffb08740000 - 0x00007ffb0878b000 	C:\WINDOWS\SYSTEM32\powrprof.dll
0x00007ffb08720000 - 0x00007ffb08732000 	C:\WINDOWS\SYSTEM32\UMPDC.dll
0x00007ffb08280000 - 0x00007ffb082db000 	C:\WINDOWS\SYSTEM32\WINSTA.dll
0x00007ffae2770000 - 0x00007ffae2869000 	C:\WINDOWS\SYSTEM32\textinputframework.dll
0x00007ffb04d90000 - 0x00007ffb04e82000 	C:\WINDOWS\System32\CoreMessaging.dll
0x00007ffb04a30000 - 0x00007ffb04d8b000 	C:\WINDOWS\System32\CoreUIComponents.dll
0x00007ffb052f0000 - 0x00007ffb05447000 	C:\WINDOWS\SYSTEM32\wintypes.dll
0x00007ffae8f70000 - 0x00007ffae8fd6000 	C:\WINDOWS\system32\Oleacc.dll

dbghelp: loaded successfully - version: 4.0.5 - missing functions: none
symbol engine: initialized successfully - sym options: 0x614 - pdb path: .;C:\Program Files\Java\jdk-15.0.2\bin;C:\WINDOWS\SYSTEM32;C:\WINDOWS\WinSxS\amd64_microsoft.windows.common-controls_6595b64144ccf1df_6.0.19041.4355_none_60b8b9eb71f62e16;C:\Program Files\Java\jdk-15.0.2\bin\server;C:\WINDOWS\System32\DriverStore\FileRepository\nv_dispig.inf_amd64_7e5fd280efaa5445;C:\Users\Diego\AppData\Local\Temp\jogamp_0000\file_cache\jln13027058867353728052\jln9500427910814225722\natives\windows-amd64

VM Arguments:
jvm_args: -Dfile.encoding=UTF-8 --module-path=C:\GD\Mampos\Mampos\build\classes 
java_command: mampos.Mampos --add-exports java.base/java.lang=ALL-UNNAMED --add-exports java.desktop/sun.awt=ALL-UNNAMED --add-exports java.desktop/sun.java2d=ALL-UNNAMED
java_class_path (initial): C:\GD\Book\Book\JOGL\jogamp-all-platforms\jar\gluegen-rt.jar;C:\GD\Book\Book\JOGL\jogamp-all-platforms\jar\jogl-all.jar;C:\GD\Book\Book\JOGL\JOML\joml-1.10.7.jar;C:\Program Files\NetBeans-22\netbeans\java\modules\ext\AbsoluteLayout.jar;C:\GD\Book\Book\gson-2.11.0.jar;C:\GD\Mampos\Mampos\build\classes
Launcher Type: SUN_STANDARD

[Global flags]
     intx CICompilerCount                          = 12                                        {product} {ergonomic}
     uint ConcGCThreads                            = 3                                         {product} {ergonomic}
     uint G1ConcRefinementThreads                  = 13                                        {product} {ergonomic}
   size_t G1HeapRegionSize                         = 4194304                                   {product} {ergonomic}
    uintx GCDrainStackTargetSize                   = 64                                        {product} {ergonomic}
   size_t InitialHeapSize                          = 536870912                                 {product} {ergonomic}
   size_t MarkStackSize                            = 4194304                                   {product} {ergonomic}
   size_t MaxHeapSize                              = 8573157376                                {product} {ergonomic}
   size_t MaxNewSize                               = 5142216704                                {product} {ergonomic}
   size_t MinHeapDeltaBytes                        = 4194304                                   {product} {ergonomic}
   size_t MinHeapSize                              = 8388608                                   {product} {ergonomic}
    uintx NonNMethodCodeHeapSize                   = 7602480                                {pd product} {ergonomic}
    uintx NonProfiledCodeHeapSize                  = 122027880                              {pd product} {ergonomic}
    uintx ProfiledCodeHeapSize                     = 122027880                              {pd product} {ergonomic}
    uintx ReservedCodeCacheSize                    = 251658240                              {pd product} {ergonomic}
     bool SegmentedCodeCache                       = true                                      {product} {ergonomic}
   size_t SoftMaxHeapSize                          = 8573157376                             {manageable} {ergonomic}
     bool UseCompressedClassPointers               = true                                 {lp64_product} {ergonomic}
     bool UseCompressedOops                        = true                                 {lp64_product} {ergonomic}
     bool UseG1GC                                  = true                                      {product} {ergonomic}
     bool UseLargePagesIndividualAllocation        = false                                  {pd product} {ergonomic}

Logging:
Log output configuration:
 #0: stdout all=warning uptime,level,tags
 #1: stderr all=off uptime,level,tags

Environment Variables:
JAVA_HOME=C:\Program Files\Java\jdk-22\
PATH=C:\Program Files (x86)\Common Files\Intel\Shared Libraries\redist\intel64_win\compiler;C:\Python311\Scripts\;C:\Python311\;C:\Program Files\Microsoft\jdk-11.0.16.101-hotspot\bin;C:\Program Files\BellSoft\LibericaJDK-17-Full\bin\;C:\ProgramData\Oracle\Java\javapath;C:\Program Files\Common Files\Oracle\Java\javapath;C:\Program Files (x86)\Common Files\Oracle\Java\java8path;C:\Program Files (x86)\Common Files\Oracle\Java\javapath;C:\Program Files (x86)\NVIDIA Corporation\PhysX\Common;C:\Program Files (x86)\Common Files\Intel\Shared Libraries\redist\intel64\compiler;C:\WINDOWS\system32;C:\WINDOWS;C:\WINDOWS\System32\Wbem;C:\WINDOWS\System32\WindowsPowerShell\v1.0\;C:\WINDOWS\System32\OpenSSH\;C:\Program Files\Microsoft SQL Server\120\Tools\Binn\;C:\Program Files\Common Files\Autodesk Shared\;C:\Program Files\Microsoft SQL Server\Client SDK\ODBC\110\Tools\Binn\;C:\Program Files (x86)\Microsoft SQL Server\120\Tools\Binn\;C:\Program Files\Microsoft SQL Server\120\DTS\Binn\;C:\Program Files (x86)\Windows Kits\8.1\Windows Performance Toolkit\;C:\Program Files (x86)\Common Files\Autodesk Shared\Advance\;C:\Program Files (x86)\Microsoft SQL Server\90\Tools\binn\;C:\Program Files\Git\cmd;C:\Program Files\PostgreSQL\15\bin;C:\Program Files\Microsoft SQL Server\150\Tools\Binn\;C:\Program Files\Common Files\Autodesk Shared\Advance\;C:\Program Files\dotnet\;C:\Program Files\Docker\Docker\resources\bin;C:\Program Files (x86)\cloudflared\.;C:\Program Files\nodejs\;C:\ProgramData\chocolatey\bin;C:\tools\Manim\Scripts;C:\Program Files\MiKTeX\miktex\bin\x64\;C:\Program Files\Calibre2\;C:\Program Files\MATLAB\R2024a\runtime\win64;C:\Program Files\MATLAB\R2024a\bin;C:\Users\Diego\.cargo\bin;C:\Users\Diego\AppData\Local\Programs\Python\Python38\Scripts\;C:\Users\Diego\AppData\Local\Programs\Python\Python38\;C:\Users\Diego\AppData\Local\Programs\Python\Python38-32\Scripts\;C:\Users\Diego\AppData\Local\Programs\Python\Python38-32\;C:\Users\Diego\AppData\Local\Microsoft\WindowsApps;C:\Users
USERNAME=Diego
OS=Windows_NT
PROCESSOR_IDENTIFIER=AMD64 Family 23 Model 113 Stepping 0, AuthenticAMD



---------------  S Y S T E M  ---------------

OS:
 Windows 10 , 64 bit Build 19041 (10.0.19041.4717)
OS uptime: 0 days 11:31 hours
HyperV virtualization detected

CPU: total 16 (initial active 16) (16 cores per cpu, 2 threads per core) family 23 model 113 stepping 0 microcode 0x0, cmov, cx8, fxsr, mmx, sse, sse2, sse3, ssse3, sse4.1, sse4.2, popcnt, vzeroupper, avx, avx2, aes, clmul, 3dnowpref, lzcnt, sse4a, ht, tsc, tscinvbit, tscinv, bmi1, bmi2, adx, sha, fma, clflush, clflushopt

Memory: 4k page, system-wide physical 32689M (13700M free)
TotalPageFile size 37553M (AvailPageFile size 8768M)
current process WorkingSet (physical memory assigned to process): 294M, peak: 319M
current process commit charge ("private bytes"): 857M, peak: 857M

vm_info: Java HotSpot(TM) 64-Bit Server VM (15.0.2+7-27) for windows-amd64 JRE (15.0.2+7-27), built on Dec  7 2020 20:07:01 by "mach5one" with unknown MS VC++:1925

END.
