#
# A fatal error has been detected by the Java Runtime Environment:
#
#  EXCEPTION_ACCESS_VIOLATION (0xc0000005) at pc=0x00000189fc1bfe40, pid=29952, tid=27392
#
# JRE version: Java(TM) SE Runtime Environment (15.0.2+7) (build 15.0.2+7-27)
# Java VM: Java HotSpot(TM) 64-Bit Server VM (15.0.2+7-27, mixed mode, sharing, tiered, compressed oops, g1 gc, windows-amd64)
# Problematic frame:
# C  0x00000189fc1bfe40
#
# No core dump will be written. Minidumps are not enabled by default on client versions of Windows
#
# If you would like to submit a bug report, please visit:
#   https://bugreport.java.com/bugreport/crash.jsp
# The crash happened outside the Java Virtual Machine in native code.
# See problematic frame for where to report the bug.
#

---------------  S U M M A R Y ------------

Command Line: -Dfile.encoding=UTF-8 --module-path=C:\GD\Mampos\Mampos\build\classes mampos.Mampos --add-exports java.base/java.lang=ALL-UNNAMED --add-exports java.desktop/sun.awt=ALL-UNNAMED --add-exports java.desktop/sun.java2d=ALL-UNNAMED

Host: AMD Ryzen 7 3700X 8-Core Processor             , 16 cores, 31G,  Windows 10 , 64 bit Build 19041 (10.0.19041.4717)
Time: Tue Sep  3 22:10:37 2024 Hora estándar, América Central elapsed time: 3.014276 seconds (0d 0h 0m 3s)

---------------  T H R E A D  ---------------

Current thread (0x00000189f2683660):  JavaThread "AWT-EventQueue-0" [_thread_in_native, id=27392, stack(0x000000234a800000,0x000000234a900000)]

Stack: [0x000000234a800000,0x000000234a900000],  sp=0x000000234a8fe490,  free space=1017k
Native frames: (J=compiled Java code, j=interpreted, Vv=VM code, C=native code)
C  0x00000189fc1bfe40

Java frames: (J=compiled Java code, j=interpreted, Vv=VM code)
j  jogamp.opengl.gl4.GL4bcImpl.dispatch_glDrawArrays1(IIIJ)V+0
j  jogamp.opengl.gl4.GL4bcImpl.glDrawArrays(III)V+45
j  components.ControladorDeCotas.dibujarCotas(Lcom/jogamp/opengl/GL4;[III)V+53
j  rendering.Planta.display(Lcom/jogamp/opengl/GLAutoDrawable;)V+306
j  jogamp.opengl.GLDrawableHelper.displayImpl(Lcom/jogamp/opengl/GLAutoDrawable;)V+62
j  jogamp.opengl.GLDrawableHelper.display(Lcom/jogamp/opengl/GLAutoDrawable;)V+2
j  com.jogamp.opengl.awt.GLCanvas$10.run()V+118
j  jogamp.opengl.GLDrawableHelper.invokeGLImpl(Lcom/jogamp/opengl/GLDrawable;Lcom/jogamp/opengl/GLContext;Ljava/lang/Runnable;Ljava/lang/Runnable;)V+205
j  jogamp.opengl.GLDrawableHelper.invokeGL(Lcom/jogamp/opengl/GLDrawable;Lcom/jogamp/opengl/GLContext;Ljava/lang/Runnable;Ljava/lang/Runnable;)V+75
j  com.jogamp.opengl.awt.GLCanvas$11.run()V+104
j  java.awt.event.InvocationEvent.dispatch()V+11 java.desktop@15.0.2
j  java.awt.EventQueue.dispatchEventImpl(Ljava/awt/AWTEvent;Ljava/lang/Object;)V+21 java.desktop@15.0.2
j  java.awt.EventQueue$4.run()Ljava/lang/Void;+32 java.desktop@15.0.2
j  java.awt.EventQueue$4.run()Ljava/lang/Object;+1 java.desktop@15.0.2
J 890 c1 java.security.AccessController.executePrivileged(Ljava/security/PrivilegedAction;Ljava/security/AccessControlContext;Ljava/lang/Class;)Ljava/lang/Object; java.base@15.0.2 (65 bytes) @ 0x00000189cc8e3344 [0x00000189cc8e31e0+0x0000000000000164]
j  java.security.AccessController.doPrivileged(Ljava/security/PrivilegedAction;Ljava/security/AccessControlContext;)Ljava/lang/Object;+13 java.base@15.0.2
j  java.security.ProtectionDomain$JavaSecurityAccessImpl.doIntersectionPrivilege(Ljava/security/PrivilegedAction;Ljava/security/AccessControlContext;Ljava/security/AccessControlContext;)Ljava/lang/Object;+18 java.base@15.0.2
j  java.awt.EventQueue.dispatchEvent(Ljava/awt/AWTEvent;)V+46 java.desktop@15.0.2
j  java.awt.EventDispatchThread.pumpOneEventForFilters(I)V+78 java.desktop@15.0.2
j  java.awt.EventDispatchThread.pumpEventsForFilter(ILjava/awt/Conditional;Ljava/awt/EventFilter;)V+35 java.desktop@15.0.2
j  java.awt.EventDispatchThread.pumpEventsForHierarchy(ILjava/awt/Conditional;Ljava/awt/Component;)V+11 java.desktop@15.0.2
j  java.awt.EventDispatchThread.pumpEvents(ILjava/awt/Conditional;)V+4 java.desktop@15.0.2
j  java.awt.EventDispatchThread.pumpEvents(Ljava/awt/Conditional;)V+3 java.desktop@15.0.2
j  java.awt.EventDispatchThread.run()V+9 java.desktop@15.0.2
v  ~StubRoutines::call_stub

siginfo: EXCEPTION_ACCESS_VIOLATION (0xc0000005), reading address 0x0000000000000000


Register to memory mapping:

RIP=0x00000189fc1bfe40 points into unknown readable memory: 0x893889046e8b3e8b | 8b 3e 8b 6e 04 89 38 89
RAX=0x0000018985dba040 points into unknown readable memory: 0x0000000000000000 | 00 00 00 00 00 00 00 00
RBX=0x00000189fc520000 points into unknown readable memory: 0x00000189fa9f8fd0 | d0 8f 9f fa 89 01 00 00
RCX=0x0 is NULL
RDX=0x0000000000000012 is an unknown value
RSP=0x000000234a8fe490 is pointing into the stack for thread: 0x00000189f2683660
RBP=0x00000189fae96e90 points into unknown readable memory: 0x0000000000000400 | 00 04 00 00 00 00 00 00
RSI=0x0 is NULL
RDI=0x0 is NULL
R8 =0x0 is NULL
R9 =0x0000000000000012 is an unknown value
R10=0x00000189fae96e90 points into unknown readable memory: 0x0000000000000400 | 00 04 00 00 00 00 00 00
R11=0x0 is NULL
R12=0x0 is NULL
R13=0x0 is NULL
R14=0x0000000000000001 is an unknown value
R15=0x0000018985dba040 points into unknown readable memory: 0x0000000000000000 | 00 00 00 00 00 00 00 00


Registers:
RAX=0x0000018985dba040, RBX=0x00000189fc520000, RCX=0x0000000000000000, RDX=0x0000000000000012
RSP=0x000000234a8fe490, RBP=0x00000189fae96e90, RSI=0x0000000000000000, RDI=0x0000000000000000
R8 =0x0000000000000000, R9 =0x0000000000000012, R10=0x00000189fae96e90, R11=0x0000000000000000
R12=0x0000000000000000, R13=0x0000000000000000, R14=0x0000000000000001, R15=0x0000018985dba040
RIP=0x00000189fc1bfe40, EFLAGS=0x0000000000010206

Top of Stack: (sp=0x000000234a8fe490)
0x000000234a8fe490:   0000018900000000 0000000000000000
0x000000234a8fe4a0:   0000000000000012 00000189fc520000
0x000000234a8fe4b0:   00000189fae96e90 00007ffa8329944c
0x000000234a8fe4c0:   00000189fc520000 00000189fae96e90
0x000000234a8fe4d0:   0000000000000012 00000189fc520000
0x000000234a8fe4e0:   00000189fb319948 0000000000000003
0x000000234a8fe4f0:   0000000000000012 00000189fb319948
0x000000234a8fe500:   0000000000000001 00000189fae96e90
0x000000234a8fe510:   0000000000000012 0000000000000000
0x000000234a8fe520:   00000189fc520000 00007ffa83295433
0x000000234a8fe530:   0000018900000000 0000000000000000
0x000000234a8fe540:   0000000000000001 0000000000000012
0x000000234a8fe550:   0000000000000083 00c0000000000000
0x000000234a8fe560:   00000189fb319948 00000189fae96e90
0x000000234a8fe570:   0000000000000000 00007ffa83295690
0x000000234a8fe580:   0000000000000012 00000189fc520000 

Instructions: (pc=0x00000189fc1bfe40)
0x00000189fc1bfd40:   00 00 00 00 00 00 00 00 00 00 00 00 00 00 00 00
0x00000189fc1bfd50:   00 00 00 00 00 00 00 00 00 00 00 00 00 00 00 00
0x00000189fc1bfd60:   00 00 00 00 00 00 00 00 00 00 00 00 00 00 00 00
0x00000189fc1bfd70:   00 00 00 00 00 00 00 00 00 00 00 00 00 00 00 00
0x00000189fc1bfd80:   00 00 00 00 00 00 00 00 00 00 00 00 00 00 00 00
0x00000189fc1bfd90:   00 00 00 00 00 00 00 00 00 00 00 00 00 00 00 00
0x00000189fc1bfda0:   00 00 00 00 00 00 00 00 00 00 00 00 00 00 00 00
0x00000189fc1bfdb0:   00 00 00 00 00 00 00 00 00 00 00 00 00 00 00 00
0x00000189fc1bfdc0:   00 00 00 00 00 00 00 00 00 00 00 00 00 00 00 00
0x00000189fc1bfdd0:   00 00 00 00 00 00 00 00 00 00 00 00 00 00 00 00
0x00000189fc1bfde0:   00 00 00 00 00 00 00 00 00 00 00 00 00 00 00 00
0x00000189fc1bfdf0:   00 00 00 00 00 00 00 00 40 ff ff ff c0 fd 00 00
0x00000189fc1bfe00:   48 83 ec 28 48 89 6c 24 20 48 89 5c 24 18 48 89
0x00000189fc1bfe10:   74 24 10 48 89 7c 24 08 48 8b d9 48 8b c2 49 8b
0x00000189fc1bfe20:   c8 49 8b d1 48 be b0 8d 57 fc 89 01 00 00 48 8b
0x00000189fc1bfe30:   36 48 8b b6 08 03 00 00 48 8d 3c 49 48 8d 34 be
0x00000189fc1bfe40:   8b 3e 8b 6e 04 89 38 89 68 04 8b 7e 08 89 78 08
0x00000189fc1bfe50:   48 be b0 8d 57 fc 89 01 00 00 48 8b 36 48 8b b6
0x00000189fc1bfe60:   38 03 00 00 48 8d 34 ce 8b 3e 8b 6e 04 89 78 0c
0x00000189fc1bfe70:   89 68 10 48 83 c0 14 ff c1 ff ca 75 a7 48 8b 7c
0x00000189fc1bfe80:   24 08 48 8b 74 24 10 48 8b 5c 24 18 48 8b 6c 24
0x00000189fc1bfe90:   20 48 83 c4 28 c3 00 00 00 00 00 00 00 00 00 00
0x00000189fc1bfea0:   00 00 00 00 00 00 00 00 00 00 00 00 00 00 00 00
0x00000189fc1bfeb0:   00 00 00 00 00 00 00 00 80 ff ff ff c0 00 00 00
0x00000189fc1bfec0:   55 48 8b ec 53 56 57 4c 8b da 4c 8b d1 49 8b f2
0x00000189fc1bfed0:   49 8b fb 41 8b e8 85 ed 0f 84 30 00 00 00 b9 03
0x00000189fc1bfee0:   00 00 00 0f 8f 05 00 00 00 48 f7 d9 f7 dd 0f b6
0x00000189fc1bfef0:   5e 02 c1 e3 10 0f b7 16 0b da 48 03 f1 48 83 c7
0x00000189fc1bff00:   04 81 e3 ff ff ff 00 ff cd 89 5f fc 75 e0 5f 5e
0x00000189fc1bff10:   5b 5d c3 00 00 00 00 00 00 00 00 00 00 00 00 00
0x00000189fc1bff20:   00 00 00 00 00 00 00 00 00 00 00 00 00 00 00 00
0x00000189fc1bff30:   00 00 00 00 00 00 00 00 c0 ff ff ff 80 00 00 00 


Stack slot to memory mapping:
stack at sp + 0 slots: 0x0000018900000000 is an unknown value
stack at sp + 1 slots: 0x0 is NULL
stack at sp + 2 slots: 0x0000000000000012 is an unknown value
stack at sp + 3 slots: 0x00000189fc520000 points into unknown readable memory: 0x00000189fa9f8fd0 | d0 8f 9f fa 89 01 00 00
stack at sp + 4 slots: 0x00000189fae96e90 points into unknown readable memory: 0x0000000000000400 | 00 04 00 00 00 00 00 00
stack at sp + 5 slots: 0x00007ffa8329944c nvoglv64.dll
stack at sp + 6 slots: 0x00000189fc520000 points into unknown readable memory: 0x00000189fa9f8fd0 | d0 8f 9f fa 89 01 00 00
stack at sp + 7 slots: 0x00000189fae96e90 points into unknown readable memory: 0x0000000000000400 | 00 04 00 00 00 00 00 00


---------------  P R O C E S S  ---------------

Threads class SMR info:
_java_thread_list=0x00000189fb165690, length=22, elements={
0x00000189f18b63d0, 0x00000189f18b6eb0, 0x00000189f18ccf00, 0x00000189f18cd8c0,
0x00000189f18cf290, 0x00000189f18d3050, 0x00000189f18d3b00, 0x00000189f18d4500,
0x00000189f18a02e0, 0x00000189f226f720, 0x00000189f2277110, 0x00000189f2315250,
0x00000189f2676ce0, 0x00000189f26771b0, 0x00000189f2677680, 0x00000189f2683660,
0x00000189c3e0d700, 0x00000189f2a49ee0, 0x00000189f2a48200, 0x00000189f2a4a3b0,
0x00000189f2a47860, 0x00000189f2a486d0
}

Java Threads: ( => current thread )
  0x00000189f18b63d0 JavaThread "Reference Handler" daemon [_thread_blocked, id=28100, stack(0x0000002349700000,0x0000002349800000)]
  0x00000189f18b6eb0 JavaThread "Finalizer" daemon [_thread_blocked, id=15724, stack(0x0000002349800000,0x0000002349900000)]
  0x00000189f18ccf00 JavaThread "Signal Dispatcher" daemon [_thread_blocked, id=16952, stack(0x0000002349900000,0x0000002349a00000)]
  0x00000189f18cd8c0 JavaThread "Attach Listener" daemon [_thread_blocked, id=29512, stack(0x0000002349a00000,0x0000002349b00000)]
  0x00000189f18cf290 JavaThread "Service Thread" daemon [_thread_blocked, id=19152, stack(0x0000002349b00000,0x0000002349c00000)]
  0x00000189f18d3050 JavaThread "C2 CompilerThread0" daemon [_thread_blocked, id=18060, stack(0x0000002349c00000,0x0000002349d00000)]
  0x00000189f18d3b00 JavaThread "C1 CompilerThread0" daemon [_thread_blocked, id=1276, stack(0x0000002349d00000,0x0000002349e00000)]
  0x00000189f18d4500 JavaThread "Sweeper thread" daemon [_thread_blocked, id=6524, stack(0x0000002349e00000,0x0000002349f00000)]
  0x00000189f18a02e0 JavaThread "Common-Cleaner" daemon [_thread_blocked, id=21460, stack(0x0000002349f00000,0x000000234a000000)]
  0x00000189f226f720 JavaThread "C1 CompilerThread1" daemon [_thread_blocked, id=308, stack(0x000000234a000000,0x000000234a100000)]
  0x00000189f2277110 JavaThread "C1 CompilerThread2" daemon [_thread_blocked, id=1168, stack(0x000000234a100000,0x000000234a200000)]
  0x00000189f2315250 JavaThread "Notification Thread" daemon [_thread_blocked, id=17744, stack(0x000000234a300000,0x000000234a400000)]
  0x00000189f2676ce0 JavaThread "Java2D Disposer" daemon [_thread_blocked, id=30380, stack(0x000000234a500000,0x000000234a600000)]
  0x00000189f26771b0 JavaThread "AWT-Shutdown" [_thread_blocked, id=3336, stack(0x000000234a600000,0x000000234a700000)]
  0x00000189f2677680 JavaThread "AWT-Windows" daemon [_thread_in_native, id=18064, stack(0x000000234a700000,0x000000234a800000)]
=>0x00000189f2683660 JavaThread "AWT-EventQueue-0" [_thread_in_native, id=27392, stack(0x000000234a800000,0x000000234a900000)]
  0x00000189c3e0d700 JavaThread "DestroyJavaVM" [_thread_blocked, id=28884, stack(0x0000002349000000,0x0000002349100000)]
  0x00000189f2a49ee0 JavaThread "TimerQueue" daemon [_thread_blocked, id=5480, stack(0x000000234ab00000,0x000000234ac00000)]
  0x00000189f2a48200 JavaThread "AWT-EventQueue-0-SharedResourceRunner" daemon [_thread_blocked, id=7604, stack(0x000000234af00000,0x000000234b000000)]
  0x00000189f2a4a3b0 JavaThread "AWT-EventQueue-0-AWTAnimator#00" [_thread_blocked, id=21660, stack(0x000000234bd00000,0x000000234be00000)]
  0x00000189f2a47860 JavaThread "AWT-EventQueue-0-AWTAnimator#01" [_thread_blocked, id=2704, stack(0x000000234be00000,0x000000234bf00000)]
  0x00000189f2a486d0 JavaThread "D3D Screen Updater" daemon [_thread_blocked, id=26528, stack(0x000000234bf00000,0x000000234c000000)]

Other Threads:
  0x00000189f18b4c40 VMThread "VM Thread" [stack: 0x0000002349600000,0x0000002349700000] [id=29572]
  0x00000189c3e0e640 WatcherThread [stack: 0x000000234a400000,0x000000234a500000] [id=26776]
  0x00000189c3e84560 GCTaskThread "GC Thread#0" [stack: 0x0000002349100000,0x0000002349200000] [id=25344]
  0x00000189f29e64b0 GCTaskThread "GC Thread#1" [stack: 0x000000234b200000,0x000000234b300000] [id=30704]
  0x00000189f29e67e0 GCTaskThread "GC Thread#2" [stack: 0x000000234b300000,0x000000234b400000] [id=27676]
  0x00000189f29e6b10 GCTaskThread "GC Thread#3" [stack: 0x000000234b400000,0x000000234b500000] [id=24556]
  0x00000189f29e6e40 GCTaskThread "GC Thread#4" [stack: 0x000000234b500000,0x000000234b600000] [id=25364]
  0x00000189fad44ec0 GCTaskThread "GC Thread#5" [stack: 0x000000234b600000,0x000000234b700000] [id=25280]
  0x00000189fad45520 GCTaskThread "GC Thread#6" [stack: 0x000000234b700000,0x000000234b800000] [id=30508]
  0x00000189fad44b90 GCTaskThread "GC Thread#7" [stack: 0x000000234b800000,0x000000234b900000] [id=30456]
  0x00000189fad47b60 GCTaskThread "GC Thread#8" [stack: 0x000000234b900000,0x000000234ba00000] [id=28828]
  0x00000189fad461e0 GCTaskThread "GC Thread#9" [stack: 0x000000234ba00000,0x000000234bb00000] [id=25080]
  0x00000189fad47830 GCTaskThread "GC Thread#10" [stack: 0x000000234bb00000,0x000000234bc00000] [id=14224]
  0x00000189fad47e90 GCTaskThread "GC Thread#11" [stack: 0x000000234bc00000,0x000000234bd00000] [id=28016]
  0x00000189c3e96cf0 ConcurrentGCThread "G1 Main Marker" [stack: 0x0000002349200000,0x0000002349300000] [id=29052]
  0x00000189c3e977f0 ConcurrentGCThread "G1 Conc#0" [stack: 0x0000002349300000,0x0000002349400000] [id=29152]
  0x00000189c3ede980 ConcurrentGCThread "G1 Refine#0" [stack: 0x0000002349400000,0x0000002349500000] [id=17000]
  0x00000189f17a9720 ConcurrentGCThread "G1 Young RemSet Sampling" [stack: 0x0000002349500000,0x0000002349600000] [id=29788]

Threads with active compile tasks:

VM state: not at safepoint (normal execution)

VM Mutex/Monitor currently owned by a thread: None

Heap address: 0x0000000601000000, size: 8176 MB, Compressed Oops mode: Zero based, Oop shift amount: 3
CDS archive(s) mapped at: [0x0000000800000000-0x0000000800b50000-0x0000000800b50000), size 11862016, SharedBaseAddress: 0x0000000800000000, ArchiveRelocationMode: 0.
Compressed class space mapped at: 0x0000000800b50000-0x0000000840b50000, size: 1073741824
Narrow klass base: 0x0000000800000000, Narrow klass shift: 3, Narrow klass range: 0x100000000

GC Precious Log:
 CPUs: 16 total, 16 available
 Memory: 32689M
 Large Page Support: Disabled
 NUMA Support: Disabled
 Compressed Oops: Enabled (Zero based)
 Heap Region Size: 4M
 Heap Min Capacity: 8M
 Heap Initial Capacity: 512M
 Heap Max Capacity: 8176M
 Pre-touch: Disabled
 Parallel Workers: 13
 Concurrent Workers: 3
 Concurrent Refinement Workers: 13
 Periodic GC: Disabled

Heap:
 garbage-first heap   total 524288K, used 53383K [0x0000000601000000, 0x0000000800000000)
  region size 4096K, 6 young (24576K), 2 survivors (8192K)
 Metaspace       used 18869K, capacity 19062K, committed 19456K, reserved 1067008K
  class space    used 1661K, capacity 1726K, committed 1792K, reserved 1048576K

Heap Regions: E=young(eden), S=young(survivor), O=old, HS=humongous(starts), HC=humongous(continues), CS=collection set, F=free, OA=open archive, CA=closed archive, TAMS=top-at-mark-start (previous, next)
|   0|0x0000000601000000, 0x0000000601400000, 0x0000000601400000|100%| O|  |TAMS 0x0000000601000000, 0x0000000601000000| Untracked 
|   1|0x0000000601400000, 0x0000000601800000, 0x0000000601800000|100%| O|  |TAMS 0x0000000601400000, 0x0000000601400000| Untracked 
|   2|0x0000000601800000, 0x0000000601c00000, 0x0000000601c00000|100%| O|  |TAMS 0x0000000601800000, 0x0000000601800000| Untracked 
|   3|0x0000000601c00000, 0x0000000602000000, 0x0000000602000000|100%| O|  |TAMS 0x0000000601c00000, 0x0000000601c00000| Untracked 
|   4|0x0000000602000000, 0x0000000602400000, 0x0000000602400000|100%| O|  |TAMS 0x0000000602000000, 0x0000000602000000| Untracked 
|   5|0x0000000602400000, 0x0000000602800000, 0x0000000602800000|100%| O|  |TAMS 0x0000000602400000, 0x0000000602400000| Untracked 
|   6|0x0000000602800000, 0x0000000602c00000, 0x0000000602c00000|100%| O|  |TAMS 0x0000000602800000, 0x0000000602800000| Untracked 
|   7|0x0000000602c00000, 0x0000000603000000, 0x0000000603000000|100%| O|  |TAMS 0x0000000602c00000, 0x0000000602c00000| Untracked 
|   8|0x0000000603000000, 0x0000000603021e00, 0x0000000603400000|  3%| O|  |TAMS 0x0000000603000000, 0x0000000603000000| Untracked 
|   9|0x0000000603400000, 0x0000000603400000, 0x0000000603800000|  0%| F|  |TAMS 0x0000000603400000, 0x0000000603400000| Untracked 
|  10|0x0000000603800000, 0x0000000603800000, 0x0000000603c00000|  0%| F|  |TAMS 0x0000000603800000, 0x0000000603800000| Untracked 
|  11|0x0000000603c00000, 0x0000000603c00000, 0x0000000604000000|  0%| F|  |TAMS 0x0000000603c00000, 0x0000000603c00000| Untracked 
|  12|0x0000000604000000, 0x0000000604000000, 0x0000000604400000|  0%| F|  |TAMS 0x0000000604000000, 0x0000000604000000| Untracked 
|  13|0x0000000604400000, 0x0000000604400000, 0x0000000604800000|  0%| F|  |TAMS 0x0000000604400000, 0x0000000604400000| Untracked 
|  14|0x0000000604800000, 0x0000000604800000, 0x0000000604c00000|  0%| F|  |TAMS 0x0000000604800000, 0x0000000604800000| Untracked 
|  15|0x0000000604c00000, 0x0000000604c00000, 0x0000000605000000|  0%| F|  |TAMS 0x0000000604c00000, 0x0000000604c00000| Untracked 
|  16|0x0000000605000000, 0x0000000605000000, 0x0000000605400000|  0%| F|  |TAMS 0x0000000605000000, 0x0000000605000000| Untracked 
|  17|0x0000000605400000, 0x0000000605400000, 0x0000000605800000|  0%| F|  |TAMS 0x0000000605400000, 0x0000000605400000| Untracked 
|  18|0x0000000605800000, 0x0000000605800000, 0x0000000605c00000|  0%| F|  |TAMS 0x0000000605800000, 0x0000000605800000| Untracked 
|  19|0x0000000605c00000, 0x0000000605c00000, 0x0000000606000000|  0%| F|  |TAMS 0x0000000605c00000, 0x0000000605c00000| Untracked 
|  20|0x0000000606000000, 0x0000000606000000, 0x0000000606400000|  0%| F|  |TAMS 0x0000000606000000, 0x0000000606000000| Untracked 
|  21|0x0000000606400000, 0x0000000606400000, 0x0000000606800000|  0%| F|  |TAMS 0x0000000606400000, 0x0000000606400000| Untracked 
|  22|0x0000000606800000, 0x0000000606800000, 0x0000000606c00000|  0%| F|  |TAMS 0x0000000606800000, 0x0000000606800000| Untracked 
|  23|0x0000000606c00000, 0x0000000606c00000, 0x0000000607000000|  0%| F|  |TAMS 0x0000000606c00000, 0x0000000606c00000| Untracked 
|  24|0x0000000607000000, 0x0000000607000000, 0x0000000607400000|  0%| F|  |TAMS 0x0000000607000000, 0x0000000607000000| Untracked 
|  25|0x0000000607400000, 0x0000000607400000, 0x0000000607800000|  0%| F|  |TAMS 0x0000000607400000, 0x0000000607400000| Untracked 
|  26|0x0000000607800000, 0x0000000607800000, 0x0000000607c00000|  0%| F|  |TAMS 0x0000000607800000, 0x0000000607800000| Untracked 
|  27|0x0000000607c00000, 0x0000000607c00000, 0x0000000608000000|  0%| F|  |TAMS 0x0000000607c00000, 0x0000000607c00000| Untracked 
|  28|0x0000000608000000, 0x0000000608000000, 0x0000000608400000|  0%| F|  |TAMS 0x0000000608000000, 0x0000000608000000| Untracked 
|  29|0x0000000608400000, 0x0000000608400000, 0x0000000608800000|  0%| F|  |TAMS 0x0000000608400000, 0x0000000608400000| Untracked 
|  30|0x0000000608800000, 0x0000000608800000, 0x0000000608c00000|  0%| F|  |TAMS 0x0000000608800000, 0x0000000608800000| Untracked 
|  31|0x0000000608c00000, 0x0000000608c00000, 0x0000000609000000|  0%| F|  |TAMS 0x0000000608c00000, 0x0000000608c00000| Untracked 
|  32|0x0000000609000000, 0x0000000609000000, 0x0000000609400000|  0%| F|  |TAMS 0x0000000609000000, 0x0000000609000000| Untracked 
|  33|0x0000000609400000, 0x0000000609400000, 0x0000000609800000|  0%| F|  |TAMS 0x0000000609400000, 0x0000000609400000| Untracked 
|  34|0x0000000609800000, 0x0000000609800000, 0x0000000609c00000|  0%| F|  |TAMS 0x0000000609800000, 0x0000000609800000| Untracked 
|  35|0x0000000609c00000, 0x0000000609c00000, 0x000000060a000000|  0%| F|  |TAMS 0x0000000609c00000, 0x0000000609c00000| Untracked 
|  36|0x000000060a000000, 0x000000060a000000, 0x000000060a400000|  0%| F|  |TAMS 0x000000060a000000, 0x000000060a000000| Untracked 
|  37|0x000000060a400000, 0x000000060a400000, 0x000000060a800000|  0%| F|  |TAMS 0x000000060a400000, 0x000000060a400000| Untracked 
|  38|0x000000060a800000, 0x000000060a800000, 0x000000060ac00000|  0%| F|  |TAMS 0x000000060a800000, 0x000000060a800000| Untracked 
|  39|0x000000060ac00000, 0x000000060ac00000, 0x000000060b000000|  0%| F|  |TAMS 0x000000060ac00000, 0x000000060ac00000| Untracked 
|  40|0x000000060b000000, 0x000000060b000000, 0x000000060b400000|  0%| F|  |TAMS 0x000000060b000000, 0x000000060b000000| Untracked 
|  41|0x000000060b400000, 0x000000060b400000, 0x000000060b800000|  0%| F|  |TAMS 0x000000060b400000, 0x000000060b400000| Untracked 
|  42|0x000000060b800000, 0x000000060b800000, 0x000000060bc00000|  0%| F|  |TAMS 0x000000060b800000, 0x000000060b800000| Untracked 
|  43|0x000000060bc00000, 0x000000060bc00000, 0x000000060c000000|  0%| F|  |TAMS 0x000000060bc00000, 0x000000060bc00000| Untracked 
|  44|0x000000060c000000, 0x000000060c000000, 0x000000060c400000|  0%| F|  |TAMS 0x000000060c000000, 0x000000060c000000| Untracked 
|  45|0x000000060c400000, 0x000000060c400000, 0x000000060c800000|  0%| F|  |TAMS 0x000000060c400000, 0x000000060c400000| Untracked 
|  46|0x000000060c800000, 0x000000060c800000, 0x000000060cc00000|  0%| F|  |TAMS 0x000000060c800000, 0x000000060c800000| Untracked 
|  47|0x000000060cc00000, 0x000000060cc00000, 0x000000060d000000|  0%| F|  |TAMS 0x000000060cc00000, 0x000000060cc00000| Untracked 
|  48|0x000000060d000000, 0x000000060d000000, 0x000000060d400000|  0%| F|  |TAMS 0x000000060d000000, 0x000000060d000000| Untracked 
|  49|0x000000060d400000, 0x000000060d400000, 0x000000060d800000|  0%| F|  |TAMS 0x000000060d400000, 0x000000060d400000| Untracked 
|  50|0x000000060d800000, 0x000000060d800000, 0x000000060dc00000|  0%| F|  |TAMS 0x000000060d800000, 0x000000060d800000| Untracked 
|  51|0x000000060dc00000, 0x000000060dc00000, 0x000000060e000000|  0%| F|  |TAMS 0x000000060dc00000, 0x000000060dc00000| Untracked 
|  52|0x000000060e000000, 0x000000060e000000, 0x000000060e400000|  0%| F|  |TAMS 0x000000060e000000, 0x000000060e000000| Untracked 
|  53|0x000000060e400000, 0x000000060e400000, 0x000000060e800000|  0%| F|  |TAMS 0x000000060e400000, 0x000000060e400000| Untracked 
|  54|0x000000060e800000, 0x000000060e800000, 0x000000060ec00000|  0%| F|  |TAMS 0x000000060e800000, 0x000000060e800000| Untracked 
|  55|0x000000060ec00000, 0x000000060ec00000, 0x000000060f000000|  0%| F|  |TAMS 0x000000060ec00000, 0x000000060ec00000| Untracked 
|  56|0x000000060f000000, 0x000000060f000000, 0x000000060f400000|  0%| F|  |TAMS 0x000000060f000000, 0x000000060f000000| Untracked 
|  57|0x000000060f400000, 0x000000060f400000, 0x000000060f800000|  0%| F|  |TAMS 0x000000060f400000, 0x000000060f400000| Untracked 
|  58|0x000000060f800000, 0x000000060f800000, 0x000000060fc00000|  0%| F|  |TAMS 0x000000060f800000, 0x000000060f800000| Untracked 
|  59|0x000000060fc00000, 0x000000060fc00000, 0x0000000610000000|  0%| F|  |TAMS 0x000000060fc00000, 0x000000060fc00000| Untracked 
|  60|0x0000000610000000, 0x0000000610000000, 0x0000000610400000|  0%| F|  |TAMS 0x0000000610000000, 0x0000000610000000| Untracked 
|  61|0x0000000610400000, 0x0000000610400000, 0x0000000610800000|  0%| F|  |TAMS 0x0000000610400000, 0x0000000610400000| Untracked 
|  62|0x0000000610800000, 0x0000000610800000, 0x0000000610c00000|  0%| F|  |TAMS 0x0000000610800000, 0x0000000610800000| Untracked 
|  63|0x0000000610c00000, 0x0000000610c00000, 0x0000000611000000|  0%| F|  |TAMS 0x0000000610c00000, 0x0000000610c00000| Untracked 
|  64|0x0000000611000000, 0x0000000611000000, 0x0000000611400000|  0%| F|  |TAMS 0x0000000611000000, 0x0000000611000000| Untracked 
|  65|0x0000000611400000, 0x0000000611400000, 0x0000000611800000|  0%| F|  |TAMS 0x0000000611400000, 0x0000000611400000| Untracked 
|  66|0x0000000611800000, 0x0000000611800000, 0x0000000611c00000|  0%| F|  |TAMS 0x0000000611800000, 0x0000000611800000| Untracked 
|  67|0x0000000611c00000, 0x0000000611c00000, 0x0000000612000000|  0%| F|  |TAMS 0x0000000611c00000, 0x0000000611c00000| Untracked 
|  68|0x0000000612000000, 0x0000000612000000, 0x0000000612400000|  0%| F|  |TAMS 0x0000000612000000, 0x0000000612000000| Untracked 
|  69|0x0000000612400000, 0x0000000612400000, 0x0000000612800000|  0%| F|  |TAMS 0x0000000612400000, 0x0000000612400000| Untracked 
|  70|0x0000000612800000, 0x0000000612800000, 0x0000000612c00000|  0%| F|  |TAMS 0x0000000612800000, 0x0000000612800000| Untracked 
|  71|0x0000000612c00000, 0x0000000612c00000, 0x0000000613000000|  0%| F|  |TAMS 0x0000000612c00000, 0x0000000612c00000| Untracked 
|  72|0x0000000613000000, 0x0000000613000000, 0x0000000613400000|  0%| F|  |TAMS 0x0000000613000000, 0x0000000613000000| Untracked 
|  73|0x0000000613400000, 0x0000000613400000, 0x0000000613800000|  0%| F|  |TAMS 0x0000000613400000, 0x0000000613400000| Untracked 
|  74|0x0000000613800000, 0x0000000613800000, 0x0000000613c00000|  0%| F|  |TAMS 0x0000000613800000, 0x0000000613800000| Untracked 
|  75|0x0000000613c00000, 0x0000000613c00000, 0x0000000614000000|  0%| F|  |TAMS 0x0000000613c00000, 0x0000000613c00000| Untracked 
|  76|0x0000000614000000, 0x0000000614000000, 0x0000000614400000|  0%| F|  |TAMS 0x0000000614000000, 0x0000000614000000| Untracked 
|  77|0x0000000614400000, 0x0000000614400000, 0x0000000614800000|  0%| F|  |TAMS 0x0000000614400000, 0x0000000614400000| Untracked 
|  78|0x0000000614800000, 0x0000000614800000, 0x0000000614c00000|  0%| F|  |TAMS 0x0000000614800000, 0x0000000614800000| Untracked 
|  79|0x0000000614c00000, 0x0000000614c00000, 0x0000000615000000|  0%| F|  |TAMS 0x0000000614c00000, 0x0000000614c00000| Untracked 
|  80|0x0000000615000000, 0x0000000615000000, 0x0000000615400000|  0%| F|  |TAMS 0x0000000615000000, 0x0000000615000000| Untracked 
|  81|0x0000000615400000, 0x0000000615400000, 0x0000000615800000|  0%| F|  |TAMS 0x0000000615400000, 0x0000000615400000| Untracked 
|  82|0x0000000615800000, 0x0000000615800000, 0x0000000615c00000|  0%| F|  |TAMS 0x0000000615800000, 0x0000000615800000| Untracked 
|  83|0x0000000615c00000, 0x0000000615c00000, 0x0000000616000000|  0%| F|  |TAMS 0x0000000615c00000, 0x0000000615c00000| Untracked 
|  84|0x0000000616000000, 0x0000000616000000, 0x0000000616400000|  0%| F|  |TAMS 0x0000000616000000, 0x0000000616000000| Untracked 
|  85|0x0000000616400000, 0x0000000616400000, 0x0000000616800000|  0%| F|  |TAMS 0x0000000616400000, 0x0000000616400000| Untracked 
|  86|0x0000000616800000, 0x0000000616800000, 0x0000000616c00000|  0%| F|  |TAMS 0x0000000616800000, 0x0000000616800000| Untracked 
|  87|0x0000000616c00000, 0x0000000616c00000, 0x0000000617000000|  0%| F|  |TAMS 0x0000000616c00000, 0x0000000616c00000| Untracked 
|  88|0x0000000617000000, 0x0000000617000000, 0x0000000617400000|  0%| F|  |TAMS 0x0000000617000000, 0x0000000617000000| Untracked 
|  89|0x0000000617400000, 0x0000000617400000, 0x0000000617800000|  0%| F|  |TAMS 0x0000000617400000, 0x0000000617400000| Untracked 
|  90|0x0000000617800000, 0x0000000617800000, 0x0000000617c00000|  0%| F|  |TAMS 0x0000000617800000, 0x0000000617800000| Untracked 
|  91|0x0000000617c00000, 0x0000000617c00000, 0x0000000618000000|  0%| F|  |TAMS 0x0000000617c00000, 0x0000000617c00000| Untracked 
|  92|0x0000000618000000, 0x0000000618000000, 0x0000000618400000|  0%| F|  |TAMS 0x0000000618000000, 0x0000000618000000| Untracked 
|  93|0x0000000618400000, 0x0000000618400000, 0x0000000618800000|  0%| F|  |TAMS 0x0000000618400000, 0x0000000618400000| Untracked 
|  94|0x0000000618800000, 0x0000000618800000, 0x0000000618c00000|  0%| F|  |TAMS 0x0000000618800000, 0x0000000618800000| Untracked 
|  95|0x0000000618c00000, 0x0000000618c00000, 0x0000000619000000|  0%| F|  |TAMS 0x0000000618c00000, 0x0000000618c00000| Untracked 
|  96|0x0000000619000000, 0x0000000619000000, 0x0000000619400000|  0%| F|  |TAMS 0x0000000619000000, 0x0000000619000000| Untracked 
|  97|0x0000000619400000, 0x0000000619400000, 0x0000000619800000|  0%| F|  |TAMS 0x0000000619400000, 0x0000000619400000| Untracked 
|  98|0x0000000619800000, 0x0000000619800000, 0x0000000619c00000|  0%| F|  |TAMS 0x0000000619800000, 0x0000000619800000| Untracked 
|  99|0x0000000619c00000, 0x0000000619c00000, 0x000000061a000000|  0%| F|  |TAMS 0x0000000619c00000, 0x0000000619c00000| Untracked 
| 100|0x000000061a000000, 0x000000061a000000, 0x000000061a400000|  0%| F|  |TAMS 0x000000061a000000, 0x000000061a000000| Untracked 
| 101|0x000000061a400000, 0x000000061a400000, 0x000000061a800000|  0%| F|  |TAMS 0x000000061a400000, 0x000000061a400000| Untracked 
| 102|0x000000061a800000, 0x000000061a800000, 0x000000061ac00000|  0%| F|  |TAMS 0x000000061a800000, 0x000000061a800000| Untracked 
| 103|0x000000061ac00000, 0x000000061ac00000, 0x000000061b000000|  0%| F|  |TAMS 0x000000061ac00000, 0x000000061ac00000| Untracked 
| 104|0x000000061b000000, 0x000000061b000000, 0x000000061b400000|  0%| F|  |TAMS 0x000000061b000000, 0x000000061b000000| Untracked 
| 105|0x000000061b400000, 0x000000061b400000, 0x000000061b800000|  0%| F|  |TAMS 0x000000061b400000, 0x000000061b400000| Untracked 
| 106|0x000000061b800000, 0x000000061b800000, 0x000000061bc00000|  0%| F|  |TAMS 0x000000061b800000, 0x000000061b800000| Untracked 
| 107|0x000000061bc00000, 0x000000061bc00000, 0x000000061c000000|  0%| F|  |TAMS 0x000000061bc00000, 0x000000061bc00000| Untracked 
| 108|0x000000061c000000, 0x000000061c000000, 0x000000061c400000|  0%| F|  |TAMS 0x000000061c000000, 0x000000061c000000| Untracked 
| 109|0x000000061c400000, 0x000000061c400000, 0x000000061c800000|  0%| F|  |TAMS 0x000000061c400000, 0x000000061c400000| Untracked 
| 110|0x000000061c800000, 0x000000061c800000, 0x000000061cc00000|  0%| F|  |TAMS 0x000000061c800000, 0x000000061c800000| Untracked 
| 111|0x000000061cc00000, 0x000000061cc00000, 0x000000061d000000|  0%| F|  |TAMS 0x000000061cc00000, 0x000000061cc00000| Untracked 
| 112|0x000000061d000000, 0x000000061d000000, 0x000000061d400000|  0%| F|  |TAMS 0x000000061d000000, 0x000000061d000000| Untracked 
| 113|0x000000061d400000, 0x000000061d400000, 0x000000061d800000|  0%| F|  |TAMS 0x000000061d400000, 0x000000061d400000| Untracked 
| 114|0x000000061d800000, 0x000000061d800000, 0x000000061dc00000|  0%| F|  |TAMS 0x000000061d800000, 0x000000061d800000| Untracked 
| 115|0x000000061dc00000, 0x000000061dc00000, 0x000000061e000000|  0%| F|  |TAMS 0x000000061dc00000, 0x000000061dc00000| Untracked 
| 116|0x000000061e000000, 0x000000061e400000, 0x000000061e400000|100%| S|CS|TAMS 0x000000061e000000, 0x000000061e000000| Complete 
| 117|0x000000061e400000, 0x000000061e800000, 0x000000061e800000|100%| S|CS|TAMS 0x000000061e400000, 0x000000061e400000| Complete 
| 118|0x000000061e800000, 0x000000061e800000, 0x000000061ec00000|  0%| F|  |TAMS 0x000000061e800000, 0x000000061e800000| Untracked 
| 119|0x000000061ec00000, 0x000000061ec00000, 0x000000061f000000|  0%| F|  |TAMS 0x000000061ec00000, 0x000000061ec00000| Untracked 
| 120|0x000000061f000000, 0x000000061f000000, 0x000000061f400000|  0%| F|  |TAMS 0x000000061f000000, 0x000000061f000000| Untracked 
| 121|0x000000061f400000, 0x000000061f400000, 0x000000061f800000|  0%| F|  |TAMS 0x000000061f400000, 0x000000061f400000| Untracked 
| 122|0x000000061f800000, 0x000000061f800000, 0x000000061fc00000|  0%| F|  |TAMS 0x000000061f800000, 0x000000061f800000| Untracked 
| 123|0x000000061fc00000, 0x000000061fc00000, 0x0000000620000000|  0%| F|  |TAMS 0x000000061fc00000, 0x000000061fc00000| Untracked 
| 124|0x0000000620000000, 0x0000000620400000, 0x0000000620400000|100%| E|  |TAMS 0x0000000620000000, 0x0000000620000000| Complete 
| 125|0x0000000620400000, 0x0000000620800000, 0x0000000620800000|100%| E|CS|TAMS 0x0000000620400000, 0x0000000620400000| Complete 
| 126|0x0000000620800000, 0x0000000620c00000, 0x0000000620c00000|100%| E|CS|TAMS 0x0000000620800000, 0x0000000620800000| Complete 
| 127|0x0000000620c00000, 0x0000000621000000, 0x0000000621000000|100%| E|CS|TAMS 0x0000000620c00000, 0x0000000620c00000| Complete 

Card table byte_map: [0x00000189dc8e0000,0x00000189dd8e0000] _byte_map_base: 0x00000189d98d8000

Marking Bits (Prev, Next): (CMBitMap*) 0x00000189c3e85c70, (CMBitMap*) 0x00000189c3e85cb0
 Prev Bits: [0x00000189de8e0000, 0x00000189e68a0000)
 Next Bits: [0x00000189e68a0000, 0x00000189ee860000)

Polling page: 0x00000189c35e0000

Metaspace:

Usage:
  Non-class:     16.93 MB capacity,    16.80 MB (>99%) used,   105.88 KB ( <1%) free+waste,    22.00 KB ( <1%) overhead. 
      Class:      1.69 MB capacity,     1.62 MB ( 96%) used,    57.34 KB (  3%) free+waste,     7.00 KB ( <1%) overhead. 
       Both:     18.62 MB capacity,    18.43 MB ( 99%) used,   163.22 KB ( <1%) free+waste,    29.00 KB ( <1%) overhead. 

Virtual space:
  Non-class space:       18.00 MB reserved,      17.25 MB ( 96%) committed 
      Class space:        1.00 GB reserved,       1.75 MB ( <1%) committed 
             Both:        1.02 GB reserved,      19.00 MB (  2%) committed 

Chunk freelists:
   Non-Class:  136.00 KB
       Class:  34.00 KB
        Both:  170.00 KB

MaxMetaspaceSize: 17179869184.00 GB
CompressedClassSpaceSize: 1.00 GB

CodeHeap 'non-profiled nmethods': size=119168Kb used=592Kb max_used=592Kb free=118575Kb
 bounds [0x00000189d3be0000, 0x00000189d3e50000, 0x00000189db040000]
CodeHeap 'profiled nmethods': size=119104Kb used=3055Kb max_used=3055Kb free=116048Kb
 bounds [0x00000189cc790000, 0x00000189cca90000, 0x00000189d3be0000]
CodeHeap 'non-nmethods': size=7488Kb used=2765Kb max_used=2780Kb free=4722Kb
 bounds [0x00000189cc040000, 0x00000189cc300000, 0x00000189cc790000]
 total_blobs=2722 nmethods=1691 adapters=941
 compilation: enabled
              stopped_count=0, restarted_count=0
 full_count=0

Compilation events (20 events):
Event: 2.601 Thread 0x00000189f226f720 nmethod 1682 0x00000189cca85e90 code [0x00000189cca86040, 0x00000189cca86448]
Event: 2.601 Thread 0x00000189f18d3b00 nmethod 1681 0x00000189cca86590 code [0x00000189cca86760, 0x00000189cca86a78]
Event: 2.658 Thread 0x00000189f226f720 1683  s    3       java.awt.Toolkit::getDefaultToolkit (53 bytes)
Event: 2.659 Thread 0x00000189f226f720 nmethod 1683 0x00000189cca86c10 code [0x00000189cca86f00, 0x00000189cca88008]
Event: 2.866 Thread 0x00000189f226f720 1684       3       jogamp.opengl.util.jpeg.JPEGDecoder$Output::buildComponentData (213 bytes)
Event: 2.867 Thread 0x00000189f226f720 nmethod 1684 0x00000189cca88490 code [0x00000189cca88740, 0x00000189cca89998]
Event: 2.879 Thread 0x00000189f18d3050 1685 %s    4       jogamp.opengl.util.jpeg.JPEGDecoder::getPixel @ 624 (1554 bytes)
Event: 2.896 Thread 0x00000189f18d3050 nmethod 1685% 0x00000189d3c6e890 code [0x00000189d3c6eb00, 0x00000189d3c70258]
Event: 2.896 Thread 0x00000189f18d3050 1686  s    4       jogamp.opengl.util.jpeg.JPEGDecoder::getPixel (1554 bytes)
Event: 2.909 Thread 0x00000189f18d3050 nmethod 1686 0x00000189d3c70f90 code [0x00000189d3c71200, 0x00000189d3c72ac8]
Event: 2.940 Thread 0x00000189f226f720 1687       3       java.lang.Class$ReflectionData::<init> (10 bytes)
Event: 2.940 Thread 0x00000189f18d3b00 1688       3       java.lang.Class$Atomic::casReflectionData (13 bytes)
Event: 2.940 Thread 0x00000189f2277110 1689       3       jdk.internal.misc.Unsafe::objectFieldOffset (18 bytes)
Event: 2.940 Thread 0x00000189f226f720 nmethod 1687 0x00000189cca8a290 code [0x00000189cca8a420, 0x00000189cca8a578]
Event: 2.940 Thread 0x00000189f18d3b00 nmethod 1688 0x00000189cca8a610 code [0x00000189cca8a7a0, 0x00000189cca8a8f8]
Event: 2.940 Thread 0x00000189f2277110 nmethod 1689 0x00000189cca8a990 code [0x00000189cca8ab40, 0x00000189cca8ad78]
Event: 2.984 Thread 0x00000189f18d3b00 1690       3       java.lang.Class::newReflectionData (66 bytes)
Event: 2.985 Thread 0x00000189f18d3b00 nmethod 1690 0x00000189cca8ae90 code [0x00000189cca8b0a0, 0x00000189cca8b9b8]
Event: 2.998 Thread 0x00000189f18d3050 1691       4       java.lang.StringLatin1::indexOf (121 bytes)
Event: 3.001 Thread 0x00000189f18d3050 nmethod 1691 0x00000189d3c73a10 code [0x00000189d3c73ba0, 0x00000189d3c74018]

GC Heap History (6 events):
Event: 1.743 GC heap before
{Heap before GC invocations=0 (full 0):
 garbage-first heap   total 524288K, used 20480K [0x0000000601000000, 0x0000000800000000)
  region size 4096K, 6 young (24576K), 0 survivors (0K)
 Metaspace       used 15315K, capacity 15466K, committed 15872K, reserved 1062912K
  class space    used 1415K, capacity 1466K, committed 1536K, reserved 1048576K
}
Event: 1.753 GC heap after
{Heap after GC invocations=1 (full 0):
 garbage-first heap   total 524288K, used 3379K [0x0000000601000000, 0x0000000800000000)
  region size 4096K, 1 young (4096K), 1 survivors (4096K)
 Metaspace       used 15315K, capacity 15466K, committed 15872K, reserved 1062912K
  class space    used 1415K, capacity 1466K, committed 1536K, reserved 1048576K
}
Event: 2.161 GC heap before
{Heap before GC invocations=1 (full 0):
 garbage-first heap   total 524288K, used 32051K [0x0000000601000000, 0x0000000800000000)
  region size 4096K, 8 young (32768K), 1 survivors (4096K)
 Metaspace       used 17079K, capacity 17334K, committed 17664K, reserved 1064960K
  class space    used 1594K, capacity 1662K, committed 1792K, reserved 1048576K
}
Event: 2.180 GC heap after
{Heap after GC invocations=2 (full 0):
 garbage-first heap   total 524288K, used 22905K [0x0000000601000000, 0x0000000800000000)
  region size 4096K, 1 young (4096K), 1 survivors (4096K)
 Metaspace       used 17079K, capacity 17334K, committed 17664K, reserved 1064960K
  class space    used 1594K, capacity 1662K, committed 1792K, reserved 1048576K
}
Event: 2.595 GC heap before
{Heap before GC invocations=2 (full 0):
 garbage-first heap   total 524288K, used 59769K [0x0000000601000000, 0x0000000800000000)
  region size 4096K, 10 young (40960K), 1 survivors (4096K)
 Metaspace       used 17207K, capacity 17398K, committed 17664K, reserved 1064960K
  class space    used 1601K, capacity 1662K, committed 1792K, reserved 1048576K
}
Event: 2.600 GC heap after
{Heap after GC invocations=3 (full 0):
 garbage-first heap   total 524288K, used 41095K [0x0000000601000000, 0x0000000800000000)
  region size 4096K, 2 young (8192K), 2 survivors (8192K)
 Metaspace       used 17207K, capacity 17398K, committed 17664K, reserved 1064960K
  class space    used 1601K, capacity 1662K, committed 1792K, reserved 1048576K
}

Deoptimization events (20 events):
Event: 2.556 Thread 0x00000189f2683660 DEOPT PACKING pc=0x00000189cca72669 sp=0x000000234a8fe120
Event: 2.556 Thread 0x00000189f2683660 DEOPT UNPACKING pc=0x00000189cc08e23f sp=0x000000234a8fd840 mode 0
Event: 2.581 Thread 0x00000189f2683660 Uncommon trap: trap_request=0xffffff45 fr.pc=0x00000189d3c6dadc relative=0x000000000000135c
Event: 2.581 Thread 0x00000189f2683660 Uncommon trap: reason=unstable_if action=reinterpret pc=0x00000189d3c6dadc method=jogamp.opengl.util.jpeg.JPEGDecoder.getPixel(Ljogamp/opengl/util/jpeg/JPEGDecoder$ColorSink;II)V @ 466 c2
Event: 2.581 Thread 0x00000189f2683660 DEOPT PACKING pc=0x00000189d3c6dadc sp=0x000000234a8fe3d0
Event: 2.581 Thread 0x00000189f2683660 DEOPT UNPACKING pc=0x00000189cc08e42f sp=0x000000234a8fe340 mode 2
Event: 2.609 Thread 0x00000189f2683660 DEOPT PACKING pc=0x00000189cca5a063 sp=0x000000234a8fe1b0
Event: 2.609 Thread 0x00000189f2683660 DEOPT UNPACKING pc=0x00000189cc08e23f sp=0x000000234a8fd6f8 mode 0
Event: 2.847 Thread 0x00000189f2683660 Uncommon trap: trap_request=0xffffff45 fr.pc=0x00000189d3c602a8 relative=0x0000000000000248
Event: 2.847 Thread 0x00000189f2683660 Uncommon trap: reason=unstable_if action=reinterpret pc=0x00000189d3c602a8 method=jogamp.opengl.util.jpeg.JPEGDecoder$Decoder.decodeScan(Ljogamp/opengl/util/jpeg/JPEGDecoder$Frame;Ljava/util/ArrayList;IIIII)I @ 370 c2
Event: 2.847 Thread 0x00000189f2683660 DEOPT PACKING pc=0x00000189d3c602a8 sp=0x000000234a8fe230
Event: 2.847 Thread 0x00000189f2683660 DEOPT UNPACKING pc=0x00000189cc08e42f sp=0x000000234a8fe1f8 mode 2
Event: 2.866 Thread 0x00000189f2683660 Uncommon trap: trap_request=0xffffff45 fr.pc=0x00000189d3c6a46c relative=0x0000000000000b6c
Event: 2.866 Thread 0x00000189f2683660 Uncommon trap: reason=unstable_if action=reinterpret pc=0x00000189d3c6a46c method=jogamp.opengl.util.jpeg.JPEGDecoder$Output.buildComponentData(Ljogamp/opengl/util/jpeg/JPEGDecoder$Frame;Ljogamp/opengl/util/jpeg/JPEGDecoder$ComponentIn;)Ljava/util/ArrayLi
Event: 2.866 Thread 0x00000189f2683660 DEOPT PACKING pc=0x00000189d3c6a46c sp=0x000000234a8fe290
Event: 2.866 Thread 0x00000189f2683660 DEOPT UNPACKING pc=0x00000189cc08e42f sp=0x000000234a8fe240 mode 2
Event: 2.872 Thread 0x00000189f2683660 DEOPT PACKING pc=0x00000189cca8986a sp=0x000000234a8fe210
Event: 2.872 Thread 0x00000189f2683660 DEOPT UNPACKING pc=0x00000189cc08e23f sp=0x000000234a8fd740 mode 0
Event: 2.896 Thread 0x00000189f2683660 DEOPT PACKING pc=0x00000189cca7fb49 sp=0x000000234a8fe1f0
Event: 2.896 Thread 0x00000189f2683660 DEOPT UNPACKING pc=0x00000189cc08e23f sp=0x000000234a8fd830 mode 0

Classes unloaded (0 events):
No events

Classes redefined (0 events):
No events

Internal exceptions (20 events):
Event: 0.289 Thread 0x00000189c3e0d700 Exception <a 'java/io/FileNotFoundException'{0x0000000620f16af0}> (0x0000000620f16af0) 
thrown [./open/src/hotspot/share/prims/jni.cpp, line 578]
Event: 0.294 Thread 0x00000189c3e0d700 Exception <a 'java/io/FileNotFoundException'{0x0000000620f45418}> (0x0000000620f45418) 
thrown [./open/src/hotspot/share/prims/jni.cpp, line 578]
Event: 0.295 Thread 0x00000189c3e0d700 Exception <a 'java/lang/NoSuchMethodError'{0x0000000620f46650}: 'java.lang.Object java.lang.invoke.DirectMethodHandle$Holder.invokeStatic(java.lang.Object)'> (0x0000000620f46650) 
thrown [./open/src/hotspot/share/interpreter/linkResolver.cpp, line 782]
Event: 0.303 Thread 0x00000189c3e0d700 Exception <a 'java/lang/NoSuchMethodError'{0x0000000620f4ea58}: 'void java.lang.invoke.DirectMethodHandle$Holder.invokeSpecial(java.lang.Object, java.lang.Object, java.lang.Object)'> (0x0000000620f4ea58) 
thrown [./open/src/hotspot/share/interpreter/linkResolver.cpp, line 782]
Event: 0.349 Thread 0x00000189c3e0d700 Exception <a 'java/lang/NoSuchMethodError'{0x0000000620809108}: 'java.lang.Object java.lang.invoke.DirectMethodHandle$Holder.invokeStaticInit(java.lang.Object)'> (0x0000000620809108) 
thrown [./open/src/hotspot/share/interpreter/linkResolver.cpp, line 782]
Event: 0.568 Thread 0x00000189f2683660 Exception <a 'java/lang/NoSuchMethodError'{0x0000000620a295f0}: 'java.lang.Object java.lang.invoke.DirectMethodHandle$Holder.newInvokeSpecial(java.lang.Object, java.lang.Object, java.lang.Object, java.lang.Object, java.lang.Object)'> (0x0000000620a295f0) 
thrown [./open/src/hotspot/share/interpreter/linkResolver.cpp, line 782]
Event: 0.569 Thread 0x00000189f2683660 Exception <a 'java/lang/NoSuchMethodError'{0x0000000620a35080}: 'java.lang.Object java.lang.invoke.DirectMethodHandle$Holder.invokeStatic(java.lang.Object, int, java.lang.Object, java.lang.Object, java.lang.Object, java.lang.Object)'> (0x0000000620a35080) 
thrown [./open/src/hotspot/share/interpreter/linkResolver.cpp, line 782]
Event: 0.572 Thread 0x00000189f2683660 Exception <a 'java/lang/NoSuchMethodError'{0x0000000620a5b328}: 'java.lang.Object java.lang.invoke.DirectMethodHandle$Holder.invokeStatic(java.lang.Object, int, java.lang.Object)'> (0x0000000620a5b328) 
thrown [./open/src/hotspot/share/interpreter/linkResolver.cpp, line 782]
Event: 0.588 Thread 0x00000189f2683660 Exception <a 'java/lang/ClassNotFoundException'{0x0000000620b13960}: com/sun/swing/internal/plaf/metal/resources/spi/metalProvider> (0x0000000620b13960) 
thrown [./open/src/hotspot/share/classfile/systemDictionary.cpp, line 295]
Event: 0.590 Thread 0x00000189f2683660 Exception <a 'java/lang/ClassNotFoundException'{0x0000000620b17b10}: com/sun/swing/internal/plaf/basic/resources/spi/basicProvider> (0x0000000620b17b10) 
thrown [./open/src/hotspot/share/classfile/systemDictionary.cpp, line 295]
Event: 0.756 Thread 0x00000189f2683660 Exception <a 'java/lang/NoSuchMethodError'{0x000000062040be28}: 'void java.lang.invoke.DirectMethodHandle$Holder.invokeStaticInit(java.lang.Object)'> (0x000000062040be28) 
thrown [./open/src/hotspot/share/interpreter/linkResolver.cpp, line 782]
Event: 0.901 Thread 0x00000189f2683660 Exception <a 'java/lang/NoSuchMethodError'{0x000000062074cbc8}: 'void java.lang.invoke.DirectMethodHandle$Holder.invokeStatic(java.lang.Object, java.lang.Object)'> (0x000000062074cbc8) 
thrown [./open/src/hotspot/share/interpreter/linkResolver.cpp, line 782]
Event: 0.901 Thread 0x00000189f2683660 Exception <a 'java/lang/NoSuchMethodError'{0x00000006207505d0}: 'void java.lang.invoke.DirectMethodHandle$Holder.invokeStaticInit(java.lang.Object, java.lang.Object)'> (0x00000006207505d0) 
thrown [./open/src/hotspot/share/interpreter/linkResolver.cpp, line 782]
Event: 0.907 Thread 0x00000189f2683660 Exception <a 'java/lang/NoSuchMethodError'{0x000000062077d408}: 'java.lang.Object java.lang.invoke.DirectMethodHandle$Holder.invokeStaticInit(java.lang.Object, int, int, int, int)'> (0x000000062077d408) 
thrown [./open/src/hotspot/share/interpreter/linkResolver.cpp, line 782]
Event: 0.938 Thread 0x00000189f2683660 Exception <a 'java/lang/NoSuchMethodError'{0x000000062001e318}: 'java.lang.Object java.lang.invoke.DirectMethodHandle$Holder.invokeStaticInit(java.lang.Object, java.lang.Object, int, int, int, int)'> (0x000000062001e318) 
thrown [./open/src/hotspot/share/interpreter/linkResolver.cpp, line 782]
Event: 0.955 Thread 0x00000189f2683660 Exception <a 'java/lang/NoSuchMethodError'{0x0000000620029f20}: 'void java.lang.invoke.DirectMethodHandle$Holder.invokeStatic(java.lang.Object, long)'> (0x0000000620029f20) 
thrown [./open/src/hotspot/share/interpreter/linkResolver.cpp, line 782]
Event: 0.955 Thread 0x00000189f2683660 Exception <a 'java/lang/NoSuchMethodError'{0x000000062002f7f8}: 'java.lang.Object java.lang.invoke.DirectMethodHandle$Holder.newInvokeSpecial(java.lang.Object, long)'> (0x000000062002f7f8) 
thrown [./open/src/hotspot/share/interpreter/linkResolver.cpp, line 782]
Event: 0.957 Thread 0x00000189f2683660 Exception <a 'java/lang/NoSuchMethodError'{0x000000062003a2a0}: 'java.lang.Object java.lang.invoke.DirectMethodHandle$Holder.invokeStaticInit(java.lang.Object, java.lang.Object, long, java.lang.Object)'> (0x000000062003a2a0) 
thrown [./open/src/hotspot/share/interpreter/linkResolver.cpp, line 782]
Event: 0.957 Thread 0x00000189f2683660 Exception <a 'java/lang/NoSuchMethodError'{0x0000000620040cc8}: 'java.lang.Object java.lang.invoke.DirectMethodHandle$Holder.newInvokeSpecial(java.lang.Object, java.lang.Object, long)'> (0x0000000620040cc8) 
thrown [./open/src/hotspot/share/interpreter/linkResolver.cpp, line 782]
Event: 0.957 Thread 0x00000189f2683660 Exception <a 'java/lang/NoSuchMethodError'{0x0000000620044a38}: 'java.lang.Object java.lang.invoke.Invokers$Holder.linkToTargetMethod(java.lang.Object, long, java.lang.Object)'> (0x0000000620044a38) 
thrown [./open/src/hotspot/share/interpreter/linkResolver.cpp, line 782]

Events (20 events):
Event: 2.161 Executing VM operation: G1CollectForAllocation
Event: 2.180 Executing VM operation: G1CollectForAllocation done
Event: 2.180 Executing VM operation: HandshakeAllThreads
Event: 2.181 Executing VM operation: HandshakeAllThreads done
Event: 2.184 Thread 0x00000189fb1c3b10 Thread added: 0x00000189fb1c3b10
Event: 2.184 Thread 0x00000189fb1c4020 Thread added: 0x00000189fb1c4020
Event: 2.303 Thread 0x00000189fb1c4020 Thread exited: 0x00000189fb1c4020
Event: 2.419 Thread 0x00000189fb1c3b10 Thread exited: 0x00000189fb1c3b10
Event: 2.521 Thread 0x00000189fb1faac0 Thread added: 0x00000189fb1faac0
Event: 2.595 Executing VM operation: G1CollectForAllocation
Event: 2.600 Executing VM operation: G1CollectForAllocation done
Event: 2.600 Executing VM operation: HandshakeAllThreads
Event: 2.600 Executing VM operation: HandshakeAllThreads done
Event: 2.658 Thread 0x00000189fb1faac0 Thread exited: 0x00000189fb1faac0
Event: 2.936 loading class java/nio/BufferOverflowException
Event: 2.936 loading class java/nio/BufferOverflowException done
Event: 2.936 loading class java/nio/BufferUnderflowException
Event: 2.936 loading class java/nio/BufferUnderflowException done
Event: 2.940 loading class jdk/internal/access/foreign/MemorySegmentProxy
Event: 2.940 loading class jdk/internal/access/foreign/MemorySegmentProxy done


Dynamic libraries:
0x00007ff692b20000 - 0x00007ff692b2f000 	C:\Program Files\Java\jdk-15.0.2\bin\java.exe
0x00007ffb0b9b0000 - 0x00007ffb0bba8000 	C:\WINDOWS\SYSTEM32\ntdll.dll
0x00007ffb0b090000 - 0x00007ffb0b151000 	C:\WINDOWS\System32\KERNEL32.DLL
0x00007ffb09130000 - 0x00007ffb0942d000 	C:\WINDOWS\System32\KERNELBASE.dll
0x00007ffb09780000 - 0x00007ffb09880000 	C:\WINDOWS\System32\ucrtbase.dll
0x00007ffafc9b0000 - 0x00007ffafc9c9000 	C:\Program Files\Java\jdk-15.0.2\bin\VCRUNTIME140.dll
0x00007ffafbb00000 - 0x00007ffafbb18000 	C:\Program Files\Java\jdk-15.0.2\bin\jli.dll
0x00007ffb0b430000 - 0x00007ffb0b4e0000 	C:\WINDOWS\System32\ADVAPI32.dll
0x00007ffb0a6c0000 - 0x00007ffb0a75e000 	C:\WINDOWS\System32\msvcrt.dll
0x00007ffb099e0000 - 0x00007ffb09a80000 	C:\WINDOWS\System32\sechost.dll
0x00007ffb0b2a0000 - 0x00007ffb0b3c3000 	C:\WINDOWS\System32\RPCRT4.dll
0x00007ffb09480000 - 0x00007ffb094a7000 	C:\WINDOWS\System32\bcrypt.dll
0x00007ffb09a80000 - 0x00007ffb09c1d000 	C:\WINDOWS\System32\USER32.dll
0x00007ffb09060000 - 0x00007ffb09082000 	C:\WINDOWS\System32\win32u.dll
0x00007ffaf05c0000 - 0x00007ffaf085a000 	C:\WINDOWS\WinSxS\amd64_microsoft.windows.common-controls_6595b64144ccf1df_6.0.19041.4355_none_60b8b9eb71f62e16\COMCTL32.dll
0x00007ffb0b180000 - 0x00007ffb0b1ab000 	C:\WINDOWS\System32\GDI32.dll
0x00007ffb09660000 - 0x00007ffb09777000 	C:\WINDOWS\System32\gdi32full.dll
0x00007ffb09090000 - 0x00007ffb0912d000 	C:\WINDOWS\System32\msvcp_win.dll
0x00007ffb02640000 - 0x00007ffb0264a000 	C:\WINDOWS\SYSTEM32\VERSION.dll
0x00007ffb0b270000 - 0x00007ffb0b29f000 	C:\WINDOWS\System32\IMM32.DLL
0x00007ffb04640000 - 0x00007ffb0464c000 	C:\Program Files\Java\jdk-15.0.2\bin\vcruntime140_1.dll
0x00007ffab2990000 - 0x00007ffab2a21000 	C:\Program Files\Java\jdk-15.0.2\bin\msvcp140.dll
0x00007ff968dd0000 - 0x00007ff96992e000 	C:\Program Files\Java\jdk-15.0.2\bin\server\jvm.dll
0x00007ffb0b840000 - 0x00007ffb0b848000 	C:\WINDOWS\System32\PSAPI.DLL
0x00007ffaf6940000 - 0x00007ffaf6949000 	C:\WINDOWS\SYSTEM32\WSOCK32.dll
0x00007ffb0a460000 - 0x00007ffb0a4cb000 	C:\WINDOWS\System32\WS2_32.dll
0x00007ffaf94c0000 - 0x00007ffaf94e7000 	C:\WINDOWS\SYSTEM32\WINMM.dll
0x00007ffb07880000 - 0x00007ffb07892000 	C:\WINDOWS\SYSTEM32\kernel.appcore.dll
0x00007ffafbaf0000 - 0x00007ffafbafa000 	C:\Program Files\Java\jdk-15.0.2\bin\jimage.dll
0x00007ffb06c00000 - 0x00007ffb06de4000 	C:\WINDOWS\SYSTEM32\DBGHELP.DLL
0x00007ffae8ca0000 - 0x00007ffae8cd4000 	C:\WINDOWS\SYSTEM32\dbgcore.DLL
0x00007ffb094b0000 - 0x00007ffb09532000 	C:\WINDOWS\System32\bcryptPrimitives.dll
0x00007ffab2960000 - 0x00007ffab2985000 	C:\Program Files\Java\jdk-15.0.2\bin\java.dll
0x00007ffb0a760000 - 0x00007ffb0aecf000 	C:\WINDOWS\System32\SHELL32.dll
0x00007ffb070a0000 - 0x00007ffb0783f000 	C:\WINDOWS\SYSTEM32\windows.storage.dll
0x00007ffb0b4e0000 - 0x00007ffb0b833000 	C:\WINDOWS\System32\combase.dll
0x00007ffb08a80000 - 0x00007ffb08aae000 	C:\WINDOWS\SYSTEM32\Wldp.dll
0x00007ffb0af30000 - 0x00007ffb0affd000 	C:\WINDOWS\System32\OLEAUT32.dll
0x00007ffb0b1c0000 - 0x00007ffb0b26d000 	C:\WINDOWS\System32\SHCORE.dll
0x00007ffb0a600000 - 0x00007ffb0a655000 	C:\WINDOWS\System32\shlwapi.dll
0x00007ffb08f90000 - 0x00007ffb08fb4000 	C:\WINDOWS\SYSTEM32\profapi.dll
0x00007ffab2940000 - 0x00007ffab2959000 	C:\Program Files\Java\jdk-15.0.2\bin\net.dll
0x00007ffb02530000 - 0x00007ffb0263d000 	C:\WINDOWS\SYSTEM32\WINHTTP.dll
0x00007ffb08790000 - 0x00007ffb087fa000 	C:\WINDOWS\system32\mswsock.dll
0x00007ffab2920000 - 0x00007ffab2932000 	C:\Program Files\Java\jdk-15.0.2\bin\nio.dll
0x00007ffab2900000 - 0x00007ffab2918000 	C:\Program Files\Java\jdk-15.0.2\bin\zip.dll
0x00007ff969dd0000 - 0x00007ff969f50000 	C:\Program Files\Java\jdk-15.0.2\bin\awt.dll
0x00007ffb055d0000 - 0x00007ffb05664000 	C:\WINDOWS\SYSTEM32\apphelp.dll
0x00007ffb05b90000 - 0x00007ffb05c2e000 	C:\WINDOWS\system32\uxtheme.dll
0x00007ffb0b850000 - 0x00007ffb0b964000 	C:\WINDOWS\System32\MSCTF.dll
0x00007ffb0a4d0000 - 0x00007ffb0a5fb000 	C:\WINDOWS\System32\ole32.dll
0x00007ffb05fc0000 - 0x00007ffb05fef000 	C:\WINDOWS\system32\DWMAPI.DLL
0x00007ffaa97b0000 - 0x00007ffaa98d8000 	C:\WINDOWS\system32\opengl32.dll
0x00007ffacb8e0000 - 0x00007ffacb90c000 	C:\WINDOWS\SYSTEM32\GLU32.dll
0x00007ffaaac80000 - 0x00007ffaaae50000 	C:\WINDOWS\system32\d3d9.dll
0x00007ffade790000 - 0x00007ffade84c000 	C:\WINDOWS\System32\DriverStore\FileRepository\nv_dispig.inf_amd64_7e5fd280efaa5445\nvldumdx.dll
0x00007ffb08c10000 - 0x00007ffb08c22000 	C:\WINDOWS\SYSTEM32\msasn1.dll
0x00007ffb020d0000 - 0x00007ffb02101000 	C:\WINDOWS\SYSTEM32\cryptnet.dll
0x00007ffb09880000 - 0x00007ffb099de000 	C:\WINDOWS\System32\CRYPT32.dll
0x00007ffb01f40000 - 0x00007ffb02087000 	C:\WINDOWS\SYSTEM32\drvstore.dll
0x00007ffb08de0000 - 0x00007ffb08e13000 	C:\WINDOWS\SYSTEM32\devobj.dll
0x00007ffb09430000 - 0x00007ffb0947e000 	C:\WINDOWS\System32\cfgmgr32.dll
0x00007ffb089d0000 - 0x00007ffb089dc000 	C:\WINDOWS\SYSTEM32\cryptbase.dll
0x00007ffb095f0000 - 0x00007ffb09659000 	C:\WINDOWS\System32\wintrust.dll
0x00007ffb0b160000 - 0x00007ffb0b17d000 	C:\WINDOWS\System32\imagehlp.dll
0x00007ffb089b0000 - 0x00007ffb089c8000 	C:\WINDOWS\SYSTEM32\CRYPTSP.dll
0x00007ffb07ff0000 - 0x00007ffb08024000 	C:\WINDOWS\system32\rsaenh.dll
0x00007ffa4fad0000 - 0x00007ffa52c5b000 	C:\WINDOWS\System32\DriverStore\FileRepository\nv_dispig.inf_amd64_7e5fd280efaa5445\nvd3dumx.dll
0x00007ffb07850000 - 0x00007ffb07873000 	C:\WINDOWS\SYSTEM32\gpapi.dll
0x00007ffade850000 - 0x00007ffade88b000 	C:\WINDOWS\SYSTEM32\dxcore.dll
0x00007ffab2870000 - 0x00007ffab28f5000 	C:\Program Files\Java\jdk-15.0.2\bin\freetype.dll
0x00007ff9b56b0000 - 0x00007ff9b5759000 	C:\Program Files\Java\jdk-15.0.2\bin\fontmanager.dll
0x00007ffb0a3b0000 - 0x00007ffb0a459000 	C:\WINDOWS\System32\clbcatq.dll
0x00007ffb058b0000 - 0x00007ffb05a66000 	C:\WINDOWS\SYSTEM32\WindowsCodecs.dll
0x00007ffad0630000 - 0x00007ffad066e000 	C:\WINDOWS\system32\dataexchange.dll
0x00007ffb06e00000 - 0x00007ffb07063000 	C:\WINDOWS\system32\d3d11.dll
0x00007ffb04260000 - 0x00007ffb04444000 	C:\WINDOWS\system32\dcomp.dll
0x00007ffb078a0000 - 0x00007ffb07996000 	C:\WINDOWS\system32\dxgi.dll
0x00007ffb00f90000 - 0x00007ffb01193000 	C:\WINDOWS\system32\twinapi.appcore.dll
0x00007ffafbae0000 - 0x00007ffafbaf0000 	C:\Program Files\Java\jdk-15.0.2\bin\verify.dll
0x00007ffb08f40000 - 0x00007ffb08f6e000 	C:\WINDOWS\SYSTEM32\USERENV.dll
0x00007ffb08420000 - 0x00007ffb0845b000 	C:\WINDOWS\SYSTEM32\IPHLPAPI.DLL
0x00007ffb09c20000 - 0x00007ffb09c28000 	C:\WINDOWS\System32\NSI.dll
0x00007ffb02ab0000 - 0x00007ffb02ac7000 	C:\WINDOWS\SYSTEM32\dhcpcsvc6.DLL
0x00007ffb02a90000 - 0x00007ffb02aad000 	C:\WINDOWS\SYSTEM32\dhcpcsvc.DLL
0x00007ffb08460000 - 0x00007ffb0852a000 	C:\WINDOWS\SYSTEM32\DNSAPI.dll
0x00007ffab2850000 - 0x00007ffab2863000 	C:\Users\Diego\AppData\Local\Temp\jogamp_0000\file_cache\jln461801942193091577\jln14027633415378923569\natives\windows-amd64\gluegen_rt.dll
0x00007ffac9940000 - 0x00007ffac9947000 	C:\Program Files\Java\jdk-15.0.2\bin\jawt.dll
0x00007ffab2840000 - 0x00007ffab284d000 	C:\Users\Diego\AppData\Local\Temp\jogamp_0000\file_cache\jln461801942193091577\jln14027633415378923569\natives\windows-amd64\nativewindow_awt.dll
0x00007ffab2820000 - 0x00007ffab2835000 	C:\Users\Diego\AppData\Local\Temp\jogamp_0000\file_cache\jln461801942193091577\jln14027633415378923569\natives\windows-amd64\nativewindow_win32.dll
0x00007ff9b5620000 - 0x00007ff9b56a3000 	C:\Users\Diego\AppData\Local\Temp\jogamp_0000\file_cache\jln461801942193091577\jln14027633415378923569\natives\windows-amd64\jogl_desktop.dll
0x00007ff997790000 - 0x00007ff9977e2000 	C:\Users\Diego\AppData\Local\Temp\jogamp_0000\file_cache\jln461801942193091577\jln14027633415378923569\natives\windows-amd64\jogl_mobile.dll
0x00007ffb02890000 - 0x00007ffb02992000 	C:\Windows\System32\AppXDeploymentClient.dll
0x00007ffa81d30000 - 0x00007ffa85fba000 	C:\WINDOWS\System32\DriverStore\FileRepository\nv_dispig.inf_amd64_7e5fd280efaa5445\nvoglv64.dll
0x00007ffb09ec0000 - 0x00007ffb0a32e000 	C:\WINDOWS\System32\SETUPAPI.dll
0x00007ffb03db0000 - 0x00007ffb03dc4000 	C:\WINDOWS\SYSTEM32\WTSAPI32.dll
0x00007ffb08110000 - 0x00007ffb08143000 	C:\WINDOWS\SYSTEM32\ntmarta.dll
0x00007ffb08740000 - 0x00007ffb0878b000 	C:\WINDOWS\SYSTEM32\powrprof.dll
0x00007ffb08720000 - 0x00007ffb08732000 	C:\WINDOWS\SYSTEM32\UMPDC.dll
0x00007ffb08280000 - 0x00007ffb082db000 	C:\WINDOWS\SYSTEM32\WINSTA.dll
0x00007ffae2770000 - 0x00007ffae2869000 	C:\WINDOWS\SYSTEM32\textinputframework.dll
0x00007ffb04d90000 - 0x00007ffb04e82000 	C:\WINDOWS\System32\CoreMessaging.dll
0x00007ffb04a30000 - 0x00007ffb04d8b000 	C:\WINDOWS\System32\CoreUIComponents.dll
0x00007ffb052f0000 - 0x00007ffb05447000 	C:\WINDOWS\SYSTEM32\wintypes.dll
0x00007ffae8f70000 - 0x00007ffae8fd6000 	C:\WINDOWS\system32\Oleacc.dll

dbghelp: loaded successfully - version: 4.0.5 - missing functions: none
symbol engine: initialized successfully - sym options: 0x614 - pdb path: .;C:\Program Files\Java\jdk-15.0.2\bin;C:\WINDOWS\SYSTEM32;C:\WINDOWS\WinSxS\amd64_microsoft.windows.common-controls_6595b64144ccf1df_6.0.19041.4355_none_60b8b9eb71f62e16;C:\Program Files\Java\jdk-15.0.2\bin\server;C:\WINDOWS\System32\DriverStore\FileRepository\nv_dispig.inf_amd64_7e5fd280efaa5445;C:\Users\Diego\AppData\Local\Temp\jogamp_0000\file_cache\jln461801942193091577\jln14027633415378923569\natives\windows-amd64

VM Arguments:
jvm_args: -Dfile.encoding=UTF-8 --module-path=C:\GD\Mampos\Mampos\build\classes 
java_command: mampos.Mampos --add-exports java.base/java.lang=ALL-UNNAMED --add-exports java.desktop/sun.awt=ALL-UNNAMED --add-exports java.desktop/sun.java2d=ALL-UNNAMED
java_class_path (initial): C:\GD\Book\Book\JOGL\jogamp-all-platforms\jar\gluegen-rt.jar;C:\GD\Book\Book\JOGL\jogamp-all-platforms\jar\jogl-all.jar;C:\GD\Book\Book\JOGL\JOML\joml-1.10.7.jar;C:\Program Files\NetBeans-22\netbeans\java\modules\ext\AbsoluteLayout.jar;C:\GD\Book\Book\gson-2.11.0.jar;C:\GD\Mampos\Mampos\build\classes
Launcher Type: SUN_STANDARD

[Global flags]
     intx CICompilerCount                          = 12                                        {product} {ergonomic}
     uint ConcGCThreads                            = 3                                         {product} {ergonomic}
     uint G1ConcRefinementThreads                  = 13                                        {product} {ergonomic}
   size_t G1HeapRegionSize                         = 4194304                                   {product} {ergonomic}
    uintx GCDrainStackTargetSize                   = 64                                        {product} {ergonomic}
   size_t InitialHeapSize                          = 536870912                                 {product} {ergonomic}
   size_t MarkStackSize                            = 4194304                                   {product} {ergonomic}
   size_t MaxHeapSize                              = 8573157376                                {product} {ergonomic}
   size_t MaxNewSize                               = 5142216704                                {product} {ergonomic}
   size_t MinHeapDeltaBytes                        = 4194304                                   {product} {ergonomic}
   size_t MinHeapSize                              = 8388608                                   {product} {ergonomic}
    uintx NonNMethodCodeHeapSize                   = 7602480                                {pd product} {ergonomic}
    uintx NonProfiledCodeHeapSize                  = 122027880                              {pd product} {ergonomic}
    uintx ProfiledCodeHeapSize                     = 122027880                              {pd product} {ergonomic}
    uintx ReservedCodeCacheSize                    = 251658240                              {pd product} {ergonomic}
     bool SegmentedCodeCache                       = true                                      {product} {ergonomic}
   size_t SoftMaxHeapSize                          = 8573157376                             {manageable} {ergonomic}
     bool UseCompressedClassPointers               = true                                 {lp64_product} {ergonomic}
     bool UseCompressedOops                        = true                                 {lp64_product} {ergonomic}
     bool UseG1GC                                  = true                                      {product} {ergonomic}
     bool UseLargePagesIndividualAllocation        = false                                  {pd product} {ergonomic}

Logging:
Log output configuration:
 #0: stdout all=warning uptime,level,tags
 #1: stderr all=off uptime,level,tags

Environment Variables:
JAVA_HOME=C:\Program Files\Java\jdk-22\
PATH=C:\Program Files (x86)\Common Files\Intel\Shared Libraries\redist\intel64_win\compiler;C:\Python311\Scripts\;C:\Python311\;C:\Program Files\Microsoft\jdk-11.0.16.101-hotspot\bin;C:\Program Files\BellSoft\LibericaJDK-17-Full\bin\;C:\ProgramData\Oracle\Java\javapath;C:\Program Files\Common Files\Oracle\Java\javapath;C:\Program Files (x86)\Common Files\Oracle\Java\java8path;C:\Program Files (x86)\Common Files\Oracle\Java\javapath;C:\Program Files (x86)\NVIDIA Corporation\PhysX\Common;C:\Program Files (x86)\Common Files\Intel\Shared Libraries\redist\intel64\compiler;C:\WINDOWS\system32;C:\WINDOWS;C:\WINDOWS\System32\Wbem;C:\WINDOWS\System32\WindowsPowerShell\v1.0\;C:\WINDOWS\System32\OpenSSH\;C:\Program Files\Microsoft SQL Server\120\Tools\Binn\;C:\Program Files\Common Files\Autodesk Shared\;C:\Program Files\Microsoft SQL Server\Client SDK\ODBC\110\Tools\Binn\;C:\Program Files (x86)\Microsoft SQL Server\120\Tools\Binn\;C:\Program Files\Microsoft SQL Server\120\DTS\Binn\;C:\Program Files (x86)\Windows Kits\8.1\Windows Performance Toolkit\;C:\Program Files (x86)\Common Files\Autodesk Shared\Advance\;C:\Program Files (x86)\Microsoft SQL Server\90\Tools\binn\;C:\Program Files\Git\cmd;C:\Program Files\PostgreSQL\15\bin;C:\Program Files\Microsoft SQL Server\150\Tools\Binn\;C:\Program Files\Common Files\Autodesk Shared\Advance\;C:\Program Files\dotnet\;C:\Program Files\Docker\Docker\resources\bin;C:\Program Files (x86)\cloudflared\.;C:\Program Files\nodejs\;C:\ProgramData\chocolatey\bin;C:\tools\Manim\Scripts;C:\Program Files\MiKTeX\miktex\bin\x64\;C:\Program Files\Calibre2\;C:\Program Files\MATLAB\R2024a\runtime\win64;C:\Program Files\MATLAB\R2024a\bin;C:\Users\Diego\.cargo\bin;C:\Users\Diego\AppData\Local\Programs\Python\Python38\Scripts\;C:\Users\Diego\AppData\Local\Programs\Python\Python38\;C:\Users\Diego\AppData\Local\Programs\Python\Python38-32\Scripts\;C:\Users\Diego\AppData\Local\Programs\Python\Python38-32\;C:\Users\Diego\AppData\Local\Microsoft\WindowsApps;C:\Users
USERNAME=Diego
OS=Windows_NT
PROCESSOR_IDENTIFIER=AMD64 Family 23 Model 113 Stepping 0, AuthenticAMD



---------------  S Y S T E M  ---------------

OS:
 Windows 10 , 64 bit Build 19041 (10.0.19041.4717)
OS uptime: 0 days 11:39 hours
HyperV virtualization detected

CPU: total 16 (initial active 16) (16 cores per cpu, 2 threads per core) family 23 model 113 stepping 0 microcode 0x0, cmov, cx8, fxsr, mmx, sse, sse2, sse3, ssse3, sse4.1, sse4.2, popcnt, vzeroupper, avx, avx2, aes, clmul, 3dnowpref, lzcnt, sse4a, ht, tsc, tscinvbit, tscinv, bmi1, bmi2, adx, sha, fma, clflush, clflushopt

Memory: 4k page, system-wide physical 32689M (13936M free)
TotalPageFile size 37553M (AvailPageFile size 8795M)
current process WorkingSet (physical memory assigned to process): 292M, peak: 317M
current process commit charge ("private bytes"): 857M, peak: 857M

vm_info: Java HotSpot(TM) 64-Bit Server VM (15.0.2+7-27) for windows-amd64 JRE (15.0.2+7-27), built on Dec  7 2020 20:07:01 by "mach5one" with unknown MS VC++:1925

END.
