#
# A fatal error has been detected by the Java Runtime Environment:
#
#  EXCEPTION_ACCESS_VIOLATION (0xc0000005) at pc=0x000001bbdebffe40, pid=12108, tid=26600
#
# JRE version: Java(TM) SE Runtime Environment (15.0.2+7) (build 15.0.2+7-27)
# Java VM: Java HotSpot(TM) 64-Bit Server VM (15.0.2+7-27, mixed mode, sharing, tiered, compressed oops, g1 gc, windows-amd64)
# Problematic frame:
# C  0x000001bbdebffe40
#
# No core dump will be written. Minidumps are not enabled by default on client versions of Windows
#
# If you would like to submit a bug report, please visit:
#   https://bugreport.java.com/bugreport/crash.jsp
# The crash happened outside the Java Virtual Machine in native code.
# See problematic frame for where to report the bug.
#

---------------  S U M M A R Y ------------

Command Line: -Dfile.encoding=UTF-8 --module-path=C:\GD\Mampos\Mampos\build\classes mampos.Mampos --add-exports java.base/java.lang=ALL-UNNAMED --add-exports java.desktop/sun.awt=ALL-UNNAMED --add-exports java.desktop/sun.java2d=ALL-UNNAMED

Host: AMD Ryzen 7 3700X 8-Core Processor             , 16 cores, 31G,  Windows 10 , 64 bit Build 19041 (10.0.19041.4842)
Time: Mon Sep 30 17:08:42 2024 Hora estándar, América Central elapsed time: 3.088084 seconds (0d 0h 0m 3s)

---------------  T H R E A D  ---------------

Current thread (0x000001bbd51dcae0):  JavaThread "AWT-EventQueue-0" [_thread_in_native, id=26600, stack(0x0000009eaa600000,0x0000009eaa700000)]

Stack: [0x0000009eaa600000,0x0000009eaa700000],  sp=0x0000009eaa6fe4e0,  free space=1017k
Native frames: (J=compiled Java code, j=interpreted, Vv=VM code, C=native code)
C  0x000001bbdebffe40

Java frames: (J=compiled Java code, j=interpreted, Vv=VM code)
j  jogamp.opengl.gl4.GL4bcImpl.dispatch_glDrawArrays1(IIIJ)V+0
j  jogamp.opengl.gl4.GL4bcImpl.glDrawArrays(III)V+45
j  components.ControladorDeCotas.dibujarCotas(Lcom/jogamp/opengl/GL4;[III)V+53
j  rendering.Planta.display(Lcom/jogamp/opengl/GLAutoDrawable;)V+306
j  jogamp.opengl.GLDrawableHelper.displayImpl(Lcom/jogamp/opengl/GLAutoDrawable;)V+62
j  jogamp.opengl.GLDrawableHelper.display(Lcom/jogamp/opengl/GLAutoDrawable;)V+2
j  com.jogamp.opengl.awt.GLCanvas$10.run()V+118
j  jogamp.opengl.GLDrawableHelper.invokeGLImpl(Lcom/jogamp/opengl/GLDrawable;Lcom/jogamp/opengl/GLContext;Ljava/lang/Runnable;Ljava/lang/Runnable;)V+205
j  jogamp.opengl.GLDrawableHelper.invokeGL(Lcom/jogamp/opengl/GLDrawable;Lcom/jogamp/opengl/GLContext;Ljava/lang/Runnable;Ljava/lang/Runnable;)V+75
j  com.jogamp.opengl.awt.GLCanvas$11.run()V+104
j  java.awt.event.InvocationEvent.dispatch()V+11 java.desktop@15.0.2
j  java.awt.EventQueue.dispatchEventImpl(Ljava/awt/AWTEvent;Ljava/lang/Object;)V+21 java.desktop@15.0.2
j  java.awt.EventQueue$4.run()Ljava/lang/Void;+32 java.desktop@15.0.2
j  java.awt.EventQueue$4.run()Ljava/lang/Object;+1 java.desktop@15.0.2
J 886 c1 java.security.AccessController.executePrivileged(Ljava/security/PrivilegedAction;Ljava/security/AccessControlContext;Ljava/lang/Class;)Ljava/lang/Object; java.base@15.0.2 (65 bytes) @ 0x000001bbaf3d01c4 [0x000001bbaf3d0060+0x0000000000000164]
j  java.security.AccessController.doPrivileged(Ljava/security/PrivilegedAction;Ljava/security/AccessControlContext;)Ljava/lang/Object;+13 java.base@15.0.2
j  java.security.ProtectionDomain$JavaSecurityAccessImpl.doIntersectionPrivilege(Ljava/security/PrivilegedAction;Ljava/security/AccessControlContext;Ljava/security/AccessControlContext;)Ljava/lang/Object;+18 java.base@15.0.2
j  java.awt.EventQueue.dispatchEvent(Ljava/awt/AWTEvent;)V+46 java.desktop@15.0.2
j  java.awt.EventDispatchThread.pumpOneEventForFilters(I)V+78 java.desktop@15.0.2
j  java.awt.EventDispatchThread.pumpEventsForFilter(ILjava/awt/Conditional;Ljava/awt/EventFilter;)V+35 java.desktop@15.0.2
j  java.awt.EventDispatchThread.pumpEventsForHierarchy(ILjava/awt/Conditional;Ljava/awt/Component;)V+11 java.desktop@15.0.2
j  java.awt.EventDispatchThread.pumpEvents(ILjava/awt/Conditional;)V+4 java.desktop@15.0.2
j  java.awt.EventDispatchThread.pumpEvents(Ljava/awt/Conditional;)V+3 java.desktop@15.0.2
j  java.awt.EventDispatchThread.run()V+9 java.desktop@15.0.2
v  ~StubRoutines::call_stub

siginfo: EXCEPTION_ACCESS_VIOLATION (0xc0000005), reading address 0x0000000000000000


Register to memory mapping:

RIP=0x000001bbdebffe40 points into unknown readable memory: 0x893889046e8b3e8b | 8b 3e 8b 6e 04 89 38 89
RAX=0x000001bbd8592040 points into unknown readable memory: 0x0000000000000000 | 00 00 00 00 00 00 00 00
RBX=0x000001bbe0f60000 points into unknown readable memory: 0x000001bbdd531c80 | 80 1c 53 dd bb 01 00 00
RCX=0x0 is NULL
RDX=0x0000000000000012 is an unknown value
RSP=0x0000009eaa6fe4e0 is pointing into the stack for thread: 0x000001bbd51dcae0
RBP=0x000001bbdda80970 points into unknown readable memory: 0x0000000000000400 | 00 04 00 00 00 00 00 00
RSI=0x0 is NULL
RDI=0x0 is NULL
R8 =0x0 is NULL
R9 =0x0000000000000012 is an unknown value
R10=0x000001bbdda80970 points into unknown readable memory: 0x0000000000000400 | 00 04 00 00 00 00 00 00
R11=0x0 is NULL
R12=0x0 is NULL
R13=0x0 is NULL
R14=0x0000000000000001 is an unknown value
R15=0x000001bbd8592040 points into unknown readable memory: 0x0000000000000000 | 00 00 00 00 00 00 00 00


Registers:
RAX=0x000001bbd8592040, RBX=0x000001bbe0f60000, RCX=0x0000000000000000, RDX=0x0000000000000012
RSP=0x0000009eaa6fe4e0, RBP=0x000001bbdda80970, RSI=0x0000000000000000, RDI=0x0000000000000000
R8 =0x0000000000000000, R9 =0x0000000000000012, R10=0x000001bbdda80970, R11=0x0000000000000000
R12=0x0000000000000000, R13=0x0000000000000000, R14=0x0000000000000001, R15=0x000001bbd8592040
RIP=0x000001bbdebffe40, EFLAGS=0x0000000000010202

Top of Stack: (sp=0x0000009eaa6fe4e0)
0x0000009eaa6fe4e0:   000001bb00000000 0000000000000000
0x0000009eaa6fe4f0:   0000000000000012 000001bbe0f60000
0x0000009eaa6fe500:   000001bbdda80970 00007ffa866b944c
0x0000009eaa6fe510:   000001bbe0f60000 000001bbdda80970
0x0000009eaa6fe520:   0000000000000012 000001bbe0f60000
0x0000009eaa6fe530:   000001bbdde33398 0000000000000003
0x0000009eaa6fe540:   0000000000000012 000001bbdde33398
0x0000009eaa6fe550:   0000000000000001 000001bbdda80970
0x0000009eaa6fe560:   0000000000000012 0000000000000000
0x0000009eaa6fe570:   000001bbe0f60000 00007ffa866b5433
0x0000009eaa6fe580:   000001bb00000000 0000000000000000
0x0000009eaa6fe590:   0000000000000001 0000000000000012
0x0000009eaa6fe5a0:   0000000000000083 00c0000000000000
0x0000009eaa6fe5b0:   000001bbdde33398 000001bbdda80970
0x0000009eaa6fe5c0:   0000000000000000 00007ffa866b5690
0x0000009eaa6fe5d0:   0000000000000012 000001bbe0f60000 

Instructions: (pc=0x000001bbdebffe40)
0x000001bbdebffd40:   00 00 00 00 00 00 00 00 00 00 00 00 00 00 00 00
0x000001bbdebffd50:   00 00 00 00 00 00 00 00 00 00 00 00 00 00 00 00
0x000001bbdebffd60:   00 00 00 00 00 00 00 00 00 00 00 00 00 00 00 00
0x000001bbdebffd70:   00 00 00 00 00 00 00 00 00 00 00 00 00 00 00 00
0x000001bbdebffd80:   00 00 00 00 00 00 00 00 00 00 00 00 00 00 00 00
0x000001bbdebffd90:   00 00 00 00 00 00 00 00 00 00 00 00 00 00 00 00
0x000001bbdebffda0:   00 00 00 00 00 00 00 00 00 00 00 00 00 00 00 00
0x000001bbdebffdb0:   00 00 00 00 00 00 00 00 00 00 00 00 00 00 00 00
0x000001bbdebffdc0:   00 00 00 00 00 00 00 00 00 00 00 00 00 00 00 00
0x000001bbdebffdd0:   00 00 00 00 00 00 00 00 00 00 00 00 00 00 00 00
0x000001bbdebffde0:   00 00 00 00 00 00 00 00 00 00 00 00 00 00 00 00
0x000001bbdebffdf0:   00 00 00 00 00 00 00 00 40 ff ff ff c0 fd 00 00
0x000001bbdebffe00:   48 83 ec 28 48 89 6c 24 20 48 89 5c 24 18 48 89
0x000001bbdebffe10:   74 24 10 48 89 7c 24 08 48 8b d9 48 8b c2 49 8b
0x000001bbdebffe20:   c8 49 8b d1 48 be b0 8d fb e0 bb 01 00 00 48 8b
0x000001bbdebffe30:   36 48 8b b6 08 03 00 00 48 8d 3c 49 48 8d 34 be
0x000001bbdebffe40:   8b 3e 8b 6e 04 89 38 89 68 04 8b 7e 08 89 78 08
0x000001bbdebffe50:   48 be b0 8d fb e0 bb 01 00 00 48 8b 36 48 8b b6
0x000001bbdebffe60:   38 03 00 00 48 8d 34 ce 8b 3e 8b 6e 04 89 78 0c
0x000001bbdebffe70:   89 68 10 48 83 c0 14 ff c1 ff ca 75 a7 48 8b 7c
0x000001bbdebffe80:   24 08 48 8b 74 24 10 48 8b 5c 24 18 48 8b 6c 24
0x000001bbdebffe90:   20 48 83 c4 28 c3 00 00 00 00 00 00 00 00 00 00
0x000001bbdebffea0:   00 00 00 00 00 00 00 00 00 00 00 00 00 00 00 00
0x000001bbdebffeb0:   00 00 00 00 00 00 00 00 80 ff ff ff c0 00 00 00
0x000001bbdebffec0:   55 48 8b ec 53 56 57 4c 8b da 4c 8b d1 49 8b f2
0x000001bbdebffed0:   49 8b fb 41 8b e8 85 ed 0f 84 30 00 00 00 b9 03
0x000001bbdebffee0:   00 00 00 0f 8f 05 00 00 00 48 f7 d9 f7 dd 0f b6
0x000001bbdebffef0:   5e 02 c1 e3 10 0f b7 16 0b da 48 03 f1 48 83 c7
0x000001bbdebfff00:   04 81 e3 ff ff ff 00 ff cd 89 5f fc 75 e0 5f 5e
0x000001bbdebfff10:   5b 5d c3 00 00 00 00 00 00 00 00 00 00 00 00 00
0x000001bbdebfff20:   00 00 00 00 00 00 00 00 00 00 00 00 00 00 00 00
0x000001bbdebfff30:   00 00 00 00 00 00 00 00 c0 ff ff ff 80 00 00 00 


Stack slot to memory mapping:
stack at sp + 0 slots: 0x000001bb00000000 is an unknown value
stack at sp + 1 slots: 0x0 is NULL
stack at sp + 2 slots: 0x0000000000000012 is an unknown value
stack at sp + 3 slots: 0x000001bbe0f60000 points into unknown readable memory: 0x000001bbdd531c80 | 80 1c 53 dd bb 01 00 00
stack at sp + 4 slots: 0x000001bbdda80970 points into unknown readable memory: 0x0000000000000400 | 00 04 00 00 00 00 00 00
stack at sp + 5 slots: 0x00007ffa866b944c nvoglv64.dll
stack at sp + 6 slots: 0x000001bbe0f60000 points into unknown readable memory: 0x000001bbdd531c80 | 80 1c 53 dd bb 01 00 00
stack at sp + 7 slots: 0x000001bbdda80970 points into unknown readable memory: 0x0000000000000400 | 00 04 00 00 00 00 00 00


---------------  P R O C E S S  ---------------

Threads class SMR info:
_java_thread_list=0x000001bbddd16390, length=21, elements={
0x000001bbd42b7160, 0x000001bbd42b7c30, 0x000001bbd42d1b80, 0x000001bbd42d4540,
0x000001bbd42d6710, 0x000001bbd42d94b0, 0x000001bbd42dd450, 0x000001bbd42dde40,
0x000001bbd429fe80, 0x000001bbd4c6c8e0, 0x000001bbd4cf1020, 0x000001bbd4efe780,
0x000001bbd51b3300, 0x000001bbd51b37d0, 0x000001bbd51dcae0, 0x000001bba4729f50,
0x000001bbd55be260, 0x000001bbd55be730, 0x000001bbd55bec00, 0x000001bbd55bf5a0,
0x000001bbd55bd3f0
}

Java Threads: ( => current thread )
  0x000001bbd42b7160 JavaThread "Reference Handler" daemon [_thread_blocked, id=4124, stack(0x0000009ea9600000,0x0000009ea9700000)]
  0x000001bbd42b7c30 JavaThread "Finalizer" daemon [_thread_blocked, id=5624, stack(0x0000009ea9700000,0x0000009ea9800000)]
  0x000001bbd42d1b80 JavaThread "Signal Dispatcher" daemon [_thread_blocked, id=26144, stack(0x0000009ea9800000,0x0000009ea9900000)]
  0x000001bbd42d4540 JavaThread "Attach Listener" daemon [_thread_blocked, id=20532, stack(0x0000009ea9900000,0x0000009ea9a00000)]
  0x000001bbd42d6710 JavaThread "Service Thread" daemon [_thread_blocked, id=11768, stack(0x0000009ea9a00000,0x0000009ea9b00000)]
  0x000001bbd42d94b0 JavaThread "C2 CompilerThread0" daemon [_thread_blocked, id=4380, stack(0x0000009ea9b00000,0x0000009ea9c00000)]
  0x000001bbd42dd450 JavaThread "C1 CompilerThread0" daemon [_thread_blocked, id=27020, stack(0x0000009ea9c00000,0x0000009ea9d00000)]
  0x000001bbd42dde40 JavaThread "Sweeper thread" daemon [_thread_blocked, id=10964, stack(0x0000009ea9d00000,0x0000009ea9e00000)]
  0x000001bbd429fe80 JavaThread "Common-Cleaner" daemon [_thread_blocked, id=8212, stack(0x0000009ea9e00000,0x0000009ea9f00000)]
  0x000001bbd4c6c8e0 JavaThread "C1 CompilerThread1" daemon [_thread_blocked, id=11372, stack(0x0000009ea9f00000,0x0000009eaa000000)]
  0x000001bbd4cf1020 JavaThread "Notification Thread" daemon [_thread_blocked, id=716, stack(0x0000009eaa100000,0x0000009eaa200000)]
  0x000001bbd4efe780 JavaThread "Java2D Disposer" daemon [_thread_blocked, id=17496, stack(0x0000009eaa300000,0x0000009eaa400000)]
  0x000001bbd51b3300 JavaThread "AWT-Shutdown" [_thread_blocked, id=17120, stack(0x0000009eaa400000,0x0000009eaa500000)]
  0x000001bbd51b37d0 JavaThread "AWT-Windows" daemon [_thread_in_native, id=6708, stack(0x0000009eaa500000,0x0000009eaa600000)]
=>0x000001bbd51dcae0 JavaThread "AWT-EventQueue-0" [_thread_in_native, id=26600, stack(0x0000009eaa600000,0x0000009eaa700000)]
  0x000001bba4729f50 JavaThread "DestroyJavaVM" [_thread_blocked, id=10076, stack(0x0000009ea8f00000,0x0000009ea9000000)]
  0x000001bbd55be260 JavaThread "TimerQueue" daemon [_thread_blocked, id=26924, stack(0x0000009eaa000000,0x0000009eaa100000)]
  0x000001bbd55be730 JavaThread "AWT-EventQueue-0-SharedResourceRunner" daemon [_thread_blocked, id=20836, stack(0x0000009eaac10000,0x0000009eaad10000)]
  0x000001bbd55bec00 JavaThread "AWT-EventQueue-0-AWTAnimator#00" [_thread_blocked, id=13268, stack(0x0000009eabb10000,0x0000009eabc10000)]
  0x000001bbd55bf5a0 JavaThread "AWT-EventQueue-0-AWTAnimator#01" [_thread_blocked, id=3352, stack(0x0000009eabc10000,0x0000009eabd10000)]
  0x000001bbd55bd3f0 JavaThread "D3D Screen Updater" daemon [_thread_blocked, id=13224, stack(0x0000009eabd10000,0x0000009eabe10000)]

Other Threads:
  0x000001bbd42b59e0 VMThread "VM Thread" [stack: 0x0000009ea9500000,0x0000009ea9600000] [id=19400]
  0x000001bba472a940 WatcherThread [stack: 0x0000009eaa200000,0x0000009eaa300000] [id=19796]
  0x000001bba6978610 GCTaskThread "GC Thread#0" [stack: 0x0000009ea9000000,0x0000009ea9100000] [id=19352]
  0x000001bbdd882e80 GCTaskThread "GC Thread#1" [stack: 0x0000009eab010000,0x0000009eab110000] [id=15440]
  0x000001bbdd882820 GCTaskThread "GC Thread#2" [stack: 0x0000009eab110000,0x0000009eab210000] [id=19592]
  0x000001bbdd881e90 GCTaskThread "GC Thread#3" [stack: 0x0000009eab210000,0x0000009eab310000] [id=2836]
  0x000001bbdd880b70 GCTaskThread "GC Thread#4" [stack: 0x0000009eab310000,0x0000009eab410000] [id=18960]
  0x000001bbdd881830 GCTaskThread "GC Thread#5" [stack: 0x0000009eab410000,0x0000009eab510000] [id=22592]
  0x000001bbdd8821c0 GCTaskThread "GC Thread#6" [stack: 0x0000009eab510000,0x0000009eab610000] [id=23184]
  0x000001bbdd8811d0 GCTaskThread "GC Thread#7" [stack: 0x0000009eab610000,0x0000009eab710000] [id=1588]
  0x000001bbdd882b50 GCTaskThread "GC Thread#8" [stack: 0x0000009eab710000,0x0000009eab810000] [id=11188]
  0x000001bbdd881500 GCTaskThread "GC Thread#9" [stack: 0x0000009eab810000,0x0000009eab910000] [id=11944]
  0x000001bbdd8831b0 GCTaskThread "GC Thread#10" [stack: 0x0000009eab910000,0x0000009eaba10000] [id=2732]
  0x000001bbdd8834e0 GCTaskThread "GC Thread#11" [stack: 0x0000009eaba10000,0x0000009eabb10000] [id=13784]
  0x000001bba6989d80 ConcurrentGCThread "G1 Main Marker" [stack: 0x0000009ea9100000,0x0000009ea9200000] [id=15776]
  0x000001bba698a870 ConcurrentGCThread "G1 Conc#0" [stack: 0x0000009ea9200000,0x0000009ea9300000] [id=12644]
  0x000001bbd41a8700 ConcurrentGCThread "G1 Refine#0" [stack: 0x0000009ea9300000,0x0000009ea9400000] [id=25896]
  0x000001bbd41a9200 ConcurrentGCThread "G1 Young RemSet Sampling" [stack: 0x0000009ea9400000,0x0000009ea9500000] [id=26608]

Threads with active compile tasks:

VM state: not at safepoint (normal execution)

VM Mutex/Monitor currently owned by a thread: None

Heap address: 0x0000000601000000, size: 8176 MB, Compressed Oops mode: Zero based, Oop shift amount: 3
CDS archive(s) mapped at: [0x0000000800000000-0x0000000800b50000-0x0000000800b50000), size 11862016, SharedBaseAddress: 0x0000000800000000, ArchiveRelocationMode: 0.
Compressed class space mapped at: 0x0000000800b50000-0x0000000840b50000, size: 1073741824
Narrow klass base: 0x0000000800000000, Narrow klass shift: 3, Narrow klass range: 0x100000000

GC Precious Log:
 CPUs: 16 total, 16 available
 Memory: 32689M
 Large Page Support: Disabled
 NUMA Support: Disabled
 Compressed Oops: Enabled (Zero based)
 Heap Region Size: 4M
 Heap Min Capacity: 8M
 Heap Initial Capacity: 512M
 Heap Max Capacity: 8176M
 Pre-touch: Disabled
 Parallel Workers: 13
 Concurrent Workers: 3
 Concurrent Refinement Workers: 13
 Periodic GC: Disabled

Heap:
 garbage-first heap   total 524288K, used 56459K [0x0000000601000000, 0x0000000800000000)
  region size 4096K, 6 young (24576K), 2 survivors (8192K)
 Metaspace       used 18941K, capacity 19178K, committed 19456K, reserved 1067008K
  class space    used 1670K, capacity 1763K, committed 1792K, reserved 1048576K

Heap Regions: E=young(eden), S=young(survivor), O=old, HS=humongous(starts), HC=humongous(continues), CS=collection set, F=free, OA=open archive, CA=closed archive, TAMS=top-at-mark-start (previous, next)
|   0|0x0000000601000000, 0x0000000601400000, 0x0000000601400000|100%| O|  |TAMS 0x0000000601000000, 0x0000000601000000| Untracked 
|   1|0x0000000601400000, 0x0000000601800000, 0x0000000601800000|100%| O|  |TAMS 0x0000000601400000, 0x0000000601400000| Untracked 
|   2|0x0000000601800000, 0x0000000601c00000, 0x0000000601c00000|100%| O|  |TAMS 0x0000000601800000, 0x0000000601800000| Untracked 
|   3|0x0000000601c00000, 0x0000000602000000, 0x0000000602000000|100%| O|  |TAMS 0x0000000601c00000, 0x0000000601c00000| Untracked 
|   4|0x0000000602000000, 0x0000000602400000, 0x0000000602400000|100%| O|  |TAMS 0x0000000602000000, 0x0000000602000000| Untracked 
|   5|0x0000000602400000, 0x0000000602800000, 0x0000000602800000|100%| O|  |TAMS 0x0000000602400000, 0x0000000602400000| Untracked 
|   6|0x0000000602800000, 0x0000000602c00000, 0x0000000602c00000|100%| O|  |TAMS 0x0000000602800000, 0x0000000602800000| Untracked 
|   7|0x0000000602c00000, 0x0000000603000000, 0x0000000603000000|100%| O|  |TAMS 0x0000000602c00000, 0x0000000602c00000| Untracked 
|   8|0x0000000603000000, 0x0000000603322c00, 0x0000000603400000| 78%| O|  |TAMS 0x0000000603000000, 0x0000000603000000| Untracked 
|   9|0x0000000603400000, 0x0000000603400000, 0x0000000603800000|  0%| F|  |TAMS 0x0000000603400000, 0x0000000603400000| Untracked 
|  10|0x0000000603800000, 0x0000000603800000, 0x0000000603c00000|  0%| F|  |TAMS 0x0000000603800000, 0x0000000603800000| Untracked 
|  11|0x0000000603c00000, 0x0000000603c00000, 0x0000000604000000|  0%| F|  |TAMS 0x0000000603c00000, 0x0000000603c00000| Untracked 
|  12|0x0000000604000000, 0x0000000604000000, 0x0000000604400000|  0%| F|  |TAMS 0x0000000604000000, 0x0000000604000000| Untracked 
|  13|0x0000000604400000, 0x0000000604400000, 0x0000000604800000|  0%| F|  |TAMS 0x0000000604400000, 0x0000000604400000| Untracked 
|  14|0x0000000604800000, 0x0000000604800000, 0x0000000604c00000|  0%| F|  |TAMS 0x0000000604800000, 0x0000000604800000| Untracked 
|  15|0x0000000604c00000, 0x0000000604c00000, 0x0000000605000000|  0%| F|  |TAMS 0x0000000604c00000, 0x0000000604c00000| Untracked 
|  16|0x0000000605000000, 0x0000000605000000, 0x0000000605400000|  0%| F|  |TAMS 0x0000000605000000, 0x0000000605000000| Untracked 
|  17|0x0000000605400000, 0x0000000605400000, 0x0000000605800000|  0%| F|  |TAMS 0x0000000605400000, 0x0000000605400000| Untracked 
|  18|0x0000000605800000, 0x0000000605800000, 0x0000000605c00000|  0%| F|  |TAMS 0x0000000605800000, 0x0000000605800000| Untracked 
|  19|0x0000000605c00000, 0x0000000605c00000, 0x0000000606000000|  0%| F|  |TAMS 0x0000000605c00000, 0x0000000605c00000| Untracked 
|  20|0x0000000606000000, 0x0000000606000000, 0x0000000606400000|  0%| F|  |TAMS 0x0000000606000000, 0x0000000606000000| Untracked 
|  21|0x0000000606400000, 0x0000000606400000, 0x0000000606800000|  0%| F|  |TAMS 0x0000000606400000, 0x0000000606400000| Untracked 
|  22|0x0000000606800000, 0x0000000606800000, 0x0000000606c00000|  0%| F|  |TAMS 0x0000000606800000, 0x0000000606800000| Untracked 
|  23|0x0000000606c00000, 0x0000000606c00000, 0x0000000607000000|  0%| F|  |TAMS 0x0000000606c00000, 0x0000000606c00000| Untracked 
|  24|0x0000000607000000, 0x0000000607000000, 0x0000000607400000|  0%| F|  |TAMS 0x0000000607000000, 0x0000000607000000| Untracked 
|  25|0x0000000607400000, 0x0000000607400000, 0x0000000607800000|  0%| F|  |TAMS 0x0000000607400000, 0x0000000607400000| Untracked 
|  26|0x0000000607800000, 0x0000000607800000, 0x0000000607c00000|  0%| F|  |TAMS 0x0000000607800000, 0x0000000607800000| Untracked 
|  27|0x0000000607c00000, 0x0000000607c00000, 0x0000000608000000|  0%| F|  |TAMS 0x0000000607c00000, 0x0000000607c00000| Untracked 
|  28|0x0000000608000000, 0x0000000608000000, 0x0000000608400000|  0%| F|  |TAMS 0x0000000608000000, 0x0000000608000000| Untracked 
|  29|0x0000000608400000, 0x0000000608400000, 0x0000000608800000|  0%| F|  |TAMS 0x0000000608400000, 0x0000000608400000| Untracked 
|  30|0x0000000608800000, 0x0000000608800000, 0x0000000608c00000|  0%| F|  |TAMS 0x0000000608800000, 0x0000000608800000| Untracked 
|  31|0x0000000608c00000, 0x0000000608c00000, 0x0000000609000000|  0%| F|  |TAMS 0x0000000608c00000, 0x0000000608c00000| Untracked 
|  32|0x0000000609000000, 0x0000000609000000, 0x0000000609400000|  0%| F|  |TAMS 0x0000000609000000, 0x0000000609000000| Untracked 
|  33|0x0000000609400000, 0x0000000609400000, 0x0000000609800000|  0%| F|  |TAMS 0x0000000609400000, 0x0000000609400000| Untracked 
|  34|0x0000000609800000, 0x0000000609800000, 0x0000000609c00000|  0%| F|  |TAMS 0x0000000609800000, 0x0000000609800000| Untracked 
|  35|0x0000000609c00000, 0x0000000609c00000, 0x000000060a000000|  0%| F|  |TAMS 0x0000000609c00000, 0x0000000609c00000| Untracked 
|  36|0x000000060a000000, 0x000000060a000000, 0x000000060a400000|  0%| F|  |TAMS 0x000000060a000000, 0x000000060a000000| Untracked 
|  37|0x000000060a400000, 0x000000060a400000, 0x000000060a800000|  0%| F|  |TAMS 0x000000060a400000, 0x000000060a400000| Untracked 
|  38|0x000000060a800000, 0x000000060a800000, 0x000000060ac00000|  0%| F|  |TAMS 0x000000060a800000, 0x000000060a800000| Untracked 
|  39|0x000000060ac00000, 0x000000060ac00000, 0x000000060b000000|  0%| F|  |TAMS 0x000000060ac00000, 0x000000060ac00000| Untracked 
|  40|0x000000060b000000, 0x000000060b000000, 0x000000060b400000|  0%| F|  |TAMS 0x000000060b000000, 0x000000060b000000| Untracked 
|  41|0x000000060b400000, 0x000000060b400000, 0x000000060b800000|  0%| F|  |TAMS 0x000000060b400000, 0x000000060b400000| Untracked 
|  42|0x000000060b800000, 0x000000060b800000, 0x000000060bc00000|  0%| F|  |TAMS 0x000000060b800000, 0x000000060b800000| Untracked 
|  43|0x000000060bc00000, 0x000000060bc00000, 0x000000060c000000|  0%| F|  |TAMS 0x000000060bc00000, 0x000000060bc00000| Untracked 
|  44|0x000000060c000000, 0x000000060c000000, 0x000000060c400000|  0%| F|  |TAMS 0x000000060c000000, 0x000000060c000000| Untracked 
|  45|0x000000060c400000, 0x000000060c400000, 0x000000060c800000|  0%| F|  |TAMS 0x000000060c400000, 0x000000060c400000| Untracked 
|  46|0x000000060c800000, 0x000000060c800000, 0x000000060cc00000|  0%| F|  |TAMS 0x000000060c800000, 0x000000060c800000| Untracked 
|  47|0x000000060cc00000, 0x000000060cc00000, 0x000000060d000000|  0%| F|  |TAMS 0x000000060cc00000, 0x000000060cc00000| Untracked 
|  48|0x000000060d000000, 0x000000060d000000, 0x000000060d400000|  0%| F|  |TAMS 0x000000060d000000, 0x000000060d000000| Untracked 
|  49|0x000000060d400000, 0x000000060d400000, 0x000000060d800000|  0%| F|  |TAMS 0x000000060d400000, 0x000000060d400000| Untracked 
|  50|0x000000060d800000, 0x000000060d800000, 0x000000060dc00000|  0%| F|  |TAMS 0x000000060d800000, 0x000000060d800000| Untracked 
|  51|0x000000060dc00000, 0x000000060dc00000, 0x000000060e000000|  0%| F|  |TAMS 0x000000060dc00000, 0x000000060dc00000| Untracked 
|  52|0x000000060e000000, 0x000000060e000000, 0x000000060e400000|  0%| F|  |TAMS 0x000000060e000000, 0x000000060e000000| Untracked 
|  53|0x000000060e400000, 0x000000060e400000, 0x000000060e800000|  0%| F|  |TAMS 0x000000060e400000, 0x000000060e400000| Untracked 
|  54|0x000000060e800000, 0x000000060e800000, 0x000000060ec00000|  0%| F|  |TAMS 0x000000060e800000, 0x000000060e800000| Untracked 
|  55|0x000000060ec00000, 0x000000060ec00000, 0x000000060f000000|  0%| F|  |TAMS 0x000000060ec00000, 0x000000060ec00000| Untracked 
|  56|0x000000060f000000, 0x000000060f000000, 0x000000060f400000|  0%| F|  |TAMS 0x000000060f000000, 0x000000060f000000| Untracked 
|  57|0x000000060f400000, 0x000000060f400000, 0x000000060f800000|  0%| F|  |TAMS 0x000000060f400000, 0x000000060f400000| Untracked 
|  58|0x000000060f800000, 0x000000060f800000, 0x000000060fc00000|  0%| F|  |TAMS 0x000000060f800000, 0x000000060f800000| Untracked 
|  59|0x000000060fc00000, 0x000000060fc00000, 0x0000000610000000|  0%| F|  |TAMS 0x000000060fc00000, 0x000000060fc00000| Untracked 
|  60|0x0000000610000000, 0x0000000610000000, 0x0000000610400000|  0%| F|  |TAMS 0x0000000610000000, 0x0000000610000000| Untracked 
|  61|0x0000000610400000, 0x0000000610400000, 0x0000000610800000|  0%| F|  |TAMS 0x0000000610400000, 0x0000000610400000| Untracked 
|  62|0x0000000610800000, 0x0000000610800000, 0x0000000610c00000|  0%| F|  |TAMS 0x0000000610800000, 0x0000000610800000| Untracked 
|  63|0x0000000610c00000, 0x0000000610c00000, 0x0000000611000000|  0%| F|  |TAMS 0x0000000610c00000, 0x0000000610c00000| Untracked 
|  64|0x0000000611000000, 0x0000000611000000, 0x0000000611400000|  0%| F|  |TAMS 0x0000000611000000, 0x0000000611000000| Untracked 
|  65|0x0000000611400000, 0x0000000611400000, 0x0000000611800000|  0%| F|  |TAMS 0x0000000611400000, 0x0000000611400000| Untracked 
|  66|0x0000000611800000, 0x0000000611800000, 0x0000000611c00000|  0%| F|  |TAMS 0x0000000611800000, 0x0000000611800000| Untracked 
|  67|0x0000000611c00000, 0x0000000611c00000, 0x0000000612000000|  0%| F|  |TAMS 0x0000000611c00000, 0x0000000611c00000| Untracked 
|  68|0x0000000612000000, 0x0000000612000000, 0x0000000612400000|  0%| F|  |TAMS 0x0000000612000000, 0x0000000612000000| Untracked 
|  69|0x0000000612400000, 0x0000000612400000, 0x0000000612800000|  0%| F|  |TAMS 0x0000000612400000, 0x0000000612400000| Untracked 
|  70|0x0000000612800000, 0x0000000612800000, 0x0000000612c00000|  0%| F|  |TAMS 0x0000000612800000, 0x0000000612800000| Untracked 
|  71|0x0000000612c00000, 0x0000000612c00000, 0x0000000613000000|  0%| F|  |TAMS 0x0000000612c00000, 0x0000000612c00000| Untracked 
|  72|0x0000000613000000, 0x0000000613000000, 0x0000000613400000|  0%| F|  |TAMS 0x0000000613000000, 0x0000000613000000| Untracked 
|  73|0x0000000613400000, 0x0000000613400000, 0x0000000613800000|  0%| F|  |TAMS 0x0000000613400000, 0x0000000613400000| Untracked 
|  74|0x0000000613800000, 0x0000000613800000, 0x0000000613c00000|  0%| F|  |TAMS 0x0000000613800000, 0x0000000613800000| Untracked 
|  75|0x0000000613c00000, 0x0000000613c00000, 0x0000000614000000|  0%| F|  |TAMS 0x0000000613c00000, 0x0000000613c00000| Untracked 
|  76|0x0000000614000000, 0x0000000614000000, 0x0000000614400000|  0%| F|  |TAMS 0x0000000614000000, 0x0000000614000000| Untracked 
|  77|0x0000000614400000, 0x0000000614400000, 0x0000000614800000|  0%| F|  |TAMS 0x0000000614400000, 0x0000000614400000| Untracked 
|  78|0x0000000614800000, 0x0000000614800000, 0x0000000614c00000|  0%| F|  |TAMS 0x0000000614800000, 0x0000000614800000| Untracked 
|  79|0x0000000614c00000, 0x0000000614c00000, 0x0000000615000000|  0%| F|  |TAMS 0x0000000614c00000, 0x0000000614c00000| Untracked 
|  80|0x0000000615000000, 0x0000000615000000, 0x0000000615400000|  0%| F|  |TAMS 0x0000000615000000, 0x0000000615000000| Untracked 
|  81|0x0000000615400000, 0x0000000615400000, 0x0000000615800000|  0%| F|  |TAMS 0x0000000615400000, 0x0000000615400000| Untracked 
|  82|0x0000000615800000, 0x0000000615800000, 0x0000000615c00000|  0%| F|  |TAMS 0x0000000615800000, 0x0000000615800000| Untracked 
|  83|0x0000000615c00000, 0x0000000615c00000, 0x0000000616000000|  0%| F|  |TAMS 0x0000000615c00000, 0x0000000615c00000| Untracked 
|  84|0x0000000616000000, 0x0000000616000000, 0x0000000616400000|  0%| F|  |TAMS 0x0000000616000000, 0x0000000616000000| Untracked 
|  85|0x0000000616400000, 0x0000000616400000, 0x0000000616800000|  0%| F|  |TAMS 0x0000000616400000, 0x0000000616400000| Untracked 
|  86|0x0000000616800000, 0x0000000616800000, 0x0000000616c00000|  0%| F|  |TAMS 0x0000000616800000, 0x0000000616800000| Untracked 
|  87|0x0000000616c00000, 0x0000000616c00000, 0x0000000617000000|  0%| F|  |TAMS 0x0000000616c00000, 0x0000000616c00000| Untracked 
|  88|0x0000000617000000, 0x0000000617000000, 0x0000000617400000|  0%| F|  |TAMS 0x0000000617000000, 0x0000000617000000| Untracked 
|  89|0x0000000617400000, 0x0000000617400000, 0x0000000617800000|  0%| F|  |TAMS 0x0000000617400000, 0x0000000617400000| Untracked 
|  90|0x0000000617800000, 0x0000000617800000, 0x0000000617c00000|  0%| F|  |TAMS 0x0000000617800000, 0x0000000617800000| Untracked 
|  91|0x0000000617c00000, 0x0000000617c00000, 0x0000000618000000|  0%| F|  |TAMS 0x0000000617c00000, 0x0000000617c00000| Untracked 
|  92|0x0000000618000000, 0x0000000618000000, 0x0000000618400000|  0%| F|  |TAMS 0x0000000618000000, 0x0000000618000000| Untracked 
|  93|0x0000000618400000, 0x0000000618400000, 0x0000000618800000|  0%| F|  |TAMS 0x0000000618400000, 0x0000000618400000| Untracked 
|  94|0x0000000618800000, 0x0000000618800000, 0x0000000618c00000|  0%| F|  |TAMS 0x0000000618800000, 0x0000000618800000| Untracked 
|  95|0x0000000618c00000, 0x0000000618c00000, 0x0000000619000000|  0%| F|  |TAMS 0x0000000618c00000, 0x0000000618c00000| Untracked 
|  96|0x0000000619000000, 0x0000000619000000, 0x0000000619400000|  0%| F|  |TAMS 0x0000000619000000, 0x0000000619000000| Untracked 
|  97|0x0000000619400000, 0x0000000619400000, 0x0000000619800000|  0%| F|  |TAMS 0x0000000619400000, 0x0000000619400000| Untracked 
|  98|0x0000000619800000, 0x0000000619800000, 0x0000000619c00000|  0%| F|  |TAMS 0x0000000619800000, 0x0000000619800000| Untracked 
|  99|0x0000000619c00000, 0x0000000619c00000, 0x000000061a000000|  0%| F|  |TAMS 0x0000000619c00000, 0x0000000619c00000| Untracked 
| 100|0x000000061a000000, 0x000000061a000000, 0x000000061a400000|  0%| F|  |TAMS 0x000000061a000000, 0x000000061a000000| Untracked 
| 101|0x000000061a400000, 0x000000061a400000, 0x000000061a800000|  0%| F|  |TAMS 0x000000061a400000, 0x000000061a400000| Untracked 
| 102|0x000000061a800000, 0x000000061a800000, 0x000000061ac00000|  0%| F|  |TAMS 0x000000061a800000, 0x000000061a800000| Untracked 
| 103|0x000000061ac00000, 0x000000061ac00000, 0x000000061b000000|  0%| F|  |TAMS 0x000000061ac00000, 0x000000061ac00000| Untracked 
| 104|0x000000061b000000, 0x000000061b000000, 0x000000061b400000|  0%| F|  |TAMS 0x000000061b000000, 0x000000061b000000| Untracked 
| 105|0x000000061b400000, 0x000000061b400000, 0x000000061b800000|  0%| F|  |TAMS 0x000000061b400000, 0x000000061b400000| Untracked 
| 106|0x000000061b800000, 0x000000061b800000, 0x000000061bc00000|  0%| F|  |TAMS 0x000000061b800000, 0x000000061b800000| Untracked 
| 107|0x000000061bc00000, 0x000000061bc00000, 0x000000061c000000|  0%| F|  |TAMS 0x000000061bc00000, 0x000000061bc00000| Untracked 
| 108|0x000000061c000000, 0x000000061c000000, 0x000000061c400000|  0%| F|  |TAMS 0x000000061c000000, 0x000000061c000000| Untracked 
| 109|0x000000061c400000, 0x000000061c400000, 0x000000061c800000|  0%| F|  |TAMS 0x000000061c400000, 0x000000061c400000| Untracked 
| 110|0x000000061c800000, 0x000000061c800000, 0x000000061cc00000|  0%| F|  |TAMS 0x000000061c800000, 0x000000061c800000| Untracked 
| 111|0x000000061cc00000, 0x000000061cc00000, 0x000000061d000000|  0%| F|  |TAMS 0x000000061cc00000, 0x000000061cc00000| Untracked 
| 112|0x000000061d000000, 0x000000061d000000, 0x000000061d400000|  0%| F|  |TAMS 0x000000061d000000, 0x000000061d000000| Untracked 
| 113|0x000000061d400000, 0x000000061d400000, 0x000000061d800000|  0%| F|  |TAMS 0x000000061d400000, 0x000000061d400000| Untracked 
| 114|0x000000061d800000, 0x000000061d800000, 0x000000061dc00000|  0%| F|  |TAMS 0x000000061d800000, 0x000000061d800000| Untracked 
| 115|0x000000061dc00000, 0x000000061dc00000, 0x000000061e000000|  0%| F|  |TAMS 0x000000061dc00000, 0x000000061dc00000| Untracked 
| 116|0x000000061e000000, 0x000000061e400000, 0x000000061e400000|100%| S|CS|TAMS 0x000000061e000000, 0x000000061e000000| Complete 
| 117|0x000000061e400000, 0x000000061e800000, 0x000000061e800000|100%| S|CS|TAMS 0x000000061e400000, 0x000000061e400000| Complete 
| 118|0x000000061e800000, 0x000000061e800000, 0x000000061ec00000|  0%| F|  |TAMS 0x000000061e800000, 0x000000061e800000| Untracked 
| 119|0x000000061ec00000, 0x000000061ec00000, 0x000000061f000000|  0%| F|  |TAMS 0x000000061ec00000, 0x000000061ec00000| Untracked 
| 120|0x000000061f000000, 0x000000061f000000, 0x000000061f400000|  0%| F|  |TAMS 0x000000061f000000, 0x000000061f000000| Untracked 
| 121|0x000000061f400000, 0x000000061f400000, 0x000000061f800000|  0%| F|  |TAMS 0x000000061f400000, 0x000000061f400000| Untracked 
| 122|0x000000061f800000, 0x000000061f800000, 0x000000061fc00000|  0%| F|  |TAMS 0x000000061f800000, 0x000000061f800000| Untracked 
| 123|0x000000061fc00000, 0x000000061fc00000, 0x0000000620000000|  0%| F|  |TAMS 0x000000061fc00000, 0x000000061fc00000| Untracked 
| 124|0x0000000620000000, 0x0000000620400000, 0x0000000620400000|100%| E|  |TAMS 0x0000000620000000, 0x0000000620000000| Complete 
| 125|0x0000000620400000, 0x0000000620800000, 0x0000000620800000|100%| E|CS|TAMS 0x0000000620400000, 0x0000000620400000| Complete 
| 126|0x0000000620800000, 0x0000000620c00000, 0x0000000620c00000|100%| E|CS|TAMS 0x0000000620800000, 0x0000000620800000| Complete 
| 127|0x0000000620c00000, 0x0000000621000000, 0x0000000621000000|100%| E|CS|TAMS 0x0000000620c00000, 0x0000000620c00000| Complete 

Card table byte_map: [0x000001bbbf3b0000,0x000001bbc03b0000] _byte_map_base: 0x000001bbbc3a8000

Marking Bits (Prev, Next): (CMBitMap*) 0x000001bba6978d00, (CMBitMap*) 0x000001bba6978d40
 Prev Bits: [0x000001bbc13b0000, 0x000001bbc9370000)
 Next Bits: [0x000001bbc9370000, 0x000001bbd1330000)

Polling page: 0x000001bba4880000

Metaspace:

Usage:
  Non-class:     17.01 MB capacity,    16.87 MB (>99%) used,   121.18 KB ( <1%) free+waste,    22.81 KB ( <1%) overhead. 
      Class:      1.72 MB capacity,     1.63 MB ( 95%) used,    84.88 KB (  5%) free+waste,     7.38 KB ( <1%) overhead. 
       Both:     18.73 MB capacity,    18.50 MB ( 99%) used,   206.06 KB (  1%) free+waste,    30.19 KB ( <1%) overhead. 

Virtual space:
  Non-class space:       18.00 MB reserved,      17.25 MB ( 96%) committed 
      Class space:        1.00 GB reserved,       1.75 MB ( <1%) committed 
             Both:        1.02 GB reserved,      19.00 MB (  2%) committed 

Chunk freelists:
   Non-Class:  121.00 KB
       Class:  29.00 KB
        Both:  150.00 KB

MaxMetaspaceSize: 17179869184.00 GB
CompressedClassSpaceSize: 1.00 GB

CodeHeap 'non-profiled nmethods': size=119168Kb used=617Kb max_used=617Kb free=118550Kb
 bounds [0x000001bbb66d0000, 0x000001bbb6940000, 0x000001bbbdb30000]
CodeHeap 'profiled nmethods': size=119104Kb used=3141Kb max_used=3141Kb free=115962Kb
 bounds [0x000001bbaf280000, 0x000001bbaf5a0000, 0x000001bbb66d0000]
CodeHeap 'non-nmethods': size=7488Kb used=2198Kb max_used=2213Kb free=5289Kb
 bounds [0x000001bbaeb30000, 0x000001bbaeda0000, 0x000001bbaf280000]
 total_blobs=2708 nmethods=1677 adapters=943
 compilation: enabled
              stopped_count=0, restarted_count=0
 full_count=0

Compilation events (20 events):
Event: 2.907 Thread 0x000001bbd42d94b0 1667       4       jogamp.opengl.util.jpeg.JPEGDecoder$Output::buildComponentData (213 bytes)
Event: 2.918 Thread 0x000001bbd42d94b0 nmethod 1667 0x000001bbb6765790 code [0x000001bbb6765980, 0x000001bbb6766618]
Event: 2.939 Thread 0x000001bbd42dd450 1668 %s    3       jogamp.opengl.util.jpeg.JPEGDecoder::getPixel @ 624 (1554 bytes)
Event: 2.945 Thread 0x000001bbd42dd450 nmethod 1668% 0x000001bbaf573590 code [0x000001bbaf574360, 0x000001bbaf57ce58]
Event: 2.945 Thread 0x000001bbd42dd450 1669  s    3       jogamp.opengl.util.jpeg.JPEGDecoder::getPixel (1554 bytes)
Event: 2.950 Thread 0x000001bbd42dd450 nmethod 1669 0x000001bbaf580e10 code [0x000001bbaf581be0, 0x000001bbaf58a2e8]
Event: 2.950 Thread 0x000001bbd42d94b0 1670 %s    4       jogamp.opengl.util.jpeg.JPEGDecoder::getPixel @ 624 (1554 bytes)
Event: 2.967 Thread 0x000001bbd42d94b0 nmethod 1670% 0x000001bbb6766e10 code [0x000001bbb6767080, 0x000001bbb67687d8]
Event: 3.012 Thread 0x000001bbd42dd450 1671       3       java.lang.Class$ReflectionData::<init> (10 bytes)
Event: 3.012 Thread 0x000001bbd4c6c8e0 1672       3       java.lang.Class$Atomic::casReflectionData (13 bytes)
Event: 3.012 Thread 0x000001bbd42dd450 nmethod 1671 0x000001bbaf58e210 code [0x000001bbaf58e3a0, 0x000001bbaf58e4f8]
Event: 3.012 Thread 0x000001bbd42dd450 1673       3       jdk.internal.misc.Unsafe::objectFieldOffset (18 bytes)
Event: 3.012 Thread 0x000001bbd4c6c8e0 nmethod 1672 0x000001bbaf58e590 code [0x000001bbaf58e720, 0x000001bbaf58e878]
Event: 3.012 Thread 0x000001bbd42dd450 nmethod 1673 0x000001bbaf58e910 code [0x000001bbaf58eac0, 0x000001bbaf58ecf8]
Event: 3.056 Thread 0x000001bbd42dd450 1674       3       java.lang.Class::newReflectionData (66 bytes)
Event: 3.056 Thread 0x000001bbd42dd450 nmethod 1674 0x000001bbaf58ee10 code [0x000001bbaf58f020, 0x000001bbaf58f938]
Event: 3.058 Thread 0x000001bbd42d94b0 1675       4       java.lang.AbstractStringBuilder::append (77 bytes)
Event: 3.060 Thread 0x000001bbd42d94b0 nmethod 1675 0x000001bbb6769510 code [0x000001bbb67696a0, 0x000001bbb6769bf8]
Event: 3.069 Thread 0x000001bbd42d94b0 1676       4       java.lang.StringLatin1::indexOf (121 bytes)
Event: 3.073 Thread 0x000001bbd42d94b0 nmethod 1676 0x000001bbb6769e90 code [0x000001bbb676a020, 0x000001bbb676a498]

GC Heap History (6 events):
Event: 1.761 GC heap before
{Heap before GC invocations=0 (full 0):
 garbage-first heap   total 524288K, used 24576K [0x0000000601000000, 0x0000000800000000)
  region size 4096K, 6 young (24576K), 0 survivors (0K)
 Metaspace       used 15410K, capacity 15550K, committed 15872K, reserved 1062912K
  class space    used 1425K, capacity 1471K, committed 1536K, reserved 1048576K
}
Event: 1.771 GC heap after
{Heap after GC invocations=1 (full 0):
 garbage-first heap   total 524288K, used 3425K [0x0000000601000000, 0x0000000800000000)
  region size 4096K, 1 young (4096K), 1 survivors (4096K)
 Metaspace       used 15410K, capacity 15550K, committed 15872K, reserved 1062912K
  class space    used 1425K, capacity 1471K, committed 1536K, reserved 1048576K
}
Event: 2.205 GC heap before
{Heap before GC invocations=1 (full 0):
 garbage-first heap   total 524288K, used 32097K [0x0000000601000000, 0x0000000800000000)
  region size 4096K, 8 young (32768K), 1 survivors (4096K)
 Metaspace       used 17145K, capacity 17418K, committed 17664K, reserved 1064960K
  class space    used 1603K, capacity 1667K, committed 1792K, reserved 1048576K
}
Event: 2.225 GC heap after
{Heap after GC invocations=2 (full 0):
 garbage-first heap   total 524288K, used 24489K [0x0000000601000000, 0x0000000800000000)
  region size 4096K, 1 young (4096K), 1 survivors (4096K)
 Metaspace       used 17145K, capacity 17418K, committed 17664K, reserved 1064960K
  class space    used 1603K, capacity 1667K, committed 1792K, reserved 1048576K
}
Event: 2.653 GC heap before
{Heap before GC invocations=2 (full 0):
 garbage-first heap   total 524288K, used 61353K [0x0000000601000000, 0x0000000800000000)
  region size 4096K, 10 young (40960K), 1 survivors (4096K)
 Metaspace       used 17274K, capacity 17482K, committed 17920K, reserved 1064960K
  class space    used 1610K, capacity 1667K, committed 1792K, reserved 1048576K
}
Event: 2.659 GC heap after
{Heap after GC invocations=3 (full 0):
 garbage-first heap   total 524288K, used 44171K [0x0000000601000000, 0x0000000800000000)
  region size 4096K, 2 young (8192K), 2 survivors (8192K)
 Metaspace       used 17274K, capacity 17482K, committed 17920K, reserved 1064960K
  class space    used 1610K, capacity 1667K, committed 1792K, reserved 1048576K
}

Deoptimization events (20 events):
Event: 2.965 Thread 0x000001bbd51dcae0 DEOPT PACKING pc=0x000001bbaf57c4b9 sp=0x0000009eaa6fe160
Event: 2.965 Thread 0x000001bbd51dcae0 DEOPT UNPACKING pc=0x000001bbaeb7e23f sp=0x0000009eaa6fd880 mode 0
Event: 2.965 Thread 0x000001bbd51dcae0 DEOPT PACKING pc=0x000001bbaf57c4b9 sp=0x0000009eaa6fe160
Event: 2.965 Thread 0x000001bbd51dcae0 DEOPT UNPACKING pc=0x000001bbaeb7e23f sp=0x0000009eaa6fd880 mode 0
Event: 2.965 Thread 0x000001bbd51dcae0 DEOPT PACKING pc=0x000001bbaf57c4b9 sp=0x0000009eaa6fe160
Event: 2.965 Thread 0x000001bbd51dcae0 DEOPT UNPACKING pc=0x000001bbaeb7e23f sp=0x0000009eaa6fd880 mode 0
Event: 2.965 Thread 0x000001bbd51dcae0 DEOPT PACKING pc=0x000001bbaf57c4b9 sp=0x0000009eaa6fe160
Event: 2.965 Thread 0x000001bbd51dcae0 DEOPT UNPACKING pc=0x000001bbaeb7e23f sp=0x0000009eaa6fd880 mode 0
Event: 2.966 Thread 0x000001bbd51dcae0 DEOPT PACKING pc=0x000001bbaf57c4b9 sp=0x0000009eaa6fe160
Event: 2.966 Thread 0x000001bbd51dcae0 DEOPT UNPACKING pc=0x000001bbaeb7e23f sp=0x0000009eaa6fd880 mode 0
Event: 2.966 Thread 0x000001bbd51dcae0 DEOPT PACKING pc=0x000001bbaf57c4b9 sp=0x0000009eaa6fe160
Event: 2.966 Thread 0x000001bbd51dcae0 DEOPT UNPACKING pc=0x000001bbaeb7e23f sp=0x0000009eaa6fd880 mode 0
Event: 2.966 Thread 0x000001bbd51dcae0 DEOPT PACKING pc=0x000001bbaf57c4b9 sp=0x0000009eaa6fe160
Event: 2.966 Thread 0x000001bbd51dcae0 DEOPT UNPACKING pc=0x000001bbaeb7e23f sp=0x0000009eaa6fd880 mode 0
Event: 2.967 Thread 0x000001bbd51dcae0 DEOPT PACKING pc=0x000001bbaf57c4b9 sp=0x0000009eaa6fe160
Event: 2.967 Thread 0x000001bbd51dcae0 DEOPT UNPACKING pc=0x000001bbaeb7e23f sp=0x0000009eaa6fd880 mode 0
Event: 2.967 Thread 0x000001bbd51dcae0 DEOPT PACKING pc=0x000001bbaf57c4b9 sp=0x0000009eaa6fe160
Event: 2.967 Thread 0x000001bbd51dcae0 DEOPT UNPACKING pc=0x000001bbaeb7e23f sp=0x0000009eaa6fd880 mode 0
Event: 2.967 Thread 0x000001bbd51dcae0 DEOPT PACKING pc=0x000001bbaf57c4b9 sp=0x0000009eaa6fe160
Event: 2.967 Thread 0x000001bbd51dcae0 DEOPT UNPACKING pc=0x000001bbaeb7e23f sp=0x0000009eaa6fd880 mode 0

Classes unloaded (0 events):
No events

Classes redefined (0 events):
No events

Internal exceptions (20 events):
Event: 0.257 Thread 0x000001bba4729f50 Exception <a 'java/io/FileNotFoundException'{0x0000000620f46728}> (0x0000000620f46728) 
thrown [./open/src/hotspot/share/prims/jni.cpp, line 578]
Event: 0.257 Thread 0x000001bba4729f50 Exception <a 'java/lang/NoSuchMethodError'{0x0000000620f47960}: 'java.lang.Object java.lang.invoke.DirectMethodHandle$Holder.invokeStatic(java.lang.Object)'> (0x0000000620f47960) 
thrown [./open/src/hotspot/share/interpreter/linkResolver.cpp, line 782]
Event: 0.264 Thread 0x000001bba4729f50 Exception <a 'java/lang/NoSuchMethodError'{0x0000000620f4fd68}: 'void java.lang.invoke.DirectMethodHandle$Holder.invokeSpecial(java.lang.Object, java.lang.Object, java.lang.Object)'> (0x0000000620f4fd68) 
thrown [./open/src/hotspot/share/interpreter/linkResolver.cpp, line 782]
Event: 0.302 Thread 0x000001bba4729f50 Exception <a 'java/lang/NoSuchMethodError'{0x0000000620f8f178}: 'java.lang.Object java.lang.invoke.DirectMethodHandle$Holder.invokeStaticInit(java.lang.Object)'> (0x0000000620f8f178) 
thrown [./open/src/hotspot/share/interpreter/linkResolver.cpp, line 782]
Event: 0.593 Thread 0x000001bbd51dcae0 Exception <a 'java/lang/NoSuchMethodError'{0x00000006209531f8}: 'java.lang.Object java.lang.invoke.DirectMethodHandle$Holder.newInvokeSpecial(java.lang.Object, java.lang.Object, java.lang.Object, java.lang.Object, java.lang.Object)'> (0x00000006209531f8) 
thrown [./open/src/hotspot/share/interpreter/linkResolver.cpp, line 782]
Event: 0.594 Thread 0x000001bbd51dcae0 Exception <a 'java/lang/NoSuchMethodError'{0x000000062095ec88}: 'java.lang.Object java.lang.invoke.DirectMethodHandle$Holder.invokeStatic(java.lang.Object, int, java.lang.Object, java.lang.Object, java.lang.Object, java.lang.Object)'> (0x000000062095ec88) 
thrown [./open/src/hotspot/share/interpreter/linkResolver.cpp, line 782]
Event: 0.596 Thread 0x000001bbd51dcae0 Exception <a 'java/lang/NoSuchMethodError'{0x0000000620985178}: 'java.lang.Object java.lang.invoke.DirectMethodHandle$Holder.invokeStatic(java.lang.Object, int, java.lang.Object)'> (0x0000000620985178) 
thrown [./open/src/hotspot/share/interpreter/linkResolver.cpp, line 782]
Event: 0.611 Thread 0x000001bbd51dcae0 Exception <a 'java/lang/ClassNotFoundException'{0x0000000620a3d6e0}: com/sun/swing/internal/plaf/metal/resources/spi/metalProvider> (0x0000000620a3d6e0) 
thrown [./open/src/hotspot/share/classfile/systemDictionary.cpp, line 295]
Event: 0.612 Thread 0x000001bbd51dcae0 Exception <a 'java/lang/ClassNotFoundException'{0x0000000620a41890}: com/sun/swing/internal/plaf/basic/resources/spi/basicProvider> (0x0000000620a41890) 
thrown [./open/src/hotspot/share/classfile/systemDictionary.cpp, line 295]
Event: 0.757 Thread 0x000001bbd51dcae0 Exception <a 'java/lang/NoSuchMethodError'{0x0000000620b897a8}: 'void java.lang.invoke.DirectMethodHandle$Holder.invokeStaticInit(java.lang.Object)'> (0x0000000620b897a8) 
thrown [./open/src/hotspot/share/interpreter/linkResolver.cpp, line 782]
Event: 0.896 Thread 0x000001bbd51dcae0 Exception <a 'java/lang/NoSuchMethodError'{0x00000006206c9458}: 'void java.lang.invoke.DirectMethodHandle$Holder.invokeStatic(java.lang.Object, java.lang.Object)'> (0x00000006206c9458) 
thrown [./open/src/hotspot/share/interpreter/linkResolver.cpp, line 782]
Event: 0.896 Thread 0x000001bbd51dcae0 Exception <a 'java/lang/NoSuchMethodError'{0x00000006206cce60}: 'void java.lang.invoke.DirectMethodHandle$Holder.invokeStaticInit(java.lang.Object, java.lang.Object)'> (0x00000006206cce60) 
thrown [./open/src/hotspot/share/interpreter/linkResolver.cpp, line 782]
Event: 0.902 Thread 0x000001bbd51dcae0 Exception <a 'java/lang/NoSuchMethodError'{0x00000006206f9c98}: 'java.lang.Object java.lang.invoke.DirectMethodHandle$Holder.invokeStaticInit(java.lang.Object, int, int, int, int)'> (0x00000006206f9c98) 
thrown [./open/src/hotspot/share/interpreter/linkResolver.cpp, line 782]
Event: 0.931 Thread 0x000001bbd51dcae0 Exception <a 'java/lang/NoSuchMethodError'{0x000000062075dcc8}: 'java.lang.Object java.lang.invoke.DirectMethodHandle$Holder.invokeStaticInit(java.lang.Object, java.lang.Object, int, int, int, int)'> (0x000000062075dcc8) 
thrown [./open/src/hotspot/share/interpreter/linkResolver.cpp, line 782]
Event: 0.947 Thread 0x000001bbd51dcae0 Exception <a 'java/lang/NoSuchMethodError'{0x00000006207698d0}: 'void java.lang.invoke.DirectMethodHandle$Holder.invokeStatic(java.lang.Object, long)'> (0x00000006207698d0) 
thrown [./open/src/hotspot/share/interpreter/linkResolver.cpp, line 782]
Event: 0.948 Thread 0x000001bbd51dcae0 Exception <a 'java/lang/NoSuchMethodError'{0x000000062076f1a8}: 'java.lang.Object java.lang.invoke.DirectMethodHandle$Holder.newInvokeSpecial(java.lang.Object, long)'> (0x000000062076f1a8) 
thrown [./open/src/hotspot/share/interpreter/linkResolver.cpp, line 782]
Event: 0.949 Thread 0x000001bbd51dcae0 Exception <a 'java/lang/NoSuchMethodError'{0x00000006207763f8}: 'java.lang.Object java.lang.invoke.DirectMethodHandle$Holder.invokeStatic(java.lang.Object, java.lang.Object, long, java.lang.Object)'> (0x00000006207763f8) 
thrown [./open/src/hotspot/share/interpreter/linkResolver.cpp, line 782]
Event: 0.949 Thread 0x000001bbd51dcae0 Exception <a 'java/lang/NoSuchMethodError'{0x000000062077a098}: 'java.lang.Object java.lang.invoke.DirectMethodHandle$Holder.invokeStaticInit(java.lang.Object, java.lang.Object, long, java.lang.Object)'> (0x000000062077a098) 
thrown [./open/src/hotspot/share/interpreter/linkResolver.cpp, line 782]
Event: 0.949 Thread 0x000001bbd51dcae0 Exception <a 'java/lang/NoSuchMethodError'{0x0000000620780ac0}: 'java.lang.Object java.lang.invoke.DirectMethodHandle$Holder.newInvokeSpecial(java.lang.Object, java.lang.Object, long)'> (0x0000000620780ac0) 
thrown [./open/src/hotspot/share/interpreter/linkResolver.cpp, line 782]
Event: 0.949 Thread 0x000001bbd51dcae0 Exception <a 'java/lang/NoSuchMethodError'{0x0000000620784830}: 'java.lang.Object java.lang.invoke.Invokers$Holder.linkToTargetMethod(java.lang.Object, long, java.lang.Object)'> (0x0000000620784830) 
thrown [./open/src/hotspot/share/interpreter/linkResolver.cpp, line 782]

Events (20 events):
Event: 2.205 Executing VM operation: G1CollectForAllocation
Event: 2.226 Executing VM operation: G1CollectForAllocation done
Event: 2.226 Executing VM operation: HandshakeAllThreads
Event: 2.226 Executing VM operation: HandshakeAllThreads done
Event: 2.229 Thread 0x000001bbddd66a70 Thread added: 0x000001bbddd66a70
Event: 2.229 Thread 0x000001bbddd66f80 Thread added: 0x000001bbddd66f80
Event: 2.348 Thread 0x000001bbddd66f80 Thread exited: 0x000001bbddd66f80
Event: 2.476 Thread 0x000001bbddd66a70 Thread exited: 0x000001bbddd66a70
Event: 2.562 Thread 0x000001bbddd8d4b0 Thread added: 0x000001bbddd8d4b0
Event: 2.653 Executing VM operation: G1CollectForAllocation
Event: 2.659 Executing VM operation: G1CollectForAllocation done
Event: 2.659 Executing VM operation: HandshakeAllThreads
Event: 2.659 Executing VM operation: HandshakeAllThreads done
Event: 2.907 Thread 0x000001bbddd8d4b0 Thread exited: 0x000001bbddd8d4b0
Event: 3.008 loading class java/nio/BufferOverflowException
Event: 3.008 loading class java/nio/BufferOverflowException done
Event: 3.008 loading class java/nio/BufferUnderflowException
Event: 3.008 loading class java/nio/BufferUnderflowException done
Event: 3.012 loading class jdk/internal/access/foreign/MemorySegmentProxy
Event: 3.012 loading class jdk/internal/access/foreign/MemorySegmentProxy done


Dynamic libraries:
0x00007ff792290000 - 0x00007ff79229f000 	C:\Program Files\Java\jdk-15.0.2\bin\java.exe
0x00007ffaeadd0000 - 0x00007ffaeafc8000 	C:\WINDOWS\SYSTEM32\ntdll.dll
0x00007ffae9430000 - 0x00007ffae94f1000 	C:\WINDOWS\System32\KERNEL32.DLL
0x00007ffae8480000 - 0x00007ffae877d000 	C:\WINDOWS\System32\KERNELBASE.dll
0x00007ffae89d0000 - 0x00007ffae8ad0000 	C:\WINDOWS\System32\ucrtbase.dll
0x00007ffaced00000 - 0x00007ffaced19000 	C:\Program Files\Java\jdk-15.0.2\bin\VCRUNTIME140.dll
0x00007ffacece0000 - 0x00007ffacecf8000 	C:\Program Files\Java\jdk-15.0.2\bin\jli.dll
0x00007ffae8f20000 - 0x00007ffae8fd0000 	C:\WINDOWS\System32\ADVAPI32.dll
0x00007ffaea680000 - 0x00007ffaea71e000 	C:\WINDOWS\System32\msvcrt.dll
0x00007ffae8e80000 - 0x00007ffae8f20000 	C:\WINDOWS\System32\sechost.dll
0x00007ffaea780000 - 0x00007ffaea8a3000 	C:\WINDOWS\System32\RPCRT4.dll
0x00007ffae8c70000 - 0x00007ffae8c97000 	C:\WINDOWS\System32\bcrypt.dll
0x00007ffaeaa40000 - 0x00007ffaeabdd000 	C:\WINDOWS\System32\USER32.dll
0x00007ffae8ad0000 - 0x00007ffae8af2000 	C:\WINDOWS\System32\win32u.dll
0x00007ffad6620000 - 0x00007ffad68ba000 	C:\WINDOWS\WinSxS\amd64_microsoft.windows.common-controls_6595b64144ccf1df_6.0.19041.4355_none_60b8b9eb71f62e16\COMCTL32.dll
0x00007ffae8ff0000 - 0x00007ffae901b000 	C:\WINDOWS\System32\GDI32.dll
0x00007ffae8b50000 - 0x00007ffae8c67000 	C:\WINDOWS\System32\gdi32full.dll
0x00007ffae8810000 - 0x00007ffae88ad000 	C:\WINDOWS\System32\msvcp_win.dll
0x00007ffae18a0000 - 0x00007ffae18aa000 	C:\WINDOWS\SYSTEM32\VERSION.dll
0x00007ffaeabe0000 - 0x00007ffaeac0f000 	C:\WINDOWS\System32\IMM32.DLL
0x00007ffae3e50000 - 0x00007ffae3e5c000 	C:\Program Files\Java\jdk-15.0.2\bin\vcruntime140_1.dll
0x00007ffac2bb0000 - 0x00007ffac2c41000 	C:\Program Files\Java\jdk-15.0.2\bin\msvcp140.dll
0x00007ffa31040000 - 0x00007ffa31b9e000 	C:\Program Files\Java\jdk-15.0.2\bin\server\jvm.dll
0x00007ffae8fe0000 - 0x00007ffae8fe8000 	C:\WINDOWS\System32\PSAPI.DLL
0x00007ffad9530000 - 0x00007ffad9557000 	C:\WINDOWS\SYSTEM32\WINMM.dll
0x00007ffac55c0000 - 0x00007ffac55c9000 	C:\WINDOWS\SYSTEM32\WSOCK32.dll
0x00007ffaea610000 - 0x00007ffaea67b000 	C:\WINDOWS\System32\WS2_32.dll
0x00007ffae6c80000 - 0x00007ffae6c92000 	C:\WINDOWS\SYSTEM32\kernel.appcore.dll
0x00007ffacecd0000 - 0x00007ffacecda000 	C:\Program Files\Java\jdk-15.0.2\bin\jimage.dll
0x00007ffae6020000 - 0x00007ffae6204000 	C:\WINDOWS\SYSTEM32\DBGHELP.DLL
0x00007ffabae90000 - 0x00007ffabaec4000 	C:\WINDOWS\SYSTEM32\dbgcore.DLL
0x00007ffae8780000 - 0x00007ffae8802000 	C:\WINDOWS\System32\bcryptPrimitives.dll
0x00007ffaceca0000 - 0x00007ffacecc5000 	C:\Program Files\Java\jdk-15.0.2\bin\java.dll
0x00007ffae99d0000 - 0x00007ffaea13f000 	C:\WINDOWS\System32\SHELL32.dll
0x00007ffae64c0000 - 0x00007ffae6c63000 	C:\WINDOWS\SYSTEM32\windows.storage.dll
0x00007ffae9590000 - 0x00007ffae98e3000 	C:\WINDOWS\System32\combase.dll
0x00007ffae7eb0000 - 0x00007ffae7ede000 	C:\WINDOWS\SYSTEM32\Wldp.dll
0x00007ffaea970000 - 0x00007ffaeaa3d000 	C:\WINDOWS\System32\OLEAUT32.dll
0x00007ffaea8b0000 - 0x00007ffaea95d000 	C:\WINDOWS\System32\SHCORE.dll
0x00007ffaea5b0000 - 0x00007ffaea605000 	C:\WINDOWS\System32\shlwapi.dll
0x00007ffae83b0000 - 0x00007ffae83d4000 	C:\WINDOWS\SYSTEM32\profapi.dll
0x00007ffacd1e0000 - 0x00007ffacd1f9000 	C:\Program Files\Java\jdk-15.0.2\bin\net.dll
0x00007ffae18b0000 - 0x00007ffae19bd000 	C:\WINDOWS\SYSTEM32\WINHTTP.dll
0x00007ffae7bd0000 - 0x00007ffae7c3a000 	C:\WINDOWS\system32\mswsock.dll
0x00007ffacd1c0000 - 0x00007ffacd1d2000 	C:\Program Files\Java\jdk-15.0.2\bin\nio.dll
0x00007ffac2b90000 - 0x00007ffac2ba8000 	C:\Program Files\Java\jdk-15.0.2\bin\zip.dll
0x00007ffa3f830000 - 0x00007ffa3f9b0000 	C:\Program Files\Java\jdk-15.0.2\bin\awt.dll
0x00007ffae4300000 - 0x00007ffae4394000 	C:\WINDOWS\SYSTEM32\apphelp.dll
0x00007ffae4fb0000 - 0x00007ffae504e000 	C:\WINDOWS\system32\uxtheme.dll
0x00007ffaeac10000 - 0x00007ffaead25000 	C:\WINDOWS\System32\MSCTF.dll
0x00007ffae91d0000 - 0x00007ffae92fb000 	C:\WINDOWS\System32\ole32.dll
0x00007ffae53e0000 - 0x00007ffae540f000 	C:\WINDOWS\system32\DWMAPI.DLL
0x00007ffa8afd0000 - 0x00007ffa8b0f8000 	C:\WINDOWS\system32\opengl32.dll
0x00007ffadaa90000 - 0x00007ffadaabc000 	C:\WINDOWS\SYSTEM32\GLU32.dll
0x00007ffa9e4d0000 - 0x00007ffa9e6a0000 	C:\WINDOWS\system32\d3d9.dll
0x00007ffad69b0000 - 0x00007ffad6a6c000 	C:\WINDOWS\System32\DriverStore\FileRepository\nv_dispig.inf_amd64_7e5fd280efaa5445\nvldumdx.dll
0x00007ffae8040000 - 0x00007ffae8052000 	C:\WINDOWS\SYSTEM32\msasn1.dll
0x00007ffae1800000 - 0x00007ffae1831000 	C:\WINDOWS\SYSTEM32\cryptnet.dll
0x00007ffae8ca0000 - 0x00007ffae8dfc000 	C:\WINDOWS\System32\CRYPT32.dll
0x00007ffae1460000 - 0x00007ffae15a7000 	C:\WINDOWS\SYSTEM32\drvstore.dll
0x00007ffae8210000 - 0x00007ffae8243000 	C:\WINDOWS\SYSTEM32\devobj.dll
0x00007ffae8b00000 - 0x00007ffae8b4e000 	C:\WINDOWS\System32\cfgmgr32.dll
0x00007ffae7e00000 - 0x00007ffae7e0c000 	C:\WINDOWS\SYSTEM32\cryptbase.dll
0x00007ffae8960000 - 0x00007ffae89c9000 	C:\WINDOWS\System32\wintrust.dll
0x00007ffae9300000 - 0x00007ffae931d000 	C:\WINDOWS\System32\imagehlp.dll
0x00007ffae7de0000 - 0x00007ffae7df8000 	C:\WINDOWS\SYSTEM32\CRYPTSP.dll
0x00007ffae7420000 - 0x00007ffae7454000 	C:\WINDOWS\system32\rsaenh.dll
0x00007ff9dc440000 - 0x00007ff9df5cb000 	C:\WINDOWS\System32\DriverStore\FileRepository\nv_dispig.inf_amd64_7e5fd280efaa5445\nvd3dumx.dll
0x00007ffae6ca0000 - 0x00007ffae6cc3000 	C:\WINDOWS\SYSTEM32\gpapi.dll
0x00007ffad6a70000 - 0x00007ffad6aab000 	C:\WINDOWS\SYSTEM32\dxcore.dll
0x00007ffac2a50000 - 0x00007ffac2ad5000 	C:\Program Files\Java\jdk-15.0.2\bin\freetype.dll
0x00007ffac29a0000 - 0x00007ffac2a49000 	C:\Program Files\Java\jdk-15.0.2\bin\fontmanager.dll
0x00007ffae9320000 - 0x00007ffae93c9000 	C:\WINDOWS\System32\clbcatq.dll
0x00007ffae4c80000 - 0x00007ffae4e36000 	C:\WINDOWS\SYSTEM32\WindowsCodecs.dll
0x00007ffaac460000 - 0x00007ffaac49e000 	C:\WINDOWS\system32\dataexchange.dll
0x00007ffae30e0000 - 0x00007ffae32c4000 	C:\WINDOWS\system32\dcomp.dll
0x00007ffae6220000 - 0x00007ffae6483000 	C:\WINDOWS\system32\d3d11.dll
0x00007ffae6cd0000 - 0x00007ffae6dc6000 	C:\WINDOWS\system32\dxgi.dll
0x00007ffae02d0000 - 0x00007ffae04d3000 	C:\WINDOWS\system32\twinapi.appcore.dll
0x00007ffac2b80000 - 0x00007ffac2b90000 	C:\Program Files\Java\jdk-15.0.2\bin\verify.dll
0x00007ffae8330000 - 0x00007ffae835e000 	C:\WINDOWS\SYSTEM32\USERENV.dll
0x00007ffae7850000 - 0x00007ffae788b000 	C:\WINDOWS\SYSTEM32\IPHLPAPI.DLL
0x00007ffae8fd0000 - 0x00007ffae8fd8000 	C:\WINDOWS\System32\NSI.dll
0x00007ffae1fa0000 - 0x00007ffae1fb7000 	C:\WINDOWS\SYSTEM32\dhcpcsvc6.DLL
0x00007ffae1f80000 - 0x00007ffae1f9d000 	C:\WINDOWS\SYSTEM32\dhcpcsvc.DLL
0x00007ffae7890000 - 0x00007ffae795a000 	C:\WINDOWS\SYSTEM32\DNSAPI.dll
0x00007ffac2b60000 - 0x00007ffac2b73000 	C:\Users\Diego\AppData\Local\Temp\jogamp_0000\file_cache\jln16213654386731515822\jln372327068634352041\natives\windows-amd64\gluegen_rt.dll
0x00007ffac2b50000 - 0x00007ffac2b57000 	C:\Program Files\Java\jdk-15.0.2\bin\jawt.dll
0x00007ffac2b40000 - 0x00007ffac2b4d000 	C:\Users\Diego\AppData\Local\Temp\jogamp_0000\file_cache\jln16213654386731515822\jln372327068634352041\natives\windows-amd64\nativewindow_awt.dll
0x00007ffac2b20000 - 0x00007ffac2b35000 	C:\Users\Diego\AppData\Local\Temp\jogamp_0000\file_cache\jln16213654386731515822\jln372327068634352041\natives\windows-amd64\nativewindow_win32.dll
0x00007ffaae110000 - 0x00007ffaae193000 	C:\Users\Diego\AppData\Local\Temp\jogamp_0000\file_cache\jln16213654386731515822\jln372327068634352041\natives\windows-amd64\jogl_desktop.dll
0x00007ffa3d3d0000 - 0x00007ffa3d422000 	C:\Users\Diego\AppData\Local\Temp\jogamp_0000\file_cache\jln16213654386731515822\jln372327068634352041\natives\windows-amd64\jogl_mobile.dll
0x00007ffae1b40000 - 0x00007ffae1c42000 	C:\Windows\System32\AppXDeploymentClient.dll
0x00007ffa85150000 - 0x00007ffa893da000 	C:\WINDOWS\System32\DriverStore\FileRepository\nv_dispig.inf_amd64_7e5fd280efaa5445\nvoglv64.dll
0x00007ffaea140000 - 0x00007ffaea5ae000 	C:\WINDOWS\System32\SETUPAPI.dll
0x00007ffae3d00000 - 0x00007ffae3d14000 	C:\WINDOWS\SYSTEM32\WTSAPI32.dll
0x00007ffae76d0000 - 0x00007ffae7703000 	C:\WINDOWS\SYSTEM32\ntmarta.dll
0x00007ffae7ae0000 - 0x00007ffae7b2b000 	C:\WINDOWS\SYSTEM32\powrprof.dll
0x00007ffae7ac0000 - 0x00007ffae7ad2000 	C:\WINDOWS\SYSTEM32\UMPDC.dll
0x00007ffae7670000 - 0x00007ffae76cb000 	C:\WINDOWS\SYSTEM32\WINSTA.dll
0x00007ffada340000 - 0x00007ffada439000 	C:\WINDOWS\SYSTEM32\textinputframework.dll
0x00007ffae39e0000 - 0x00007ffae3ad2000 	C:\WINDOWS\System32\CoreMessaging.dll
0x00007ffae3660000 - 0x00007ffae39bb000 	C:\WINDOWS\System32\CoreUIComponents.dll
0x00007ffae47b0000 - 0x00007ffae4907000 	C:\WINDOWS\SYSTEM32\wintypes.dll
0x00007ffad65b0000 - 0x00007ffad6616000 	C:\WINDOWS\system32\Oleacc.dll

dbghelp: loaded successfully - version: 4.0.5 - missing functions: none
symbol engine: initialized successfully - sym options: 0x614 - pdb path: .;C:\Program Files\Java\jdk-15.0.2\bin;C:\WINDOWS\SYSTEM32;C:\WINDOWS\WinSxS\amd64_microsoft.windows.common-controls_6595b64144ccf1df_6.0.19041.4355_none_60b8b9eb71f62e16;C:\Program Files\Java\jdk-15.0.2\bin\server;C:\WINDOWS\System32\DriverStore\FileRepository\nv_dispig.inf_amd64_7e5fd280efaa5445;C:\Users\Diego\AppData\Local\Temp\jogamp_0000\file_cache\jln16213654386731515822\jln372327068634352041\natives\windows-amd64

VM Arguments:
jvm_args: -Dfile.encoding=UTF-8 --module-path=C:\GD\Mampos\Mampos\build\classes 
java_command: mampos.Mampos --add-exports java.base/java.lang=ALL-UNNAMED --add-exports java.desktop/sun.awt=ALL-UNNAMED --add-exports java.desktop/sun.java2d=ALL-UNNAMED
java_class_path (initial): C:\GD\Book\Book\JOGL\jogamp-all-platforms\jar\gluegen-rt.jar;C:\GD\Book\Book\JOGL\jogamp-all-platforms\jar\jogl-all.jar;C:\GD\Book\Book\JOGL\JOML\joml-1.10.7.jar;C:\Program Files\NetBeans-22\netbeans\java\modules\ext\AbsoluteLayout.jar;C:\GD\Book\Book\gson-2.11.0.jar;C:\GD\Mampos\Mampos\build\classes
Launcher Type: SUN_STANDARD

[Global flags]
     intx CICompilerCount                          = 12                                        {product} {ergonomic}
     uint ConcGCThreads                            = 3                                         {product} {ergonomic}
     uint G1ConcRefinementThreads                  = 13                                        {product} {ergonomic}
   size_t G1HeapRegionSize                         = 4194304                                   {product} {ergonomic}
    uintx GCDrainStackTargetSize                   = 64                                        {product} {ergonomic}
   size_t InitialHeapSize                          = 536870912                                 {product} {ergonomic}
   size_t MarkStackSize                            = 4194304                                   {product} {ergonomic}
   size_t MaxHeapSize                              = 8573157376                                {product} {ergonomic}
   size_t MaxNewSize                               = 5142216704                                {product} {ergonomic}
   size_t MinHeapDeltaBytes                        = 4194304                                   {product} {ergonomic}
   size_t MinHeapSize                              = 8388608                                   {product} {ergonomic}
    uintx NonNMethodCodeHeapSize                   = 7602480                                {pd product} {ergonomic}
    uintx NonProfiledCodeHeapSize                  = 122027880                              {pd product} {ergonomic}
    uintx ProfiledCodeHeapSize                     = 122027880                              {pd product} {ergonomic}
    uintx ReservedCodeCacheSize                    = 251658240                              {pd product} {ergonomic}
     bool SegmentedCodeCache                       = true                                      {product} {ergonomic}
   size_t SoftMaxHeapSize                          = 8573157376                             {manageable} {ergonomic}
     bool UseCompressedClassPointers               = true                                 {lp64_product} {ergonomic}
     bool UseCompressedOops                        = true                                 {lp64_product} {ergonomic}
     bool UseG1GC                                  = true                                      {product} {ergonomic}
     bool UseLargePagesIndividualAllocation        = false                                  {pd product} {ergonomic}

Logging:
Log output configuration:
 #0: stdout all=warning uptime,level,tags
 #1: stderr all=off uptime,level,tags

Environment Variables:
JAVA_HOME=C:\Program Files\Java\jdk-11
PATH=C:\Program Files (x86)\Common Files\Intel\Shared Libraries\redist\intel64_win\compiler;C:\Python311\Scripts\;C:\Python311\;C:\Program Files\Microsoft\jdk-11.0.16.101-hotspot\bin;C:\Program Files\BellSoft\LibericaJDK-17-Full\bin\;C:\ProgramData\Oracle\Java\javapath;C:\Program Files\Common Files\Oracle\Java\javapath;C:\Program Files (x86)\Common Files\Oracle\Java\java8path;C:\Program Files (x86)\Common Files\Oracle\Java\javapath;C:\Program Files (x86)\NVIDIA Corporation\PhysX\Common;C:\Program Files (x86)\Common Files\Intel\Shared Libraries\redist\intel64\compiler;C:\WINDOWS\system32;C:\WINDOWS;C:\WINDOWS\System32\Wbem;C:\WINDOWS\System32\WindowsPowerShell\v1.0\;C:\WINDOWS\System32\OpenSSH\;C:\Program Files\Microsoft SQL Server\120\Tools\Binn\;C:\Program Files\Common Files\Autodesk Shared\;C:\Program Files\Microsoft SQL Server\Client SDK\ODBC\110\Tools\Binn\;C:\Program Files (x86)\Microsoft SQL Server\120\Tools\Binn\;C:\Program Files\Microsoft SQL Server\120\DTS\Binn\;C:\Program Files (x86)\Windows Kits\8.1\Windows Performance Toolkit\;C:\Program Files (x86)\Common Files\Autodesk Shared\Advance\;C:\Program Files (x86)\Microsoft SQL Server\90\Tools\binn\;C:\Program Files\Git\cmd;C:\Program Files\PostgreSQL\15\bin;C:\Program Files\Microsoft SQL Server\150\Tools\Binn\;C:\Program Files\Common Files\Autodesk Shared\Advance\;C:\Program Files\dotnet\;C:\Program Files\Docker\Docker\resources\bin;C:\Program Files (x86)\cloudflared\.;C:\Program Files\nodejs\;C:\ProgramData\chocolatey\bin;C:\tools\Manim\Scripts;C:\Program Files\MiKTeX\miktex\bin\x64\;C:\Program Files\Calibre2\;C:\Program Files\MATLAB\R2024a\runtime\win64;C:\Program Files\MATLAB\R2024a\bin;C:\Program Files\Graphviz\bin;C:\Users\Diego\.cargo\bin;C:\Users\Diego\AppData\Local\Programs\Python\Python38\Scripts\;C:\Users\Diego\AppData\Local\Programs\Python\Python38\;C:\Users\Diego\AppData\Local\Programs\Python\Python38-32\Scripts\;C:\Users\Diego\AppData\Local\Programs\Python\Python38-32\;C:\Users\Diego\AppData\Local\
USERNAME=Diego
OS=Windows_NT
PROCESSOR_IDENTIFIER=AMD64 Family 23 Model 113 Stepping 0, AuthenticAMD



---------------  S Y S T E M  ---------------

OS:
 Windows 10 , 64 bit Build 19041 (10.0.19041.4842)
OS uptime: 1 days 7:56 hours
HyperV virtualization detected

CPU: total 16 (initial active 16) (16 cores per cpu, 2 threads per core) family 23 model 113 stepping 0 microcode 0x0, cmov, cx8, fxsr, mmx, sse, sse2, sse3, ssse3, sse4.1, sse4.2, popcnt, vzeroupper, avx, avx2, aes, clmul, 3dnowpref, lzcnt, sse4a, ht, tsc, tscinvbit, tscinv, bmi1, bmi2, adx, sha, fma, clflush, clflushopt

Memory: 4k page, system-wide physical 32689M (17870M free)
TotalPageFile size 37553M (AvailPageFile size 15116M)
current process WorkingSet (physical memory assigned to process): 296M, peak: 322M
current process commit charge ("private bytes"): 856M, peak: 856M

vm_info: Java HotSpot(TM) 64-Bit Server VM (15.0.2+7-27) for windows-amd64 JRE (15.0.2+7-27), built on Dec  7 2020 20:07:01 by "mach5one" with unknown MS VC++:1925

END.
