#
# A fatal error has been detected by the Java Runtime Environment:
#
#  EXCEPTION_ACCESS_VIOLATION (0xc0000005) at pc=0x00007ffd08890aba, pid=18448, tid=17832
#
# JRE version: Java(TM) SE Runtime Environment (15.0.2+7) (build 15.0.2+7-27)
# Java VM: Java HotSpot(TM) 64-Bit Server VM (15.0.2+7-27, mixed mode, sharing, tiered, compressed oops, g1 gc, windows-amd64)
# Problematic frame:
# C  [lwjgl_opengl.dll+0x10aba]
#
# No core dump will be written. Minidumps are not enabled by default on client versions of Windows
#
# If you would like to submit a bug report, please visit:
#   https://bugreport.java.com/bugreport/crash.jsp
# The crash happened outside the Java Virtual Machine in native code.
# See problematic frame for where to report the bug.
#

---------------  S U M M A R Y ------------

Command Line: -Dfile.encoding=UTF-8 -Dsun.java2d.d3d=false --module-path=C:\Users\diego\OneDrive\Escritorio\Drive\tesisEstructural\javafx-sdk-17.0.12\lib\javafx-swt.jar;C:\Users\diego\OneDrive\Escritorio\Drive\tesisEstructural\javafx-sdk-17.0.12\lib\javafx.base.jar;C:\Users\diego\OneDrive\Escritorio\Drive\tesisEstructural\javafx-sdk-17.0.12\lib\javafx.controls.jar;C:\Users\diego\OneDrive\Escritorio\Drive\tesisEstructural\javafx-sdk-17.0.12\lib\javafx.fxml.jar;C:\Users\diego\OneDrive\Escritorio\Drive\tesisEstructural\javafx-sdk-17.0.12\lib\javafx.graphics.jar;C:\Users\diego\OneDrive\Escritorio\Drive\tesisEstructural\javafx-sdk-17.0.12\lib\javafx.media.jar;C:\Users\diego\OneDrive\Escritorio\Drive\tesisEstructural\javafx-sdk-17.0.12\lib\javafx.swing.jar;C:\Users\diego\OneDrive\Escritorio\Drive\tesisEstructural\javafx-sdk-17.0.12\lib\javafx.web.jar mampos.Mampos --add-exports java.base/java.lang=ALL-UNNAMED --add-exports java.desktop/sun.awt=ALL-UNNAMED --add-exports java.desktop/sun.java2d=ALL-UNNAMED

Host: AMD Ryzen 7 5700U with Radeon Graphics         , 16 cores, 13G,  Windows 10 , 64 bit Build 22621 (10.0.22621.4391)
Time: Thu Oct 24 15:39:06 2024 Hora estándar, América Central elapsed time: 3.920507 seconds (0d 0h 0m 3s)

---------------  T H R E A D  ---------------

Current thread (0x0000012ef2dd64e0):  JavaThread "AWT-EventQueue-0" [_thread_in_native, id=17832, stack(0x00000001c5d00000,0x00000001c5e00000)]

Stack: [0x00000001c5d00000,0x00000001c5e00000],  sp=0x00000001c5dfe3d8,  free space=1016k
Native frames: (J=compiled Java code, j=interpreted, Vv=VM code, C=native code)
C  [lwjgl_opengl.dll+0x10aba]

Java frames: (J=compiled Java code, j=interpreted, Vv=VM code)
j  org.lwjgl.opengl.GL30C.nglGenVertexArrays(IJ)V+0
j  org.lwjgl.opengl.GL30C.glGenVertexArrays()I+20
j  org.lwjgl.opengl.GL30.glGenVertexArrays()I+0
j  rendering.Controlador.createVAO()I+0
j  components.ControladorDeLosas.loadToVAO([F)Lcomponents/Losa;+0
j  rendering.Perfil.init(Lcom/jogamp/opengl/GLAutoDrawable;)V+76
j  jogamp.opengl.GLDrawableHelper.init(Lcom/jogamp/opengl/GLEventListener;Lcom/jogamp/opengl/GLAutoDrawable;Z)V+2
j  jogamp.opengl.GLDrawableHelper.init(Lcom/jogamp/opengl/GLAutoDrawable;Z)V+81
j  com.jogamp.opengl.awt.GLCanvas$9.run()V+26
j  jogamp.opengl.GLDrawableHelper.invokeGLImpl(Lcom/jogamp/opengl/GLDrawable;Lcom/jogamp/opengl/GLContext;Ljava/lang/Runnable;Ljava/lang/Runnable;)V+199
j  jogamp.opengl.GLDrawableHelper.invokeGL(Lcom/jogamp/opengl/GLDrawable;Lcom/jogamp/opengl/GLContext;Ljava/lang/Runnable;Ljava/lang/Runnable;)V+75
j  com.jogamp.opengl.awt.GLCanvas$11.run()V+104
j  java.awt.event.InvocationEvent.dispatch()V+11 java.desktop@15.0.2
j  java.awt.EventQueue.dispatchEventImpl(Ljava/awt/AWTEvent;Ljava/lang/Object;)V+21 java.desktop@15.0.2
j  java.awt.EventQueue$4.run()Ljava/lang/Void;+32 java.desktop@15.0.2
j  java.awt.EventQueue$4.run()Ljava/lang/Object;+1 java.desktop@15.0.2
J 1650 c1 java.security.AccessController.doPrivileged(Ljava/security/PrivilegedAction;Ljava/security/AccessControlContext;)Ljava/lang/Object; java.base@15.0.2 (17 bytes) @ 0x0000012ed72b9f64 [0x0000012ed72b9d80+0x00000000000001e4]
j  java.security.ProtectionDomain$JavaSecurityAccessImpl.doIntersectionPrivilege(Ljava/security/PrivilegedAction;Ljava/security/AccessControlContext;Ljava/security/AccessControlContext;)Ljava/lang/Object;+18 java.base@15.0.2
j  java.awt.EventQueue.dispatchEvent(Ljava/awt/AWTEvent;)V+46 java.desktop@15.0.2
j  java.awt.EventDispatchThread.pumpOneEventForFilters(I)V+78 java.desktop@15.0.2
j  java.awt.EventDispatchThread.pumpEventsForFilter(ILjava/awt/Conditional;Ljava/awt/EventFilter;)V+35 java.desktop@15.0.2
j  java.awt.EventDispatchThread.pumpEventsForHierarchy(ILjava/awt/Conditional;Ljava/awt/Component;)V+11 java.desktop@15.0.2
j  java.awt.EventDispatchThread.pumpEvents(ILjava/awt/Conditional;)V+4 java.desktop@15.0.2
j  java.awt.EventDispatchThread.pumpEvents(Ljava/awt/Conditional;)V+3 java.desktop@15.0.2
j  java.awt.EventDispatchThread.run()V+9 java.desktop@15.0.2
v  ~StubRoutines::call_stub

siginfo: EXCEPTION_ACCESS_VIOLATION (0xc0000005), reading address 0x00000000000013c8


Register to memory mapping:

RIP=0x00007ffd08890aba lwjgl_opengl.dll
RAX=0x0 is NULL
RBX={method} {0x0000012e872e6820} 'nglGenVertexArrays' '(IJ)V' in 'org/lwjgl/opengl/GL30C'
RCX=0x0000012ef2dd6808 points into unknown readable memory: 0x0000012e865c3d60 | 60 3d 5c 86 2e 01 00 00
RDX=0x0000012e86633cbc points into unknown readable memory: 00 00 00 00
RSP=0x00000001c5dfe3d8 is pointing into the stack for thread: 0x0000012ef2dd64e0
RBP=0x00000001c5dfe468 is pointing into the stack for thread: 0x0000012ef2dd64e0
RSI=0x0000012e859a98a8 is pointing into metadata
RDI=0x0000000000000001 is an unknown value
R8 =0x0000000000000001 is an unknown value
R9 =0x0000012e86633cbc points into unknown readable memory: 00 00 00 00
R10=0x0000012ed686f148 is at code_begin+1000 in an Interpreter codelet
method entry point (kind = native)  [0x0000012ed686ed60, 0x0000012ed686f7e0]  2688 bytes
R11=0x00000007ffcfc0e8 is an oop: java.lang.Class 
{0x00000007ffcfc0e8} - klass: 'java/lang/Class'
R12=0x0 is NULL
R13={method} {0x0000012e872e6820} 'nglGenVertexArrays' '(IJ)V' in 'org/lwjgl/opengl/GL30C'
R14=0x00000001c5dfe498 is pointing into the stack for thread: 0x0000012ef2dd64e0
R15=0x0000012ef2dd64e0 is a thread


Registers:
RAX=0x0000000000000000, RBX=0x0000012e872e6818, RCX=0x0000012ef2dd6808, RDX=0x0000012e86633cbc
RSP=0x00000001c5dfe3d8, RBP=0x00000001c5dfe468, RSI=0x0000012e859a98a8, RDI=0x0000000000000001
R8 =0x0000000000000001, R9 =0x0000012e86633cbc, R10=0x0000012ed686f148, R11=0x00000007ffcfc0e8
R12=0x0000000000000000, R13=0x0000012e872e6818, R14=0x00000001c5dfe498, R15=0x0000012ef2dd64e0
RIP=0x00007ffd08890aba, EFLAGS=0x0000000000010206

Top of Stack: (sp=0x00000001c5dfe3d8)
0x00000001c5dfe3d8:   0000012ed686f177 0000000000000001
0x00000001c5dfe3e8:   0000012ed686ee5c 0000012e872e6818
0x00000001c5dfe3f8:   0000012e859a98a8 00000001c5dfe418
0x00000001c5dfe408:   00000001c5dfe480 0000012ed6869c90
0x00000001c5dfe418:   0000012ed686ee16 00000001c5dfe420
0x00000001c5dfe428:   0000012e872e6818 00000001c5dfe498
0x00000001c5dfe438:   0000012e8731c330 0000000000000000
0x00000001c5dfe448:   00000007ffcfc0e8 0000012e872e6818
0x00000001c5dfe458:   0000000000000000 00000001c5dfe488
0x00000001c5dfe468:   00000001c5dfe4e8 0000012ed686a1aa
0x00000001c5dfe478:   00000007ffcfc0e8 0000012ed686c218
0x00000001c5dfe488:   0000012e86633cbc 0000000000000000
0x00000001c5dfe498:   0000000000000001 00000001c5dfe4a0
0x00000001c5dfe4a8:   0000012e872e699c 00000001c5dfe518
0x00000001c5dfe4b8:   0000012e8731c330 0000000000000000
0x00000001c5dfe4c8:   00000007ffcfc0e8 0000012e872e6a08 

Instructions: (pc=0x00007ffd08890aba)
0x00007ffd088909ba:   c1 49 ff e1 cc cc 48 8b 01 48 8b 40 18 44 89 c1
0x00007ffd088909ca:   48 ff a0 98 13 00 00 cc cc cc cc cc cc cc cc cc
0x00007ffd088909da:   cc cc cc cc cc cc 48 8b 01 48 8b 40 18 48 ff a0
0x00007ffd088909ea:   a0 13 00 00 cc cc 44 89 ca 44 89 c0 4c 8b 44 24
0x00007ffd088909fa:   28 44 8b 4c 24 30 48 8b 09 48 8b 49 18 4c 8b 91
0x00007ffd08890a0a:   a8 13 00 00 89 c1 49 ff e2 cc cc cc cc cc cc cc
0x00007ffd08890a1a:   cc cc cc cc cc cc 48 83 ec 38 44 89 ca 44 89 c0
0x00007ffd08890a2a:   44 8b 44 24 60 4c 8b 4c 24 68 0f 28 44 24 70 4c
0x00007ffd08890a3a:   8b 94 24 80 00 00 00 48 8b 09 4c 8b 59 18 4c 89
0x00007ffd08890a4a:   54 24 30 0f 11 44 24 20 89 c1 41 ff 93 b0 13 00
0x00007ffd08890a5a:   00 90 48 83 c4 38 c3 cc cc cc cc cc cc cc cc cc
0x00007ffd08890a6a:   cc cc cc cc cc cc 48 8b 01 48 8b 40 18 44 89 c1
0x00007ffd08890a7a:   48 ff a0 b8 13 00 00 cc cc cc cc cc cc cc cc cc
0x00007ffd08890a8a:   cc cc cc cc cc cc 4c 89 ca 48 8b 01 48 8b 40 18
0x00007ffd08890a9a:   48 8b 80 c0 13 00 00 44 89 c1 48 ff e0 cc cc cc
0x00007ffd08890aaa:   cc cc cc cc cc cc 4c 89 ca 48 8b 01 48 8b 40 18
0x00007ffd08890aba:   48 8b 80 c8 13 00 00 44 89 c1 48 ff e0 cc cc cc
0x00007ffd08890aca:   cc cc cc cc cc cc 48 8b 01 48 8b 40 18 44 89 c1
0x00007ffd08890ada:   48 ff a0 d0 13 00 00 cc cc cc cc cc cc cc cc cc
0x00007ffd08890aea:   cc cc cc cc cc cc 44 89 ca 44 89 c0 44 8b 44 24
0x00007ffd08890afa:   28 44 8b 4c 24 30 48 8b 09 48 8b 49 18 4c 8b 91
0x00007ffd08890b0a:   d8 13 00 00 89 c1 49 ff e2 cc cc cc cc cc cc cc
0x00007ffd08890b1a:   cc cc cc cc cc cc 48 83 ec 28 44 89 ca 44 89 c0
0x00007ffd08890b2a:   44 8b 44 24 50 4c 8b 4c 24 58 44 8b 54 24 60 48
0x00007ffd08890b3a:   8b 09 4c 8b 59 18 44 89 54 24 20 89 c1 41 ff 93
0x00007ffd08890b4a:   e0 13 00 00 90 48 83 c4 28 c3 cc cc cc cc cc cc
0x00007ffd08890b5a:   cc cc cc cc cc cc 48 83 ec 28 44 89 ca 44 89 c0
0x00007ffd08890b6a:   4c 8b 44 24 50 4c 8b 4c 24 58 4c 8b 54 24 60 48
0x00007ffd08890b7a:   8b 09 4c 8b 59 18 4c 89 54 24 20 89 c1 41 ff 93
0x00007ffd08890b8a:   e8 13 00 00 90 48 83 c4 28 c3 cc cc cc cc cc cc
0x00007ffd08890b9a:   cc cc cc cc cc cc 48 8b 01 48 8b 40 18 44 89 c1
0x00007ffd08890baa:   48 ff a0 f0 13 00 00 cc cc cc cc cc cc cc cc cc 


Stack slot to memory mapping:
stack at sp + 0 slots: 0x0000012ed686f177 is at code_begin+1047 in an Interpreter codelet
method entry point (kind = native)  [0x0000012ed686ed60, 0x0000012ed686f7e0]  2688 bytes
stack at sp + 1 slots: 0x0000000000000001 is an unknown value
stack at sp + 2 slots: 0x0000012ed686ee5c is at code_begin+252 in an Interpreter codelet
method entry point (kind = native)  [0x0000012ed686ed60, 0x0000012ed686f7e0]  2688 bytes
stack at sp + 3 slots: {method} {0x0000012e872e6820} 'nglGenVertexArrays' '(IJ)V' in 'org/lwjgl/opengl/GL30C'
stack at sp + 4 slots: 0x0000012e859a98a8 is pointing into metadata
stack at sp + 5 slots: 0x00000001c5dfe418 is pointing into the stack for thread: 0x0000012ef2dd64e0
stack at sp + 6 slots: 0x00000001c5dfe480 is pointing into the stack for thread: 0x0000012ef2dd64e0
stack at sp + 7 slots: 0x0000012ed6869c90 is at code_begin+1040 in an Interpreter codelet
invoke return entry points  [0x0000012ed6869880, 0x0000012ed686a280]  2560 bytes


---------------  P R O C E S S  ---------------

Threads class SMR info:
_java_thread_list=0x0000012e865bc180, length=24, elements={
0x0000012ef150e900, 0x0000012ef1d12480, 0x0000012ef1d27520, 0x0000012ef1d29df0,
0x0000012ef1d2a6b0, 0x0000012ef1d2b2a0, 0x0000012ef1d2bba0, 0x0000012ef1d2e4b0,
0x0000012ef1dc1020, 0x0000012ef14f2900, 0x0000012ef1e86b00, 0x0000012ef2956670,
0x0000012ef2db8500, 0x0000012ef3618e80, 0x0000012ef2b29350, 0x0000012ef2dd64e0,
0x0000012ecc54afa0, 0x0000012ef39f9030, 0x0000012efec96b20, 0x0000012efd407ae0,
0x0000012ef1e89020, 0x0000012ef41bcc10, 0x0000012ef41bd0e0, 0x0000012e865a5580
}

Java Threads: ( => current thread )
  0x0000012ef150e900 JavaThread "Reference Handler" daemon [_thread_blocked, id=16060, stack(0x00000001c4800000,0x00000001c4900000)]
  0x0000012ef1d12480 JavaThread "Finalizer" daemon [_thread_blocked, id=14512, stack(0x00000001c4900000,0x00000001c4a00000)]
  0x0000012ef1d27520 JavaThread "Signal Dispatcher" daemon [_thread_blocked, id=5732, stack(0x00000001c4a00000,0x00000001c4b00000)]
  0x0000012ef1d29df0 JavaThread "Attach Listener" daemon [_thread_blocked, id=14840, stack(0x00000001c4b00000,0x00000001c4c00000)]
  0x0000012ef1d2a6b0 JavaThread "Service Thread" daemon [_thread_blocked, id=19428, stack(0x00000001c4c00000,0x00000001c4d00000)]
  0x0000012ef1d2b2a0 JavaThread "C2 CompilerThread0" daemon [_thread_blocked, id=17292, stack(0x00000001c4d00000,0x00000001c4e00000)]
  0x0000012ef1d2bba0 JavaThread "C1 CompilerThread0" daemon [_thread_blocked, id=1988, stack(0x00000001c4e00000,0x00000001c4f00000)]
  0x0000012ef1d2e4b0 JavaThread "Sweeper thread" daemon [_thread_blocked, id=9676, stack(0x00000001c4f00000,0x00000001c5000000)]
  0x0000012ef1dc1020 JavaThread "C1 CompilerThread1" daemon [_thread_blocked, id=9964, stack(0x00000001c5000000,0x00000001c5100000)]
  0x0000012ef14f2900 JavaThread "Common-Cleaner" daemon [_thread_blocked, id=5500, stack(0x00000001c5100000,0x00000001c5200000)]
  0x0000012ef1e86b00 JavaThread "C1 CompilerThread2" daemon [_thread_blocked, id=13300, stack(0x00000001c5200000,0x00000001c5300000)]
  0x0000012ef2956670 JavaThread "Notification Thread" daemon [_thread_blocked, id=5100, stack(0x00000001c5800000,0x00000001c5900000)]
  0x0000012ef2db8500 JavaThread "Java2D Disposer" daemon [_thread_blocked, id=15296, stack(0x00000001c5a00000,0x00000001c5b00000)]
  0x0000012ef3618e80 JavaThread "AWT-Shutdown" [_thread_blocked, id=6396, stack(0x00000001c5b00000,0x00000001c5c00000)]
  0x0000012ef2b29350 JavaThread "AWT-Windows" daemon [_thread_in_native, id=17464, stack(0x00000001c5c00000,0x00000001c5d00000)]
=>0x0000012ef2dd64e0 JavaThread "AWT-EventQueue-0" [_thread_in_native, id=17832, stack(0x00000001c5d00000,0x00000001c5e00000)]
  0x0000012ecc54afa0 JavaThread "DestroyJavaVM" [_thread_blocked, id=2424, stack(0x00000001c4100000,0x00000001c4200000)]
  0x0000012ef39f9030 JavaThread "AWT-EventQueue-0-SharedResourceRunner" daemon [_thread_blocked, id=9064, stack(0x00000001c5400000,0x00000001c5500000)]
  0x0000012efec96b20 JavaThread "AWT-EventQueue-0-AWTAnimator#00" [_thread_blocked, id=18044, stack(0x00000001c5300000,0x00000001c5400000)]
  0x0000012efd407ae0 JavaThread "AWT-EventQueue-0-AWTAnimator#01" [_thread_blocked, id=19564, stack(0x00000001c6500000,0x00000001c6600000)]
  0x0000012ef1e89020 JavaThread "AWT-EventQueue-0-AWTAnimator#02" [_thread_blocked, id=9648, stack(0x00000001c6600000,0x00000001c6700000)]
  0x0000012ef41bcc10 JavaThread "Image Fetcher 0" daemon [_thread_blocked, id=19972, stack(0x00000001c6f00000,0x00000001c7000000)]
  0x0000012ef41bd0e0 JavaThread "TimerQueue" daemon [_thread_blocked, id=20280, stack(0x00000001c7000000,0x00000001c7100000)]
  0x0000012e865a5580 JavaThread "C2 CompilerThread1" daemon [_thread_blocked, id=19512, stack(0x00000001c6700000,0x00000001c6800000)]

Other Threads:
  0x0000012ef150d270 VMThread "VM Thread" [stack: 0x00000001c4700000,0x00000001c4800000] [id=20464]
  0x0000012ef2b9dcb0 WatcherThread [stack: 0x00000001c5900000,0x00000001c5a00000] [id=1976]
  0x0000012ece696080 GCTaskThread "GC Thread#0" [stack: 0x00000001c4200000,0x00000001c4300000] [id=9272]
  0x0000012ef25a8240 GCTaskThread "GC Thread#1" [stack: 0x00000001c5e00000,0x00000001c5f00000] [id=5204]
  0x0000012ef25a7250 GCTaskThread "GC Thread#2" [stack: 0x00000001c5f00000,0x00000001c6000000] [id=8216]
  0x0000012ef25a8570 GCTaskThread "GC Thread#3" [stack: 0x00000001c6000000,0x00000001c6100000] [id=18356]
  0x0000012ef25a7580 GCTaskThread "GC Thread#4" [stack: 0x00000001c6100000,0x00000001c6200000] [id=3564]
  0x0000012ef25a78b0 GCTaskThread "GC Thread#5" [stack: 0x00000001c6200000,0x00000001c6300000] [id=6084]
  0x0000012ef25a7f10 GCTaskThread "GC Thread#6" [stack: 0x00000001c6900000,0x00000001c6a00000] [id=10352]
  0x0000012ef25a6260 GCTaskThread "GC Thread#7" [stack: 0x00000001c6a00000,0x00000001c6b00000] [id=8304]
  0x0000012ef25a8f00 GCTaskThread "GC Thread#8" [stack: 0x00000001c6b00000,0x00000001c6c00000] [id=19612]
  0x0000012ef25a9230 GCTaskThread "GC Thread#9" [stack: 0x00000001c6c00000,0x00000001c6d00000] [id=8992]
  0x0000012ef25a9560 GCTaskThread "GC Thread#10" [stack: 0x00000001c6d00000,0x00000001c6e00000] [id=19884]
  0x0000012ef435c240 GCTaskThread "GC Thread#11" [stack: 0x00000001c6e00000,0x00000001c6f00000] [id=752]
  0x0000012ece6a62f0 ConcurrentGCThread "G1 Main Marker" [stack: 0x00000001c4300000,0x00000001c4400000] [id=6028]
  0x0000012ece6a6de0 ConcurrentGCThread "G1 Conc#0" [stack: 0x00000001c4400000,0x00000001c4500000] [id=9896]
  0x0000012ef435b8b0 ConcurrentGCThread "G1 Conc#1" [stack: 0x00000001c6800000,0x00000001c6900000] [id=9424]
  0x0000012ef435a590 ConcurrentGCThread "G1 Conc#2" [stack: 0x00000001c7100000,0x00000001c7200000] [id=19572]
  0x0000012ece6fe8c0 ConcurrentGCThread "G1 Refine#0" [stack: 0x00000001c4500000,0x00000001c4600000] [id=2700]
  0x0000012ef13834d0 ConcurrentGCThread "G1 Young RemSet Sampling" [stack: 0x00000001c4600000,0x00000001c4700000] [id=20372]

Threads with active compile tasks:

VM state: not at safepoint (normal execution)

VM Mutex/Monitor currently owned by a thread: None

Heap address: 0x0000000722600000, size: 3546 MB, Compressed Oops mode: Zero based, Oop shift amount: 3
CDS archive(s) mapped at: [0x0000000800000000-0x0000000800b50000-0x0000000800b50000), size 11862016, SharedBaseAddress: 0x0000000800000000, ArchiveRelocationMode: 0.
Compressed class space mapped at: 0x0000000800b50000-0x0000000840b50000, size: 1073741824
Narrow klass base: 0x0000000800000000, Narrow klass shift: 3, Narrow klass range: 0x100000000

GC Precious Log:
 CPUs: 16 total, 16 available
 Memory: 14181M
 Large Page Support: Disabled
 NUMA Support: Disabled
 Compressed Oops: Enabled (Zero based)
 Heap Region Size: 2M
 Heap Min Capacity: 8M
 Heap Initial Capacity: 222M
 Heap Max Capacity: 3546M
 Pre-touch: Disabled
 Parallel Workers: 13
 Concurrent Workers: 3
 Concurrent Refinement Workers: 13
 Periodic GC: Disabled

Heap:
 garbage-first heap   total 141312K, used 53627K [0x0000000722600000, 0x0000000800000000)
  region size 2048K, 3 young (6144K), 1 survivors (2048K)
 Metaspace       used 27801K, capacity 28120K, committed 28288K, reserved 1075200K
  class space    used 2979K, capacity 3077K, committed 3200K, reserved 1048576K

Heap Regions: E=young(eden), S=young(survivor), O=old, HS=humongous(starts), HC=humongous(continues), CS=collection set, F=free, OA=open archive, CA=closed archive, TAMS=top-at-mark-start (previous, next)
|   0|0x0000000722600000, 0x0000000722800000, 0x0000000722800000|100%| O|  |TAMS 0x0000000722800000, 0x0000000722600000| Untracked 
|   1|0x0000000722800000, 0x0000000722a00000, 0x0000000722a00000|100%| O|  |TAMS 0x0000000722a00000, 0x0000000722800000| Untracked 
|   2|0x0000000722a00000, 0x0000000722a00000, 0x0000000722c00000|  0%| F|  |TAMS 0x0000000722a00000, 0x0000000722a00000| Untracked 
|   3|0x0000000722c00000, 0x0000000722e00000, 0x0000000722e00000|100%|HS|  |TAMS 0x0000000722e00000, 0x0000000722c00000| Complete 
|   4|0x0000000722e00000, 0x0000000723000000, 0x0000000723000000|100%|HC|  |TAMS 0x0000000723000000, 0x0000000722e00000| Complete 
|   5|0x0000000723000000, 0x0000000723000000, 0x0000000723200000|  0%| F|  |TAMS 0x0000000723000000, 0x0000000723000000| Untracked 
|   6|0x0000000723200000, 0x0000000723400000, 0x0000000723400000|100%| O|  |TAMS 0x0000000723200000, 0x0000000723200000| Untracked 
|   7|0x0000000723400000, 0x0000000723400000, 0x0000000723600000|  0%| F|  |TAMS 0x0000000723400000, 0x0000000723400000| Untracked 
|   8|0x0000000723600000, 0x0000000723800000, 0x0000000723800000|100%| O|  |TAMS 0x0000000723600000, 0x0000000723600000| Untracked 
|   9|0x0000000723800000, 0x0000000723a00000, 0x0000000723a00000|100%| O|  |TAMS 0x0000000723800000, 0x0000000723800000| Untracked 
|  10|0x0000000723a00000, 0x0000000723a00000, 0x0000000723c00000|  0%| F|  |TAMS 0x0000000723a00000, 0x0000000723a00000| Untracked 
|  11|0x0000000723c00000, 0x0000000723c00000, 0x0000000723e00000|  0%| F|  |TAMS 0x0000000723c00000, 0x0000000723c00000| Untracked 
|  12|0x0000000723e00000, 0x0000000723e2ee00, 0x0000000724000000|  9%| O|  |TAMS 0x0000000723e00000, 0x0000000723e00000| Untracked 
|  13|0x0000000724000000, 0x0000000724200000, 0x0000000724200000|100%| O|  |TAMS 0x0000000724000000, 0x0000000724000000| Untracked 
|  14|0x0000000724200000, 0x0000000724400000, 0x0000000724400000|100%| O|  |TAMS 0x0000000724200000, 0x0000000724200000| Untracked 
|  15|0x0000000724400000, 0x0000000724600000, 0x0000000724600000|100%| O|  |TAMS 0x0000000724400000, 0x0000000724400000| Untracked 
|  16|0x0000000724600000, 0x0000000724600000, 0x0000000724800000|  0%| F|  |TAMS 0x0000000724600000, 0x0000000724600000| Untracked 
|  17|0x0000000724800000, 0x0000000724800000, 0x0000000724a00000|  0%| F|  |TAMS 0x0000000724800000, 0x0000000724800000| Untracked 
|  18|0x0000000724a00000, 0x0000000724c00000, 0x0000000724c00000|100%| O|  |TAMS 0x0000000724a00000, 0x0000000724a00000| Untracked 
|  19|0x0000000724c00000, 0x0000000724e00000, 0x0000000724e00000|100%| O|  |TAMS 0x0000000724c00000, 0x0000000724c00000| Untracked 
|  20|0x0000000724e00000, 0x0000000725000000, 0x0000000725000000|100%| O|  |TAMS 0x0000000724e00000, 0x0000000724e00000| Untracked 
|  21|0x0000000725000000, 0x0000000725200000, 0x0000000725200000|100%| O|  |TAMS 0x0000000725000000, 0x0000000725000000| Untracked 
|  22|0x0000000725200000, 0x0000000725400000, 0x0000000725400000|100%| O|  |TAMS 0x0000000725200000, 0x0000000725200000| Untracked 
|  23|0x0000000725400000, 0x0000000725600000, 0x0000000725600000|100%| O|  |TAMS 0x0000000725400000, 0x0000000725400000| Untracked 
|  24|0x0000000725600000, 0x0000000725800000, 0x0000000725800000|100%| O|  |TAMS 0x0000000725600000, 0x0000000725600000| Untracked 
|  25|0x0000000725800000, 0x0000000725a00000, 0x0000000725a00000|100%| O|  |TAMS 0x0000000725800000, 0x0000000725800000| Untracked 
|  26|0x0000000725a00000, 0x0000000725c00000, 0x0000000725c00000|100%| O|  |TAMS 0x0000000725a00000, 0x0000000725a00000| Untracked 
|  27|0x0000000725c00000, 0x0000000725e00000, 0x0000000725e00000|100%| O|  |TAMS 0x0000000725c00000, 0x0000000725c00000| Untracked 
|  28|0x0000000725e00000, 0x0000000726000000, 0x0000000726000000|100%| O|  |TAMS 0x0000000725e00000, 0x0000000725e00000| Untracked 
|  29|0x0000000726000000, 0x0000000726200000, 0x0000000726200000|100%| O|  |TAMS 0x0000000726000000, 0x0000000726000000| Untracked 
|  30|0x0000000726200000, 0x0000000726400000, 0x0000000726400000|100%| O|  |TAMS 0x0000000726200000, 0x0000000726200000| Untracked 
|  31|0x0000000726400000, 0x0000000726600000, 0x0000000726600000|100%| O|  |TAMS 0x0000000726400000, 0x0000000726400000| Untracked 
|  32|0x0000000726600000, 0x0000000726800000, 0x0000000726800000|100%| O|  |TAMS 0x0000000726600000, 0x0000000726600000| Untracked 
|  33|0x0000000726800000, 0x0000000726800000, 0x0000000726a00000|  0%| F|  |TAMS 0x0000000726800000, 0x0000000726800000| Untracked 
|  34|0x0000000726a00000, 0x0000000726a00000, 0x0000000726c00000|  0%| F|  |TAMS 0x0000000726a00000, 0x0000000726a00000| Untracked 
|  35|0x0000000726c00000, 0x0000000726c00000, 0x0000000726e00000|  0%| F|  |TAMS 0x0000000726c00000, 0x0000000726c00000| Untracked 
|  36|0x0000000726e00000, 0x0000000726e00000, 0x0000000727000000|  0%| F|  |TAMS 0x0000000726e00000, 0x0000000726e00000| Untracked 
|  37|0x0000000727000000, 0x0000000727000000, 0x0000000727200000|  0%| F|  |TAMS 0x0000000727000000, 0x0000000727000000| Untracked 
|  38|0x0000000727200000, 0x0000000727200000, 0x0000000727400000|  0%| F|  |TAMS 0x0000000727200000, 0x0000000727200000| Untracked 
|  39|0x0000000727400000, 0x0000000727400000, 0x0000000727600000|  0%| F|  |TAMS 0x0000000727400000, 0x0000000727400000| Untracked 
|  40|0x0000000727600000, 0x0000000727600000, 0x0000000727800000|  0%| F|  |TAMS 0x0000000727600000, 0x0000000727600000| Untracked 
|  41|0x0000000727800000, 0x0000000727800000, 0x0000000727a00000|  0%| F|  |TAMS 0x0000000727800000, 0x0000000727800000| Untracked 
|  42|0x0000000727a00000, 0x0000000727a00000, 0x0000000727c00000|  0%| F|  |TAMS 0x0000000727a00000, 0x0000000727a00000| Untracked 
|  43|0x0000000727c00000, 0x0000000727c00000, 0x0000000727e00000|  0%| F|  |TAMS 0x0000000727c00000, 0x0000000727c00000| Untracked 
|  44|0x0000000727e00000, 0x0000000727e00000, 0x0000000728000000|  0%| F|  |TAMS 0x0000000727e00000, 0x0000000727e00000| Untracked 
|  45|0x0000000728000000, 0x0000000728000000, 0x0000000728200000|  0%| F|  |TAMS 0x0000000728000000, 0x0000000728000000| Untracked 
|  46|0x0000000728200000, 0x0000000728200000, 0x0000000728400000|  0%| F|  |TAMS 0x0000000728200000, 0x0000000728200000| Untracked 
|  47|0x0000000728400000, 0x0000000728400000, 0x0000000728600000|  0%| F|  |TAMS 0x0000000728400000, 0x0000000728400000| Untracked 
|  48|0x0000000728600000, 0x0000000728600000, 0x0000000728800000|  0%| F|  |TAMS 0x0000000728600000, 0x0000000728600000| Untracked 
|  49|0x0000000728800000, 0x0000000728800000, 0x0000000728a00000|  0%| F|  |TAMS 0x0000000728800000, 0x0000000728800000| Untracked 
|  50|0x0000000728a00000, 0x0000000728a00000, 0x0000000728c00000|  0%| F|  |TAMS 0x0000000728a00000, 0x0000000728a00000| Untracked 
|  51|0x0000000728c00000, 0x0000000728c00000, 0x0000000728e00000|  0%| F|  |TAMS 0x0000000728c00000, 0x0000000728c00000| Untracked 
|  52|0x0000000728e00000, 0x0000000728e00000, 0x0000000729000000|  0%| F|  |TAMS 0x0000000728e00000, 0x0000000728e00000| Untracked 
|  53|0x0000000729000000, 0x0000000729000000, 0x0000000729200000|  0%| F|  |TAMS 0x0000000729000000, 0x0000000729000000| Untracked 
|  54|0x0000000729200000, 0x0000000729200000, 0x0000000729400000|  0%| F|  |TAMS 0x0000000729200000, 0x0000000729200000| Untracked 
|  55|0x0000000729400000, 0x0000000729400000, 0x0000000729600000|  0%| F|  |TAMS 0x0000000729400000, 0x0000000729400000| Untracked 
|  56|0x0000000729600000, 0x0000000729600000, 0x0000000729800000|  0%| F|  |TAMS 0x0000000729600000, 0x0000000729600000| Untracked 
|  57|0x0000000729800000, 0x0000000729800000, 0x0000000729a00000|  0%| F|  |TAMS 0x0000000729800000, 0x0000000729800000| Untracked 
|  58|0x0000000729a00000, 0x0000000729a00000, 0x0000000729c00000|  0%| F|  |TAMS 0x0000000729a00000, 0x0000000729a00000| Untracked 
|  79|0x000000072c400000, 0x000000072c400000, 0x000000072c600000|  0%| F|  |TAMS 0x000000072c400000, 0x000000072c400000| Untracked 
|  80|0x000000072c600000, 0x000000072c600000, 0x000000072c800000|  0%| F|  |TAMS 0x000000072c600000, 0x000000072c600000| Untracked 
|  81|0x000000072c800000, 0x000000072c800000, 0x000000072ca00000|  0%| F|  |TAMS 0x000000072c800000, 0x000000072c800000| Untracked 
| 109|0x0000000730000000, 0x0000000730000000, 0x0000000730200000|  0%| F|  |TAMS 0x0000000730000000, 0x0000000730000000| Untracked 
| 110|0x0000000730200000, 0x0000000730200000, 0x0000000730400000|  0%| F|  |TAMS 0x0000000730200000, 0x0000000730200000| Untracked 
|1768|0x00000007ff600000, 0x00000007ff600000, 0x00000007ff800000|  0%| F|  |TAMS 0x00000007ff600000, 0x00000007ff600000| Untracked 
|1769|0x00000007ff800000, 0x00000007ff800000, 0x00000007ffa00000|  0%| F|  |TAMS 0x00000007ff800000, 0x00000007ff800000| Untracked 
|1770|0x00000007ffa00000, 0x00000007ffa2fff0, 0x00000007ffc00000|  9%| S|CS|TAMS 0x00000007ffa00000, 0x00000007ffa00000| Complete 
|1771|0x00000007ffc00000, 0x00000007ffd38848, 0x00000007ffe00000| 61%| E|  |TAMS 0x00000007ffc00000, 0x00000007ffc00000| Complete 
|1772|0x00000007ffe00000, 0x0000000800000000, 0x0000000800000000|100%| E|CS|TAMS 0x00000007ffe00000, 0x00000007ffe00000| Complete 

Card table byte_map: [0x0000012ee67d0000,0x0000012ee6ec0000] _byte_map_base: 0x0000012ee2ebd000

Marking Bits (Prev, Next): (CMBitMap*) 0x0000012ece696830, (CMBitMap*) 0x0000012ece6967f0
 Prev Bits: [0x0000012eead20000, 0x0000012eee488000)
 Next Bits: [0x0000012ee75b0000, 0x0000012eead18000)

Polling page: 0x0000012ecde00000

Metaspace:

Usage:
  Non-class:     24.46 MB capacity,    24.24 MB (>99%) used,   187.35 KB ( <1%) free+waste,    34.38 KB ( <1%) overhead. 
      Class:      3.00 MB capacity,     2.91 MB ( 97%) used,    85.18 KB (  3%) free+waste,    12.00 KB ( <1%) overhead. 
       Both:     27.46 MB capacity,    27.15 MB ( 99%) used,   272.53 KB ( <1%) free+waste,    46.38 KB ( <1%) overhead. 

Virtual space:
  Non-class space:       26.00 MB reserved,      24.50 MB ( 94%) committed 
      Class space:        1.00 GB reserved,       3.12 MB ( <1%) committed 
             Both:        1.03 GB reserved,      27.62 MB (  3%) committed 

Chunk freelists:
   Non-Class:  45.00 KB
       Class:  0 bytes
        Both:  45.00 KB

MaxMetaspaceSize: 17179869184.00 GB
CompressedClassSpaceSize: 1.00 GB

CodeHeap 'non-profiled nmethods': size=119168Kb used=1250Kb max_used=1250Kb free=117917Kb
 bounds [0x0000012ede400000, 0x0000012ede670000, 0x0000012ee5860000]
CodeHeap 'profiled nmethods': size=119104Kb used=4828Kb max_used=4828Kb free=114275Kb
 bounds [0x0000012ed6fb0000, 0x0000012ed7470000, 0x0000012ede400000]
CodeHeap 'non-nmethods': size=7488Kb used=3232Kb max_used=3339Kb free=4255Kb
 bounds [0x0000012ed6860000, 0x0000012ed6bb0000, 0x0000012ed6fb0000]
 total_blobs=4169 nmethods=2525 adapters=1554
 compilation: enabled
              stopped_count=0, restarted_count=0
 full_count=0

Compilation events (20 events):
Event: 3.897 Thread 0x0000012ef1d2b2a0 nmethod 2489 0x0000012ede535510 code [0x0000012ede535680, 0x0000012ede5356f8]
Event: 3.897 Thread 0x0000012ef1d2b2a0 2513       4       java.lang.System::getSecurityManager (12 bytes)
Event: 3.898 Thread 0x0000012ef1d2b2a0 nmethod 2513 0x0000012ede535810 code [0x0000012ede535980, 0x0000012ede5359d8]
Event: 3.898 Thread 0x0000012ef1d2b2a0 2505       4       java.util.zip.ZipFile$1::getMetaInfVersions (5 bytes)
Event: 3.898 Thread 0x0000012ef1d2b2a0 nmethod 2505 0x0000012ede535b10 code [0x0000012ede535ca0, 0x0000012ede535e78]
Event: 3.898 Thread 0x0000012ef1d2b2a0 2506   !   4       java.util.zip.ZipFile::getMetaInfVersions (26 bytes)
Event: 3.899 Thread 0x0000012ef1d2b2a0 nmethod 2506 0x0000012ede536010 code [0x0000012ede5361a0, 0x0000012ede536358]
Event: 3.906 Thread 0x0000012e865a5580 nmethod 2483 0x0000012ede536490 code [0x0000012ede5366a0, 0x0000012ede537f78]
Event: 3.907 Thread 0x0000012ef1d2bba0 2520       3       java.lang.Integer::toUnsignedLong (7 bytes)
Event: 3.907 Thread 0x0000012ef1dc1020 2521       3       org.lwjgl.system.MemoryUtil::write8 (19 bytes)
Event: 3.907 Thread 0x0000012ef1e86b00 2522       3       sun.misc.Unsafe::putByte (11 bytes)
Event: 3.907 Thread 0x0000012ef1d2bba0 nmethod 2520 0x0000012ed7465f10 code [0x0000012ed74660a0, 0x0000012ed7466198]
Event: 3.907 Thread 0x0000012ef1e86b00 nmethod 2522 0x0000012ed7466210 code [0x0000012ed74663a0, 0x0000012ed7466498]
Event: 3.907 Thread 0x0000012ef1dc1020 nmethod 2521 0x0000012ed7466510 code [0x0000012ed74666c0, 0x0000012ed7466918]
Event: 3.908 Thread 0x0000012ef1dc1020 2523       3       sun.misc.Unsafe::putLong (11 bytes)
Event: 3.908 Thread 0x0000012ef1e86b00 2524       3       org.lwjgl.system.MemoryUtil::memPutAddress (29 bytes)
Event: 3.908 Thread 0x0000012ef1d2b2a0 2525       4       java.lang.Integer::toUnsignedLong (7 bytes)
Event: 3.908 Thread 0x0000012ef1dc1020 nmethod 2523 0x0000012ed7466a10 code [0x0000012ed7466ba0, 0x0000012ed7466c98]
Event: 3.908 Thread 0x0000012ef1e86b00 nmethod 2524 0x0000012ed7466d10 code [0x0000012ed7466ec0, 0x0000012ed74670b8]
Event: 3.908 Thread 0x0000012ef1d2b2a0 nmethod 2525 0x0000012ede538810 code [0x0000012ede538980, 0x0000012ede5389b8]

GC Heap History (20 events):
Event: 3.294 GC heap before
{Heap before GC invocations=9 (full 0):
 garbage-first heap   total 81920K, used 52770K [0x0000000722600000, 0x0000000800000000)
  region size 2048K, 4 young (8192K), 1 survivors (2048K)
 Metaspace       used 23979K, capacity 24254K, committed 24448K, reserved 1071104K
  class space    used 2818K, capacity 2897K, committed 2944K, reserved 1048576K
}
Event: 3.297 GC heap after
{Heap after GC invocations=10 (full 0):
 garbage-first heap   total 81920K, used 52773K [0x0000000722600000, 0x0000000800000000)
  region size 2048K, 1 young (2048K), 1 survivors (2048K)
 Metaspace       used 23979K, capacity 24254K, committed 24448K, reserved 1071104K
  class space    used 2818K, capacity 2897K, committed 2944K, reserved 1048576K
}
Event: 3.299 GC heap before
{Heap before GC invocations=10 (full 0):
 garbage-first heap   total 81920K, used 56869K [0x0000000722600000, 0x0000000800000000)
  region size 2048K, 3 young (6144K), 1 survivors (2048K)
 Metaspace       used 23979K, capacity 24254K, committed 24448K, reserved 1071104K
  class space    used 2818K, capacity 2897K, committed 2944K, reserved 1048576K
}
Event: 3.301 GC heap after
{Heap after GC invocations=11 (full 0):
 garbage-first heap   total 81920K, used 57285K [0x0000000722600000, 0x0000000800000000)
  region size 2048K, 1 young (2048K), 1 survivors (2048K)
 Metaspace       used 23979K, capacity 24254K, committed 24448K, reserved 1071104K
  class space    used 2818K, capacity 2897K, committed 2944K, reserved 1048576K
}
Event: 3.301 GC heap before
{Heap before GC invocations=11 (full 0):
 garbage-first heap   total 81920K, used 59333K [0x0000000722600000, 0x0000000800000000)
  region size 2048K, 2 young (4096K), 1 survivors (2048K)
 Metaspace       used 23979K, capacity 24254K, committed 24448K, reserved 1071104K
  class space    used 2818K, capacity 2897K, committed 2944K, reserved 1048576K
}
Event: 3.303 GC heap after
{Heap after GC invocations=12 (full 0):
 garbage-first heap   total 81920K, used 59692K [0x0000000722600000, 0x0000000800000000)
  region size 2048K, 1 young (2048K), 1 survivors (2048K)
 Metaspace       used 23979K, capacity 24254K, committed 24448K, reserved 1071104K
  class space    used 2818K, capacity 2897K, committed 2944K, reserved 1048576K
}
Event: 3.304 GC heap before
{Heap before GC invocations=12 (full 0):
 garbage-first heap   total 81920K, used 63788K [0x0000000722600000, 0x0000000800000000)
  region size 2048K, 3 young (6144K), 1 survivors (2048K)
 Metaspace       used 23979K, capacity 24254K, committed 24448K, reserved 1071104K
  class space    used 2818K, capacity 2897K, committed 2944K, reserved 1048576K
}
Event: 3.306 GC heap after
{Heap after GC invocations=13 (full 0):
 garbage-first heap   total 81920K, used 64030K [0x0000000722600000, 0x0000000800000000)
  region size 2048K, 1 young (2048K), 1 survivors (2048K)
 Metaspace       used 23979K, capacity 24254K, committed 24448K, reserved 1071104K
  class space    used 2818K, capacity 2897K, committed 2944K, reserved 1048576K
}
Event: 3.307 GC heap before
{Heap before GC invocations=13 (full 0):
 garbage-first heap   total 81920K, used 68126K [0x0000000722600000, 0x0000000800000000)
  region size 2048K, 3 young (6144K), 1 survivors (2048K)
 Metaspace       used 23979K, capacity 24254K, committed 24448K, reserved 1071104K
  class space    used 2818K, capacity 2897K, committed 2944K, reserved 1048576K
}
Event: 3.309 GC heap after
{Heap after GC invocations=14 (full 0):
 garbage-first heap   total 98304K, used 68452K [0x0000000722600000, 0x0000000800000000)
  region size 2048K, 1 young (2048K), 1 survivors (2048K)
 Metaspace       used 23979K, capacity 24254K, committed 24448K, reserved 1071104K
  class space    used 2818K, capacity 2897K, committed 2944K, reserved 1048576K
}
Event: 3.310 GC heap before
{Heap before GC invocations=14 (full 0):
 garbage-first heap   total 98304K, used 72548K [0x0000000722600000, 0x0000000800000000)
  region size 2048K, 3 young (6144K), 1 survivors (2048K)
 Metaspace       used 23979K, capacity 24254K, committed 24448K, reserved 1071104K
  class space    used 2818K, capacity 2897K, committed 2944K, reserved 1048576K
}
Event: 3.313 GC heap after
{Heap after GC invocations=15 (full 0):
 garbage-first heap   total 98304K, used 73029K [0x0000000722600000, 0x0000000800000000)
  region size 2048K, 1 young (2048K), 1 survivors (2048K)
 Metaspace       used 23979K, capacity 24254K, committed 24448K, reserved 1071104K
  class space    used 2818K, capacity 2897K, committed 2944K, reserved 1048576K
}
Event: 3.314 GC heap before
{Heap before GC invocations=15 (full 0):
 garbage-first heap   total 98304K, used 77125K [0x0000000722600000, 0x0000000800000000)
  region size 2048K, 3 young (6144K), 1 survivors (2048K)
 Metaspace       used 23979K, capacity 24254K, committed 24448K, reserved 1071104K
  class space    used 2818K, capacity 2897K, committed 2944K, reserved 1048576K
}
Event: 3.317 GC heap after
{Heap after GC invocations=16 (full 0):
 garbage-first heap   total 98304K, used 77476K [0x0000000722600000, 0x0000000800000000)
  region size 2048K, 1 young (2048K), 1 survivors (2048K)
 Metaspace       used 23979K, capacity 24254K, committed 24448K, reserved 1071104K
  class space    used 2818K, capacity 2897K, committed 2944K, reserved 1048576K
}
Event: 3.616 GC heap before
{Heap before GC invocations=17 (full 0):
 garbage-first heap   total 116736K, used 69284K [0x0000000722600000, 0x0000000800000000)
  region size 2048K, 3 young (6144K), 1 survivors (2048K)
 Metaspace       used 23979K, capacity 24254K, committed 24448K, reserved 1071104K
  class space    used 2818K, capacity 2897K, committed 2944K, reserved 1048576K
}
Event: 3.618 GC heap after
{Heap after GC invocations=18 (full 0):
 garbage-first heap   total 116736K, used 69760K [0x0000000722600000, 0x0000000800000000)
  region size 2048K, 1 young (2048K), 1 survivors (2048K)
 Metaspace       used 23979K, capacity 24254K, committed 24448K, reserved 1071104K
  class space    used 2818K, capacity 2897K, committed 2944K, reserved 1048576K
}
Event: 3.702 GC heap before
{Heap before GC invocations=18 (full 0):
 garbage-first heap   total 116736K, used 73856K [0x0000000722600000, 0x0000000800000000)
  region size 2048K, 3 young (6144K), 1 survivors (2048K)
 Metaspace       used 24154K, capacity 24446K, committed 24704K, reserved 1071104K
  class space    used 2825K, capacity 2897K, committed 2944K, reserved 1048576K
}
Event: 3.704 GC heap after
{Heap after GC invocations=19 (full 0):
 garbage-first heap   total 141312K, used 57764K [0x0000000722600000, 0x0000000800000000)
  region size 2048K, 1 young (2048K), 1 survivors (2048K)
 Metaspace       used 24154K, capacity 24446K, committed 24704K, reserved 1071104K
  class space    used 2825K, capacity 2897K, committed 2944K, reserved 1048576K
}
Event: 3.837 GC heap before
{Heap before GC invocations=19 (full 0):
 garbage-first heap   total 141312K, used 61860K [0x0000000722600000, 0x0000000800000000)
  region size 2048K, 3 young (6144K), 1 survivors (2048K)
 Metaspace       used 26662K, capacity 26947K, committed 27136K, reserved 1073152K
  class space    used 2938K, capacity 3006K, committed 3072K, reserved 1048576K
}
Event: 3.841 GC heap after
{Heap after GC invocations=20 (full 0):
 garbage-first heap   total 141312K, used 51579K [0x0000000722600000, 0x0000000800000000)
  region size 2048K, 1 young (2048K), 1 survivors (2048K)
 Metaspace       used 26662K, capacity 26947K, committed 27136K, reserved 1073152K
  class space    used 2938K, capacity 3006K, committed 3072K, reserved 1048576K
}

Deoptimization events (20 events):
Event: 3.824 Thread 0x0000012ef2dd64e0 Uncommon trap: trap_request=0xffffff54 fr.pc=0x0000012ede49dacc relative=0x00000000000008ac
Event: 3.824 Thread 0x0000012ef2dd64e0 Uncommon trap: reason=speculate_null_assert action=make_not_entrant pc=0x0000012ede49dacc method=jdk.internal.loader.URLClassPath$JarLoader.getResource(Ljava/lang/String;ZLjava/util/Set;)Ljdk/internal/loader/Resource; @ 17 c2
Event: 3.824 Thread 0x0000012ef2dd64e0 DEOPT PACKING pc=0x0000012ede49dacc sp=0x00000001c5df81a0
Event: 3.824 Thread 0x0000012ef2dd64e0 DEOPT UNPACKING pc=0x0000012ed68ae42f sp=0x00000001c5df8138 mode 2
Event: 3.824 Thread 0x0000012ef2dd64e0 Uncommon trap: trap_request=0xffffff45 fr.pc=0x0000012ede477618 relative=0x0000000000000db8
Event: 3.824 Thread 0x0000012ef2dd64e0 Uncommon trap: reason=unstable_if action=reinterpret pc=0x0000012ede477618 method=java.util.zip.ZipFile.getZipEntry(Ljava/lang/String;I)Ljava/util/zip/ZipEntry; @ 220 c2
Event: 3.824 Thread 0x0000012ef2dd64e0 DEOPT PACKING pc=0x0000012ede477618 sp=0x00000001c5df7ed0
Event: 3.824 Thread 0x0000012ef2dd64e0 DEOPT UNPACKING pc=0x0000012ed68ae42f sp=0x00000001c5df7eb8 mode 2
Event: 3.843 Thread 0x0000012ef2dd64e0 Uncommon trap: trap_request=0xffffff54 fr.pc=0x0000012ede497d80 relative=0x00000000000007a0
Event: 3.843 Thread 0x0000012ef2dd64e0 Uncommon trap: reason=speculate_null_assert action=make_not_entrant pc=0x0000012ede497d80 method=java.util.jar.JarFile.getVersionedEntry(Ljava/lang/String;Ljava/util/jar/JarEntry;)Ljava/util/jar/JarEntry; @ 114 c2
Event: 3.843 Thread 0x0000012ef2dd64e0 DEOPT PACKING pc=0x0000012ede497d80 sp=0x00000001c5df9430
Event: 3.843 Thread 0x0000012ef2dd64e0 DEOPT UNPACKING pc=0x0000012ed68ae42f sp=0x00000001c5df93f8 mode 2
Event: 3.843 Thread 0x0000012ef2dd64e0 Uncommon trap: trap_request=0xffffff45 fr.pc=0x0000012ede4aff18 relative=0x0000000000000898
Event: 3.843 Thread 0x0000012ef2dd64e0 Uncommon trap: reason=unstable_if action=reinterpret pc=0x0000012ede4aff18 method=java.util.jar.JarFile.getEntry(Ljava/lang/String;)Ljava/util/zip/ZipEntry; @ 15 c2
Event: 3.843 Thread 0x0000012ef2dd64e0 DEOPT PACKING pc=0x0000012ede4aff18 sp=0x00000001c5df94c0
Event: 3.843 Thread 0x0000012ef2dd64e0 DEOPT UNPACKING pc=0x0000012ed68ae42f sp=0x00000001c5df94b8 mode 2
Event: 3.878 Thread 0x0000012ef2dd64e0 Uncommon trap: trap_request=0xffffff45 fr.pc=0x0000012ede4a10f4 relative=0x0000000000001054
Event: 3.878 Thread 0x0000012ef2dd64e0 Uncommon trap: reason=unstable_if action=reinterpret pc=0x0000012ede4a10f4 method=jdk.internal.util.jar.JarIndex.get(Ljava/lang/String;)Ljava/util/LinkedList; @ 27 c2
Event: 3.878 Thread 0x0000012ef2dd64e0 DEOPT PACKING pc=0x0000012ede4a10f4 sp=0x00000001c5dfb770
Event: 3.878 Thread 0x0000012ef2dd64e0 DEOPT UNPACKING pc=0x0000012ed68ae42f sp=0x00000001c5dfb738 mode 2

Classes unloaded (0 events):
No events

Classes redefined (0 events):
No events

Internal exceptions (20 events):
Event: 1.807 Thread 0x0000012ef2dd64e0 Implicit null exception at 0x0000012ede43530b to 0x0000012ede4356e8
Event: 1.865 Thread 0x0000012ef2dd64e0 Exception <a 'java/lang/NoSuchMethodError'{0x00000007300db790}: 'void java.lang.invoke.DirectMethodHandle$Holder.invokeStaticInit(java.lang.Object)'> (0x00000007300db790) 
thrown [./open/src/hotspot/share/interpreter/linkResolver.cpp, line 782]
Event: 1.892 Thread 0x0000012ef41bcc10 Exception <a 'java/lang/NoSuchMethodError'{0x000000072ffaf408}: 'java.lang.Object java.lang.invoke.DirectMethodHandle$Holder.newInvokeSpecial(java.lang.Object, java.lang.Object, java.lang.Object, int, int, int, int, int)'> (0x000000072ffaf408) 
thrown [./open/src/hotspot/share/interpreter/linkResolver.cpp, line 782]
Event: 1.940 Thread 0x0000012ef2dd64e0 Exception <a 'java/lang/NoSuchMethodError'{0x000000072fafd530}: 'java.lang.Object java.lang.invoke.DirectMethodHandle$Holder.invokeInterface(java.lang.Object, java.lang.Object)'> (0x000000072fafd530) 
thrown [./open/src/hotspot/share/interpreter/linkResolver.cpp, line 782]
Event: 3.780 Thread 0x0000012ef2dd64e0 Exception <a 'java/lang/NoSuchMethodError'{0x00000007ffc2eb78}: 'double java.lang.invoke.DirectMethodHandle$Holder.invokeStatic(java.lang.Object, java.lang.Object)'> (0x00000007ffc2eb78) 
thrown [./open/src/hotspot/share/interpreter/linkResolver.cpp, line 782]
Event: 3.827 Thread 0x0000012ef2dd64e0 Exception <a 'java/lang/NoSuchMethodError'{0x00000007ffd82d68}: 'java.lang.Object java.lang.invoke.DirectMethodHandle$Holder.invokeStatic(java.lang.Object, java.lang.Object, int)'> (0x00000007ffd82d68) 
thrown [./open/src/hotspot/share/interpreter/linkResolver.cpp, line 782]
Event: 3.828 Thread 0x0000012ef2dd64e0 Exception <a 'java/lang/NoSuchMethodError'{0x00000007ffd8e7e0}: 'void java.lang.invoke.DelegatingMethodHandle$Holder.delegate(java.lang.Object, java.lang.Object, int, java.lang.Object)'> (0x00000007ffd8e7e0) 
thrown [./open/src/hotspot/share/interpreter/linkResolver.cpp, line 782]
Event: 3.828 Thread 0x0000012ef2dd64e0 Exception <a 'java/lang/NoSuchMethodError'{0x00000007ffd92a08}: 'int java.lang.invoke.DirectMethodHandle$Holder.invokeSpecial(java.lang.Object, java.lang.Object, java.lang.Object)'> (0x00000007ffd92a08) 
thrown [./open/src/hotspot/share/interpreter/linkResolver.cpp, line 782]
Event: 3.862 Thread 0x0000012ef2dd64e0 Exception <a 'sun/nio/fs/WindowsException'{0x00000007ffe53ee0}> (0x00000007ffe53ee0) 
thrown [./open/src/hotspot/share/prims/jni.cpp, line 578]
Event: 3.863 Thread 0x0000012ef2dd64e0 Exception <a 'sun/nio/fs/WindowsException'{0x00000007ffe54230}> (0x00000007ffe54230) 
thrown [./open/src/hotspot/share/prims/jni.cpp, line 578]
Event: 3.873 Thread 0x0000012ef2dd64e0 Exception <a 'sun/nio/fs/WindowsException'{0x00000007fff2d658}> (0x00000007fff2d658) 
thrown [./open/src/hotspot/share/prims/jni.cpp, line 578]
Event: 3.873 Thread 0x0000012ef2dd64e0 Exception <a 'sun/nio/fs/WindowsException'{0x00000007fff2d9f8}> (0x00000007fff2d9f8) 
thrown [./open/src/hotspot/share/prims/jni.cpp, line 578]
Event: 3.879 Thread 0x0000012ef2dd64e0 Exception <a 'sun/nio/fs/WindowsException'{0x00000007fff56098}> (0x00000007fff56098) 
thrown [./open/src/hotspot/share/prims/jni.cpp, line 578]
Event: 3.879 Thread 0x0000012ef2dd64e0 Exception <a 'sun/nio/fs/WindowsException'{0x00000007fff56368}> (0x00000007fff56368) 
thrown [./open/src/hotspot/share/prims/jni.cpp, line 578]
Event: 3.885 Thread 0x0000012ef2dd64e0 Exception <a 'java/lang/NoSuchMethodError'{0x00000007fff9eb68}: 'int java.lang.invoke.DirectMethodHandle$Holder.invokeStaticInit(java.lang.Object, java.lang.Object, int, long)'> (0x00000007fff9eb68) 
thrown [./open/src/hotspot/share/interpreter/linkResolver.cpp, line 782]
Event: 3.885 Thread 0x0000012ef2dd64e0 Exception <a 'java/lang/NoSuchMethodError'{0x00000007fffa4c80}: 'java.lang.Object java.lang.invoke.DirectMethodHandle$Holder.newInvokeSpecial(java.lang.Object, java.lang.Object, int)'> (0x00000007fffa4c80) 
thrown [./open/src/hotspot/share/interpreter/linkResolver.cpp, line 782]
Event: 3.886 Thread 0x0000012ef2dd64e0 Exception <a 'java/lang/NoSuchMethodError'{0x00000007fffb2ec8}: 'int java.lang.invoke.DirectMethodHandle$Holder.invokeStaticInit(java.lang.Object, java.lang.Object, long, long)'> (0x00000007fffb2ec8) 
thrown [./open/src/hotspot/share/interpreter/linkResolver.cpp, line 782]
Event: 3.887 Thread 0x0000012ef2dd64e0 Exception <a 'java/lang/NoSuchMethodError'{0x00000007fffbd540}: 'int java.lang.invoke.DirectMethodHandle$Holder.invokeStaticInit(java.lang.Object, java.lang.Object, java.lang.Object, long)'> (0x00000007fffbd540) 
thrown [./open/src/hotspot/share/interpreter/linkResolver.cpp, line 782]
Event: 3.898 Thread 0x0000012ef2dd64e0 Exception <a 'sun/nio/fs/WindowsException'{0x00000007ffc28f60}> (0x00000007ffc28f60) 
thrown [./open/src/hotspot/share/prims/jni.cpp, line 578]
Event: 3.898 Thread 0x0000012ef2dd64e0 Exception <a 'sun/nio/fs/WindowsException'{0x00000007ffc292f0}> (0x00000007ffc292f0) 
thrown [./open/src/hotspot/share/prims/jni.cpp, line 578]

Events (20 events):
Event: 3.862 loading class sun/nio/fs/WindowsException
Event: 3.862 loading class sun/nio/fs/WindowsException done
Event: 3.863 loading class java/nio/file/NoSuchFileException
Event: 3.863 loading class java/nio/file/FileSystemException
Event: 3.863 loading class java/nio/file/FileSystemException done
Event: 3.863 loading class java/nio/file/NoSuchFileException done
Event: 3.875 Loaded shared library C:\Users\diego\AppData\Local\Temp\lwjgl_diego\3.3.4+7\x64\lwjgl_opengl.dll
Event: 3.879 Thread 0x0000012e865a5580 Thread added: 0x0000012e865a5580
Event: 3.882 loading class java/lang/ThreadLocal$SuppliedThreadLocal
Event: 3.882 loading class java/lang/ThreadLocal$SuppliedThreadLocal done
Event: 3.883 loading class java/nio/DirectCharBufferU
Event: 3.883 loading class java/nio/DirectCharBufferU done
Event: 3.883 loading class java/nio/DirectDoubleBufferU
Event: 3.883 loading class java/nio/DirectDoubleBufferU done
Event: 3.884 loading class java/util/function/LongPredicate
Event: 3.884 loading class java/util/function/LongPredicate done
Event: 3.887 loading class java/math/MutableBigInteger
Event: 3.888 loading class java/math/MutableBigInteger done
Event: 3.888 loading class java/nio/InvalidMarkException
Event: 3.888 loading class java/nio/InvalidMarkException done


Dynamic libraries:
0x00007ff7cd2f0000 - 0x00007ff7cd2ff000 	C:\Program Files\Java\jdk-15.0.2\bin\java.exe
0x00007ffd26690000 - 0x00007ffd268a7000 	C:\WINDOWS\SYSTEM32\ntdll.dll
0x00007ffd25270000 - 0x00007ffd25334000 	C:\WINDOWS\System32\KERNEL32.DLL
0x00007ffd23990000 - 0x00007ffd23d49000 	C:\WINDOWS\System32\KERNELBASE.dll
0x00007ffd23d50000 - 0x00007ffd23e61000 	C:\WINDOWS\System32\ucrtbase.dll
0x00007ffd14430000 - 0x00007ffd14449000 	C:\Program Files\Java\jdk-15.0.2\bin\VCRUNTIME140.dll
0x00007ffd0fb10000 - 0x00007ffd0fb28000 	C:\Program Files\Java\jdk-15.0.2\bin\jli.dll
0x00007ffd24a00000 - 0x00007ffd24ab2000 	C:\WINDOWS\System32\ADVAPI32.dll
0x00007ffd25d20000 - 0x00007ffd25dc7000 	C:\WINDOWS\System32\msvcrt.dll
0x00007ffd24ac0000 - 0x00007ffd24b67000 	C:\WINDOWS\System32\sechost.dll
0x00007ffd23f90000 - 0x00007ffd23fb8000 	C:\WINDOWS\System32\bcrypt.dll
0x00007ffd24f80000 - 0x00007ffd25094000 	C:\WINDOWS\System32\RPCRT4.dll
0x00007ffd25ae0000 - 0x00007ffd25c8e000 	C:\WINDOWS\System32\USER32.dll
0x00007ffd24120000 - 0x00007ffd24146000 	C:\WINDOWS\System32\win32u.dll
0x00007ffd105a0000 - 0x00007ffd10832000 	C:\WINDOWS\WinSxS\amd64_microsoft.windows.common-controls_6595b64144ccf1df_6.0.22621.4391_none_2715d37f73803e96\COMCTL32.dll
0x00007ffd247e0000 - 0x00007ffd24809000 	C:\WINDOWS\System32\GDI32.dll
0x00007ffd23e70000 - 0x00007ffd23f8b000 	C:\WINDOWS\System32\gdi32full.dll
0x00007ffd24080000 - 0x00007ffd2411a000 	C:\WINDOWS\System32\msvcp_win.dll
0x00007ffd1beb0000 - 0x00007ffd1beba000 	C:\WINDOWS\SYSTEM32\VERSION.dll
0x00007ffd24ee0000 - 0x00007ffd24f11000 	C:\WINDOWS\System32\IMM32.DLL
0x00007ffd1e3d0000 - 0x00007ffd1e3dc000 	C:\Program Files\Java\jdk-15.0.2\bin\vcruntime140_1.dll
0x00007ffd0b190000 - 0x00007ffd0b221000 	C:\Program Files\Java\jdk-15.0.2\bin\msvcp140.dll
0x00007ffcb3820000 - 0x00007ffcb437e000 	C:\Program Files\Java\jdk-15.0.2\bin\server\jvm.dll
0x00007ffd243b0000 - 0x00007ffd243b8000 	C:\WINDOWS\System32\PSAPI.DLL
0x00007ffd1e240000 - 0x00007ffd1e249000 	C:\WINDOWS\SYSTEM32\WSOCK32.dll
0x00007ffd25c90000 - 0x00007ffd25d01000 	C:\WINDOWS\System32\WS2_32.dll
0x00007ffd18fa0000 - 0x00007ffd18fd4000 	C:\WINDOWS\SYSTEM32\WINMM.dll
0x00007ffd229a0000 - 0x00007ffd229b8000 	C:\WINDOWS\SYSTEM32\kernel.appcore.dll
0x00007ffd1dea0000 - 0x00007ffd1deaa000 	C:\Program Files\Java\jdk-15.0.2\bin\jimage.dll
0x00007ffd20fc0000 - 0x00007ffd211f2000 	C:\WINDOWS\SYSTEM32\DBGHELP.DLL
0x00007ffd24450000 - 0x00007ffd247df000 	C:\WINDOWS\System32\combase.dll
0x00007ffd24b70000 - 0x00007ffd24c47000 	C:\WINDOWS\System32\OLEAUT32.dll
0x00007ffd1dfc0000 - 0x00007ffd1dff2000 	C:\WINDOWS\SYSTEM32\dbgcore.DLL
0x00007ffd24330000 - 0x00007ffd243ab000 	C:\WINDOWS\System32\bcryptPrimitives.dll
0x00007ffd0fae0000 - 0x00007ffd0fb05000 	C:\Program Files\Java\jdk-15.0.2\bin\java.dll
0x00007ffd25dd0000 - 0x00007ffd26646000 	C:\WINDOWS\System32\SHELL32.dll
0x00007ffd21880000 - 0x00007ffd22183000 	C:\WINDOWS\SYSTEM32\windows.storage.dll
0x00007ffd21740000 - 0x00007ffd2187f000 	C:\WINDOWS\SYSTEM32\wintypes.dll
0x00007ffd253f0000 - 0x00007ffd254e9000 	C:\WINDOWS\System32\SHCORE.dll
0x00007ffd254f0000 - 0x00007ffd2554e000 	C:\WINDOWS\System32\shlwapi.dll
0x00007ffd238c0000 - 0x00007ffd238eb000 	C:\WINDOWS\SYSTEM32\profapi.dll
0x00007ffd0cfa0000 - 0x00007ffd0cfb9000 	C:\Program Files\Java\jdk-15.0.2\bin\net.dll
0x00007ffd1f670000 - 0x00007ffd1f7a6000 	C:\WINDOWS\SYSTEM32\WINHTTP.dll
0x00007ffd22e30000 - 0x00007ffd22e99000 	C:\WINDOWS\system32\mswsock.dll
0x00007ffd0b170000 - 0x00007ffd0b182000 	C:\Program Files\Java\jdk-15.0.2\bin\nio.dll
0x00007ffd0b150000 - 0x00007ffd0b168000 	C:\Program Files\Java\jdk-15.0.2\bin\zip.dll
0x00007ffd0afd0000 - 0x00007ffd0b150000 	C:\Program Files\Java\jdk-15.0.2\bin\awt.dll
0x00007ffd1d6d0000 - 0x00007ffd1d767000 	C:\WINDOWS\SYSTEM32\apphelp.dll
0x00007ffd20010000 - 0x00007ffd200c1000 	C:\WINDOWS\system32\uxtheme.dll
0x00007ffd24cd0000 - 0x00007ffd24e30000 	C:\WINDOWS\System32\MSCTF.dll
0x00007ffd24830000 - 0x00007ffd249d5000 	C:\WINDOWS\System32\ole32.dll
0x00007ffd20300000 - 0x00007ffd2032b000 	C:\WINDOWS\system32\DWMAPI.DLL
0x00007ffd1d950000 - 0x00007ffd1d960000 	C:\Program Files\Java\jdk-15.0.2\bin\verify.dll
0x00007ffd230a0000 - 0x00007ffd230bb000 	C:\WINDOWS\SYSTEM32\CRYPTSP.dll
0x00007ffd22900000 - 0x00007ffd22935000 	C:\WINDOWS\system32\rsaenh.dll
0x00007ffd22f40000 - 0x00007ffd22f68000 	C:\WINDOWS\SYSTEM32\USERENV.dll
0x00007ffd230c0000 - 0x00007ffd230cc000 	C:\WINDOWS\SYSTEM32\CRYPTBASE.dll
0x00007ffd223f0000 - 0x00007ffd2241d000 	C:\WINDOWS\SYSTEM32\IPHLPAPI.DLL
0x00007ffd250a0000 - 0x00007ffd250a9000 	C:\WINDOWS\System32\NSI.dll
0x00007ffd1fae0000 - 0x00007ffd1faf9000 	C:\WINDOWS\SYSTEM32\dhcpcsvc6.DLL
0x00007ffd1f650000 - 0x00007ffd1f66f000 	C:\WINDOWS\SYSTEM32\dhcpcsvc.DLL
0x00007ffd22460000 - 0x00007ffd22562000 	C:\WINDOWS\SYSTEM32\DNSAPI.dll
0x00007ffd0afb0000 - 0x00007ffd0afc3000 	C:\Users\diego\AppData\Local\Temp\jogamp_0000\file_cache\jln12326212116527668001\jln6200886873393668179\natives\windows-amd64\gluegen_rt.dll
0x00007ffd1bec0000 - 0x00007ffd1bec7000 	C:\Program Files\Java\jdk-15.0.2\bin\jawt.dll
0x00007ffd1bd60000 - 0x00007ffd1bd6d000 	C:\Users\diego\AppData\Local\Temp\jogamp_0000\file_cache\jln12326212116527668001\jln6200886873393668179\natives\windows-amd64\nativewindow_awt.dll
0x00007ffcf22b0000 - 0x00007ffcf23b0000 	C:\WINDOWS\system32\opengl32.dll
0x00007ffcf2770000 - 0x00007ffcf279d000 	C:\WINDOWS\SYSTEM32\GLU32.dll
0x00007ffd205c0000 - 0x00007ffd205f7000 	C:\WINDOWS\SYSTEM32\dxcore.dll
0x00007ffd0af90000 - 0x00007ffd0afa5000 	C:\Users\diego\AppData\Local\Temp\jogamp_0000\file_cache\jln12326212116527668001\jln6200886873393668179\natives\windows-amd64\nativewindow_win32.dll
0x00007ffd0af00000 - 0x00007ffd0af83000 	C:\Users\diego\AppData\Local\Temp\jogamp_0000\file_cache\jln12326212116527668001\jln6200886873393668179\natives\windows-amd64\jogl_desktop.dll
0x00007ffd0ad00000 - 0x00007ffd0ad52000 	C:\Users\diego\AppData\Local\Temp\jogamp_0000\file_cache\jln12326212116527668001\jln6200886873393668179\natives\windows-amd64\jogl_mobile.dll
0x00007ffd13700000 - 0x00007ffd13749000 	C:\WINDOWS\SYSTEM32\directxdatabasehelper.dll
0x00007ffd24e30000 - 0x00007ffd24ee0000 	C:\WINDOWS\System32\clbcatq.dll
0x00007ffd1ada0000 - 0x00007ffd1aee4000 	C:\Windows\System32\AppXDeploymentClient.dll
0x00007ffd0aed0000 - 0x00007ffd0aefe000 	C:\WINDOWS\System32\DriverStore\FileRepository\u0404276.inf_amd64_b6ae906c9d4ab767\B403905\atig6pxx.dll
0x00007ffcaf340000 - 0x00007ffcb381f000 	C:\WINDOWS\System32\DriverStore\FileRepository\u0404276.inf_amd64_b6ae906c9d4ab767\B403905\atio6axx.dll
0x00007ffd25560000 - 0x00007ffd259d4000 	C:\WINDOWS\System32\SETUPAPI.dll
0x00007ffd03480000 - 0x00007ffd034b5000 	C:\WINDOWS\SYSTEM32\amdihk64.dll
0x00007ffd235b0000 - 0x00007ffd235dc000 	C:\WINDOWS\SYSTEM32\DEVOBJ.dll
0x00007ffd23560000 - 0x00007ffd235ae000 	C:\WINDOWS\SYSTEM32\cfgmgr32.dll
0x00007ffd242c0000 - 0x00007ffd2432c000 	C:\WINDOWS\System32\WINTRUST.dll
0x00007ffd24150000 - 0x00007ffd242b6000 	C:\WINDOWS\System32\CRYPT32.dll
0x00007ffd23100000 - 0x00007ffd23112000 	C:\WINDOWS\SYSTEM32\MSASN1.dll
0x00007ffd0ac70000 - 0x00007ffd0acf5000 	C:\Program Files\Java\jdk-15.0.2\bin\freetype.dll
0x00007ffd0abc0000 - 0x00007ffd0ac69000 	C:\Program Files\Java\jdk-15.0.2\bin\fontmanager.dll
0x00007ffd02600000 - 0x00007ffd02745000 	C:\WINDOWS\SYSTEM32\textinputframework.dll
0x00007ffd1cc70000 - 0x00007ffd1cda3000 	C:\WINDOWS\SYSTEM32\CoreMessaging.dll
0x00007ffd07960000 - 0x00007ffd07ccd000 	C:\WINDOWS\SYSTEM32\CoreUIComponents.dll
0x00007ffd014f0000 - 0x00007ffd0156b000 	C:\Users\diego\AppData\Local\Temp\lwjgl_diego\3.3.4+7\x64\lwjgl.dll
0x00007ffd08880000 - 0x00007ffd088e1000 	C:\Users\diego\AppData\Local\Temp\lwjgl_diego\3.3.4+7\x64\lwjgl_opengl.dll
0x00007ffcf44b0000 - 0x00007ffcf4721000 	C:\Users\diego\AppData\Local\Temp\lwjgl_diego\3.3.4+7\x64\jemalloc.dll

dbghelp: loaded successfully - version: 4.0.5 - missing functions: none
symbol engine: initialized successfully - sym options: 0x614 - pdb path: .;C:\Program Files\Java\jdk-15.0.2\bin;C:\WINDOWS\SYSTEM32;C:\WINDOWS\WinSxS\amd64_microsoft.windows.common-controls_6595b64144ccf1df_6.0.22621.4391_none_2715d37f73803e96;C:\Program Files\Java\jdk-15.0.2\bin\server;C:\Users\diego\AppData\Local\Temp\jogamp_0000\file_cache\jln12326212116527668001\jln6200886873393668179\natives\windows-amd64;C:\WINDOWS\System32\DriverStore\FileRepository\u0404276.inf_amd64_b6ae906c9d4ab767\B403905;C:\Users\diego\AppData\Local\Temp\lwjgl_diego\3.3.4+7\x64

VM Arguments:
jvm_args: -Dfile.encoding=UTF-8 -Dsun.java2d.d3d=false --module-path=C:\Users\diego\OneDrive\Escritorio\Drive\tesisEstructural\javafx-sdk-17.0.12\lib\javafx-swt.jar;C:\Users\diego\OneDrive\Escritorio\Drive\tesisEstructural\javafx-sdk-17.0.12\lib\javafx.base.jar;C:\Users\diego\OneDrive\Escritorio\Drive\tesisEstructural\javafx-sdk-17.0.12\lib\javafx.controls.jar;C:\Users\diego\OneDrive\Escritorio\Drive\tesisEstructural\javafx-sdk-17.0.12\lib\javafx.fxml.jar;C:\Users\diego\OneDrive\Escritorio\Drive\tesisEstructural\javafx-sdk-17.0.12\lib\javafx.graphics.jar;C:\Users\diego\OneDrive\Escritorio\Drive\tesisEstructural\javafx-sdk-17.0.12\lib\javafx.media.jar;C:\Users\diego\OneDrive\Escritorio\Drive\tesisEstructural\javafx-sdk-17.0.12\lib\javafx.swing.jar;C:\Users\diego\OneDrive\Escritorio\Drive\tesisEstructural\javafx-sdk-17.0.12\lib\javafx.web.jar 
java_command: mampos.Mampos --add-exports java.base/java.lang=ALL-UNNAMED --add-exports java.desktop/sun.awt=ALL-UNNAMED --add-exports java.desktop/sun.java2d=ALL-UNNAMED
java_class_path (initial): C:\Users\diego\OneDrive\Escritorio\Drive\Book\Book\gson-2.11.0.jar;C:\Users\diego\OneDrive\Escritorio\Drive\Book\Book\JOGL\JOML\joml-1.10.7.jar;C:\Users\diego\OneDrive\Escritorio\Drive\Book\Book\JOGL\jogamp-all-platforms\jar\gluegen-rt.jar;C:\Users\diego\OneDrive\Escritorio\Drive\Book\Book\JOGL\jogamp-all-platforms\jar\jogl-all.jar;C:\Program Files\NetBeans-23\netbeans\java\modules\ext\AbsoluteLayout.jar;C:\Users\diego\OneDrive\Escritorio\Drive\Book\Book\UJMP\ujmp-complete-0.3.0.jar;C:\Users\diego\OneDrive\Escritorio\Drive\Book\Book\pdf4j-icepdf-core-6.1.1.jar;C:\Users\diego\OneDrive\Escritorio\Drive\Book\Book\pdf4j-icepdf-viewer-6.1.1.jar;C:\Users\diego\OneDrive\Escritorio\Drive\lwjgl-release-3.3.4-custom\lwjgl-glfw.jar;C:\Users\diego\OneDrive\Escritorio\Drive\lwjgl-release-3.3.4-custom\lwjgl-opengl.jar;C:\Users\diego\OneDrive\Escritorio\Drive\lwjgl-release-3.3.4-custom\lwjgl.jar;C:\Users\diego\OneDrive\Escritorio\Drive\lwjgl-release-3.3.4-custom\lwjgl-opengl-natives-windows.jar;C:\Users\diego\OneDrive\Escritorio\Drive\LWJGL 3.3.4\lwjgl-glfw-natives-windows.jar;C:\Users\diego\OneDrive\Escritorio\Drive\LWJGL 3.3.4\lwjgl-assimp-natives-windows.jar;C:\Users\diego\OneDrive\Escritorio\Drive\LWJGL 3.3.4\lwjgl-assimp.jar;C:\Users\diego\OneDrive\Escritorio\Drive\LWJGL 3.3.4\lwjgl-bgfx-natives-windows.jar;C:\Users\diego\OneDrive\Escritorio\Drive\LWJGL 3.3.4\lwjgl-bgfx.jar;C:\Users\diego\OneDrive\Escritorio\Drive\LWJGL 3.3.4\lwjgl-cuda.jar;C:\Users\diego\OneDrive\Escritorio\Drive\LWJGL 3.3.4\lwjgl-egl.jar;C:\Users\diego\OneDrive\Escritorio\Drive\LWJGL 3.3.4\lwjgl-fmod.jar;C:\Users\diego\OneDrive\Escritorio\Drive\LWJGL 3.3.4\lwjgl-freetype-natives-windows.jar;C:\Users\diego\OneDrive\Escritorio\Drive\LWJGL 3.3.4\lwjgl-freetype.jar;C:\Users\diego\OneDrive\Escritorio\Drive\LWJGL 3.3.4\lwjgl-glfw.jar;C:\Users\diego\OneDrive\Escritorio\Drive\LWJGL 3.3.4\lwjgl-harfbuzz-natives-windows.jar;C:\Users\diego\OneDrive\Escritorio\Drive\LWJGL 3.3.4\lwjgl-harfbu
Launcher Type: SUN_STANDARD

[Global flags]
     intx CICompilerCount                          = 12                                        {product} {ergonomic}
     uint ConcGCThreads                            = 3                                         {product} {ergonomic}
     uint G1ConcRefinementThreads                  = 13                                        {product} {ergonomic}
   size_t G1HeapRegionSize                         = 2097152                                   {product} {ergonomic}
    uintx GCDrainStackTargetSize                   = 64                                        {product} {ergonomic}
   size_t InitialHeapSize                          = 232783872                                 {product} {ergonomic}
   size_t MarkStackSize                            = 4194304                                   {product} {ergonomic}
   size_t MaxHeapSize                              = 3718250496                                {product} {ergonomic}
   size_t MaxNewSize                               = 2229272576                                {product} {ergonomic}
   size_t MinHeapDeltaBytes                        = 2097152                                   {product} {ergonomic}
   size_t MinHeapSize                              = 8388608                                   {product} {ergonomic}
    uintx NonNMethodCodeHeapSize                   = 7602480                                {pd product} {ergonomic}
    uintx NonProfiledCodeHeapSize                  = 122027880                              {pd product} {ergonomic}
    uintx ProfiledCodeHeapSize                     = 122027880                              {pd product} {ergonomic}
    uintx ReservedCodeCacheSize                    = 251658240                              {pd product} {ergonomic}
     bool SegmentedCodeCache                       = true                                      {product} {ergonomic}
   size_t SoftMaxHeapSize                          = 3718250496                             {manageable} {ergonomic}
     bool UseCompressedClassPointers               = true                                 {lp64_product} {ergonomic}
     bool UseCompressedOops                        = true                                 {lp64_product} {ergonomic}
     bool UseG1GC                                  = true                                      {product} {ergonomic}
     bool UseLargePagesIndividualAllocation        = false                                  {pd product} {ergonomic}

Logging:
Log output configuration:
 #0: stdout all=warning uptime,level,tags
 #1: stderr all=off uptime,level,tags

Environment Variables:
JAVA_HOME=C:\Program Files\Java\jdk-15.0.2
PATH=C:\ffmpeg\bin;C:\Program Files\Common Files\Oracle\Java\javapath;C:\Program Files (x86)\Common Files\Oracle\Java\java8path;C:\Program Files (x86)\Common Files\Oracle\Java\javapath;C:\Program Files (x86)\Common Files\Intel\Shared Libraries\redist\intel64_win\compiler;C:\WINDOWS\system32;C:\WINDOWS;C:\WINDOWS\System32\Wbem;C:\WINDOWS\System32\WindowsPowerShell\v1.0\;C:\WINDOWS\System32\OpenSSH\;C:\Program Files\dotnet\;C:\Program Files\Common Files\Autodesk Shared\;C:\Program Files\Git\cmd;C:\Program Files\Azure Data Studio\bin;C:\Program Files\Microsoft SQL Server\Client SDK\ODBC\170\Tools\Binn\;C:\Program Files\Microsoft SQL Server\Client SDK\ODBC\110\Tools\Binn\;C:\Program Files (x86)\Microsoft SQL Server\120\Tools\Binn\ManagementStudio\;C:\Program Files (x86)\Microsoft SQL Server\120\Tools\Binn\;C:\Program Files\Microsoft SQL Server\120\Tools\Binn\;C:\Program Files (x86)\Microsoft SQL Server\120\DTS\Binn\;C:\Program Files\Microsoft SQL Server\120\DTS\Binn\;C:\Program Files (x86)\Microsoft SQL Server\160\Too;C:\Program Files\Microsoft SQL Server\160\DTS\Binn\;C:\Users\diego\AppData\Local\Programs\Python\Python311\Scripts\;C:\Users\diego\AppData\Local\Programs\Python\Python311\;C:\Users\diego\AppData\Local\Microsoft\WindowsApps;C:\Users\diego\AppData\Local\Programs\Microsoft VS Code\bin;C:\Program Files\Azure Data Studio\bin;C:\Users\diego\AppData\Roaming\npm;C:\src\flutter\bin;C:\Users\diego\AppData\Local\Pub\Cache\bin;C:\Program Files\MongoDB\Server\6.0\bin;C:\Users\diego\AppData\Local\GitHubDesktop\bin;C:\Program Files\JetBrains\IntelliJ IDEA 2024.1.4\bin;;C:\sqlite3;C:\Program Files\JetBrains\IntelliJ IDEA Community Edition 2024.2.2\bin;;C:\Users\diego\AppData\Local\Programs\MiKTeX\miktex\bin\x64\
USERNAME=diego
OS=Windows_NT
PROCESSOR_IDENTIFIER=AMD64 Family 23 Model 104 Stepping 1, AuthenticAMD



---------------  S Y S T E M  ---------------

OS:
 Windows 10 , 64 bit Build 22621 (10.0.22621.4391)
OS uptime: 0 days 1:22 hours
HyperV virtualization detected

CPU: total 16 (initial active 16) (16 cores per cpu, 2 threads per core) family 23 model 104 stepping 1 microcode 0x0, cmov, cx8, fxsr, mmx, sse, sse2, sse3, ssse3, sse4.1, sse4.2, popcnt, vzeroupper, avx, avx2, aes, clmul, 3dnowpref, lzcnt, sse4a, ht, tsc, tscinvbit, tscinv, bmi1, bmi2, adx, sha, fma, clflush, clflushopt

Memory: 4k page, system-wide physical 14181M (2759M free)
TotalPageFile size 26181M (AvailPageFile size 12301M)
current process WorkingSet (physical memory assigned to process): 351M, peak: 351M
current process commit charge ("private bytes"): 520M, peak: 520M

vm_info: Java HotSpot(TM) 64-Bit Server VM (15.0.2+7-27) for windows-amd64 JRE (15.0.2+7-27), built on Dec  7 2020 20:07:01 by "mach5one" with unknown MS VC++:1925

END.
