#
# A fatal error has been detected by the Java Runtime Environment:
#
#  EXCEPTION_ACCESS_VIOLATION (0xc0000005) at pc=0x000001edc45bfd80, pid=13972, tid=25896
#
# JRE version: Java(TM) SE Runtime Environment (15.0.2+7) (build 15.0.2+7-27)
# Java VM: Java HotSpot(TM) 64-Bit Server VM (15.0.2+7-27, mixed mode, sharing, tiered, compressed oops, g1 gc, windows-amd64)
# Problematic frame:
# C  0x000001edc45bfd80
#
# No core dump will be written. Minidumps are not enabled by default on client versions of Windows
#
# If you would like to submit a bug report, please visit:
#   https://bugreport.java.com/bugreport/crash.jsp
# The crash happened outside the Java Virtual Machine in native code.
# See problematic frame for where to report the bug.
#

---------------  S U M M A R Y ------------

Command Line: -Dfile.encoding=UTF-8 mampos.Mampos

Host: AMD Ryzen 7 3700X 8-Core Processor             , 16 cores, 31G,  Windows 10 , 64 bit Build 19041 (10.0.19041.4957)
Time: Sun Oct 27 12:53:45 2024 Hora estándar, América Central elapsed time: 3.369544 seconds (0d 0h 0m 3s)

---------------  T H R E A D  ---------------

Current thread (0x000001edbb0e41d0):  JavaThread "AWT-EventQueue-0" [_thread_in_native, id=25896, stack(0x0000007241f00000,0x0000007242000000)]

Stack: [0x0000007241f00000,0x0000007242000000],  sp=0x0000007241ffe0b0,  free space=1016k
Native frames: (J=compiled Java code, j=interpreted, Vv=VM code, C=native code)
C  0x000001edc45bfd80

Java frames: (J=compiled Java code, j=interpreted, Vv=VM code)
j  jogamp.opengl.gl4.GL4bcImpl.dispatch_glDrawArrays1(IIIJ)V+0
j  jogamp.opengl.gl4.GL4bcImpl.glDrawArrays(III)V+45
j  rendering.Controlador.prepararBufferDeTexturas(Lcom/jogamp/opengl/GL4;IIII)V+64
j  rendering.Controlador.dibujar(Ljava/lang/String;Lcom/jogamp/opengl/GL4;[IIILjava/util/List;II)V+59
j  rendering.ProjectionSpace.display(Lcom/jogamp/opengl/GLAutoDrawable;)V+266
j  jogamp.opengl.GLDrawableHelper.displayImpl(Lcom/jogamp/opengl/GLAutoDrawable;)V+62
j  jogamp.opengl.GLDrawableHelper.display(Lcom/jogamp/opengl/GLAutoDrawable;)V+2
j  com.jogamp.opengl.awt.GLCanvas$10.run()V+118
j  jogamp.opengl.GLDrawableHelper.invokeGLImpl(Lcom/jogamp/opengl/GLDrawable;Lcom/jogamp/opengl/GLContext;Ljava/lang/Runnable;Ljava/lang/Runnable;)V+205
j  jogamp.opengl.GLDrawableHelper.invokeGL(Lcom/jogamp/opengl/GLDrawable;Lcom/jogamp/opengl/GLContext;Ljava/lang/Runnable;Ljava/lang/Runnable;)V+75
j  com.jogamp.opengl.awt.GLCanvas$11.run()V+104
j  java.awt.event.InvocationEvent.dispatch()V+11 java.desktop@15.0.2
j  java.awt.EventQueue.dispatchEventImpl(Ljava/awt/AWTEvent;Ljava/lang/Object;)V+21 java.desktop@15.0.2
j  java.awt.EventQueue$4.run()Ljava/lang/Void;+32 java.desktop@15.0.2
j  java.awt.EventQueue$4.run()Ljava/lang/Object;+1 java.desktop@15.0.2
J 1330 c1 java.security.AccessController.doPrivileged(Ljava/security/PrivilegedAction;Ljava/security/AccessControlContext;)Ljava/lang/Object; java.base@15.0.2 (17 bytes) @ 0x000001ed952ca0e4 [0x000001ed952c9f00+0x00000000000001e4]
j  java.security.ProtectionDomain$JavaSecurityAccessImpl.doIntersectionPrivilege(Ljava/security/PrivilegedAction;Ljava/security/AccessControlContext;Ljava/security/AccessControlContext;)Ljava/lang/Object;+18 java.base@15.0.2
j  java.awt.EventQueue.dispatchEvent(Ljava/awt/AWTEvent;)V+46 java.desktop@15.0.2
j  java.awt.EventDispatchThread.pumpOneEventForFilters(I)V+78 java.desktop@15.0.2
j  java.awt.EventDispatchThread.pumpEventsForFilter(ILjava/awt/Conditional;Ljava/awt/EventFilter;)V+35 java.desktop@15.0.2
j  java.awt.EventDispatchThread.pumpEventsForHierarchy(ILjava/awt/Conditional;Ljava/awt/Component;)V+11 java.desktop@15.0.2
j  java.awt.EventDispatchThread.pumpEvents(ILjava/awt/Conditional;)V+4 java.desktop@15.0.2
j  java.awt.EventDispatchThread.pumpEvents(Ljava/awt/Conditional;)V+3 java.desktop@15.0.2
j  java.awt.EventDispatchThread.run()V+9 java.desktop@15.0.2
v  ~StubRoutines::call_stub

siginfo: EXCEPTION_ACCESS_VIOLATION (0xc0000005), reading address 0x0000000000000000


Register to memory mapping:

RIP=0x000001edc45bfd80 points into unknown readable memory: 0x893889046e8b3e8b | 8b 3e 8b 6e 04 89 38 89
RAX=0x000001edce2b64a0 points into unknown readable memory: 0x0000000000000000 | 00 00 00 00 00 00 00 00
RBX=0x000001edc79d0000 points into unknown readable memory: 0x000001edc2f33f40 | 40 3f f3 c2 ed 01 00 00
RCX=0x0 is NULL
RDX=0x0000000000000006 is an unknown value
RSP=0x0000007241ffe0b0 is pointing into the stack for thread: 0x000001edbb0e41d0
RBP=0x0000000000000006 is an unknown value
RSI=0x0 is NULL
RDI=0x0 is NULL
R8 =0x0 is NULL
R9 =0x0000000000000006 is an unknown value
R10=0x000000000bab64a0 is an unknown value
R11=0x0000007241ffc510 is pointing into the stack for thread: 0x000001edbb0e41d0
R12=0x0 is NULL
R13=0x000001edce2b64a0 points into unknown readable memory: 0x0000000000000000 | 00 00 00 00 00 00 00 00
R14=0x000001edc4e40360 points into unknown readable memory: 0x0000000000000400 | 00 04 00 00 00 00 00 00
R15=0x0000000000000004 is an unknown value


Registers:
RAX=0x000001edce2b64a0, RBX=0x000001edc79d0000, RCX=0x0000000000000000, RDX=0x0000000000000006
RSP=0x0000007241ffe0b0, RBP=0x0000000000000006, RSI=0x0000000000000000, RDI=0x0000000000000000
R8 =0x0000000000000000, R9 =0x0000000000000006, R10=0x000000000bab64a0, R11=0x0000007241ffc510
R12=0x0000000000000000, R13=0x000001edce2b64a0, R14=0x000001edc4e40360, R15=0x0000000000000004
RIP=0x000001edc45bfd80, EFLAGS=0x0000000000010202

Top of Stack: (sp=0x0000007241ffe0b0)
0x0000007241ffe0b0:   0000000000000000 000001edc79d0000
0x0000007241ffe0c0:   0000000000000000 000001edc7a1c198
0x0000007241ffe0d0:   0000000000000006 00007ffc489cff75
0x0000007241ffe0e0:   0000000000000006 000001edc7a1c198
0x0000007241ffe0f0:   0000000000000078 0000000000000000
0x0000007241ffe100:   000001edc4ea4db0 0000000000000000
0x0000007241ffe110:   0000000000000000 000001edc79d0000
0x0000007241ffe120:   000001edc5776e98 0000000000000004
0x0000007241ffe130:   0000000000000000 0000000000000004
0x0000007241ffe140:   0000000000000004 000001edc4e40360
0x0000007241ffe150:   0000000000000006 00007ffc489cbd13
0x0000007241ffe160:   000001ed00000000 000001edc5776e98
0x0000007241ffe170:   000001edc79d0000 0000000000000000
0x0000007241ffe180:   0000000000000083 00c0000000000000
0x0000007241ffe190:   0000000000000006 000001edc4e40360
0x0000007241ffe1a0:   0000000000000000 00007ffc489cbf80 

Instructions: (pc=0x000001edc45bfd80)
0x000001edc45bfc80:   00 00 00 00 00 00 00 00 00 00 00 00 00 00 00 00
0x000001edc45bfc90:   00 00 00 00 00 00 00 00 00 00 00 00 00 00 00 00
0x000001edc45bfca0:   00 00 00 00 00 00 00 00 00 00 00 00 00 00 00 00
0x000001edc45bfcb0:   00 00 00 00 00 00 00 00 00 00 00 00 00 00 00 00
0x000001edc45bfcc0:   00 00 00 00 00 00 00 00 00 00 00 00 00 00 00 00
0x000001edc45bfcd0:   00 00 00 00 00 00 00 00 00 00 00 00 00 00 00 00
0x000001edc45bfce0:   00 00 00 00 00 00 00 00 00 00 00 00 00 00 00 00
0x000001edc45bfcf0:   00 00 00 00 00 00 00 00 00 00 00 00 00 00 00 00
0x000001edc45bfd00:   00 00 00 00 00 00 00 00 00 00 00 00 00 00 00 00
0x000001edc45bfd10:   00 00 00 00 00 00 00 00 00 00 00 00 00 00 00 00
0x000001edc45bfd20:   00 00 00 00 00 00 00 00 00 00 00 00 00 00 00 00
0x000001edc45bfd30:   00 00 00 00 00 00 00 00 40 ff ff ff 00 fd 00 00
0x000001edc45bfd40:   48 83 ec 28 48 89 6c 24 20 48 89 5c 24 18 48 89
0x000001edc45bfd50:   74 24 10 48 89 7c 24 08 48 8b d9 48 8b c2 49 8b
0x000001edc45bfd60:   c8 49 8b d1 48 be d8 8d a2 c7 ed 01 00 00 48 8b
0x000001edc45bfd70:   36 48 8b b6 08 03 00 00 48 8d 3c 49 48 8d 34 be
0x000001edc45bfd80:   8b 3e 8b 6e 04 89 38 89 68 04 8b 7e 08 89 78 08
0x000001edc45bfd90:   48 be d8 8d a2 c7 ed 01 00 00 48 8b 36 48 8b b6
0x000001edc45bfda0:   38 03 00 00 48 8d 34 ce 8b 3e 8b 6e 04 89 78 0c
0x000001edc45bfdb0:   89 68 10 48 83 c0 14 ff c1 ff ca 75 a7 48 8b 7c
0x000001edc45bfdc0:   24 08 48 8b 74 24 10 48 8b 5c 24 18 48 8b 6c 24
0x000001edc45bfdd0:   20 48 83 c4 28 c3 00 00 00 00 00 00 00 00 00 00
0x000001edc45bfde0:   00 00 00 00 00 00 00 00 00 00 00 00 00 00 00 00
0x000001edc45bfdf0:   00 00 00 00 00 00 00 00 80 ff ff ff c0 00 00 00
0x000001edc45bfe00:   55 48 8b ec 53 56 57 4c 8b da 4c 8b d1 49 8b f2
0x000001edc45bfe10:   49 8b fb 41 8b e8 85 ed 0f 84 30 00 00 00 b9 03
0x000001edc45bfe20:   00 00 00 0f 8f 05 00 00 00 48 f7 d9 f7 dd 0f b6
0x000001edc45bfe30:   5e 02 c1 e3 10 0f b7 16 0b da 48 03 f1 48 83 c7
0x000001edc45bfe40:   04 81 e3 ff ff ff 00 ff cd 89 5f fc 75 e0 5f 5e
0x000001edc45bfe50:   5b 5d c3 00 00 00 00 00 00 00 00 00 00 00 00 00
0x000001edc45bfe60:   00 00 00 00 00 00 00 00 00 00 00 00 00 00 00 00
0x000001edc45bfe70:   00 00 00 00 00 00 00 00 c0 ff ff ff 80 00 00 00 


Stack slot to memory mapping:
stack at sp + 0 slots: 0x0 is NULL
stack at sp + 1 slots: 0x000001edc79d0000 points into unknown readable memory: 0x000001edc2f33f40 | 40 3f f3 c2 ed 01 00 00
stack at sp + 2 slots: 0x0 is NULL
stack at sp + 3 slots: 0x000001edc7a1c198 points into unknown readable memory: 0x000001edc4e40360 | 60 03 e4 c4 ed 01 00 00
stack at sp + 4 slots: 0x0000000000000006 is an unknown value
stack at sp + 5 slots: 0x00007ffc489cff75 nvoglv64.dll
stack at sp + 6 slots: 0x0000000000000006 is an unknown value
stack at sp + 7 slots: 0x000001edc7a1c198 points into unknown readable memory: 0x000001edc4e40360 | 60 03 e4 c4 ed 01 00 00


---------------  P R O C E S S  ---------------

Threads class SMR info:
_java_thread_list=0x000001edc3613110, length=25, elements={
0x000001edba177510, 0x000001edba1780f0, 0x000001edba18ff50, 0x000001edba193e20,
0x000001edba1948d0, 0x000001edba197770, 0x000001edba19b810, 0x000001edbaa62750,
0x000001edbab4f160, 0x000001edbab63160, 0x000001edbab91c20, 0x000001edbb0bd360,
0x000001edbb0bea50, 0x000001edbb0bf940, 0x000001edbb0e41d0, 0x000001ed8c6deb40,
0x000001edbb537e90, 0x000001edbb5349a0, 0x000001edbb537020, 0x000001edbb538360,
0x000001edbb535810, 0x000001edc3628910, 0x000001edc34bb840, 0x000001edbb5379c0,
0x000001edbb535ce0
}

Java Threads: ( => current thread )
  0x000001edba177510 JavaThread "Reference Handler" daemon [_thread_blocked, id=19296, stack(0x0000007240d00000,0x0000007240e00000)]
  0x000001edba1780f0 JavaThread "Finalizer" daemon [_thread_blocked, id=17824, stack(0x0000007240e00000,0x0000007240f00000)]
  0x000001edba18ff50 JavaThread "Signal Dispatcher" daemon [_thread_blocked, id=16232, stack(0x0000007240f00000,0x0000007241000000)]
  0x000001edba193e20 JavaThread "Attach Listener" daemon [_thread_blocked, id=23888, stack(0x0000007241000000,0x0000007241100000)]
  0x000001edba1948d0 JavaThread "Service Thread" daemon [_thread_blocked, id=616, stack(0x0000007241100000,0x0000007241200000)]
  0x000001edba197770 JavaThread "C2 CompilerThread0" daemon [_thread_blocked, id=12692, stack(0x0000007241200000,0x0000007241300000)]
  0x000001edba19b810 JavaThread "C1 CompilerThread0" daemon [_thread_blocked, id=13392, stack(0x0000007241300000,0x0000007241400000)]
  0x000001edbaa62750 JavaThread "Sweeper thread" daemon [_thread_blocked, id=16180, stack(0x0000007241400000,0x0000007241500000)]
  0x000001edbab4f160 JavaThread "C1 CompilerThread1" daemon [_thread_blocked, id=4324, stack(0x0000007241500000,0x0000007241600000)]
  0x000001edbab63160 JavaThread "Notification Thread" daemon [_thread_blocked, id=16248, stack(0x0000007241600000,0x0000007241700000)]
  0x000001edbab91c20 JavaThread "Common-Cleaner" daemon [_thread_blocked, id=9856, stack(0x0000007241800000,0x0000007241900000)]
  0x000001edbb0bd360 JavaThread "Java2D Disposer" daemon [_thread_blocked, id=26588, stack(0x0000007241c00000,0x0000007241d00000)]
  0x000001edbb0bea50 JavaThread "AWT-Shutdown" [_thread_blocked, id=2384, stack(0x0000007241d00000,0x0000007241e00000)]
  0x000001edbb0bf940 JavaThread "AWT-Windows" daemon [_thread_in_native, id=18480, stack(0x0000007241e00000,0x0000007241f00000)]
=>0x000001edbb0e41d0 JavaThread "AWT-EventQueue-0" [_thread_in_native, id=25896, stack(0x0000007241f00000,0x0000007242000000)]
  0x000001ed8c6deb40 JavaThread "DestroyJavaVM" [_thread_blocked, id=25072, stack(0x0000007240600000,0x0000007240700000)]
  0x000001edbb537e90 JavaThread "AWT-EventQueue-0-SharedResourceRunner" daemon [_thread_blocked, id=2292, stack(0x0000007241900000,0x0000007241a00000)]
  0x000001edbb5349a0 JavaThread "AWT-EventQueue-0-AWTAnimator#00" [_thread_blocked, id=14348, stack(0x0000007243000000,0x0000007243100000)]
  0x000001edbb537020 JavaThread "AWT-EventQueue-0-AWTAnimator#01" [_thread_blocked, id=5476, stack(0x0000007243100000,0x0000007243200000)]
  0x000001edbb538360 JavaThread "AWT-EventQueue-0-AWTAnimator#02" [_thread_blocked, id=14416, stack(0x0000007243200000,0x0000007243300000)]
  0x000001edbb535810 JavaThread "Image Fetcher 0" daemon [_thread_blocked, id=15928, stack(0x0000007243500000,0x0000007243600000)]
  0x000001edc3628910 JavaThread "C1 CompilerThread2" daemon [_thread_blocked, id=14256, stack(0x0000007243600000,0x0000007243700000)]
  0x000001edc34bb840 JavaThread "C1 CompilerThread3" daemon [_thread_blocked, id=11812, stack(0x0000007243700000,0x0000007243800000)]
  0x000001edbb5379c0 JavaThread "TimerQueue" daemon [_thread_blocked, id=8692, stack(0x0000007243800000,0x0000007243900000)]
  0x000001edbb535ce0 JavaThread "D3D Screen Updater" daemon [_thread_blocked, id=2636, stack(0x0000007243b00000,0x0000007243c00000)]

Other Threads:
  0x000001edba175c90 VMThread "VM Thread" [stack: 0x0000007240c00000,0x0000007240d00000] [id=7060]
  0x000001edbab6d630 WatcherThread [stack: 0x0000007241700000,0x0000007241800000] [id=25968]
  0x000001ed8c755640 GCTaskThread "GC Thread#0" [stack: 0x0000007240700000,0x0000007240800000] [id=11180]
  0x000001edbb3844c0 GCTaskThread "GC Thread#1" [stack: 0x0000007242500000,0x0000007242600000] [id=26180]
  0x000001edbb3821b0 GCTaskThread "GC Thread#2" [stack: 0x0000007242600000,0x0000007242700000] [id=25200]
  0x000001edbb384b20 GCTaskThread "GC Thread#3" [stack: 0x0000007242700000,0x0000007242800000] [id=11348]
  0x000001edbb3811c0 GCTaskThread "GC Thread#4" [stack: 0x0000007242800000,0x0000007242900000] [id=26976]
  0x000001edc32eae80 GCTaskThread "GC Thread#5" [stack: 0x0000007242900000,0x0000007242a00000] [id=14104]
  0x000001edc32ed4c0 GCTaskThread "GC Thread#6" [stack: 0x0000007242a00000,0x0000007242b00000] [id=24208]
  0x000001edc32ed7f0 GCTaskThread "GC Thread#7" [stack: 0x0000007242b00000,0x0000007242c00000] [id=25352]
  0x000001edc32eb810 GCTaskThread "GC Thread#8" [stack: 0x0000007242c00000,0x0000007242d00000] [id=6480]
  0x000001edc32ec1a0 GCTaskThread "GC Thread#9" [stack: 0x0000007242d00000,0x0000007242e00000] [id=7908]
  0x000001edc32eb1b0 GCTaskThread "GC Thread#10" [stack: 0x0000007242e00000,0x0000007242f00000] [id=8440]
  0x000001edc32ee4b0 GCTaskThread "GC Thread#11" [stack: 0x0000007242f00000,0x0000007243000000] [id=14212]
  0x000001ed8c766710 ConcurrentGCThread "G1 Main Marker" [stack: 0x0000007240800000,0x0000007240900000] [id=18712]
  0x000001ed8c767300 ConcurrentGCThread "G1 Conc#0" [stack: 0x0000007240900000,0x0000007240a00000] [id=7688]
  0x000001edc32ee180 ConcurrentGCThread "G1 Conc#1" [stack: 0x0000007243900000,0x0000007243a00000] [id=1828]
  0x000001edc32eb4e0 ConcurrentGCThread "G1 Conc#2" [stack: 0x0000007243a00000,0x0000007243b00000] [id=27460]
  0x000001edba06b730 ConcurrentGCThread "G1 Refine#0" [stack: 0x0000007240a00000,0x0000007240b00000] [id=10832]
  0x000001edba06c330 ConcurrentGCThread "G1 Young RemSet Sampling" [stack: 0x0000007240b00000,0x0000007240c00000] [id=19700]

Threads with active compile tasks:

VM state: not at safepoint (normal execution)

VM Mutex/Monitor currently owned by a thread: None

Heap address: 0x0000000601000000, size: 8176 MB, Compressed Oops mode: Zero based, Oop shift amount: 3
CDS archive(s) mapped at: [0x0000000800000000-0x0000000800b50000-0x0000000800b50000), size 11862016, SharedBaseAddress: 0x0000000800000000, ArchiveRelocationMode: 0.
Compressed class space mapped at: 0x0000000800b50000-0x0000000840b50000, size: 1073741824
Narrow klass base: 0x0000000800000000, Narrow klass shift: 3, Narrow klass range: 0x100000000

GC Precious Log:
 CPUs: 16 total, 16 available
 Memory: 32689M
 Large Page Support: Disabled
 NUMA Support: Disabled
 Compressed Oops: Enabled (Zero based)
 Heap Region Size: 4M
 Heap Min Capacity: 8M
 Heap Initial Capacity: 512M
 Heap Max Capacity: 8176M
 Pre-touch: Disabled
 Parallel Workers: 13
 Concurrent Workers: 3
 Concurrent Refinement Workers: 13
 Periodic GC: Disabled

Heap:
 garbage-first heap   total 163840K, used 71121K [0x0000000601000000, 0x0000000800000000)
  region size 4096K, 4 young (16384K), 1 survivors (4096K)
 Metaspace       used 25772K, capacity 26051K, committed 26368K, reserved 1073152K
  class space    used 2910K, capacity 2964K, committed 3072K, reserved 1048576K

Heap Regions: E=young(eden), S=young(survivor), O=old, HS=humongous(starts), HC=humongous(continues), CS=collection set, F=free, OA=open archive, CA=closed archive, TAMS=top-at-mark-start (previous, next)
|   0|0x0000000601000000, 0x000000060133fa00, 0x0000000601400000| 81%| O|  |TAMS 0x000000060133fa00, 0x0000000601000000| Untracked 
|   1|0x0000000601400000, 0x0000000601800000, 0x0000000601800000|100%| O|  |TAMS 0x0000000601800000, 0x0000000601400000| Untracked 
|   2|0x0000000601800000, 0x0000000601800000, 0x0000000601c00000|  0%| F|  |TAMS 0x0000000601800000, 0x0000000601800000| Untracked 
|   3|0x0000000601c00000, 0x0000000602000000, 0x0000000602000000|100%| O|  |TAMS 0x0000000601c00000, 0x0000000601c00000| Untracked 
|   4|0x0000000602000000, 0x0000000602000000, 0x0000000602400000|  0%| F|  |TAMS 0x0000000602000000, 0x0000000602000000| Untracked 
|   5|0x0000000602400000, 0x0000000602800000, 0x0000000602800000|100%| O|  |TAMS 0x0000000602400000, 0x0000000602400000| Untracked 
|   6|0x0000000602800000, 0x0000000602c00000, 0x0000000602c00000|100%| O|  |TAMS 0x0000000602800000, 0x0000000602800000| Untracked 
|   7|0x0000000602c00000, 0x0000000602f68800, 0x0000000603000000| 85%| O|  |TAMS 0x0000000602c00000, 0x0000000602c00000| Untracked 
|   8|0x0000000603000000, 0x0000000603400000, 0x0000000603400000|100%| O|  |TAMS 0x00000006030db600, 0x0000000603000000| Untracked 
|   9|0x0000000603400000, 0x0000000603800000, 0x0000000603800000|100%| O|  |TAMS 0x0000000603400000, 0x0000000603400000| Untracked 
|  10|0x0000000603800000, 0x0000000603c00000, 0x0000000603c00000|100%| O|  |TAMS 0x0000000603800000, 0x0000000603800000| Untracked 
|  11|0x0000000603c00000, 0x0000000604000000, 0x0000000604000000|100%| O|  |TAMS 0x0000000603c00000, 0x0000000603c00000| Untracked 
|  12|0x0000000604000000, 0x0000000604400000, 0x0000000604400000|100%| O|  |TAMS 0x0000000604000000, 0x0000000604000000| Untracked 
|  13|0x0000000604400000, 0x0000000604800000, 0x0000000604800000|100%| O|  |TAMS 0x0000000604400000, 0x0000000604400000| Untracked 
|  14|0x0000000604800000, 0x0000000604c00000, 0x0000000604c00000|100%| O|  |TAMS 0x0000000604800000, 0x0000000604800000| Untracked 
|  15|0x0000000604c00000, 0x0000000605000000, 0x0000000605000000|100%| O|  |TAMS 0x0000000604c00000, 0x0000000604c00000| Untracked 
|  16|0x0000000605000000, 0x0000000605000000, 0x0000000605400000|  0%| F|  |TAMS 0x0000000605000000, 0x0000000605000000| Untracked 
|  17|0x0000000605400000, 0x0000000605400000, 0x0000000605800000|  0%| F|  |TAMS 0x0000000605400000, 0x0000000605400000| Untracked 
|  18|0x0000000605800000, 0x0000000605800000, 0x0000000605c00000|  0%| F|  |TAMS 0x0000000605800000, 0x0000000605800000| Untracked 
|  19|0x0000000605c00000, 0x0000000605ecc200, 0x0000000606000000| 69%| O|  |TAMS 0x0000000605c00000, 0x0000000605c00000| Untracked 
|  20|0x0000000606000000, 0x0000000606000000, 0x0000000606400000|  0%| F|  |TAMS 0x0000000606000000, 0x0000000606000000| Untracked 
|  21|0x0000000606400000, 0x0000000606400000, 0x0000000606800000|  0%| F|  |TAMS 0x0000000606400000, 0x0000000606400000| Untracked 
|  22|0x0000000606800000, 0x0000000606800000, 0x0000000606c00000|  0%| F|  |TAMS 0x0000000606800000, 0x0000000606800000| Untracked 
|  23|0x0000000606c00000, 0x0000000606c00000, 0x0000000607000000|  0%| F|  |TAMS 0x0000000606c00000, 0x0000000606c00000| Untracked 
|  24|0x0000000607000000, 0x0000000607000000, 0x0000000607400000|  0%| F|  |TAMS 0x0000000607000000, 0x0000000607000000| Untracked 
|  25|0x0000000607400000, 0x0000000607400000, 0x0000000607800000|  0%| F|  |TAMS 0x0000000607400000, 0x0000000607400000| Untracked 
|  26|0x0000000607800000, 0x0000000607800000, 0x0000000607c00000|  0%| F|  |TAMS 0x0000000607800000, 0x0000000607800000| Untracked 
|  27|0x0000000607c00000, 0x0000000607c00000, 0x0000000608000000|  0%| F|  |TAMS 0x0000000607c00000, 0x0000000607c00000| Untracked 
|  28|0x0000000608000000, 0x0000000608000000, 0x0000000608400000|  0%| F|  |TAMS 0x0000000608000000, 0x0000000608000000| Untracked 
|  29|0x0000000608400000, 0x0000000608400000, 0x0000000608800000|  0%| F|  |TAMS 0x0000000608400000, 0x0000000608400000| Untracked 
|  30|0x0000000608800000, 0x0000000608800000, 0x0000000608c00000|  0%| F|  |TAMS 0x0000000608800000, 0x0000000608800000| Untracked 
|  31|0x0000000608c00000, 0x0000000608c00000, 0x0000000609000000|  0%| F|  |TAMS 0x0000000608c00000, 0x0000000608c00000| Untracked 
|  32|0x0000000609000000, 0x0000000609000000, 0x0000000609400000|  0%| F|  |TAMS 0x0000000609000000, 0x0000000609000000| Untracked 
|  33|0x0000000609400000, 0x0000000609400000, 0x0000000609800000|  0%| F|  |TAMS 0x0000000609400000, 0x0000000609400000| Untracked 
|  34|0x0000000609800000, 0x0000000609800000, 0x0000000609c00000|  0%| F|  |TAMS 0x0000000609800000, 0x0000000609800000| Untracked 
|  69|0x0000000612400000, 0x0000000612400000, 0x0000000612800000|  0%| F|  |TAMS 0x0000000612400000, 0x0000000612400000| Untracked 
| 125|0x0000000620400000, 0x0000000620800000, 0x0000000620800000|100%| S|CS|TAMS 0x0000000620400000, 0x0000000620400000| Complete 
| 127|0x0000000620c00000, 0x0000000620e22a00, 0x0000000621000000| 53%| E|  |TAMS 0x0000000620c00000, 0x0000000620c00000| Complete 
|2042|0x00000007ff800000, 0x00000007ffc00000, 0x00000007ffc00000|100%| E|CS|TAMS 0x00000007ff800000, 0x00000007ff800000| Complete 
|2043|0x00000007ffc00000, 0x0000000800000000, 0x0000000800000000|100%| E|CS|TAMS 0x00000007ffc00000, 0x00000007ffc00000| Complete 

Card table byte_map: [0x000001eda51a0000,0x000001eda61a0000] _byte_map_base: 0x000001eda2198000

Marking Bits (Prev, Next): (CMBitMap*) 0x000001ed8c755e70, (CMBitMap*) 0x000001ed8c755e30
 Prev Bits: [0x000001edaf160000, 0x000001edb7120000)
 Next Bits: [0x000001eda71a0000, 0x000001edaf160000)

Polling page: 0x000001ed8a510000

Metaspace:

Usage:
  Non-class:     22.55 MB capacity,    22.33 MB (>99%) used,   194.49 KB ( <1%) free+waste,    30.25 KB ( <1%) overhead. 
      Class:      2.89 MB capacity,     2.84 MB ( 98%) used,    42.80 KB (  1%) free+waste,    10.69 KB ( <1%) overhead. 
       Both:     25.44 MB capacity,    25.17 MB ( 99%) used,   237.30 KB ( <1%) free+waste,    40.94 KB ( <1%) overhead. 

Virtual space:
  Non-class space:       24.00 MB reserved,      22.75 MB ( 95%) committed 
      Class space:        1.00 GB reserved,       3.00 MB ( <1%) committed 
             Both:        1.02 GB reserved,      25.75 MB (  2%) committed 

Chunk freelists:
   Non-Class:  81.00 KB
       Class:  12.00 KB
        Both:  93.00 KB

MaxMetaspaceSize: 17179869184.00 GB
CompressedClassSpaceSize: 1.00 GB

CodeHeap 'non-profiled nmethods': size=119168Kb used=953Kb max_used=953Kb free=118214Kb
 bounds [0x000001ed9c4b0000, 0x000001ed9c720000, 0x000001eda3910000]
CodeHeap 'profiled nmethods': size=119104Kb used=4245Kb max_used=4245Kb free=114858Kb
 bounds [0x000001ed95060000, 0x000001ed95490000, 0x000001ed9c4b0000]
CodeHeap 'non-nmethods': size=7488Kb used=3346Kb max_used=3363Kb free=4141Kb
 bounds [0x000001ed94910000, 0x000001ed94c60000, 0x000001ed95060000]
 total_blobs=3257 nmethods=2201 adapters=965
 compilation: enabled
              stopped_count=0, restarted_count=0
 full_count=0

Compilation events (20 events):
Event: 3.253 Thread 0x000001edba19b810 nmethod 2190 0x000001ed9547a310 code [0x000001ed9547a520, 0x000001ed9547afd8]
Event: 3.253 Thread 0x000001edc3628910 nmethod 2188 0x000001ed9547b290 code [0x000001ed9547b460, 0x000001ed9547b8d8]
Event: 3.254 Thread 0x000001edc34bb840 nmethod 2185 0x000001ed9547ba90 code [0x000001ed9547be60, 0x000001ed9547db68]
Event: 3.254 Thread 0x000001edbab4f160 nmethod 2189 0x000001ed9547e710 code [0x000001ed9547ea00, 0x000001ed9547f998]
Event: 3.282 Thread 0x000001edba197770 2191       4       jogamp.opengl.util.jpeg.JPEGDecoder$Output::buildComponentData (213 bytes)
Event: 3.294 Thread 0x000001edba197770 nmethod 2191 0x000001ed9c59c890 code [0x000001ed9c59ca80, 0x000001ed9c59d718]
Event: 3.360 Thread 0x000001edc34bb840 2192       3       java.lang.invoke.MethodHandles$Lookup$ClassFile::<init> (20 bytes)
Event: 3.360 Thread 0x000001edba19b810 2194       3       java.lang.invoke.MethodHandles$Lookup$ClassOption::optionsToFlag (40 bytes)
Event: 3.360 Thread 0x000001edbab4f160 2193       3       java.lang.invoke.MethodHandles$Lookup::makeHiddenClassDefiner (42 bytes)
Event: 3.360 Thread 0x000001edc3628910 2195       3       java.lang.invoke.MethodHandles$Lookup$ClassDefiner::<init> (58 bytes)
Event: 3.360 Thread 0x000001edc34bb840 nmethod 2192 0x000001ed9547ff90 code [0x000001ed95480140, 0x000001ed95480378]
Event: 3.360 Thread 0x000001edc3628910 nmethod 2195 0x000001ed95480410 code [0x000001ed954805c0, 0x000001ed95480878]
Event: 3.360 Thread 0x000001edba19b810 nmethod 2194 0x000001ed95480990 code [0x000001ed95480b60, 0x000001ed95481068]
Event: 3.360 Thread 0x000001edba19b810 2197       3       java.lang.System$2::defineClass (21 bytes)
Event: 3.360 Thread 0x000001edc34bb840 2196       3       java.lang.invoke.MethodHandles$Lookup$ClassDefiner::defineClass (97 bytes)
Event: 3.360 Thread 0x000001edc3628910 2199       1       java.lang.invoke.MethodHandle::internalForm (5 bytes)
Event: 3.360 Thread 0x000001edc3628910 nmethod 2199 0x000001ed9c59e490 code [0x000001ed9c59e620, 0x000001ed9c59e6d8]
Event: 3.360 Thread 0x000001edba19b810 nmethod 2197 0x000001ed95481210 code [0x000001ed954813c0, 0x000001ed95481528]
Event: 3.360 Thread 0x000001edbab4f160 nmethod 2193 0x000001ed95481610 code [0x000001ed954818c0, 0x000001ed954827d8]
Event: 3.360 Thread 0x000001edc34bb840 nmethod 2196 0x000001ed95482d10 code [0x000001ed95482fc0, 0x000001ed95483e78]

GC Heap History (20 events):
Event: 1.862 GC heap before
{Heap before GC invocations=5 (full 0):
 garbage-first heap   total 45056K, used 22033K [0x0000000601000000, 0x0000000800000000)
  region size 4096K, 2 young (8192K), 1 survivors (4096K)
 Metaspace       used 23805K, capacity 24096K, committed 24192K, reserved 1071104K
  class space    used 2828K, capacity 2931K, committed 2944K, reserved 1048576K
}
Event: 1.863 GC heap after
{Heap after GC invocations=6 (full 0):
 garbage-first heap   total 45056K, used 22866K [0x0000000601000000, 0x0000000800000000)
  region size 4096K, 1 young (4096K), 1 survivors (4096K)
 Metaspace       used 23805K, capacity 24096K, committed 24192K, reserved 1071104K
  class space    used 2828K, capacity 2931K, committed 2944K, reserved 1048576K
}
Event: 1.864 GC heap before
{Heap before GC invocations=6 (full 0):
 garbage-first heap   total 45056K, used 26962K [0x0000000601000000, 0x0000000800000000)
  region size 4096K, 2 young (8192K), 1 survivors (4096K)
 Metaspace       used 23805K, capacity 24096K, committed 24192K, reserved 1071104K
  class space    used 2828K, capacity 2931K, committed 2944K, reserved 1048576K
}
Event: 1.865 GC heap after
{Heap after GC invocations=7 (full 0):
 garbage-first heap   total 45056K, used 27474K [0x0000000601000000, 0x0000000800000000)
  region size 4096K, 1 young (4096K), 1 survivors (4096K)
 Metaspace       used 23805K, capacity 24096K, committed 24192K, reserved 1071104K
  class space    used 2828K, capacity 2931K, committed 2944K, reserved 1048576K
}
Event: 1.866 GC heap before
{Heap before GC invocations=7 (full 0):
 garbage-first heap   total 45056K, used 31570K [0x0000000601000000, 0x0000000800000000)
  region size 4096K, 2 young (8192K), 1 survivors (4096K)
 Metaspace       used 23805K, capacity 24096K, committed 24192K, reserved 1071104K
  class space    used 2828K, capacity 2931K, committed 2944K, reserved 1048576K
}
Event: 1.867 GC heap after
{Heap after GC invocations=8 (full 0):
 garbage-first heap   total 45056K, used 31985K [0x0000000601000000, 0x0000000800000000)
  region size 4096K, 1 young (4096K), 1 survivors (4096K)
 Metaspace       used 23805K, capacity 24096K, committed 24192K, reserved 1071104K
  class space    used 2828K, capacity 2931K, committed 2944K, reserved 1048576K
}
Event: 1.868 GC heap before
{Heap before GC invocations=8 (full 0):
 garbage-first heap   total 45056K, used 36081K [0x0000000601000000, 0x0000000800000000)
  region size 4096K, 2 young (8192K), 1 survivors (4096K)
 Metaspace       used 23805K, capacity 24096K, committed 24192K, reserved 1071104K
  class space    used 2828K, capacity 2931K, committed 2944K, reserved 1048576K
}
Event: 1.870 GC heap after
{Heap after GC invocations=9 (full 0):
 garbage-first heap   total 49152K, used 36505K [0x0000000601000000, 0x0000000800000000)
  region size 4096K, 1 young (4096K), 1 survivors (4096K)
 Metaspace       used 23805K, capacity 24096K, committed 24192K, reserved 1071104K
  class space    used 2828K, capacity 2931K, committed 2944K, reserved 1048576K
}
Event: 2.171 GC heap before
{Heap before GC invocations=10 (full 0):
 garbage-first heap   total 77824K, used 40601K [0x0000000601000000, 0x0000000800000000)
  region size 4096K, 2 young (8192K), 1 survivors (4096K)
 Metaspace       used 23837K, capacity 24160K, committed 24448K, reserved 1071104K
  class space    used 2829K, capacity 2931K, committed 2944K, reserved 1048576K
}
Event: 2.172 GC heap after
{Heap after GC invocations=11 (full 0):
 garbage-first heap   total 77824K, used 41068K [0x0000000601000000, 0x0000000800000000)
  region size 4096K, 1 young (4096K), 1 survivors (4096K)
 Metaspace       used 23837K, capacity 24160K, committed 24448K, reserved 1071104K
  class space    used 2829K, capacity 2931K, committed 2944K, reserved 1048576K
}
Event: 2.289 GC heap before
{Heap before GC invocations=11 (full 0):
 garbage-first heap   total 77824K, used 45164K [0x0000000601000000, 0x0000000800000000)
  region size 4096K, 2 young (8192K), 1 survivors (4096K)
 Metaspace       used 23922K, capacity 24224K, committed 24448K, reserved 1071104K
  class space    used 2835K, capacity 2931K, committed 2944K, reserved 1048576K
}
Event: 2.290 GC heap after
{Heap after GC invocations=12 (full 0):
 garbage-first heap   total 77824K, used 39531K [0x0000000601000000, 0x0000000800000000)
  region size 4096K, 1 young (4096K), 1 survivors (4096K)
 Metaspace       used 23922K, capacity 24224K, committed 24448K, reserved 1071104K
  class space    used 2835K, capacity 2931K, committed 2944K, reserved 1048576K
}
Event: 2.290 GC heap before
{Heap before GC invocations=12 (full 0):
 garbage-first heap   total 77824K, used 43627K [0x0000000601000000, 0x0000000800000000)
  region size 4096K, 2 young (8192K), 1 survivors (4096K)
 Metaspace       used 23922K, capacity 24224K, committed 24448K, reserved 1071104K
  class space    used 2835K, capacity 2931K, committed 2944K, reserved 1048576K
}
Event: 2.292 GC heap after
{Heap after GC invocations=13 (full 0):
 garbage-first heap   total 77824K, used 43379K [0x0000000601000000, 0x0000000800000000)
  region size 4096K, 1 young (4096K), 1 survivors (4096K)
 Metaspace       used 23922K, capacity 24224K, committed 24448K, reserved 1071104K
  class space    used 2835K, capacity 2931K, committed 2944K, reserved 1048576K
}
Event: 2.293 GC heap before
{Heap before GC invocations=13 (full 0):
 garbage-first heap   total 77824K, used 47475K [0x0000000601000000, 0x0000000800000000)
  region size 4096K, 2 young (8192K), 1 survivors (4096K)
 Metaspace       used 23922K, capacity 24224K, committed 24448K, reserved 1071104K
  class space    used 2835K, capacity 2931K, committed 2944K, reserved 1048576K
}
Event: 2.295 GC heap after
{Heap after GC invocations=14 (full 0):
 garbage-first heap   total 303104K, used 47776K [0x0000000601000000, 0x0000000800000000)
  region size 4096K, 1 young (4096K), 1 survivors (4096K)
 Metaspace       used 23922K, capacity 24224K, committed 24448K, reserved 1071104K
  class space    used 2835K, capacity 2931K, committed 2944K, reserved 1048576K
}
Event: 3.024 GC heap before
{Heap before GC invocations=15 (full 0):
 garbage-first heap   total 163840K, used 113312K [0x0000000601000000, 0x0000000800000000)
  region size 4096K, 20 young (81920K), 1 survivors (4096K)
 Metaspace       used 25716K, capacity 25923K, committed 26112K, reserved 1073152K
  class space    used 2909K, capacity 2964K, committed 3072K, reserved 1048576K
}
Event: 3.031 GC heap after
{Heap after GC invocations=16 (full 0):
 garbage-first heap   total 163840K, used 71587K [0x0000000601000000, 0x0000000800000000)
  region size 4096K, 3 young (12288K), 3 survivors (12288K)
 Metaspace       used 25716K, capacity 25923K, committed 26112K, reserved 1073152K
  class space    used 2909K, capacity 2964K, committed 3072K, reserved 1048576K
}
Event: 3.032 GC heap before
{Heap before GC invocations=16 (full 0):
 garbage-first heap   total 163840K, used 75683K [0x0000000601000000, 0x0000000800000000)
  region size 4096K, 4 young (16384K), 3 survivors (12288K)
 Metaspace       used 25716K, capacity 25923K, committed 26112K, reserved 1073152K
  class space    used 2909K, capacity 2964K, committed 3072K, reserved 1048576K
}
Event: 3.034 GC heap after
{Heap after GC invocations=17 (full 0):
 garbage-first heap   total 163840K, used 62929K [0x0000000601000000, 0x0000000800000000)
  region size 4096K, 1 young (4096K), 1 survivors (4096K)
 Metaspace       used 25716K, capacity 25923K, committed 26112K, reserved 1073152K
  class space    used 2909K, capacity 2964K, committed 3072K, reserved 1048576K
}

Deoptimization events (20 events):
Event: 2.972 Thread 0x000001edbb0e41d0 DEOPT PACKING pc=0x000001ed954525ea sp=0x0000007241ffded0
Event: 2.972 Thread 0x000001edbb0e41d0 DEOPT UNPACKING pc=0x000001ed9495e23f sp=0x0000007241ffd400 mode 0
Event: 3.043 Thread 0x000001edbb0e41d0 DEOPT PACKING pc=0x000001ed95407a63 sp=0x0000007241ffde70
Event: 3.043 Thread 0x000001edbb0e41d0 DEOPT UNPACKING pc=0x000001ed9495e23f sp=0x0000007241ffd3b8 mode 0
Event: 3.052 Thread 0x000001edbb0e41d0 DEOPT PACKING pc=0x000001ed9546acff sp=0x0000007241ffdd70
Event: 3.052 Thread 0x000001edbb0e41d0 DEOPT UNPACKING pc=0x000001ed9495e23f sp=0x0000007241ffd3b8 mode 0
Event: 3.061 Thread 0x000001edbb0e41d0 DEOPT PACKING pc=0x000001ed9544e797 sp=0x0000007241ffdd70
Event: 3.061 Thread 0x000001edbb0e41d0 DEOPT UNPACKING pc=0x000001ed9495e23f sp=0x0000007241ffd3b8 mode 0
Event: 3.070 Thread 0x000001edbb0e41d0 DEOPT PACKING pc=0x000001ed95449634 sp=0x0000007241ffddc0
Event: 3.070 Thread 0x000001edbb0e41d0 DEOPT UNPACKING pc=0x000001ed9495e23f sp=0x0000007241ffd3b8 mode 0
Event: 3.079 Thread 0x000001edbb0e41d0 DEOPT PACKING pc=0x000001ed9544e755 sp=0x0000007241ffdd70
Event: 3.079 Thread 0x000001edbb0e41d0 DEOPT UNPACKING pc=0x000001ed9495e23f sp=0x0000007241ffd3b8 mode 0
Event: 3.088 Thread 0x000001edbb0e41d0 DEOPT PACKING pc=0x000001ed9544e755 sp=0x0000007241ffdd70
Event: 3.088 Thread 0x000001edbb0e41d0 DEOPT UNPACKING pc=0x000001ed9495e23f sp=0x0000007241ffd3b8 mode 0
Event: 3.097 Thread 0x000001edbb0e41d0 DEOPT PACKING pc=0x000001ed9546acff sp=0x0000007241ffdd70
Event: 3.097 Thread 0x000001edbb0e41d0 DEOPT UNPACKING pc=0x000001ed9495e23f sp=0x0000007241ffd3b8 mode 0
Event: 3.106 Thread 0x000001edbb0e41d0 DEOPT PACKING pc=0x000001ed9544e755 sp=0x0000007241ffdd70
Event: 3.106 Thread 0x000001edbb0e41d0 DEOPT UNPACKING pc=0x000001ed9495e23f sp=0x0000007241ffd3b8 mode 0
Event: 3.282 Thread 0x000001edbb0e41d0 DEOPT PACKING pc=0x000001ed954525ea sp=0x0000007241ffded0
Event: 3.282 Thread 0x000001edbb0e41d0 DEOPT UNPACKING pc=0x000001ed9495e23f sp=0x0000007241ffd400 mode 0

Classes unloaded (0 events):
No events

Classes redefined (0 events):
No events

Internal exceptions (20 events):
Event: 0.138 Thread 0x000001edbb0e41d0 Exception <a 'java/lang/NoSuchMethodError'{0x0000000620a2e2e8}: 'java.lang.Object java.lang.invoke.DirectMethodHandle$Holder.newInvokeSpecial(java.lang.Object, java.lang.Object, java.lang.Object, java.lang.Object, java.lang.Object)'> (0x0000000620a2e2e8) 
thrown [./open/src/hotspot/share/interpreter/linkResolver.cpp, line 782]
Event: 0.139 Thread 0x000001edbb0e41d0 Exception <a 'java/lang/NoSuchMethodError'{0x0000000620a39d78}: 'java.lang.Object java.lang.invoke.DirectMethodHandle$Holder.invokeStatic(java.lang.Object, int, java.lang.Object, java.lang.Object, java.lang.Object, java.lang.Object)'> (0x0000000620a39d78) 
thrown [./open/src/hotspot/share/interpreter/linkResolver.cpp, line 782]
Event: 0.141 Thread 0x000001edbb0e41d0 Exception <a 'java/lang/NoSuchMethodError'{0x0000000620a60020}: 'java.lang.Object java.lang.invoke.DirectMethodHandle$Holder.invokeStatic(java.lang.Object, int, java.lang.Object)'> (0x0000000620a60020) 
thrown [./open/src/hotspot/share/interpreter/linkResolver.cpp, line 782]
Event: 0.157 Thread 0x000001edbb0e41d0 Exception <a 'java/lang/ClassNotFoundException'{0x0000000620b1aee8}: com/sun/swing/internal/plaf/metal/resources/spi/metalProvider> (0x0000000620b1aee8) 
thrown [./open/src/hotspot/share/classfile/systemDictionary.cpp, line 295]
Event: 0.157 Thread 0x000001edbb0e41d0 Exception <a 'java/lang/ClassNotFoundException'{0x0000000620b1f0f8}: com/sun/swing/internal/plaf/basic/resources/spi/basicProvider> (0x0000000620b1f0f8) 
thrown [./open/src/hotspot/share/classfile/systemDictionary.cpp, line 295]
Event: 0.180 Thread 0x000001edbb0e41d0 Implicit null exception at 0x000001ed9c4dbcf4 to 0x000001ed9c4dc2c4
Event: 0.228 Thread 0x000001edbb0e41d0 Exception <a 'java/lang/NoSuchMethodError'{0x0000000620643210}: 'void java.lang.invoke.DirectMethodHandle$Holder.invokeStatic(java.lang.Object, java.lang.Object)'> (0x0000000620643210) 
thrown [./open/src/hotspot/share/interpreter/linkResolver.cpp, line 782]
Event: 0.228 Thread 0x000001edbb0e41d0 Exception <a 'java/lang/NoSuchMethodError'{0x0000000620646c18}: 'void java.lang.invoke.DirectMethodHandle$Holder.invokeStaticInit(java.lang.Object, java.lang.Object)'> (0x0000000620646c18) 
thrown [./open/src/hotspot/share/interpreter/linkResolver.cpp, line 782]
Event: 0.233 Thread 0x000001edbb0e41d0 Exception <a 'java/lang/NoSuchMethodError'{0x0000000620673b98}: 'java.lang.Object java.lang.invoke.DirectMethodHandle$Holder.invokeStaticInit(java.lang.Object, int, int, int, int)'> (0x0000000620673b98) 
thrown [./open/src/hotspot/share/interpreter/linkResolver.cpp, line 782]
Event: 0.260 Thread 0x000001edbb0e41d0 Exception <a 'java/lang/NoSuchMethodError'{0x00000006206da138}: 'java.lang.Object java.lang.invoke.DirectMethodHandle$Holder.invokeStaticInit(java.lang.Object, java.lang.Object, int, int, int, int)'> (0x00000006206da138) 
thrown [./open/src/hotspot/share/interpreter/linkResolver.cpp, line 782]
Event: 0.275 Thread 0x000001edbb0e41d0 Exception <a 'java/lang/NoSuchMethodError'{0x00000006206eaaa0}: 'void java.lang.invoke.DirectMethodHandle$Holder.invokeStatic(java.lang.Object, long)'> (0x00000006206eaaa0) 
thrown [./open/src/hotspot/share/interpreter/linkResolver.cpp, line 782]
Event: 0.275 Thread 0x000001edbb0e41d0 Exception <a 'java/lang/NoSuchMethodError'{0x00000006206f0378}: 'java.lang.Object java.lang.invoke.DirectMethodHandle$Holder.newInvokeSpecial(java.lang.Object, long)'> (0x00000006206f0378) 
thrown [./open/src/hotspot/share/interpreter/linkResolver.cpp, line 782]
Event: 0.276 Thread 0x000001edbb0e41d0 Exception <a 'java/lang/NoSuchMethodError'{0x00000006206faea0}: 'java.lang.Object java.lang.invoke.DirectMethodHandle$Holder.invokeStaticInit(java.lang.Object, java.lang.Object, long, java.lang.Object)'> (0x00000006206faea0) 
thrown [./open/src/hotspot/share/interpreter/linkResolver.cpp, line 782]
Event: 0.277 Thread 0x000001edbb0e41d0 Exception <a 'java/lang/NoSuchMethodError'{0x00000006207018c8}: 'java.lang.Object java.lang.invoke.DirectMethodHandle$Holder.newInvokeSpecial(java.lang.Object, java.lang.Object, long)'> (0x00000006207018c8) 
thrown [./open/src/hotspot/share/interpreter/linkResolver.cpp, line 782]
Event: 0.277 Thread 0x000001edbb0e41d0 Exception <a 'java/lang/NoSuchMethodError'{0x0000000620705638}: 'java.lang.Object java.lang.invoke.Invokers$Holder.linkToTargetMethod(java.lang.Object, long, java.lang.Object)'> (0x0000000620705638) 
thrown [./open/src/hotspot/share/interpreter/linkResolver.cpp, line 782]
Event: 1.254 Thread 0x000001edbb0e41d0 Implicit null exception at 0x000001ed9c4f83ab to 0x000001ed9c4f8628
Event: 1.277 Thread 0x000001edbb0e41d0 Exception <a 'java/lang/NoSuchMethodError'{0x0000000620bff208}: 'void java.lang.invoke.DirectMethodHandle$Holder.invokeStaticInit(java.lang.Object)'> (0x0000000620bff208) 
thrown [./open/src/hotspot/share/interpreter/linkResolver.cpp, line 782]
Event: 1.291 Thread 0x000001edbb535810 Exception <a 'java/lang/NoSuchMethodError'{0x0000000620535010}: 'java.lang.Object java.lang.invoke.DirectMethodHandle$Holder.newInvokeSpecial(java.lang.Object, java.lang.Object, java.lang.Object, int, int, int, int, int)'> (0x0000000620535010) 
thrown [./open/src/hotspot/share/interpreter/linkResolver.cpp, line 782]
Event: 1.317 Thread 0x000001edbb0e41d0 Exception <a 'java/lang/NoSuchMethodError'{0x000000062070b480}: 'java.lang.Object java.lang.invoke.DirectMethodHandle$Holder.invokeInterface(java.lang.Object, java.lang.Object)'> (0x000000062070b480) 
thrown [./open/src/hotspot/share/interpreter/linkResolver.cpp, line 782]
Event: 2.691 Thread 0x000001edbb0e41d0 Exception <a 'java/lang/NoSuchMethodError'{0x0000000608d22498}: 'double java.lang.invoke.DirectMethodHandle$Holder.invokeStatic(java.lang.Object, java.lang.Object)'> (0x0000000608d22498) 
thrown [./open/src/hotspot/share/interpreter/linkResolver.cpp, line 782]

Events (20 events):
Event: 2.693 loading class java/util/stream/Nodes$DoubleFixedNodeBuilder
Event: 2.693 loading class java/util/stream/Node$Builder$OfDouble
Event: 2.693 loading class java/util/stream/Node$Builder
Event: 2.693 loading class java/util/stream/Node$Builder done
Event: 2.693 loading class java/util/stream/Sink$OfDouble
Event: 2.693 loading class java/util/function/DoubleConsumer
Event: 2.693 loading class java/util/function/DoubleConsumer done
Event: 2.693 loading class java/util/stream/Sink$OfDouble done
Event: 2.693 loading class java/util/stream/Node$Builder$OfDouble done
Event: 2.693 loading class java/util/stream/Nodes$DoubleArrayNode
Event: 2.693 loading class java/util/stream/Nodes$DoubleArrayNode done
Event: 2.693 loading class java/util/stream/Nodes$DoubleFixedNodeBuilder done
Event: 2.693 loading class java/util/stream/ReferencePipeline$6$1
Event: 2.693 loading class java/util/stream/ReferencePipeline$6$1 done
Event: 3.023 Executing VM operation: G1CollectForAllocation
Event: 3.031 Executing VM operation: G1CollectForAllocation done
Event: 3.031 Executing VM operation: HandshakeAllThreads
Event: 3.032 Executing VM operation: HandshakeAllThreads done
Event: 3.032 Executing VM operation: G1CollectForAllocation
Event: 3.034 Executing VM operation: G1CollectForAllocation done


Dynamic libraries:
0x00007ff78b130000 - 0x00007ff78b13f000 	C:\Program Files\Java\jdk-15.0.2\bin\java.exe
0x00007ffcde1d0000 - 0x00007ffcde3c8000 	C:\WINDOWS\SYSTEM32\ntdll.dll
0x00007ffcdc5d0000 - 0x00007ffcdc692000 	C:\WINDOWS\System32\KERNEL32.DLL
0x00007ffcdbba0000 - 0x00007ffcdbe9e000 	C:\WINDOWS\System32\KERNELBASE.dll
0x00007ffcdb910000 - 0x00007ffcdba10000 	C:\WINDOWS\System32\ucrtbase.dll
0x00007ffcd77f0000 - 0x00007ffcd7809000 	C:\Program Files\Java\jdk-15.0.2\bin\VCRUNTIME140.dll
0x00007ffcd77d0000 - 0x00007ffcd77e8000 	C:\Program Files\Java\jdk-15.0.2\bin\jli.dll
0x00007ffcdc390000 - 0x00007ffcdc442000 	C:\WINDOWS\System32\ADVAPI32.dll
0x00007ffcdc9f0000 - 0x00007ffcdca8e000 	C:\WINDOWS\System32\msvcrt.dll
0x00007ffcdc950000 - 0x00007ffcdc9f0000 	C:\WINDOWS\System32\sechost.dll
0x00007ffcdc6a0000 - 0x00007ffcdc7c3000 	C:\WINDOWS\System32\RPCRT4.dll
0x00007ffcdbb70000 - 0x00007ffcdbb97000 	C:\WINDOWS\System32\bcrypt.dll
0x00007ffcdcbc0000 - 0x00007ffcdcd5d000 	C:\WINDOWS\System32\USER32.dll
0x00007ffcdc0c0000 - 0x00007ffcdc0e2000 	C:\WINDOWS\System32\win32u.dll
0x00007ffcc4f00000 - 0x00007ffcc519a000 	C:\WINDOWS\WinSxS\amd64_microsoft.windows.common-controls_6595b64144ccf1df_6.0.19041.4355_none_60b8b9eb71f62e16\COMCTL32.dll
0x00007ffcdc460000 - 0x00007ffcdc48b000 	C:\WINDOWS\System32\GDI32.dll
0x00007ffcdbfa0000 - 0x00007ffcdc0b7000 	C:\WINDOWS\System32\gdi32full.dll
0x00007ffcdb870000 - 0x00007ffcdb90d000 	C:\WINDOWS\System32\msvcp_win.dll
0x00007ffcd49c0000 - 0x00007ffcd49ca000 	C:\WINDOWS\SYSTEM32\VERSION.dll
0x00007ffcdc830000 - 0x00007ffcdc85f000 	C:\WINDOWS\System32\IMM32.DLL
0x00007ffcd77c0000 - 0x00007ffcd77cc000 	C:\Program Files\Java\jdk-15.0.2\bin\vcruntime140_1.dll
0x00007ffcd7720000 - 0x00007ffcd77b1000 	C:\Program Files\Java\jdk-15.0.2\bin\msvcp140.dll
0x00007ffc16f20000 - 0x00007ffc17a7e000 	C:\Program Files\Java\jdk-15.0.2\bin\server\jvm.dll
0x00007ffcdcdc0000 - 0x00007ffcdcdc8000 	C:\WINDOWS\System32\PSAPI.DLL
0x00007ffccf280000 - 0x00007ffccf2a7000 	C:\WINDOWS\SYSTEM32\WINMM.dll
0x00007ffcb8a70000 - 0x00007ffcb8a79000 	C:\WINDOWS\SYSTEM32\WSOCK32.dll
0x00007ffcde040000 - 0x00007ffcde0ab000 	C:\WINDOWS\System32\WS2_32.dll
0x00007ffcda0a0000 - 0x00007ffcda0b2000 	C:\WINDOWS\SYSTEM32\kernel.appcore.dll
0x00007ffcd7710000 - 0x00007ffcd771a000 	C:\Program Files\Java\jdk-15.0.2\bin\jimage.dll
0x00007ffcd9410000 - 0x00007ffcd95f4000 	C:\WINDOWS\SYSTEM32\DBGHELP.DLL
0x00007ffcad550000 - 0x00007ffcad584000 	C:\WINDOWS\SYSTEM32\dbgcore.DLL
0x00007ffcdbf10000 - 0x00007ffcdbf92000 	C:\WINDOWS\System32\bcryptPrimitives.dll
0x00007ffcd76e0000 - 0x00007ffcd7705000 	C:\Program Files\Java\jdk-15.0.2\bin\java.dll
0x00007ffcdd3c0000 - 0x00007ffcddb2f000 	C:\WINDOWS\System32\SHELL32.dll
0x00007ffcd9880000 - 0x00007ffcda024000 	C:\WINDOWS\SYSTEM32\windows.storage.dll
0x00007ffcddce0000 - 0x00007ffcde033000 	C:\WINDOWS\System32\combase.dll
0x00007ffcdb2a0000 - 0x00007ffcdb2ce000 	C:\WINDOWS\SYSTEM32\Wldp.dll
0x00007ffcdcdd0000 - 0x00007ffcdce9d000 	C:\WINDOWS\System32\OLEAUT32.dll
0x00007ffcdcea0000 - 0x00007ffcdcf4d000 	C:\WINDOWS\System32\SHCORE.dll
0x00007ffcdc890000 - 0x00007ffcdc8e5000 	C:\WINDOWS\System32\shlwapi.dll
0x00007ffcdb7a0000 - 0x00007ffcdb7c4000 	C:\WINDOWS\SYSTEM32\profapi.dll
0x00007ffcd76c0000 - 0x00007ffcd76d9000 	C:\Program Files\Java\jdk-15.0.2\bin\net.dll
0x00007ffcd4320000 - 0x00007ffcd442d000 	C:\WINDOWS\SYSTEM32\WINHTTP.dll
0x00007ffcdafb0000 - 0x00007ffcdb01a000 	C:\WINDOWS\system32\mswsock.dll
0x00007ffcd7660000 - 0x00007ffcd7672000 	C:\Program Files\Java\jdk-15.0.2\bin\nio.dll
0x00007ffcd58d0000 - 0x00007ffcd58e8000 	C:\Program Files\Java\jdk-15.0.2\bin\zip.dll
0x00007ffcadba0000 - 0x00007ffcadd20000 	C:\Program Files\Java\jdk-15.0.2\bin\awt.dll
0x00007ffcd7c60000 - 0x00007ffcd7cf4000 	C:\WINDOWS\SYSTEM32\apphelp.dll
0x00007ffcd8380000 - 0x00007ffcd841e000 	C:\WINDOWS\system32\uxtheme.dll
0x00007ffcdc270000 - 0x00007ffcdc385000 	C:\WINDOWS\System32\MSCTF.dll
0x00007ffcdca90000 - 0x00007ffcdcbbb000 	C:\WINDOWS\System32\ole32.dll
0x00007ffcd8700000 - 0x00007ffcd872f000 	C:\WINDOWS\system32\DWMAPI.DLL
0x00007ffcd58c0000 - 0x00007ffcd58d0000 	C:\Program Files\Java\jdk-15.0.2\bin\verify.dll
0x00007ffcdb1d0000 - 0x00007ffcdb1e8000 	C:\WINDOWS\SYSTEM32\CRYPTSP.dll
0x00007ffcda810000 - 0x00007ffcda844000 	C:\WINDOWS\system32\rsaenh.dll
0x00007ffcdb760000 - 0x00007ffcdb78e000 	C:\WINDOWS\SYSTEM32\USERENV.dll
0x00007ffcdb1f0000 - 0x00007ffcdb1fc000 	C:\WINDOWS\SYSTEM32\CRYPTBASE.dll
0x00007ffcdac30000 - 0x00007ffcdac6b000 	C:\WINDOWS\SYSTEM32\IPHLPAPI.DLL
0x00007ffcdc450000 - 0x00007ffcdc458000 	C:\WINDOWS\System32\NSI.dll
0x00007ffcd51b0000 - 0x00007ffcd51c7000 	C:\WINDOWS\SYSTEM32\dhcpcsvc6.DLL
0x00007ffcd5010000 - 0x00007ffcd502d000 	C:\WINDOWS\SYSTEM32\dhcpcsvc.DLL
0x00007ffcdac70000 - 0x00007ffcdad3a000 	C:\WINDOWS\SYSTEM32\DNSAPI.dll
0x00007ffcd09b0000 - 0x00007ffcd09c3000 	C:\Users\Diego\AppData\Local\Temp\jogamp_0000\file_cache\jln7812692811199607014\jln2916550731388526883\natives\windows-amd64\gluegen_rt.dll
0x00007ffcd09a0000 - 0x00007ffcd09a7000 	C:\Program Files\Java\jdk-15.0.2\bin\jawt.dll
0x00007ffccf5d0000 - 0x00007ffccf5dd000 	C:\Users\Diego\AppData\Local\Temp\jogamp_0000\file_cache\jln7812692811199607014\jln2916550731388526883\natives\windows-amd64\nativewindow_awt.dll
0x00007ffc4bc30000 - 0x00007ffc4bd58000 	C:\WINDOWS\system32\opengl32.dll
0x00007ffc4a420000 - 0x00007ffc4a44c000 	C:\WINDOWS\SYSTEM32\GLU32.dll
0x00007ffc806a0000 - 0x00007ffc80871000 	C:\WINDOWS\system32\d3d9.dll
0x00007ffcce5f0000 - 0x00007ffcce6b1000 	C:\WINDOWS\System32\DriverStore\FileRepository\nv_dispig.inf_amd64_0afec3f2050014a0\nvldumdx.dll
0x00007ffcdb430000 - 0x00007ffcdb442000 	C:\WINDOWS\SYSTEM32\msasn1.dll
0x00007ffcd46a0000 - 0x00007ffcd46d1000 	C:\WINDOWS\SYSTEM32\cryptnet.dll
0x00007ffcdba10000 - 0x00007ffcdbb6c000 	C:\WINDOWS\System32\CRYPT32.dll
0x00007ffcd3a10000 - 0x00007ffcd3b57000 	C:\WINDOWS\SYSTEM32\drvstore.dll
0x00007ffcdb600000 - 0x00007ffcdb633000 	C:\WINDOWS\SYSTEM32\devobj.dll
0x00007ffcdc1a0000 - 0x00007ffcdc1ee000 	C:\WINDOWS\System32\cfgmgr32.dll
0x00007ffcdbea0000 - 0x00007ffcdbf09000 	C:\WINDOWS\System32\wintrust.dll
0x00007ffcdc870000 - 0x00007ffcdc88d000 	C:\WINDOWS\System32\imagehlp.dll
0x00007ffccba40000 - 0x00007ffccda2e000 	C:\WINDOWS\System32\DriverStore\FileRepository\nv_dispig.inf_amd64_0afec3f2050014a0\nvgpucomp64.dll
0x00007ffc15480000 - 0x00007ffc16f14000 	C:\WINDOWS\System32\DriverStore\FileRepository\nv_dispig.inf_amd64_0afec3f2050014a0\nvd3dumx.dll
0x00007ffcda070000 - 0x00007ffcda093000 	C:\WINDOWS\SYSTEM32\gpapi.dll
0x00007ffc80540000 - 0x00007ffc80695000 	C:\WINDOWS\System32\DriverStore\FileRepository\nv_dispig.inf_amd64_0afec3f2050014a0\nvppex.dll
0x00007ffcceb40000 - 0x00007ffcceb7b000 	C:\WINDOWS\SYSTEM32\dxcore.dll
0x00007ffccf5b0000 - 0x00007ffccf5c5000 	C:\Users\Diego\AppData\Local\Temp\jogamp_0000\file_cache\jln7812692811199607014\jln2916550731388526883\natives\windows-amd64\nativewindow_win32.dll
0x00007ffcc4970000 - 0x00007ffcc49f3000 	C:\Users\Diego\AppData\Local\Temp\jogamp_0000\file_cache\jln7812692811199607014\jln2916550731388526883\natives\windows-amd64\jogl_desktop.dll
0x00007ffcc4910000 - 0x00007ffcc4962000 	C:\Users\Diego\AppData\Local\Temp\jogamp_0000\file_cache\jln7812692811199607014\jln2916550731388526883\natives\windows-amd64\jogl_mobile.dll
0x00007ffcdc490000 - 0x00007ffcdc539000 	C:\WINDOWS\System32\clbcatq.dll
0x00007ffcd4ca0000 - 0x00007ffcd4da2000 	C:\Windows\System32\AppXDeploymentClient.dll
0x00007ffc47e30000 - 0x00007ffc4a418000 	C:\WINDOWS\System32\DriverStore\FileRepository\nv_dispig.inf_amd64_0afec3f2050014a0\nvoglv64.dll
0x00007ffcdcf50000 - 0x00007ffcdd3be000 	C:\WINDOWS\System32\SETUPAPI.dll
0x00007ffcd7810000 - 0x00007ffcd7824000 	C:\WINDOWS\SYSTEM32\WTSAPI32.dll
0x00007ffcdaac0000 - 0x00007ffcdaaf3000 	C:\WINDOWS\SYSTEM32\ntmarta.dll
0x00007ffcdaf60000 - 0x00007ffcdafab000 	C:\WINDOWS\SYSTEM32\powrprof.dll
0x00007ffcdaeb0000 - 0x00007ffcdaec2000 	C:\WINDOWS\SYSTEM32\UMPDC.dll
0x00007ffcdaa60000 - 0x00007ffcdaabb000 	C:\WINDOWS\SYSTEM32\WINSTA.dll
0x00007ffcbf090000 - 0x00007ffcbf115000 	C:\Program Files\Java\jdk-15.0.2\bin\freetype.dll
0x00007ffcbece0000 - 0x00007ffcbed89000 	C:\Program Files\Java\jdk-15.0.2\bin\fontmanager.dll
0x00007ffcce2e0000 - 0x00007ffcce3d9000 	C:\WINDOWS\SYSTEM32\textinputframework.dll
0x00007ffcd7280000 - 0x00007ffcd7372000 	C:\WINDOWS\System32\CoreMessaging.dll
0x00007ffcd6a90000 - 0x00007ffcd6deb000 	C:\WINDOWS\System32\CoreUIComponents.dll
0x00007ffcd7b00000 - 0x00007ffcd7c57000 	C:\WINDOWS\SYSTEM32\wintypes.dll
0x00007ffcc4e90000 - 0x00007ffcc4ef6000 	C:\WINDOWS\system32\Oleacc.dll

dbghelp: loaded successfully - version: 4.0.5 - missing functions: none
symbol engine: initialized successfully - sym options: 0x614 - pdb path: .;C:\Program Files\Java\jdk-15.0.2\bin;C:\WINDOWS\SYSTEM32;C:\WINDOWS\WinSxS\amd64_microsoft.windows.common-controls_6595b64144ccf1df_6.0.19041.4355_none_60b8b9eb71f62e16;C:\Program Files\Java\jdk-15.0.2\bin\server;C:\Users\Diego\AppData\Local\Temp\jogamp_0000\file_cache\jln7812692811199607014\jln2916550731388526883\natives\windows-amd64;C:\WINDOWS\System32\DriverStore\FileRepository\nv_dispig.inf_amd64_0afec3f2050014a0

VM Arguments:
jvm_args: -Dfile.encoding=UTF-8 
java_command: mampos.Mampos
java_class_path (initial): C:\tesisEstructural\gson-2.11.0.jar;C:\tesisEstructural\pdf4j-icepdf-core-6.1.1.jar;C:\tesisEstructural\pdf4j-icepdf-viewer-6.1.1.jar;C:\tesisEstructural\sqlite-jdbc-3.46.1.3.jar;C:\tesisEstructural\UJMP\ujmp-complete-0.3.0.jar;C:\tesisEstructural\JOGL\JOML\joml-1.10.7.jar;C:\tesisEstructural\JOGL\jogamp-all-platforms\jar\gluegen-rt.jar;C:\tesisEstructural\JOGL\jogamp-all-platforms\jar\jogl-all.jar;C:\tesisEstructural\df_1.1.3p1\dock\bin\docking-frames-common.jar;C:\tesisEstructural\df_1.1.3p1\dock\bin\docking-frames-core.jar;C:\tesisEstructural\Mampos\build\classes
Launcher Type: SUN_STANDARD

[Global flags]
     intx CICompilerCount                          = 12                                        {product} {ergonomic}
     uint ConcGCThreads                            = 3                                         {product} {ergonomic}
     uint G1ConcRefinementThreads                  = 13                                        {product} {ergonomic}
   size_t G1HeapRegionSize                         = 4194304                                   {product} {ergonomic}
    uintx GCDrainStackTargetSize                   = 64                                        {product} {ergonomic}
   size_t InitialHeapSize                          = 536870912                                 {product} {ergonomic}
   size_t MarkStackSize                            = 4194304                                   {product} {ergonomic}
   size_t MaxHeapSize                              = 8573157376                                {product} {ergonomic}
   size_t MaxNewSize                               = 5142216704                                {product} {ergonomic}
   size_t MinHeapDeltaBytes                        = 4194304                                   {product} {ergonomic}
   size_t MinHeapSize                              = 8388608                                   {product} {ergonomic}
    uintx NonNMethodCodeHeapSize                   = 7602480                                {pd product} {ergonomic}
    uintx NonProfiledCodeHeapSize                  = 122027880                              {pd product} {ergonomic}
    uintx ProfiledCodeHeapSize                     = 122027880                              {pd product} {ergonomic}
    uintx ReservedCodeCacheSize                    = 251658240                              {pd product} {ergonomic}
     bool SegmentedCodeCache                       = true                                      {product} {ergonomic}
   size_t SoftMaxHeapSize                          = 8573157376                             {manageable} {ergonomic}
     bool UseCompressedClassPointers               = true                                 {lp64_product} {ergonomic}
     bool UseCompressedOops                        = true                                 {lp64_product} {ergonomic}
     bool UseG1GC                                  = true                                      {product} {ergonomic}
     bool UseLargePagesIndividualAllocation        = false                                  {pd product} {ergonomic}

Logging:
Log output configuration:
 #0: stdout all=warning uptime,level,tags
 #1: stderr all=off uptime,level,tags

Environment Variables:
JAVA_HOME=C:\Program Files\Java\jdk-15.0.2
PATH=C:\Program Files (x86)\VMware\VMware Workstation\bin\;C:\Program Files (x86)\Common Files\Intel\Shared Libraries\redist\intel64_win\compiler;C:\Python311\Scripts\;C:\Python311\;C:\Program Files\Microsoft\jdk-11.0.16.101-hotspot\bin;C:\Program Files\BellSoft\LibericaJDK-17-Full\bin\;C:\ProgramData\Oracle\Java\javapath;C:\Program Files\Common Files\Oracle\Java\javapath;C:\Program Files (x86)\Common Files\Oracle\Java\java8path;C:\Program Files (x86)\Common Files\Oracle\Java\javapath;C:\Program Files (x86)\NVIDIA Corporation\PhysX\Common;C:\Program Files (x86)\Common Files\Intel\Shared Libraries\redist\intel64\compiler;C:\WINDOWS\system32;C:\WINDOWS;C:\WINDOWS\System32\Wbem;C:\WINDOWS\System32\WindowsPowerShell\v1.0\;C:\WINDOWS\System32\OpenSSH\;C:\Program Files\Microsoft SQL Server\120\Tools\Binn\;C:\Program Files\Common Files\Autodesk Shared\;C:\Program Files\Microsoft SQL Server\Client SDK\ODBC\110\Tools\Binn\;C:\Program Files (x86)\Microsoft SQL Server\120\Tools\Binn\;C:\Program Files\Microsoft SQL Server\120\DTS\Binn\;C:\Program Files (x86)\Windows Kits\8.1\Windows Performance Toolkit\;C:\Program Files (x86)\Common Files\Autodesk Shared\Advance\;C:\Program Files (x86)\Microsoft SQL Server\90\Tools\binn\;C:\Program Files\Git\cmd;C:\Program Files\PostgreSQL\15\bin;C:\Program Files\Microsoft SQL Server\150\Tools\Binn\;C:\Program Files\Common Files\Autodesk Shared\Advance\;C:\Program Files\dotnet\;C:\Program Files\Docker\Docker\resources\bin;C:\Program Files (x86)\cloudflared\.;C:\Program Files\nodejs\;C:\ProgramData\chocolatey\bin;C:\tools\Manim\Scripts;C:\Program Files\MiKTeX\miktex\bin\x64\;C:\Program Files\Calibre2\;C:\Program Files\Graphviz\bin;C:\Users\Diego\.cargo\bin;C:\Users\Diego\AppData\Local\Programs\Python\Python38\Scripts\;C:\Users\Diego\AppData\Local\Programs\Python\Python38\;C:\Users\Diego\AppData\Local\Programs\Python\Python38-32\Scripts\;C:\Users\Diego\AppData\Local\Programs\Python\Python38-32\;C:\Users\Diego\AppData\Local\Microsoft\WindowsApps;C:\U
USERNAME=Diego
OS=Windows_NT
PROCESSOR_IDENTIFIER=AMD64 Family 23 Model 113 Stepping 0, AuthenticAMD



---------------  S Y S T E M  ---------------

OS:
 Windows 10 , 64 bit Build 19041 (10.0.19041.4957)
OS uptime: 0 days 1:45 hours
HyperV virtualization detected

CPU: total 16 (initial active 16) (16 cores per cpu, 2 threads per core) family 23 model 113 stepping 0 microcode 0x0, cmov, cx8, fxsr, mmx, sse, sse2, sse3, ssse3, sse4.1, sse4.2, popcnt, vzeroupper, avx, avx2, aes, clmul, 3dnowpref, lzcnt, sse4a, ht, tsc, tscinvbit, tscinv, bmi1, bmi2, adx, sha, fma, clflush, clflushopt

Memory: 4k page, system-wide physical 32689M (21220M free)
TotalPageFile size 37553M (AvailPageFile size 24077M)
current process WorkingSet (physical memory assigned to process): 370M, peak: 400M
current process commit charge ("private bytes"): 558M, peak: 734M

vm_info: Java HotSpot(TM) 64-Bit Server VM (15.0.2+7-27) for windows-amd64 JRE (15.0.2+7-27), built on Dec  7 2020 20:07:01 by "mach5one" with unknown MS VC++:1925

END.
