#
# A fatal error has been detected by the Java Runtime Environment:
#
#  EXCEPTION_ACCESS_VIOLATION (0xc0000005) at pc=0x00000217248dfd40, pid=8296, tid=7148
#
# JRE version: Java(TM) SE Runtime Environment (15.0.2+7) (build 15.0.2+7-27)
# Java VM: Java HotSpot(TM) 64-Bit Server VM (15.0.2+7-27, mixed mode, sharing, tiered, compressed oops, g1 gc, windows-amd64)
# Problematic frame:
# C  0x00000217248dfd40
#
# No core dump will be written. Minidumps are not enabled by default on client versions of Windows
#
# If you would like to submit a bug report, please visit:
#   https://bugreport.java.com/bugreport/crash.jsp
# The crash happened outside the Java Virtual Machine in native code.
# See problematic frame for where to report the bug.
#

---------------  S U M M A R Y ------------

Command Line: -Dfile.encoding=UTF-8 mampos.Mampos

Host: AMD Ryzen 7 3700X 8-Core Processor             , 16 cores, 31G,  Windows 10 , 64 bit Build 19041 (10.0.19041.4957)
Time: Sun Oct 27 12:32:02 2024 Hora estándar, América Central elapsed time: 3.302591 seconds (0d 0h 0m 3s)

---------------  T H R E A D  ---------------

Current thread (0x000002177c1c1b40):  JavaThread "AWT-EventQueue-0" [_thread_in_native, id=7148, stack(0x00000031adf00000,0x00000031ae000000)]

Stack: [0x00000031adf00000,0x00000031ae000000],  sp=0x00000031adffe230,  free space=1016k
Native frames: (J=compiled Java code, j=interpreted, Vv=VM code, C=native code)
C  0x00000217248dfd40

Java frames: (J=compiled Java code, j=interpreted, Vv=VM code)
j  jogamp.opengl.gl4.GL4bcImpl.dispatch_glDrawArrays1(IIIJ)V+0
j  jogamp.opengl.gl4.GL4bcImpl.glDrawArrays(III)V+45
j  rendering.Controlador.prepararBufferDeTexturas(Lcom/jogamp/opengl/GL4;IIII)V+64
j  rendering.Controlador.dibujar(Ljava/lang/String;Lcom/jogamp/opengl/GL4;[IIILjava/util/List;II)V+59
j  rendering.Planta.display(Lcom/jogamp/opengl/GLAutoDrawable;)V+327
j  jogamp.opengl.GLDrawableHelper.displayImpl(Lcom/jogamp/opengl/GLAutoDrawable;)V+62
j  jogamp.opengl.GLDrawableHelper.display(Lcom/jogamp/opengl/GLAutoDrawable;)V+2
j  com.jogamp.opengl.awt.GLCanvas$10.run()V+118
j  jogamp.opengl.GLDrawableHelper.invokeGLImpl(Lcom/jogamp/opengl/GLDrawable;Lcom/jogamp/opengl/GLContext;Ljava/lang/Runnable;Ljava/lang/Runnable;)V+205
j  jogamp.opengl.GLDrawableHelper.invokeGL(Lcom/jogamp/opengl/GLDrawable;Lcom/jogamp/opengl/GLContext;Ljava/lang/Runnable;Ljava/lang/Runnable;)V+75
j  com.jogamp.opengl.awt.GLCanvas$11.run()V+104
j  java.awt.event.InvocationEvent.dispatch()V+11 java.desktop@15.0.2
j  java.awt.EventQueue.dispatchEventImpl(Ljava/awt/AWTEvent;Ljava/lang/Object;)V+21 java.desktop@15.0.2
j  java.awt.EventQueue$4.run()Ljava/lang/Void;+32 java.desktop@15.0.2
j  java.awt.EventQueue$4.run()Ljava/lang/Object;+1 java.desktop@15.0.2
J 1333 c1 java.security.AccessController.doPrivileged(Ljava/security/PrivilegedAction;Ljava/security/AccessControlContext;)Ljava/lang/Object; java.base@15.0.2 (17 bytes) @ 0x00000217009b97e4 [0x00000217009b9600+0x00000000000001e4]
j  java.security.ProtectionDomain$JavaSecurityAccessImpl.doIntersectionPrivilege(Ljava/security/PrivilegedAction;Ljava/security/AccessControlContext;Ljava/security/AccessControlContext;)Ljava/lang/Object;+18 java.base@15.0.2
j  java.awt.EventQueue.dispatchEvent(Ljava/awt/AWTEvent;)V+46 java.desktop@15.0.2
j  java.awt.EventDispatchThread.pumpOneEventForFilters(I)V+78 java.desktop@15.0.2
j  java.awt.EventDispatchThread.pumpEventsForFilter(ILjava/awt/Conditional;Ljava/awt/EventFilter;)V+35 java.desktop@15.0.2
j  java.awt.EventDispatchThread.pumpEventsForHierarchy(ILjava/awt/Conditional;Ljava/awt/Component;)V+11 java.desktop@15.0.2
j  java.awt.EventDispatchThread.pumpEvents(ILjava/awt/Conditional;)V+4 java.desktop@15.0.2
j  java.awt.EventDispatchThread.pumpEvents(Ljava/awt/Conditional;)V+3 java.desktop@15.0.2
j  java.awt.EventDispatchThread.run()V+9 java.desktop@15.0.2
v  ~StubRoutines::call_stub

siginfo: EXCEPTION_ACCESS_VIOLATION (0xc0000005), reading address 0x0000000000000000


Register to memory mapping:

RIP=0x00000217248dfd40 points into unknown readable memory: 0x893889046e8b3e8b | 8b 3e 8b 6e 04 89 38 89
RAX=0x000002177fb76280 points into unknown readable memory: 0x0000000000000000 | 00 00 00 00 00 00 00 00
RBX=0x000002172bb70000 points into unknown readable memory: 0x00000217212bb050 | 50 b0 2b 21 17 02 00 00
RCX=0x0 is NULL
RDX=0x0000000000000006 is an unknown value
RSP=0x00000031adffe230 is pointing into the stack for thread: 0x000002177c1c1b40
RBP=0x0000000000000006 is an unknown value
RSI=0x0 is NULL
RDI=0x0 is NULL
R8 =0x0 is NULL
R9 =0x0000000000000006 is an unknown value
R10=0x000000000c6b6280 is an unknown value
R11=0x00000031adffc690 is pointing into the stack for thread: 0x000002177c1c1b40
R12=0x0 is NULL
R13=0x000002177fb76280 points into unknown readable memory: 0x0000000000000000 | 00 00 00 00 00 00 00 00
R14=0x000002172514cd80 points into unknown readable memory: 0x0000000000000400 | 00 04 00 00 00 00 00 00
R15=0x0000000000000004 is an unknown value


Registers:
RAX=0x000002177fb76280, RBX=0x000002172bb70000, RCX=0x0000000000000000, RDX=0x0000000000000006
RSP=0x00000031adffe230, RBP=0x0000000000000006, RSI=0x0000000000000000, RDI=0x0000000000000000
R8 =0x0000000000000000, R9 =0x0000000000000006, R10=0x000000000c6b6280, R11=0x00000031adffc690
R12=0x0000000000000000, R13=0x000002177fb76280, R14=0x000002172514cd80, R15=0x0000000000000004
RIP=0x00000217248dfd40, EFLAGS=0x0000000000010206

Top of Stack: (sp=0x00000031adffe230)
0x00000031adffe230:   0000000000000000 000002172bb70000
0x00000031adffe240:   0000000000000000 000002172bbbc198
0x00000031adffe250:   0000000000000006 00007ffc489cff75
0x00000031adffe260:   0000000000000006 000002172bbbc198
0x00000031adffe270:   0000000000000078 0000000000000000
0x00000031adffe280:   0000021725561aa0 0000000000000000
0x00000031adffe290:   0000000000000000 000002172bb70000
0x00000031adffe2a0:   0000021725565b18 0000000000000004
0x00000031adffe2b0:   0000000000000000 0000000000000004
0x00000031adffe2c0:   0000000000000004 000002172514cd80
0x00000031adffe2d0:   0000000000000006 00007ffc489cbd13
0x00000031adffe2e0:   0000021700000000 0000021725565b18
0x00000031adffe2f0:   000002172bb70000 0000000000000000
0x00000031adffe300:   0000000000000083 00c0000000000000
0x00000031adffe310:   0000000000000006 000002172514cd80
0x00000031adffe320:   0000000000000000 00007ffc489cbf80 

Instructions: (pc=0x00000217248dfd40)
0x00000217248dfc40:   00 00 00 00 00 00 00 00 00 00 00 00 00 00 00 00
0x00000217248dfc50:   00 00 00 00 00 00 00 00 00 00 00 00 00 00 00 00
0x00000217248dfc60:   00 00 00 00 00 00 00 00 00 00 00 00 00 00 00 00
0x00000217248dfc70:   00 00 00 00 00 00 00 00 00 00 00 00 00 00 00 00
0x00000217248dfc80:   00 00 00 00 00 00 00 00 00 00 00 00 00 00 00 00
0x00000217248dfc90:   00 00 00 00 00 00 00 00 00 00 00 00 00 00 00 00
0x00000217248dfca0:   00 00 00 00 00 00 00 00 00 00 00 00 00 00 00 00
0x00000217248dfcb0:   00 00 00 00 00 00 00 00 00 00 00 00 00 00 00 00
0x00000217248dfcc0:   00 00 00 00 00 00 00 00 00 00 00 00 00 00 00 00
0x00000217248dfcd0:   00 00 00 00 00 00 00 00 00 00 00 00 00 00 00 00
0x00000217248dfce0:   00 00 00 00 00 00 00 00 00 00 00 00 00 00 00 00
0x00000217248dfcf0:   00 00 00 00 00 00 00 00 40 ff ff ff c0 fc 00 00
0x00000217248dfd00:   48 83 ec 28 48 89 6c 24 20 48 89 5c 24 18 48 89
0x00000217248dfd10:   74 24 10 48 89 7c 24 08 48 8b d9 48 8b c2 49 8b
0x00000217248dfd20:   c8 49 8b d1 48 be d8 8d bc 2b 17 02 00 00 48 8b
0x00000217248dfd30:   36 48 8b b6 08 03 00 00 48 8d 3c 49 48 8d 34 be
0x00000217248dfd40:   8b 3e 8b 6e 04 89 38 89 68 04 8b 7e 08 89 78 08
0x00000217248dfd50:   48 be d8 8d bc 2b 17 02 00 00 48 8b 36 48 8b b6
0x00000217248dfd60:   38 03 00 00 48 8d 34 ce 8b 3e 8b 6e 04 89 78 0c
0x00000217248dfd70:   89 68 10 48 83 c0 14 ff c1 ff ca 75 a7 48 8b 7c
0x00000217248dfd80:   24 08 48 8b 74 24 10 48 8b 5c 24 18 48 8b 6c 24
0x00000217248dfd90:   20 48 83 c4 28 c3 00 00 00 00 00 00 00 00 00 00
0x00000217248dfda0:   00 00 00 00 00 00 00 00 00 00 00 00 00 00 00 00
0x00000217248dfdb0:   00 00 00 00 00 00 00 00 80 ff ff ff c0 00 00 00
0x00000217248dfdc0:   55 48 8b ec 53 56 57 4c 8b da 4c 8b d1 49 8b f2
0x00000217248dfdd0:   49 8b fb 41 8b e8 85 ed 0f 84 30 00 00 00 b9 03
0x00000217248dfde0:   00 00 00 0f 8f 05 00 00 00 48 f7 d9 f7 dd 0f b6
0x00000217248dfdf0:   5e 02 c1 e3 10 0f b7 16 0b da 48 03 f1 48 83 c7
0x00000217248dfe00:   04 81 e3 ff ff ff 00 ff cd 89 5f fc 75 e0 5f 5e
0x00000217248dfe10:   5b 5d c3 00 00 00 00 00 00 00 00 00 00 00 00 00
0x00000217248dfe20:   00 00 00 00 00 00 00 00 00 00 00 00 00 00 00 00
0x00000217248dfe30:   00 00 00 00 00 00 00 00 c0 ff ff ff 80 00 00 00 


Stack slot to memory mapping:
stack at sp + 0 slots: 0x0 is NULL
stack at sp + 1 slots: 0x000002172bb70000 points into unknown readable memory: 0x00000217212bb050 | 50 b0 2b 21 17 02 00 00
stack at sp + 2 slots: 0x0 is NULL
stack at sp + 3 slots: 0x000002172bbbc198 points into unknown readable memory: 0x000002172514cd80 | 80 cd 14 25 17 02 00 00
stack at sp + 4 slots: 0x0000000000000006 is an unknown value
stack at sp + 5 slots: 0x00007ffc489cff75 nvoglv64.dll
stack at sp + 6 slots: 0x0000000000000006 is an unknown value
stack at sp + 7 slots: 0x000002172bbbc198 points into unknown readable memory: 0x000002172514cd80 | 80 cd 14 25 17 02 00 00


---------------  P R O C E S S  ---------------

Threads class SMR info:
_java_thread_list=0x000002172559b030, length=23, elements={
0x000002177aa27850, 0x000002177aa28320, 0x000002177aa40640, 0x000002177aa44320,
0x000002177aa44be0, 0x000002177aa478d0, 0x000002177aa4b870, 0x000002177aa4c260,
0x000002177bd6aaf0, 0x000002177bda4ef0, 0x000002177bdb1ba0, 0x000002177c194aa0,
0x000002177c1ee330, 0x000002177c1f0a40, 0x000002177c1c1b40, 0x000002176c880e20,
0x000002177c68f7b0, 0x000002177c691e30, 0x000002177c68ee10, 0x000002177c68e470,
0x000002177c690fc0, 0x000002177c68f2e0, 0x000002177c68fc80
}

Java Threads: ( => current thread )
  0x000002177aa27850 JavaThread "Reference Handler" daemon [_thread_blocked, id=12868, stack(0x00000031acd00000,0x00000031ace00000)]
  0x000002177aa28320 JavaThread "Finalizer" daemon [_thread_blocked, id=15068, stack(0x00000031ace00000,0x00000031acf00000)]
  0x000002177aa40640 JavaThread "Signal Dispatcher" daemon [_thread_blocked, id=13888, stack(0x00000031acf00000,0x00000031ad000000)]
  0x000002177aa44320 JavaThread "Attach Listener" daemon [_thread_blocked, id=20312, stack(0x00000031ad000000,0x00000031ad100000)]
  0x000002177aa44be0 JavaThread "Service Thread" daemon [_thread_blocked, id=17708, stack(0x00000031ad100000,0x00000031ad200000)]
  0x000002177aa478d0 JavaThread "C2 CompilerThread0" daemon [_thread_blocked, id=22244, stack(0x00000031ad200000,0x00000031ad300000)]
  0x000002177aa4b870 JavaThread "C1 CompilerThread0" daemon [_thread_blocked, id=25424, stack(0x00000031ad300000,0x00000031ad400000)]
  0x000002177aa4c260 JavaThread "Sweeper thread" daemon [_thread_blocked, id=10100, stack(0x00000031ad400000,0x00000031ad500000)]
  0x000002177bd6aaf0 JavaThread "C1 CompilerThread1" daemon [_thread_blocked, id=18336, stack(0x00000031ad500000,0x00000031ad600000)]
  0x000002177bda4ef0 JavaThread "Notification Thread" daemon [_thread_blocked, id=15000, stack(0x00000031ad600000,0x00000031ad700000)]
  0x000002177bdb1ba0 JavaThread "Common-Cleaner" daemon [_thread_blocked, id=12160, stack(0x00000031ad800000,0x00000031ad900000)]
  0x000002177c194aa0 JavaThread "Java2D Disposer" daemon [_thread_blocked, id=22740, stack(0x00000031adc00000,0x00000031add00000)]
  0x000002177c1ee330 JavaThread "AWT-Shutdown" [_thread_blocked, id=21128, stack(0x00000031add00000,0x00000031ade00000)]
  0x000002177c1f0a40 JavaThread "AWT-Windows" daemon [_thread_in_native, id=304, stack(0x00000031ade00000,0x00000031adf00000)]
=>0x000002177c1c1b40 JavaThread "AWT-EventQueue-0" [_thread_in_native, id=7148, stack(0x00000031adf00000,0x00000031ae000000)]
  0x000002176c880e20 JavaThread "DestroyJavaVM" [_thread_blocked, id=12656, stack(0x00000031ac600000,0x00000031ac700000)]
  0x000002177c68f7b0 JavaThread "AWT-EventQueue-0-SharedResourceRunner" daemon [_thread_blocked, id=18844, stack(0x00000031ad900000,0x00000031ada00000)]
  0x000002177c691e30 JavaThread "AWT-EventQueue-0-AWTAnimator#00" [_thread_blocked, id=13720, stack(0x00000031af000000,0x00000031af100000)]
  0x000002177c68ee10 JavaThread "AWT-EventQueue-0-AWTAnimator#01" [_thread_blocked, id=22196, stack(0x00000031af100000,0x00000031af200000)]
  0x000002177c68e470 JavaThread "AWT-EventQueue-0-AWTAnimator#02" [_thread_blocked, id=22252, stack(0x00000031af200000,0x00000031af300000)]
  0x000002177c690fc0 JavaThread "Image Fetcher 0" daemon [_thread_blocked, id=13128, stack(0x00000031af700000,0x00000031af800000)]
  0x000002177c68f2e0 JavaThread "TimerQueue" daemon [_thread_blocked, id=18284, stack(0x00000031af900000,0x00000031afa00000)]
  0x000002177c68fc80 JavaThread "D3D Screen Updater" daemon [_thread_blocked, id=14868, stack(0x00000031afb00000,0x00000031afc00000)]

Other Threads:
  0x000002177aa246a0 VMThread "VM Thread" [stack: 0x00000031acc00000,0x00000031acd00000] [id=26960]
  0x000002177bda9bf0 WatcherThread [stack: 0x00000031ad700000,0x00000031ad800000] [id=4608]
  0x000002176c8f8730 GCTaskThread "GC Thread#0" [stack: 0x00000031ac700000,0x00000031ac800000] [id=9128]
  0x000002177c5ffb80 GCTaskThread "GC Thread#1" [stack: 0x00000031ae400000,0x00000031ae500000] [id=6896]
  0x000002177c5ffeb0 GCTaskThread "GC Thread#2" [stack: 0x00000031ae500000,0x00000031ae600000] [id=7720]
  0x000002177c6001e0 GCTaskThread "GC Thread#3" [stack: 0x00000031ae600000,0x00000031ae700000] [id=13040]
  0x000002177c600840 GCTaskThread "GC Thread#4" [stack: 0x00000031ae700000,0x00000031ae800000] [id=22980]
  0x00000217215e2510 GCTaskThread "GC Thread#5" [stack: 0x00000031ae800000,0x00000031ae900000] [id=25636]
  0x00000217215dfed0 GCTaskThread "GC Thread#6" [stack: 0x00000031ae900000,0x00000031aea00000] [id=6820]
  0x00000217215e1850 GCTaskThread "GC Thread#7" [stack: 0x00000031aea00000,0x00000031aeb00000] [id=14732]
  0x00000217215dfba0 GCTaskThread "GC Thread#8" [stack: 0x00000031aeb00000,0x00000031aec00000] [id=1788]
  0x00000217215e0ec0 GCTaskThread "GC Thread#9" [stack: 0x00000031aec00000,0x00000031aed00000] [id=24484]
  0x00000217215deee0 GCTaskThread "GC Thread#10" [stack: 0x00000031aed00000,0x00000031aee00000] [id=10492]
  0x00000217215df540 GCTaskThread "GC Thread#11" [stack: 0x00000031aee00000,0x00000031aef00000] [id=23668]
  0x000002176c909700 ConcurrentGCThread "G1 Main Marker" [stack: 0x00000031ac800000,0x00000031ac900000] [id=7352]
  0x000002176c90a990 ConcurrentGCThread "G1 Conc#0" [stack: 0x00000031ac900000,0x00000031aca00000] [id=1628]
  0x00000217215e1eb0 ConcurrentGCThread "G1 Conc#1" [stack: 0x00000031af600000,0x00000031af700000] [id=21664]
  0x00000217215e1b80 ConcurrentGCThread "G1 Conc#2" [stack: 0x00000031afa00000,0x00000031afb00000] [id=11232]
  0x000002176c94e490 ConcurrentGCThread "G1 Refine#0" [stack: 0x00000031aca00000,0x00000031acb00000] [id=2172]
  0x0000021721145340 ConcurrentGCThread "G1 Refine#1" [stack: 0x00000031af400000,0x00000031af500000] [id=14036]
  0x00000217211456a0 ConcurrentGCThread "G1 Refine#2" [stack: 0x00000031af500000,0x00000031af600000] [id=3928]
  0x000002177a915c80 ConcurrentGCThread "G1 Young RemSet Sampling" [stack: 0x00000031acb00000,0x00000031acc00000] [id=4388]

Threads with active compile tasks:

VM state: not at safepoint (normal execution)

VM Mutex/Monitor currently owned by a thread: None

Heap address: 0x0000000601000000, size: 8176 MB, Compressed Oops mode: Zero based, Oop shift amount: 3
CDS archive(s) mapped at: [0x0000000800000000-0x0000000800b50000-0x0000000800b50000), size 11862016, SharedBaseAddress: 0x0000000800000000, ArchiveRelocationMode: 0.
Compressed class space mapped at: 0x0000000800b50000-0x0000000840b50000, size: 1073741824
Narrow klass base: 0x0000000800000000, Narrow klass shift: 3, Narrow klass range: 0x100000000

GC Precious Log:
 CPUs: 16 total, 16 available
 Memory: 32689M
 Large Page Support: Disabled
 NUMA Support: Disabled
 Compressed Oops: Enabled (Zero based)
 Heap Region Size: 4M
 Heap Min Capacity: 8M
 Heap Initial Capacity: 512M
 Heap Max Capacity: 8176M
 Pre-touch: Disabled
 Parallel Workers: 13
 Concurrent Workers: 3
 Concurrent Refinement Workers: 13
 Periodic GC: Disabled

Heap:
 garbage-first heap   total 151552K, used 69799K [0x0000000601000000, 0x0000000800000000)
  region size 4096K, 4 young (16384K), 1 survivors (4096K)
 Metaspace       used 25734K, capacity 25987K, committed 26368K, reserved 1073152K
  class space    used 2907K, capacity 2964K, committed 3072K, reserved 1048576K

Heap Regions: E=young(eden), S=young(survivor), O=old, HS=humongous(starts), HC=humongous(continues), CS=collection set, F=free, OA=open archive, CA=closed archive, TAMS=top-at-mark-start (previous, next)
|   0|0x0000000601000000, 0x000000060133e400, 0x0000000601400000| 81%| O|  |TAMS 0x000000060133e400, 0x0000000601000000| Untracked 
|   1|0x0000000601400000, 0x0000000601400000, 0x0000000601800000|  0%| F|  |TAMS 0x0000000601400000, 0x0000000601400000| Untracked 
|   2|0x0000000601800000, 0x0000000601800000, 0x0000000601c00000|  0%| F|  |TAMS 0x0000000601800000, 0x0000000601800000| Untracked 
|   3|0x0000000601c00000, 0x0000000602000000, 0x0000000602000000|100%| O|  |TAMS 0x0000000601c00000, 0x0000000601c00000| Untracked 
|   4|0x0000000602000000, 0x0000000602000000, 0x0000000602400000|  0%| F|  |TAMS 0x0000000602000000, 0x0000000602000000| Untracked 
|   5|0x0000000602400000, 0x0000000602800000, 0x0000000602800000|100%| O|  |TAMS 0x0000000602400000, 0x0000000602400000| Untracked 
|   6|0x0000000602800000, 0x0000000602c00000, 0x0000000602c00000|100%| O|  |TAMS 0x0000000602800000, 0x0000000602800000| Untracked 
|   7|0x0000000602c00000, 0x0000000602f89600, 0x0000000603000000| 88%| O|  |TAMS 0x0000000602c00000, 0x0000000602c00000| Untracked 
|   8|0x0000000603000000, 0x0000000603400000, 0x0000000603400000|100%| O|  |TAMS 0x0000000603112800, 0x0000000603000000| Untracked 
|   9|0x0000000603400000, 0x0000000603800000, 0x0000000603800000|100%| O|  |TAMS 0x0000000603400000, 0x0000000603400000| Untracked 
|  10|0x0000000603800000, 0x0000000603c00000, 0x0000000603c00000|100%| O|  |TAMS 0x0000000603800000, 0x0000000603800000| Untracked 
|  11|0x0000000603c00000, 0x0000000604000000, 0x0000000604000000|100%| O|  |TAMS 0x0000000603c00000, 0x0000000603c00000| Untracked 
|  12|0x0000000604000000, 0x0000000604400000, 0x0000000604400000|100%| O|  |TAMS 0x0000000604000000, 0x0000000604000000| Untracked 
|  13|0x0000000604400000, 0x0000000604400000, 0x0000000604800000|  0%| F|  |TAMS 0x0000000604400000, 0x0000000604400000| Untracked 
|  14|0x0000000604800000, 0x0000000604c00000, 0x0000000604c00000|100%| O|  |TAMS 0x0000000604800000, 0x0000000604800000| Untracked 
|  15|0x0000000604c00000, 0x0000000604c00000, 0x0000000605000000|  0%| F|  |TAMS 0x0000000604c00000, 0x0000000604c00000| Untracked 
|  16|0x0000000605000000, 0x0000000605000000, 0x0000000605400000|  0%| F|  |TAMS 0x0000000605000000, 0x0000000605000000| Untracked 
|  17|0x0000000605400000, 0x0000000605800000, 0x0000000605800000|100%| O|  |TAMS 0x0000000605400000, 0x0000000605400000| Untracked 
|  18|0x0000000605800000, 0x0000000605c00000, 0x0000000605c00000|100%| O|  |TAMS 0x0000000605800000, 0x0000000605800000| Untracked 
|  19|0x0000000605c00000, 0x0000000606000000, 0x0000000606000000|100%| O|  |TAMS 0x0000000605c00000, 0x0000000605c00000| Untracked 
|  20|0x0000000606000000, 0x0000000606162400, 0x0000000606400000| 34%| O|  |TAMS 0x0000000606000000, 0x0000000606000000| Untracked 
|  21|0x0000000606400000, 0x0000000606400000, 0x0000000606800000|  0%| F|  |TAMS 0x0000000606400000, 0x0000000606400000| Untracked 
|  22|0x0000000606800000, 0x0000000606800000, 0x0000000606c00000|  0%| F|  |TAMS 0x0000000606800000, 0x0000000606800000| Untracked 
|  23|0x0000000606c00000, 0x0000000606c00000, 0x0000000607000000|  0%| F|  |TAMS 0x0000000606c00000, 0x0000000606c00000| Untracked 
|  24|0x0000000607000000, 0x0000000607000000, 0x0000000607400000|  0%| F|  |TAMS 0x0000000607000000, 0x0000000607000000| Untracked 
|  25|0x0000000607400000, 0x0000000607400000, 0x0000000607800000|  0%| F|  |TAMS 0x0000000607400000, 0x0000000607400000| Untracked 
|  26|0x0000000607800000, 0x0000000607800000, 0x0000000607c00000|  0%| F|  |TAMS 0x0000000607800000, 0x0000000607800000| Untracked 
|  27|0x0000000607c00000, 0x0000000607c00000, 0x0000000608000000|  0%| F|  |TAMS 0x0000000607c00000, 0x0000000607c00000| Untracked 
|  28|0x0000000608000000, 0x0000000608000000, 0x0000000608400000|  0%| F|  |TAMS 0x0000000608000000, 0x0000000608000000| Untracked 
|  29|0x0000000608400000, 0x0000000608400000, 0x0000000608800000|  0%| F|  |TAMS 0x0000000608400000, 0x0000000608400000| Untracked 
|  30|0x0000000608800000, 0x0000000608800000, 0x0000000608c00000|  0%| F|  |TAMS 0x0000000608800000, 0x0000000608800000| Untracked 
|  31|0x0000000608c00000, 0x0000000608c00000, 0x0000000609000000|  0%| F|  |TAMS 0x0000000608c00000, 0x0000000608c00000| Untracked 
|  32|0x0000000609000000, 0x0000000609000000, 0x0000000609400000|  0%| F|  |TAMS 0x0000000609000000, 0x0000000609000000| Untracked 
|  69|0x0000000612400000, 0x0000000612660280, 0x0000000612800000| 59%| E|  |TAMS 0x0000000612400000, 0x0000000612400000| Complete 
| 125|0x0000000620400000, 0x0000000620800000, 0x0000000620800000|100%| S|CS|TAMS 0x0000000620400000, 0x0000000620400000| Complete 
| 127|0x0000000620c00000, 0x0000000621000000, 0x0000000621000000|100%| E|CS|TAMS 0x0000000620c00000, 0x0000000620c00000| Complete 
|2043|0x00000007ffc00000, 0x0000000800000000, 0x0000000800000000|100%| E|CS|TAMS 0x00000007ffc00000, 0x00000007ffc00000| Complete 

Card table byte_map: [0x0000021776340000,0x0000021777340000] _byte_map_base: 0x0000021773338000

Marking Bits (Prev, Next): (CMBitMap*) 0x000002176c8f8e60, (CMBitMap*) 0x000002176c8f8e20
 Prev Bits: [0x0000021716fc0000, 0x000002171ef80000)
 Next Bits: [0x000002170f000000, 0x0000021716fc0000)

Polling page: 0x000002176a7b0000

Metaspace:

Usage:
  Non-class:     22.48 MB capacity,    22.29 MB (>99%) used,   165.73 KB ( <1%) free+waste,    30.19 KB ( <1%) overhead. 
      Class:      2.89 MB capacity,     2.84 MB ( 98%) used,    46.12 KB (  2%) free+waste,    10.69 KB ( <1%) overhead. 
       Both:     25.38 MB capacity,    25.13 MB (>99%) used,   211.85 KB ( <1%) free+waste,    40.88 KB ( <1%) overhead. 

Virtual space:
  Non-class space:       24.00 MB reserved,      22.75 MB ( 95%) committed 
      Class space:        1.00 GB reserved,       3.00 MB ( <1%) committed 
             Both:        1.02 GB reserved,      25.75 MB (  2%) committed 

Chunk freelists:
   Non-Class:  81.00 KB
       Class:  12.00 KB
        Both:  93.00 KB

MaxMetaspaceSize: 17179869184.00 GB
CompressedClassSpaceSize: 1.00 GB

CodeHeap 'non-profiled nmethods': size=119168Kb used=905Kb max_used=905Kb free=118262Kb
 bounds [0x0000021707ba0000, 0x0000021707e10000, 0x000002170f000000]
CodeHeap 'profiled nmethods': size=119104Kb used=4107Kb max_used=4107Kb free=114996Kb
 bounds [0x0000021700750000, 0x0000021700b60000, 0x0000021707ba0000]
CodeHeap 'non-nmethods': size=7488Kb used=2219Kb max_used=3346Kb free=5268Kb
 bounds [0x0000021700000000, 0x0000021700350000, 0x0000021700750000]
 total_blobs=3208 nmethods=2154 adapters=965
 compilation: enabled
              stopped_count=0, restarted_count=0
 full_count=0

Compilation events (20 events):
Event: 2.655 Thread 0x000002177aa4b870 nmethod 2144 0x0000021700b41390 code [0x0000021700b41540, 0x0000021700b417b8]
Event: 2.655 Thread 0x0000021721462080 nmethod 2143 0x0000021700b41890 code [0x0000021700b41a40, 0x0000021700b41e38]
Event: 2.655 Thread 0x000002172179ed80 nmethod 2146 0x0000021700b41f90 code [0x0000021700b42120, 0x0000021700b422b8]
Event: 2.655 Thread 0x000002177aa4b870 2147       3       jogamp.opengl.util.jpeg.JPEGDecoder$BinObj::set (8 bytes)
Event: 2.655 Thread 0x000002177bd6aaf0 nmethod 2145 0x0000021700b42390 code [0x0000021700b42540, 0x0000021700b42938]
Event: 2.655 Thread 0x000002177aa4b870 nmethod 2147 0x0000021700b42b10 code [0x0000021700b42cc0, 0x0000021700b42f78]
Event: 2.672 Thread 0x000002177bd6aaf0 2148 % !   3       jogamp.opengl.util.jpeg.JPEGDecoder$Decoder::decodeScan @ 367 (806 bytes)
Event: 2.674 Thread 0x000002177bd6aaf0 nmethod 2148% 0x0000021700b43090 code [0x0000021700b43640, 0x0000021700b467b8]
Event: 2.674 Thread 0x000002177aa4b870 2149 % !   3       jogamp.opengl.util.jpeg.JPEGDecoder$Decoder::decodeScan @ 421 (806 bytes)
Event: 2.676 Thread 0x000002177aa4b870 nmethod 2149% 0x0000021700b48190 code [0x0000021700b48740, 0x0000021700b4b958]
Event: 2.978 Thread 0x000002177bd6aaf0 2151 % !   3       jogamp.opengl.util.jpeg.JPEGDecoder$Decoder::decodeScan @ 411 (806 bytes)
Event: 2.980 Thread 0x000002177bd6aaf0 nmethod 2151% 0x0000021700b4d310 code [0x0000021700b4d8c0, 0x0000021700b50ad8]
Event: 3.109 Thread 0x000002177bd6aaf0 2152       3       java.awt.event.ComponentEvent::<init> (7 bytes)
Event: 3.109 Thread 0x000002177bd6aaf0 nmethod 2152 0x0000021700b52490 code [0x0000021700b52640, 0x0000021700b52768]
Event: 3.213 Thread 0x000002177bd6aaf0 2153       3       java.util.concurrent.locks.ReentrantLock$Sync::isHeldExclusively (16 bytes)
Event: 3.213 Thread 0x000002177bd6aaf0 nmethod 2153 0x0000021700b52810 code [0x0000021700b529a0, 0x0000021700b52b38]
Event: 3.219 Thread 0x000002177aa478d0 2154       4       jogamp.opengl.util.jpeg.JPEGDecoder$Output::buildComponentData (213 bytes)
Event: 3.231 Thread 0x000002177aa478d0 nmethod 2154 0x0000021707c80f10 code [0x0000021707c81100, 0x0000021707c81d98]
Event: 3.253 Thread 0x000002177aa4b870 2155       3       java.awt.event.InputEvent::getModifiers (8 bytes)
Event: 3.253 Thread 0x000002177aa4b870 nmethod 2155 0x0000021700b52c10 code [0x0000021700b52da0, 0x0000021700b52e98]

GC Heap History (20 events):
Event: 1.837 GC heap before
{Heap before GC invocations=5 (full 0):
 garbage-first heap   total 45056K, used 21882K [0x0000000601000000, 0x0000000800000000)
  region size 4096K, 2 young (8192K), 1 survivors (4096K)
 Metaspace       used 23814K, capacity 24096K, committed 24192K, reserved 1071104K
  class space    used 2828K, capacity 2931K, committed 2944K, reserved 1048576K
}
Event: 1.839 GC heap after
{Heap after GC invocations=6 (full 0):
 garbage-first heap   total 45056K, used 22960K [0x0000000601000000, 0x0000000800000000)
  region size 4096K, 1 young (4096K), 1 survivors (4096K)
 Metaspace       used 23814K, capacity 24096K, committed 24192K, reserved 1071104K
  class space    used 2828K, capacity 2931K, committed 2944K, reserved 1048576K
}
Event: 1.840 GC heap before
{Heap before GC invocations=6 (full 0):
 garbage-first heap   total 45056K, used 27056K [0x0000000601000000, 0x0000000800000000)
  region size 4096K, 2 young (8192K), 1 survivors (4096K)
 Metaspace       used 23814K, capacity 24096K, committed 24192K, reserved 1071104K
  class space    used 2828K, capacity 2931K, committed 2944K, reserved 1048576K
}
Event: 1.841 GC heap after
{Heap after GC invocations=7 (full 0):
 garbage-first heap   total 45056K, used 27490K [0x0000000601000000, 0x0000000800000000)
  region size 4096K, 1 young (4096K), 1 survivors (4096K)
 Metaspace       used 23814K, capacity 24096K, committed 24192K, reserved 1071104K
  class space    used 2828K, capacity 2931K, committed 2944K, reserved 1048576K
}
Event: 1.842 GC heap before
{Heap before GC invocations=7 (full 0):
 garbage-first heap   total 45056K, used 31586K [0x0000000601000000, 0x0000000800000000)
  region size 4096K, 2 young (8192K), 1 survivors (4096K)
 Metaspace       used 23814K, capacity 24096K, committed 24192K, reserved 1071104K
  class space    used 2828K, capacity 2931K, committed 2944K, reserved 1048576K
}
Event: 1.843 GC heap after
{Heap after GC invocations=8 (full 0):
 garbage-first heap   total 45056K, used 31918K [0x0000000601000000, 0x0000000800000000)
  region size 4096K, 1 young (4096K), 1 survivors (4096K)
 Metaspace       used 23814K, capacity 24096K, committed 24192K, reserved 1071104K
  class space    used 2828K, capacity 2931K, committed 2944K, reserved 1048576K
}
Event: 1.845 GC heap before
{Heap before GC invocations=8 (full 0):
 garbage-first heap   total 45056K, used 36014K [0x0000000601000000, 0x0000000800000000)
  region size 4096K, 2 young (8192K), 1 survivors (4096K)
 Metaspace       used 23814K, capacity 24096K, committed 24192K, reserved 1071104K
  class space    used 2828K, capacity 2931K, committed 2944K, reserved 1048576K
}
Event: 1.846 GC heap after
{Heap after GC invocations=9 (full 0):
 garbage-first heap   total 49152K, used 36632K [0x0000000601000000, 0x0000000800000000)
  region size 4096K, 1 young (4096K), 1 survivors (4096K)
 Metaspace       used 23814K, capacity 24096K, committed 24192K, reserved 1071104K
  class space    used 2828K, capacity 2931K, committed 2944K, reserved 1048576K
}
Event: 2.134 GC heap before
{Heap before GC invocations=10 (full 0):
 garbage-first heap   total 77824K, used 40728K [0x0000000601000000, 0x0000000800000000)
  region size 4096K, 2 young (8192K), 1 survivors (4096K)
 Metaspace       used 23844K, capacity 24160K, committed 24448K, reserved 1071104K
  class space    used 2829K, capacity 2931K, committed 2944K, reserved 1048576K
}
Event: 2.135 GC heap after
{Heap after GC invocations=11 (full 0):
 garbage-first heap   total 77824K, used 41283K [0x0000000601000000, 0x0000000800000000)
  region size 4096K, 1 young (4096K), 1 survivors (4096K)
 Metaspace       used 23844K, capacity 24160K, committed 24448K, reserved 1071104K
  class space    used 2829K, capacity 2931K, committed 2944K, reserved 1048576K
}
Event: 2.241 GC heap before
{Heap before GC invocations=11 (full 0):
 garbage-first heap   total 77824K, used 45379K [0x0000000601000000, 0x0000000800000000)
  region size 4096K, 2 young (8192K), 1 survivors (4096K)
 Metaspace       used 23926K, capacity 24224K, committed 24448K, reserved 1071104K
  class space    used 2835K, capacity 2931K, committed 2944K, reserved 1048576K
}
Event: 2.242 GC heap after
{Heap after GC invocations=12 (full 0):
 garbage-first heap   total 77824K, used 39755K [0x0000000601000000, 0x0000000800000000)
  region size 4096K, 1 young (4096K), 1 survivors (4096K)
 Metaspace       used 23926K, capacity 24224K, committed 24448K, reserved 1071104K
  class space    used 2835K, capacity 2931K, committed 2944K, reserved 1048576K
}
Event: 2.242 GC heap before
{Heap before GC invocations=12 (full 0):
 garbage-first heap   total 77824K, used 43851K [0x0000000601000000, 0x0000000800000000)
  region size 4096K, 2 young (8192K), 1 survivors (4096K)
 Metaspace       used 23926K, capacity 24224K, committed 24448K, reserved 1071104K
  class space    used 2835K, capacity 2931K, committed 2944K, reserved 1048576K
}
Event: 2.244 GC heap after
{Heap after GC invocations=13 (full 0):
 garbage-first heap   total 77824K, used 43556K [0x0000000601000000, 0x0000000800000000)
  region size 4096K, 1 young (4096K), 1 survivors (4096K)
 Metaspace       used 23926K, capacity 24224K, committed 24448K, reserved 1071104K
  class space    used 2835K, capacity 2931K, committed 2944K, reserved 1048576K
}
Event: 2.245 GC heap before
{Heap before GC invocations=13 (full 0):
 garbage-first heap   total 77824K, used 47652K [0x0000000601000000, 0x0000000800000000)
  region size 4096K, 2 young (8192K), 1 survivors (4096K)
 Metaspace       used 23926K, capacity 24224K, committed 24448K, reserved 1071104K
  class space    used 2835K, capacity 2931K, committed 2944K, reserved 1048576K
}
Event: 2.247 GC heap after
{Heap after GC invocations=14 (full 0):
 garbage-first heap   total 303104K, used 47902K [0x0000000601000000, 0x0000000800000000)
  region size 4096K, 1 young (4096K), 1 survivors (4096K)
 Metaspace       used 23926K, capacity 24224K, committed 24448K, reserved 1071104K
  class space    used 2835K, capacity 2931K, committed 2944K, reserved 1048576K
}
Event: 2.961 GC heap before
{Heap before GC invocations=15 (full 0):
 garbage-first heap   total 151552K, used 109342K [0x0000000601000000, 0x0000000800000000)
  region size 4096K, 20 young (81920K), 1 survivors (4096K)
 Metaspace       used 25726K, capacity 25987K, committed 26368K, reserved 1073152K
  class space    used 2906K, capacity 2964K, committed 3072K, reserved 1048576K
}
Event: 2.968 GC heap after
{Heap after GC invocations=16 (full 0):
 garbage-first heap   total 151552K, used 67422K [0x0000000601000000, 0x0000000800000000)
  region size 4096K, 3 young (12288K), 3 survivors (12288K)
 Metaspace       used 25726K, capacity 25987K, committed 26368K, reserved 1073152K
  class space    used 2906K, capacity 2964K, committed 3072K, reserved 1048576K
}
Event: 2.968 GC heap before
{Heap before GC invocations=16 (full 0):
 garbage-first heap   total 151552K, used 71518K [0x0000000601000000, 0x0000000800000000)
  region size 4096K, 4 young (16384K), 3 survivors (12288K)
 Metaspace       used 25726K, capacity 25987K, committed 26368K, reserved 1073152K
  class space    used 2906K, capacity 2964K, committed 3072K, reserved 1048576K
}
Event: 2.971 GC heap after
{Heap after GC invocations=17 (full 0):
 garbage-first heap   total 151552K, used 61607K [0x0000000601000000, 0x0000000800000000)
  region size 4096K, 1 young (4096K), 1 survivors (4096K)
 Metaspace       used 25726K, capacity 25987K, committed 26368K, reserved 1073152K
  class space    used 2906K, capacity 2964K, committed 3072K, reserved 1048576K
}

Deoptimization events (20 events):
Event: 2.883 Thread 0x000002177c1c1b40 Uncommon trap: trap_request=0xffffff45 fr.pc=0x0000021707c6d7bc relative=0x000000000000025c
Event: 2.883 Thread 0x000002177c1c1b40 Uncommon trap: reason=unstable_if action=reinterpret pc=0x0000021707c6d7bc method=jogamp.opengl.util.jpeg.JPEGDecoder$Decoder.decodeScan(Ljogamp/opengl/util/jpeg/JPEGDecoder$Frame;Ljava/util/ArrayList;IIIII)I @ 370 c2
Event: 2.883 Thread 0x000002177c1c1b40 DEOPT PACKING pc=0x0000021707c6d7bc sp=0x00000031adffe070
Event: 2.883 Thread 0x000002177c1c1b40 DEOPT UNPACKING pc=0x000002170004e42f sp=0x00000031adffe038 mode 2
Event: 2.883 Thread 0x000002177c1c1b40 DEOPT PACKING pc=0x0000021700b33b6a sp=0x00000031adffe050
Event: 2.883 Thread 0x000002177c1c1b40 DEOPT UNPACKING pc=0x000002170004e23f sp=0x00000031adffd580 mode 0
Event: 2.903 Thread 0x000002177c1c1b40 DEOPT PACKING pc=0x0000021700b33b6a sp=0x00000031adffe050
Event: 2.903 Thread 0x000002177c1c1b40 DEOPT UNPACKING pc=0x000002170004e23f sp=0x00000031adffd580 mode 0
Event: 2.909 Thread 0x000002177c1c1b40 DEOPT PACKING pc=0x0000021700b33b6a sp=0x00000031adffe050
Event: 2.909 Thread 0x000002177c1c1b40 DEOPT UNPACKING pc=0x000002170004e23f sp=0x00000031adffd580 mode 0
Event: 2.976 Thread 0x000002177c1c1b40 DEOPT PACKING pc=0x0000021700afaae3 sp=0x00000031adffdff0
Event: 2.976 Thread 0x000002177c1c1b40 DEOPT UNPACKING pc=0x000002170004e23f sp=0x00000031adffd538 mode 0
Event: 2.985 Thread 0x000002177c1c1b40 DEOPT PACKING pc=0x0000021700b4b276 sp=0x00000031adffdef0
Event: 2.985 Thread 0x000002177c1c1b40 DEOPT UNPACKING pc=0x000002170004e23f sp=0x00000031adffd538 mode 0
Event: 3.219 Thread 0x000002177c1c1b40 Uncommon trap: trap_request=0xffffff45 fr.pc=0x0000021707c6a168 relative=0x0000000000000788
Event: 3.219 Thread 0x000002177c1c1b40 Uncommon trap: reason=unstable_if action=reinterpret pc=0x0000021707c6a168 method=jogamp.opengl.util.jpeg.JPEGDecoder$Decoder.decodeScan(Ljogamp/opengl/util/jpeg/JPEGDecoder$Frame;Ljava/util/ArrayList;IIIII)I @ 370 c2
Event: 3.219 Thread 0x000002177c1c1b40 DEOPT PACKING pc=0x0000021707c6a168 sp=0x00000031adffe070
Event: 3.219 Thread 0x000002177c1c1b40 DEOPT UNPACKING pc=0x000002170004e42f sp=0x00000031adffe038 mode 2
Event: 3.219 Thread 0x000002177c1c1b40 DEOPT PACKING pc=0x0000021700b33b6a sp=0x00000031adffe050
Event: 3.219 Thread 0x000002177c1c1b40 DEOPT UNPACKING pc=0x000002170004e23f sp=0x00000031adffd580 mode 0

Classes unloaded (0 events):
No events

Classes redefined (0 events):
No events

Internal exceptions (20 events):
Event: 0.137 Thread 0x000002177c1c1b40 Exception <a 'java/lang/NoSuchMethodError'{0x0000000620a2e3d8}: 'java.lang.Object java.lang.invoke.DirectMethodHandle$Holder.newInvokeSpecial(java.lang.Object, java.lang.Object, java.lang.Object, java.lang.Object, java.lang.Object)'> (0x0000000620a2e3d8) 
thrown [./open/src/hotspot/share/interpreter/linkResolver.cpp, line 782]
Event: 0.138 Thread 0x000002177c1c1b40 Exception <a 'java/lang/NoSuchMethodError'{0x0000000620a39e68}: 'java.lang.Object java.lang.invoke.DirectMethodHandle$Holder.invokeStatic(java.lang.Object, int, java.lang.Object, java.lang.Object, java.lang.Object, java.lang.Object)'> (0x0000000620a39e68) 
thrown [./open/src/hotspot/share/interpreter/linkResolver.cpp, line 782]
Event: 0.140 Thread 0x000002177c1c1b40 Exception <a 'java/lang/NoSuchMethodError'{0x0000000620a60110}: 'java.lang.Object java.lang.invoke.DirectMethodHandle$Holder.invokeStatic(java.lang.Object, int, java.lang.Object)'> (0x0000000620a60110) 
thrown [./open/src/hotspot/share/interpreter/linkResolver.cpp, line 782]
Event: 0.155 Thread 0x000002177c1c1b40 Exception <a 'java/lang/ClassNotFoundException'{0x0000000620b1b2f8}: com/sun/swing/internal/plaf/metal/resources/spi/metalProvider> (0x0000000620b1b2f8) 
thrown [./open/src/hotspot/share/classfile/systemDictionary.cpp, line 295]
Event: 0.156 Thread 0x000002177c1c1b40 Exception <a 'java/lang/ClassNotFoundException'{0x0000000620b1f508}: com/sun/swing/internal/plaf/basic/resources/spi/basicProvider> (0x0000000620b1f508) 
thrown [./open/src/hotspot/share/classfile/systemDictionary.cpp, line 295]
Event: 0.178 Thread 0x000002177c1c1b40 Implicit null exception at 0x0000021707bccb74 to 0x0000021707bcd144
Event: 0.228 Thread 0x000002177c1c1b40 Exception <a 'java/lang/NoSuchMethodError'{0x0000000620644868}: 'void java.lang.invoke.DirectMethodHandle$Holder.invokeStatic(java.lang.Object, java.lang.Object)'> (0x0000000620644868) 
thrown [./open/src/hotspot/share/interpreter/linkResolver.cpp, line 782]
Event: 0.228 Thread 0x000002177c1c1b40 Exception <a 'java/lang/NoSuchMethodError'{0x0000000620648650}: 'void java.lang.invoke.DirectMethodHandle$Holder.invokeStaticInit(java.lang.Object, java.lang.Object)'> (0x0000000620648650) 
thrown [./open/src/hotspot/share/interpreter/linkResolver.cpp, line 782]
Event: 0.232 Thread 0x000002177c1c1b40 Exception <a 'java/lang/NoSuchMethodError'{0x00000006206755d0}: 'java.lang.Object java.lang.invoke.DirectMethodHandle$Holder.invokeStaticInit(java.lang.Object, int, int, int, int)'> (0x00000006206755d0) 
thrown [./open/src/hotspot/share/interpreter/linkResolver.cpp, line 782]
Event: 0.259 Thread 0x000002177c1c1b40 Exception <a 'java/lang/NoSuchMethodError'{0x00000006206d9150}: 'java.lang.Object java.lang.invoke.DirectMethodHandle$Holder.invokeStaticInit(java.lang.Object, java.lang.Object, int, int, int, int)'> (0x00000006206d9150) 
thrown [./open/src/hotspot/share/interpreter/linkResolver.cpp, line 782]
Event: 0.274 Thread 0x000002177c1c1b40 Exception <a 'java/lang/NoSuchMethodError'{0x00000006206e9ab8}: 'void java.lang.invoke.DirectMethodHandle$Holder.invokeStatic(java.lang.Object, long)'> (0x00000006206e9ab8) 
thrown [./open/src/hotspot/share/interpreter/linkResolver.cpp, line 782]
Event: 0.274 Thread 0x000002177c1c1b40 Exception <a 'java/lang/NoSuchMethodError'{0x00000006206ef390}: 'java.lang.Object java.lang.invoke.DirectMethodHandle$Holder.newInvokeSpecial(java.lang.Object, long)'> (0x00000006206ef390) 
thrown [./open/src/hotspot/share/interpreter/linkResolver.cpp, line 782]
Event: 0.275 Thread 0x000002177c1c1b40 Exception <a 'java/lang/NoSuchMethodError'{0x00000006206f9eb8}: 'java.lang.Object java.lang.invoke.DirectMethodHandle$Holder.invokeStaticInit(java.lang.Object, java.lang.Object, long, java.lang.Object)'> (0x00000006206f9eb8) 
thrown [./open/src/hotspot/share/interpreter/linkResolver.cpp, line 782]
Event: 0.276 Thread 0x000002177c1c1b40 Exception <a 'java/lang/NoSuchMethodError'{0x00000006207008e0}: 'java.lang.Object java.lang.invoke.DirectMethodHandle$Holder.newInvokeSpecial(java.lang.Object, java.lang.Object, long)'> (0x00000006207008e0) 
thrown [./open/src/hotspot/share/interpreter/linkResolver.cpp, line 782]
Event: 0.276 Thread 0x000002177c1c1b40 Exception <a 'java/lang/NoSuchMethodError'{0x0000000620704650}: 'java.lang.Object java.lang.invoke.Invokers$Holder.linkToTargetMethod(java.lang.Object, long, java.lang.Object)'> (0x0000000620704650) 
thrown [./open/src/hotspot/share/interpreter/linkResolver.cpp, line 782]
Event: 1.233 Thread 0x000002177c1c1b40 Implicit null exception at 0x0000021707be922b to 0x0000021707be94a8
Event: 1.257 Thread 0x000002177c1c1b40 Exception <a 'java/lang/NoSuchMethodError'{0x0000000620467178}: 'void java.lang.invoke.DirectMethodHandle$Holder.invokeStaticInit(java.lang.Object)'> (0x0000000620467178) 
thrown [./open/src/hotspot/share/interpreter/linkResolver.cpp, line 782]
Event: 1.270 Thread 0x000002177c690fc0 Exception <a 'java/lang/NoSuchMethodError'{0x0000000620591ed8}: 'java.lang.Object java.lang.invoke.DirectMethodHandle$Holder.newInvokeSpecial(java.lang.Object, java.lang.Object, java.lang.Object, int, int, int, int, int)'> (0x0000000620591ed8) 
thrown [./open/src/hotspot/share/interpreter/linkResolver.cpp, line 782]
Event: 1.296 Thread 0x000002177c1c1b40 Exception <a 'java/lang/NoSuchMethodError'{0x00000006207357c0}: 'java.lang.Object java.lang.invoke.DirectMethodHandle$Holder.invokeInterface(java.lang.Object, java.lang.Object)'> (0x00000006207357c0) 
thrown [./open/src/hotspot/share/interpreter/linkResolver.cpp, line 782]
Event: 2.630 Thread 0x000002177c1c1b40 Exception <a 'java/lang/NoSuchMethodError'{0x00000006085692b8}: 'double java.lang.invoke.DirectMethodHandle$Holder.invokeStatic(java.lang.Object, java.lang.Object)'> (0x00000006085692b8) 
thrown [./open/src/hotspot/share/interpreter/linkResolver.cpp, line 782]

Events (20 events):
Event: 2.632 loading class java/util/stream/Node$Builder
Event: 2.632 loading class java/util/stream/Node$Builder done
Event: 2.632 loading class java/util/stream/Sink$OfDouble
Event: 2.632 loading class java/util/function/DoubleConsumer
Event: 2.632 loading class java/util/function/DoubleConsumer done
Event: 2.632 loading class java/util/stream/Sink$OfDouble done
Event: 2.632 loading class java/util/stream/Node$Builder$OfDouble done
Event: 2.632 loading class java/util/stream/Nodes$DoubleArrayNode
Event: 2.632 loading class java/util/stream/Nodes$DoubleArrayNode done
Event: 2.632 loading class java/util/stream/Nodes$DoubleFixedNodeBuilder done
Event: 2.632 loading class java/util/stream/ReferencePipeline$6$1
Event: 2.632 loading class java/util/stream/ReferencePipeline$6$1 done
Event: 2.960 Executing VM operation: G1CollectForAllocation
Event: 2.968 Executing VM operation: G1CollectForAllocation done
Event: 2.968 Executing VM operation: HandshakeAllThreads
Event: 2.968 Executing VM operation: HandshakeAllThreads done
Event: 2.968 Executing VM operation: G1CollectForAllocation
Event: 2.971 Executing VM operation: G1CollectForAllocation done
Event: 3.213 Thread 0x000002172179ed80 Thread exited: 0x000002172179ed80
Event: 3.219 Thread 0x0000021721462080 Thread exited: 0x0000021721462080


Dynamic libraries:
0x00007ff7e0a80000 - 0x00007ff7e0a8f000 	C:\Program Files\Java\jdk-15.0.2\bin\java.exe
0x00007ffcde1d0000 - 0x00007ffcde3c8000 	C:\WINDOWS\SYSTEM32\ntdll.dll
0x00007ffcdc5d0000 - 0x00007ffcdc692000 	C:\WINDOWS\System32\KERNEL32.DLL
0x00007ffcdbba0000 - 0x00007ffcdbe9e000 	C:\WINDOWS\System32\KERNELBASE.dll
0x00007ffcdb910000 - 0x00007ffcdba10000 	C:\WINDOWS\System32\ucrtbase.dll
0x00007ffcd7660000 - 0x00007ffcd7679000 	C:\Program Files\Java\jdk-15.0.2\bin\VCRUNTIME140.dll
0x00007ffcd58d0000 - 0x00007ffcd58e8000 	C:\Program Files\Java\jdk-15.0.2\bin\jli.dll
0x00007ffcdc390000 - 0x00007ffcdc442000 	C:\WINDOWS\System32\ADVAPI32.dll
0x00007ffcdc9f0000 - 0x00007ffcdca8e000 	C:\WINDOWS\System32\msvcrt.dll
0x00007ffcdc950000 - 0x00007ffcdc9f0000 	C:\WINDOWS\System32\sechost.dll
0x00007ffcdc6a0000 - 0x00007ffcdc7c3000 	C:\WINDOWS\System32\RPCRT4.dll
0x00007ffcdbb70000 - 0x00007ffcdbb97000 	C:\WINDOWS\System32\bcrypt.dll
0x00007ffcdcbc0000 - 0x00007ffcdcd5d000 	C:\WINDOWS\System32\USER32.dll
0x00007ffcdc0c0000 - 0x00007ffcdc0e2000 	C:\WINDOWS\System32\win32u.dll
0x00007ffcc4f00000 - 0x00007ffcc519a000 	C:\WINDOWS\WinSxS\amd64_microsoft.windows.common-controls_6595b64144ccf1df_6.0.19041.4355_none_60b8b9eb71f62e16\COMCTL32.dll
0x00007ffcdc460000 - 0x00007ffcdc48b000 	C:\WINDOWS\System32\GDI32.dll
0x00007ffcdbfa0000 - 0x00007ffcdc0b7000 	C:\WINDOWS\System32\gdi32full.dll
0x00007ffcdb870000 - 0x00007ffcdb90d000 	C:\WINDOWS\System32\msvcp_win.dll
0x00007ffcd49c0000 - 0x00007ffcd49ca000 	C:\WINDOWS\SYSTEM32\VERSION.dll
0x00007ffcdc830000 - 0x00007ffcdc85f000 	C:\WINDOWS\System32\IMM32.DLL
0x00007ffcd58c0000 - 0x00007ffcd58cc000 	C:\Program Files\Java\jdk-15.0.2\bin\vcruntime140_1.dll
0x00007ffcc4960000 - 0x00007ffcc49f1000 	C:\Program Files\Java\jdk-15.0.2\bin\msvcp140.dll
0x00007ffc16f20000 - 0x00007ffc17a7e000 	C:\Program Files\Java\jdk-15.0.2\bin\server\jvm.dll
0x00007ffcdcdc0000 - 0x00007ffcdcdc8000 	C:\WINDOWS\System32\PSAPI.DLL
0x00007ffcb8a70000 - 0x00007ffcb8a79000 	C:\WINDOWS\SYSTEM32\WSOCK32.dll
0x00007ffccf280000 - 0x00007ffccf2a7000 	C:\WINDOWS\SYSTEM32\WINMM.dll
0x00007ffcde040000 - 0x00007ffcde0ab000 	C:\WINDOWS\System32\WS2_32.dll
0x00007ffcda0a0000 - 0x00007ffcda0b2000 	C:\WINDOWS\SYSTEM32\kernel.appcore.dll
0x00007ffcd09c0000 - 0x00007ffcd09ca000 	C:\Program Files\Java\jdk-15.0.2\bin\jimage.dll
0x00007ffcd9410000 - 0x00007ffcd95f4000 	C:\WINDOWS\SYSTEM32\DBGHELP.DLL
0x00007ffcad550000 - 0x00007ffcad584000 	C:\WINDOWS\SYSTEM32\dbgcore.DLL
0x00007ffcdbf10000 - 0x00007ffcdbf92000 	C:\WINDOWS\System32\bcryptPrimitives.dll
0x00007ffccf5b0000 - 0x00007ffccf5d5000 	C:\Program Files\Java\jdk-15.0.2\bin\java.dll
0x00007ffcdd3c0000 - 0x00007ffcddb2f000 	C:\WINDOWS\System32\SHELL32.dll
0x00007ffcd9880000 - 0x00007ffcda024000 	C:\WINDOWS\SYSTEM32\windows.storage.dll
0x00007ffcddce0000 - 0x00007ffcde033000 	C:\WINDOWS\System32\combase.dll
0x00007ffcdb2a0000 - 0x00007ffcdb2ce000 	C:\WINDOWS\SYSTEM32\Wldp.dll
0x00007ffcdcdd0000 - 0x00007ffcdce9d000 	C:\WINDOWS\System32\OLEAUT32.dll
0x00007ffcdcea0000 - 0x00007ffcdcf4d000 	C:\WINDOWS\System32\SHCORE.dll
0x00007ffcdc890000 - 0x00007ffcdc8e5000 	C:\WINDOWS\System32\shlwapi.dll
0x00007ffcdb7a0000 - 0x00007ffcdb7c4000 	C:\WINDOWS\SYSTEM32\profapi.dll
0x00007ffcd09a0000 - 0x00007ffcd09b9000 	C:\Program Files\Java\jdk-15.0.2\bin\net.dll
0x00007ffcd4320000 - 0x00007ffcd442d000 	C:\WINDOWS\SYSTEM32\WINHTTP.dll
0x00007ffcdafb0000 - 0x00007ffcdb01a000 	C:\WINDOWS\system32\mswsock.dll
0x00007ffccf590000 - 0x00007ffccf5a2000 	C:\Program Files\Java\jdk-15.0.2\bin\nio.dll
0x00007ffccf570000 - 0x00007ffccf588000 	C:\Program Files\Java\jdk-15.0.2\bin\zip.dll
0x00007ffcadba0000 - 0x00007ffcadd20000 	C:\Program Files\Java\jdk-15.0.2\bin\awt.dll
0x00007ffcd7c60000 - 0x00007ffcd7cf4000 	C:\WINDOWS\SYSTEM32\apphelp.dll
0x00007ffcd8380000 - 0x00007ffcd841e000 	C:\WINDOWS\system32\uxtheme.dll
0x00007ffcdc270000 - 0x00007ffcdc385000 	C:\WINDOWS\System32\MSCTF.dll
0x00007ffcdca90000 - 0x00007ffcdcbbb000 	C:\WINDOWS\System32\ole32.dll
0x00007ffcd8700000 - 0x00007ffcd872f000 	C:\WINDOWS\system32\DWMAPI.DLL
0x00007ffccf560000 - 0x00007ffccf570000 	C:\Program Files\Java\jdk-15.0.2\bin\verify.dll
0x00007ffcdb1d0000 - 0x00007ffcdb1e8000 	C:\WINDOWS\SYSTEM32\CRYPTSP.dll
0x00007ffcda810000 - 0x00007ffcda844000 	C:\WINDOWS\system32\rsaenh.dll
0x00007ffcdb760000 - 0x00007ffcdb78e000 	C:\WINDOWS\SYSTEM32\USERENV.dll
0x00007ffcdb1f0000 - 0x00007ffcdb1fc000 	C:\WINDOWS\SYSTEM32\CRYPTBASE.dll
0x00007ffcdac30000 - 0x00007ffcdac6b000 	C:\WINDOWS\SYSTEM32\IPHLPAPI.DLL
0x00007ffcdc450000 - 0x00007ffcdc458000 	C:\WINDOWS\System32\NSI.dll
0x00007ffcd51b0000 - 0x00007ffcd51c7000 	C:\WINDOWS\SYSTEM32\dhcpcsvc6.DLL
0x00007ffcd5010000 - 0x00007ffcd502d000 	C:\WINDOWS\SYSTEM32\dhcpcsvc.DLL
0x00007ffcdac70000 - 0x00007ffcdad3a000 	C:\WINDOWS\SYSTEM32\DNSAPI.dll
0x00007ffccf340000 - 0x00007ffccf353000 	C:\Users\Diego\AppData\Local\Temp\jogamp_0000\file_cache\jln13565327194004351520\jln251341840461890906\natives\windows-amd64\gluegen_rt.dll
0x00007ffccf4f0000 - 0x00007ffccf4f7000 	C:\Program Files\Java\jdk-15.0.2\bin\jawt.dll
0x00007ffcc4a90000 - 0x00007ffcc4a9d000 	C:\Users\Diego\AppData\Local\Temp\jogamp_0000\file_cache\jln13565327194004351520\jln251341840461890906\natives\windows-amd64\nativewindow_awt.dll
0x00007ffc4bc30000 - 0x00007ffc4bd58000 	C:\WINDOWS\system32\opengl32.dll
0x00007ffc4a420000 - 0x00007ffc4a44c000 	C:\WINDOWS\SYSTEM32\GLU32.dll
0x00007ffc806a0000 - 0x00007ffc80871000 	C:\WINDOWS\system32\d3d9.dll
0x00007ffcce5f0000 - 0x00007ffcce6b1000 	C:\WINDOWS\System32\DriverStore\FileRepository\nv_dispig.inf_amd64_0afec3f2050014a0\nvldumdx.dll
0x00007ffcdb430000 - 0x00007ffcdb442000 	C:\WINDOWS\SYSTEM32\msasn1.dll
0x00007ffcd46a0000 - 0x00007ffcd46d1000 	C:\WINDOWS\SYSTEM32\cryptnet.dll
0x00007ffcdba10000 - 0x00007ffcdbb6c000 	C:\WINDOWS\System32\CRYPT32.dll
0x00007ffcd3a10000 - 0x00007ffcd3b57000 	C:\WINDOWS\SYSTEM32\drvstore.dll
0x00007ffcdb600000 - 0x00007ffcdb633000 	C:\WINDOWS\SYSTEM32\devobj.dll
0x00007ffcdc1a0000 - 0x00007ffcdc1ee000 	C:\WINDOWS\System32\cfgmgr32.dll
0x00007ffcdbea0000 - 0x00007ffcdbf09000 	C:\WINDOWS\System32\wintrust.dll
0x00007ffcdc870000 - 0x00007ffcdc88d000 	C:\WINDOWS\System32\imagehlp.dll
0x00007ffccba40000 - 0x00007ffccda2e000 	C:\WINDOWS\System32\DriverStore\FileRepository\nv_dispig.inf_amd64_0afec3f2050014a0\nvgpucomp64.dll
0x00007ffc15480000 - 0x00007ffc16f14000 	C:\WINDOWS\System32\DriverStore\FileRepository\nv_dispig.inf_amd64_0afec3f2050014a0\nvd3dumx.dll
0x00007ffcda070000 - 0x00007ffcda093000 	C:\WINDOWS\SYSTEM32\gpapi.dll
0x00007ffc80540000 - 0x00007ffc80695000 	C:\WINDOWS\System32\DriverStore\FileRepository\nv_dispig.inf_amd64_0afec3f2050014a0\nvppex.dll
0x00007ffcceb40000 - 0x00007ffcceb7b000 	C:\WINDOWS\SYSTEM32\dxcore.dll
0x00007ffcc4a70000 - 0x00007ffcc4a85000 	C:\Users\Diego\AppData\Local\Temp\jogamp_0000\file_cache\jln13565327194004351520\jln251341840461890906\natives\windows-amd64\nativewindow_win32.dll
0x00007ffcc48d0000 - 0x00007ffcc4953000 	C:\Users\Diego\AppData\Local\Temp\jogamp_0000\file_cache\jln13565327194004351520\jln251341840461890906\natives\windows-amd64\jogl_desktop.dll
0x00007ffcbfdc0000 - 0x00007ffcbfe12000 	C:\Users\Diego\AppData\Local\Temp\jogamp_0000\file_cache\jln13565327194004351520\jln251341840461890906\natives\windows-amd64\jogl_mobile.dll
0x00007ffcdc490000 - 0x00007ffcdc539000 	C:\WINDOWS\System32\clbcatq.dll
0x00007ffcd4ca0000 - 0x00007ffcd4da2000 	C:\Windows\System32\AppXDeploymentClient.dll
0x00007ffc47e30000 - 0x00007ffc4a418000 	C:\WINDOWS\System32\DriverStore\FileRepository\nv_dispig.inf_amd64_0afec3f2050014a0\nvoglv64.dll
0x00007ffcdcf50000 - 0x00007ffcdd3be000 	C:\WINDOWS\System32\SETUPAPI.dll
0x00007ffcd7810000 - 0x00007ffcd7824000 	C:\WINDOWS\SYSTEM32\WTSAPI32.dll
0x00007ffcdaac0000 - 0x00007ffcdaaf3000 	C:\WINDOWS\SYSTEM32\ntmarta.dll
0x00007ffcdaf60000 - 0x00007ffcdafab000 	C:\WINDOWS\SYSTEM32\powrprof.dll
0x00007ffcdaeb0000 - 0x00007ffcdaec2000 	C:\WINDOWS\SYSTEM32\UMPDC.dll
0x00007ffcdaa60000 - 0x00007ffcdaabb000 	C:\WINDOWS\SYSTEM32\WINSTA.dll
0x00007ffcbf090000 - 0x00007ffcbf115000 	C:\Program Files\Java\jdk-15.0.2\bin\freetype.dll
0x00007ffcbece0000 - 0x00007ffcbed89000 	C:\Program Files\Java\jdk-15.0.2\bin\fontmanager.dll
0x00007ffcce2e0000 - 0x00007ffcce3d9000 	C:\WINDOWS\SYSTEM32\textinputframework.dll
0x00007ffcd6a90000 - 0x00007ffcd6deb000 	C:\WINDOWS\System32\CoreUIComponents.dll
0x00007ffcd7280000 - 0x00007ffcd7372000 	C:\WINDOWS\System32\CoreMessaging.dll
0x00007ffcd7b00000 - 0x00007ffcd7c57000 	C:\WINDOWS\SYSTEM32\wintypes.dll
0x00007ffcc4e90000 - 0x00007ffcc4ef6000 	C:\WINDOWS\system32\Oleacc.dll

dbghelp: loaded successfully - version: 4.0.5 - missing functions: none
symbol engine: initialized successfully - sym options: 0x614 - pdb path: .;C:\Program Files\Java\jdk-15.0.2\bin;C:\WINDOWS\SYSTEM32;C:\WINDOWS\WinSxS\amd64_microsoft.windows.common-controls_6595b64144ccf1df_6.0.19041.4355_none_60b8b9eb71f62e16;C:\Program Files\Java\jdk-15.0.2\bin\server;C:\Users\Diego\AppData\Local\Temp\jogamp_0000\file_cache\jln13565327194004351520\jln251341840461890906\natives\windows-amd64;C:\WINDOWS\System32\DriverStore\FileRepository\nv_dispig.inf_amd64_0afec3f2050014a0

VM Arguments:
jvm_args: -Dfile.encoding=UTF-8 
java_command: mampos.Mampos
java_class_path (initial): C:\tesisEstructural\gson-2.11.0.jar;C:\tesisEstructural\pdf4j-icepdf-core-6.1.1.jar;C:\tesisEstructural\pdf4j-icepdf-viewer-6.1.1.jar;C:\tesisEstructural\sqlite-jdbc-3.46.1.3.jar;C:\tesisEstructural\UJMP\ujmp-complete-0.3.0.jar;C:\tesisEstructural\JOGL\JOML\joml-1.10.7.jar;C:\tesisEstructural\JOGL\jogamp-all-platforms\jar\gluegen-rt.jar;C:\tesisEstructural\JOGL\jogamp-all-platforms\jar\jogl-all.jar;C:\tesisEstructural\df_1.1.3p1\dock\bin\docking-frames-common.jar;C:\tesisEstructural\df_1.1.3p1\dock\bin\docking-frames-core.jar;C:\tesisEstructural\Mampos\build\classes
Launcher Type: SUN_STANDARD

[Global flags]
     intx CICompilerCount                          = 12                                        {product} {ergonomic}
     uint ConcGCThreads                            = 3                                         {product} {ergonomic}
     uint G1ConcRefinementThreads                  = 13                                        {product} {ergonomic}
   size_t G1HeapRegionSize                         = 4194304                                   {product} {ergonomic}
    uintx GCDrainStackTargetSize                   = 64                                        {product} {ergonomic}
   size_t InitialHeapSize                          = 536870912                                 {product} {ergonomic}
   size_t MarkStackSize                            = 4194304                                   {product} {ergonomic}
   size_t MaxHeapSize                              = 8573157376                                {product} {ergonomic}
   size_t MaxNewSize                               = 5142216704                                {product} {ergonomic}
   size_t MinHeapDeltaBytes                        = 4194304                                   {product} {ergonomic}
   size_t MinHeapSize                              = 8388608                                   {product} {ergonomic}
    uintx NonNMethodCodeHeapSize                   = 7602480                                {pd product} {ergonomic}
    uintx NonProfiledCodeHeapSize                  = 122027880                              {pd product} {ergonomic}
    uintx ProfiledCodeHeapSize                     = 122027880                              {pd product} {ergonomic}
    uintx ReservedCodeCacheSize                    = 251658240                              {pd product} {ergonomic}
     bool SegmentedCodeCache                       = true                                      {product} {ergonomic}
   size_t SoftMaxHeapSize                          = 8573157376                             {manageable} {ergonomic}
     bool UseCompressedClassPointers               = true                                 {lp64_product} {ergonomic}
     bool UseCompressedOops                        = true                                 {lp64_product} {ergonomic}
     bool UseG1GC                                  = true                                      {product} {ergonomic}
     bool UseLargePagesIndividualAllocation        = false                                  {pd product} {ergonomic}

Logging:
Log output configuration:
 #0: stdout all=warning uptime,level,tags
 #1: stderr all=off uptime,level,tags

Environment Variables:
JAVA_HOME=C:\Program Files\Java\jdk-15.0.2
PATH=C:\Program Files (x86)\VMware\VMware Workstation\bin\;C:\Program Files (x86)\Common Files\Intel\Shared Libraries\redist\intel64_win\compiler;C:\Python311\Scripts\;C:\Python311\;C:\Program Files\Microsoft\jdk-11.0.16.101-hotspot\bin;C:\Program Files\BellSoft\LibericaJDK-17-Full\bin\;C:\ProgramData\Oracle\Java\javapath;C:\Program Files\Common Files\Oracle\Java\javapath;C:\Program Files (x86)\Common Files\Oracle\Java\java8path;C:\Program Files (x86)\Common Files\Oracle\Java\javapath;C:\Program Files (x86)\NVIDIA Corporation\PhysX\Common;C:\Program Files (x86)\Common Files\Intel\Shared Libraries\redist\intel64\compiler;C:\WINDOWS\system32;C:\WINDOWS;C:\WINDOWS\System32\Wbem;C:\WINDOWS\System32\WindowsPowerShell\v1.0\;C:\WINDOWS\System32\OpenSSH\;C:\Program Files\Microsoft SQL Server\120\Tools\Binn\;C:\Program Files\Common Files\Autodesk Shared\;C:\Program Files\Microsoft SQL Server\Client SDK\ODBC\110\Tools\Binn\;C:\Program Files (x86)\Microsoft SQL Server\120\Tools\Binn\;C:\Program Files\Microsoft SQL Server\120\DTS\Binn\;C:\Program Files (x86)\Windows Kits\8.1\Windows Performance Toolkit\;C:\Program Files (x86)\Common Files\Autodesk Shared\Advance\;C:\Program Files (x86)\Microsoft SQL Server\90\Tools\binn\;C:\Program Files\Git\cmd;C:\Program Files\PostgreSQL\15\bin;C:\Program Files\Microsoft SQL Server\150\Tools\Binn\;C:\Program Files\Common Files\Autodesk Shared\Advance\;C:\Program Files\dotnet\;C:\Program Files\Docker\Docker\resources\bin;C:\Program Files (x86)\cloudflared\.;C:\Program Files\nodejs\;C:\ProgramData\chocolatey\bin;C:\tools\Manim\Scripts;C:\Program Files\MiKTeX\miktex\bin\x64\;C:\Program Files\Calibre2\;C:\Program Files\Graphviz\bin;C:\Users\Diego\.cargo\bin;C:\Users\Diego\AppData\Local\Programs\Python\Python38\Scripts\;C:\Users\Diego\AppData\Local\Programs\Python\Python38\;C:\Users\Diego\AppData\Local\Programs\Python\Python38-32\Scripts\;C:\Users\Diego\AppData\Local\Programs\Python\Python38-32\;C:\Users\Diego\AppData\Local\Microsoft\WindowsApps;C:\U
USERNAME=Diego
OS=Windows_NT
PROCESSOR_IDENTIFIER=AMD64 Family 23 Model 113 Stepping 0, AuthenticAMD



---------------  S Y S T E M  ---------------

OS:
 Windows 10 , 64 bit Build 19041 (10.0.19041.4957)
OS uptime: 0 days 1:23 hours
HyperV virtualization detected

CPU: total 16 (initial active 16) (16 cores per cpu, 2 threads per core) family 23 model 113 stepping 0 microcode 0x0, cmov, cx8, fxsr, mmx, sse, sse2, sse3, ssse3, sse4.1, sse4.2, popcnt, vzeroupper, avx, avx2, aes, clmul, 3dnowpref, lzcnt, sse4a, ht, tsc, tscinvbit, tscinv, bmi1, bmi2, adx, sha, fma, clflush, clflushopt

Memory: 4k page, system-wide physical 32689M (21286M free)
TotalPageFile size 37553M (AvailPageFile size 24156M)
current process WorkingSet (physical memory assigned to process): 360M, peak: 388M
current process commit charge ("private bytes"): 551M, peak: 729M

vm_info: Java HotSpot(TM) 64-Bit Server VM (15.0.2+7-27) for windows-amd64 JRE (15.0.2+7-27), built on Dec  7 2020 20:07:01 by "mach5one" with unknown MS VC++:1925

END.
