#
# A fatal error has been detected by the Java Runtime Environment:
#
#  EXCEPTION_ACCESS_VIOLATION (0xc0000005) at pc=0x00007ff9680c0aba, pid=16676, tid=11128
#
# JRE version: Java(TM) SE Runtime Environment (15.0.2+7) (build 15.0.2+7-27)
# Java VM: Java HotSpot(TM) 64-Bit Server VM (15.0.2+7-27, mixed mode, sharing, tiered, compressed oops, g1 gc, windows-amd64)
# Problematic frame:
# C  [lwjgl_opengl.dll+0x10aba]
#
# No core dump will be written. Minidumps are not enabled by default on client versions of Windows
#
# If you would like to submit a bug report, please visit:
#   https://bugreport.java.com/bugreport/crash.jsp
# The crash happened outside the Java Virtual Machine in native code.
# See problematic frame for where to report the bug.
#

---------------  S U M M A R Y ------------

Command Line: -Dfile.encoding=UTF-8 mampos.Mampos

Host: AMD Ryzen 7 5700U with Radeon Graphics         , 16 cores, 13G,  Windows 10 , 64 bit Build 22621 (10.0.22621.4391)
Time: Fri Oct 25 10:32:40 2024 Hora estándar, América Central elapsed time: 5.525666 seconds (0d 0h 0m 5s)

---------------  T H R E A D  ---------------

Current thread (0x000001bf945f8ed0):  JavaThread "AWT-EventQueue-0" [_thread_in_native, id=11128, stack(0x00000086bf700000,0x00000086bf800000)]

Stack: [0x00000086bf700000,0x00000086bf800000],  sp=0x00000086bf7fe378,  free space=1016k
Native frames: (J=compiled Java code, j=interpreted, Vv=VM code, C=native code)
C  [lwjgl_opengl.dll+0x10aba]

Java frames: (J=compiled Java code, j=interpreted, Vv=VM code)
j  org.lwjgl.opengl.GL30C.nglGenVertexArrays(IJ)V+0
j  org.lwjgl.opengl.GL30C.glGenVertexArrays()I+20
j  org.lwjgl.opengl.GL30.glGenVertexArrays()I+0
j  rendering.Controlador.createVAO()I+0
j  components.ControladorDeLosas.loadToVAO([F)Lcomponents/Losa;+0
j  rendering.Perfil.init(Lcom/jogamp/opengl/GLAutoDrawable;)V+76
j  jogamp.opengl.GLDrawableHelper.init(Lcom/jogamp/opengl/GLEventListener;Lcom/jogamp/opengl/GLAutoDrawable;Z)V+2
j  jogamp.opengl.GLDrawableHelper.init(Lcom/jogamp/opengl/GLAutoDrawable;Z)V+81
j  com.jogamp.opengl.awt.GLCanvas$9.run()V+26
j  jogamp.opengl.GLDrawableHelper.invokeGLImpl(Lcom/jogamp/opengl/GLDrawable;Lcom/jogamp/opengl/GLContext;Ljava/lang/Runnable;Ljava/lang/Runnable;)V+199
j  jogamp.opengl.GLDrawableHelper.invokeGL(Lcom/jogamp/opengl/GLDrawable;Lcom/jogamp/opengl/GLContext;Ljava/lang/Runnable;Ljava/lang/Runnable;)V+75
j  com.jogamp.opengl.awt.GLCanvas$11.run()V+104
j  java.awt.event.InvocationEvent.dispatch()V+11 java.desktop@15.0.2
j  java.awt.EventQueue.dispatchEventImpl(Ljava/awt/AWTEvent;Ljava/lang/Object;)V+21 java.desktop@15.0.2
j  java.awt.EventQueue$4.run()Ljava/lang/Void;+32 java.desktop@15.0.2
j  java.awt.EventQueue$4.run()Ljava/lang/Object;+1 java.desktop@15.0.2
J 1488 c1 java.security.AccessController.doPrivileged(Ljava/security/PrivilegedAction;Ljava/security/AccessControlContext;)Ljava/lang/Object; java.base@15.0.2 (17 bytes) @ 0x000001bf80a2a764 [0x000001bf80a2a580+0x00000000000001e4]
j  java.security.ProtectionDomain$JavaSecurityAccessImpl.doIntersectionPrivilege(Ljava/security/PrivilegedAction;Ljava/security/AccessControlContext;Ljava/security/AccessControlContext;)Ljava/lang/Object;+18 java.base@15.0.2
j  java.awt.EventQueue.dispatchEvent(Ljava/awt/AWTEvent;)V+46 java.desktop@15.0.2
j  java.awt.EventDispatchThread.pumpOneEventForFilters(I)V+78 java.desktop@15.0.2
j  java.awt.EventDispatchThread.pumpEventsForFilter(ILjava/awt/Conditional;Ljava/awt/EventFilter;)V+35 java.desktop@15.0.2
j  java.awt.EventDispatchThread.pumpEventsForHierarchy(ILjava/awt/Conditional;Ljava/awt/Component;)V+11 java.desktop@15.0.2
j  java.awt.EventDispatchThread.pumpEvents(ILjava/awt/Conditional;)V+4 java.desktop@15.0.2
j  java.awt.EventDispatchThread.pumpEvents(Ljava/awt/Conditional;)V+3 java.desktop@15.0.2
j  java.awt.EventDispatchThread.run()V+9 java.desktop@15.0.2
v  ~StubRoutines::call_stub

siginfo: EXCEPTION_ACCESS_VIOLATION (0xc0000005), reading address 0x00000000000013c8


Register to memory mapping:

RIP=0x00007ff9680c0aba lwjgl_opengl.dll
RAX=0x0 is NULL
RBX={method} {0x000001bfb1f2caf0} 'nglGenVertexArrays' '(IJ)V' in 'org/lwjgl/opengl/GL30C'
RCX=0x000001bf945f91f8 points into unknown readable memory: 0x000001bfa52e0f10 | 10 0f 2e a5 bf 01 00 00
RDX=0x000001bfb0f6e5ec points into unknown readable memory: 00 00 00 00
RSP=0x00000086bf7fe378 is pointing into the stack for thread: 0x000001bf945f8ed0
RBP=0x00000086bf7fe408 is pointing into the stack for thread: 0x000001bf945f8ed0
RSI=0x000001bfa9e85a40 is pointing into metadata
RDI=0x0000000000000001 is an unknown value
R8 =0x0000000000000001 is an unknown value
R9 =0x000001bfb0f6e5ec points into unknown readable memory: 00 00 00 00
R10=0x000001bf8000f148 is at code_begin+1000 in an Interpreter codelet
method entry point (kind = native)  [0x000001bf8000ed60, 0x000001bf8000f7e0]  2688 bytes
R11=0x000000072b625e30 is an oop: java.lang.Class 
{0x000000072b625e30} - klass: 'java/lang/Class'
R12=0x0 is NULL
R13={method} {0x000001bfb1f2caf0} 'nglGenVertexArrays' '(IJ)V' in 'org/lwjgl/opengl/GL30C'
R14=0x00000086bf7fe438 is pointing into the stack for thread: 0x000001bf945f8ed0
R15=0x000001bf945f8ed0 is a thread


Registers:
RAX=0x0000000000000000, RBX=0x000001bfb1f2cae8, RCX=0x000001bf945f91f8, RDX=0x000001bfb0f6e5ec
RSP=0x00000086bf7fe378, RBP=0x00000086bf7fe408, RSI=0x000001bfa9e85a40, RDI=0x0000000000000001
R8 =0x0000000000000001, R9 =0x000001bfb0f6e5ec, R10=0x000001bf8000f148, R11=0x000000072b625e30
R12=0x0000000000000000, R13=0x000001bfb1f2cae8, R14=0x00000086bf7fe438, R15=0x000001bf945f8ed0
RIP=0x00007ff9680c0aba, EFLAGS=0x0000000000010287

Top of Stack: (sp=0x00000086bf7fe378)
0x00000086bf7fe378:   000001bf8000f177 0000000000000001
0x00000086bf7fe388:   000001bf8000ee5c 000001bfb1f2cae8
0x00000086bf7fe398:   000001bfa9e85a40 00000086bf7fe3b8
0x00000086bf7fe3a8:   00000086bf7fe420 000001bf80009c90
0x00000086bf7fe3b8:   000001bf8000ee16 00000086bf7fe3c0
0x00000086bf7fe3c8:   000001bfb1f2cae8 00000086bf7fe438
0x00000086bf7fe3d8:   000001bfb1f62538 0000000000000000
0x00000086bf7fe3e8:   000000072b625e30 000001bfb1f2cae8
0x00000086bf7fe3f8:   0000000000000000 00000086bf7fe428
0x00000086bf7fe408:   00000086bf7fe488 000001bf8000a1aa
0x00000086bf7fe418:   000000072b625e30 000001bf8000c218
0x00000086bf7fe428:   000001bfb0f6e5ec 0000000000000000
0x00000086bf7fe438:   0000000000000001 00000086bf7fe440
0x00000086bf7fe448:   000001bfb1f2cc6c 00000086bf7fe4b8
0x00000086bf7fe458:   000001bfb1f62538 0000000000000000
0x00000086bf7fe468:   000000072b625e30 000001bfb1f2ccd8 

Instructions: (pc=0x00007ff9680c0aba)
0x00007ff9680c09ba:   c1 49 ff e1 cc cc 48 8b 01 48 8b 40 18 44 89 c1
0x00007ff9680c09ca:   48 ff a0 98 13 00 00 cc cc cc cc cc cc cc cc cc
0x00007ff9680c09da:   cc cc cc cc cc cc 48 8b 01 48 8b 40 18 48 ff a0
0x00007ff9680c09ea:   a0 13 00 00 cc cc 44 89 ca 44 89 c0 4c 8b 44 24
0x00007ff9680c09fa:   28 44 8b 4c 24 30 48 8b 09 48 8b 49 18 4c 8b 91
0x00007ff9680c0a0a:   a8 13 00 00 89 c1 49 ff e2 cc cc cc cc cc cc cc
0x00007ff9680c0a1a:   cc cc cc cc cc cc 48 83 ec 38 44 89 ca 44 89 c0
0x00007ff9680c0a2a:   44 8b 44 24 60 4c 8b 4c 24 68 0f 28 44 24 70 4c
0x00007ff9680c0a3a:   8b 94 24 80 00 00 00 48 8b 09 4c 8b 59 18 4c 89
0x00007ff9680c0a4a:   54 24 30 0f 11 44 24 20 89 c1 41 ff 93 b0 13 00
0x00007ff9680c0a5a:   00 90 48 83 c4 38 c3 cc cc cc cc cc cc cc cc cc
0x00007ff9680c0a6a:   cc cc cc cc cc cc 48 8b 01 48 8b 40 18 44 89 c1
0x00007ff9680c0a7a:   48 ff a0 b8 13 00 00 cc cc cc cc cc cc cc cc cc
0x00007ff9680c0a8a:   cc cc cc cc cc cc 4c 89 ca 48 8b 01 48 8b 40 18
0x00007ff9680c0a9a:   48 8b 80 c0 13 00 00 44 89 c1 48 ff e0 cc cc cc
0x00007ff9680c0aaa:   cc cc cc cc cc cc 4c 89 ca 48 8b 01 48 8b 40 18
0x00007ff9680c0aba:   48 8b 80 c8 13 00 00 44 89 c1 48 ff e0 cc cc cc
0x00007ff9680c0aca:   cc cc cc cc cc cc 48 8b 01 48 8b 40 18 44 89 c1
0x00007ff9680c0ada:   48 ff a0 d0 13 00 00 cc cc cc cc cc cc cc cc cc
0x00007ff9680c0aea:   cc cc cc cc cc cc 44 89 ca 44 89 c0 44 8b 44 24
0x00007ff9680c0afa:   28 44 8b 4c 24 30 48 8b 09 48 8b 49 18 4c 8b 91
0x00007ff9680c0b0a:   d8 13 00 00 89 c1 49 ff e2 cc cc cc cc cc cc cc
0x00007ff9680c0b1a:   cc cc cc cc cc cc 48 83 ec 28 44 89 ca 44 89 c0
0x00007ff9680c0b2a:   44 8b 44 24 50 4c 8b 4c 24 58 44 8b 54 24 60 48
0x00007ff9680c0b3a:   8b 09 4c 8b 59 18 44 89 54 24 20 89 c1 41 ff 93
0x00007ff9680c0b4a:   e0 13 00 00 90 48 83 c4 28 c3 cc cc cc cc cc cc
0x00007ff9680c0b5a:   cc cc cc cc cc cc 48 83 ec 28 44 89 ca 44 89 c0
0x00007ff9680c0b6a:   4c 8b 44 24 50 4c 8b 4c 24 58 4c 8b 54 24 60 48
0x00007ff9680c0b7a:   8b 09 4c 8b 59 18 4c 89 54 24 20 89 c1 41 ff 93
0x00007ff9680c0b8a:   e8 13 00 00 90 48 83 c4 28 c3 cc cc cc cc cc cc
0x00007ff9680c0b9a:   cc cc cc cc cc cc 48 8b 01 48 8b 40 18 44 89 c1
0x00007ff9680c0baa:   48 ff a0 f0 13 00 00 cc cc cc cc cc cc cc cc cc 


Stack slot to memory mapping:
stack at sp + 0 slots: 0x000001bf8000f177 is at code_begin+1047 in an Interpreter codelet
method entry point (kind = native)  [0x000001bf8000ed60, 0x000001bf8000f7e0]  2688 bytes
stack at sp + 1 slots: 0x0000000000000001 is an unknown value
stack at sp + 2 slots: 0x000001bf8000ee5c is at code_begin+252 in an Interpreter codelet
method entry point (kind = native)  [0x000001bf8000ed60, 0x000001bf8000f7e0]  2688 bytes
stack at sp + 3 slots: {method} {0x000001bfb1f2caf0} 'nglGenVertexArrays' '(IJ)V' in 'org/lwjgl/opengl/GL30C'
stack at sp + 4 slots: 0x000001bfa9e85a40 is pointing into metadata
stack at sp + 5 slots: 0x00000086bf7fe3b8 is pointing into the stack for thread: 0x000001bf945f8ed0
stack at sp + 6 slots: 0x00000086bf7fe420 is pointing into the stack for thread: 0x000001bf945f8ed0
stack at sp + 7 slots: 0x000001bf80009c90 is at code_begin+1040 in an Interpreter codelet
invoke return entry points  [0x000001bf80009880, 0x000001bf8000a280]  2560 bytes


---------------  P R O C E S S  ---------------

Threads class SMR info:
_java_thread_list=0x000001bf95725220, length=26, elements={
0x000001bf9351bc10, 0x000001bf9351c6f0, 0x000001bf93d33690, 0x000001bf93d33f50,
0x000001bf93d34910, 0x000001bf93d356b0, 0x000001bf93d36160, 0x000001bf93d498d0,
0x000001bf934fe6d0, 0x000001bf93e96d80, 0x000001bf93ea4ea0, 0x000001bf949cb560,
0x000001bf9487f270, 0x000001bf947522d0, 0x000001bf945f8ed0, 0x000001bff06e3080,
0x000001bf94b46c90, 0x000001bf94ff5440, 0x000001bf9ea63d80, 0x000001bf955d6920,
0x000001bf9e422010, 0x000001bf9e4224e0, 0x000001bf9e94b150, 0x000001bf9e948600,
0x000001bf9e948ad0, 0x000001bf9e464a60
}

Java Threads: ( => current thread )
  0x000001bf9351bc10 JavaThread "Reference Handler" daemon [_thread_blocked, id=16964, stack(0x00000086be600000,0x00000086be700000)]
  0x000001bf9351c6f0 JavaThread "Finalizer" daemon [_thread_blocked, id=16968, stack(0x00000086be700000,0x00000086be800000)]
  0x000001bf93d33690 JavaThread "Signal Dispatcher" daemon [_thread_blocked, id=18024, stack(0x00000086be800000,0x00000086be900000)]
  0x000001bf93d33f50 JavaThread "Attach Listener" daemon [_thread_blocked, id=14740, stack(0x00000086be900000,0x00000086bea00000)]
  0x000001bf93d34910 JavaThread "Service Thread" daemon [_thread_blocked, id=6444, stack(0x00000086bea00000,0x00000086beb00000)]
  0x000001bf93d356b0 JavaThread "C2 CompilerThread0" daemon [_thread_blocked, id=18420, stack(0x00000086beb00000,0x00000086bec00000)]
  0x000001bf93d36160 JavaThread "C1 CompilerThread0" daemon [_thread_blocked, id=17900, stack(0x00000086bec00000,0x00000086bed00000)]
  0x000001bf93d498d0 JavaThread "Sweeper thread" daemon [_thread_blocked, id=17660, stack(0x00000086bed00000,0x00000086bee00000)]
  0x000001bf934fe6d0 JavaThread "C1 CompilerThread1" daemon [_thread_blocked, id=7628, stack(0x00000086bee00000,0x00000086bef00000)]
  0x000001bf93e96d80 JavaThread "Notification Thread" daemon [_thread_blocked, id=16896, stack(0x00000086bef00000,0x00000086bf000000)]
  0x000001bf93ea4ea0 JavaThread "Common-Cleaner" daemon [_thread_blocked, id=11824, stack(0x00000086bf100000,0x00000086bf200000)]
  0x000001bf949cb560 JavaThread "Java2D Disposer" daemon [_thread_blocked, id=10924, stack(0x00000086bf400000,0x00000086bf500000)]
  0x000001bf9487f270 JavaThread "AWT-Shutdown" [_thread_blocked, id=15832, stack(0x00000086bf500000,0x00000086bf600000)]
  0x000001bf947522d0 JavaThread "AWT-Windows" daemon [_thread_in_native, id=11568, stack(0x00000086bf600000,0x00000086bf700000)]
=>0x000001bf945f8ed0 JavaThread "AWT-EventQueue-0" [_thread_in_native, id=11128, stack(0x00000086bf700000,0x00000086bf800000)]
  0x000001bff06e3080 JavaThread "DestroyJavaVM" [_thread_blocked, id=13852, stack(0x00000086bdf00000,0x00000086be000000)]
  0x000001bf94b46c90 JavaThread "C1 CompilerThread2" daemon [_thread_blocked, id=3532, stack(0x00000086bf800000,0x00000086bf900000)]
  0x000001bf94ff5440 JavaThread "AWT-EventQueue-0-SharedResourceRunner" daemon [_thread_blocked, id=17504, stack(0x00000086c0800000,0x00000086c0900000)]
  0x000001bf9ea63d80 JavaThread "C1 CompilerThread3" daemon [_thread_blocked, id=17172, stack(0x00000086c0d00000,0x00000086c0e00000)]
  0x000001bf955d6920 JavaThread "AWT-EventQueue-0-AWTAnimator#00" [_thread_blocked, id=6532, stack(0x00000086c0a00000,0x00000086c0b00000)]
  0x000001bf9e422010 JavaThread "AWT-EventQueue-0-AWTAnimator#01" [_thread_blocked, id=3564, stack(0x00000086c1000000,0x00000086c1100000)]
  0x000001bf9e4224e0 JavaThread "AWT-EventQueue-0-AWTAnimator#02" [_thread_blocked, id=12140, stack(0x00000086c1100000,0x00000086c1200000)]
  0x000001bf9e94b150 JavaThread "Image Fetcher 0" daemon [_thread_blocked, id=15432, stack(0x00000086c1900000,0x00000086c1a00000)]
  0x000001bf9e948600 JavaThread "TimerQueue" daemon [_thread_blocked, id=4064, stack(0x00000086c1a00000,0x00000086c1b00000)]
  0x000001bf9e948ad0 JavaThread "D3D Screen Updater" daemon [_thread_blocked, id=17212, stack(0x00000086c1d00000,0x00000086c1e00000)]
  0x000001bf9e464a60 JavaThread "C2 CompilerThread1" daemon [_thread_blocked, id=17144, stack(0x00000086c2300000,0x00000086c2400000)]

Other Threads:
  0x000001bf93518470 VMThread "VM Thread" [stack: 0x00000086be500000,0x00000086be600000] [id=18416]
  0x000001bf93e9f270 WatcherThread [stack: 0x00000086bf000000,0x00000086bf100000] [id=2900]
  0x000001bff072ff50 GCTaskThread "GC Thread#0" [stack: 0x00000086be000000,0x00000086be100000] [id=8032]
  0x000001bf94b7f1c0 GCTaskThread "GC Thread#1" [stack: 0x00000086c0300000,0x00000086c0400000] [id=5844]
  0x000001bf94b7e1d0 GCTaskThread "GC Thread#2" [stack: 0x00000086c0400000,0x00000086c0500000] [id=11148]
  0x000001bf94b801b0 GCTaskThread "GC Thread#3" [stack: 0x00000086c0500000,0x00000086c0600000] [id=8924]
  0x000001bf94b7e500 GCTaskThread "GC Thread#4" [stack: 0x00000086c0600000,0x00000086c0700000] [id=3892]
  0x000001bf94b7f4f0 GCTaskThread "GC Thread#5" [stack: 0x00000086c0700000,0x00000086c0800000] [id=13264]
  0x000001bf95846670 GCTaskThread "GC Thread#6" [stack: 0x00000086c1300000,0x00000086c1400000] [id=16240]
  0x000001bf95849640 GCTaskThread "GC Thread#7" [stack: 0x00000086c1400000,0x00000086c1500000] [id=17372]
  0x000001bf95847cc0 GCTaskThread "GC Thread#8" [stack: 0x00000086c1500000,0x00000086c1600000] [id=3428]
  0x000001bf95847990 GCTaskThread "GC Thread#9" [stack: 0x00000086c1600000,0x00000086c1700000] [id=17280]
  0x000001bf95849970 GCTaskThread "GC Thread#10" [stack: 0x00000086c1700000,0x00000086c1800000] [id=3036]
  0x000001bf95848320 GCTaskThread "GC Thread#11" [stack: 0x00000086c1800000,0x00000086c1900000] [id=11180]
  0x000001bff073fec0 ConcurrentGCThread "G1 Main Marker" [stack: 0x00000086be100000,0x00000086be200000] [id=15824]
  0x000001bff0740ab0 ConcurrentGCThread "G1 Conc#0" [stack: 0x00000086be200000,0x00000086be300000] [id=14768]
  0x000001bf95847330 ConcurrentGCThread "G1 Conc#1" [stack: 0x00000086c1b00000,0x00000086c1c00000] [id=11024]
  0x000001bf95847660 ConcurrentGCThread "G1 Conc#2" [stack: 0x00000086c1c00000,0x00000086c1d00000] [id=8216]
  0x000001bf933930e0 ConcurrentGCThread "G1 Refine#0" [stack: 0x00000086be300000,0x00000086be400000] [id=15948]
  0x000001bf93394a30 ConcurrentGCThread "G1 Young RemSet Sampling" [stack: 0x00000086be400000,0x00000086be500000] [id=9464]

Threads with active compile tasks:

VM state: not at safepoint (normal execution)

VM Mutex/Monitor currently owned by a thread: None

Heap address: 0x0000000722600000, size: 3546 MB, Compressed Oops mode: Zero based, Oop shift amount: 3
CDS archive(s) mapped at: [0x0000000800000000-0x0000000800b50000-0x0000000800b50000), size 11862016, SharedBaseAddress: 0x0000000800000000, ArchiveRelocationMode: 0.
Compressed class space mapped at: 0x0000000800b50000-0x0000000840b50000, size: 1073741824
Narrow klass base: 0x0000000800000000, Narrow klass shift: 3, Narrow klass range: 0x100000000

GC Precious Log:
 CPUs: 16 total, 16 available
 Memory: 14181M
 Large Page Support: Disabled
 NUMA Support: Disabled
 Compressed Oops: Enabled (Zero based)
 Heap Region Size: 2M
 Heap Min Capacity: 8M
 Heap Initial Capacity: 222M
 Heap Max Capacity: 3546M
 Pre-touch: Disabled
 Parallel Workers: 13
 Concurrent Workers: 3
 Concurrent Refinement Workers: 13
 Periodic GC: Disabled

Heap:
 garbage-first heap   total 159744K, used 76992K [0x0000000722600000, 0x0000000800000000)
  region size 2048K, 8 young (16384K), 2 survivors (4096K)
 Metaspace       used 27745K, capacity 28042K, committed 28288K, reserved 1075200K
  class space    used 2994K, capacity 3079K, committed 3200K, reserved 1048576K

Heap Regions: E=young(eden), S=young(survivor), O=old, HS=humongous(starts), HC=humongous(continues), CS=collection set, F=free, OA=open archive, CA=closed archive, TAMS=top-at-mark-start (previous, next)
|   0|0x0000000722600000, 0x0000000722800000, 0x0000000722800000|100%| O|  |TAMS 0x0000000722800000, 0x0000000722600000| Untracked 
|   1|0x0000000722800000, 0x0000000722a00000, 0x0000000722a00000|100%| O|  |TAMS 0x0000000722a00000, 0x0000000722800000| Untracked 
|   2|0x0000000722a00000, 0x0000000722c00000, 0x0000000722c00000|100%| O|  |TAMS 0x0000000722a00000, 0x0000000722a00000| Untracked 
|   3|0x0000000722c00000, 0x0000000722e00000, 0x0000000722e00000|100%| O|  |TAMS 0x0000000722e00000, 0x0000000722c00000| Untracked 
|   4|0x0000000722e00000, 0x0000000723000000, 0x0000000723000000|100%| O|  |TAMS 0x0000000722e00000, 0x0000000722e00000| Untracked 
|   5|0x0000000723000000, 0x0000000723200000, 0x0000000723200000|100%| O|  |TAMS 0x0000000723000000, 0x0000000723000000| Untracked 
|   6|0x0000000723200000, 0x0000000723400000, 0x0000000723400000|100%| O|  |TAMS 0x0000000723200000, 0x0000000723200000| Untracked 
|   7|0x0000000723400000, 0x0000000723600000, 0x0000000723600000|100%| O|  |TAMS 0x0000000723400000, 0x0000000723400000| Untracked 
|   8|0x0000000723600000, 0x0000000723800000, 0x0000000723800000|100%| O|  |TAMS 0x0000000723600000, 0x0000000723600000| Untracked 
|   9|0x0000000723800000, 0x0000000723a00000, 0x0000000723a00000|100%| O|  |TAMS 0x0000000723800000, 0x0000000723800000| Untracked 
|  10|0x0000000723a00000, 0x0000000723c00000, 0x0000000723c00000|100%| O|  |TAMS 0x0000000723a00000, 0x0000000723a00000| Untracked 
|  11|0x0000000723c00000, 0x0000000723e00000, 0x0000000723e00000|100%| O|  |TAMS 0x0000000723c00000, 0x0000000723c00000| Untracked 
|  12|0x0000000723e00000, 0x0000000724000000, 0x0000000724000000|100%| O|  |TAMS 0x0000000723e00000, 0x0000000723e00000| Untracked 
|  13|0x0000000724000000, 0x0000000724200000, 0x0000000724200000|100%| O|  |TAMS 0x0000000724000000, 0x0000000724000000| Untracked 
|  14|0x0000000724200000, 0x0000000724400000, 0x0000000724400000|100%| O|  |TAMS 0x0000000724200000, 0x0000000724200000| Untracked 
|  15|0x0000000724400000, 0x0000000724600000, 0x0000000724600000|100%| O|  |TAMS 0x0000000724400000, 0x0000000724400000| Untracked 
|  16|0x0000000724600000, 0x0000000724800000, 0x0000000724800000|100%| O|  |TAMS 0x0000000724600000, 0x0000000724600000| Untracked 
|  17|0x0000000724800000, 0x0000000724a00000, 0x0000000724a00000|100%| O|  |TAMS 0x0000000724800000, 0x0000000724800000| Untracked 
|  18|0x0000000724a00000, 0x0000000724c00000, 0x0000000724c00000|100%| O|  |TAMS 0x0000000724a00000, 0x0000000724a00000| Untracked 
|  19|0x0000000724c00000, 0x0000000724e00000, 0x0000000724e00000|100%| O|  |TAMS 0x0000000724c00000, 0x0000000724c00000| Untracked 
|  20|0x0000000724e00000, 0x0000000725000000, 0x0000000725000000|100%| O|  |TAMS 0x0000000724e00000, 0x0000000724e00000| Untracked 
|  21|0x0000000725000000, 0x0000000725200000, 0x0000000725200000|100%| O|  |TAMS 0x0000000725000000, 0x0000000725000000| Untracked 
|  22|0x0000000725200000, 0x0000000725400000, 0x0000000725400000|100%| O|  |TAMS 0x0000000725200000, 0x0000000725200000| Untracked 
|  23|0x0000000725400000, 0x0000000725600000, 0x0000000725600000|100%| O|  |TAMS 0x0000000725400000, 0x0000000725400000| Untracked 
|  24|0x0000000725600000, 0x0000000725800000, 0x0000000725800000|100%| O|  |TAMS 0x0000000725600000, 0x0000000725600000| Untracked 
|  25|0x0000000725800000, 0x0000000725a00000, 0x0000000725a00000|100%| O|  |TAMS 0x0000000725800000, 0x0000000725800000| Untracked 
|  26|0x0000000725a00000, 0x0000000725c00000, 0x0000000725c00000|100%| O|  |TAMS 0x0000000725a00000, 0x0000000725a00000| Untracked 
|  27|0x0000000725c00000, 0x0000000725e00000, 0x0000000725e00000|100%| O|  |TAMS 0x0000000725c00000, 0x0000000725c00000| Untracked 
|  28|0x0000000725e00000, 0x0000000726000000, 0x0000000726000000|100%| O|  |TAMS 0x0000000725e00000, 0x0000000725e00000| Untracked 
|  29|0x0000000726000000, 0x0000000726200000, 0x0000000726200000|100%| O|  |TAMS 0x0000000726000000, 0x0000000726000000| Untracked 
|  30|0x0000000726200000, 0x0000000726330200, 0x0000000726400000| 59%| O|  |TAMS 0x0000000726200000, 0x0000000726200000| Untracked 
|  31|0x0000000726400000, 0x0000000726400000, 0x0000000726600000|  0%| F|  |TAMS 0x0000000726400000, 0x0000000726400000| Untracked 
|  32|0x0000000726600000, 0x0000000726600000, 0x0000000726800000|  0%| F|  |TAMS 0x0000000726600000, 0x0000000726600000| Untracked 
|  33|0x0000000726800000, 0x0000000726800000, 0x0000000726a00000|  0%| F|  |TAMS 0x0000000726800000, 0x0000000726800000| Untracked 
|  34|0x0000000726a00000, 0x0000000726a00000, 0x0000000726c00000|  0%| F|  |TAMS 0x0000000726a00000, 0x0000000726a00000| Untracked 
|  35|0x0000000726c00000, 0x0000000726c00000, 0x0000000726e00000|  0%| F|  |TAMS 0x0000000726c00000, 0x0000000726c00000| Untracked 
|  36|0x0000000726e00000, 0x0000000726e00000, 0x0000000727000000|  0%| F|  |TAMS 0x0000000726e00000, 0x0000000726e00000| Untracked 
|  37|0x0000000727000000, 0x0000000727000000, 0x0000000727200000|  0%| F|  |TAMS 0x0000000727000000, 0x0000000727000000| Untracked 
|  38|0x0000000727200000, 0x0000000727200000, 0x0000000727400000|  0%| F|  |TAMS 0x0000000727200000, 0x0000000727200000| Untracked 
|  39|0x0000000727400000, 0x0000000727400000, 0x0000000727600000|  0%| F|  |TAMS 0x0000000727400000, 0x0000000727400000| Untracked 
|  40|0x0000000727600000, 0x0000000727600000, 0x0000000727800000|  0%| F|  |TAMS 0x0000000727600000, 0x0000000727600000| Untracked 
|  41|0x0000000727800000, 0x0000000727800000, 0x0000000727a00000|  0%| F|  |TAMS 0x0000000727800000, 0x0000000727800000| Untracked 
|  42|0x0000000727a00000, 0x0000000727a00000, 0x0000000727c00000|  0%| F|  |TAMS 0x0000000727a00000, 0x0000000727a00000| Untracked 
|  43|0x0000000727c00000, 0x0000000727c00000, 0x0000000727e00000|  0%| F|  |TAMS 0x0000000727c00000, 0x0000000727c00000| Untracked 
|  44|0x0000000727e00000, 0x0000000727e00000, 0x0000000728000000|  0%| F|  |TAMS 0x0000000727e00000, 0x0000000727e00000| Untracked 
|  45|0x0000000728000000, 0x0000000728000000, 0x0000000728200000|  0%| F|  |TAMS 0x0000000728000000, 0x0000000728000000| Untracked 
|  46|0x0000000728200000, 0x0000000728400000, 0x0000000728400000|100%| S|CS|TAMS 0x0000000728200000, 0x0000000728200000| Complete 
|  47|0x0000000728400000, 0x0000000728600000, 0x0000000728600000|100%| S|CS|TAMS 0x0000000728400000, 0x0000000728400000| Complete 
|  48|0x0000000728600000, 0x0000000728600000, 0x0000000728800000|  0%| F|  |TAMS 0x0000000728600000, 0x0000000728600000| Untracked 
|  49|0x0000000728800000, 0x0000000728800000, 0x0000000728a00000|  0%| F|  |TAMS 0x0000000728800000, 0x0000000728800000| Untracked 
|  50|0x0000000728a00000, 0x0000000728a00000, 0x0000000728c00000|  0%| F|  |TAMS 0x0000000728a00000, 0x0000000728a00000| Untracked 
|  51|0x0000000728c00000, 0x0000000728c00000, 0x0000000728e00000|  0%| F|  |TAMS 0x0000000728c00000, 0x0000000728c00000| Untracked 
|  52|0x0000000728e00000, 0x0000000728e00000, 0x0000000729000000|  0%| F|  |TAMS 0x0000000728e00000, 0x0000000728e00000| Untracked 
|  53|0x0000000729000000, 0x0000000729000000, 0x0000000729200000|  0%| F|  |TAMS 0x0000000729000000, 0x0000000729000000| Untracked 
|  54|0x0000000729200000, 0x0000000729200000, 0x0000000729400000|  0%| F|  |TAMS 0x0000000729200000, 0x0000000729200000| Untracked 
|  55|0x0000000729400000, 0x0000000729400000, 0x0000000729600000|  0%| F|  |TAMS 0x0000000729400000, 0x0000000729400000| Untracked 
|  56|0x0000000729600000, 0x0000000729600000, 0x0000000729800000|  0%| F|  |TAMS 0x0000000729600000, 0x0000000729600000| Untracked 
|  57|0x0000000729800000, 0x0000000729800000, 0x0000000729a00000|  0%| F|  |TAMS 0x0000000729800000, 0x0000000729800000| Untracked 
|  58|0x0000000729a00000, 0x0000000729a00000, 0x0000000729c00000|  0%| F|  |TAMS 0x0000000729a00000, 0x0000000729a00000| Untracked 
|  59|0x0000000729c00000, 0x0000000729c00000, 0x0000000729e00000|  0%| F|  |TAMS 0x0000000729c00000, 0x0000000729c00000| Untracked 
|  60|0x0000000729e00000, 0x0000000729e00000, 0x000000072a000000|  0%| F|  |TAMS 0x0000000729e00000, 0x0000000729e00000| Untracked 
|  61|0x000000072a000000, 0x000000072a000000, 0x000000072a200000|  0%| F|  |TAMS 0x000000072a000000, 0x000000072a000000| Untracked 
|  62|0x000000072a200000, 0x000000072a200000, 0x000000072a400000|  0%| F|  |TAMS 0x000000072a200000, 0x000000072a200000| Untracked 
|  63|0x000000072a400000, 0x000000072a400000, 0x000000072a600000|  0%| F|  |TAMS 0x000000072a400000, 0x000000072a400000| Untracked 
|  64|0x000000072a600000, 0x000000072a600000, 0x000000072a800000|  0%| F|  |TAMS 0x000000072a600000, 0x000000072a600000| Untracked 
|  65|0x000000072a800000, 0x000000072a800000, 0x000000072aa00000|  0%| F|  |TAMS 0x000000072a800000, 0x000000072a800000| Untracked 
|  66|0x000000072aa00000, 0x000000072aa00000, 0x000000072ac00000|  0%| F|  |TAMS 0x000000072aa00000, 0x000000072aa00000| Untracked 
|  67|0x000000072ac00000, 0x000000072ac00000, 0x000000072ae00000|  0%| F|  |TAMS 0x000000072ac00000, 0x000000072ac00000| Untracked 
|  68|0x000000072ae00000, 0x000000072ae00000, 0x000000072b000000|  0%| F|  |TAMS 0x000000072ae00000, 0x000000072ae00000| Untracked 
|  69|0x000000072b000000, 0x000000072b000000, 0x000000072b200000|  0%| F|  |TAMS 0x000000072b000000, 0x000000072b000000| Untracked 
|  70|0x000000072b200000, 0x000000072b200000, 0x000000072b400000|  0%| F|  |TAMS 0x000000072b200000, 0x000000072b200000| Untracked 
|  71|0x000000072b400000, 0x000000072b400000, 0x000000072b600000|  0%| F|  |TAMS 0x000000072b400000, 0x000000072b400000| Untracked 
|  72|0x000000072b600000, 0x000000072b672960, 0x000000072b800000| 22%| E|  |TAMS 0x000000072b600000, 0x000000072b600000| Complete 
|  82|0x000000072ca00000, 0x000000072cc00000, 0x000000072cc00000|100%| E|CS|TAMS 0x000000072ca00000, 0x000000072ca00000| Complete 
|  83|0x000000072cc00000, 0x000000072ce00000, 0x000000072ce00000|100%| E|CS|TAMS 0x000000072cc00000, 0x000000072cc00000| Complete 
| 109|0x0000000730000000, 0x0000000730200000, 0x0000000730200000|100%| E|CS|TAMS 0x0000000730000000, 0x0000000730000000| Complete 
| 110|0x0000000730200000, 0x0000000730400000, 0x0000000730400000|100%| E|CS|TAMS 0x0000000730200000, 0x0000000730200000| Complete 
|1772|0x00000007ffe00000, 0x0000000800000000, 0x0000000800000000|100%| E|CS|TAMS 0x00000007ffe00000, 0x00000007ffe00000| Complete 

Card table byte_map: [0x000001bff9890000,0x000001bff9f80000] _byte_map_base: 0x000001bff5f7d000

Marking Bits (Prev, Next): (CMBitMap*) 0x000001bff0730800, (CMBitMap*) 0x000001bff07307c0
 Prev Bits: [0x000001bf8f000000, 0x000001bf92768000)
 Next Bits: [0x000001bffa670000, 0x000001bffddd8000)

Polling page: 0x000001bfee640000

Metaspace:

Usage:
  Non-class:     24.38 MB capacity,    24.17 MB (>99%) used,   178.54 KB ( <1%) free+waste,    34.06 KB ( <1%) overhead. 
      Class:      3.01 MB capacity,     2.92 MB ( 97%) used,    71.98 KB (  2%) free+waste,    12.06 KB ( <1%) overhead. 
       Both:     27.38 MB capacity,    27.10 MB ( 99%) used,   250.52 KB ( <1%) free+waste,    46.12 KB ( <1%) overhead. 

Virtual space:
  Non-class space:       26.00 MB reserved,      24.50 MB ( 94%) committed 
      Class space:        1.00 GB reserved,       3.12 MB ( <1%) committed 
             Both:        1.03 GB reserved,      27.62 MB (  3%) committed 

Chunk freelists:
   Non-Class:  61.00 KB
       Class:  25.00 KB
        Both:  86.00 KB

MaxMetaspaceSize: 17179869184.00 GB
CompressedClassSpaceSize: 1.00 GB

CodeHeap 'non-profiled nmethods': size=119168Kb used=1177Kb max_used=1177Kb free=117990Kb
 bounds [0x000001bf87ba0000, 0x000001bf87e10000, 0x000001bf8f000000]
CodeHeap 'profiled nmethods': size=119104Kb used=4799Kb max_used=4799Kb free=114304Kb
 bounds [0x000001bf80750000, 0x000001bf80c00000, 0x000001bf87ba0000]
CodeHeap 'non-nmethods': size=7488Kb used=3797Kb max_used=3833Kb free=3690Kb
 bounds [0x000001bf80000000, 0x000001bf803c0000, 0x000001bf80750000]
 total_blobs=4062 nmethods=2407 adapters=1564
 compilation: enabled
              stopped_count=0, restarted_count=0
 full_count=0

Compilation events (20 events):
Event: 5.492 Thread 0x000001bf9e464a60 nmethod 2364 0x000001bf87cc2310 code [0x000001bf87cc24a0, 0x000001bf87cc2528]
Event: 5.492 Thread 0x000001bf9e464a60 2378       4       java.lang.ThreadLocal::getMap (5 bytes)
Event: 5.492 Thread 0x000001bf9e464a60 nmethod 2378 0x000001bf87cc2610 code [0x000001bf87cc2780, 0x000001bf87cc27f8]
Event: 5.496 Thread 0x000001bf934fe6d0 2400       3       java.io.FilterInputStream::read (11 bytes)
Event: 5.497 Thread 0x000001bf934fe6d0 nmethod 2400 0x000001bf80bfe890 code [0x000001bf80bfea40, 0x000001bf80bfec08]
Event: 5.502 Thread 0x000001bf9e464a60 2401       4       java.nio.Buffer::position (52 bytes)
Event: 5.503 Thread 0x000001bf9e464a60 nmethod 2401 0x000001bf87cc2910 code [0x000001bf87cc2a80, 0x000001bf87cc2b38]
Event: 5.511 Thread 0x000001bf93d36160 2402       3       java.lang.Integer::toUnsignedLong (7 bytes)
Event: 5.511 Thread 0x000001bf94b46c90 2403       3       org.lwjgl.system.MemoryUtil::write8 (19 bytes)
Event: 5.511 Thread 0x000001bf934fe6d0 2404       3       sun.misc.Unsafe::putByte (11 bytes)
Event: 5.511 Thread 0x000001bf93d36160 nmethod 2402 0x000001bf80bfed10 code [0x000001bf80bfeea0, 0x000001bf80bfef98]
Event: 5.511 Thread 0x000001bf934fe6d0 nmethod 2404 0x000001bf80bff010 code [0x000001bf80bff1a0, 0x000001bf80bff298]
Event: 5.511 Thread 0x000001bf94b46c90 nmethod 2403 0x000001bf80bff310 code [0x000001bf80bff4c0, 0x000001bf80bff718]
Event: 5.511 Thread 0x000001bf934fe6d0 2405       3       sun.misc.Unsafe::putLong (11 bytes)
Event: 5.511 Thread 0x000001bf9ea63d80 2406       3       org.lwjgl.system.MemoryUtil::memPutAddress (29 bytes)
Event: 5.512 Thread 0x000001bf9e464a60 2407       4       java.lang.Integer::toUnsignedLong (7 bytes)
Event: 5.512 Thread 0x000001bf9ea63d80 nmethod 2406 0x000001bf80bff810 code [0x000001bf80bff9c0, 0x000001bf80bffbb8]
Event: 5.512 Thread 0x000001bf934fe6d0 nmethod 2405 0x000001bf80bffc90 code [0x000001bf80bffe20, 0x000001bf80bfff18]
Event: 5.512 Thread 0x000001bf9e464a60 nmethod 2407 0x000001bf87cc2c10 code [0x000001bf87cc2d80, 0x000001bf87cc2db8]
Event: 5.512 Thread 0x000001bf93d356b0 nmethod 2366 0x000001bf87cc2f10 code [0x000001bf87cc32e0, 0x000001bf87cc5388]

GC Heap History (20 events):
Event: 3.938 GC heap before
{Heap before GC invocations=17 (full 0):
 garbage-first heap   total 79872K, used 67845K [0x0000000722600000, 0x0000000800000000)
  region size 2048K, 3 young (6144K), 1 survivors (2048K)
 Metaspace       used 24029K, capacity 24272K, committed 24448K, reserved 1071104K
  class space    used 2835K, capacity 2931K, committed 2944K, reserved 1048576K
}
Event: 3.940 GC heap after
{Heap after GC invocations=18 (full 0):
 garbage-first heap   total 79872K, used 68103K [0x0000000722600000, 0x0000000800000000)
  region size 2048K, 1 young (2048K), 1 survivors (2048K)
 Metaspace       used 24029K, capacity 24272K, committed 24448K, reserved 1071104K
  class space    used 2835K, capacity 2931K, committed 2944K, reserved 1048576K
}
Event: 3.941 GC heap before
{Heap before GC invocations=18 (full 0):
 garbage-first heap   total 79872K, used 72199K [0x0000000722600000, 0x0000000800000000)
  region size 2048K, 3 young (6144K), 1 survivors (2048K)
 Metaspace       used 24029K, capacity 24272K, committed 24448K, reserved 1071104K
  class space    used 2835K, capacity 2931K, committed 2944K, reserved 1048576K
}
Event: 3.943 GC heap after
{Heap after GC invocations=19 (full 0):
 garbage-first heap   total 96256K, used 72465K [0x0000000722600000, 0x0000000800000000)
  region size 2048K, 1 young (2048K), 1 survivors (2048K)
 Metaspace       used 24029K, capacity 24272K, committed 24448K, reserved 1071104K
  class space    used 2835K, capacity 2931K, committed 2944K, reserved 1048576K
}
Event: 4.309 GC heap before
{Heap before GC invocations=20 (full 0):
 garbage-first heap   total 96256K, used 56081K [0x0000000722600000, 0x0000000800000000)
  region size 2048K, 3 young (6144K), 1 survivors (2048K)
 Metaspace       used 24030K, capacity 24336K, committed 24448K, reserved 1071104K
  class space    used 2835K, capacity 2931K, committed 2944K, reserved 1048576K
}
Event: 4.311 GC heap after
{Heap after GC invocations=21 (full 0):
 garbage-first heap   total 96256K, used 56216K [0x0000000722600000, 0x0000000800000000)
  region size 2048K, 1 young (2048K), 1 survivors (2048K)
 Metaspace       used 24030K, capacity 24336K, committed 24448K, reserved 1071104K
  class space    used 2835K, capacity 2931K, committed 2944K, reserved 1048576K
}
Event: 4.462 GC heap before
{Heap before GC invocations=21 (full 0):
 garbage-first heap   total 96256K, used 58264K [0x0000000722600000, 0x0000000800000000)
  region size 2048K, 3 young (6144K), 1 survivors (2048K)
 Metaspace       used 25080K, capacity 25392K, committed 25600K, reserved 1071104K
  class space    used 2865K, capacity 2963K, committed 3072K, reserved 1048576K
}
Event: 4.464 GC heap after
{Heap after GC invocations=22 (full 0):
 garbage-first heap   total 96256K, used 45797K [0x0000000722600000, 0x0000000800000000)
  region size 2048K, 1 young (2048K), 1 survivors (2048K)
 Metaspace       used 25080K, capacity 25392K, committed 25600K, reserved 1071104K
  class space    used 2865K, capacity 2963K, committed 3072K, reserved 1048576K
}
Event: 4.538 GC heap before
{Heap before GC invocations=22 (full 0):
 garbage-first heap   total 96256K, used 56037K [0x0000000722600000, 0x0000000800000000)
  region size 2048K, 6 young (12288K), 1 survivors (2048K)
 Metaspace       used 25860K, capacity 26163K, committed 26368K, reserved 1073152K
  class space    used 2918K, capacity 3028K, committed 3072K, reserved 1048576K
}
Event: 4.541 GC heap after
{Heap after GC invocations=23 (full 0):
 garbage-first heap   total 96256K, used 54710K [0x0000000722600000, 0x0000000800000000)
  region size 2048K, 1 young (2048K), 1 survivors (2048K)
 Metaspace       used 25860K, capacity 26163K, committed 26368K, reserved 1073152K
  class space    used 2918K, capacity 3028K, committed 3072K, reserved 1048576K
}
Event: 4.549 GC heap before
{Heap before GC invocations=23 (full 0):
 garbage-first heap   total 96256K, used 60854K [0x0000000722600000, 0x0000000800000000)
  region size 2048K, 4 young (8192K), 1 survivors (2048K)
 Metaspace       used 25860K, capacity 26163K, committed 26368K, reserved 1073152K
  class space    used 2918K, capacity 3028K, committed 3072K, reserved 1048576K
}
Event: 4.552 GC heap after
{Heap after GC invocations=24 (full 0):
 garbage-first heap   total 116736K, used 61164K [0x0000000722600000, 0x0000000800000000)
  region size 2048K, 1 young (2048K), 1 survivors (2048K)
 Metaspace       used 25860K, capacity 26163K, committed 26368K, reserved 1073152K
  class space    used 2918K, capacity 3028K, committed 3072K, reserved 1048576K
}
Event: 4.557 GC heap before
{Heap before GC invocations=24 (full 0):
 garbage-first heap   total 116736K, used 42732K [0x0000000722600000, 0x0000000800000000)
  region size 2048K, 6 young (12288K), 1 survivors (2048K)
 Metaspace       used 25860K, capacity 26163K, committed 26368K, reserved 1073152K
  class space    used 2918K, capacity 3028K, committed 3072K, reserved 1048576K
}
Event: 4.560 GC heap after
{Heap after GC invocations=25 (full 0):
 garbage-first heap   total 116736K, used 43170K [0x0000000722600000, 0x0000000800000000)
  region size 2048K, 1 young (2048K), 1 survivors (2048K)
 Metaspace       used 25860K, capacity 26163K, committed 26368K, reserved 1073152K
  class space    used 2918K, capacity 3028K, committed 3072K, reserved 1048576K
}
Event: 4.966 GC heap before
{Heap before GC invocations=26 (full 0):
 garbage-first heap   total 116736K, used 59554K [0x0000000722600000, 0x0000000800000000)
  region size 2048K, 9 young (18432K), 1 survivors (2048K)
 Metaspace       used 25862K, capacity 26163K, committed 26368K, reserved 1073152K
  class space    used 2918K, capacity 3028K, committed 3072K, reserved 1048576K
}
Event: 4.969 GC heap after
{Heap after GC invocations=27 (full 0):
 garbage-first heap   total 116736K, used 54252K [0x0000000722600000, 0x0000000800000000)
  region size 2048K, 2 young (4096K), 2 survivors (4096K)
 Metaspace       used 25862K, capacity 26163K, committed 26368K, reserved 1073152K
  class space    used 2918K, capacity 3028K, committed 3072K, reserved 1048576K
}
Event: 4.970 GC heap before
{Heap before GC invocations=27 (full 0):
 garbage-first heap   total 116736K, used 56300K [0x0000000722600000, 0x0000000800000000)
  region size 2048K, 3 young (6144K), 2 survivors (4096K)
 Metaspace       used 25862K, capacity 26163K, committed 26368K, reserved 1073152K
  class space    used 2918K, capacity 3028K, committed 3072K, reserved 1048576K
}
Event: 4.974 GC heap after
{Heap after GC invocations=28 (full 0):
 garbage-first heap   total 116736K, used 49842K [0x0000000722600000, 0x0000000800000000)
  region size 2048K, 1 young (2048K), 1 survivors (2048K)
 Metaspace       used 25862K, capacity 26163K, committed 26368K, reserved 1073152K
  class space    used 2918K, capacity 3028K, committed 3072K, reserved 1048576K
}
Event: 5.298 GC heap before
{Heap before GC invocations=28 (full 0):
 garbage-first heap   total 116736K, used 66226K [0x0000000722600000, 0x0000000800000000)
  region size 2048K, 9 young (18432K), 1 survivors (2048K)
 Metaspace       used 25862K, capacity 26163K, committed 26368K, reserved 1073152K
  class space    used 2918K, capacity 3028K, committed 3072K, reserved 1048576K
}
Event: 5.303 GC heap after
{Heap after GC invocations=29 (full 0):
 garbage-first heap   total 159744K, used 66752K [0x0000000722600000, 0x0000000800000000)
  region size 2048K, 2 young (4096K), 2 survivors (4096K)
 Metaspace       used 25862K, capacity 26163K, committed 26368K, reserved 1073152K
  class space    used 2918K, capacity 3028K, committed 3072K, reserved 1048576K
}

Deoptimization events (20 events):
Event: 5.391 Thread 0x000001bf9e422010 Uncommon trap: trap_request=0xffffff45 fr.pc=0x000001bf87c6360c relative=0x000000000000018c
Event: 5.391 Thread 0x000001bf9e422010 Uncommon trap: reason=unstable_if action=reinterpret pc=0x000001bf87c6360c method=com.jogamp.opengl.awt.GLCanvas.display()V @ 4 c2
Event: 5.391 Thread 0x000001bf9e422010 DEOPT PACKING pc=0x000001bf87c6360c sp=0x00000086c10feb90
Event: 5.391 Thread 0x000001bf9e422010 DEOPT UNPACKING pc=0x000001bf8004e42f sp=0x00000086c10feb70 mode 2
Event: 5.419 Thread 0x000001bf945f8ed0 Uncommon trap: trap_request=0xffffff54 fr.pc=0x000001bf87c1b0f4 relative=0x00000000000010d4
Event: 5.419 Thread 0x000001bf945f8ed0 Uncommon trap: reason=speculate_null_assert action=make_not_entrant pc=0x000001bf87c1b0f4 method=jdk.internal.loader.URLClassPath$JarLoader.getResource(Ljava/lang/String;ZLjava/util/Set;)Ljdk/internal/loader/Resource; @ 17 c2
Event: 5.419 Thread 0x000001bf945f8ed0 DEOPT PACKING pc=0x000001bf87c1b0f4 sp=0x00000086bf7f8130
Event: 5.419 Thread 0x000001bf945f8ed0 DEOPT UNPACKING pc=0x000001bf8004e42f sp=0x00000086bf7f80c8 mode 2
Event: 5.439 Thread 0x000001bf945f8ed0 Uncommon trap: trap_request=0xffffff54 fr.pc=0x000001bf87c3793c relative=0x000000000000343c
Event: 5.439 Thread 0x000001bf945f8ed0 Uncommon trap: reason=speculate_null_assert action=make_not_entrant pc=0x000001bf87c3793c method=java.util.jar.JarFile.getVersionedEntry(Ljava/lang/String;Ljava/util/jar/JarEntry;)Ljava/util/jar/JarEntry; @ 114 c2
Event: 5.439 Thread 0x000001bf945f8ed0 DEOPT PACKING pc=0x000001bf87c3793c sp=0x00000086bf7f94f0
Event: 5.439 Thread 0x000001bf945f8ed0 DEOPT UNPACKING pc=0x000001bf8004e42f sp=0x00000086bf7f93c0 mode 2
Event: 5.445 Thread 0x000001bf945f8ed0 Uncommon trap: trap_request=0xffffff45 fr.pc=0x000001bf87c19218 relative=0x0000000000000ab8
Event: 5.445 Thread 0x000001bf945f8ed0 Uncommon trap: reason=unstable_if action=reinterpret pc=0x000001bf87c19218 method=java.util.jar.JarFile.getVersionedEntry(Ljava/lang/String;Ljava/util/jar/JarEntry;)Ljava/util/jar/JarEntry; @ 26 c2
Event: 5.445 Thread 0x000001bf945f8ed0 DEOPT PACKING pc=0x000001bf87c19218 sp=0x00000086bf7facf0
Event: 5.445 Thread 0x000001bf945f8ed0 DEOPT UNPACKING pc=0x000001bf8004e42f sp=0x00000086bf7facb0 mode 2
Event: 5.476 Thread 0x000001bf945f8ed0 Uncommon trap: trap_request=0xffffff45 fr.pc=0x000001bf87c1d4a4 relative=0x0000000000000f84
Event: 5.476 Thread 0x000001bf945f8ed0 Uncommon trap: reason=unstable_if action=reinterpret pc=0x000001bf87c1d4a4 method=jdk.internal.util.jar.JarIndex.get(Ljava/lang/String;)Ljava/util/LinkedList; @ 27 c2
Event: 5.476 Thread 0x000001bf945f8ed0 DEOPT PACKING pc=0x000001bf87c1d4a4 sp=0x00000086bf7fb6c0
Event: 5.476 Thread 0x000001bf945f8ed0 DEOPT UNPACKING pc=0x000001bf8004e42f sp=0x00000086bf7fb698 mode 2

Classes unloaded (0 events):
No events

Classes redefined (0 events):
No events

Internal exceptions (20 events):
Event: 2.102 Thread 0x000001bf945f8ed0 Implicit null exception at 0x000001bf87bd572f to 0x000001bf87bd57a9
Event: 2.189 Thread 0x000001bf945f8ed0 Exception <a 'java/lang/NoSuchMethodError'{0x000000072e8db078}: 'void java.lang.invoke.DirectMethodHandle$Holder.invokeStaticInit(java.lang.Object)'> (0x000000072e8db078) 
thrown [./open/src/hotspot/share/interpreter/linkResolver.cpp, line 782]
Event: 2.242 Thread 0x000001bf9e94b150 Exception <a 'java/lang/NoSuchMethodError'{0x00000007303eb2e0}: 'java.lang.Object java.lang.invoke.DirectMethodHandle$Holder.newInvokeSpecial(java.lang.Object, java.lang.Object, java.lang.Object, int, int, int, int, int)'> (0x00000007303eb2e0) 
thrown [./open/src/hotspot/share/interpreter/linkResolver.cpp, line 782]
Event: 2.296 Thread 0x000001bf945f8ed0 Exception <a 'java/lang/NoSuchMethodError'{0x000000072fefde90}: 'java.lang.Object java.lang.invoke.DirectMethodHandle$Holder.invokeInterface(java.lang.Object, java.lang.Object)'> (0x000000072fefde90) 
thrown [./open/src/hotspot/share/interpreter/linkResolver.cpp, line 782]
Event: 4.494 Thread 0x000001bf945f8ed0 Exception <a 'java/lang/NoSuchMethodError'{0x00000007302edaa0}: 'double java.lang.invoke.DirectMethodHandle$Holder.invokeStatic(java.lang.Object, java.lang.Object)'> (0x00000007302edaa0) 
thrown [./open/src/hotspot/share/interpreter/linkResolver.cpp, line 782]
Event: 5.423 Thread 0x000001bf945f8ed0 Exception <a 'java/lang/NoSuchMethodError'{0x000000072cca25b8}: 'java.lang.Object java.lang.invoke.DirectMethodHandle$Holder.invokeStatic(java.lang.Object, java.lang.Object, int)'> (0x000000072cca25b8) 
thrown [./open/src/hotspot/share/interpreter/linkResolver.cpp, line 782]
Event: 5.426 Thread 0x000001bf945f8ed0 Exception <a 'java/lang/NoSuchMethodError'{0x000000072ccadde0}: 'void java.lang.invoke.DelegatingMethodHandle$Holder.delegate(java.lang.Object, java.lang.Object, int, java.lang.Object)'> (0x000000072ccadde0) 
thrown [./open/src/hotspot/share/interpreter/linkResolver.cpp, line 782]
Event: 5.426 Thread 0x000001bf945f8ed0 Exception <a 'java/lang/NoSuchMethodError'{0x000000072ccb2008}: 'int java.lang.invoke.DirectMethodHandle$Holder.invokeSpecial(java.lang.Object, java.lang.Object, java.lang.Object)'> (0x000000072ccb2008) 
thrown [./open/src/hotspot/share/interpreter/linkResolver.cpp, line 782]
Event: 5.457 Thread 0x000001bf945f8ed0 Exception <a 'sun/nio/fs/WindowsException'{0x000000072cd7ba40}> (0x000000072cd7ba40) 
thrown [./open/src/hotspot/share/prims/jni.cpp, line 578]
Event: 5.458 Thread 0x000001bf945f8ed0 Exception <a 'sun/nio/fs/WindowsException'{0x000000072cd7bd90}> (0x000000072cd7bd90) 
thrown [./open/src/hotspot/share/prims/jni.cpp, line 578]
Event: 5.469 Thread 0x000001bf945f8ed0 Exception <a 'sun/nio/fs/WindowsException'{0x000000072ca55560}> (0x000000072ca55560) 
thrown [./open/src/hotspot/share/prims/jni.cpp, line 578]
Event: 5.469 Thread 0x000001bf945f8ed0 Exception <a 'sun/nio/fs/WindowsException'{0x000000072ca55900}> (0x000000072ca55900) 
thrown [./open/src/hotspot/share/prims/jni.cpp, line 578]
Event: 5.476 Thread 0x000001bf945f8ed0 Exception <a 'sun/nio/fs/WindowsException'{0x000000072ca84460}> (0x000000072ca84460) 
thrown [./open/src/hotspot/share/prims/jni.cpp, line 578]
Event: 5.476 Thread 0x000001bf945f8ed0 Exception <a 'sun/nio/fs/WindowsException'{0x000000072ca84730}> (0x000000072ca84730) 
thrown [./open/src/hotspot/share/prims/jni.cpp, line 578]
Event: 5.483 Thread 0x000001bf945f8ed0 Exception <a 'java/lang/NoSuchMethodError'{0x000000072caccfa8}: 'int java.lang.invoke.DirectMethodHandle$Holder.invokeStaticInit(java.lang.Object, java.lang.Object, int, long)'> (0x000000072caccfa8) 
thrown [./open/src/hotspot/share/interpreter/linkResolver.cpp, line 782]
Event: 5.484 Thread 0x000001bf945f8ed0 Exception <a 'java/lang/NoSuchMethodError'{0x000000072cad2d40}: 'java.lang.Object java.lang.invoke.DirectMethodHandle$Holder.newInvokeSpecial(java.lang.Object, java.lang.Object, int)'> (0x000000072cad2d40) 
thrown [./open/src/hotspot/share/interpreter/linkResolver.cpp, line 782]
Event: 5.486 Thread 0x000001bf945f8ed0 Exception <a 'java/lang/NoSuchMethodError'{0x000000072cae0fa0}: 'int java.lang.invoke.DirectMethodHandle$Holder.invokeStaticInit(java.lang.Object, java.lang.Object, long, long)'> (0x000000072cae0fa0) 
thrown [./open/src/hotspot/share/interpreter/linkResolver.cpp, line 782]
Event: 5.487 Thread 0x000001bf945f8ed0 Exception <a 'java/lang/NoSuchMethodError'{0x000000072caeb618}: 'int java.lang.invoke.DirectMethodHandle$Holder.invokeStaticInit(java.lang.Object, java.lang.Object, java.lang.Object, long)'> (0x000000072caeb618) 
thrown [./open/src/hotspot/share/interpreter/linkResolver.cpp, line 782]
Event: 5.500 Thread 0x000001bf945f8ed0 Exception <a 'sun/nio/fs/WindowsException'{0x000000072cb51650}> (0x000000072cb51650) 
thrown [./open/src/hotspot/share/prims/jni.cpp, line 578]
Event: 5.500 Thread 0x000001bf945f8ed0 Exception <a 'sun/nio/fs/WindowsException'{0x000000072cb519e0}> (0x000000072cb519e0) 
thrown [./open/src/hotspot/share/prims/jni.cpp, line 578]

Events (20 events):
Event: 5.457 loading class sun/nio/fs/WindowsException
Event: 5.457 loading class sun/nio/fs/WindowsException done
Event: 5.458 loading class java/nio/file/NoSuchFileException
Event: 5.458 loading class java/nio/file/FileSystemException
Event: 5.458 loading class java/nio/file/FileSystemException done
Event: 5.458 loading class java/nio/file/NoSuchFileException done
Event: 5.468 Thread 0x000001bf9e464a60 Thread added: 0x000001bf9e464a60
Event: 5.472 Loaded shared library C:\Users\diego\AppData\Local\Temp\lwjgl_diego\3.3.4+7\x64\lwjgl_opengl.dll
Event: 5.480 loading class java/lang/ThreadLocal$SuppliedThreadLocal
Event: 5.480 loading class java/lang/ThreadLocal$SuppliedThreadLocal done
Event: 5.481 loading class java/nio/DirectCharBufferU
Event: 5.481 loading class java/nio/DirectCharBufferU done
Event: 5.481 loading class java/nio/DirectDoubleBufferU
Event: 5.481 loading class java/nio/DirectDoubleBufferU done
Event: 5.482 loading class java/util/function/LongPredicate
Event: 5.483 loading class java/util/function/LongPredicate done
Event: 5.488 loading class java/math/MutableBigInteger
Event: 5.488 loading class java/math/MutableBigInteger done
Event: 5.489 loading class java/nio/InvalidMarkException
Event: 5.489 loading class java/nio/InvalidMarkException done


Dynamic libraries:
0x00007ff64a7b0000 - 0x00007ff64a7bf000 	C:\Program Files\Java\jdk-15.0.2\bin\java.exe
0x00007ff9941f0000 - 0x00007ff994407000 	C:\WINDOWS\SYSTEM32\ntdll.dll
0x00007ff993600000 - 0x00007ff9936c4000 	C:\WINDOWS\System32\KERNEL32.DLL
0x00007ff9919b0000 - 0x00007ff991d69000 	C:\WINDOWS\System32\KERNELBASE.dll
0x00007ff991df0000 - 0x00007ff991f01000 	C:\WINDOWS\System32\ucrtbase.dll
0x00007ff9720b0000 - 0x00007ff9720c9000 	C:\Program Files\Java\jdk-15.0.2\bin\VCRUNTIME140.dll
0x00007ff972090000 - 0x00007ff9720a8000 	C:\Program Files\Java\jdk-15.0.2\bin\jli.dll
0x00007ff993080000 - 0x00007ff993132000 	C:\WINDOWS\System32\ADVAPI32.dll
0x00007ff993550000 - 0x00007ff9935f7000 	C:\WINDOWS\System32\msvcrt.dll
0x00007ff9922d0000 - 0x00007ff992377000 	C:\WINDOWS\System32\sechost.dll
0x00007ff991980000 - 0x00007ff9919a8000 	C:\WINDOWS\System32\bcrypt.dll
0x00007ff992f50000 - 0x00007ff993064000 	C:\WINDOWS\System32\RPCRT4.dll
0x00007ff9920c0000 - 0x00007ff99226e000 	C:\WINDOWS\System32\USER32.dll
0x00007ff9918e0000 - 0x00007ff991906000 	C:\WINDOWS\System32\win32u.dll
0x00007ff9909b0000 - 0x00007ff990c42000 	C:\WINDOWS\WinSxS\amd64_microsoft.windows.common-controls_6595b64144ccf1df_6.0.22621.4391_none_2715d37f73803e96\COMCTL32.dll
0x00007ff993900000 - 0x00007ff993929000 	C:\WINDOWS\System32\GDI32.dll
0x00007ff991720000 - 0x00007ff99183b000 	C:\WINDOWS\System32\gdi32full.dll
0x00007ff991840000 - 0x00007ff9918da000 	C:\WINDOWS\System32\msvcp_win.dll
0x00007ff98cf80000 - 0x00007ff98cf8a000 	C:\WINDOWS\SYSTEM32\VERSION.dll
0x00007ff992430000 - 0x00007ff992461000 	C:\WINDOWS\System32\IMM32.DLL
0x00007ff972080000 - 0x00007ff97208c000 	C:\Program Files\Java\jdk-15.0.2\bin\vcruntime140_1.dll
0x00007ff96ea20000 - 0x00007ff96eab1000 	C:\Program Files\Java\jdk-15.0.2\bin\msvcp140.dll
0x00007ff968620000 - 0x00007ff96917e000 	C:\Program Files\Java\jdk-15.0.2\bin\server\jvm.dll
0x00007ff993070000 - 0x00007ff993078000 	C:\WINDOWS\System32\PSAPI.DLL
0x00007ff987a30000 - 0x00007ff987a64000 	C:\WINDOWS\SYSTEM32\WINMM.dll
0x00007ff971220000 - 0x00007ff971229000 	C:\WINDOWS\SYSTEM32\WSOCK32.dll
0x00007ff9936d0000 - 0x00007ff993741000 	C:\WINDOWS\System32\WS2_32.dll
0x00007ff98f5e0000 - 0x00007ff98f5f8000 	C:\WINDOWS\SYSTEM32\kernel.appcore.dll
0x00007ff971210000 - 0x00007ff97121a000 	C:\Program Files\Java\jdk-15.0.2\bin\jimage.dll
0x00007ff990d60000 - 0x00007ff990f92000 	C:\WINDOWS\SYSTEM32\DBGHELP.DLL
0x00007ff992470000 - 0x00007ff9927ff000 	C:\WINDOWS\System32\combase.dll
0x00007ff993140000 - 0x00007ff993217000 	C:\WINDOWS\System32\OLEAUT32.dll
0x00007ff990c50000 - 0x00007ff990c82000 	C:\WINDOWS\SYSTEM32\dbgcore.DLL
0x00007ff991d70000 - 0x00007ff991deb000 	C:\WINDOWS\System32\bcryptPrimitives.dll
0x00007ff96e9f0000 - 0x00007ff96ea15000 	C:\Program Files\Java\jdk-15.0.2\bin\java.dll
0x00007ff993930000 - 0x00007ff9941a6000 	C:\WINDOWS\System32\SHELL32.dll
0x00007ff98e4c0000 - 0x00007ff98edc3000 	C:\WINDOWS\SYSTEM32\windows.storage.dll
0x00007ff98e380000 - 0x00007ff98e4bf000 	C:\WINDOWS\SYSTEM32\wintypes.dll
0x00007ff992c90000 - 0x00007ff992d89000 	C:\WINDOWS\System32\SHCORE.dll
0x00007ff993390000 - 0x00007ff9933ee000 	C:\WINDOWS\System32\shlwapi.dll
0x00007ff991420000 - 0x00007ff99144b000 	C:\WINDOWS\SYSTEM32\profapi.dll
0x00007ff9711f0000 - 0x00007ff971209000 	C:\Program Files\Java\jdk-15.0.2\bin\net.dll
0x00007ff98c470000 - 0x00007ff98c5a6000 	C:\WINDOWS\SYSTEM32\WINHTTP.dll
0x00007ff98fa30000 - 0x00007ff98fa99000 	C:\WINDOWS\system32\mswsock.dll
0x00007ff970df0000 - 0x00007ff970e02000 	C:\Program Files\Java\jdk-15.0.2\bin\nio.dll
0x00007ff96e9d0000 - 0x00007ff96e9e8000 	C:\Program Files\Java\jdk-15.0.2\bin\zip.dll
0x00007ff9684a0000 - 0x00007ff968620000 	C:\Program Files\Java\jdk-15.0.2\bin\awt.dll
0x00007ff98c230000 - 0x00007ff98c2c7000 	C:\WINDOWS\SYSTEM32\apphelp.dll
0x00007ff98cc40000 - 0x00007ff98ccf1000 	C:\WINDOWS\system32\uxtheme.dll
0x00007ff9933f0000 - 0x00007ff993550000 	C:\WINDOWS\System32\MSCTF.dll
0x00007ff991f10000 - 0x00007ff9920b5000 	C:\WINDOWS\System32\ole32.dll
0x00007ff98d090000 - 0x00007ff98d0bb000 	C:\WINDOWS\system32\DWMAPI.DLL
0x00007ff96fb90000 - 0x00007ff96fba0000 	C:\Program Files\Java\jdk-15.0.2\bin\verify.dll
0x00007ff9910a0000 - 0x00007ff9910bb000 	C:\WINDOWS\SYSTEM32\CRYPTSP.dll
0x00007ff98f540000 - 0x00007ff98f575000 	C:\WINDOWS\system32\rsaenh.dll
0x00007ff98fb40000 - 0x00007ff98fb68000 	C:\WINDOWS\SYSTEM32\USERENV.dll
0x00007ff990520000 - 0x00007ff99052c000 	C:\WINDOWS\SYSTEM32\CRYPTBASE.dll
0x00007ff98f030000 - 0x00007ff98f05d000 	C:\WINDOWS\SYSTEM32\IPHLPAPI.DLL
0x00007ff992420000 - 0x00007ff992429000 	C:\WINDOWS\System32\NSI.dll
0x00007ff98c430000 - 0x00007ff98c449000 	C:\WINDOWS\SYSTEM32\dhcpcsvc6.DLL
0x00007ff98c410000 - 0x00007ff98c42f000 	C:\WINDOWS\SYSTEM32\dhcpcsvc.DLL
0x00007ff98f0f0000 - 0x00007ff98f1f2000 	C:\WINDOWS\SYSTEM32\DNSAPI.dll
0x00007ff96e9b0000 - 0x00007ff96e9c3000 	C:\Users\diego\AppData\Local\Temp\jogamp_0000\file_cache\jln11328019101655515847\jln13353086877068822832\natives\windows-amd64\gluegen_rt.dll
0x00007ff96e9a0000 - 0x00007ff96e9a7000 	C:\Program Files\Java\jdk-15.0.2\bin\jawt.dll
0x00007ff96e990000 - 0x00007ff96e99d000 	C:\Users\diego\AppData\Local\Temp\jogamp_0000\file_cache\jln11328019101655515847\jln13353086877068822832\natives\windows-amd64\nativewindow_awt.dll
0x00007ff929640000 - 0x00007ff929740000 	C:\WINDOWS\system32\opengl32.dll
0x00007ff955310000 - 0x00007ff95533d000 	C:\WINDOWS\SYSTEM32\GLU32.dll
0x00007ff98d450000 - 0x00007ff98d487000 	C:\WINDOWS\SYSTEM32\dxcore.dll
0x00007ff9542c0000 - 0x00007ff954468000 	C:\WINDOWS\system32\d3d9.dll
0x00007ff987a70000 - 0x00007ff987c2b000 	C:\WINDOWS\System32\DriverStore\FileRepository\u0404276.inf_amd64_b6ae906c9d4ab767\B403905\aticfx64.dll
0x00007ff96e950000 - 0x00007ff96e984000 	C:\WINDOWS\System32\DriverStore\FileRepository\u0404276.inf_amd64_b6ae906c9d4ab767\B403905\atiu9p64.dll
0x00007ff927540000 - 0x00007ff928287000 	C:\WINDOWS\System32\DriverStore\FileRepository\u0404276.inf_amd64_b6ae906c9d4ab767\B403905\atiumd64.dll
0x0000000068400000 - 0x0000000069313000 	C:\WINDOWS\System32\DriverStore\FileRepository\u0404276.inf_amd64_b6ae906c9d4ab767\B403905\atiumd6a.dll
0x00007ff992800000 - 0x00007ff992c74000 	C:\WINDOWS\System32\SETUPAPI.dll
0x00007ff991210000 - 0x00007ff99125d000 	C:\WINDOWS\SYSTEM32\POWRPROF.dll
0x00007ff9911f0000 - 0x00007ff991203000 	C:\WINDOWS\SYSTEM32\UMPDC.dll
0x00007ff987770000 - 0x00007ff9877a5000 	C:\WINDOWS\SYSTEM32\amdihk64.dll
0x00007ff98a3e0000 - 0x00007ff98a429000 	C:\WINDOWS\SYSTEM32\directxdatabasehelper.dll
0x00007ff96e930000 - 0x00007ff96e945000 	C:\Users\diego\AppData\Local\Temp\jogamp_0000\file_cache\jln11328019101655515847\jln13353086877068822832\natives\windows-amd64\nativewindow_win32.dll
0x00007ff968410000 - 0x00007ff968493000 	C:\Users\diego\AppData\Local\Temp\jogamp_0000\file_cache\jln11328019101655515847\jln13353086877068822832\natives\windows-amd64\jogl_desktop.dll
0x00007ff96e8d0000 - 0x00007ff96e922000 	C:\Users\diego\AppData\Local\Temp\jogamp_0000\file_cache\jln11328019101655515847\jln13353086877068822832\natives\windows-amd64\jogl_mobile.dll
0x00007ff993850000 - 0x00007ff993900000 	C:\WINDOWS\System32\clbcatq.dll
0x00007ff989d70000 - 0x00007ff989eb4000 	C:\Windows\System32\AppXDeploymentClient.dll
0x00007ff96aea0000 - 0x00007ff96aece000 	C:\WINDOWS\System32\DriverStore\FileRepository\u0404276.inf_amd64_b6ae906c9d4ab767\B403905\atig6pxx.dll
0x00007ff9131b0000 - 0x00007ff91768f000 	C:\WINDOWS\System32\DriverStore\FileRepository\u0404276.inf_amd64_b6ae906c9d4ab767\B403905\atio6axx.dll
0x00007ff991130000 - 0x00007ff99115c000 	C:\WINDOWS\SYSTEM32\DEVOBJ.dll
0x00007ff991160000 - 0x00007ff9911ae000 	C:\WINDOWS\SYSTEM32\CFGMGR32.dll
0x00007ff991910000 - 0x00007ff99197c000 	C:\WINDOWS\System32\WINTRUST.dll
0x00007ff9914f0000 - 0x00007ff991656000 	C:\WINDOWS\System32\CRYPT32.dll
0x00007ff990530000 - 0x00007ff990542000 	C:\WINDOWS\SYSTEM32\MSASN1.dll
0x00007ff9681d0000 - 0x00007ff968255000 	C:\Program Files\Java\jdk-15.0.2\bin\freetype.dll
0x00007ff968120000 - 0x00007ff9681c9000 	C:\Program Files\Java\jdk-15.0.2\bin\fontmanager.dll
0x00007ff987560000 - 0x00007ff9876a5000 	C:\WINDOWS\SYSTEM32\textinputframework.dll
0x00007ff98bdd0000 - 0x00007ff98bf03000 	C:\WINDOWS\SYSTEM32\CoreMessaging.dll
0x00007ff9899d0000 - 0x00007ff989d3d000 	C:\WINDOWS\SYSTEM32\CoreUIComponents.dll
0x00007ff930cf0000 - 0x00007ff930d6b000 	C:\Users\diego\AppData\Local\Temp\lwjgl_diego\3.3.4+7\x64\lwjgl.dll
0x00007ff9680b0000 - 0x00007ff968111000 	C:\Users\diego\AppData\Local\Temp\lwjgl_diego\3.3.4+7\x64\lwjgl_opengl.dll
0x00007ff9272c0000 - 0x00007ff927531000 	C:\Users\diego\AppData\Local\Temp\lwjgl_diego\3.3.4+7\x64\jemalloc.dll

dbghelp: loaded successfully - version: 4.0.5 - missing functions: none
symbol engine: initialized successfully - sym options: 0x614 - pdb path: .;C:\Program Files\Java\jdk-15.0.2\bin;C:\WINDOWS\SYSTEM32;C:\WINDOWS\WinSxS\amd64_microsoft.windows.common-controls_6595b64144ccf1df_6.0.22621.4391_none_2715d37f73803e96;C:\Program Files\Java\jdk-15.0.2\bin\server;C:\Users\diego\AppData\Local\Temp\jogamp_0000\file_cache\jln11328019101655515847\jln13353086877068822832\natives\windows-amd64;C:\WINDOWS\System32\DriverStore\FileRepository\u0404276.inf_amd64_b6ae906c9d4ab767\B403905;C:\Users\diego\AppData\Local\Temp\lwjgl_diego\3.3.4+7\x64

VM Arguments:
jvm_args: -Dfile.encoding=UTF-8 
java_command: mampos.Mampos
java_class_path (initial): C:\Users\diego\OneDrive\Escritorio\Drive\Book\Book\gson-2.11.0.jar;C:\Users\diego\OneDrive\Escritorio\Drive\Book\Book\JOGL\JOML\joml-1.10.7.jar;C:\Users\diego\OneDrive\Escritorio\Drive\Book\Book\JOGL\jogamp-all-platforms\jar\gluegen-rt.jar;C:\Users\diego\OneDrive\Escritorio\Drive\Book\Book\JOGL\jogamp-all-platforms\jar\jogl-all.jar;C:\Program Files\NetBeans-23\netbeans\java\modules\ext\AbsoluteLayout.jar;C:\Users\diego\OneDrive\Escritorio\Drive\Book\Book\UJMP\ujmp-complete-0.3.0.jar;C:\Users\diego\OneDrive\Escritorio\Drive\Book\Book\pdf4j-icepdf-core-6.1.1.jar;C:\Users\diego\OneDrive\Escritorio\Drive\Book\Book\pdf4j-icepdf-viewer-6.1.1.jar;C:\Users\diego\OneDrive\Escritorio\Drive\lwjgl-release-3.3.4-custom\lwjgl-glfw.jar;C:\Users\diego\OneDrive\Escritorio\Drive\lwjgl-release-3.3.4-custom\lwjgl-opengl.jar;C:\Users\diego\OneDrive\Escritorio\Drive\lwjgl-release-3.3.4-custom\lwjgl.jar;C:\Users\diego\OneDrive\Escritorio\Drive\lwjgl-release-3.3.4-custom\lwjgl-opengl-natives-windows.jar;C:\Users\diego\OneDrive\Escritorio\Drive\LWJGL 3.3.4\lwjgl-glfw-natives-windows.jar;C:\Users\diego\OneDrive\Escritorio\Drive\LWJGL 3.3.4\lwjgl-assimp-natives-windows.jar;C:\Users\diego\OneDrive\Escritorio\Drive\LWJGL 3.3.4\lwjgl-assimp.jar;C:\Users\diego\OneDrive\Escritorio\Drive\LWJGL 3.3.4\lwjgl-bgfx-natives-windows.jar;C:\Users\diego\OneDrive\Escritorio\Drive\LWJGL 3.3.4\lwjgl-bgfx.jar;C:\Users\diego\OneDrive\Escritorio\Drive\LWJGL 3.3.4\lwjgl-cuda.jar;C:\Users\diego\OneDrive\Escritorio\Drive\LWJGL 3.3.4\lwjgl-egl.jar;C:\Users\diego\OneDrive\Escritorio\Drive\LWJGL 3.3.4\lwjgl-fmod.jar;C:\Users\diego\OneDrive\Escritorio\Drive\LWJGL 3.3.4\lwjgl-freetype-natives-windows.jar;C:\Users\diego\OneDrive\Escritorio\Drive\LWJGL 3.3.4\lwjgl-freetype.jar;C:\Users\diego\OneDrive\Escritorio\Drive\LWJGL 3.3.4\lwjgl-glfw.jar;C:\Users\diego\OneDrive\Escritorio\Drive\LWJGL 3.3.4\lwjgl-harfbuzz-natives-windows.jar;C:\Users\diego\OneDrive\Escritorio\Drive\LWJGL 3.3.4\lwjgl-harfbu
Launcher Type: SUN_STANDARD

[Global flags]
     intx CICompilerCount                          = 12                                        {product} {ergonomic}
     uint ConcGCThreads                            = 3                                         {product} {ergonomic}
     uint G1ConcRefinementThreads                  = 13                                        {product} {ergonomic}
   size_t G1HeapRegionSize                         = 2097152                                   {product} {ergonomic}
    uintx GCDrainStackTargetSize                   = 64                                        {product} {ergonomic}
   size_t InitialHeapSize                          = 232783872                                 {product} {ergonomic}
   size_t MarkStackSize                            = 4194304                                   {product} {ergonomic}
   size_t MaxHeapSize                              = 3718250496                                {product} {ergonomic}
   size_t MaxNewSize                               = 2229272576                                {product} {ergonomic}
   size_t MinHeapDeltaBytes                        = 2097152                                   {product} {ergonomic}
   size_t MinHeapSize                              = 8388608                                   {product} {ergonomic}
    uintx NonNMethodCodeHeapSize                   = 7602480                                {pd product} {ergonomic}
    uintx NonProfiledCodeHeapSize                  = 122027880                              {pd product} {ergonomic}
    uintx ProfiledCodeHeapSize                     = 122027880                              {pd product} {ergonomic}
    uintx ReservedCodeCacheSize                    = 251658240                              {pd product} {ergonomic}
     bool SegmentedCodeCache                       = true                                      {product} {ergonomic}
   size_t SoftMaxHeapSize                          = 3718250496                             {manageable} {ergonomic}
     bool UseCompressedClassPointers               = true                                 {lp64_product} {ergonomic}
     bool UseCompressedOops                        = true                                 {lp64_product} {ergonomic}
     bool UseG1GC                                  = true                                      {product} {ergonomic}
     bool UseLargePagesIndividualAllocation        = false                                  {pd product} {ergonomic}

Logging:
Log output configuration:
 #0: stdout all=warning uptime,level,tags
 #1: stderr all=off uptime,level,tags

Environment Variables:
JAVA_HOME=C:\Program Files\Java\jdk-15.0.2
PATH=C:\ffmpeg\bin;C:\Program Files\Common Files\Oracle\Java\javapath;C:\Program Files (x86)\Common Files\Oracle\Java\java8path;C:\Program Files (x86)\Common Files\Oracle\Java\javapath;C:\Program Files (x86)\Common Files\Intel\Shared Libraries\redist\intel64_win\compiler;C:\WINDOWS\system32;C:\WINDOWS;C:\WINDOWS\System32\Wbem;C:\WINDOWS\System32\WindowsPowerShell\v1.0\;C:\WINDOWS\System32\OpenSSH\;C:\Program Files\dotnet\;C:\Program Files\Common Files\Autodesk Shared\;C:\Program Files\Git\cmd;C:\Program Files\Azure Data Studio\bin;C:\Program Files\Microsoft SQL Server\Client SDK\ODBC\170\Tools\Binn\;C:\Program Files\Microsoft SQL Server\Client SDK\ODBC\110\Tools\Binn\;C:\Program Files (x86)\Microsoft SQL Server\120\Tools\Binn\ManagementStudio\;C:\Program Files (x86)\Microsoft SQL Server\120\Tools\Binn\;C:\Program Files\Microsoft SQL Server\120\Tools\Binn\;C:\Program Files (x86)\Microsoft SQL Server\120\DTS\Binn\;C:\Program Files\Microsoft SQL Server\120\DTS\Binn\;C:\Program Files (x86)\Microsoft SQL Server\160\Too;C:\Program Files\Microsoft SQL Server\160\DTS\Binn\;C:\Users\diego\AppData\Local\Programs\Python\Python311\Scripts\;C:\Users\diego\AppData\Local\Programs\Python\Python311\;C:\Users\diego\AppData\Local\Microsoft\WindowsApps;C:\Users\diego\AppData\Local\Programs\Microsoft VS Code\bin;C:\Program Files\Azure Data Studio\bin;C:\Users\diego\AppData\Roaming\npm;C:\src\flutter\bin;C:\Users\diego\AppData\Local\Pub\Cache\bin;C:\Program Files\MongoDB\Server\6.0\bin;C:\Users\diego\AppData\Local\GitHubDesktop\bin;C:\Program Files\JetBrains\IntelliJ IDEA 2024.1.4\bin;;C:\sqlite3;C:\Program Files\JetBrains\IntelliJ IDEA Community Edition 2024.2.2\bin;;C:\Users\diego\AppData\Local\Programs\MiKTeX\miktex\bin\x64\
USERNAME=diego
OS=Windows_NT
PROCESSOR_IDENTIFIER=AMD64 Family 23 Model 104 Stepping 1, AuthenticAMD



---------------  S Y S T E M  ---------------

OS:
 Windows 10 , 64 bit Build 22621 (10.0.22621.4391)
OS uptime: 0 days 0:13 hours
HyperV virtualization detected

CPU: total 16 (initial active 16) (16 cores per cpu, 2 threads per core) family 23 model 104 stepping 1 microcode 0x0, cmov, cx8, fxsr, mmx, sse, sse2, sse3, ssse3, sse4.1, sse4.2, popcnt, vzeroupper, avx, avx2, aes, clmul, 3dnowpref, lzcnt, sse4a, ht, tsc, tscinvbit, tscinv, bmi1, bmi2, adx, sha, fma, clflush, clflushopt

Memory: 4k page, system-wide physical 14181M (5769M free)
TotalPageFile size 26181M (AvailPageFile size 16786M)
current process WorkingSet (physical memory assigned to process): 412M, peak: 412M
current process commit charge ("private bytes"): 660M, peak: 660M

vm_info: Java HotSpot(TM) 64-Bit Server VM (15.0.2+7-27) for windows-amd64 JRE (15.0.2+7-27), built on Dec  7 2020 20:07:01 by "mach5one" with unknown MS VC++:1925

END.
