#
# A fatal error has been detected by the Java Runtime Environment:
#
#  EXCEPTION_ACCESS_VIOLATION (0xc0000005) at pc=0x00000225ae55fd80, pid=18732, tid=13792
#
# JRE version: Java(TM) SE Runtime Environment (15.0.2+7) (build 15.0.2+7-27)
# Java VM: Java HotSpot(TM) 64-Bit Server VM (15.0.2+7-27, mixed mode, sharing, tiered, compressed oops, g1 gc, windows-amd64)
# Problematic frame:
# C  0x00000225ae55fd80
#
# No core dump will be written. Minidumps are not enabled by default on client versions of Windows
#
# If you would like to submit a bug report, please visit:
#   https://bugreport.java.com/bugreport/crash.jsp
# The crash happened outside the Java Virtual Machine in native code.
# See problematic frame for where to report the bug.
#

---------------  S U M M A R Y ------------

Command Line: -Dfile.encoding=UTF-8 mampos.Mampos

Host: AMD Ryzen 7 3700X 8-Core Processor             , 16 cores, 31G,  Windows 10 , 64 bit Build 19041 (10.0.19041.4957)
Time: Sun Oct 27 12:32:33 2024 Hora estándar, América Central elapsed time: 3.407402 seconds (0d 0h 0m 3s)

---------------  T H R E A D  ---------------

Current thread (0x00000225adccb700):  JavaThread "AWT-EventQueue-0" [_thread_in_native, id=13792, stack(0x000000b78e900000,0x000000b78ea00000)]

Stack: [0x000000b78e900000,0x000000b78ea00000],  sp=0x000000b78e9fe050,  free space=1016k
Native frames: (J=compiled Java code, j=interpreted, Vv=VM code, C=native code)
C  0x00000225ae55fd80

Java frames: (J=compiled Java code, j=interpreted, Vv=VM code)
j  jogamp.opengl.gl4.GL4bcImpl.dispatch_glDrawArrays1(IIIJ)V+0
j  jogamp.opengl.gl4.GL4bcImpl.glDrawArrays(III)V+45
j  rendering.Controlador.prepararBufferDeTexturas(Lcom/jogamp/opengl/GL4;IIII)V+64
j  rendering.Controlador.dibujar(Ljava/lang/String;Lcom/jogamp/opengl/GL4;[IIILjava/util/List;II)V+59
j  rendering.Planta.display(Lcom/jogamp/opengl/GLAutoDrawable;)V+327
j  jogamp.opengl.GLDrawableHelper.displayImpl(Lcom/jogamp/opengl/GLAutoDrawable;)V+62
j  jogamp.opengl.GLDrawableHelper.display(Lcom/jogamp/opengl/GLAutoDrawable;)V+2
j  com.jogamp.opengl.awt.GLCanvas$10.run()V+118
j  jogamp.opengl.GLDrawableHelper.invokeGLImpl(Lcom/jogamp/opengl/GLDrawable;Lcom/jogamp/opengl/GLContext;Ljava/lang/Runnable;Ljava/lang/Runnable;)V+205
j  jogamp.opengl.GLDrawableHelper.invokeGL(Lcom/jogamp/opengl/GLDrawable;Lcom/jogamp/opengl/GLContext;Ljava/lang/Runnable;Ljava/lang/Runnable;)V+75
j  com.jogamp.opengl.awt.GLCanvas$11.run()V+104
j  java.awt.event.InvocationEvent.dispatch()V+11 java.desktop@15.0.2
j  java.awt.EventQueue.dispatchEventImpl(Ljava/awt/AWTEvent;Ljava/lang/Object;)V+21 java.desktop@15.0.2
j  java.awt.EventQueue$4.run()Ljava/lang/Void;+32 java.desktop@15.0.2
j  java.awt.EventQueue$4.run()Ljava/lang/Object;+1 java.desktop@15.0.2
J 1335 c1 java.security.AccessController.doPrivileged(Ljava/security/PrivilegedAction;Ljava/security/AccessControlContext;)Ljava/lang/Object; java.base@15.0.2 (17 bytes) @ 0x0000022588b1a464 [0x0000022588b1a280+0x00000000000001e4]
j  java.security.ProtectionDomain$JavaSecurityAccessImpl.doIntersectionPrivilege(Ljava/security/PrivilegedAction;Ljava/security/AccessControlContext;Ljava/security/AccessControlContext;)Ljava/lang/Object;+18 java.base@15.0.2
j  java.awt.EventQueue.dispatchEvent(Ljava/awt/AWTEvent;)V+46 java.desktop@15.0.2
j  java.awt.EventDispatchThread.pumpOneEventForFilters(I)V+78 java.desktop@15.0.2
j  java.awt.EventDispatchThread.pumpEventsForFilter(ILjava/awt/Conditional;Ljava/awt/EventFilter;)V+35 java.desktop@15.0.2
j  java.awt.EventDispatchThread.pumpEventsForHierarchy(ILjava/awt/Conditional;Ljava/awt/Component;)V+11 java.desktop@15.0.2
j  java.awt.EventDispatchThread.pumpEvents(ILjava/awt/Conditional;)V+4 java.desktop@15.0.2
j  java.awt.EventDispatchThread.pumpEvents(Ljava/awt/Conditional;)V+3 java.desktop@15.0.2
j  java.awt.EventDispatchThread.run()V+9 java.desktop@15.0.2
v  ~StubRoutines::call_stub

siginfo: EXCEPTION_ACCESS_VIOLATION (0xc0000005), reading address 0x0000000000000000


Register to memory mapping:

RIP=0x00000225ae55fd80 points into unknown readable memory: 0x893889046e8b3e8b | 8b 3e 8b 6e 04 89 38 89
RAX=0x00000225b1406280 points into unknown readable memory: 0x00325da8003560ab | ab 60 35 00 a8 5d 32 00
RBX=0x00000225be280000 points into unknown readable memory: 0x00000225b3ce2110 | 10 21 ce b3 25 02 00 00
RCX=0x0 is NULL
RDX=0x0000000000000006 is an unknown value
RSP=0x000000b78e9fe050 is pointing into the stack for thread: 0x00000225adccb700
RBP=0x0000000000000006 is an unknown value
RSI=0x0 is NULL
RDI=0x0 is NULL
R8 =0x0 is NULL
R9 =0x0000000000000006 is an unknown value
R10=0x00000000066b6280 is an unknown value
R11=0x000000b78e9fc4b0 is pointing into the stack for thread: 0x00000225adccb700
R12=0x0 is NULL
R13=0x00000225b1406280 points into unknown readable memory: 0x00325da8003560ab | ab 60 35 00 a8 5d 32 00
R14=0x00000225b7ce45e0 points into unknown readable memory: 0x0000000000000400 | 00 04 00 00 00 00 00 00
R15=0x0000000000000004 is an unknown value


Registers:
RAX=0x00000225b1406280, RBX=0x00000225be280000, RCX=0x0000000000000000, RDX=0x0000000000000006
RSP=0x000000b78e9fe050, RBP=0x0000000000000006, RSI=0x0000000000000000, RDI=0x0000000000000000
R8 =0x0000000000000000, R9 =0x0000000000000006, R10=0x00000000066b6280, R11=0x000000b78e9fc4b0
R12=0x0000000000000000, R13=0x00000225b1406280, R14=0x00000225b7ce45e0, R15=0x0000000000000004
RIP=0x00000225ae55fd80, EFLAGS=0x0000000000010206

Top of Stack: (sp=0x000000b78e9fe050)
0x000000b78e9fe050:   0000000000000000 00000225be280000
0x000000b78e9fe060:   0000000000000000 00000225be2cc198
0x000000b78e9fe070:   0000000000000006 00007ffc489cff75
0x000000b78e9fe080:   0000000000000006 00000225be2cc198
0x000000b78e9fe090:   0000000000000078 0000000000000000
0x000000b78e9fe0a0:   00000225b7da9540 0000000000000000
0x000000b78e9fe0b0:   0000000000000000 00000225be280000
0x000000b78e9fe0c0:   00000225b7e0ea18 0000000000000004
0x000000b78e9fe0d0:   0000000000000000 0000000000000004
0x000000b78e9fe0e0:   0000000000000004 00000225b7ce45e0
0x000000b78e9fe0f0:   0000000000000006 00007ffc489cbd13
0x000000b78e9fe100:   0000022500000000 00000225b7e0ea18
0x000000b78e9fe110:   00000225be280000 0000000000000000
0x000000b78e9fe120:   0000000000000083 00c0000000000000
0x000000b78e9fe130:   0000000000000006 00000225b7ce45e0
0x000000b78e9fe140:   0000000000000000 00007ffc489cbf80 

Instructions: (pc=0x00000225ae55fd80)
0x00000225ae55fc80:   00 00 00 00 00 00 00 00 00 00 00 00 00 00 00 00
0x00000225ae55fc90:   00 00 00 00 00 00 00 00 00 00 00 00 00 00 00 00
0x00000225ae55fca0:   00 00 00 00 00 00 00 00 00 00 00 00 00 00 00 00
0x00000225ae55fcb0:   00 00 00 00 00 00 00 00 00 00 00 00 00 00 00 00
0x00000225ae55fcc0:   00 00 00 00 00 00 00 00 00 00 00 00 00 00 00 00
0x00000225ae55fcd0:   00 00 00 00 00 00 00 00 00 00 00 00 00 00 00 00
0x00000225ae55fce0:   00 00 00 00 00 00 00 00 00 00 00 00 00 00 00 00
0x00000225ae55fcf0:   00 00 00 00 00 00 00 00 00 00 00 00 00 00 00 00
0x00000225ae55fd00:   00 00 00 00 00 00 00 00 00 00 00 00 00 00 00 00
0x00000225ae55fd10:   00 00 00 00 00 00 00 00 00 00 00 00 00 00 00 00
0x00000225ae55fd20:   00 00 00 00 00 00 00 00 00 00 00 00 00 00 00 00
0x00000225ae55fd30:   00 00 00 00 00 00 00 00 40 ff ff ff 00 fd 00 00
0x00000225ae55fd40:   48 83 ec 28 48 89 6c 24 20 48 89 5c 24 18 48 89
0x00000225ae55fd50:   74 24 10 48 89 7c 24 08 48 8b d9 48 8b c2 49 8b
0x00000225ae55fd60:   c8 49 8b d1 48 be d8 8d 2d be 25 02 00 00 48 8b
0x00000225ae55fd70:   36 48 8b b6 08 03 00 00 48 8d 3c 49 48 8d 34 be
0x00000225ae55fd80:   8b 3e 8b 6e 04 89 38 89 68 04 8b 7e 08 89 78 08
0x00000225ae55fd90:   48 be d8 8d 2d be 25 02 00 00 48 8b 36 48 8b b6
0x00000225ae55fda0:   38 03 00 00 48 8d 34 ce 8b 3e 8b 6e 04 89 78 0c
0x00000225ae55fdb0:   89 68 10 48 83 c0 14 ff c1 ff ca 75 a7 48 8b 7c
0x00000225ae55fdc0:   24 08 48 8b 74 24 10 48 8b 5c 24 18 48 8b 6c 24
0x00000225ae55fdd0:   20 48 83 c4 28 c3 00 00 00 00 00 00 00 00 00 00
0x00000225ae55fde0:   00 00 00 00 00 00 00 00 00 00 00 00 00 00 00 00
0x00000225ae55fdf0:   00 00 00 00 00 00 00 00 80 ff ff ff c0 00 00 00
0x00000225ae55fe00:   55 48 8b ec 53 56 57 4c 8b da 4c 8b d1 49 8b f2
0x00000225ae55fe10:   49 8b fb 41 8b e8 85 ed 0f 84 30 00 00 00 b9 03
0x00000225ae55fe20:   00 00 00 0f 8f 05 00 00 00 48 f7 d9 f7 dd 0f b6
0x00000225ae55fe30:   5e 02 c1 e3 10 0f b7 16 0b da 48 03 f1 48 83 c7
0x00000225ae55fe40:   04 81 e3 ff ff ff 00 ff cd 89 5f fc 75 e0 5f 5e
0x00000225ae55fe50:   5b 5d c3 00 00 00 00 00 00 00 00 00 00 00 00 00
0x00000225ae55fe60:   00 00 00 00 00 00 00 00 00 00 00 00 00 00 00 00
0x00000225ae55fe70:   00 00 00 00 00 00 00 00 c0 ff ff ff 80 00 00 00 


Stack slot to memory mapping:
stack at sp + 0 slots: 0x0 is NULL
stack at sp + 1 slots: 0x00000225be280000 points into unknown readable memory: 0x00000225b3ce2110 | 10 21 ce b3 25 02 00 00
stack at sp + 2 slots: 0x0 is NULL
stack at sp + 3 slots: 0x00000225be2cc198 points into unknown readable memory: 0x00000225b7ce45e0 | e0 45 ce b7 25 02 00 00
stack at sp + 4 slots: 0x0000000000000006 is an unknown value
stack at sp + 5 slots: 0x00007ffc489cff75 nvoglv64.dll
stack at sp + 6 slots: 0x0000000000000006 is an unknown value
stack at sp + 7 slots: 0x00000225be2cc198 points into unknown readable memory: 0x00000225b7ce45e0 | e0 45 ce b7 25 02 00 00


---------------  P R O C E S S  ---------------

Threads class SMR info:
_java_thread_list=0x00000225b419c000, length=25, elements={
0x00000225acd3b440, 0x00000225acd3bf10, 0x00000225acd53a60, 0x00000225acd57430,
0x00000225acd57de0, 0x00000225acd5ab80, 0x00000225acd5c360, 0x00000225acd65160,
0x00000225ad6f31c0, 0x00000225ad706c20, 0x00000225ad714100, 0x00000225adc86ae0,
0x00000225adcb4000, 0x00000225adcb44d0, 0x00000225adccb700, 0x00000225ff261a80,
0x00000225ae16aab0, 0x00000225ae168dd0, 0x00000225ae16bdf0, 0x00000225ae1692a0,
0x00000225ae16af80, 0x00000225b3f51b80, 0x00000225b3f52090, 0x00000225ae16b920,
0x00000225ae169c40
}

Java Threads: ( => current thread )
  0x00000225acd3b440 JavaThread "Reference Handler" daemon [_thread_blocked, id=24968, stack(0x000000b78d700000,0x000000b78d800000)]
  0x00000225acd3bf10 JavaThread "Finalizer" daemon [_thread_blocked, id=14500, stack(0x000000b78d800000,0x000000b78d900000)]
  0x00000225acd53a60 JavaThread "Signal Dispatcher" daemon [_thread_blocked, id=26532, stack(0x000000b78d900000,0x000000b78da00000)]
  0x00000225acd57430 JavaThread "Attach Listener" daemon [_thread_blocked, id=15564, stack(0x000000b78da00000,0x000000b78db00000)]
  0x00000225acd57de0 JavaThread "Service Thread" daemon [_thread_blocked, id=7008, stack(0x000000b78db00000,0x000000b78dc00000)]
  0x00000225acd5ab80 JavaThread "C2 CompilerThread0" daemon [_thread_blocked, id=23992, stack(0x000000b78dc00000,0x000000b78dd00000)]
  0x00000225acd5c360 JavaThread "C1 CompilerThread0" daemon [_thread_blocked, id=6624, stack(0x000000b78dd00000,0x000000b78de00000)]
  0x00000225acd65160 JavaThread "Sweeper thread" daemon [_thread_blocked, id=4644, stack(0x000000b78de00000,0x000000b78df00000)]
  0x00000225ad6f31c0 JavaThread "C1 CompilerThread1" daemon [_thread_blocked, id=8088, stack(0x000000b78df00000,0x000000b78e000000)]
  0x00000225ad706c20 JavaThread "Notification Thread" daemon [_thread_blocked, id=25464, stack(0x000000b78e000000,0x000000b78e100000)]
  0x00000225ad714100 JavaThread "Common-Cleaner" daemon [_thread_blocked, id=1640, stack(0x000000b78e200000,0x000000b78e300000)]
  0x00000225adc86ae0 JavaThread "Java2D Disposer" daemon [_thread_blocked, id=23420, stack(0x000000b78e600000,0x000000b78e700000)]
  0x00000225adcb4000 JavaThread "AWT-Shutdown" [_thread_blocked, id=11280, stack(0x000000b78e700000,0x000000b78e800000)]
  0x00000225adcb44d0 JavaThread "AWT-Windows" daemon [_thread_in_native, id=25872, stack(0x000000b78e800000,0x000000b78e900000)]
=>0x00000225adccb700 JavaThread "AWT-EventQueue-0" [_thread_in_native, id=13792, stack(0x000000b78e900000,0x000000b78ea00000)]
  0x00000225ff261a80 JavaThread "DestroyJavaVM" [_thread_blocked, id=7372, stack(0x000000b78d000000,0x000000b78d100000)]
  0x00000225ae16aab0 JavaThread "AWT-EventQueue-0-SharedResourceRunner" daemon [_thread_blocked, id=23240, stack(0x000000b78e300000,0x000000b78e400000)]
  0x00000225ae168dd0 JavaThread "AWT-EventQueue-0-AWTAnimator#00" [_thread_blocked, id=21292, stack(0x000000b78fa00000,0x000000b78fb00000)]
  0x00000225ae16bdf0 JavaThread "AWT-EventQueue-0-AWTAnimator#01" [_thread_blocked, id=4692, stack(0x000000b78fb00000,0x000000b78fc00000)]
  0x00000225ae1692a0 JavaThread "AWT-EventQueue-0-AWTAnimator#02" [_thread_blocked, id=14320, stack(0x000000b78fc00000,0x000000b78fd00000)]
  0x00000225ae16af80 JavaThread "Image Fetcher 0" daemon [_thread_blocked, id=25256, stack(0x000000b78ff00000,0x000000b790000000)]
  0x00000225b3f51b80 JavaThread "C1 CompilerThread2" daemon [_thread_blocked, id=18400, stack(0x000000b790000000,0x000000b790100000)]
  0x00000225b3f52090 JavaThread "C1 CompilerThread3" daemon [_thread_blocked, id=14712, stack(0x000000b790100000,0x000000b790200000)]
  0x00000225ae16b920 JavaThread "TimerQueue" daemon [_thread_blocked, id=10772, stack(0x000000b790200000,0x000000b790300000)]
  0x00000225ae169c40 JavaThread "D3D Screen Updater" daemon [_thread_blocked, id=14572, stack(0x000000b790500000,0x000000b790600000)]

Other Threads:
  0x00000225acd37cb0 VMThread "VM Thread" [stack: 0x000000b78d600000,0x000000b78d700000] [id=13884]
  0x00000225ad70a550 WatcherThread [stack: 0x000000b78e100000,0x000000b78e200000] [id=14016]
  0x00000225ff2d7c40 GCTaskThread "GC Thread#0" [stack: 0x000000b78d100000,0x000000b78d200000] [id=2900]
  0x00000225ae042500 GCTaskThread "GC Thread#1" [stack: 0x000000b78ee00000,0x000000b78ef00000] [id=19140]
  0x00000225ae043e80 GCTaskThread "GC Thread#2" [stack: 0x000000b78ef00000,0x000000b78f000000] [id=26892]
  0x00000225ae042830 GCTaskThread "GC Thread#3" [stack: 0x000000b78f000000,0x000000b78f100000] [id=4084]
  0x00000225ae0441b0 GCTaskThread "GC Thread#4" [stack: 0x000000b78f100000,0x000000b78f200000] [id=6980]
  0x00000225b3f709d0 GCTaskThread "GC Thread#5" [stack: 0x000000b78f200000,0x000000b78f300000] [id=1920]
  0x00000225b3f71030 GCTaskThread "GC Thread#6" [stack: 0x000000b78f300000,0x000000b78f400000] [id=14240]
  0x00000225b3f73340 GCTaskThread "GC Thread#7" [stack: 0x000000b78f400000,0x000000b78f500000] [id=21692]
  0x00000225b3f73670 GCTaskThread "GC Thread#8" [stack: 0x000000b78f500000,0x000000b78f600000] [id=6048]
  0x00000225b3f71360 GCTaskThread "GC Thread#9" [stack: 0x000000b78f600000,0x000000b78f700000] [id=10684]
  0x00000225b3f70d00 GCTaskThread "GC Thread#10" [stack: 0x000000b78f700000,0x000000b78f800000] [id=6944]
  0x00000225b3f729b0 GCTaskThread "GC Thread#11" [stack: 0x000000b78f800000,0x000000b78f900000] [id=9388]
  0x00000225ff2e8c10 ConcurrentGCThread "G1 Main Marker" [stack: 0x000000b78d200000,0x000000b78d300000] [id=6876]
  0x00000225ff2e9700 ConcurrentGCThread "G1 Conc#0" [stack: 0x000000b78d300000,0x000000b78d400000] [id=12912]
  0x00000225b3f71690 ConcurrentGCThread "G1 Conc#1" [stack: 0x000000b790300000,0x000000b790400000] [id=2488]
  0x00000225b3f706a0 ConcurrentGCThread "G1 Conc#2" [stack: 0x000000b790400000,0x000000b790500000] [id=14708]
  0x00000225ff32e660 ConcurrentGCThread "G1 Refine#0" [stack: 0x000000b78d400000,0x000000b78d500000] [id=21892]
  0x00000225acc2a4a0 ConcurrentGCThread "G1 Young RemSet Sampling" [stack: 0x000000b78d500000,0x000000b78d600000] [id=26464]

Threads with active compile tasks:

VM state: not at safepoint (normal execution)

VM Mutex/Monitor currently owned by a thread: None

Heap address: 0x0000000601000000, size: 8176 MB, Compressed Oops mode: Zero based, Oop shift amount: 3
CDS archive(s) mapped at: [0x0000000800000000-0x0000000800b50000-0x0000000800b50000), size 11862016, SharedBaseAddress: 0x0000000800000000, ArchiveRelocationMode: 0.
Compressed class space mapped at: 0x0000000800b50000-0x0000000840b50000, size: 1073741824
Narrow klass base: 0x0000000800000000, Narrow klass shift: 3, Narrow klass range: 0x100000000

GC Precious Log:
 CPUs: 16 total, 16 available
 Memory: 32689M
 Large Page Support: Disabled
 NUMA Support: Disabled
 Compressed Oops: Enabled (Zero based)
 Heap Region Size: 4M
 Heap Min Capacity: 8M
 Heap Initial Capacity: 512M
 Heap Max Capacity: 8176M
 Pre-touch: Disabled
 Parallel Workers: 13
 Concurrent Workers: 3
 Concurrent Refinement Workers: 13
 Periodic GC: Disabled

Heap:
 garbage-first heap   total 204800K, used 72868K [0x0000000601000000, 0x0000000800000000)
  region size 4096K, 8 young (32768K), 1 survivors (4096K)
 Metaspace       used 25778K, capacity 26083K, committed 26368K, reserved 1073152K
  class space    used 2911K, capacity 2996K, committed 3072K, reserved 1048576K

Heap Regions: E=young(eden), S=young(survivor), O=old, HS=humongous(starts), HC=humongous(continues), CS=collection set, F=free, OA=open archive, CA=closed archive, TAMS=top-at-mark-start (previous, next)
|   0|0x0000000601000000, 0x000000060133d400, 0x0000000601400000| 80%| O|  |TAMS 0x000000060133d400, 0x0000000601000000| Untracked 
|   1|0x0000000601400000, 0x0000000601800000, 0x0000000601800000|100%| O|  |TAMS 0x0000000601800000, 0x0000000601400000| Untracked 
|   2|0x0000000601800000, 0x0000000601800000, 0x0000000601c00000|  0%| F|  |TAMS 0x0000000601800000, 0x0000000601800000| Untracked 
|   3|0x0000000601c00000, 0x0000000602000000, 0x0000000602000000|100%| O|  |TAMS 0x0000000601c00000, 0x0000000601c00000| Untracked 
|   4|0x0000000602000000, 0x0000000602000000, 0x0000000602400000|  0%| F|  |TAMS 0x0000000602000000, 0x0000000602000000| Untracked 
|   5|0x0000000602400000, 0x0000000602800000, 0x0000000602800000|100%| O|  |TAMS 0x0000000602400000, 0x0000000602400000| Untracked 
|   6|0x0000000602800000, 0x0000000602c00000, 0x0000000602c00000|100%| O|  |TAMS 0x0000000602800000, 0x0000000602800000| Untracked 
|   7|0x0000000602c00000, 0x0000000602c00000, 0x0000000603000000|  0%| F|  |TAMS 0x0000000602c00000, 0x0000000602c00000| Untracked 
|   8|0x0000000603000000, 0x0000000603000000, 0x0000000603400000|  0%| F|  |TAMS 0x0000000603000000, 0x0000000603000000| Untracked 
|   9|0x0000000603400000, 0x0000000603800000, 0x0000000603800000|100%| O|  |TAMS 0x00000006034e7600, 0x0000000603400000| Untracked 
|  10|0x0000000603800000, 0x0000000603c00000, 0x0000000603c00000|100%| O|  |TAMS 0x0000000603800000, 0x0000000603800000| Untracked 
|  11|0x0000000603c00000, 0x0000000603dbe600, 0x0000000604000000| 43%| O|  |TAMS 0x0000000603c00000, 0x0000000603c00000| Untracked 
|  12|0x0000000604000000, 0x0000000604400000, 0x0000000604400000|100%| O|  |TAMS 0x0000000604000000, 0x0000000604000000| Untracked 
|  13|0x0000000604400000, 0x0000000604800000, 0x0000000604800000|100%| O|  |TAMS 0x0000000604400000, 0x0000000604400000| Untracked 
|  14|0x0000000604800000, 0x0000000604c00000, 0x0000000604c00000|100%| O|  |TAMS 0x0000000604800000, 0x0000000604800000| Untracked 
|  15|0x0000000604c00000, 0x0000000604e2d800, 0x0000000605000000| 54%| O|  |TAMS 0x0000000604c00000, 0x0000000604c00000| Untracked 
|  16|0x0000000605000000, 0x0000000605000000, 0x0000000605400000|  0%| F|  |TAMS 0x0000000605000000, 0x0000000605000000| Untracked 
|  17|0x0000000605400000, 0x0000000605400000, 0x0000000605800000|  0%| F|  |TAMS 0x0000000605400000, 0x0000000605400000| Untracked 
|  18|0x0000000605800000, 0x0000000605800000, 0x0000000605c00000|  0%| F|  |TAMS 0x0000000605800000, 0x0000000605800000| Untracked 
|  19|0x0000000605c00000, 0x0000000605c00000, 0x0000000606000000|  0%| F|  |TAMS 0x0000000605c00000, 0x0000000605c00000| Untracked 
|  20|0x0000000606000000, 0x0000000606000000, 0x0000000606400000|  0%| F|  |TAMS 0x0000000606000000, 0x0000000606000000| Untracked 
|  21|0x0000000606400000, 0x0000000606400000, 0x0000000606800000|  0%| F|  |TAMS 0x0000000606400000, 0x0000000606400000| Untracked 
|  22|0x0000000606800000, 0x0000000606800000, 0x0000000606c00000|  0%| F|  |TAMS 0x0000000606800000, 0x0000000606800000| Untracked 
|  23|0x0000000606c00000, 0x0000000606c00000, 0x0000000607000000|  0%| F|  |TAMS 0x0000000606c00000, 0x0000000606c00000| Untracked 
|  24|0x0000000607000000, 0x0000000607000000, 0x0000000607400000|  0%| F|  |TAMS 0x0000000607000000, 0x0000000607000000| Untracked 
|  25|0x0000000607400000, 0x0000000607400000, 0x0000000607800000|  0%| F|  |TAMS 0x0000000607400000, 0x0000000607400000| Untracked 
|  26|0x0000000607800000, 0x0000000607800000, 0x0000000607c00000|  0%| F|  |TAMS 0x0000000607800000, 0x0000000607800000| Untracked 
|  27|0x0000000607c00000, 0x0000000607c00000, 0x0000000608000000|  0%| F|  |TAMS 0x0000000607c00000, 0x0000000607c00000| Untracked 
|  28|0x0000000608000000, 0x0000000608000000, 0x0000000608400000|  0%| F|  |TAMS 0x0000000608000000, 0x0000000608000000| Untracked 
|  29|0x0000000608400000, 0x0000000608400000, 0x0000000608800000|  0%| F|  |TAMS 0x0000000608400000, 0x0000000608400000| Untracked 
|  30|0x0000000608800000, 0x0000000608800000, 0x0000000608c00000|  0%| F|  |TAMS 0x0000000608800000, 0x0000000608800000| Untracked 
|  31|0x0000000608c00000, 0x0000000608c00000, 0x0000000609000000|  0%| F|  |TAMS 0x0000000608c00000, 0x0000000608c00000| Untracked 
|  32|0x0000000609000000, 0x0000000609000000, 0x0000000609400000|  0%| F|  |TAMS 0x0000000609000000, 0x0000000609000000| Untracked 
|  33|0x0000000609400000, 0x0000000609400000, 0x0000000609800000|  0%| F|  |TAMS 0x0000000609400000, 0x0000000609400000| Untracked 
|  34|0x0000000609800000, 0x0000000609800000, 0x0000000609c00000|  0%| F|  |TAMS 0x0000000609800000, 0x0000000609800000| Untracked 
|  35|0x0000000609c00000, 0x0000000609c00000, 0x000000060a000000|  0%| F|  |TAMS 0x0000000609c00000, 0x0000000609c00000| Untracked 
|  36|0x000000060a000000, 0x000000060a000000, 0x000000060a400000|  0%| F|  |TAMS 0x000000060a000000, 0x000000060a000000| Untracked 
|  37|0x000000060a400000, 0x000000060a400000, 0x000000060a800000|  0%| F|  |TAMS 0x000000060a400000, 0x000000060a400000| Untracked 
|  38|0x000000060a800000, 0x000000060a800000, 0x000000060ac00000|  0%| F|  |TAMS 0x000000060a800000, 0x000000060a800000| Untracked 
|  39|0x000000060ac00000, 0x000000060ac00000, 0x000000060b000000|  0%| F|  |TAMS 0x000000060ac00000, 0x000000060ac00000| Untracked 
|  40|0x000000060b000000, 0x000000060b000000, 0x000000060b400000|  0%| F|  |TAMS 0x000000060b000000, 0x000000060b000000| Untracked 
|  41|0x000000060b400000, 0x000000060b400000, 0x000000060b800000|  0%| F|  |TAMS 0x000000060b400000, 0x000000060b400000| Untracked 
|  42|0x000000060b800000, 0x000000060ba0e450, 0x000000060bc00000| 51%| E|  |TAMS 0x000000060b800000, 0x000000060b800000| Complete 
|  43|0x000000060bc00000, 0x000000060c000000, 0x000000060c000000|100%| E|CS|TAMS 0x000000060bc00000, 0x000000060bc00000| Complete 
|  44|0x000000060c000000, 0x000000060c400000, 0x000000060c400000|100%| E|CS|TAMS 0x000000060c000000, 0x000000060c000000| Complete 
|  69|0x0000000612400000, 0x0000000612800000, 0x0000000612800000|100%| E|CS|TAMS 0x0000000612400000, 0x0000000612400000| Complete 
|  70|0x0000000612800000, 0x0000000612c00000, 0x0000000612c00000|100%| E|CS|TAMS 0x0000000612800000, 0x0000000612800000| Complete 
| 125|0x0000000620400000, 0x0000000620800000, 0x0000000620800000|100%| S|CS|TAMS 0x0000000620400000, 0x0000000620400000| Complete 
| 127|0x0000000620c00000, 0x0000000621000000, 0x0000000621000000|100%| E|CS|TAMS 0x0000000620c00000, 0x0000000620c00000| Complete 
|2043|0x00000007ffc00000, 0x0000000800000000, 0x0000000800000000|100%| E|CS|TAMS 0x00000007ffc00000, 0x00000007ffc00000| Complete 

Card table byte_map: [0x0000022598160000,0x0000022599160000] _byte_map_base: 0x0000022595158000

Marking Bits (Prev, Next): (CMBitMap*) 0x00000225ff2d8330, (CMBitMap*) 0x00000225ff2d8370
 Prev Bits: [0x000002259a160000, 0x00000225a2120000)
 Next Bits: [0x00000225a2120000, 0x00000225aa0e0000)

Polling page: 0x00000225fea30000

Metaspace:

Usage:
  Non-class:     22.55 MB capacity,    22.33 MB (>99%) used,   189.88 KB ( <1%) free+waste,    30.25 KB ( <1%) overhead. 
      Class:      2.93 MB capacity,     2.84 MB ( 97%) used,    74.05 KB (  2%) free+waste,    10.75 KB ( <1%) overhead. 
       Both:     25.47 MB capacity,    25.17 MB ( 99%) used,   263.94 KB (  1%) free+waste,    41.00 KB ( <1%) overhead. 

Virtual space:
  Non-class space:       24.00 MB reserved,      22.75 MB ( 95%) committed 
      Class space:        1.00 GB reserved,       3.00 MB ( <1%) committed 
             Both:        1.02 GB reserved,      25.75 MB (  2%) committed 

Chunk freelists:
   Non-Class:  81.00 KB
       Class:  12.00 KB
        Both:  93.00 KB

MaxMetaspaceSize: 17179869184.00 GB
CompressedClassSpaceSize: 1.00 GB

CodeHeap 'non-profiled nmethods': size=119168Kb used=957Kb max_used=957Kb free=118211Kb
 bounds [0x000002258fd00000, 0x000002258ff70000, 0x0000022597160000]
CodeHeap 'profiled nmethods': size=119104Kb used=4199Kb max_used=4199Kb free=114904Kb
 bounds [0x00000225888b0000, 0x0000022588cd0000, 0x000002258fd00000]
CodeHeap 'non-nmethods': size=7488Kb used=3348Kb max_used=3365Kb free=4140Kb
 bounds [0x0000022588160000, 0x00000225884b0000, 0x00000225888b0000]
 total_blobs=3253 nmethods=2197 adapters=965
 compilation: enabled
              stopped_count=0, restarted_count=0
 full_count=0

Compilation events (20 events):
Event: 3.118 Thread 0x00000225ad6f31c0 nmethod 2188 0x0000022588cbe610 code [0x0000022588cbe7c0, 0x0000022588cbe998]
Event: 3.118 Thread 0x00000225ad6f31c0 2189       3       java.util.PriorityQueue::siftUpComparable (52 bytes)
Event: 3.118 Thread 0x00000225acd5c360 nmethod 2182 0x0000022588cbea90 code [0x0000022588cbed40, 0x0000022588cc00e8]
Event: 3.118 Thread 0x00000225b3f52090 nmethod 2187 0x0000022588cc0690 code [0x0000022588cc0880, 0x0000022588cc0c78]
Event: 3.118 Thread 0x00000225ad6f31c0 nmethod 2189 0x0000022588cc0e10 code [0x0000022588cc1000, 0x0000022588cc17a8]
Event: 3.118 Thread 0x00000225b3f51b80 nmethod 2186 0x0000022588cc1a10 code [0x0000022588cc1cc0, 0x0000022588cc2a98]
Event: 3.133 Thread 0x00000225b3f51b80 2191   !   3       java.util.concurrent.DelayQueue::take (214 bytes)
Event: 3.133 Thread 0x00000225acd5c360 2192       3       java.util.concurrent.locks.ReentrantLock::lockInterruptibly (8 bytes)
Event: 3.133 Thread 0x00000225b3f52090 2193       3       java.util.concurrent.locks.ReentrantLock$Sync::lockInterruptibly (27 bytes)
Event: 3.133 Thread 0x00000225ad6f31c0 2194       3       java.util.PriorityQueue::poll (81 bytes)
Event: 3.134 Thread 0x00000225b3f52090 nmethod 2193 0x0000022588cc3110 code [0x0000022588cc3300, 0x0000022588cc3758]
Event: 3.134 Thread 0x00000225ad6f31c0 nmethod 2194 0x0000022588cc3910 code [0x0000022588cc3ae0, 0x0000022588cc3f58]
Event: 3.134 Thread 0x00000225acd5c360 nmethod 2192 0x0000022588cc4110 code [0x0000022588cc4300, 0x0000022588cc47b8]
Event: 3.134 Thread 0x00000225acd5c360 2195       3       javax.swing.Timer::post (36 bytes)
Event: 3.134 Thread 0x00000225b3f52090 2196       3       java.util.PriorityQueue::siftDownComparable (100 bytes)
Event: 3.134 Thread 0x00000225b3f52090 nmethod 2196 0x0000022588cc4990 code [0x0000022588cc4ba0, 0x0000022588cc5658]
Event: 3.134 Thread 0x00000225b3f51b80 nmethod 2191 0x0000022588cc5910 code [0x0000022588cc5ce0, 0x0000022588cc79e8]
Event: 3.134 Thread 0x00000225acd5c360 nmethod 2195 0x0000022588cc8590 code [0x0000022588cc8880, 0x0000022588cc9818]
Event: 3.328 Thread 0x00000225acd5ab80 2197       4       jogamp.opengl.util.jpeg.JPEGDecoder$Output::buildComponentData (213 bytes)
Event: 3.340 Thread 0x00000225acd5ab80 nmethod 2197 0x000002258fdedd90 code [0x000002258fdedf80, 0x000002258fdeec18]

GC Heap History (20 events):
Event: 1.824 GC heap before
{Heap before GC invocations=5 (full 0):
 garbage-first heap   total 45056K, used 22155K [0x0000000601000000, 0x0000000800000000)
  region size 4096K, 2 young (8192K), 1 survivors (4096K)
 Metaspace       used 23807K, capacity 24096K, committed 24192K, reserved 1071104K
  class space    used 2828K, capacity 2931K, committed 2944K, reserved 1048576K
}
Event: 1.825 GC heap after
{Heap after GC invocations=6 (full 0):
 garbage-first heap   total 45056K, used 22785K [0x0000000601000000, 0x0000000800000000)
  region size 4096K, 1 young (4096K), 1 survivors (4096K)
 Metaspace       used 23807K, capacity 24096K, committed 24192K, reserved 1071104K
  class space    used 2828K, capacity 2931K, committed 2944K, reserved 1048576K
}
Event: 1.827 GC heap before
{Heap before GC invocations=6 (full 0):
 garbage-first heap   total 45056K, used 26881K [0x0000000601000000, 0x0000000800000000)
  region size 4096K, 2 young (8192K), 1 survivors (4096K)
 Metaspace       used 23807K, capacity 24096K, committed 24192K, reserved 1071104K
  class space    used 2828K, capacity 2931K, committed 2944K, reserved 1048576K
}
Event: 1.828 GC heap after
{Heap after GC invocations=7 (full 0):
 garbage-first heap   total 45056K, used 27406K [0x0000000601000000, 0x0000000800000000)
  region size 4096K, 1 young (4096K), 1 survivors (4096K)
 Metaspace       used 23807K, capacity 24096K, committed 24192K, reserved 1071104K
  class space    used 2828K, capacity 2931K, committed 2944K, reserved 1048576K
}
Event: 1.829 GC heap before
{Heap before GC invocations=7 (full 0):
 garbage-first heap   total 45056K, used 31502K [0x0000000601000000, 0x0000000800000000)
  region size 4096K, 2 young (8192K), 1 survivors (4096K)
 Metaspace       used 23807K, capacity 24096K, committed 24192K, reserved 1071104K
  class space    used 2828K, capacity 2931K, committed 2944K, reserved 1048576K
}
Event: 1.829 GC heap after
{Heap after GC invocations=8 (full 0):
 garbage-first heap   total 45056K, used 31985K [0x0000000601000000, 0x0000000800000000)
  region size 4096K, 1 young (4096K), 1 survivors (4096K)
 Metaspace       used 23807K, capacity 24096K, committed 24192K, reserved 1071104K
  class space    used 2828K, capacity 2931K, committed 2944K, reserved 1048576K
}
Event: 2.107 GC heap before
{Heap before GC invocations=9 (full 0):
 garbage-first heap   total 61440K, used 36081K [0x0000000601000000, 0x0000000800000000)
  region size 4096K, 2 young (8192K), 1 survivors (4096K)
 Metaspace       used 23837K, capacity 24160K, committed 24448K, reserved 1071104K
  class space    used 2829K, capacity 2931K, committed 2944K, reserved 1048576K
}
Event: 2.108 GC heap after
{Heap after GC invocations=10 (full 0):
 garbage-first heap   total 61440K, used 36434K [0x0000000601000000, 0x0000000800000000)
  region size 4096K, 1 young (4096K), 1 survivors (4096K)
 Metaspace       used 23837K, capacity 24160K, committed 24448K, reserved 1071104K
  class space    used 2829K, capacity 2931K, committed 2944K, reserved 1048576K
}
Event: 2.162 GC heap before
{Heap before GC invocations=10 (full 0):
 garbage-first heap   total 61440K, used 40530K [0x0000000601000000, 0x0000000800000000)
  region size 4096K, 2 young (8192K), 1 survivors (4096K)
 Metaspace       used 23837K, capacity 24160K, committed 24448K, reserved 1071104K
  class space    used 2829K, capacity 2931K, committed 2944K, reserved 1048576K
}
Event: 2.163 GC heap after
{Heap after GC invocations=11 (full 0):
 garbage-first heap   total 61440K, used 40717K [0x0000000601000000, 0x0000000800000000)
  region size 4096K, 1 young (4096K), 1 survivors (4096K)
 Metaspace       used 23837K, capacity 24160K, committed 24448K, reserved 1071104K
  class space    used 2829K, capacity 2931K, committed 2944K, reserved 1048576K
}
Event: 2.268 GC heap before
{Heap before GC invocations=12 (full 0):
 garbage-first heap   total 81920K, used 44813K [0x0000000601000000, 0x0000000800000000)
  region size 4096K, 2 young (8192K), 1 survivors (4096K)
 Metaspace       used 23922K, capacity 24224K, committed 24448K, reserved 1071104K
  class space    used 2835K, capacity 2931K, committed 2944K, reserved 1048576K
}
Event: 2.270 GC heap after
{Heap after GC invocations=13 (full 0):
 garbage-first heap   total 81920K, used 45202K [0x0000000601000000, 0x0000000800000000)
  region size 4096K, 1 young (4096K), 1 survivors (4096K)
 Metaspace       used 23922K, capacity 24224K, committed 24448K, reserved 1071104K
  class space    used 2835K, capacity 2931K, committed 2944K, reserved 1048576K
}
Event: 2.271 GC heap before
{Heap before GC invocations=13 (full 0):
 garbage-first heap   total 81920K, used 49298K [0x0000000601000000, 0x0000000800000000)
  region size 4096K, 2 young (8192K), 1 survivors (4096K)
 Metaspace       used 23922K, capacity 24224K, committed 24448K, reserved 1071104K
  class space    used 2835K, capacity 2931K, committed 2944K, reserved 1048576K
}
Event: 2.272 GC heap after
{Heap after GC invocations=14 (full 0):
 garbage-first heap   total 81920K, used 49701K [0x0000000601000000, 0x0000000800000000)
  region size 4096K, 1 young (4096K), 1 survivors (4096K)
 Metaspace       used 23922K, capacity 24224K, committed 24448K, reserved 1071104K
  class space    used 2835K, capacity 2931K, committed 2944K, reserved 1048576K
}
Event: 2.273 GC heap before
{Heap before GC invocations=14 (full 0):
 garbage-first heap   total 81920K, used 53797K [0x0000000601000000, 0x0000000800000000)
  region size 4096K, 2 young (8192K), 1 survivors (4096K)
 Metaspace       used 23922K, capacity 24224K, committed 24448K, reserved 1071104K
  class space    used 2835K, capacity 2931K, committed 2944K, reserved 1048576K
}
Event: 2.275 GC heap after
{Heap after GC invocations=15 (full 0):
 garbage-first heap   total 303104K, used 54254K [0x0000000601000000, 0x0000000800000000)
  region size 4096K, 1 young (4096K), 1 survivors (4096K)
 Metaspace       used 23922K, capacity 24224K, committed 24448K, reserved 1071104K
  class space    used 2835K, capacity 2931K, committed 2944K, reserved 1048576K
}
Event: 3.045 GC heap before
{Heap before GC invocations=16 (full 0):
 garbage-first heap   total 204800K, used 103406K [0x0000000601000000, 0x0000000800000000)
  region size 4096K, 16 young (65536K), 1 survivors (4096K)
 Metaspace       used 25747K, capacity 25987K, committed 26368K, reserved 1073152K
  class space    used 2910K, capacity 2964K, committed 3072K, reserved 1048576K
}
Event: 3.049 GC heap after
{Heap after GC invocations=17 (full 0):
 garbage-first heap   total 204800K, used 61444K [0x0000000601000000, 0x0000000800000000)
  region size 4096K, 2 young (8192K), 2 survivors (8192K)
 Metaspace       used 25747K, capacity 25987K, committed 26368K, reserved 1073152K
  class space    used 2910K, capacity 2964K, committed 3072K, reserved 1048576K
}
Event: 3.050 GC heap before
{Heap before GC invocations=17 (full 0):
 garbage-first heap   total 204800K, used 65540K [0x0000000601000000, 0x0000000800000000)
  region size 4096K, 3 young (12288K), 2 survivors (8192K)
 Metaspace       used 25747K, capacity 25987K, committed 26368K, reserved 1073152K
  class space    used 2910K, capacity 2964K, committed 3072K, reserved 1048576K
}
Event: 3.052 GC heap after
{Heap after GC invocations=18 (full 0):
 garbage-first heap   total 204800K, used 48292K [0x0000000601000000, 0x0000000800000000)
  region size 4096K, 1 young (4096K), 1 survivors (4096K)
 Metaspace       used 25747K, capacity 25987K, committed 26368K, reserved 1073152K
  class space    used 2910K, capacity 2964K, committed 3072K, reserved 1048576K
}

Deoptimization events (20 events):
Event: 2.743 Thread 0x00000225adccb700 DEOPT PACKING pc=0x0000022588c53f1f sp=0x000000b78e9fdd10
Event: 2.743 Thread 0x00000225adccb700 DEOPT UNPACKING pc=0x00000225881ae23f sp=0x000000b78e9fd358 mode 0
Event: 2.753 Thread 0x00000225adccb700 DEOPT PACKING pc=0x0000022588c53f40 sp=0x000000b78e9fdd10
Event: 2.753 Thread 0x00000225adccb700 DEOPT UNPACKING pc=0x00000225881ae23f sp=0x000000b78e9fd358 mode 0
Event: 2.762 Thread 0x00000225adccb700 DEOPT PACKING pc=0x0000022588c53edd sp=0x000000b78e9fdd10
Event: 2.762 Thread 0x00000225adccb700 DEOPT UNPACKING pc=0x00000225881ae23f sp=0x000000b78e9fd358 mode 0
Event: 2.771 Thread 0x00000225adccb700 DEOPT PACKING pc=0x0000022588c53edd sp=0x000000b78e9fdd10
Event: 2.771 Thread 0x00000225adccb700 DEOPT UNPACKING pc=0x00000225881ae23f sp=0x000000b78e9fd358 mode 0
Event: 2.780 Thread 0x00000225adccb700 DEOPT PACKING pc=0x0000022588cade7f sp=0x000000b78e9fdd10
Event: 2.780 Thread 0x00000225adccb700 DEOPT UNPACKING pc=0x00000225881ae23f sp=0x000000b78e9fd358 mode 0
Event: 2.790 Thread 0x00000225adccb700 DEOPT PACKING pc=0x0000022588c53edd sp=0x000000b78e9fdd10
Event: 2.790 Thread 0x00000225adccb700 DEOPT UNPACKING pc=0x00000225881ae23f sp=0x000000b78e9fd358 mode 0
Event: 2.973 Thread 0x00000225adccb700 DEOPT PACKING pc=0x0000022588c9bbea sp=0x000000b78e9fde70
Event: 2.973 Thread 0x00000225adccb700 DEOPT UNPACKING pc=0x00000225881ae23f sp=0x000000b78e9fd3a0 mode 0
Event: 2.993 Thread 0x00000225adccb700 DEOPT PACKING pc=0x0000022588c9bbea sp=0x000000b78e9fde70
Event: 2.993 Thread 0x00000225adccb700 DEOPT UNPACKING pc=0x00000225881ae23f sp=0x000000b78e9fd3a0 mode 0
Event: 2.998 Thread 0x00000225adccb700 DEOPT PACKING pc=0x0000022588c9bbea sp=0x000000b78e9fde70
Event: 2.998 Thread 0x00000225adccb700 DEOPT UNPACKING pc=0x00000225881ae23f sp=0x000000b78e9fd3a0 mode 0
Event: 3.328 Thread 0x00000225adccb700 DEOPT PACKING pc=0x0000022588c9bbea sp=0x000000b78e9fde70
Event: 3.328 Thread 0x00000225adccb700 DEOPT UNPACKING pc=0x00000225881ae23f sp=0x000000b78e9fd3a0 mode 0

Classes unloaded (0 events):
No events

Classes redefined (0 events):
No events

Internal exceptions (20 events):
Event: 0.138 Thread 0x00000225adccb700 Exception <a 'java/lang/NoSuchMethodError'{0x0000000620a2e280}: 'java.lang.Object java.lang.invoke.DirectMethodHandle$Holder.newInvokeSpecial(java.lang.Object, java.lang.Object, java.lang.Object, java.lang.Object, java.lang.Object)'> (0x0000000620a2e280) 
thrown [./open/src/hotspot/share/interpreter/linkResolver.cpp, line 782]
Event: 0.139 Thread 0x00000225adccb700 Exception <a 'java/lang/NoSuchMethodError'{0x0000000620a39d10}: 'java.lang.Object java.lang.invoke.DirectMethodHandle$Holder.invokeStatic(java.lang.Object, int, java.lang.Object, java.lang.Object, java.lang.Object, java.lang.Object)'> (0x0000000620a39d10) 
thrown [./open/src/hotspot/share/interpreter/linkResolver.cpp, line 782]
Event: 0.142 Thread 0x00000225adccb700 Exception <a 'java/lang/NoSuchMethodError'{0x0000000620a5ffb8}: 'java.lang.Object java.lang.invoke.DirectMethodHandle$Holder.invokeStatic(java.lang.Object, int, java.lang.Object)'> (0x0000000620a5ffb8) 
thrown [./open/src/hotspot/share/interpreter/linkResolver.cpp, line 782]
Event: 0.157 Thread 0x00000225adccb700 Exception <a 'java/lang/ClassNotFoundException'{0x0000000620b1ae38}: com/sun/swing/internal/plaf/metal/resources/spi/metalProvider> (0x0000000620b1ae38) 
thrown [./open/src/hotspot/share/classfile/systemDictionary.cpp, line 295]
Event: 0.158 Thread 0x00000225adccb700 Exception <a 'java/lang/ClassNotFoundException'{0x0000000620b1f048}: com/sun/swing/internal/plaf/basic/resources/spi/basicProvider> (0x0000000620b1f048) 
thrown [./open/src/hotspot/share/classfile/systemDictionary.cpp, line 295]
Event: 0.180 Thread 0x00000225adccb700 Implicit null exception at 0x000002258fd2c8f4 to 0x000002258fd2cec4
Event: 0.228 Thread 0x00000225adccb700 Exception <a 'java/lang/NoSuchMethodError'{0x0000000620645410}: 'void java.lang.invoke.DirectMethodHandle$Holder.invokeStatic(java.lang.Object, java.lang.Object)'> (0x0000000620645410) 
thrown [./open/src/hotspot/share/interpreter/linkResolver.cpp, line 782]
Event: 0.228 Thread 0x00000225adccb700 Exception <a 'java/lang/NoSuchMethodError'{0x0000000620648e18}: 'void java.lang.invoke.DirectMethodHandle$Holder.invokeStaticInit(java.lang.Object, java.lang.Object)'> (0x0000000620648e18) 
thrown [./open/src/hotspot/share/interpreter/linkResolver.cpp, line 782]
Event: 0.233 Thread 0x00000225adccb700 Exception <a 'java/lang/NoSuchMethodError'{0x0000000620675fd8}: 'java.lang.Object java.lang.invoke.DirectMethodHandle$Holder.invokeStaticInit(java.lang.Object, int, int, int, int)'> (0x0000000620675fd8) 
thrown [./open/src/hotspot/share/interpreter/linkResolver.cpp, line 782]
Event: 0.259 Thread 0x00000225adccb700 Exception <a 'java/lang/NoSuchMethodError'{0x00000006206d9e08}: 'java.lang.Object java.lang.invoke.DirectMethodHandle$Holder.invokeStaticInit(java.lang.Object, java.lang.Object, int, int, int, int)'> (0x00000006206d9e08) 
thrown [./open/src/hotspot/share/interpreter/linkResolver.cpp, line 782]
Event: 0.273 Thread 0x00000225adccb700 Exception <a 'java/lang/NoSuchMethodError'{0x00000006206ea820}: 'void java.lang.invoke.DirectMethodHandle$Holder.invokeStatic(java.lang.Object, long)'> (0x00000006206ea820) 
thrown [./open/src/hotspot/share/interpreter/linkResolver.cpp, line 782]
Event: 0.274 Thread 0x00000225adccb700 Exception <a 'java/lang/NoSuchMethodError'{0x00000006206f00f8}: 'java.lang.Object java.lang.invoke.DirectMethodHandle$Holder.newInvokeSpecial(java.lang.Object, long)'> (0x00000006206f00f8) 
thrown [./open/src/hotspot/share/interpreter/linkResolver.cpp, line 782]
Event: 0.275 Thread 0x00000225adccb700 Exception <a 'java/lang/NoSuchMethodError'{0x00000006206fac20}: 'java.lang.Object java.lang.invoke.DirectMethodHandle$Holder.invokeStaticInit(java.lang.Object, java.lang.Object, long, java.lang.Object)'> (0x00000006206fac20) 
thrown [./open/src/hotspot/share/interpreter/linkResolver.cpp, line 782]
Event: 0.275 Thread 0x00000225adccb700 Exception <a 'java/lang/NoSuchMethodError'{0x0000000620701648}: 'java.lang.Object java.lang.invoke.DirectMethodHandle$Holder.newInvokeSpecial(java.lang.Object, java.lang.Object, long)'> (0x0000000620701648) 
thrown [./open/src/hotspot/share/interpreter/linkResolver.cpp, line 782]
Event: 0.275 Thread 0x00000225adccb700 Exception <a 'java/lang/NoSuchMethodError'{0x00000006207053b8}: 'java.lang.Object java.lang.invoke.Invokers$Holder.linkToTargetMethod(java.lang.Object, long, java.lang.Object)'> (0x00000006207053b8) 
thrown [./open/src/hotspot/share/interpreter/linkResolver.cpp, line 782]
Event: 1.227 Thread 0x00000225adccb700 Implicit null exception at 0x000002258fd48fab to 0x000002258fd49228
Event: 1.249 Thread 0x00000225adccb700 Exception <a 'java/lang/NoSuchMethodError'{0x0000000620448080}: 'void java.lang.invoke.DirectMethodHandle$Holder.invokeStaticInit(java.lang.Object)'> (0x0000000620448080) 
thrown [./open/src/hotspot/share/interpreter/linkResolver.cpp, line 782]
Event: 1.262 Thread 0x00000225ae16af80 Exception <a 'java/lang/NoSuchMethodError'{0x00000006205309b0}: 'java.lang.Object java.lang.invoke.DirectMethodHandle$Holder.newInvokeSpecial(java.lang.Object, java.lang.Object, java.lang.Object, int, int, int, int, int)'> (0x00000006205309b0) 
thrown [./open/src/hotspot/share/interpreter/linkResolver.cpp, line 782]
Event: 1.289 Thread 0x00000225adccb700 Exception <a 'java/lang/NoSuchMethodError'{0x00000006206b0488}: 'java.lang.Object java.lang.invoke.DirectMethodHandle$Holder.invokeInterface(java.lang.Object, java.lang.Object)'> (0x00000006206b0488) 
thrown [./open/src/hotspot/share/interpreter/linkResolver.cpp, line 782]
Event: 2.690 Thread 0x00000225adccb700 Exception <a 'java/lang/NoSuchMethodError'{0x000000060b953d18}: 'double java.lang.invoke.DirectMethodHandle$Holder.invokeStatic(java.lang.Object, java.lang.Object)'> (0x000000060b953d18) 
thrown [./open/src/hotspot/share/interpreter/linkResolver.cpp, line 782]

Events (20 events):
Event: 2.692 loading class java/util/stream/Node$Builder$OfDouble
Event: 2.692 loading class java/util/stream/Node$Builder
Event: 2.692 loading class java/util/stream/Node$Builder done
Event: 2.692 loading class java/util/stream/Sink$OfDouble
Event: 2.692 loading class java/util/function/DoubleConsumer
Event: 2.692 loading class java/util/function/DoubleConsumer done
Event: 2.692 loading class java/util/stream/Sink$OfDouble done
Event: 2.692 loading class java/util/stream/Node$Builder$OfDouble done
Event: 2.692 loading class java/util/stream/Nodes$DoubleArrayNode
Event: 2.692 loading class java/util/stream/Nodes$DoubleArrayNode done
Event: 2.692 loading class java/util/stream/Nodes$DoubleFixedNodeBuilder done
Event: 2.692 loading class java/util/stream/ReferencePipeline$6$1
Event: 2.692 loading class java/util/stream/ReferencePipeline$6$1 done
Event: 2.845 Loaded shared library C:\Program Files\Java\jdk-15.0.2\bin\java.dll
Event: 3.045 Executing VM operation: G1CollectForAllocation
Event: 3.049 Executing VM operation: G1CollectForAllocation done
Event: 3.049 Executing VM operation: HandshakeAllThreads
Event: 3.050 Executing VM operation: HandshakeAllThreads done
Event: 3.050 Executing VM operation: G1CollectForAllocation
Event: 3.052 Executing VM operation: G1CollectForAllocation done


Dynamic libraries:
0x00007ff7e0a80000 - 0x00007ff7e0a8f000 	C:\Program Files\Java\jdk-15.0.2\bin\java.exe
0x00007ffcde1d0000 - 0x00007ffcde3c8000 	C:\WINDOWS\SYSTEM32\ntdll.dll
0x00007ffcdc5d0000 - 0x00007ffcdc692000 	C:\WINDOWS\System32\KERNEL32.DLL
0x00007ffcdbba0000 - 0x00007ffcdbe9e000 	C:\WINDOWS\System32\KERNELBASE.dll
0x00007ffcdb910000 - 0x00007ffcdba10000 	C:\WINDOWS\System32\ucrtbase.dll
0x00007ffcd7660000 - 0x00007ffcd7679000 	C:\Program Files\Java\jdk-15.0.2\bin\VCRUNTIME140.dll
0x00007ffcd58d0000 - 0x00007ffcd58e8000 	C:\Program Files\Java\jdk-15.0.2\bin\jli.dll
0x00007ffcdc390000 - 0x00007ffcdc442000 	C:\WINDOWS\System32\ADVAPI32.dll
0x00007ffcdc9f0000 - 0x00007ffcdca8e000 	C:\WINDOWS\System32\msvcrt.dll
0x00007ffcdc950000 - 0x00007ffcdc9f0000 	C:\WINDOWS\System32\sechost.dll
0x00007ffcdc6a0000 - 0x00007ffcdc7c3000 	C:\WINDOWS\System32\RPCRT4.dll
0x00007ffcdbb70000 - 0x00007ffcdbb97000 	C:\WINDOWS\System32\bcrypt.dll
0x00007ffcdcbc0000 - 0x00007ffcdcd5d000 	C:\WINDOWS\System32\USER32.dll
0x00007ffcdc0c0000 - 0x00007ffcdc0e2000 	C:\WINDOWS\System32\win32u.dll
0x00007ffcc4f00000 - 0x00007ffcc519a000 	C:\WINDOWS\WinSxS\amd64_microsoft.windows.common-controls_6595b64144ccf1df_6.0.19041.4355_none_60b8b9eb71f62e16\COMCTL32.dll
0x00007ffcdc460000 - 0x00007ffcdc48b000 	C:\WINDOWS\System32\GDI32.dll
0x00007ffcdbfa0000 - 0x00007ffcdc0b7000 	C:\WINDOWS\System32\gdi32full.dll
0x00007ffcdb870000 - 0x00007ffcdb90d000 	C:\WINDOWS\System32\msvcp_win.dll
0x00007ffcd49c0000 - 0x00007ffcd49ca000 	C:\WINDOWS\SYSTEM32\VERSION.dll
0x00007ffcdc830000 - 0x00007ffcdc85f000 	C:\WINDOWS\System32\IMM32.DLL
0x00007ffcd58c0000 - 0x00007ffcd58cc000 	C:\Program Files\Java\jdk-15.0.2\bin\vcruntime140_1.dll
0x00007ffcc4960000 - 0x00007ffcc49f1000 	C:\Program Files\Java\jdk-15.0.2\bin\msvcp140.dll
0x00007ffc16f20000 - 0x00007ffc17a7e000 	C:\Program Files\Java\jdk-15.0.2\bin\server\jvm.dll
0x00007ffcdcdc0000 - 0x00007ffcdcdc8000 	C:\WINDOWS\System32\PSAPI.DLL
0x00007ffccf280000 - 0x00007ffccf2a7000 	C:\WINDOWS\SYSTEM32\WINMM.dll
0x00007ffcb8a70000 - 0x00007ffcb8a79000 	C:\WINDOWS\SYSTEM32\WSOCK32.dll
0x00007ffcde040000 - 0x00007ffcde0ab000 	C:\WINDOWS\System32\WS2_32.dll
0x00007ffcda0a0000 - 0x00007ffcda0b2000 	C:\WINDOWS\SYSTEM32\kernel.appcore.dll
0x00007ffcd09c0000 - 0x00007ffcd09ca000 	C:\Program Files\Java\jdk-15.0.2\bin\jimage.dll
0x00007ffcd9410000 - 0x00007ffcd95f4000 	C:\WINDOWS\SYSTEM32\DBGHELP.DLL
0x00007ffcad550000 - 0x00007ffcad584000 	C:\WINDOWS\SYSTEM32\dbgcore.DLL
0x00007ffcdbf10000 - 0x00007ffcdbf92000 	C:\WINDOWS\System32\bcryptPrimitives.dll
0x00007ffccf5b0000 - 0x00007ffccf5d5000 	C:\Program Files\Java\jdk-15.0.2\bin\java.dll
0x00007ffcdd3c0000 - 0x00007ffcddb2f000 	C:\WINDOWS\System32\SHELL32.dll
0x00007ffcd9880000 - 0x00007ffcda024000 	C:\WINDOWS\SYSTEM32\windows.storage.dll
0x00007ffcddce0000 - 0x00007ffcde033000 	C:\WINDOWS\System32\combase.dll
0x00007ffcdb2a0000 - 0x00007ffcdb2ce000 	C:\WINDOWS\SYSTEM32\Wldp.dll
0x00007ffcdcdd0000 - 0x00007ffcdce9d000 	C:\WINDOWS\System32\OLEAUT32.dll
0x00007ffcdcea0000 - 0x00007ffcdcf4d000 	C:\WINDOWS\System32\SHCORE.dll
0x00007ffcdc890000 - 0x00007ffcdc8e5000 	C:\WINDOWS\System32\shlwapi.dll
0x00007ffcdb7a0000 - 0x00007ffcdb7c4000 	C:\WINDOWS\SYSTEM32\profapi.dll
0x00007ffcd09a0000 - 0x00007ffcd09b9000 	C:\Program Files\Java\jdk-15.0.2\bin\net.dll
0x00007ffcd4320000 - 0x00007ffcd442d000 	C:\WINDOWS\SYSTEM32\WINHTTP.dll
0x00007ffcdafb0000 - 0x00007ffcdb01a000 	C:\WINDOWS\system32\mswsock.dll
0x00007ffccf590000 - 0x00007ffccf5a2000 	C:\Program Files\Java\jdk-15.0.2\bin\nio.dll
0x00007ffccf570000 - 0x00007ffccf588000 	C:\Program Files\Java\jdk-15.0.2\bin\zip.dll
0x00007ffcadba0000 - 0x00007ffcadd20000 	C:\Program Files\Java\jdk-15.0.2\bin\awt.dll
0x00007ffcd7c60000 - 0x00007ffcd7cf4000 	C:\WINDOWS\SYSTEM32\apphelp.dll
0x00007ffcd8380000 - 0x00007ffcd841e000 	C:\WINDOWS\system32\uxtheme.dll
0x00007ffcdc270000 - 0x00007ffcdc385000 	C:\WINDOWS\System32\MSCTF.dll
0x00007ffcdca90000 - 0x00007ffcdcbbb000 	C:\WINDOWS\System32\ole32.dll
0x00007ffcd8700000 - 0x00007ffcd872f000 	C:\WINDOWS\system32\DWMAPI.DLL
0x00007ffccf560000 - 0x00007ffccf570000 	C:\Program Files\Java\jdk-15.0.2\bin\verify.dll
0x00007ffcdb1d0000 - 0x00007ffcdb1e8000 	C:\WINDOWS\SYSTEM32\CRYPTSP.dll
0x00007ffcda810000 - 0x00007ffcda844000 	C:\WINDOWS\system32\rsaenh.dll
0x00007ffcdb760000 - 0x00007ffcdb78e000 	C:\WINDOWS\SYSTEM32\USERENV.dll
0x00007ffcdb1f0000 - 0x00007ffcdb1fc000 	C:\WINDOWS\SYSTEM32\CRYPTBASE.dll
0x00007ffcdac30000 - 0x00007ffcdac6b000 	C:\WINDOWS\SYSTEM32\IPHLPAPI.DLL
0x00007ffcdc450000 - 0x00007ffcdc458000 	C:\WINDOWS\System32\NSI.dll
0x00007ffcd51b0000 - 0x00007ffcd51c7000 	C:\WINDOWS\SYSTEM32\dhcpcsvc6.DLL
0x00007ffcd5010000 - 0x00007ffcd502d000 	C:\WINDOWS\SYSTEM32\dhcpcsvc.DLL
0x00007ffcdac70000 - 0x00007ffcdad3a000 	C:\WINDOWS\SYSTEM32\DNSAPI.dll
0x00007ffccf340000 - 0x00007ffccf353000 	C:\Users\Diego\AppData\Local\Temp\jogamp_0000\file_cache\jln2599574976031191630\jln7103574652636747763\natives\windows-amd64\gluegen_rt.dll
0x00007ffccf4f0000 - 0x00007ffccf4f7000 	C:\Program Files\Java\jdk-15.0.2\bin\jawt.dll
0x00007ffcc4a90000 - 0x00007ffcc4a9d000 	C:\Users\Diego\AppData\Local\Temp\jogamp_0000\file_cache\jln2599574976031191630\jln7103574652636747763\natives\windows-amd64\nativewindow_awt.dll
0x00007ffc4bc30000 - 0x00007ffc4bd58000 	C:\WINDOWS\system32\opengl32.dll
0x00007ffc4a420000 - 0x00007ffc4a44c000 	C:\WINDOWS\SYSTEM32\GLU32.dll
0x00007ffc806a0000 - 0x00007ffc80871000 	C:\WINDOWS\system32\d3d9.dll
0x00007ffcce5f0000 - 0x00007ffcce6b1000 	C:\WINDOWS\System32\DriverStore\FileRepository\nv_dispig.inf_amd64_0afec3f2050014a0\nvldumdx.dll
0x00007ffcdb430000 - 0x00007ffcdb442000 	C:\WINDOWS\SYSTEM32\msasn1.dll
0x00007ffcd46a0000 - 0x00007ffcd46d1000 	C:\WINDOWS\SYSTEM32\cryptnet.dll
0x00007ffcdba10000 - 0x00007ffcdbb6c000 	C:\WINDOWS\System32\CRYPT32.dll
0x00007ffcd3a10000 - 0x00007ffcd3b57000 	C:\WINDOWS\SYSTEM32\drvstore.dll
0x00007ffcdb600000 - 0x00007ffcdb633000 	C:\WINDOWS\SYSTEM32\devobj.dll
0x00007ffcdc1a0000 - 0x00007ffcdc1ee000 	C:\WINDOWS\System32\cfgmgr32.dll
0x00007ffcdbea0000 - 0x00007ffcdbf09000 	C:\WINDOWS\System32\wintrust.dll
0x00007ffcdc870000 - 0x00007ffcdc88d000 	C:\WINDOWS\System32\imagehlp.dll
0x00007ffccba40000 - 0x00007ffccda2e000 	C:\WINDOWS\System32\DriverStore\FileRepository\nv_dispig.inf_amd64_0afec3f2050014a0\nvgpucomp64.dll
0x00007ffc15480000 - 0x00007ffc16f14000 	C:\WINDOWS\System32\DriverStore\FileRepository\nv_dispig.inf_amd64_0afec3f2050014a0\nvd3dumx.dll
0x00007ffcda070000 - 0x00007ffcda093000 	C:\WINDOWS\SYSTEM32\gpapi.dll
0x00007ffc80540000 - 0x00007ffc80695000 	C:\WINDOWS\System32\DriverStore\FileRepository\nv_dispig.inf_amd64_0afec3f2050014a0\nvppex.dll
0x00007ffcceb40000 - 0x00007ffcceb7b000 	C:\WINDOWS\SYSTEM32\dxcore.dll
0x00007ffcc4a70000 - 0x00007ffcc4a85000 	C:\Users\Diego\AppData\Local\Temp\jogamp_0000\file_cache\jln2599574976031191630\jln7103574652636747763\natives\windows-amd64\nativewindow_win32.dll
0x00007ffcc48d0000 - 0x00007ffcc4953000 	C:\Users\Diego\AppData\Local\Temp\jogamp_0000\file_cache\jln2599574976031191630\jln7103574652636747763\natives\windows-amd64\jogl_desktop.dll
0x00007ffcbfdc0000 - 0x00007ffcbfe12000 	C:\Users\Diego\AppData\Local\Temp\jogamp_0000\file_cache\jln2599574976031191630\jln7103574652636747763\natives\windows-amd64\jogl_mobile.dll
0x00007ffcdc490000 - 0x00007ffcdc539000 	C:\WINDOWS\System32\clbcatq.dll
0x00007ffcd4ca0000 - 0x00007ffcd4da2000 	C:\Windows\System32\AppXDeploymentClient.dll
0x00007ffc47e30000 - 0x00007ffc4a418000 	C:\WINDOWS\System32\DriverStore\FileRepository\nv_dispig.inf_amd64_0afec3f2050014a0\nvoglv64.dll
0x00007ffcdcf50000 - 0x00007ffcdd3be000 	C:\WINDOWS\System32\SETUPAPI.dll
0x00007ffcd7810000 - 0x00007ffcd7824000 	C:\WINDOWS\SYSTEM32\WTSAPI32.dll
0x00007ffcdaac0000 - 0x00007ffcdaaf3000 	C:\WINDOWS\SYSTEM32\ntmarta.dll
0x00007ffcdaf60000 - 0x00007ffcdafab000 	C:\WINDOWS\SYSTEM32\powrprof.dll
0x00007ffcdaeb0000 - 0x00007ffcdaec2000 	C:\WINDOWS\SYSTEM32\UMPDC.dll
0x00007ffcdaa60000 - 0x00007ffcdaabb000 	C:\WINDOWS\SYSTEM32\WINSTA.dll
0x00007ffcbf090000 - 0x00007ffcbf115000 	C:\Program Files\Java\jdk-15.0.2\bin\freetype.dll
0x00007ffcbece0000 - 0x00007ffcbed89000 	C:\Program Files\Java\jdk-15.0.2\bin\fontmanager.dll
0x00007ffcce2e0000 - 0x00007ffcce3d9000 	C:\WINDOWS\SYSTEM32\textinputframework.dll
0x00007ffcd6a90000 - 0x00007ffcd6deb000 	C:\WINDOWS\System32\CoreUIComponents.dll
0x00007ffcd7280000 - 0x00007ffcd7372000 	C:\WINDOWS\System32\CoreMessaging.dll
0x00007ffcd7b00000 - 0x00007ffcd7c57000 	C:\WINDOWS\SYSTEM32\wintypes.dll
0x00007ffcc4e90000 - 0x00007ffcc4ef6000 	C:\WINDOWS\system32\Oleacc.dll

dbghelp: loaded successfully - version: 4.0.5 - missing functions: none
symbol engine: initialized successfully - sym options: 0x614 - pdb path: .;C:\Program Files\Java\jdk-15.0.2\bin;C:\WINDOWS\SYSTEM32;C:\WINDOWS\WinSxS\amd64_microsoft.windows.common-controls_6595b64144ccf1df_6.0.19041.4355_none_60b8b9eb71f62e16;C:\Program Files\Java\jdk-15.0.2\bin\server;C:\Users\Diego\AppData\Local\Temp\jogamp_0000\file_cache\jln2599574976031191630\jln7103574652636747763\natives\windows-amd64;C:\WINDOWS\System32\DriverStore\FileRepository\nv_dispig.inf_amd64_0afec3f2050014a0

VM Arguments:
jvm_args: -Dfile.encoding=UTF-8 
java_command: mampos.Mampos
java_class_path (initial): C:\tesisEstructural\gson-2.11.0.jar;C:\tesisEstructural\pdf4j-icepdf-core-6.1.1.jar;C:\tesisEstructural\pdf4j-icepdf-viewer-6.1.1.jar;C:\tesisEstructural\sqlite-jdbc-3.46.1.3.jar;C:\tesisEstructural\UJMP\ujmp-complete-0.3.0.jar;C:\tesisEstructural\JOGL\JOML\joml-1.10.7.jar;C:\tesisEstructural\JOGL\jogamp-all-platforms\jar\gluegen-rt.jar;C:\tesisEstructural\JOGL\jogamp-all-platforms\jar\jogl-all.jar;C:\tesisEstructural\df_1.1.3p1\dock\bin\docking-frames-common.jar;C:\tesisEstructural\df_1.1.3p1\dock\bin\docking-frames-core.jar;C:\tesisEstructural\Mampos\build\classes
Launcher Type: SUN_STANDARD

[Global flags]
     intx CICompilerCount                          = 12                                        {product} {ergonomic}
     uint ConcGCThreads                            = 3                                         {product} {ergonomic}
     uint G1ConcRefinementThreads                  = 13                                        {product} {ergonomic}
   size_t G1HeapRegionSize                         = 4194304                                   {product} {ergonomic}
    uintx GCDrainStackTargetSize                   = 64                                        {product} {ergonomic}
   size_t InitialHeapSize                          = 536870912                                 {product} {ergonomic}
   size_t MarkStackSize                            = 4194304                                   {product} {ergonomic}
   size_t MaxHeapSize                              = 8573157376                                {product} {ergonomic}
   size_t MaxNewSize                               = 5142216704                                {product} {ergonomic}
   size_t MinHeapDeltaBytes                        = 4194304                                   {product} {ergonomic}
   size_t MinHeapSize                              = 8388608                                   {product} {ergonomic}
    uintx NonNMethodCodeHeapSize                   = 7602480                                {pd product} {ergonomic}
    uintx NonProfiledCodeHeapSize                  = 122027880                              {pd product} {ergonomic}
    uintx ProfiledCodeHeapSize                     = 122027880                              {pd product} {ergonomic}
    uintx ReservedCodeCacheSize                    = 251658240                              {pd product} {ergonomic}
     bool SegmentedCodeCache                       = true                                      {product} {ergonomic}
   size_t SoftMaxHeapSize                          = 8573157376                             {manageable} {ergonomic}
     bool UseCompressedClassPointers               = true                                 {lp64_product} {ergonomic}
     bool UseCompressedOops                        = true                                 {lp64_product} {ergonomic}
     bool UseG1GC                                  = true                                      {product} {ergonomic}
     bool UseLargePagesIndividualAllocation        = false                                  {pd product} {ergonomic}

Logging:
Log output configuration:
 #0: stdout all=warning uptime,level,tags
 #1: stderr all=off uptime,level,tags

Environment Variables:
JAVA_HOME=C:\Program Files\Java\jdk-15.0.2
PATH=C:\Program Files (x86)\VMware\VMware Workstation\bin\;C:\Program Files (x86)\Common Files\Intel\Shared Libraries\redist\intel64_win\compiler;C:\Python311\Scripts\;C:\Python311\;C:\Program Files\Microsoft\jdk-11.0.16.101-hotspot\bin;C:\Program Files\BellSoft\LibericaJDK-17-Full\bin\;C:\ProgramData\Oracle\Java\javapath;C:\Program Files\Common Files\Oracle\Java\javapath;C:\Program Files (x86)\Common Files\Oracle\Java\java8path;C:\Program Files (x86)\Common Files\Oracle\Java\javapath;C:\Program Files (x86)\NVIDIA Corporation\PhysX\Common;C:\Program Files (x86)\Common Files\Intel\Shared Libraries\redist\intel64\compiler;C:\WINDOWS\system32;C:\WINDOWS;C:\WINDOWS\System32\Wbem;C:\WINDOWS\System32\WindowsPowerShell\v1.0\;C:\WINDOWS\System32\OpenSSH\;C:\Program Files\Microsoft SQL Server\120\Tools\Binn\;C:\Program Files\Common Files\Autodesk Shared\;C:\Program Files\Microsoft SQL Server\Client SDK\ODBC\110\Tools\Binn\;C:\Program Files (x86)\Microsoft SQL Server\120\Tools\Binn\;C:\Program Files\Microsoft SQL Server\120\DTS\Binn\;C:\Program Files (x86)\Windows Kits\8.1\Windows Performance Toolkit\;C:\Program Files (x86)\Common Files\Autodesk Shared\Advance\;C:\Program Files (x86)\Microsoft SQL Server\90\Tools\binn\;C:\Program Files\Git\cmd;C:\Program Files\PostgreSQL\15\bin;C:\Program Files\Microsoft SQL Server\150\Tools\Binn\;C:\Program Files\Common Files\Autodesk Shared\Advance\;C:\Program Files\dotnet\;C:\Program Files\Docker\Docker\resources\bin;C:\Program Files (x86)\cloudflared\.;C:\Program Files\nodejs\;C:\ProgramData\chocolatey\bin;C:\tools\Manim\Scripts;C:\Program Files\MiKTeX\miktex\bin\x64\;C:\Program Files\Calibre2\;C:\Program Files\Graphviz\bin;C:\Users\Diego\.cargo\bin;C:\Users\Diego\AppData\Local\Programs\Python\Python38\Scripts\;C:\Users\Diego\AppData\Local\Programs\Python\Python38\;C:\Users\Diego\AppData\Local\Programs\Python\Python38-32\Scripts\;C:\Users\Diego\AppData\Local\Programs\Python\Python38-32\;C:\Users\Diego\AppData\Local\Microsoft\WindowsApps;C:\U
USERNAME=Diego
OS=Windows_NT
PROCESSOR_IDENTIFIER=AMD64 Family 23 Model 113 Stepping 0, AuthenticAMD



---------------  S Y S T E M  ---------------

OS:
 Windows 10 , 64 bit Build 19041 (10.0.19041.4957)
OS uptime: 0 days 1:23 hours
HyperV virtualization detected

CPU: total 16 (initial active 16) (16 cores per cpu, 2 threads per core) family 23 model 113 stepping 0 microcode 0x0, cmov, cx8, fxsr, mmx, sse, sse2, sse3, ssse3, sse4.1, sse4.2, popcnt, vzeroupper, avx, avx2, aes, clmul, 3dnowpref, lzcnt, sse4a, ht, tsc, tscinvbit, tscinv, bmi1, bmi2, adx, sha, fma, clflush, clflushopt

Memory: 4k page, system-wide physical 32689M (21300M free)
TotalPageFile size 37553M (AvailPageFile size 24108M)
current process WorkingSet (physical memory assigned to process): 348M, peak: 382M
current process commit charge ("private bytes"): 598M, peak: 734M

vm_info: Java HotSpot(TM) 64-Bit Server VM (15.0.2+7-27) for windows-amd64 JRE (15.0.2+7-27), built on Dec  7 2020 20:07:01 by "mach5one" with unknown MS VC++:1925

END.
