#
# A fatal error has been detected by the Java Runtime Environment:
#
#  EXCEPTION_ACCESS_VIOLATION (0xc0000005) at pc=0x00007ff8fea843b9, pid=3904, tid=1916
#
# JRE version: Java(TM) SE Runtime Environment (15.0.2+7) (build 15.0.2+7-27)
# Java VM: Java HotSpot(TM) 64-Bit Server VM (15.0.2+7-27, mixed mode, sharing, tiered, compressed oops, g1 gc, windows-amd64)
# Problematic frame:
# C  [atio6axx.dll+0x543b9]
#
# No core dump will be written. Minidumps are not enabled by default on client versions of Windows
#
# If you would like to submit a bug report, please visit:
#   https://bugreport.java.com/bugreport/crash.jsp
# The crash happened outside the Java Virtual Machine in native code.
# See problematic frame for where to report the bug.
#

---------------  S U M M A R Y ------------

Command Line: -Dfile.encoding=UTF-8 mampos.Mampos

Host: AMD Ryzen 7 5700U with Radeon Graphics         , 16 cores, 13G,  Windows 10 , 64 bit Build 22621 (10.0.22621.4391)
Time: Fri Oct 25 12:34:52 2024 Hora estándar, América Central elapsed time: 3.829786 seconds (0d 0h 0m 3s)

---------------  T H R E A D  ---------------

Current thread (0x0000029a81a9fba0):  JavaThread "AWT-EventQueue-0" [_thread_in_native, id=1916, stack(0x000000e0f2300000,0x000000e0f2400000)]

Stack: [0x000000e0f2300000,0x000000e0f2400000],  sp=0x000000e0f23fe328,  free space=1016k
Native frames: (J=compiled Java code, j=interpreted, Vv=VM code, C=native code)
C  [atio6axx.dll+0x543b9]

Java frames: (J=compiled Java code, j=interpreted, Vv=VM code)
j  jogamp.opengl.gl4.GL4bcImpl.dispatch_glDrawElements1(IIIJJ)V+0
j  jogamp.opengl.gl4.GL4bcImpl.glDrawElements(IIIJ)V+53
j  rendering.Controlador.prepararBufferDeVerticesF(Lcom/jogamp/opengl/GL4;IIII)V+65
j  rendering.Controlador.dibujar(Ljava/lang/String;Lcom/jogamp/opengl/GL4;[IIILjava/util/List;II)V+90
j  rendering.Perfil.display(Lcom/jogamp/opengl/GLAutoDrawable;)V+49
j  jogamp.opengl.GLDrawableHelper.displayImpl(Lcom/jogamp/opengl/GLAutoDrawable;)V+62
j  jogamp.opengl.GLDrawableHelper.display(Lcom/jogamp/opengl/GLAutoDrawable;)V+2
j  com.jogamp.opengl.awt.GLCanvas$10.run()V+118
j  jogamp.opengl.GLDrawableHelper.invokeGLImpl(Lcom/jogamp/opengl/GLDrawable;Lcom/jogamp/opengl/GLContext;Ljava/lang/Runnable;Ljava/lang/Runnable;)V+205
j  jogamp.opengl.GLDrawableHelper.invokeGL(Lcom/jogamp/opengl/GLDrawable;Lcom/jogamp/opengl/GLContext;Ljava/lang/Runnable;Ljava/lang/Runnable;)V+75
j  com.jogamp.opengl.awt.GLCanvas$11.run()V+104
j  java.awt.event.InvocationEvent.dispatch()V+11 java.desktop@15.0.2
j  java.awt.EventQueue.dispatchEventImpl(Ljava/awt/AWTEvent;Ljava/lang/Object;)V+21 java.desktop@15.0.2
j  java.awt.EventQueue$4.run()Ljava/lang/Void;+32 java.desktop@15.0.2
j  java.awt.EventQueue$4.run()Ljava/lang/Object;+1 java.desktop@15.0.2
J 1369 c1 java.security.AccessController.doPrivileged(Ljava/security/PrivilegedAction;Ljava/security/AccessControlContext;)Ljava/lang/Object; java.base@15.0.2 (17 bytes) @ 0x0000029ae68011e4 [0x0000029ae6801000+0x00000000000001e4]
j  java.security.ProtectionDomain$JavaSecurityAccessImpl.doIntersectionPrivilege(Ljava/security/PrivilegedAction;Ljava/security/AccessControlContext;Ljava/security/AccessControlContext;)Ljava/lang/Object;+18 java.base@15.0.2
j  java.awt.EventQueue.dispatchEvent(Ljava/awt/AWTEvent;)V+46 java.desktop@15.0.2
j  java.awt.EventDispatchThread.pumpOneEventForFilters(I)V+78 java.desktop@15.0.2
j  java.awt.EventDispatchThread.pumpEventsForFilter(ILjava/awt/Conditional;Ljava/awt/EventFilter;)V+35 java.desktop@15.0.2
j  java.awt.EventDispatchThread.pumpEventsForHierarchy(ILjava/awt/Conditional;Ljava/awt/Component;)V+11 java.desktop@15.0.2
j  java.awt.EventDispatchThread.pumpEvents(ILjava/awt/Conditional;)V+4 java.desktop@15.0.2
j  java.awt.EventDispatchThread.pumpEvents(Ljava/awt/Conditional;)V+3 java.desktop@15.0.2
j  java.awt.EventDispatchThread.run()V+9 java.desktop@15.0.2
v  ~StubRoutines::call_stub

siginfo: EXCEPTION_ACCESS_VIOLATION (0xc0000005), reading address 0x0000000000000000


Register to memory mapping:

RIP=0x00007ff8fea843b9 atio6axx.dll
RAX=0x00007ff8fea843b9 atio6axx.dll
RBX=0x0000029a97a0f4e8 points into unknown readable memory: 0x0000000000000000 | 00 00 00 00 00 00 00 00
RCX=0x0000029a97a0f510 points into unknown readable memory: 0x0000000000000000 | 00 00 00 00 00 00 00 00
RDX=0x0 is NULL
RSP=0x000000e0f23fe328 is pointing into the stack for thread: 0x0000029a81a9fba0
RBP=0x0000029a9690ee00 points into unknown readable memory: 0x0000029a97a0f040 | 40 f0 a0 97 9a 02 00 00
RSI=0x0000029a967cb080 points into unknown readable memory: 0x00007ff902434030 | 30 40 43 02 f9 7f 00 00
RDI=0x0000029a96bb5918 points into unknown readable memory: 0x00007ff90241daa0 | a0 da 41 02 f9 7f 00 00
R8 =0x0000000000000010 is an unknown value
R9 =0x00007ff8fea30000 atio6axx.dll
R10=0x0000029a96ba6ec8 points into unknown readable memory: 0x00007ff90242c658 | 58 c6 42 02 f9 7f 00 00
R11=0x00007ff8fea30000 atio6axx.dll
R12=0x0000000000000010 is an unknown value
R13=0x0000000000000010 is an unknown value
R14=0x0 is NULL
R15=0x0 is NULL


Registers:
RAX=0x00007ff8fea843b9, RBX=0x0000029a97a0f4e8, RCX=0x0000029a97a0f510, RDX=0x0000000000000000
RSP=0x000000e0f23fe328, RBP=0x0000029a9690ee00, RSI=0x0000029a967cb080, RDI=0x0000029a96bb5918
R8 =0x0000000000000010, R9 =0x00007ff8fea30000, R10=0x0000029a96ba6ec8, R11=0x00007ff8fea30000
R12=0x0000000000000010, R13=0x0000000000000010, R14=0x0000000000000000, R15=0x0000000000000000
RIP=0x00007ff8fea843b9, EFLAGS=0x0000000000010202

Top of Stack: (sp=0x000000e0f23fe328)
0x000000e0f23fe328:   00007ff8fee9c5ed 000000e0f23fe340
0x000000e0f23fe338:   0000000000000000 00007ff92429c9f0
0x000000e0f23fe348:   0000000000000000 0000029a97a0f510
0x000000e0f23fe358:   0000029a97a0f4e8 0000000000000038
0x000000e0f23fe368:   0000000000000000 0000000000000004
0x000000e0f23fe378:   0000000000000004 0000000000001405
0x000000e0f23fe388:   0000029a81376d98 0000000000000000
0x000000e0f23fe398:   0000029a96bb5918 0000000000000004
0x000000e0f23fe3a8:   0000029a967cb080 0000000000000000
0x000000e0f23fe3b8:   00007ff8fef471c4 0000029a967cb000
0x000000e0f23fe3c8:   0000029a00000004 0000000000000004
0x000000e0f23fe3d8:   0000000000001405 0000000000000000
0x000000e0f23fe3e8:   00007ff8feaa8dd6 0000000000000000
0x000000e0f23fe3f8:   0000000000000006 0000029a967cb080
0x000000e0f23fe408:   0000004000000000 0000029a96bb5918
0x000000e0f23fe418:   000000e0f23fe500 0000000000000004 

Instructions: (pc=0x00007ff8fea843b9)
0x00007ff8fea842b9:   87 d2 06 00 00 4c 8d 0d 3b bd fa ff 41 8b 84 81
0x00007ff8fea842c9:   98 49 05 00 49 03 c1 ff e0 0f b6 02 88 01 c3 0f
0x00007ff8fea842d9:   b7 02 66 89 01 c3 0f b7 02 66 89 01 0f b6 42 02
0x00007ff8fea842e9:   88 41 02 c3 8b 02 89 01 c3 8b 02 89 01 0f b6 42
0x00007ff8fea842f9:   04 88 41 04 c3 8b 02 89 01 0f b7 42 04 66 89 41
0x00007ff8fea84309:   04 c3 8b 02 89 01 0f b7 42 04 66 89 41 04 0f b6
0x00007ff8fea84319:   42 06 88 41 06 c3 48 8b 02 48 89 01 c3 f2 0f 10
0x00007ff8fea84329:   02 f2 0f 11 01 0f b6 42 08 88 41 08 c3 f2 0f 10
0x00007ff8fea84339:   02 f2 0f 11 01 0f b7 42 08 66 89 41 08 c3 f2 0f
0x00007ff8fea84349:   10 02 f2 0f 11 01 0f b7 42 08 66 89 41 08 0f b6
0x00007ff8fea84359:   42 0a 88 41 0a c3 f2 0f 10 02 f2 0f 11 01 8b 42
0x00007ff8fea84369:   08 89 41 08 c3 f2 0f 10 02 f2 0f 11 01 8b 42 08
0x00007ff8fea84379:   89 41 08 0f b6 42 0c 88 41 0c c3 f2 0f 10 02 f2
0x00007ff8fea84389:   0f 11 01 8b 42 08 89 41 08 0f b7 42 0c 66 89 41
0x00007ff8fea84399:   0c c3 f2 0f 10 02 f2 0f 11 01 8b 42 08 89 41 08
0x00007ff8fea843a9:   0f b7 42 0c 66 89 41 0c 0f b6 42 0e 88 41 0e c3
0x00007ff8fea843b9:   0f 10 02 0f 11 01 c3 0f 10 02 0f 11 01 0f b6 42
0x00007ff8fea843c9:   10 88 41 10 c3 0f 10 02 0f 11 01 0f b7 42 10 66
0x00007ff8fea843d9:   89 41 10 c3 0f 10 02 0f 11 01 0f b7 42 10 66 89
0x00007ff8fea843e9:   41 10 0f b6 42 12 88 41 12 c3 0f 10 02 0f 11 01
0x00007ff8fea843f9:   8b 42 10 89 41 10 c3 0f 10 02 0f 11 01 8b 42 10
0x00007ff8fea84409:   89 41 10 0f b6 42 14 88 41 14 c3 0f 10 02 0f 11
0x00007ff8fea84419:   01 8b 42 10 89 41 10 0f b7 42 14 66 89 41 14 c3
0x00007ff8fea84429:   0f 10 02 0f 11 01 8b 42 10 89 41 10 0f b7 42 14
0x00007ff8fea84439:   66 89 41 14 0f b6 42 16 88 41 16 c3 0f 10 02 0f
0x00007ff8fea84449:   11 01 f2 0f 10 4a 10 f2 0f 11 49 10 c3 0f 10 02
0x00007ff8fea84459:   0f 11 01 f2 0f 10 4a 10 f2 0f 11 49 10 0f b6 42
0x00007ff8fea84469:   18 88 41 18 c3 0f 10 02 0f 11 01 f2 0f 10 4a 10
0x00007ff8fea84479:   f2 0f 11 49 10 0f b7 42 18 66 89 41 18 c3 0f 10
0x00007ff8fea84489:   02 0f 11 01 f2 0f 10 4a 10 f2 0f 11 49 10 0f b7
0x00007ff8fea84499:   42 18 66 89 41 18 0f b6 42 1a 88 41 1a c3 0f 10
0x00007ff8fea844a9:   02 0f 11 01 f2 0f 10 4a 10 f2 0f 11 49 10 8b 42 


Stack slot to memory mapping:
stack at sp + 0 slots: 0x00007ff8fee9c5ed atio6axx.dll
stack at sp + 1 slots: 0x000000e0f23fe340 is pointing into the stack for thread: 0x0000029a81a9fba0
stack at sp + 2 slots: 0x0 is NULL
stack at sp + 3 slots: 0x00007ff92429c9f0 jvm.dll
stack at sp + 4 slots: 0x0 is NULL
stack at sp + 5 slots: 0x0000029a97a0f510 points into unknown readable memory: 0x0000000000000000 | 00 00 00 00 00 00 00 00
stack at sp + 6 slots: 0x0000029a97a0f4e8 points into unknown readable memory: 0x0000000000000000 | 00 00 00 00 00 00 00 00
stack at sp + 7 slots: 0x0000000000000038 is an unknown value


---------------  P R O C E S S  ---------------

Threads class SMR info:
_java_thread_list=0x0000029a8acb8fe0, length=24, elements={
0x0000029a80a37760, 0x0000029a80a38240, 0x0000029a80a4c2b0, 0x0000029a80a4eb80,
0x0000029a80a4f440, 0x0000029a80a501e0, 0x0000029a80a52ca0, 0x0000029a80a555b0,
0x0000029a814aa8b0, 0x0000029a81542f90, 0x0000029a81552970, 0x0000029a81a71620,
0x0000029a81a71af0, 0x0000029a81acc1e0, 0x0000029a81a9fba0, 0x0000029addc07b50,
0x0000029a81bcbf40, 0x0000029a82067ba0, 0x0000029a8c07cad0, 0x0000029a8d945a00,
0x0000029a8a369010, 0x0000029a8a0362b0, 0x0000029a8aea2b90, 0x0000029a8aea3060
}

Java Threads: ( => current thread )
  0x0000029a80a37760 JavaThread "Reference Handler" daemon [_thread_blocked, id=6452, stack(0x000000e0f1400000,0x000000e0f1500000)]
  0x0000029a80a38240 JavaThread "Finalizer" daemon [_thread_blocked, id=17160, stack(0x000000e0f1500000,0x000000e0f1600000)]
  0x0000029a80a4c2b0 JavaThread "Signal Dispatcher" daemon [_thread_blocked, id=18392, stack(0x000000e0f1600000,0x000000e0f1700000)]
  0x0000029a80a4eb80 JavaThread "Attach Listener" daemon [_thread_blocked, id=15344, stack(0x000000e0f1700000,0x000000e0f1800000)]
  0x0000029a80a4f440 JavaThread "Service Thread" daemon [_thread_blocked, id=6672, stack(0x000000e0f1800000,0x000000e0f1900000)]
  0x0000029a80a501e0 JavaThread "C2 CompilerThread0" daemon [_thread_blocked, id=8528, stack(0x000000e0f1900000,0x000000e0f1a00000)]
  0x0000029a80a52ca0 JavaThread "C1 CompilerThread0" daemon [_thread_blocked, id=18576, stack(0x000000e0f1a00000,0x000000e0f1b00000)]
  0x0000029a80a555b0 JavaThread "Sweeper thread" daemon [_thread_blocked, id=15516, stack(0x000000e0f1b00000,0x000000e0f1c00000)]
  0x0000029a814aa8b0 JavaThread "C1 CompilerThread1" daemon [_thread_blocked, id=17924, stack(0x000000e0f1c00000,0x000000e0f1d00000)]
  0x0000029a81542f90 JavaThread "Notification Thread" daemon [_thread_blocked, id=14056, stack(0x000000e0f1d00000,0x000000e0f1e00000)]
  0x0000029a81552970 JavaThread "Common-Cleaner" daemon [_thread_blocked, id=20452, stack(0x000000e0f1f00000,0x000000e0f2000000)]
  0x0000029a81a71620 JavaThread "Java2D Disposer" daemon [_thread_blocked, id=15832, stack(0x000000e0f2000000,0x000000e0f2100000)]
  0x0000029a81a71af0 JavaThread "AWT-Shutdown" [_thread_blocked, id=4880, stack(0x000000e0f2100000,0x000000e0f2200000)]
  0x0000029a81acc1e0 JavaThread "AWT-Windows" daemon [_thread_in_native, id=16992, stack(0x000000e0f2200000,0x000000e0f2300000)]
=>0x0000029a81a9fba0 JavaThread "AWT-EventQueue-0" [_thread_in_native, id=1916, stack(0x000000e0f2300000,0x000000e0f2400000)]
  0x0000029addc07b50 JavaThread "DestroyJavaVM" [_thread_blocked, id=7488, stack(0x000000e0f0d00000,0x000000e0f0e00000)]
  0x0000029a81bcbf40 JavaThread "C1 CompilerThread2" daemon [_thread_blocked, id=17308, stack(0x000000e0f2400000,0x000000e0f2500000)]
  0x0000029a82067ba0 JavaThread "AWT-EventQueue-0-SharedResourceRunner" daemon [_thread_blocked, id=13360, stack(0x000000e0f3200000,0x000000e0f3300000)]
  0x0000029a8c07cad0 JavaThread "AWT-EventQueue-0-AWTAnimator#00" [_thread_blocked, id=14512, stack(0x000000e0f3300000,0x000000e0f3400000)]
  0x0000029a8d945a00 JavaThread "AWT-EventQueue-0-AWTAnimator#01" [_thread_blocked, id=12140, stack(0x000000e0f3d00000,0x000000e0f3e00000)]
  0x0000029a8a369010 JavaThread "AWT-EventQueue-0-AWTAnimator#02" [_thread_blocked, id=17640, stack(0x000000e0f3e00000,0x000000e0f3f00000)]
  0x0000029a8a0362b0 JavaThread "Image Fetcher 0" daemon [_thread_blocked, id=6084, stack(0x000000e0f4100000,0x000000e0f4200000)]
  0x0000029a8aea2b90 JavaThread "TimerQueue" daemon [_thread_blocked, id=608, stack(0x000000e0f4200000,0x000000e0f4300000)]
  0x0000029a8aea3060 JavaThread "D3D Screen Updater" daemon [_thread_blocked, id=19716, stack(0x000000e0f4b00000,0x000000e0f4c00000)]

Other Threads:
  0x0000029a80a32fb0 VMThread "VM Thread" [stack: 0x000000e0f1300000,0x000000e0f1400000] [id=8296]
  0x0000029a8154a490 WatcherThread [stack: 0x000000e0f1e00000,0x000000e0f1f00000] [id=12632]
  0x0000029addc54a30 GCTaskThread "GC Thread#0" [stack: 0x000000e0f0e00000,0x000000e0f0f00000] [id=12752]
  0x0000029a81d50790 GCTaskThread "GC Thread#1" [stack: 0x000000e0f3700000,0x000000e0f3800000] [id=8464]
  0x0000029a81d50df0 GCTaskThread "GC Thread#2" [stack: 0x000000e0f3800000,0x000000e0f3900000] [id=17596]
  0x0000029a81d51450 GCTaskThread "GC Thread#3" [stack: 0x000000e0f3900000,0x000000e0f3a00000] [id=10252]
  0x0000029a81d52770 GCTaskThread "GC Thread#4" [stack: 0x000000e0f3a00000,0x000000e0f3b00000] [id=11760]
  0x0000029a81d52dd0 GCTaskThread "GC Thread#5" [stack: 0x000000e0f3b00000,0x000000e0f3c00000] [id=15036]
  0x0000029a8a6fec90 GCTaskThread "GC Thread#6" [stack: 0x000000e0f4300000,0x000000e0f4400000] [id=18040]
  0x0000029a8a6fd640 GCTaskThread "GC Thread#7" [stack: 0x000000e0f4400000,0x000000e0f4500000] [id=13764]
  0x0000029a8a6fd970 GCTaskThread "GC Thread#8" [stack: 0x000000e0f4500000,0x000000e0f4600000] [id=3992]
  0x0000029a8a6fdca0 GCTaskThread "GC Thread#9" [stack: 0x000000e0f4600000,0x000000e0f4700000] [id=3396]
  0x0000029a8a7002e0 GCTaskThread "GC Thread#10" [stack: 0x000000e0f4700000,0x000000e0f4800000] [id=1596]
  0x0000029a8a6fd310 GCTaskThread "GC Thread#11" [stack: 0x000000e0f4800000,0x000000e0f4900000] [id=3220]
  0x0000029addc64920 ConcurrentGCThread "G1 Main Marker" [stack: 0x000000e0f0f00000,0x000000e0f1000000] [id=7528]
  0x0000029addc65510 ConcurrentGCThread "G1 Conc#0" [stack: 0x000000e0f1000000,0x000000e0f1100000] [id=17476]
  0x0000029a8a700610 ConcurrentGCThread "G1 Conc#1" [stack: 0x000000e0f4900000,0x000000e0f4a00000] [id=20388]
  0x0000029a8a6ff950 ConcurrentGCThread "G1 Conc#2" [stack: 0x000000e0f4a00000,0x000000e0f4b00000] [id=18000]
  0x0000029a80936890 ConcurrentGCThread "G1 Refine#0" [stack: 0x000000e0f1100000,0x000000e0f1200000] [id=11868]
  0x0000029addcc6910 ConcurrentGCThread "G1 Young RemSet Sampling" [stack: 0x000000e0f1200000,0x000000e0f1300000] [id=2176]

Threads with active compile tasks:

VM state: not at safepoint (normal execution)

VM Mutex/Monitor currently owned by a thread: None

Heap address: 0x0000000722600000, size: 3546 MB, Compressed Oops mode: Zero based, Oop shift amount: 3
CDS archive(s) mapped at: [0x0000000800000000-0x0000000800b50000-0x0000000800b50000), size 11862016, SharedBaseAddress: 0x0000000800000000, ArchiveRelocationMode: 0.
Compressed class space mapped at: 0x0000000800b50000-0x0000000840b50000, size: 1073741824
Narrow klass base: 0x0000000800000000, Narrow klass shift: 3, Narrow klass range: 0x100000000

GC Precious Log:
 CPUs: 16 total, 16 available
 Memory: 14181M
 Large Page Support: Disabled
 NUMA Support: Disabled
 Compressed Oops: Enabled (Zero based)
 Heap Region Size: 2M
 Heap Min Capacity: 8M
 Heap Initial Capacity: 222M
 Heap Max Capacity: 3546M
 Pre-touch: Disabled
 Parallel Workers: 13
 Concurrent Workers: 3
 Concurrent Refinement Workers: 13
 Periodic GC: Disabled

Heap:
 garbage-first heap   total 116736K, used 44226K [0x0000000722600000, 0x0000000800000000)
  region size 2048K, 3 young (6144K), 1 survivors (2048K)
 Metaspace       used 25797K, capacity 26115K, committed 26368K, reserved 1073152K
  class space    used 2919K, capacity 3028K, committed 3072K, reserved 1048576K

Heap Regions: E=young(eden), S=young(survivor), O=old, HS=humongous(starts), HC=humongous(continues), CS=collection set, F=free, OA=open archive, CA=closed archive, TAMS=top-at-mark-start (previous, next)
|   0|0x0000000722600000, 0x0000000722800000, 0x0000000722800000|100%| O|  |TAMS 0x0000000722800000, 0x0000000722600000| Untracked 
|   1|0x0000000722800000, 0x000000072295b800, 0x0000000722a00000| 67%| O|  |TAMS 0x000000072295b800, 0x0000000722800000| Untracked 
|   2|0x0000000722a00000, 0x0000000722c00000, 0x0000000722c00000|100%| O|  |TAMS 0x0000000722c00000, 0x0000000722a00000| Untracked 
|   3|0x0000000722c00000, 0x0000000722c00000, 0x0000000722e00000|  0%| F|  |TAMS 0x0000000722c00000, 0x0000000722c00000| Untracked 
|   4|0x0000000722e00000, 0x0000000723000000, 0x0000000723000000|100%| O|  |TAMS 0x0000000723000000, 0x0000000722e00000| Untracked 
|   5|0x0000000723000000, 0x0000000723200000, 0x0000000723200000|100%| O|  |TAMS 0x0000000723000000, 0x0000000723000000| Untracked 
|   6|0x0000000723200000, 0x0000000723400000, 0x0000000723400000|100%| O|  |TAMS 0x0000000723200000, 0x0000000723200000| Untracked 
|   7|0x0000000723400000, 0x0000000723600000, 0x0000000723600000|100%| O|  |TAMS 0x0000000723600000, 0x0000000723400000| Untracked 
|   8|0x0000000723600000, 0x0000000723600000, 0x0000000723800000|  0%| F|  |TAMS 0x0000000723600000, 0x0000000723600000| Untracked 
|   9|0x0000000723800000, 0x0000000723983600, 0x0000000723a00000| 75%| O|  |TAMS 0x0000000723800000, 0x0000000723800000| Untracked 
|  10|0x0000000723a00000, 0x0000000723a00000, 0x0000000723c00000|  0%| F|  |TAMS 0x0000000723a00000, 0x0000000723a00000| Untracked 
|  11|0x0000000723c00000, 0x0000000723c00000, 0x0000000723e00000|  0%| F|  |TAMS 0x0000000723c00000, 0x0000000723c00000| Untracked 
|  12|0x0000000723e00000, 0x0000000723e00000, 0x0000000724000000|  0%| F|  |TAMS 0x0000000723e00000, 0x0000000723e00000| Untracked 
|  13|0x0000000724000000, 0x0000000724000000, 0x0000000724200000|  0%| F|  |TAMS 0x0000000724000000, 0x0000000724000000| Untracked 
|  14|0x0000000724200000, 0x0000000724200000, 0x0000000724400000|  0%| F|  |TAMS 0x0000000724200000, 0x0000000724200000| Untracked 
|  15|0x0000000724400000, 0x0000000724400000, 0x0000000724600000|  0%| F|  |TAMS 0x0000000724400000, 0x0000000724400000| Untracked 
|  16|0x0000000724600000, 0x0000000724600000, 0x0000000724800000|  0%| F|  |TAMS 0x0000000724600000, 0x0000000724600000| Untracked 
|  17|0x0000000724800000, 0x0000000724800000, 0x0000000724a00000|  0%| F|  |TAMS 0x0000000724800000, 0x0000000724800000| Untracked 
|  18|0x0000000724a00000, 0x0000000724c00000, 0x0000000724c00000|100%| O|  |TAMS 0x0000000724a10c00, 0x0000000724a00000| Untracked 
|  19|0x0000000724c00000, 0x0000000724e00000, 0x0000000724e00000|100%| O|  |TAMS 0x0000000724c00000, 0x0000000724c00000| Untracked 
|  20|0x0000000724e00000, 0x0000000725000000, 0x0000000725000000|100%| O|  |TAMS 0x0000000724e00000, 0x0000000724e00000| Untracked 
|  21|0x0000000725000000, 0x0000000725200000, 0x0000000725200000|100%| O|  |TAMS 0x0000000725000000, 0x0000000725000000| Untracked 
|  22|0x0000000725200000, 0x0000000725400000, 0x0000000725400000|100%| O|  |TAMS 0x0000000725200000, 0x0000000725200000| Untracked 
|  23|0x0000000725400000, 0x0000000725600000, 0x0000000725600000|100%| O|  |TAMS 0x0000000725400000, 0x0000000725400000| Untracked 
|  24|0x0000000725600000, 0x0000000725800000, 0x0000000725800000|100%| O|  |TAMS 0x0000000725600000, 0x0000000725600000| Untracked 
|  25|0x0000000725800000, 0x0000000725a00000, 0x0000000725a00000|100%| O|  |TAMS 0x0000000725800000, 0x0000000725800000| Untracked 
|  26|0x0000000725a00000, 0x0000000725c00000, 0x0000000725c00000|100%| O|  |TAMS 0x0000000725a00000, 0x0000000725a00000| Untracked 
|  27|0x0000000725c00000, 0x0000000725e00000, 0x0000000725e00000|100%| O|  |TAMS 0x0000000725c00000, 0x0000000725c00000| Untracked 
|  28|0x0000000725e00000, 0x0000000726000000, 0x0000000726000000|100%| O|  |TAMS 0x0000000725e00000, 0x0000000725e00000| Untracked 
|  29|0x0000000726000000, 0x0000000726200000, 0x0000000726200000|100%| O|  |TAMS 0x0000000726000000, 0x0000000726000000| Untracked 
|  30|0x0000000726200000, 0x0000000726400000, 0x0000000726400000|100%| O|  |TAMS 0x0000000726200000, 0x0000000726200000| Untracked 
|  31|0x0000000726400000, 0x0000000726400000, 0x0000000726600000|  0%| F|  |TAMS 0x0000000726400000, 0x0000000726400000| Untracked 
|  32|0x0000000726600000, 0x0000000726600000, 0x0000000726800000|  0%| F|  |TAMS 0x0000000726600000, 0x0000000726600000| Untracked 
|  33|0x0000000726800000, 0x0000000726800000, 0x0000000726a00000|  0%| F|  |TAMS 0x0000000726800000, 0x0000000726800000| Untracked 
|  34|0x0000000726a00000, 0x0000000726a00000, 0x0000000726c00000|  0%| F|  |TAMS 0x0000000726a00000, 0x0000000726a00000| Untracked 
|  35|0x0000000726c00000, 0x0000000726c00000, 0x0000000726e00000|  0%| F|  |TAMS 0x0000000726c00000, 0x0000000726c00000| Untracked 
|  36|0x0000000726e00000, 0x0000000726e00000, 0x0000000727000000|  0%| F|  |TAMS 0x0000000726e00000, 0x0000000726e00000| Untracked 
|  37|0x0000000727000000, 0x0000000727000000, 0x0000000727200000|  0%| F|  |TAMS 0x0000000727000000, 0x0000000727000000| Untracked 
|  38|0x0000000727200000, 0x0000000727200000, 0x0000000727400000|  0%| F|  |TAMS 0x0000000727200000, 0x0000000727200000| Untracked 
|  39|0x0000000727400000, 0x0000000727400000, 0x0000000727600000|  0%| F|  |TAMS 0x0000000727400000, 0x0000000727400000| Untracked 
|  40|0x0000000727600000, 0x0000000727600000, 0x0000000727800000|  0%| F|  |TAMS 0x0000000727600000, 0x0000000727600000| Untracked 
|  41|0x0000000727800000, 0x0000000727800000, 0x0000000727a00000|  0%| F|  |TAMS 0x0000000727800000, 0x0000000727800000| Untracked 
|  42|0x0000000727a00000, 0x0000000727a00000, 0x0000000727c00000|  0%| F|  |TAMS 0x0000000727a00000, 0x0000000727a00000| Untracked 
|  43|0x0000000727c00000, 0x0000000727c00000, 0x0000000727e00000|  0%| F|  |TAMS 0x0000000727c00000, 0x0000000727c00000| Untracked 
|  44|0x0000000727e00000, 0x0000000727e00000, 0x0000000728000000|  0%| F|  |TAMS 0x0000000727e00000, 0x0000000727e00000| Untracked 
|  45|0x0000000728000000, 0x0000000728000000, 0x0000000728200000|  0%| F|  |TAMS 0x0000000728000000, 0x0000000728000000| Untracked 
|  46|0x0000000728200000, 0x0000000728200000, 0x0000000728400000|  0%| F|  |TAMS 0x0000000728200000, 0x0000000728200000| Untracked 
|  47|0x0000000728400000, 0x0000000728400000, 0x0000000728600000|  0%| F|  |TAMS 0x0000000728400000, 0x0000000728400000| Untracked 
|  48|0x0000000728600000, 0x0000000728600000, 0x0000000728800000|  0%| F|  |TAMS 0x0000000728600000, 0x0000000728600000| Untracked 
|  49|0x0000000728800000, 0x0000000728800000, 0x0000000728a00000|  0%| F|  |TAMS 0x0000000728800000, 0x0000000728800000| Untracked 
|  50|0x0000000728a00000, 0x0000000728a00000, 0x0000000728c00000|  0%| F|  |TAMS 0x0000000728a00000, 0x0000000728a00000| Untracked 
| 104|0x000000072f600000, 0x000000072f600000, 0x000000072f800000|  0%| F|  |TAMS 0x000000072f600000, 0x000000072f600000| Untracked 
| 105|0x000000072f800000, 0x000000072f800000, 0x000000072fa00000|  0%| F|  |TAMS 0x000000072f800000, 0x000000072f800000| Untracked 
| 110|0x0000000730200000, 0x0000000730251d10, 0x0000000730400000| 15%| S|CS|TAMS 0x0000000730200000, 0x0000000730200000| Complete 
|1770|0x00000007ffa00000, 0x00000007ffa00000, 0x00000007ffc00000|  0%| F|  |TAMS 0x00000007ffa00000, 0x00000007ffa00000| Untracked 
|1771|0x00000007ffc00000, 0x00000007ffc00800, 0x00000007ffe00000|  0%| E|  |TAMS 0x00000007ffc00000, 0x00000007ffc00000| Complete 
|1772|0x00000007ffe00000, 0x0000000800000000, 0x0000000800000000|100%| E|CS|TAMS 0x00000007ffe00000, 0x00000007ffe00000| Complete 

Card table byte_map: [0x0000029af5da0000,0x0000029af6490000] _byte_map_base: 0x0000029af248d000

Marking Bits (Prev, Next): (CMBitMap*) 0x0000029addc56230, (CMBitMap*) 0x0000029addc56270
 Prev Bits: [0x0000029af6b80000, 0x0000029afa2e8000)
 Next Bits: [0x0000029afa2f0000, 0x0000029afda58000)

Polling page: 0x0000029add3d0000

Metaspace:

Usage:
  Non-class:     22.55 MB capacity,    22.34 MB (>99%) used,   178.81 KB ( <1%) free+waste,    30.25 KB ( <1%) overhead. 
      Class:      2.96 MB capacity,     2.85 MB ( 96%) used,    97.68 KB (  3%) free+waste,    10.81 KB ( <1%) overhead. 
       Both:     25.50 MB capacity,    25.19 MB ( 99%) used,   276.49 KB (  1%) free+waste,    41.06 KB ( <1%) overhead. 

Virtual space:
  Non-class space:       24.00 MB reserved,      22.75 MB ( 95%) committed 
      Class space:        1.00 GB reserved,       3.00 MB ( <1%) committed 
             Both:        1.02 GB reserved,      25.75 MB (  2%) committed 

Chunk freelists:
   Non-Class:  81.00 KB
       Class:  12.00 KB
        Both:  93.00 KB

MaxMetaspaceSize: 17179869184.00 GB
CompressedClassSpaceSize: 1.00 GB

CodeHeap 'non-profiled nmethods': size=119168Kb used=902Kb max_used=902Kb free=118266Kb
 bounds [0x0000029aed9d0000, 0x0000029aedc40000, 0x0000029af4e30000]
CodeHeap 'profiled nmethods': size=119104Kb used=4126Kb max_used=4126Kb free=114977Kb
 bounds [0x0000029ae6580000, 0x0000029ae6990000, 0x0000029aed9d0000]
CodeHeap 'non-nmethods': size=7488Kb used=2788Kb max_used=3350Kb free=4700Kb
 bounds [0x0000029ae5e30000, 0x0000029ae6180000, 0x0000029ae6580000]
 total_blobs=3217 nmethods=2162 adapters=965
 compilation: enabled
              stopped_count=0, restarted_count=0
 full_count=0

Compilation events (20 events):
Event: 3.809 Thread 0x0000029a814aa8b0 2154       3       java.util.regex.Pattern$CharPredicate::lambda$negate$3 (16 bytes)
Event: 3.809 Thread 0x0000029a814aa8b0 nmethod 2154 0x0000029ae6983690 code [0x0000029ae6983840, 0x0000029ae6983a68]
Event: 3.809 Thread 0x0000029a81bcbf40 nmethod 2153 0x0000029ae6983b10 code [0x0000029ae6983cc0, 0x0000029ae6983e88]
Event: 3.809 Thread 0x0000029a80a52ca0 nmethod 2152 0x0000029ae6983f90 code [0x0000029ae6984140, 0x0000029ae69843a8]
Event: 3.810 Thread 0x0000029a80a52ca0 2155       3       java.lang.StringBuilder::append (8 bytes)
Event: 3.810 Thread 0x0000029a80a52ca0 nmethod 2155 0x0000029ae6984590 code [0x0000029ae6984740, 0x0000029ae6984888]
Event: 3.811 Thread 0x0000029a80a52ca0 2156       3       java.util.regex.Matcher::usePattern (122 bytes)
Event: 3.811 Thread 0x0000029a80a52ca0 nmethod 2156 0x0000029ae6984910 code [0x0000029ae6984b00, 0x0000029ae69852e8]
Event: 3.811 Thread 0x0000029a81bcbf40 2157       3       java.util.regex.Pattern$Branch::match (66 bytes)
Event: 3.811 Thread 0x0000029a80a52ca0 2158       3       java.util.regex.Pattern$CharPropertyGreedy::match (160 bytes)
Event: 3.811 Thread 0x0000029a814aa8b0 2159       3       java.util.regex.Matcher::match (154 bytes)
Event: 3.812 Thread 0x0000029a81bcbf40 nmethod 2157 0x0000029ae6985510 code [0x0000029ae69856e0, 0x0000029ae6985b98]
Event: 3.812 Thread 0x0000029a81bcbf40 2160       3       java.nio.CharBuffer::position (8 bytes)
Event: 3.812 Thread 0x0000029a814aa8b0 nmethod 2159 0x0000029ae6985d90 code [0x0000029ae6985f80, 0x0000029ae6986538]
Event: 3.812 Thread 0x0000029a81bcbf40 nmethod 2160 0x0000029ae6986710 code [0x0000029ae69868c0, 0x0000029ae6986a08]
Event: 3.812 Thread 0x0000029a81bcbf40 2161  s    1       java.util.Vector::size (5 bytes)
Event: 3.812 Thread 0x0000029a80a52ca0 nmethod 2158 0x0000029ae6986a90 code [0x0000029ae6986cc0, 0x0000029ae6987668]
Event: 3.812 Thread 0x0000029a81bcbf40 nmethod 2161 0x0000029aedab0e90 code [0x0000029aedab1020, 0x0000029aedab1178]
Event: 3.816 Thread 0x0000029a81bcbf40 2162       1       java.lang.invoke.MethodHandleImpl$IntrinsicMethodHandle::getTarget (5 bytes)
Event: 3.816 Thread 0x0000029a81bcbf40 nmethod 2162 0x0000029aedab1210 code [0x0000029aedab13a0, 0x0000029aedab1458]

GC Heap History (20 events):
Event: 3.124 GC heap before
{Heap before GC invocations=11 (full 0):
 garbage-first heap   total 65536K, used 42110K [0x0000000722600000, 0x0000000800000000)
  region size 2048K, 3 young (6144K), 1 survivors (2048K)
 Metaspace       used 23881K, capacity 24160K, committed 24448K, reserved 1071104K
  class space    used 2830K, capacity 2931K, committed 2944K, reserved 1048576K
}
Event: 3.127 GC heap after
{Heap after GC invocations=12 (full 0):
 garbage-first heap   total 65536K, used 42178K [0x0000000722600000, 0x0000000800000000)
  region size 2048K, 1 young (2048K), 1 survivors (2048K)
 Metaspace       used 23881K, capacity 24160K, committed 24448K, reserved 1071104K
  class space    used 2830K, capacity 2931K, committed 2944K, reserved 1048576K
}
Event: 3.262 GC heap before
{Heap before GC invocations=13 (full 0):
 garbage-first heap   total 75776K, used 44226K [0x0000000722600000, 0x0000000800000000)
  region size 2048K, 2 young (4096K), 1 survivors (2048K)
 Metaspace       used 23963K, capacity 24224K, committed 24448K, reserved 1071104K
  class space    used 2835K, capacity 2931K, committed 2944K, reserved 1048576K
}
Event: 3.264 GC heap after
{Heap after GC invocations=14 (full 0):
 garbage-first heap   total 75776K, used 44465K [0x0000000722600000, 0x0000000800000000)
  region size 2048K, 1 young (2048K), 1 survivors (2048K)
 Metaspace       used 23963K, capacity 24224K, committed 24448K, reserved 1071104K
  class space    used 2835K, capacity 2931K, committed 2944K, reserved 1048576K
}
Event: 3.265 GC heap before
{Heap before GC invocations=14 (full 0):
 garbage-first heap   total 75776K, used 48561K [0x0000000722600000, 0x0000000800000000)
  region size 2048K, 3 young (6144K), 1 survivors (2048K)
 Metaspace       used 23963K, capacity 24224K, committed 24448K, reserved 1071104K
  class space    used 2835K, capacity 2931K, committed 2944K, reserved 1048576K
}
Event: 3.268 GC heap after
{Heap after GC invocations=15 (full 0):
 garbage-first heap   total 75776K, used 48494K [0x0000000722600000, 0x0000000800000000)
  region size 2048K, 1 young (2048K), 1 survivors (2048K)
 Metaspace       used 23963K, capacity 24224K, committed 24448K, reserved 1071104K
  class space    used 2835K, capacity 2931K, committed 2944K, reserved 1048576K
}
Event: 3.269 GC heap before
{Heap before GC invocations=15 (full 0):
 garbage-first heap   total 75776K, used 52590K [0x0000000722600000, 0x0000000800000000)
  region size 2048K, 3 young (6144K), 1 survivors (2048K)
 Metaspace       used 23963K, capacity 24224K, committed 24448K, reserved 1071104K
  class space    used 2835K, capacity 2931K, committed 2944K, reserved 1048576K
}
Event: 3.272 GC heap after
{Heap after GC invocations=16 (full 0):
 garbage-first heap   total 75776K, used 52767K [0x0000000722600000, 0x0000000800000000)
  region size 2048K, 1 young (2048K), 1 survivors (2048K)
 Metaspace       used 23963K, capacity 24224K, committed 24448K, reserved 1071104K
  class space    used 2835K, capacity 2931K, committed 2944K, reserved 1048576K
}
Event: 3.273 GC heap before
{Heap before GC invocations=16 (full 0):
 garbage-first heap   total 75776K, used 56863K [0x0000000722600000, 0x0000000800000000)
  region size 2048K, 3 young (6144K), 1 survivors (2048K)
 Metaspace       used 23963K, capacity 24224K, committed 24448K, reserved 1071104K
  class space    used 2835K, capacity 2931K, committed 2944K, reserved 1048576K
}
Event: 3.275 GC heap after
{Heap after GC invocations=17 (full 0):
 garbage-first heap   total 75776K, used 57079K [0x0000000722600000, 0x0000000800000000)
  region size 2048K, 1 young (2048K), 1 survivors (2048K)
 Metaspace       used 23963K, capacity 24224K, committed 24448K, reserved 1071104K
  class space    used 2835K, capacity 2931K, committed 2944K, reserved 1048576K
}
Event: 3.276 GC heap before
{Heap before GC invocations=17 (full 0):
 garbage-first heap   total 75776K, used 61175K [0x0000000722600000, 0x0000000800000000)
  region size 2048K, 3 young (6144K), 1 survivors (2048K)
 Metaspace       used 23963K, capacity 24224K, committed 24448K, reserved 1071104K
  class space    used 2835K, capacity 2931K, committed 2944K, reserved 1048576K
}
Event: 3.278 GC heap after
{Heap after GC invocations=18 (full 0):
 garbage-first heap   total 92160K, used 61318K [0x0000000722600000, 0x0000000800000000)
  region size 2048K, 1 young (2048K), 1 survivors (2048K)
 Metaspace       used 23963K, capacity 24224K, committed 24448K, reserved 1071104K
  class space    used 2835K, capacity 2931K, committed 2944K, reserved 1048576K
}
Event: 3.279 GC heap before
{Heap before GC invocations=18 (full 0):
 garbage-first heap   total 92160K, used 65414K [0x0000000722600000, 0x0000000800000000)
  region size 2048K, 3 young (6144K), 1 survivors (2048K)
 Metaspace       used 23963K, capacity 24224K, committed 24448K, reserved 1071104K
  class space    used 2835K, capacity 2931K, committed 2944K, reserved 1048576K
}
Event: 3.281 GC heap after
{Heap after GC invocations=19 (full 0):
 garbage-first heap   total 92160K, used 65823K [0x0000000722600000, 0x0000000800000000)
  region size 2048K, 1 young (2048K), 1 survivors (2048K)
 Metaspace       used 23963K, capacity 24224K, committed 24448K, reserved 1071104K
  class space    used 2835K, capacity 2931K, committed 2944K, reserved 1048576K
}
Event: 3.282 GC heap before
{Heap before GC invocations=19 (full 0):
 garbage-first heap   total 92160K, used 69919K [0x0000000722600000, 0x0000000800000000)
  region size 2048K, 3 young (6144K), 1 survivors (2048K)
 Metaspace       used 23963K, capacity 24224K, committed 24448K, reserved 1071104K
  class space    used 2835K, capacity 2931K, committed 2944K, reserved 1048576K
}
Event: 3.284 GC heap after
{Heap after GC invocations=20 (full 0):
 garbage-first heap   total 92160K, used 70140K [0x0000000722600000, 0x0000000800000000)
  region size 2048K, 1 young (2048K), 1 survivors (2048K)
 Metaspace       used 23963K, capacity 24224K, committed 24448K, reserved 1071104K
  class space    used 2835K, capacity 2931K, committed 2944K, reserved 1048576K
}
Event: 3.594 GC heap before
{Heap before GC invocations=21 (full 0):
 garbage-first heap   total 92160K, used 51708K [0x0000000722600000, 0x0000000800000000)
  region size 2048K, 3 young (6144K), 1 survivors (2048K)
 Metaspace       used 23963K, capacity 24224K, committed 24448K, reserved 1071104K
  class space    used 2835K, capacity 2931K, committed 2944K, reserved 1048576K
}
Event: 3.596 GC heap after
{Heap after GC invocations=22 (full 0):
 garbage-first heap   total 92160K, used 51811K [0x0000000722600000, 0x0000000800000000)
  region size 2048K, 1 young (2048K), 1 survivors (2048K)
 Metaspace       used 23963K, capacity 24224K, committed 24448K, reserved 1071104K
  class space    used 2835K, capacity 2931K, committed 2944K, reserved 1048576K
}
Event: 3.707 GC heap before
{Heap before GC invocations=22 (full 0):
 garbage-first heap   total 92160K, used 53859K [0x0000000722600000, 0x0000000800000000)
  region size 2048K, 3 young (6144K), 1 survivors (2048K)
 Metaspace       used 24285K, capacity 24544K, committed 24704K, reserved 1071104K
  class space    used 2846K, capacity 2931K, committed 2944K, reserved 1048576K
}
Event: 3.709 GC heap after
{Heap after GC invocations=23 (full 0):
 garbage-first heap   total 116736K, used 42178K [0x0000000722600000, 0x0000000800000000)
  region size 2048K, 1 young (2048K), 1 survivors (2048K)
 Metaspace       used 24285K, capacity 24544K, committed 24704K, reserved 1071104K
  class space    used 2846K, capacity 2931K, committed 2944K, reserved 1048576K
}

Deoptimization events (20 events):
Event: 3.253 Thread 0x0000029a81a9fba0 Uncommon trap: trap_request=0xffffff45 fr.pc=0x0000029aedaa9adc relative=0x000000000000135c
Event: 3.253 Thread 0x0000029a81a9fba0 Uncommon trap: reason=unstable_if action=reinterpret pc=0x0000029aedaa9adc method=jogamp.opengl.util.jpeg.JPEGDecoder.getPixel(Ljogamp/opengl/util/jpeg/JPEGDecoder$ColorSink;II)V @ 466 c2
Event: 3.253 Thread 0x0000029a81a9fba0 DEOPT PACKING pc=0x0000029aedaa9adc sp=0x000000e0f23fe220
Event: 3.253 Thread 0x0000029a81a9fba0 DEOPT UNPACKING pc=0x0000029ae5e7e42f sp=0x000000e0f23fe190 mode 2
Event: 3.296 Thread 0x0000029a81a9fba0 DEOPT PACKING pc=0x0000029ae6939384 sp=0x000000e0f23fe000
Event: 3.296 Thread 0x0000029a81a9fba0 DEOPT UNPACKING pc=0x0000029ae5e7e23f sp=0x000000e0f23fd548 mode 0
Event: 3.570 Thread 0x0000029a81a9fba0 Uncommon trap: trap_request=0xffffff45 fr.pc=0x0000029aeda9bee8 relative=0x0000000000000788
Event: 3.570 Thread 0x0000029a81a9fba0 Uncommon trap: reason=unstable_if action=reinterpret pc=0x0000029aeda9bee8 method=jogamp.opengl.util.jpeg.JPEGDecoder$Decoder.decodeScan(Ljogamp/opengl/util/jpeg/JPEGDecoder$Frame;Ljava/util/ArrayList;IIIII)I @ 370 c2
Event: 3.570 Thread 0x0000029a81a9fba0 DEOPT PACKING pc=0x0000029aeda9bee8 sp=0x000000e0f23fe080
Event: 3.570 Thread 0x0000029a81a9fba0 DEOPT UNPACKING pc=0x0000029ae5e7e42f sp=0x000000e0f23fe048 mode 2
Event: 3.605 Thread 0x0000029a81a9fba0 DEOPT PACKING pc=0x0000029ae69799ea sp=0x000000e0f23fe060
Event: 3.605 Thread 0x0000029a81a9fba0 DEOPT UNPACKING pc=0x0000029ae5e7e23f sp=0x000000e0f23fd590 mode 0
Event: 3.613 Thread 0x0000029a81a9fba0 DEOPT PACKING pc=0x0000029ae69799ea sp=0x000000e0f23fe060
Event: 3.613 Thread 0x0000029a81a9fba0 DEOPT UNPACKING pc=0x0000029ae5e7e23f sp=0x000000e0f23fd590 mode 0
Event: 3.646 Thread 0x0000029a81a9fba0 DEOPT PACKING pc=0x0000029ae69654c9 sp=0x000000e0f23fe040
Event: 3.646 Thread 0x0000029a81a9fba0 DEOPT UNPACKING pc=0x0000029ae5e7e23f sp=0x000000e0f23fd680 mode 0
Event: 3.792 Thread 0x0000029a8c07cad0 Uncommon trap: trap_request=0xffffff45 fr.pc=0x0000029aeda6c90c relative=0x000000000000020c
Event: 3.792 Thread 0x0000029a8c07cad0 Uncommon trap: reason=unstable_if action=reinterpret pc=0x0000029aeda6c90c method=com.jogamp.opengl.awt.GLCanvas.display()V @ 4 c2
Event: 3.792 Thread 0x0000029a8c07cad0 DEOPT PACKING pc=0x0000029aeda6c90c sp=0x000000e0f33ff390
Event: 3.792 Thread 0x0000029a8c07cad0 DEOPT UNPACKING pc=0x0000029ae5e7e42f sp=0x000000e0f33ff2c8 mode 2

Classes unloaded (0 events):
No events

Classes redefined (0 events):
No events

Internal exceptions (20 events):
Event: 0.229 Thread 0x0000029a81a9fba0 Exception <a 'java/lang/NoSuchMethodError'{0x000000072fc5ac30}: 'java.lang.Object java.lang.invoke.DirectMethodHandle$Holder.newInvokeSpecial(java.lang.Object, java.lang.Object, java.lang.Object, java.lang.Object, java.lang.Object)'> (0x000000072fc5ac30) 
thrown [./open/src/hotspot/share/interpreter/linkResolver.cpp, line 782]
Event: 0.230 Thread 0x0000029a81a9fba0 Exception <a 'java/lang/NoSuchMethodError'{0x000000072fc666c0}: 'java.lang.Object java.lang.invoke.DirectMethodHandle$Holder.invokeStatic(java.lang.Object, int, java.lang.Object, java.lang.Object, java.lang.Object, java.lang.Object)'> (0x000000072fc666c0) 
thrown [./open/src/hotspot/share/interpreter/linkResolver.cpp, line 782]
Event: 0.233 Thread 0x0000029a81a9fba0 Exception <a 'java/lang/NoSuchMethodError'{0x000000072fc8cbb8}: 'java.lang.Object java.lang.invoke.DirectMethodHandle$Holder.invokeStatic(java.lang.Object, int, java.lang.Object)'> (0x000000072fc8cbb8) 
thrown [./open/src/hotspot/share/interpreter/linkResolver.cpp, line 782]
Event: 0.255 Thread 0x0000029a81a9fba0 Exception <a 'java/lang/ClassNotFoundException'{0x000000072fd477f0}: com/sun/swing/internal/plaf/metal/resources/spi/metalProvider> (0x000000072fd477f0) 
thrown [./open/src/hotspot/share/classfile/systemDictionary.cpp, line 295]
Event: 0.256 Thread 0x0000029a81a9fba0 Exception <a 'java/lang/ClassNotFoundException'{0x000000072fd4ba00}: com/sun/swing/internal/plaf/basic/resources/spi/basicProvider> (0x000000072fd4ba00) 
thrown [./open/src/hotspot/share/classfile/systemDictionary.cpp, line 295]
Event: 0.291 Thread 0x0000029a81a9fba0 Implicit null exception at 0x0000029aed9fae74 to 0x0000029aed9fb458
Event: 0.366 Thread 0x0000029a81a9fba0 Exception <a 'java/lang/NoSuchMethodError'{0x000000072f872ed0}: 'void java.lang.invoke.DirectMethodHandle$Holder.invokeStatic(java.lang.Object, java.lang.Object)'> (0x000000072f872ed0) 
thrown [./open/src/hotspot/share/interpreter/linkResolver.cpp, line 782]
Event: 0.367 Thread 0x0000029a81a9fba0 Exception <a 'java/lang/NoSuchMethodError'{0x000000072f8768d8}: 'void java.lang.invoke.DirectMethodHandle$Holder.invokeStaticInit(java.lang.Object, java.lang.Object)'> (0x000000072f8768d8) 
thrown [./open/src/hotspot/share/interpreter/linkResolver.cpp, line 782]
Event: 0.373 Thread 0x0000029a81a9fba0 Exception <a 'java/lang/NoSuchMethodError'{0x000000072f8a3858}: 'java.lang.Object java.lang.invoke.DirectMethodHandle$Holder.invokeStaticInit(java.lang.Object, int, int, int, int)'> (0x000000072f8a3858) 
thrown [./open/src/hotspot/share/interpreter/linkResolver.cpp, line 782]
Event: 0.411 Thread 0x0000029a81a9fba0 Exception <a 'java/lang/NoSuchMethodError'{0x000000072f96ead8}: 'java.lang.Object java.lang.invoke.DirectMethodHandle$Holder.invokeStaticInit(java.lang.Object, java.lang.Object, int, int, int, int)'> (0x000000072f96ead8) 
thrown [./open/src/hotspot/share/interpreter/linkResolver.cpp, line 782]
Event: 0.437 Thread 0x0000029a81a9fba0 Exception <a 'java/lang/NoSuchMethodError'{0x000000072f97f018}: 'void java.lang.invoke.DirectMethodHandle$Holder.invokeStatic(java.lang.Object, long)'> (0x000000072f97f018) 
thrown [./open/src/hotspot/share/interpreter/linkResolver.cpp, line 782]
Event: 0.438 Thread 0x0000029a81a9fba0 Exception <a 'java/lang/NoSuchMethodError'{0x000000072f9848f0}: 'java.lang.Object java.lang.invoke.DirectMethodHandle$Holder.newInvokeSpecial(java.lang.Object, long)'> (0x000000072f9848f0) 
thrown [./open/src/hotspot/share/interpreter/linkResolver.cpp, line 782]
Event: 0.440 Thread 0x0000029a81a9fba0 Exception <a 'java/lang/NoSuchMethodError'{0x000000072f98f418}: 'java.lang.Object java.lang.invoke.DirectMethodHandle$Holder.invokeStaticInit(java.lang.Object, java.lang.Object, long, java.lang.Object)'> (0x000000072f98f418) 
thrown [./open/src/hotspot/share/interpreter/linkResolver.cpp, line 782]
Event: 0.441 Thread 0x0000029a81a9fba0 Exception <a 'java/lang/NoSuchMethodError'{0x000000072f995e40}: 'java.lang.Object java.lang.invoke.DirectMethodHandle$Holder.newInvokeSpecial(java.lang.Object, java.lang.Object, long)'> (0x000000072f995e40) 
thrown [./open/src/hotspot/share/interpreter/linkResolver.cpp, line 782]
Event: 0.442 Thread 0x0000029a81a9fba0 Exception <a 'java/lang/NoSuchMethodError'{0x000000072f999bb0}: 'java.lang.Object java.lang.invoke.Invokers$Holder.linkToTargetMethod(java.lang.Object, long, java.lang.Object)'> (0x000000072f999bb0) 
thrown [./open/src/hotspot/share/interpreter/linkResolver.cpp, line 782]
Event: 1.747 Thread 0x0000029a81a9fba0 Implicit null exception at 0x0000029aeda1d82b to 0x0000029aeda1daa8
Event: 1.789 Thread 0x0000029a81a9fba0 Exception <a 'java/lang/NoSuchMethodError'{0x000000072f68e5a0}: 'void java.lang.invoke.DirectMethodHandle$Holder.invokeStaticInit(java.lang.Object)'> (0x000000072f68e5a0) 
thrown [./open/src/hotspot/share/interpreter/linkResolver.cpp, line 782]
Event: 1.812 Thread 0x0000029a8a0362b0 Exception <a 'java/lang/NoSuchMethodError'{0x000000072f7e58e0}: 'java.lang.Object java.lang.invoke.DirectMethodHandle$Holder.newInvokeSpecial(java.lang.Object, java.lang.Object, java.lang.Object, int, int, int, int, int)'> (0x000000072f7e58e0) 
thrown [./open/src/hotspot/share/interpreter/linkResolver.cpp, line 782]
Event: 1.858 Thread 0x0000029a81a9fba0 Exception <a 'java/lang/NoSuchMethodError'{0x000000072f583e18}: 'java.lang.Object java.lang.invoke.DirectMethodHandle$Holder.invokeInterface(java.lang.Object, java.lang.Object)'> (0x000000072f583e18) 
thrown [./open/src/hotspot/share/interpreter/linkResolver.cpp, line 782]
Event: 3.771 Thread 0x0000029a81a9fba0 Exception <a 'java/lang/NoSuchMethodError'{0x00000007fffa96e8}: 'double java.lang.invoke.DirectMethodHandle$Holder.invokeStatic(java.lang.Object, java.lang.Object)'> (0x00000007fffa96e8) 
thrown [./open/src/hotspot/share/interpreter/linkResolver.cpp, line 782]

Events (20 events):
Event: 3.774 loading class java/util/function/DoubleConsumer done
Event: 3.774 loading class java/util/stream/Sink$OfDouble done
Event: 3.774 loading class java/util/stream/Node$Builder$OfDouble done
Event: 3.774 loading class java/util/stream/Nodes$DoubleArrayNode
Event: 3.774 loading class java/util/stream/Nodes$DoubleArrayNode done
Event: 3.774 loading class java/util/stream/Nodes$DoubleFixedNodeBuilder done
Event: 3.774 loading class java/util/stream/ReferencePipeline$6$1
Event: 3.774 loading class java/util/stream/ReferencePipeline$6$1 done
Event: 3.816 loading class java/util/function/ToIntFunction
Event: 3.816 loading class java/util/function/ToIntFunction done
Event: 3.816 loading class java/util/stream/ReferencePipeline$4
Event: 3.816 loading class java/util/stream/ReferencePipeline$4 done
Event: 3.817 loading class java/util/stream/Nodes$IntFixedNodeBuilder
Event: 3.817 loading class java/util/stream/Node$Builder$OfInt
Event: 3.817 loading class java/util/stream/Node$Builder$OfInt done
Event: 3.817 loading class java/util/stream/Nodes$IntArrayNode
Event: 3.817 loading class java/util/stream/Nodes$IntArrayNode done
Event: 3.817 loading class java/util/stream/Nodes$IntFixedNodeBuilder done
Event: 3.817 loading class java/util/stream/ReferencePipeline$4$1
Event: 3.817 loading class java/util/stream/ReferencePipeline$4$1 done


Dynamic libraries:
0x00007ff64a7b0000 - 0x00007ff64a7bf000 	C:\Program Files\Java\jdk-15.0.2\bin\java.exe
0x00007ff9941f0000 - 0x00007ff994407000 	C:\WINDOWS\SYSTEM32\ntdll.dll
0x00007ff993600000 - 0x00007ff9936c4000 	C:\WINDOWS\System32\KERNEL32.DLL
0x00007ff9919b0000 - 0x00007ff991d69000 	C:\WINDOWS\System32\KERNELBASE.dll
0x00007ff991df0000 - 0x00007ff991f01000 	C:\WINDOWS\System32\ucrtbase.dll
0x00007ff9723d0000 - 0x00007ff9723e9000 	C:\Program Files\Java\jdk-15.0.2\bin\VCRUNTIME140.dll
0x00007ff9723b0000 - 0x00007ff9723c8000 	C:\Program Files\Java\jdk-15.0.2\bin\jli.dll
0x00007ff993080000 - 0x00007ff993132000 	C:\WINDOWS\System32\ADVAPI32.dll
0x00007ff993550000 - 0x00007ff9935f7000 	C:\WINDOWS\System32\msvcrt.dll
0x00007ff9922d0000 - 0x00007ff992377000 	C:\WINDOWS\System32\sechost.dll
0x00007ff991980000 - 0x00007ff9919a8000 	C:\WINDOWS\System32\bcrypt.dll
0x00007ff992f50000 - 0x00007ff993064000 	C:\WINDOWS\System32\RPCRT4.dll
0x00007ff9920c0000 - 0x00007ff99226e000 	C:\WINDOWS\System32\USER32.dll
0x00007ff9918e0000 - 0x00007ff991906000 	C:\WINDOWS\System32\win32u.dll
0x00007ff993900000 - 0x00007ff993929000 	C:\WINDOWS\System32\GDI32.dll
0x00007ff991720000 - 0x00007ff99183b000 	C:\WINDOWS\System32\gdi32full.dll
0x00007ff9909b0000 - 0x00007ff990c42000 	C:\WINDOWS\WinSxS\amd64_microsoft.windows.common-controls_6595b64144ccf1df_6.0.22621.4391_none_2715d37f73803e96\COMCTL32.dll
0x00007ff991840000 - 0x00007ff9918da000 	C:\WINDOWS\System32\msvcp_win.dll
0x00007ff98cf80000 - 0x00007ff98cf8a000 	C:\WINDOWS\SYSTEM32\VERSION.dll
0x00007ff992430000 - 0x00007ff992461000 	C:\WINDOWS\System32\IMM32.DLL
0x00007ff9865f0000 - 0x00007ff9865fc000 	C:\Program Files\Java\jdk-15.0.2\bin\vcruntime140_1.dll
0x00007ff96e240000 - 0x00007ff96e2d1000 	C:\Program Files\Java\jdk-15.0.2\bin\msvcp140.dll
0x00007ff923ac0000 - 0x00007ff92461e000 	C:\Program Files\Java\jdk-15.0.2\bin\server\jvm.dll
0x00007ff993070000 - 0x00007ff993078000 	C:\WINDOWS\System32\PSAPI.DLL
0x00007ff987a30000 - 0x00007ff987a64000 	C:\WINDOWS\SYSTEM32\WINMM.dll
0x00007ff97c4b0000 - 0x00007ff97c4b9000 	C:\WINDOWS\SYSTEM32\WSOCK32.dll
0x00007ff9936d0000 - 0x00007ff993741000 	C:\WINDOWS\System32\WS2_32.dll
0x00007ff98f5e0000 - 0x00007ff98f5f8000 	C:\WINDOWS\SYSTEM32\kernel.appcore.dll
0x00007ff973da0000 - 0x00007ff973daa000 	C:\Program Files\Java\jdk-15.0.2\bin\jimage.dll
0x00007ff990d60000 - 0x00007ff990f92000 	C:\WINDOWS\SYSTEM32\DBGHELP.DLL
0x00007ff992470000 - 0x00007ff9927ff000 	C:\WINDOWS\System32\combase.dll
0x00007ff993140000 - 0x00007ff993217000 	C:\WINDOWS\System32\OLEAUT32.dll
0x00007ff990c50000 - 0x00007ff990c82000 	C:\WINDOWS\SYSTEM32\dbgcore.DLL
0x00007ff991d70000 - 0x00007ff991deb000 	C:\WINDOWS\System32\bcryptPrimitives.dll
0x00007ff972380000 - 0x00007ff9723a5000 	C:\Program Files\Java\jdk-15.0.2\bin\java.dll
0x00007ff993930000 - 0x00007ff9941a6000 	C:\WINDOWS\System32\SHELL32.dll
0x00007ff98e4c0000 - 0x00007ff98edc3000 	C:\WINDOWS\SYSTEM32\windows.storage.dll
0x00007ff98e380000 - 0x00007ff98e4bf000 	C:\WINDOWS\SYSTEM32\wintypes.dll
0x00007ff992c90000 - 0x00007ff992d89000 	C:\WINDOWS\System32\SHCORE.dll
0x00007ff993390000 - 0x00007ff9933ee000 	C:\WINDOWS\System32\shlwapi.dll
0x00007ff991420000 - 0x00007ff99144b000 	C:\WINDOWS\SYSTEM32\profapi.dll
0x00007ff972300000 - 0x00007ff972319000 	C:\Program Files\Java\jdk-15.0.2\bin\net.dll
0x00007ff98c470000 - 0x00007ff98c5a6000 	C:\WINDOWS\SYSTEM32\WINHTTP.dll
0x00007ff98fa30000 - 0x00007ff98fa99000 	C:\WINDOWS\system32\mswsock.dll
0x00007ff972190000 - 0x00007ff9721a2000 	C:\Program Files\Java\jdk-15.0.2\bin\nio.dll
0x00007ff972170000 - 0x00007ff972188000 	C:\Program Files\Java\jdk-15.0.2\bin\zip.dll
0x00007ff955240000 - 0x00007ff9553c0000 	C:\Program Files\Java\jdk-15.0.2\bin\awt.dll
0x00007ff98c230000 - 0x00007ff98c2c7000 	C:\WINDOWS\SYSTEM32\apphelp.dll
0x00007ff98cc40000 - 0x00007ff98ccf1000 	C:\WINDOWS\system32\uxtheme.dll
0x00007ff9933f0000 - 0x00007ff993550000 	C:\WINDOWS\System32\MSCTF.dll
0x00007ff991f10000 - 0x00007ff9920b5000 	C:\WINDOWS\System32\ole32.dll
0x00007ff98d090000 - 0x00007ff98d0bb000 	C:\WINDOWS\system32\DWMAPI.DLL
0x00007ff973d60000 - 0x00007ff973d70000 	C:\Program Files\Java\jdk-15.0.2\bin\verify.dll
0x00007ff9910a0000 - 0x00007ff9910bb000 	C:\WINDOWS\SYSTEM32\CRYPTSP.dll
0x00007ff98f540000 - 0x00007ff98f575000 	C:\WINDOWS\system32\rsaenh.dll
0x00007ff98fb40000 - 0x00007ff98fb68000 	C:\WINDOWS\SYSTEM32\USERENV.dll
0x00007ff990520000 - 0x00007ff99052c000 	C:\WINDOWS\SYSTEM32\CRYPTBASE.dll
0x00007ff98f030000 - 0x00007ff98f05d000 	C:\WINDOWS\SYSTEM32\IPHLPAPI.DLL
0x00007ff992420000 - 0x00007ff992429000 	C:\WINDOWS\System32\NSI.dll
0x00007ff98c430000 - 0x00007ff98c449000 	C:\WINDOWS\SYSTEM32\dhcpcsvc6.DLL
0x00007ff98c410000 - 0x00007ff98c42f000 	C:\WINDOWS\SYSTEM32\dhcpcsvc.DLL
0x00007ff98f0f0000 - 0x00007ff98f1f2000 	C:\WINDOWS\SYSTEM32\DNSAPI.dll
0x00007ff972150000 - 0x00007ff972163000 	C:\Users\diego\AppData\Local\Temp\jogamp_0000\file_cache\jln15510496744292488517\jln4461628937797083057\natives\windows-amd64\gluegen_rt.dll
0x00007ff9722f0000 - 0x00007ff9722f7000 	C:\Program Files\Java\jdk-15.0.2\bin\jawt.dll
0x00007ff9722c0000 - 0x00007ff9722cd000 	C:\Users\diego\AppData\Local\Temp\jogamp_0000\file_cache\jln15510496744292488517\jln4461628937797083057\natives\windows-amd64\nativewindow_awt.dll
0x00007ff9860b0000 - 0x00007ff9861b0000 	C:\WINDOWS\system32\opengl32.dll
0x00007ff98ae70000 - 0x00007ff98ae9d000 	C:\WINDOWS\SYSTEM32\GLU32.dll
0x00007ff98d450000 - 0x00007ff98d487000 	C:\WINDOWS\SYSTEM32\dxcore.dll
0x00007ff9542c0000 - 0x00007ff954468000 	C:\WINDOWS\system32\d3d9.dll
0x00007ff987a70000 - 0x00007ff987c2b000 	C:\WINDOWS\System32\DriverStore\FileRepository\u0404276.inf_amd64_b6ae906c9d4ab767\B403905\aticfx64.dll
0x00007ff9720a0000 - 0x00007ff9720d4000 	C:\WINDOWS\System32\DriverStore\FileRepository\u0404276.inf_amd64_b6ae906c9d4ab767\B403905\atiu9p64.dll
0x00007ff922d70000 - 0x00007ff923ab7000 	C:\WINDOWS\System32\DriverStore\FileRepository\u0404276.inf_amd64_b6ae906c9d4ab767\B403905\atiumd64.dll
0x0000000068400000 - 0x0000000069313000 	C:\WINDOWS\System32\DriverStore\FileRepository\u0404276.inf_amd64_b6ae906c9d4ab767\B403905\atiumd6a.dll
0x00007ff992800000 - 0x00007ff992c74000 	C:\WINDOWS\System32\SETUPAPI.dll
0x00007ff991210000 - 0x00007ff99125d000 	C:\WINDOWS\SYSTEM32\POWRPROF.dll
0x00007ff9911f0000 - 0x00007ff991203000 	C:\WINDOWS\SYSTEM32\UMPDC.dll
0x00007ff987770000 - 0x00007ff9877a5000 	C:\WINDOWS\SYSTEM32\amdihk64.dll
0x00007ff98a3e0000 - 0x00007ff98a429000 	C:\WINDOWS\SYSTEM32\directxdatabasehelper.dll
0x00007ff972080000 - 0x00007ff972095000 	C:\Users\diego\AppData\Local\Temp\jogamp_0000\file_cache\jln15510496744292488517\jln4461628937797083057\natives\windows-amd64\nativewindow_win32.dll
0x00007ff96b080000 - 0x00007ff96b103000 	C:\Users\diego\AppData\Local\Temp\jogamp_0000\file_cache\jln15510496744292488517\jln4461628937797083057\natives\windows-amd64\jogl_desktop.dll
0x00007ff96b020000 - 0x00007ff96b072000 	C:\Users\diego\AppData\Local\Temp\jogamp_0000\file_cache\jln15510496744292488517\jln4461628937797083057\natives\windows-amd64\jogl_mobile.dll
0x00007ff993850000 - 0x00007ff993900000 	C:\WINDOWS\System32\clbcatq.dll
0x00007ff989d70000 - 0x00007ff989eb4000 	C:\Windows\System32\AppXDeploymentClient.dll
0x00007ff971320000 - 0x00007ff97134e000 	C:\WINDOWS\System32\DriverStore\FileRepository\u0404276.inf_amd64_b6ae906c9d4ab767\B403905\atig6pxx.dll
0x00007ff8fea30000 - 0x00007ff902f0f000 	C:\WINDOWS\System32\DriverStore\FileRepository\u0404276.inf_amd64_b6ae906c9d4ab767\B403905\atio6axx.dll
0x00007ff991130000 - 0x00007ff99115c000 	C:\WINDOWS\SYSTEM32\DEVOBJ.dll
0x00007ff991160000 - 0x00007ff9911ae000 	C:\WINDOWS\SYSTEM32\cfgmgr32.dll
0x00007ff991910000 - 0x00007ff99197c000 	C:\WINDOWS\System32\WINTRUST.dll
0x00007ff9914f0000 - 0x00007ff991656000 	C:\WINDOWS\System32\CRYPT32.dll
0x00007ff990530000 - 0x00007ff990542000 	C:\WINDOWS\SYSTEM32\MSASN1.dll
0x00007ff968440000 - 0x00007ff9684c5000 	C:\Program Files\Java\jdk-15.0.2\bin\freetype.dll
0x00007ff965180000 - 0x00007ff965229000 	C:\Program Files\Java\jdk-15.0.2\bin\fontmanager.dll
0x00007ff987560000 - 0x00007ff9876a5000 	C:\WINDOWS\SYSTEM32\textinputframework.dll
0x00007ff98bdd0000 - 0x00007ff98bf03000 	C:\WINDOWS\SYSTEM32\CoreMessaging.dll
0x00007ff9899d0000 - 0x00007ff989d3d000 	C:\WINDOWS\SYSTEM32\CoreUIComponents.dll

dbghelp: loaded successfully - version: 4.0.5 - missing functions: none
symbol engine: initialized successfully - sym options: 0x614 - pdb path: .;C:\Program Files\Java\jdk-15.0.2\bin;C:\WINDOWS\SYSTEM32;C:\WINDOWS\WinSxS\amd64_microsoft.windows.common-controls_6595b64144ccf1df_6.0.22621.4391_none_2715d37f73803e96;C:\Program Files\Java\jdk-15.0.2\bin\server;C:\Users\diego\AppData\Local\Temp\jogamp_0000\file_cache\jln15510496744292488517\jln4461628937797083057\natives\windows-amd64;C:\WINDOWS\System32\DriverStore\FileRepository\u0404276.inf_amd64_b6ae906c9d4ab767\B403905

VM Arguments:
jvm_args: -Dfile.encoding=UTF-8 
java_command: mampos.Mampos
java_class_path (initial): C:\Users\diego\OneDrive\Escritorio\Drive\Book\Book\gson-2.11.0.jar;C:\Users\diego\OneDrive\Escritorio\Drive\Book\Book\JOGL\JOML\joml-1.10.7.jar;C:\Users\diego\OneDrive\Escritorio\Drive\Book\Book\JOGL\jogamp-all-platforms\jar\gluegen-rt.jar;C:\Users\diego\OneDrive\Escritorio\Drive\Book\Book\JOGL\jogamp-all-platforms\jar\jogl-all.jar;C:\Program Files\NetBeans-23\netbeans\java\modules\ext\AbsoluteLayout.jar;C:\Users\diego\OneDrive\Escritorio\Drive\Book\Book\UJMP\ujmp-complete-0.3.0.jar;C:\Users\diego\OneDrive\Escritorio\Drive\Book\Book\pdf4j-icepdf-core-6.1.1.jar;C:\Users\diego\OneDrive\Escritorio\Drive\Book\Book\pdf4j-icepdf-viewer-6.1.1.jar;C:\Users\diego\OneDrive\Escritorio\Drive\LWJGL 3.3.4\lwjgl-natives-windows.jar;C:\Users\diego\OneDrive\Escritorio\Drive\LWJGL 3.3.4\lwjgl-opengl-natives-windows.jar;C:\Users\diego\OneDrive\Escritorio\Drive\LWJGL 3.3.4\lwjgl-opengl.jar;C:\Users\diego\OneDrive\Escritorio\tesisEstructural\df_1.1.3p1\dock\bin\docking-frames-common.jar;C:\Users\diego\OneDrive\Escritorio\tesisEstructural\df_1.1.3p1\dock\bin\docking-frames-core.jar;C:\Users\diego\OneDrive\Escritorio\tesisEstructural\sqlite-jdbc-3.46.1.3.jar;C:\Users\diego\OneDrive\Escritorio\Drive\LWJGL 3.3.4\lwjgl.jar;C:\Users\diego\OneDrive\Escritorio\tesisEstructural\Mampos\build\classes
Launcher Type: SUN_STANDARD

[Global flags]
     intx CICompilerCount                          = 12                                        {product} {ergonomic}
     uint ConcGCThreads                            = 3                                         {product} {ergonomic}
     uint G1ConcRefinementThreads                  = 13                                        {product} {ergonomic}
   size_t G1HeapRegionSize                         = 2097152                                   {product} {ergonomic}
    uintx GCDrainStackTargetSize                   = 64                                        {product} {ergonomic}
   size_t InitialHeapSize                          = 232783872                                 {product} {ergonomic}
   size_t MarkStackSize                            = 4194304                                   {product} {ergonomic}
   size_t MaxHeapSize                              = 3718250496                                {product} {ergonomic}
   size_t MaxNewSize                               = 2229272576                                {product} {ergonomic}
   size_t MinHeapDeltaBytes                        = 2097152                                   {product} {ergonomic}
   size_t MinHeapSize                              = 8388608                                   {product} {ergonomic}
    uintx NonNMethodCodeHeapSize                   = 7602480                                {pd product} {ergonomic}
    uintx NonProfiledCodeHeapSize                  = 122027880                              {pd product} {ergonomic}
    uintx ProfiledCodeHeapSize                     = 122027880                              {pd product} {ergonomic}
    uintx ReservedCodeCacheSize                    = 251658240                              {pd product} {ergonomic}
     bool SegmentedCodeCache                       = true                                      {product} {ergonomic}
   size_t SoftMaxHeapSize                          = 3718250496                             {manageable} {ergonomic}
     bool UseCompressedClassPointers               = true                                 {lp64_product} {ergonomic}
     bool UseCompressedOops                        = true                                 {lp64_product} {ergonomic}
     bool UseG1GC                                  = true                                      {product} {ergonomic}
     bool UseLargePagesIndividualAllocation        = false                                  {pd product} {ergonomic}

Logging:
Log output configuration:
 #0: stdout all=warning uptime,level,tags
 #1: stderr all=off uptime,level,tags

Environment Variables:
JAVA_HOME=C:\Program Files\Java\jdk-15.0.2
PATH=C:\ffmpeg\bin;C:\Program Files\Common Files\Oracle\Java\javapath;C:\Program Files (x86)\Common Files\Oracle\Java\java8path;C:\Program Files (x86)\Common Files\Oracle\Java\javapath;C:\Program Files (x86)\Common Files\Intel\Shared Libraries\redist\intel64_win\compiler;C:\WINDOWS\system32;C:\WINDOWS;C:\WINDOWS\System32\Wbem;C:\WINDOWS\System32\WindowsPowerShell\v1.0\;C:\WINDOWS\System32\OpenSSH\;C:\Program Files\dotnet\;C:\Program Files\Common Files\Autodesk Shared\;C:\Program Files\Git\cmd;C:\Program Files\Azure Data Studio\bin;C:\Program Files\Microsoft SQL Server\Client SDK\ODBC\170\Tools\Binn\;C:\Program Files\Microsoft SQL Server\Client SDK\ODBC\110\Tools\Binn\;C:\Program Files (x86)\Microsoft SQL Server\120\Tools\Binn\ManagementStudio\;C:\Program Files (x86)\Microsoft SQL Server\120\Tools\Binn\;C:\Program Files\Microsoft SQL Server\120\Tools\Binn\;C:\Program Files (x86)\Microsoft SQL Server\120\DTS\Binn\;C:\Program Files\Microsoft SQL Server\120\DTS\Binn\;C:\Program Files (x86)\Microsoft SQL Server\160\Too;C:\Program Files\Microsoft SQL Server\160\DTS\Binn\;C:\Users\diego\AppData\Local\Programs\Python\Python311\Scripts\;C:\Users\diego\AppData\Local\Programs\Python\Python311\;C:\Users\diego\AppData\Local\Microsoft\WindowsApps;C:\Users\diego\AppData\Local\Programs\Microsoft VS Code\bin;C:\Program Files\Azure Data Studio\bin;C:\Users\diego\AppData\Roaming\npm;C:\src\flutter\bin;C:\Users\diego\AppData\Local\Pub\Cache\bin;C:\Program Files\MongoDB\Server\6.0\bin;C:\Users\diego\AppData\Local\GitHubDesktop\bin;C:\Program Files\JetBrains\IntelliJ IDEA 2024.1.4\bin;;C:\sqlite3;C:\Program Files\JetBrains\IntelliJ IDEA Community Edition 2024.2.2\bin;;C:\Users\diego\AppData\Local\Programs\MiKTeX\miktex\bin\x64\
USERNAME=diego
OS=Windows_NT
PROCESSOR_IDENTIFIER=AMD64 Family 23 Model 104 Stepping 1, AuthenticAMD



---------------  S Y S T E M  ---------------

OS:
 Windows 10 , 64 bit Build 22621 (10.0.22621.4391)
OS uptime: 0 days 2:15 hours
HyperV virtualization detected

CPU: total 16 (initial active 16) (16 cores per cpu, 2 threads per core) family 23 model 104 stepping 1 microcode 0x0, cmov, cx8, fxsr, mmx, sse, sse2, sse3, ssse3, sse4.1, sse4.2, popcnt, vzeroupper, avx, avx2, aes, clmul, 3dnowpref, lzcnt, sse4a, ht, tsc, tscinvbit, tscinv, bmi1, bmi2, adx, sha, fma, clflush, clflushopt

Memory: 4k page, system-wide physical 14181M (4128M free)
TotalPageFile size 26181M (AvailPageFile size 14724M)
current process WorkingSet (physical memory assigned to process): 350M, peak: 350M
current process commit charge ("private bytes"): 530M, peak: 530M

vm_info: Java HotSpot(TM) 64-Bit Server VM (15.0.2+7-27) for windows-amd64 JRE (15.0.2+7-27), built on Dec  7 2020 20:07:01 by "mach5one" with unknown MS VC++:1925

END.
