#
# A fatal error has been detected by the Java Runtime Environment:
#
#  EXCEPTION_ACCESS_VIOLATION (0xc0000005) at pc=0x000002a4008ffd40, pid=40376, tid=26456
#
# JRE version: Java(TM) SE Runtime Environment (15.0.2+7) (build 15.0.2+7-27)
# Java VM: Java HotSpot(TM) 64-Bit Server VM (15.0.2+7-27, mixed mode, sharing, tiered, compressed oops, g1 gc, windows-amd64)
# Problematic frame:
# C  0x000002a4008ffd40
#
# No core dump will be written. Minidumps are not enabled by default on client versions of Windows
#
# If you would like to submit a bug report, please visit:
#   https://bugreport.java.com/bugreport/crash.jsp
# The crash happened outside the Java Virtual Machine in native code.
# See problematic frame for where to report the bug.
#

---------------  S U M M A R Y ------------

Command Line: -Dfile.encoding=UTF-8 mampos.Mampos

Host: AMD Ryzen 7 3700X 8-Core Processor             , 16 cores, 31G,  Windows 10 , 64 bit Build 19041 (10.0.19041.4957)
Time: Sat Oct 26 06:55:13 2024 Hora estándar, América Central elapsed time: 3.489895 seconds (0d 0h 0m 3s)

---------------  T H R E A D  ---------------

Current thread (0x000002a4771cbff0):  JavaThread "AWT-EventQueue-0" [_thread_in_native, id=26456, stack(0x000000e1af100000,0x000000e1af200000)]

Stack: [0x000000e1af100000,0x000000e1af200000],  sp=0x000000e1af1fe3b0,  free space=1016k
Native frames: (J=compiled Java code, j=interpreted, Vv=VM code, C=native code)
C  0x000002a4008ffd40

Java frames: (J=compiled Java code, j=interpreted, Vv=VM code)
j  jogamp.opengl.gl4.GL4bcImpl.dispatch_glDrawArrays1(IIIJ)V+0
j  jogamp.opengl.gl4.GL4bcImpl.glDrawArrays(III)V+45
j  components.ControladorDeCotas.dibujarCotas(Lcom/jogamp/opengl/GL4;[III)V+53
j  rendering.ProjectionSpace.display(Lcom/jogamp/opengl/GLAutoDrawable;)V+292
j  jogamp.opengl.GLDrawableHelper.displayImpl(Lcom/jogamp/opengl/GLAutoDrawable;)V+62
j  jogamp.opengl.GLDrawableHelper.display(Lcom/jogamp/opengl/GLAutoDrawable;)V+2
j  com.jogamp.opengl.awt.GLCanvas$10.run()V+118
j  jogamp.opengl.GLDrawableHelper.invokeGLImpl(Lcom/jogamp/opengl/GLDrawable;Lcom/jogamp/opengl/GLContext;Ljava/lang/Runnable;Ljava/lang/Runnable;)V+205
j  jogamp.opengl.GLDrawableHelper.invokeGL(Lcom/jogamp/opengl/GLDrawable;Lcom/jogamp/opengl/GLContext;Ljava/lang/Runnable;Ljava/lang/Runnable;)V+75
j  com.jogamp.opengl.awt.GLCanvas$11.run()V+104
j  java.awt.event.InvocationEvent.dispatch()V+11 java.desktop@15.0.2
j  java.awt.EventQueue.dispatchEventImpl(Ljava/awt/AWTEvent;Ljava/lang/Object;)V+21 java.desktop@15.0.2
j  java.awt.EventQueue$4.run()Ljava/lang/Void;+32 java.desktop@15.0.2
j  java.awt.EventQueue$4.run()Ljava/lang/Object;+1 java.desktop@15.0.2
J 1326 c1 java.security.AccessController.doPrivileged(Ljava/security/PrivilegedAction;Ljava/security/AccessControlContext;)Ljava/lang/Object; java.base@15.0.2 (17 bytes) @ 0x000002a4514ad1e4 [0x000002a4514ad000+0x00000000000001e4]
j  java.security.ProtectionDomain$JavaSecurityAccessImpl.doIntersectionPrivilege(Ljava/security/PrivilegedAction;Ljava/security/AccessControlContext;Ljava/security/AccessControlContext;)Ljava/lang/Object;+18 java.base@15.0.2
j  java.awt.EventQueue.dispatchEvent(Ljava/awt/AWTEvent;)V+46 java.desktop@15.0.2
j  java.awt.EventDispatchThread.pumpOneEventForFilters(I)V+78 java.desktop@15.0.2
j  java.awt.EventDispatchThread.pumpEventsForFilter(ILjava/awt/Conditional;Ljava/awt/EventFilter;)V+35 java.desktop@15.0.2
j  java.awt.EventDispatchThread.pumpEventsForHierarchy(ILjava/awt/Conditional;Ljava/awt/Component;)V+11 java.desktop@15.0.2
j  java.awt.EventDispatchThread.pumpEvents(ILjava/awt/Conditional;)V+4 java.desktop@15.0.2
j  java.awt.EventDispatchThread.pumpEvents(Ljava/awt/Conditional;)V+3 java.desktop@15.0.2
j  java.awt.EventDispatchThread.run()V+9 java.desktop@15.0.2
v  ~StubRoutines::call_stub

siginfo: EXCEPTION_ACCESS_VIOLATION (0xc0000005), reading address 0x0000000000000000


Register to memory mapping:

RIP=0x000002a4008ffd40 points into unknown readable memory: 0x893889046e8b3e8b | 8b 3e 8b 6e 04 89 38 89
RAX=0x000002a47a186280 points into unknown readable memory: 0x00b1c0ce00b3c2d0 | d0 c2 b3 00 ce c0 b1 00
RBX=0x000002a405f60000 points into unknown readable memory: 0x000002a47cfe3f70 | 70 3f fe 7c a4 02 00 00
RCX=0x0 is NULL
RDX=0x0000000000000012 is an unknown value
RSP=0x000000e1af1fe3b0 is pointing into the stack for thread: 0x000002a4771cbff0
RBP=0x0000000000000012 is an unknown value
RSI=0x0 is NULL
RDI=0x0 is NULL
R8 =0x0 is NULL
R9 =0x0000000000000012 is an unknown value
R10=0x00000000062b6280 is an unknown value
R11=0x000000e1af1fc810 is pointing into the stack for thread: 0x000002a4771cbff0
R12=0x0 is NULL
R13=0x000002a47a186280 points into unknown readable memory: 0x00b1c0ce00b3c2d0 | d0 c2 b3 00 ce c0 b1 00
R14=0x000002a400fe9910 points into unknown readable memory: 0x0000000000000400 | 00 04 00 00 00 00 00 00
R15=0x0000000000000001 is an unknown value


Registers:
RAX=0x000002a47a186280, RBX=0x000002a405f60000, RCX=0x0000000000000000, RDX=0x0000000000000012
RSP=0x000000e1af1fe3b0, RBP=0x0000000000000012, RSI=0x0000000000000000, RDI=0x0000000000000000
R8 =0x0000000000000000, R9 =0x0000000000000012, R10=0x00000000062b6280, R11=0x000000e1af1fc810
R12=0x0000000000000000, R13=0x000002a47a186280, R14=0x000002a400fe9910, R15=0x0000000000000001
RIP=0x000002a4008ffd40, EFLAGS=0x0000000000010202

Top of Stack: (sp=0x000000e1af1fe3b0)
0x000000e1af1fe3b0:   0000000000000000 000002a405f60000
0x000000e1af1fe3c0:   0000000000000000 000002a405fac198
0x000000e1af1fe3d0:   0000000000000012 00007fffe353ff75
0x000000e1af1fe3e0:   0000000000000012 000002a405fac198
0x000000e1af1fe3f0:   0000000000000168 0000000000000000
0x000000e1af1fe400:   000002a400da3d70 0000000000000000
0x000000e1af1fe410:   0000000000000000 000002a405f60000
0x000000e1af1fe420:   000002a4016d50f8 0000000000000001
0x000000e1af1fe430:   0000000000000000 0000000000000001
0x000000e1af1fe440:   0000000000000001 000002a400fe9910
0x000000e1af1fe450:   0000000000000012 00007fffe353bd13
0x000000e1af1fe460:   000002a400000000 000002a4016d50f8
0x000000e1af1fe470:   000002a405f60000 0000000000000000
0x000000e1af1fe480:   0000000000000083 00c0000000000000
0x000000e1af1fe490:   0000000000000012 000002a400fe9910
0x000000e1af1fe4a0:   0000000000000000 00007fffe353bf80 

Instructions: (pc=0x000002a4008ffd40)
0x000002a4008ffc40:   00 00 00 00 00 00 00 00 00 00 00 00 00 00 00 00
0x000002a4008ffc50:   00 00 00 00 00 00 00 00 00 00 00 00 00 00 00 00
0x000002a4008ffc60:   00 00 00 00 00 00 00 00 00 00 00 00 00 00 00 00
0x000002a4008ffc70:   00 00 00 00 00 00 00 00 00 00 00 00 00 00 00 00
0x000002a4008ffc80:   00 00 00 00 00 00 00 00 00 00 00 00 00 00 00 00
0x000002a4008ffc90:   00 00 00 00 00 00 00 00 00 00 00 00 00 00 00 00
0x000002a4008ffca0:   00 00 00 00 00 00 00 00 00 00 00 00 00 00 00 00
0x000002a4008ffcb0:   00 00 00 00 00 00 00 00 00 00 00 00 00 00 00 00
0x000002a4008ffcc0:   00 00 00 00 00 00 00 00 00 00 00 00 00 00 00 00
0x000002a4008ffcd0:   00 00 00 00 00 00 00 00 00 00 00 00 00 00 00 00
0x000002a4008ffce0:   00 00 00 00 00 00 00 00 00 00 00 00 00 00 00 00
0x000002a4008ffcf0:   00 00 00 00 00 00 00 00 40 ff ff ff c0 fc 00 00
0x000002a4008ffd00:   48 83 ec 28 48 89 6c 24 20 48 89 5c 24 18 48 89
0x000002a4008ffd10:   74 24 10 48 89 7c 24 08 48 8b d9 48 8b c2 49 8b
0x000002a4008ffd20:   c8 49 8b d1 48 be d8 8d fb 05 a4 02 00 00 48 8b
0x000002a4008ffd30:   36 48 8b b6 08 03 00 00 48 8d 3c 49 48 8d 34 be
0x000002a4008ffd40:   8b 3e 8b 6e 04 89 38 89 68 04 8b 7e 08 89 78 08
0x000002a4008ffd50:   48 be d8 8d fb 05 a4 02 00 00 48 8b 36 48 8b b6
0x000002a4008ffd60:   38 03 00 00 48 8d 34 ce 8b 3e 8b 6e 04 89 78 0c
0x000002a4008ffd70:   89 68 10 48 83 c0 14 ff c1 ff ca 75 a7 48 8b 7c
0x000002a4008ffd80:   24 08 48 8b 74 24 10 48 8b 5c 24 18 48 8b 6c 24
0x000002a4008ffd90:   20 48 83 c4 28 c3 00 00 00 00 00 00 00 00 00 00
0x000002a4008ffda0:   00 00 00 00 00 00 00 00 00 00 00 00 00 00 00 00
0x000002a4008ffdb0:   00 00 00 00 00 00 00 00 80 ff ff ff c0 00 00 00
0x000002a4008ffdc0:   55 48 8b ec 53 56 57 4c 8b da 4c 8b d1 49 8b f2
0x000002a4008ffdd0:   49 8b fb 41 8b e8 85 ed 0f 84 30 00 00 00 b9 03
0x000002a4008ffde0:   00 00 00 0f 8f 05 00 00 00 48 f7 d9 f7 dd 0f b6
0x000002a4008ffdf0:   5e 02 c1 e3 10 0f b7 16 0b da 48 03 f1 48 83 c7
0x000002a4008ffe00:   04 81 e3 ff ff ff 00 ff cd 89 5f fc 75 e0 5f 5e
0x000002a4008ffe10:   5b 5d c3 00 00 00 00 00 00 00 00 00 00 00 00 00
0x000002a4008ffe20:   00 00 00 00 00 00 00 00 00 00 00 00 00 00 00 00
0x000002a4008ffe30:   00 00 00 00 00 00 00 00 c0 ff ff ff 80 00 00 00 


Stack slot to memory mapping:
stack at sp + 0 slots: 0x0 is NULL
stack at sp + 1 slots: 0x000002a405f60000 points into unknown readable memory: 0x000002a47cfe3f70 | 70 3f fe 7c a4 02 00 00
stack at sp + 2 slots: 0x0 is NULL
stack at sp + 3 slots: 0x000002a405fac198 points into unknown readable memory: 0x000002a400fe9910 | 10 99 fe 00 a4 02 00 00
stack at sp + 4 slots: 0x0000000000000012 is an unknown value
stack at sp + 5 slots: 0x00007fffe353ff75 nvoglv64.dll
stack at sp + 6 slots: 0x0000000000000012 is an unknown value
stack at sp + 7 slots: 0x000002a405fac198 points into unknown readable memory: 0x000002a400fe9910 | 10 99 fe 00 a4 02 00 00


---------------  P R O C E S S  ---------------

Threads class SMR info:
_java_thread_list=0x000002a401521680, length=24, elements={
0x000002a4761c05f0, 0x000002a4761c10c0, 0x000002a476b6c0f0, 0x000002a476b6dab0,
0x000002a476b70470, 0x000002a476b72210, 0x000002a476b72cb0, 0x000002a476b7ebb0,
0x000002a476c8a9c0, 0x000002a476c8ffd0, 0x000002a476ca2020, 0x000002a476cade40,
0x000002a4771a0f00, 0x000002a4771a23e0, 0x000002a4771a28b0, 0x000002a4771cbff0,
0x000002a4488c0290, 0x000002a477876610, 0x000002a477876ae0, 0x000002a477876fb0,
0x000002a477877480, 0x000002a477874e00, 0x000002a477877950, 0x000002a4778752d0
}

Java Threads: ( => current thread )
  0x000002a4761c05f0 JavaThread "Reference Handler" daemon [_thread_blocked, id=42504, stack(0x000000e1ae000000,0x000000e1ae100000)]
  0x000002a4761c10c0 JavaThread "Finalizer" daemon [_thread_blocked, id=37548, stack(0x000000e1ae100000,0x000000e1ae200000)]
  0x000002a476b6c0f0 JavaThread "Signal Dispatcher" daemon [_thread_blocked, id=30092, stack(0x000000e1ae200000,0x000000e1ae300000)]
  0x000002a476b6dab0 JavaThread "Attach Listener" daemon [_thread_blocked, id=37936, stack(0x000000e1ae300000,0x000000e1ae400000)]
  0x000002a476b70470 JavaThread "Service Thread" daemon [_thread_blocked, id=32220, stack(0x000000e1ae400000,0x000000e1ae500000)]
  0x000002a476b72210 JavaThread "C2 CompilerThread0" daemon [_thread_blocked, id=8812, stack(0x000000e1ae500000,0x000000e1ae600000)]
  0x000002a476b72cb0 JavaThread "C1 CompilerThread0" daemon [_thread_blocked, id=24532, stack(0x000000e1ae600000,0x000000e1ae700000)]
  0x000002a476b7ebb0 JavaThread "Sweeper thread" daemon [_thread_blocked, id=32200, stack(0x000000e1ae700000,0x000000e1ae800000)]
  0x000002a476c8a9c0 JavaThread "C1 CompilerThread1" daemon [_thread_blocked, id=24492, stack(0x000000e1ae800000,0x000000e1ae900000)]
  0x000002a476c8ffd0 JavaThread "C1 CompilerThread2" daemon [_thread_blocked, id=108, stack(0x000000e1ae900000,0x000000e1aea00000)]
  0x000002a476ca2020 JavaThread "Notification Thread" daemon [_thread_blocked, id=30672, stack(0x000000e1aea00000,0x000000e1aeb00000)]
  0x000002a476cade40 JavaThread "Common-Cleaner" daemon [_thread_blocked, id=25640, stack(0x000000e1aec00000,0x000000e1aed00000)]
  0x000002a4771a0f00 JavaThread "Java2D Disposer" daemon [_thread_blocked, id=41420, stack(0x000000e1aee00000,0x000000e1aef00000)]
  0x000002a4771a23e0 JavaThread "AWT-Shutdown" [_thread_blocked, id=34688, stack(0x000000e1aef00000,0x000000e1af000000)]
  0x000002a4771a28b0 JavaThread "AWT-Windows" daemon [_thread_in_native, id=41672, stack(0x000000e1af000000,0x000000e1af100000)]
=>0x000002a4771cbff0 JavaThread "AWT-EventQueue-0" [_thread_in_native, id=26456, stack(0x000000e1af100000,0x000000e1af200000)]
  0x000002a4488c0290 JavaThread "DestroyJavaVM" [_thread_blocked, id=1172, stack(0x000000e1ad900000,0x000000e1ada00000)]
  0x000002a477876610 JavaThread "AWT-EventQueue-0-SharedResourceRunner" daemon [_thread_blocked, id=38520, stack(0x000000e1aed00000,0x000000e1aee00000)]
  0x000002a477876ae0 JavaThread "AWT-EventQueue-0-AWTAnimator#00" [_thread_blocked, id=16904, stack(0x000000e1b0400000,0x000000e1b0500000)]
  0x000002a477876fb0 JavaThread "AWT-EventQueue-0-AWTAnimator#01" [_thread_blocked, id=42212, stack(0x000000e1b0500000,0x000000e1b0600000)]
  0x000002a477877480 JavaThread "AWT-EventQueue-0-AWTAnimator#02" [_thread_blocked, id=30012, stack(0x000000e1b0600000,0x000000e1b0700000)]
  0x000002a477874e00 JavaThread "Image Fetcher 0" daemon [_thread_blocked, id=26804, stack(0x000000e1b0a00000,0x000000e1b0b00000)]
  0x000002a477877950 JavaThread "TimerQueue" daemon [_thread_blocked, id=23788, stack(0x000000e1b0c00000,0x000000e1b0d00000)]
  0x000002a4778752d0 JavaThread "D3D Screen Updater" daemon [_thread_blocked, id=13996, stack(0x000000e1b0f00000,0x000000e1b1000000)]

Other Threads:
  0x000002a4761bce60 VMThread "VM Thread" [stack: 0x000000e1adf00000,0x000000e1ae000000] [id=28708]
  0x000002a476ca4910 WatcherThread [stack: 0x000000e1aeb00000,0x000000e1aec00000] [id=7784]
  0x000002a448936c40 GCTaskThread "GC Thread#0" [stack: 0x000000e1ada00000,0x000000e1adb00000] [id=30584]
  0x000002a4776bd2c0 GCTaskThread "GC Thread#1" [stack: 0x000000e1af900000,0x000000e1afa00000] [id=8224]
  0x000002a4776bdf80 GCTaskThread "GC Thread#2" [stack: 0x000000e1afa00000,0x000000e1afb00000] [id=17840]
  0x000002a4776be5e0 GCTaskThread "GC Thread#3" [stack: 0x000000e1afb00000,0x000000e1afc00000] [id=11248]
  0x000002a4776be910 GCTaskThread "GC Thread#4" [stack: 0x000000e1afc00000,0x000000e1afd00000] [id=16884]
  0x000002a47d4a9b50 GCTaskThread "GC Thread#5" [stack: 0x000000e1afd00000,0x000000e1afe00000] [id=9032]
  0x000002a47d4a7ea0 GCTaskThread "GC Thread#6" [stack: 0x000000e1afe00000,0x000000e1aff00000] [id=38784]
  0x000002a47d4a9820 GCTaskThread "GC Thread#7" [stack: 0x000000e1aff00000,0x000000e1b0000000] [id=34860]
  0x000002a47d4a7840 GCTaskThread "GC Thread#8" [stack: 0x000000e1b0000000,0x000000e1b0100000] [id=10936]
  0x000002a47d4a81d0 GCTaskThread "GC Thread#9" [stack: 0x000000e1b0100000,0x000000e1b0200000] [id=17380]
  0x000002a47d4a94f0 GCTaskThread "GC Thread#10" [stack: 0x000000e1b0200000,0x000000e1b0300000] [id=29172]
  0x000002a47d4a9e80 GCTaskThread "GC Thread#11" [stack: 0x000000e1b0300000,0x000000e1b0400000] [id=12164]
  0x000002a448947c10 ConcurrentGCThread "G1 Main Marker" [stack: 0x000000e1adb00000,0x000000e1adc00000] [id=35756]
  0x000002a448948700 ConcurrentGCThread "G1 Conc#0" [stack: 0x000000e1adc00000,0x000000e1add00000] [id=38184]
  0x000002a47d4a8e90 ConcurrentGCThread "G1 Conc#1" [stack: 0x000000e1b0d00000,0x000000e1b0e00000] [id=37564]
  0x000002a47d4aa4e0 ConcurrentGCThread "G1 Conc#2" [stack: 0x000000e1b0e00000,0x000000e1b0f00000] [id=33540]
  0x000002a44898ec10 ConcurrentGCThread "G1 Refine#0" [stack: 0x000000e1add00000,0x000000e1ade00000] [id=30616]
  0x000002a47d1c3f70 ConcurrentGCThread "G1 Refine#1" [stack: 0x000000e1b0700000,0x000000e1b0800000] [id=41352]
  0x000002a47d1c3c10 ConcurrentGCThread "G1 Refine#2" [stack: 0x000000e1b0800000,0x000000e1b0900000] [id=2508]
  0x000002a4760b6600 ConcurrentGCThread "G1 Young RemSet Sampling" [stack: 0x000000e1ade00000,0x000000e1adf00000] [id=17004]

Threads with active compile tasks:

VM state: not at safepoint (normal execution)

VM Mutex/Monitor currently owned by a thread: None

Heap address: 0x0000000601000000, size: 8176 MB, Compressed Oops mode: Zero based, Oop shift amount: 3
CDS archive(s) mapped at: [0x0000000800000000-0x0000000800b50000-0x0000000800b50000), size 11862016, SharedBaseAddress: 0x0000000800000000, ArchiveRelocationMode: 0.
Compressed class space mapped at: 0x0000000800b50000-0x0000000840b50000, size: 1073741824
Narrow klass base: 0x0000000800000000, Narrow klass shift: 3, Narrow klass range: 0x100000000

GC Precious Log:
 CPUs: 16 total, 16 available
 Memory: 32689M
 Large Page Support: Disabled
 NUMA Support: Disabled
 Compressed Oops: Enabled (Zero based)
 Heap Region Size: 4M
 Heap Min Capacity: 8M
 Heap Initial Capacity: 512M
 Heap Max Capacity: 8176M
 Pre-touch: Disabled
 Parallel Workers: 13
 Concurrent Workers: 3
 Concurrent Refinement Workers: 13
 Periodic GC: Disabled

Heap:
 garbage-first heap   total 151552K, used 69628K [0x0000000601000000, 0x0000000800000000)
  region size 4096K, 4 young (16384K), 1 survivors (4096K)
 Metaspace       used 25736K, capacity 26019K, committed 26368K, reserved 1073152K
  class space    used 2911K, capacity 2996K, committed 3072K, reserved 1048576K

Heap Regions: E=young(eden), S=young(survivor), O=old, HS=humongous(starts), HC=humongous(continues), CS=collection set, F=free, OA=open archive, CA=closed archive, TAMS=top-at-mark-start (previous, next)
|   0|0x0000000601000000, 0x000000060133f000, 0x0000000601400000| 81%| O|  |TAMS 0x000000060133f000, 0x0000000601000000| Untracked 
|   1|0x0000000601400000, 0x0000000601400000, 0x0000000601800000|  0%| F|  |TAMS 0x0000000601400000, 0x0000000601400000| Untracked 
|   2|0x0000000601800000, 0x0000000601800000, 0x0000000601c00000|  0%| F|  |TAMS 0x0000000601800000, 0x0000000601800000| Untracked 
|   3|0x0000000601c00000, 0x0000000602000000, 0x0000000602000000|100%| O|  |TAMS 0x0000000601c00000, 0x0000000601c00000| Untracked 
|   4|0x0000000602000000, 0x0000000602000000, 0x0000000602400000|  0%| F|  |TAMS 0x0000000602000000, 0x0000000602000000| Untracked 
|   5|0x0000000602400000, 0x0000000602800000, 0x0000000602800000|100%| O|  |TAMS 0x0000000602400000, 0x0000000602400000| Untracked 
|   6|0x0000000602800000, 0x0000000602c00000, 0x0000000602c00000|100%| O|  |TAMS 0x0000000602800000, 0x0000000602800000| Untracked 
|   7|0x0000000602c00000, 0x0000000602f07c00, 0x0000000603000000| 75%| O|  |TAMS 0x0000000602c00000, 0x0000000602c00000| Untracked 
|   8|0x0000000603000000, 0x0000000603400000, 0x0000000603400000|100%| O|  |TAMS 0x0000000603000000, 0x0000000603000000| Untracked 
|   9|0x0000000603400000, 0x0000000603800000, 0x0000000603800000|100%| O|  |TAMS 0x0000000603476600, 0x0000000603400000| Untracked 
|  10|0x0000000603800000, 0x0000000603c00000, 0x0000000603c00000|100%| O|  |TAMS 0x0000000603800000, 0x0000000603800000| Untracked 
|  11|0x0000000603c00000, 0x0000000604000000, 0x0000000604000000|100%| O|  |TAMS 0x0000000603c00000, 0x0000000603c00000| Untracked 
|  12|0x0000000604000000, 0x0000000604400000, 0x0000000604400000|100%| O|  |TAMS 0x0000000604000000, 0x0000000604000000| Untracked 
|  13|0x0000000604400000, 0x0000000604800000, 0x0000000604800000|100%| O|  |TAMS 0x0000000604400000, 0x0000000604400000| Untracked 
|  14|0x0000000604800000, 0x0000000604800000, 0x0000000604c00000|  0%| F|  |TAMS 0x0000000604800000, 0x0000000604800000| Untracked 
|  15|0x0000000604c00000, 0x0000000604c00000, 0x0000000605000000|  0%| F|  |TAMS 0x0000000604c00000, 0x0000000604c00000| Untracked 
|  16|0x0000000605000000, 0x0000000605000000, 0x0000000605400000|  0%| F|  |TAMS 0x0000000605000000, 0x0000000605000000| Untracked 
|  17|0x0000000605400000, 0x0000000605800000, 0x0000000605800000|100%| O|  |TAMS 0x0000000605400000, 0x0000000605400000| Untracked 
|  18|0x0000000605800000, 0x0000000605c00000, 0x0000000605c00000|100%| O|  |TAMS 0x0000000605800000, 0x0000000605800000| Untracked 
|  19|0x0000000605c00000, 0x0000000606000000, 0x0000000606000000|100%| O|  |TAMS 0x0000000605c00000, 0x0000000605c00000| Untracked 
|  20|0x0000000606000000, 0x00000006061b8600, 0x0000000606400000| 43%| O|  |TAMS 0x0000000606000000, 0x0000000606000000| Untracked 
|  21|0x0000000606400000, 0x0000000606400000, 0x0000000606800000|  0%| F|  |TAMS 0x0000000606400000, 0x0000000606400000| Untracked 
|  22|0x0000000606800000, 0x0000000606800000, 0x0000000606c00000|  0%| F|  |TAMS 0x0000000606800000, 0x0000000606800000| Untracked 
|  23|0x0000000606c00000, 0x0000000606c00000, 0x0000000607000000|  0%| F|  |TAMS 0x0000000606c00000, 0x0000000606c00000| Untracked 
|  24|0x0000000607000000, 0x0000000607000000, 0x0000000607400000|  0%| F|  |TAMS 0x0000000607000000, 0x0000000607000000| Untracked 
|  25|0x0000000607400000, 0x0000000607400000, 0x0000000607800000|  0%| F|  |TAMS 0x0000000607400000, 0x0000000607400000| Untracked 
|  26|0x0000000607800000, 0x0000000607800000, 0x0000000607c00000|  0%| F|  |TAMS 0x0000000607800000, 0x0000000607800000| Untracked 
|  27|0x0000000607c00000, 0x0000000607c00000, 0x0000000608000000|  0%| F|  |TAMS 0x0000000607c00000, 0x0000000607c00000| Untracked 
|  28|0x0000000608000000, 0x0000000608000000, 0x0000000608400000|  0%| F|  |TAMS 0x0000000608000000, 0x0000000608000000| Untracked 
|  29|0x0000000608400000, 0x0000000608400000, 0x0000000608800000|  0%| F|  |TAMS 0x0000000608400000, 0x0000000608400000| Untracked 
|  30|0x0000000608800000, 0x0000000608800000, 0x0000000608c00000|  0%| F|  |TAMS 0x0000000608800000, 0x0000000608800000| Untracked 
|  31|0x0000000608c00000, 0x0000000608c00000, 0x0000000609000000|  0%| F|  |TAMS 0x0000000608c00000, 0x0000000608c00000| Untracked 
|  32|0x0000000609000000, 0x0000000609000000, 0x0000000609400000|  0%| F|  |TAMS 0x0000000609000000, 0x0000000609000000| Untracked 
|  69|0x0000000612400000, 0x00000006126601b8, 0x0000000612800000| 59%| E|  |TAMS 0x0000000612400000, 0x0000000612400000| Complete 
| 125|0x0000000620400000, 0x0000000620800000, 0x0000000620800000|100%| S|CS|TAMS 0x0000000620400000, 0x0000000620400000| Complete 
| 127|0x0000000620c00000, 0x0000000621000000, 0x0000000621000000|100%| E|CS|TAMS 0x0000000620c00000, 0x0000000620c00000| Complete 
|2043|0x00000007ffc00000, 0x0000000800000000, 0x0000000800000000|100%| E|CS|TAMS 0x00000007ffc00000, 0x00000007ffc00000| Complete 

Card table byte_map: [0x000002a461370000,0x000002a462370000] _byte_map_base: 0x000002a45e368000

Marking Bits (Prev, Next): (CMBitMap*) 0x000002a448937370, (CMBitMap*) 0x000002a448937330
 Prev Bits: [0x000002a46b330000, 0x000002a4732f0000)
 Next Bits: [0x000002a463370000, 0x000002a46b330000)

Polling page: 0x000002a4465c0000

Metaspace:

Usage:
  Non-class:     22.48 MB capacity,    22.29 MB (>99%) used,   167.53 KB ( <1%) free+waste,    30.19 KB ( <1%) overhead. 
      Class:      2.93 MB capacity,     2.84 MB ( 97%) used,    73.55 KB (  2%) free+waste,    10.75 KB ( <1%) overhead. 
       Both:     25.41 MB capacity,    25.13 MB ( 99%) used,   241.09 KB ( <1%) free+waste,    40.94 KB ( <1%) overhead. 

Virtual space:
  Non-class space:       24.00 MB reserved,      22.75 MB ( 95%) committed 
      Class space:        1.00 GB reserved,       3.00 MB ( <1%) committed 
             Both:        1.02 GB reserved,      25.75 MB (  2%) committed 

Chunk freelists:
   Non-Class:  81.00 KB
       Class:  12.00 KB
        Both:  93.00 KB

MaxMetaspaceSize: 17179869184.00 GB
CompressedClassSpaceSize: 1.00 GB

CodeHeap 'non-profiled nmethods': size=119168Kb used=962Kb max_used=962Kb free=118206Kb
 bounds [0x000002a458690000, 0x000002a458900000, 0x000002a45faf0000]
CodeHeap 'profiled nmethods': size=119104Kb used=4088Kb max_used=4088Kb free=115015Kb
 bounds [0x000002a451240000, 0x000002a451640000, 0x000002a458690000]
CodeHeap 'non-nmethods': size=7488Kb used=2786Kb max_used=3349Kb free=4701Kb
 bounds [0x000002a450af0000, 0x000002a450e40000, 0x000002a451240000]
 total_blobs=3190 nmethods=2135 adapters=965
 compilation: enabled
              stopped_count=0, restarted_count=0
 full_count=0

Compilation events (20 events):
Event: 2.818 Thread 0x000002a476b72cb0 2125 % !   3       jogamp.opengl.util.jpeg.JPEGDecoder$Decoder::decodeScan @ 367 (806 bytes)
Event: 2.820 Thread 0x000002a476b72cb0 nmethod 2125% 0x000002a451634b90 code [0x000002a451635140, 0x000002a4516382b8]
Event: 2.845 Thread 0x000002a476b72210 2126 % !   4       jogamp.opengl.util.jpeg.JPEGDecoder$Decoder::decodeScan @ 421 (806 bytes)
Event: 2.856 Thread 0x000002a476b72210 nmethod 2126% 0x000002a45877c790 code [0x000002a45877c9e0, 0x000002a45877d7d0]
Event: 2.864 Thread 0x000002a476b72210 2127   !   4       jogamp.opengl.util.jpeg.JPEGDecoder$Decoder::decodeScan (806 bytes)
Event: 2.874 Thread 0x000002a476b72210 nmethod 2127 0x000002a45877e390 code [0x000002a45877e600, 0x000002a45877f450]
Event: 3.479 Thread 0x000002a476b72cb0 2130       3       java.lang.invoke.MethodHandles$Lookup$ClassOption::optionsToFlag (40 bytes)
Event: 3.479 Thread 0x000002a476c8ffd0 2128       3       java.lang.invoke.MethodHandles$Lookup$ClassFile::<init> (20 bytes)
Event: 3.479 Thread 0x000002a476c8a9c0 2129       3       java.lang.invoke.MethodHandles$Lookup::makeHiddenClassDefiner (42 bytes)
Event: 3.479 Thread 0x000002a476b72cb0 nmethod 2130 0x000002a451639c90 code [0x000002a451639e60, 0x000002a45163a368]
Event: 3.479 Thread 0x000002a476b72cb0 2131       3       java.lang.invoke.MethodHandles$Lookup$ClassDefiner::<init> (58 bytes)
Event: 3.479 Thread 0x000002a476c8ffd0 nmethod 2128 0x000002a45163a510 code [0x000002a45163a6c0, 0x000002a45163a8f8]
Event: 3.479 Thread 0x000002a476c8ffd0 2132       3       java.lang.invoke.MethodHandles$Lookup$ClassDefiner::defineClass (97 bytes)
Event: 3.480 Thread 0x000002a476b72cb0 nmethod 2131 0x000002a45163a990 code [0x000002a45163ab40, 0x000002a45163adf8]
Event: 3.480 Thread 0x000002a476b72cb0 2133       3       java.lang.System$2::defineClass (21 bytes)
Event: 3.480 Thread 0x000002a476b72cb0 nmethod 2133 0x000002a45163af10 code [0x000002a45163b0c0, 0x000002a45163b228]
Event: 3.480 Thread 0x000002a476b72cb0 2135       1       java.lang.invoke.MethodHandle::internalForm (5 bytes)
Event: 3.480 Thread 0x000002a476b72cb0 nmethod 2135 0x000002a458780510 code [0x000002a4587806a0, 0x000002a458780758]
Event: 3.480 Thread 0x000002a476c8a9c0 nmethod 2129 0x000002a45163b310 code [0x000002a45163b5c0, 0x000002a45163c4d8]
Event: 3.480 Thread 0x000002a476c8ffd0 nmethod 2132 0x000002a45163ca10 code [0x000002a45163ccc0, 0x000002a45163db78]

GC Heap History (20 events):
Event: 1.901 GC heap before
{Heap before GC invocations=5 (full 0):
 garbage-first heap   total 45056K, used 21804K [0x0000000601000000, 0x0000000800000000)
  region size 4096K, 2 young (8192K), 1 survivors (4096K)
 Metaspace       used 23819K, capacity 24160K, committed 24448K, reserved 1071104K
  class space    used 2828K, capacity 2931K, committed 2944K, reserved 1048576K
}
Event: 1.902 GC heap after
{Heap after GC invocations=6 (full 0):
 garbage-first heap   total 45056K, used 22680K [0x0000000601000000, 0x0000000800000000)
  region size 4096K, 1 young (4096K), 1 survivors (4096K)
 Metaspace       used 23819K, capacity 24160K, committed 24448K, reserved 1071104K
  class space    used 2828K, capacity 2931K, committed 2944K, reserved 1048576K
}
Event: 1.903 GC heap before
{Heap before GC invocations=6 (full 0):
 garbage-first heap   total 45056K, used 26776K [0x0000000601000000, 0x0000000800000000)
  region size 4096K, 2 young (8192K), 1 survivors (4096K)
 Metaspace       used 23819K, capacity 24160K, committed 24448K, reserved 1071104K
  class space    used 2828K, capacity 2931K, committed 2944K, reserved 1048576K
}
Event: 1.905 GC heap after
{Heap after GC invocations=7 (full 0):
 garbage-first heap   total 45056K, used 27225K [0x0000000601000000, 0x0000000800000000)
  region size 4096K, 1 young (4096K), 1 survivors (4096K)
 Metaspace       used 23819K, capacity 24160K, committed 24448K, reserved 1071104K
  class space    used 2828K, capacity 2931K, committed 2944K, reserved 1048576K
}
Event: 1.906 GC heap before
{Heap before GC invocations=7 (full 0):
 garbage-first heap   total 45056K, used 31321K [0x0000000601000000, 0x0000000800000000)
  region size 4096K, 2 young (8192K), 1 survivors (4096K)
 Metaspace       used 23819K, capacity 24160K, committed 24448K, reserved 1071104K
  class space    used 2828K, capacity 2931K, committed 2944K, reserved 1048576K
}
Event: 1.907 GC heap after
{Heap after GC invocations=8 (full 0):
 garbage-first heap   total 45056K, used 31541K [0x0000000601000000, 0x0000000800000000)
  region size 4096K, 1 young (4096K), 1 survivors (4096K)
 Metaspace       used 23819K, capacity 24160K, committed 24448K, reserved 1071104K
  class space    used 2828K, capacity 2931K, committed 2944K, reserved 1048576K
}
Event: 1.908 GC heap before
{Heap before GC invocations=8 (full 0):
 garbage-first heap   total 45056K, used 35637K [0x0000000601000000, 0x0000000800000000)
  region size 4096K, 2 young (8192K), 1 survivors (4096K)
 Metaspace       used 23819K, capacity 24160K, committed 24448K, reserved 1071104K
  class space    used 2828K, capacity 2931K, committed 2944K, reserved 1048576K
}
Event: 1.910 GC heap after
{Heap after GC invocations=9 (full 0):
 garbage-first heap   total 45056K, used 35933K [0x0000000601000000, 0x0000000800000000)
  region size 4096K, 1 young (4096K), 1 survivors (4096K)
 Metaspace       used 23819K, capacity 24160K, committed 24448K, reserved 1071104K
  class space    used 2828K, capacity 2931K, committed 2944K, reserved 1048576K
}
Event: 2.218 GC heap before
{Heap before GC invocations=10 (full 0):
 garbage-first heap   total 69632K, used 40029K [0x0000000601000000, 0x0000000800000000)
  region size 4096K, 2 young (8192K), 1 survivors (4096K)
 Metaspace       used 23848K, capacity 24160K, committed 24448K, reserved 1071104K
  class space    used 2830K, capacity 2931K, committed 2944K, reserved 1048576K
}
Event: 2.219 GC heap after
{Heap after GC invocations=11 (full 0):
 garbage-first heap   total 69632K, used 40661K [0x0000000601000000, 0x0000000800000000)
  region size 4096K, 1 young (4096K), 1 survivors (4096K)
 Metaspace       used 23848K, capacity 24160K, committed 24448K, reserved 1071104K
  class space    used 2830K, capacity 2931K, committed 2944K, reserved 1048576K
}
Event: 2.331 GC heap before
{Heap before GC invocations=11 (full 0):
 garbage-first heap   total 69632K, used 44757K [0x0000000601000000, 0x0000000800000000)
  region size 4096K, 2 young (8192K), 1 survivors (4096K)
 Metaspace       used 23931K, capacity 24224K, committed 24448K, reserved 1071104K
  class space    used 2835K, capacity 2931K, committed 2944K, reserved 1048576K
}
Event: 2.332 GC heap after
{Heap after GC invocations=12 (full 0):
 garbage-first heap   total 69632K, used 39317K [0x0000000601000000, 0x0000000800000000)
  region size 4096K, 1 young (4096K), 1 survivors (4096K)
 Metaspace       used 23931K, capacity 24224K, committed 24448K, reserved 1071104K
  class space    used 2835K, capacity 2931K, committed 2944K, reserved 1048576K
}
Event: 2.333 GC heap before
{Heap before GC invocations=12 (full 0):
 garbage-first heap   total 69632K, used 43413K [0x0000000601000000, 0x0000000800000000)
  region size 4096K, 2 young (8192K), 1 survivors (4096K)
 Metaspace       used 23931K, capacity 24224K, committed 24448K, reserved 1071104K
  class space    used 2835K, capacity 2931K, committed 2944K, reserved 1048576K
}
Event: 2.334 GC heap after
{Heap after GC invocations=13 (full 0):
 garbage-first heap   total 69632K, used 43046K [0x0000000601000000, 0x0000000800000000)
  region size 4096K, 1 young (4096K), 1 survivors (4096K)
 Metaspace       used 23931K, capacity 24224K, committed 24448K, reserved 1071104K
  class space    used 2835K, capacity 2931K, committed 2944K, reserved 1048576K
}
Event: 2.335 GC heap before
{Heap before GC invocations=13 (full 0):
 garbage-first heap   total 69632K, used 47142K [0x0000000601000000, 0x0000000800000000)
  region size 4096K, 2 young (8192K), 1 survivors (4096K)
 Metaspace       used 23931K, capacity 24224K, committed 24448K, reserved 1071104K
  class space    used 2835K, capacity 2931K, committed 2944K, reserved 1048576K
}
Event: 2.338 GC heap after
{Heap after GC invocations=14 (full 0):
 garbage-first heap   total 299008K, used 47387K [0x0000000601000000, 0x0000000800000000)
  region size 4096K, 1 young (4096K), 1 survivors (4096K)
 Metaspace       used 23931K, capacity 24224K, committed 24448K, reserved 1071104K
  class space    used 2835K, capacity 2931K, committed 2944K, reserved 1048576K
}
Event: 3.122 GC heap before
{Heap before GC invocations=15 (full 0):
 garbage-first heap   total 151552K, used 108827K [0x0000000601000000, 0x0000000800000000)
  region size 4096K, 20 young (81920K), 1 survivors (4096K)
 Metaspace       used 25701K, capacity 25987K, committed 26368K, reserved 1073152K
  class space    used 2908K, capacity 2964K, committed 3072K, reserved 1048576K
}
Event: 3.129 GC heap after
{Heap after GC invocations=16 (full 0):
 garbage-first heap   total 151552K, used 66664K [0x0000000601000000, 0x0000000800000000)
  region size 4096K, 3 young (12288K), 3 survivors (12288K)
 Metaspace       used 25701K, capacity 25987K, committed 26368K, reserved 1073152K
  class space    used 2908K, capacity 2964K, committed 3072K, reserved 1048576K
}
Event: 3.130 GC heap before
{Heap before GC invocations=16 (full 0):
 garbage-first heap   total 151552K, used 70760K [0x0000000601000000, 0x0000000800000000)
  region size 4096K, 4 young (16384K), 3 survivors (12288K)
 Metaspace       used 25701K, capacity 25987K, committed 26368K, reserved 1073152K
  class space    used 2908K, capacity 2964K, committed 3072K, reserved 1048576K
}
Event: 3.133 GC heap after
{Heap after GC invocations=17 (full 0):
 garbage-first heap   total 151552K, used 61436K [0x0000000601000000, 0x0000000800000000)
  region size 4096K, 1 young (4096K), 1 survivors (4096K)
 Metaspace       used 25701K, capacity 25987K, committed 26368K, reserved 1073152K
  class space    used 2908K, capacity 2964K, committed 3072K, reserved 1048576K
}

Deoptimization events (20 events):
Event: 2.770 Thread 0x000002a477876ae0 Uncommon trap: trap_request=0xffffff45 fr.pc=0x000002a45872d384 relative=0x00000000000001a4
Event: 2.770 Thread 0x000002a477876ae0 Uncommon trap: reason=unstable_if action=reinterpret pc=0x000002a45872d384 method=com.jogamp.opengl.awt.GLCanvas.validateGLDrawable()Z @ 22 c2
Event: 2.770 Thread 0x000002a477876ae0 DEOPT PACKING pc=0x000002a45872d384 sp=0x000000e1b04feee0
Event: 2.770 Thread 0x000002a477876ae0 DEOPT UNPACKING pc=0x000002a450b3e42f sp=0x000000e1b04fedb0 mode 2
Event: 2.798 Thread 0x000002a4771cbff0 DEOPT PACKING pc=0x000002a4515e72e3 sp=0x000000e1af1fe0d0
Event: 2.798 Thread 0x000002a4771cbff0 DEOPT UNPACKING pc=0x000002a450b3e23f sp=0x000000e1af1fd618 mode 0
Event: 2.807 Thread 0x000002a4771cbff0 DEOPT PACKING pc=0x000002a4515e24fe sp=0x000000e1af1fdfd0
Event: 2.807 Thread 0x000002a4771cbff0 DEOPT UNPACKING pc=0x000002a450b3e23f sp=0x000000e1af1fd618 mode 0
Event: 2.817 Thread 0x000002a4771cbff0 DEOPT PACKING pc=0x000002a4515e251f sp=0x000000e1af1fdfd0
Event: 2.817 Thread 0x000002a4771cbff0 DEOPT UNPACKING pc=0x000002a450b3e23f sp=0x000000e1af1fd618 mode 0
Event: 2.827 Thread 0x000002a4771cbff0 DEOPT PACKING pc=0x000002a4515e2540 sp=0x000000e1af1fdfd0
Event: 2.827 Thread 0x000002a4771cbff0 DEOPT UNPACKING pc=0x000002a450b3e23f sp=0x000000e1af1fd618 mode 0
Event: 2.836 Thread 0x000002a4771cbff0 DEOPT PACKING pc=0x000002a4515e24dd sp=0x000000e1af1fdfd0
Event: 2.836 Thread 0x000002a4771cbff0 DEOPT UNPACKING pc=0x000002a450b3e23f sp=0x000000e1af1fd618 mode 0
Event: 2.845 Thread 0x000002a4771cbff0 DEOPT PACKING pc=0x000002a4515e24dd sp=0x000000e1af1fdfd0
Event: 2.845 Thread 0x000002a4771cbff0 DEOPT UNPACKING pc=0x000002a450b3e23f sp=0x000000e1af1fd618 mode 0
Event: 2.854 Thread 0x000002a4771cbff0 DEOPT PACKING pc=0x000002a45162d9ff sp=0x000000e1af1fdfd0
Event: 2.854 Thread 0x000002a4771cbff0 DEOPT UNPACKING pc=0x000002a450b3e23f sp=0x000000e1af1fd618 mode 0
Event: 2.864 Thread 0x000002a4771cbff0 DEOPT PACKING pc=0x000002a4515e24dd sp=0x000000e1af1fdfd0
Event: 2.864 Thread 0x000002a4771cbff0 DEOPT UNPACKING pc=0x000002a450b3e23f sp=0x000000e1af1fd618 mode 0

Classes unloaded (0 events):
No events

Classes redefined (0 events):
No events

Internal exceptions (20 events):
Event: 0.162 Thread 0x000002a4771cbff0 Exception <a 'java/lang/NoSuchMethodError'{0x0000000620aaed70}: 'java.lang.Object java.lang.invoke.DirectMethodHandle$Holder.newInvokeSpecial(java.lang.Object, java.lang.Object, java.lang.Object, java.lang.Object, java.lang.Object)'> (0x0000000620aaed70) 
thrown [./open/src/hotspot/share/interpreter/linkResolver.cpp, line 782]
Event: 0.163 Thread 0x000002a4771cbff0 Exception <a 'java/lang/NoSuchMethodError'{0x0000000620aba800}: 'java.lang.Object java.lang.invoke.DirectMethodHandle$Holder.invokeStatic(java.lang.Object, int, java.lang.Object, java.lang.Object, java.lang.Object, java.lang.Object)'> (0x0000000620aba800) 
thrown [./open/src/hotspot/share/interpreter/linkResolver.cpp, line 782]
Event: 0.165 Thread 0x000002a4771cbff0 Exception <a 'java/lang/NoSuchMethodError'{0x0000000620ae0aa8}: 'java.lang.Object java.lang.invoke.DirectMethodHandle$Holder.invokeStatic(java.lang.Object, int, java.lang.Object)'> (0x0000000620ae0aa8) 
thrown [./open/src/hotspot/share/interpreter/linkResolver.cpp, line 782]
Event: 0.181 Thread 0x000002a4771cbff0 Exception <a 'java/lang/ClassNotFoundException'{0x0000000620b9baa0}: com/sun/swing/internal/plaf/metal/resources/spi/metalProvider> (0x0000000620b9baa0) 
thrown [./open/src/hotspot/share/classfile/systemDictionary.cpp, line 295]
Event: 0.181 Thread 0x000002a4771cbff0 Exception <a 'java/lang/ClassNotFoundException'{0x0000000620b9fcb0}: com/sun/swing/internal/plaf/basic/resources/spi/basicProvider> (0x0000000620b9fcb0) 
thrown [./open/src/hotspot/share/classfile/systemDictionary.cpp, line 295]
Event: 0.204 Thread 0x000002a4771cbff0 Implicit null exception at 0x000002a4586baf74 to 0x000002a4586bb554
Event: 0.252 Thread 0x000002a4771cbff0 Exception <a 'java/lang/NoSuchMethodError'{0x00000006206c29b0}: 'void java.lang.invoke.DirectMethodHandle$Holder.invokeStatic(java.lang.Object, java.lang.Object)'> (0x00000006206c29b0) 
thrown [./open/src/hotspot/share/interpreter/linkResolver.cpp, line 782]
Event: 0.252 Thread 0x000002a4771cbff0 Exception <a 'java/lang/NoSuchMethodError'{0x00000006206c63b8}: 'void java.lang.invoke.DirectMethodHandle$Holder.invokeStaticInit(java.lang.Object, java.lang.Object)'> (0x00000006206c63b8) 
thrown [./open/src/hotspot/share/interpreter/linkResolver.cpp, line 782]
Event: 0.257 Thread 0x000002a4771cbff0 Exception <a 'java/lang/NoSuchMethodError'{0x00000006206f3590}: 'java.lang.Object java.lang.invoke.DirectMethodHandle$Holder.invokeStaticInit(java.lang.Object, int, int, int, int)'> (0x00000006206f3590) 
thrown [./open/src/hotspot/share/interpreter/linkResolver.cpp, line 782]
Event: 0.283 Thread 0x000002a4771cbff0 Exception <a 'java/lang/NoSuchMethodError'{0x000000062073f950}: 'java.lang.Object java.lang.invoke.DirectMethodHandle$Holder.invokeStaticInit(java.lang.Object, java.lang.Object, int, int, int, int)'> (0x000000062073f950) 
thrown [./open/src/hotspot/share/interpreter/linkResolver.cpp, line 782]
Event: 0.298 Thread 0x000002a4771cbff0 Exception <a 'java/lang/NoSuchMethodError'{0x0000000620750518}: 'void java.lang.invoke.DirectMethodHandle$Holder.invokeStatic(java.lang.Object, long)'> (0x0000000620750518) 
thrown [./open/src/hotspot/share/interpreter/linkResolver.cpp, line 782]
Event: 0.299 Thread 0x000002a4771cbff0 Exception <a 'java/lang/NoSuchMethodError'{0x0000000620755df0}: 'java.lang.Object java.lang.invoke.DirectMethodHandle$Holder.newInvokeSpecial(java.lang.Object, long)'> (0x0000000620755df0) 
thrown [./open/src/hotspot/share/interpreter/linkResolver.cpp, line 782]
Event: 0.300 Thread 0x000002a4771cbff0 Exception <a 'java/lang/NoSuchMethodError'{0x0000000620760918}: 'java.lang.Object java.lang.invoke.DirectMethodHandle$Holder.invokeStaticInit(java.lang.Object, java.lang.Object, long, java.lang.Object)'> (0x0000000620760918) 
thrown [./open/src/hotspot/share/interpreter/linkResolver.cpp, line 782]
Event: 0.300 Thread 0x000002a4771cbff0 Exception <a 'java/lang/NoSuchMethodError'{0x0000000620767340}: 'java.lang.Object java.lang.invoke.DirectMethodHandle$Holder.newInvokeSpecial(java.lang.Object, java.lang.Object, long)'> (0x0000000620767340) 
thrown [./open/src/hotspot/share/interpreter/linkResolver.cpp, line 782]
Event: 0.300 Thread 0x000002a4771cbff0 Exception <a 'java/lang/NoSuchMethodError'{0x000000062076b0b0}: 'java.lang.Object java.lang.invoke.Invokers$Holder.linkToTargetMethod(java.lang.Object, long, java.lang.Object)'> (0x000000062076b0b0) 
thrown [./open/src/hotspot/share/interpreter/linkResolver.cpp, line 782]
Event: 1.279 Thread 0x000002a4771cbff0 Implicit null exception at 0x000002a4586d81ab to 0x000002a4586d8438
Event: 1.301 Thread 0x000002a4771cbff0 Exception <a 'java/lang/NoSuchMethodError'{0x0000000620439698}: 'void java.lang.invoke.DirectMethodHandle$Holder.invokeStaticInit(java.lang.Object)'> (0x0000000620439698) 
thrown [./open/src/hotspot/share/interpreter/linkResolver.cpp, line 782]
Event: 1.314 Thread 0x000002a477874e00 Exception <a 'java/lang/NoSuchMethodError'{0x000000062052c5c8}: 'java.lang.Object java.lang.invoke.DirectMethodHandle$Holder.newInvokeSpecial(java.lang.Object, java.lang.Object, java.lang.Object, int, int, int, int, int)'> (0x000000062052c5c8) 
thrown [./open/src/hotspot/share/interpreter/linkResolver.cpp, line 782]
Event: 1.340 Thread 0x000002a4771cbff0 Exception <a 'java/lang/NoSuchMethodError'{0x0000000620684e60}: 'java.lang.Object java.lang.invoke.DirectMethodHandle$Holder.invokeInterface(java.lang.Object, java.lang.Object)'> (0x0000000620684e60) 
thrown [./open/src/hotspot/share/interpreter/linkResolver.cpp, line 782]
Event: 2.761 Thread 0x000002a4771cbff0 Exception <a 'java/lang/NoSuchMethodError'{0x000000060853b018}: 'double java.lang.invoke.DirectMethodHandle$Holder.invokeStatic(java.lang.Object, java.lang.Object)'> (0x000000060853b018) 
thrown [./open/src/hotspot/share/interpreter/linkResolver.cpp, line 782]

Events (20 events):
Event: 2.763 loading class java/util/stream/Node$Builder done
Event: 2.763 loading class java/util/stream/Sink$OfDouble
Event: 2.763 loading class java/util/function/DoubleConsumer
Event: 2.763 loading class java/util/function/DoubleConsumer done
Event: 2.763 loading class java/util/stream/Sink$OfDouble done
Event: 2.763 loading class java/util/stream/Node$Builder$OfDouble done
Event: 2.763 loading class java/util/stream/Nodes$DoubleArrayNode
Event: 2.763 loading class java/util/stream/Nodes$DoubleArrayNode done
Event: 2.763 loading class java/util/stream/Nodes$DoubleFixedNodeBuilder done
Event: 2.763 loading class java/util/stream/ReferencePipeline$6$1
Event: 2.763 loading class java/util/stream/ReferencePipeline$6$1 done
Event: 2.773 Thread 0x000002a401466270 Thread exited: 0x000002a401466270
Event: 3.122 Executing VM operation: G1CollectForAllocation
Event: 3.129 Executing VM operation: G1CollectForAllocation done
Event: 3.129 Executing VM operation: HandshakeAllThreads
Event: 3.130 Executing VM operation: HandshakeAllThreads done
Event: 3.130 Executing VM operation: G1CollectForAllocation
Event: 3.133 Executing VM operation: G1CollectForAllocation done
Event: 3.133 Executing VM operation: HandshakeAllThreads
Event: 3.134 Executing VM operation: HandshakeAllThreads done


Dynamic libraries:
0x00007ff7cebd0000 - 0x00007ff7cebdf000 	C:\Program Files\Java\jdk-15.0.2\bin\java.exe
0x00007ff8c07d0000 - 0x00007ff8c09c8000 	C:\WINDOWS\SYSTEM32\ntdll.dll
0x00007ff8bed90000 - 0x00007ff8bee52000 	C:\WINDOWS\System32\KERNEL32.DLL
0x00007ff8be030000 - 0x00007ff8be32e000 	C:\WINDOWS\System32\KERNELBASE.dll
0x00007ff8be6f0000 - 0x00007ff8be7f0000 	C:\WINDOWS\System32\ucrtbase.dll
0x00007ff8b0dc0000 - 0x00007ff8b0dd9000 	C:\Program Files\Java\jdk-15.0.2\bin\VCRUNTIME140.dll
0x00007ff8b0da0000 - 0x00007ff8b0db8000 	C:\Program Files\Java\jdk-15.0.2\bin\jli.dll
0x00007ff8be990000 - 0x00007ff8bea42000 	C:\WINDOWS\System32\ADVAPI32.dll
0x00007ff8bf8c0000 - 0x00007ff8bf95e000 	C:\WINDOWS\System32\msvcrt.dll
0x00007ff8beb80000 - 0x00007ff8bec20000 	C:\WINDOWS\System32\sechost.dll
0x00007ff8c0580000 - 0x00007ff8c06a3000 	C:\WINDOWS\System32\RPCRT4.dll
0x00007ff8be000000 - 0x00007ff8be027000 	C:\WINDOWS\System32\bcrypt.dll
0x00007ff8be7f0000 - 0x00007ff8be98d000 	C:\WINDOWS\System32\USER32.dll
0x00007ff8bde70000 - 0x00007ff8bde92000 	C:\WINDOWS\System32\win32u.dll
0x00007ff8a0a80000 - 0x00007ff8a0d1a000 	C:\WINDOWS\WinSxS\amd64_microsoft.windows.common-controls_6595b64144ccf1df_6.0.19041.4355_none_60b8b9eb71f62e16\COMCTL32.dll
0x00007ff8bed00000 - 0x00007ff8bed2b000 	C:\WINDOWS\System32\GDI32.dll
0x00007ff8be3d0000 - 0x00007ff8be4e7000 	C:\WINDOWS\System32\gdi32full.dll
0x00007ff8be330000 - 0x00007ff8be3cd000 	C:\WINDOWS\System32\msvcp_win.dll
0x00007ff8b7940000 - 0x00007ff8b794a000 	C:\WINDOWS\SYSTEM32\VERSION.dll
0x00007ff8bee60000 - 0x00007ff8bee8f000 	C:\WINDOWS\System32\IMM32.DLL
0x00007ff8b7550000 - 0x00007ff8b755c000 	C:\Program Files\Java\jdk-15.0.2\bin\vcruntime140_1.dll
0x00007ff892f20000 - 0x00007ff892fb1000 	C:\Program Files\Java\jdk-15.0.2\bin\msvcp140.dll
0x00007ffff2b60000 - 0x00007ffff36be000 	C:\Program Files\Java\jdk-15.0.2\bin\server\jvm.dll
0x00007ff8c0780000 - 0x00007ff8c0788000 	C:\WINDOWS\System32\PSAPI.DLL
0x00007ff89f100000 - 0x00007ff89f109000 	C:\WINDOWS\SYSTEM32\WSOCK32.dll
0x00007ff8c0490000 - 0x00007ff8c04fb000 	C:\WINDOWS\System32\WS2_32.dll
0x00007ff8a51b0000 - 0x00007ff8a51d7000 	C:\WINDOWS\SYSTEM32\WINMM.dll
0x00007ff8bc6a0000 - 0x00007ff8bc6b2000 	C:\WINDOWS\SYSTEM32\kernel.appcore.dll
0x00007ff8b6e00000 - 0x00007ff8b6e0a000 	C:\Program Files\Java\jdk-15.0.2\bin\jimage.dll
0x00007ff8bba10000 - 0x00007ff8bbbf4000 	C:\WINDOWS\SYSTEM32\DBGHELP.DLL
0x00007ff8b66a0000 - 0x00007ff8b66d4000 	C:\WINDOWS\SYSTEM32\dbgcore.DLL
0x00007ff8be5a0000 - 0x00007ff8be622000 	C:\WINDOWS\System32\bcryptPrimitives.dll
0x00007ff897640000 - 0x00007ff897665000 	C:\Program Files\Java\jdk-15.0.2\bin\java.dll
0x00007ff8bfae0000 - 0x00007ff8c024f000 	C:\WINDOWS\System32\SHELL32.dll
0x00007ff8bbeb0000 - 0x00007ff8bc654000 	C:\WINDOWS\SYSTEM32\windows.storage.dll
0x00007ff8bf0e0000 - 0x00007ff8bf433000 	C:\WINDOWS\System32\combase.dll
0x00007ff8bd8a0000 - 0x00007ff8bd8ce000 	C:\WINDOWS\SYSTEM32\Wldp.dll
0x00007ff8befb0000 - 0x00007ff8bf07d000 	C:\WINDOWS\System32\OLEAUT32.dll
0x00007ff8bf980000 - 0x00007ff8bfa2d000 	C:\WINDOWS\System32\SHCORE.dll
0x00007ff8bf080000 - 0x00007ff8bf0d5000 	C:\WINDOWS\System32\shlwapi.dll
0x00007ff8bdda0000 - 0x00007ff8bddc4000 	C:\WINDOWS\SYSTEM32\profapi.dll
0x00007ff8b08f0000 - 0x00007ff8b0909000 	C:\Program Files\Java\jdk-15.0.2\bin\net.dll
0x00007ff8b6e60000 - 0x00007ff8b6f6d000 	C:\WINDOWS\SYSTEM32\WINHTTP.dll
0x00007ff8bd540000 - 0x00007ff8bd5aa000 	C:\WINDOWS\system32\mswsock.dll
0x00007ff8a29d0000 - 0x00007ff8a29e2000 	C:\Program Files\Java\jdk-15.0.2\bin\nio.dll
0x00007ff8a1380000 - 0x00007ff8a1398000 	C:\Program Files\Java\jdk-15.0.2\bin\zip.dll
0x00007ff87a710000 - 0x00007ff87a890000 	C:\Program Files\Java\jdk-15.0.2\bin\awt.dll
0x00007ff8ba4f0000 - 0x00007ff8ba584000 	C:\WINDOWS\SYSTEM32\apphelp.dll
0x00007ff8ba9d0000 - 0x00007ff8baa6e000 	C:\WINDOWS\system32\uxtheme.dll
0x00007ff8bee90000 - 0x00007ff8befa5000 	C:\WINDOWS\System32\MSCTF.dll
0x00007ff8bea50000 - 0x00007ff8beb7b000 	C:\WINDOWS\System32\ole32.dll
0x00007ff8badd0000 - 0x00007ff8badff000 	C:\WINDOWS\system32\DWMAPI.DLL
0x00007ff8b5830000 - 0x00007ff8b5840000 	C:\Program Files\Java\jdk-15.0.2\bin\verify.dll
0x00007ff8bd7d0000 - 0x00007ff8bd7e8000 	C:\WINDOWS\SYSTEM32\CRYPTSP.dll
0x00007ff8bce10000 - 0x00007ff8bce44000 	C:\WINDOWS\system32\rsaenh.dll
0x00007ff8bdd60000 - 0x00007ff8bdd8e000 	C:\WINDOWS\SYSTEM32\USERENV.dll
0x00007ff8bd7f0000 - 0x00007ff8bd7fc000 	C:\WINDOWS\SYSTEM32\CRYPTBASE.dll
0x00007ff8bd240000 - 0x00007ff8bd27b000 	C:\WINDOWS\SYSTEM32\IPHLPAPI.DLL
0x00007ff8c06b0000 - 0x00007ff8c06b8000 	C:\WINDOWS\System32\NSI.dll
0x00007ff8b7de0000 - 0x00007ff8b7df7000 	C:\WINDOWS\SYSTEM32\dhcpcsvc6.DLL
0x00007ff8b7dc0000 - 0x00007ff8b7ddd000 	C:\WINDOWS\SYSTEM32\dhcpcsvc.DLL
0x00007ff8bd280000 - 0x00007ff8bd34a000 	C:\WINDOWS\SYSTEM32\DNSAPI.dll
0x00007ff897620000 - 0x00007ff897633000 	C:\Users\Diego\AppData\Local\Temp\jogamp_0000\file_cache\jln7934758700317143223\jln972066967104017890\natives\windows-amd64\gluegen_rt.dll
0x00007ff8b0a70000 - 0x00007ff8b0a77000 	C:\Program Files\Java\jdk-15.0.2\bin\jawt.dll
0x00007ff8b0960000 - 0x00007ff8b096d000 	C:\Users\Diego\AppData\Local\Temp\jogamp_0000\file_cache\jln7934758700317143223\jln972066967104017890\natives\windows-amd64\nativewindow_awt.dll
0x00007ff844e70000 - 0x00007ff844f98000 	C:\WINDOWS\system32\opengl32.dll
0x00007ff884b20000 - 0x00007ff884b4c000 	C:\WINDOWS\SYSTEM32\GLU32.dll
0x00007ff8851e0000 - 0x00007ff8853b1000 	C:\WINDOWS\system32\d3d9.dll
0x00007ff8b43f0000 - 0x00007ff8b44b1000 	C:\WINDOWS\System32\DriverStore\FileRepository\nv_dispig.inf_amd64_0afec3f2050014a0\nvldumdx.dll
0x00007ff8bda30000 - 0x00007ff8bda42000 	C:\WINDOWS\SYSTEM32\msasn1.dll
0x00007ff8b7600000 - 0x00007ff8b7631000 	C:\WINDOWS\SYSTEM32\cryptnet.dll
0x00007ff8bdea0000 - 0x00007ff8bdffc000 	C:\WINDOWS\System32\CRYPT32.dll
0x00007ff8b7050000 - 0x00007ff8b7197000 	C:\WINDOWS\SYSTEM32\drvstore.dll
0x00007ff8bdc00000 - 0x00007ff8bdc33000 	C:\WINDOWS\SYSTEM32\devobj.dll
0x00007ff8be6a0000 - 0x00007ff8be6ee000 	C:\WINDOWS\System32\cfgmgr32.dll
0x00007ff8be630000 - 0x00007ff8be699000 	C:\WINDOWS\System32\wintrust.dll
0x00007ff8bf960000 - 0x00007ff8bf97d000 	C:\WINDOWS\System32\imagehlp.dll
0x00007ff81d6f0000 - 0x00007ff81f6de000 	C:\WINDOWS\System32\DriverStore\FileRepository\nv_dispig.inf_amd64_0afec3f2050014a0\nvgpucomp64.dll
0x00007ff820760000 - 0x00007ff8221f4000 	C:\WINDOWS\System32\DriverStore\FileRepository\nv_dispig.inf_amd64_0afec3f2050014a0\nvd3dumx.dll
0x00007ff8bc670000 - 0x00007ff8bc693000 	C:\WINDOWS\SYSTEM32\gpapi.dll
0x00007ff88ff20000 - 0x00007ff890075000 	C:\WINDOWS\System32\DriverStore\FileRepository\nv_dispig.inf_amd64_0afec3f2050014a0\nvppex.dll
0x00007ff8ab270000 - 0x00007ff8ab2ab000 	C:\WINDOWS\SYSTEM32\dxcore.dll
0x00007ff894d30000 - 0x00007ff894d45000 	C:\Users\Diego\AppData\Local\Temp\jogamp_0000\file_cache\jln7934758700317143223\jln972066967104017890\natives\windows-amd64\nativewindow_win32.dll
0x00007ff8874f0000 - 0x00007ff887573000 	C:\Users\Diego\AppData\Local\Temp\jogamp_0000\file_cache\jln7934758700317143223\jln972066967104017890\natives\windows-amd64\jogl_desktop.dll
0x00007ff894220000 - 0x00007ff894272000 	C:\Users\Diego\AppData\Local\Temp\jogamp_0000\file_cache\jln7934758700317143223\jln972066967104017890\natives\windows-amd64\jogl_mobile.dll
0x00007ff8bfa30000 - 0x00007ff8bfad9000 	C:\WINDOWS\System32\clbcatq.dll
0x00007ff8b55b0000 - 0x00007ff8b56b2000 	C:\Windows\System32\AppXDeploymentClient.dll
0x00007fffe29a0000 - 0x00007fffe4f88000 	C:\WINDOWS\System32\DriverStore\FileRepository\nv_dispig.inf_amd64_0afec3f2050014a0\nvoglv64.dll
0x00007ff8bf440000 - 0x00007ff8bf8ae000 	C:\WINDOWS\System32\SETUPAPI.dll
0x00007ff8b8fa0000 - 0x00007ff8b8fb4000 	C:\WINDOWS\SYSTEM32\WTSAPI32.dll
0x00007ff8bd060000 - 0x00007ff8bd093000 	C:\WINDOWS\SYSTEM32\ntmarta.dll
0x00007ff8bd5f0000 - 0x00007ff8bd63b000 	C:\WINDOWS\SYSTEM32\powrprof.dll
0x00007ff8bd5b0000 - 0x00007ff8bd5c2000 	C:\WINDOWS\SYSTEM32\UMPDC.dll
0x00007ff8bd140000 - 0x00007ff8bd19b000 	C:\WINDOWS\SYSTEM32\WINSTA.dll
0x00007ff87dfc0000 - 0x00007ff87e045000 	C:\Program Files\Java\jdk-15.0.2\bin\freetype.dll
0x00007ff87c670000 - 0x00007ff87c719000 	C:\Program Files\Java\jdk-15.0.2\bin\fontmanager.dll
0x00007ff8ade80000 - 0x00007ff8adf79000 	C:\WINDOWS\SYSTEM32\textinputframework.dll
0x00007ff8b9e90000 - 0x00007ff8ba1eb000 	C:\WINDOWS\System32\CoreUIComponents.dll
0x00007ff8ba200000 - 0x00007ff8ba2f2000 	C:\WINDOWS\System32\CoreMessaging.dll
0x00007ff8b9670000 - 0x00007ff8b97c7000 	C:\WINDOWS\SYSTEM32\wintypes.dll
0x00007ff899ae0000 - 0x00007ff899b46000 	C:\WINDOWS\system32\Oleacc.dll

dbghelp: loaded successfully - version: 4.0.5 - missing functions: none
symbol engine: initialized successfully - sym options: 0x614 - pdb path: .;C:\Program Files\Java\jdk-15.0.2\bin;C:\WINDOWS\SYSTEM32;C:\WINDOWS\WinSxS\amd64_microsoft.windows.common-controls_6595b64144ccf1df_6.0.19041.4355_none_60b8b9eb71f62e16;C:\Program Files\Java\jdk-15.0.2\bin\server;C:\Users\Diego\AppData\Local\Temp\jogamp_0000\file_cache\jln7934758700317143223\jln972066967104017890\natives\windows-amd64;C:\WINDOWS\System32\DriverStore\FileRepository\nv_dispig.inf_amd64_0afec3f2050014a0

VM Arguments:
jvm_args: -Dfile.encoding=UTF-8 
java_command: mampos.Mampos
java_class_path (initial): C:\tesisEstructural\gson-2.11.0.jar;C:\tesisEstructural\pdf4j-icepdf-core-6.1.1.jar;C:\tesisEstructural\pdf4j-icepdf-viewer-6.1.1.jar;C:\tesisEstructural\sqlite-jdbc-3.46.1.3.jar;C:\tesisEstructural\UJMP\ujmp-complete-0.3.0.jar;C:\tesisEstructural\JOGL\JOML\joml-1.10.7.jar;C:\tesisEstructural\JOGL\jogamp-all-platforms\jar\gluegen-rt.jar;C:\tesisEstructural\JOGL\jogamp-all-platforms\jar\jogl-all.jar;C:\tesisEstructural\df_1.1.3p1\dock\bin\docking-frames-common.jar;C:\tesisEstructural\df_1.1.3p1\dock\bin\docking-frames-core.jar;C:\tesisEstructural\Mampos\build\classes
Launcher Type: SUN_STANDARD

[Global flags]
     intx CICompilerCount                          = 12                                        {product} {ergonomic}
     uint ConcGCThreads                            = 3                                         {product} {ergonomic}
     uint G1ConcRefinementThreads                  = 13                                        {product} {ergonomic}
   size_t G1HeapRegionSize                         = 4194304                                   {product} {ergonomic}
    uintx GCDrainStackTargetSize                   = 64                                        {product} {ergonomic}
   size_t InitialHeapSize                          = 536870912                                 {product} {ergonomic}
   size_t MarkStackSize                            = 4194304                                   {product} {ergonomic}
   size_t MaxHeapSize                              = 8573157376                                {product} {ergonomic}
   size_t MaxNewSize                               = 5142216704                                {product} {ergonomic}
   size_t MinHeapDeltaBytes                        = 4194304                                   {product} {ergonomic}
   size_t MinHeapSize                              = 8388608                                   {product} {ergonomic}
    uintx NonNMethodCodeHeapSize                   = 7602480                                {pd product} {ergonomic}
    uintx NonProfiledCodeHeapSize                  = 122027880                              {pd product} {ergonomic}
    uintx ProfiledCodeHeapSize                     = 122027880                              {pd product} {ergonomic}
    uintx ReservedCodeCacheSize                    = 251658240                              {pd product} {ergonomic}
     bool SegmentedCodeCache                       = true                                      {product} {ergonomic}
   size_t SoftMaxHeapSize                          = 8573157376                             {manageable} {ergonomic}
     bool UseCompressedClassPointers               = true                                 {lp64_product} {ergonomic}
     bool UseCompressedOops                        = true                                 {lp64_product} {ergonomic}
     bool UseG1GC                                  = true                                      {product} {ergonomic}
     bool UseLargePagesIndividualAllocation        = false                                  {pd product} {ergonomic}

Logging:
Log output configuration:
 #0: stdout all=warning uptime,level,tags
 #1: stderr all=off uptime,level,tags

Environment Variables:
JAVA_HOME=C:\Program Files\Java\jdk-15.0.2
PATH=C:\Program Files (x86)\Common Files\Intel\Shared Libraries\redist\intel64_win\compiler;C:\Python311\Scripts\;C:\Python311\;C:\Program Files\Microsoft\jdk-11.0.16.101-hotspot\bin;C:\Program Files\BellSoft\LibericaJDK-17-Full\bin\;C:\ProgramData\Oracle\Java\javapath;C:\Program Files\Common Files\Oracle\Java\javapath;C:\Program Files (x86)\Common Files\Oracle\Java\java8path;C:\Program Files (x86)\Common Files\Oracle\Java\javapath;C:\Program Files (x86)\NVIDIA Corporation\PhysX\Common;C:\Program Files (x86)\Common Files\Intel\Shared Libraries\redist\intel64\compiler;C:\WINDOWS\system32;C:\WINDOWS;C:\WINDOWS\System32\Wbem;C:\WINDOWS\System32\WindowsPowerShell\v1.0\;C:\WINDOWS\System32\OpenSSH\;C:\Program Files\Microsoft SQL Server\120\Tools\Binn\;C:\Program Files\Common Files\Autodesk Shared\;C:\Program Files\Microsoft SQL Server\Client SDK\ODBC\110\Tools\Binn\;C:\Program Files (x86)\Microsoft SQL Server\120\Tools\Binn\;C:\Program Files\Microsoft SQL Server\120\DTS\Binn\;C:\Program Files (x86)\Windows Kits\8.1\Windows Performance Toolkit\;C:\Program Files (x86)\Common Files\Autodesk Shared\Advance\;C:\Program Files (x86)\Microsoft SQL Server\90\Tools\binn\;C:\Program Files\Git\cmd;C:\Program Files\PostgreSQL\15\bin;C:\Program Files\Microsoft SQL Server\150\Tools\Binn\;C:\Program Files\Common Files\Autodesk Shared\Advance\;C:\Program Files\dotnet\;C:\Program Files\Docker\Docker\resources\bin;C:\Program Files (x86)\cloudflared\.;C:\Program Files\nodejs\;C:\ProgramData\chocolatey\bin;C:\tools\Manim\Scripts;C:\Program Files\MiKTeX\miktex\bin\x64\;C:\Program Files\Calibre2\;C:\Program Files\Graphviz\bin;C:\Users\Diego\.cargo\bin;C:\Users\Diego\AppData\Local\Programs\Python\Python38\Scripts\;C:\Users\Diego\AppData\Local\Programs\Python\Python38\;C:\Users\Diego\AppData\Local\Programs\Python\Python38-32\Scripts\;C:\Users\Diego\AppData\Local\Programs\Python\Python38-32\;C:\Users\Diego\AppData\Local\Microsoft\WindowsApps;C:\Users\Diego\AppData\Local\Programs\Microsoft VS Code\bi
USERNAME=Diego
OS=Windows_NT
PROCESSOR_IDENTIFIER=AMD64 Family 23 Model 113 Stepping 0, AuthenticAMD



---------------  S Y S T E M  ---------------

OS:
 Windows 10 , 64 bit Build 19041 (10.0.19041.4957)
OS uptime: 17 days 6:41 hours
HyperV virtualization detected

CPU: total 16 (initial active 16) (16 cores per cpu, 2 threads per core) family 23 model 113 stepping 0 microcode 0x0, cmov, cx8, fxsr, mmx, sse, sse2, sse3, ssse3, sse4.1, sse4.2, popcnt, vzeroupper, avx, avx2, aes, clmul, 3dnowpref, lzcnt, sse4a, ht, tsc, tscinvbit, tscinv, bmi1, bmi2, adx, sha, fma, clflush, clflushopt

Memory: 4k page, system-wide physical 32689M (18963M free)
TotalPageFile size 41449M (AvailPageFile size 14805M)
current process WorkingSet (physical memory assigned to process): 368M, peak: 396M
current process commit charge ("private bytes"): 563M, peak: 734M

vm_info: Java HotSpot(TM) 64-Bit Server VM (15.0.2+7-27) for windows-amd64 JRE (15.0.2+7-27), built on Dec  7 2020 20:07:01 by "mach5one" with unknown MS VC++:1925

END.
