#
# A fatal error has been detected by the Java Runtime Environment:
#
#  EXCEPTION_ACCESS_VIOLATION (0xc0000005) at pc=0x00007ffd08890aba, pid=4560, tid=19828
#
# JRE version: Java(TM) SE Runtime Environment (15.0.2+7) (build 15.0.2+7-27)
# Java VM: Java HotSpot(TM) 64-Bit Server VM (15.0.2+7-27, mixed mode, sharing, tiered, compressed oops, g1 gc, windows-amd64)
# Problematic frame:
# C  [lwjgl_opengl.dll+0x10aba]
#
# No core dump will be written. Minidumps are not enabled by default on client versions of Windows
#
# If you would like to submit a bug report, please visit:
#   https://bugreport.java.com/bugreport/crash.jsp
# The crash happened outside the Java Virtual Machine in native code.
# See problematic frame for where to report the bug.
#

---------------  S U M M A R Y ------------

Command Line: -Dfile.encoding=UTF-8 mampos.Mampos

Host: AMD Ryzen 7 5700U with Radeon Graphics         , 16 cores, 13G,  Windows 10 , 64 bit Build 22621 (10.0.22621.4391)
Time: Thu Oct 24 15:43:17 2024 Hora estándar, América Central elapsed time: 4.048994 seconds (0d 0h 0m 4s)

---------------  T H R E A D  ---------------

Current thread (0x000001413dd64190):  JavaThread "AWT-EventQueue-0" [_thread_in_native, id=19828, stack(0x00000019f8800000,0x00000019f8900000)]

Stack: [0x00000019f8800000,0x00000019f8900000],  sp=0x00000019f88fe428,  free space=1017k
Native frames: (J=compiled Java code, j=interpreted, Vv=VM code, C=native code)
C  [lwjgl_opengl.dll+0x10aba]

Java frames: (J=compiled Java code, j=interpreted, Vv=VM code)
j  org.lwjgl.opengl.GL30C.nglGenVertexArrays(IJ)V+0
j  org.lwjgl.opengl.GL30C.glGenVertexArrays()I+20
j  org.lwjgl.opengl.GL30.glGenVertexArrays()I+0
j  rendering.Controlador.createVAO()I+0
j  components.ControladorDeLosas.loadToVAO([F)Lcomponents/Losa;+0
j  rendering.Perfil.init(Lcom/jogamp/opengl/GLAutoDrawable;)V+76
j  jogamp.opengl.GLDrawableHelper.init(Lcom/jogamp/opengl/GLEventListener;Lcom/jogamp/opengl/GLAutoDrawable;Z)V+2
j  jogamp.opengl.GLDrawableHelper.init(Lcom/jogamp/opengl/GLAutoDrawable;Z)V+81
j  com.jogamp.opengl.awt.GLCanvas$9.run()V+26
j  jogamp.opengl.GLDrawableHelper.invokeGLImpl(Lcom/jogamp/opengl/GLDrawable;Lcom/jogamp/opengl/GLContext;Ljava/lang/Runnable;Ljava/lang/Runnable;)V+199
j  jogamp.opengl.GLDrawableHelper.invokeGL(Lcom/jogamp/opengl/GLDrawable;Lcom/jogamp/opengl/GLContext;Ljava/lang/Runnable;Ljava/lang/Runnable;)V+75
j  com.jogamp.opengl.awt.GLCanvas$11.run()V+104
j  java.awt.event.InvocationEvent.dispatch()V+11 java.desktop@15.0.2
j  java.awt.EventQueue.dispatchEventImpl(Ljava/awt/AWTEvent;Ljava/lang/Object;)V+21 java.desktop@15.0.2
j  java.awt.EventQueue$4.run()Ljava/lang/Void;+32 java.desktop@15.0.2
j  java.awt.EventQueue$4.run()Ljava/lang/Object;+1 java.desktop@15.0.2
J 1482 c1 java.security.AccessController.doPrivileged(Ljava/security/PrivilegedAction;Ljava/security/AccessControlContext;)Ljava/lang/Object; java.base@15.0.2 (17 bytes) @ 0x0000014122af9ce4 [0x0000014122af9b00+0x00000000000001e4]
j  java.security.ProtectionDomain$JavaSecurityAccessImpl.doIntersectionPrivilege(Ljava/security/PrivilegedAction;Ljava/security/AccessControlContext;Ljava/security/AccessControlContext;)Ljava/lang/Object;+18 java.base@15.0.2
j  java.awt.EventQueue.dispatchEvent(Ljava/awt/AWTEvent;)V+46 java.desktop@15.0.2
j  java.awt.EventDispatchThread.pumpOneEventForFilters(I)V+78 java.desktop@15.0.2
j  java.awt.EventDispatchThread.pumpEventsForFilter(ILjava/awt/Conditional;Ljava/awt/EventFilter;)V+35 java.desktop@15.0.2
j  java.awt.EventDispatchThread.pumpEventsForHierarchy(ILjava/awt/Conditional;Ljava/awt/Component;)V+11 java.desktop@15.0.2
j  java.awt.EventDispatchThread.pumpEvents(ILjava/awt/Conditional;)V+4 java.desktop@15.0.2
j  java.awt.EventDispatchThread.pumpEvents(Ljava/awt/Conditional;)V+3 java.desktop@15.0.2
j  java.awt.EventDispatchThread.run()V+9 java.desktop@15.0.2
v  ~StubRoutines::call_stub

siginfo: EXCEPTION_ACCESS_VIOLATION (0xc0000005), reading address 0x00000000000013c8


Register to memory mapping:

RIP=0x00007ffd08890aba lwjgl_opengl.dll
RAX=0x0 is NULL
RBX={method} {0x0000014153ff64e0} 'nglGenVertexArrays' '(IJ)V' in 'org/lwjgl/opengl/GL30C'
RCX=0x000001413dd644b8 points into unknown readable memory: 0x000001414fb6f870 | 70 f8 b6 4f 41 01 00 00
RDX=0x000001414faeb7bc points into unknown readable memory: 00 00 00 00
RSP=0x00000019f88fe428 is pointing into the stack for thread: 0x000001413dd64190
RBP=0x00000019f88fe4b8 is pointing into the stack for thread: 0x000001413dd64190
RSI=0x0000014153682bb8 is pointing into metadata
RDI=0x0000000000000001 is an unknown value
R8 =0x0000000000000001 is an unknown value
R9 =0x000001414faeb7bc points into unknown readable memory: 00 00 00 00
R10=0x00000141220df148 is at code_begin+1000 in an Interpreter codelet
method entry point (kind = native)  [0x00000141220ded60, 0x00000141220df7e0]  2688 bytes
R11=0x000000073029aff0 is an oop: java.lang.Class 
{0x000000073029aff0} - klass: 'java/lang/Class'
R12=0x0 is NULL
R13={method} {0x0000014153ff64e0} 'nglGenVertexArrays' '(IJ)V' in 'org/lwjgl/opengl/GL30C'
R14=0x00000019f88fe4e8 is pointing into the stack for thread: 0x000001413dd64190
R15=0x000001413dd64190 is a thread


Registers:
RAX=0x0000000000000000, RBX=0x0000014153ff64d8, RCX=0x000001413dd644b8, RDX=0x000001414faeb7bc
RSP=0x00000019f88fe428, RBP=0x00000019f88fe4b8, RSI=0x0000014153682bb8, RDI=0x0000000000000001
R8 =0x0000000000000001, R9 =0x000001414faeb7bc, R10=0x00000141220df148, R11=0x000000073029aff0
R12=0x0000000000000000, R13=0x0000014153ff64d8, R14=0x00000019f88fe4e8, R15=0x000001413dd64190
RIP=0x00007ffd08890aba, EFLAGS=0x0000000000010206

Top of Stack: (sp=0x00000019f88fe428)
0x00000019f88fe428:   00000141220df177 0000000000000001
0x00000019f88fe438:   00000141220dee5c 0000014153ff64d8
0x00000019f88fe448:   0000014153682bb8 00000019f88fe468
0x00000019f88fe458:   00000019f88fe4d0 00000141220d9c90
0x00000019f88fe468:   00000141220dee16 00000019f88fe470
0x00000019f88fe478:   0000014153ff64d8 00000019f88fe4e8
0x00000019f88fe488:   000001415402c038 0000000000000000
0x00000019f88fe498:   000000073029aff0 0000014153ff64d8
0x00000019f88fe4a8:   0000000000000000 00000019f88fe4d8
0x00000019f88fe4b8:   00000019f88fe538 00000141220da1aa
0x00000019f88fe4c8:   000000073029aff0 00000141220dc218
0x00000019f88fe4d8:   000001414faeb7bc 0000000000000000
0x00000019f88fe4e8:   0000000000000001 00000019f88fe4f0
0x00000019f88fe4f8:   0000014153ff665c 00000019f88fe568
0x00000019f88fe508:   000001415402c038 0000000000000000
0x00000019f88fe518:   000000073029aff0 0000014153ff66c8 

Instructions: (pc=0x00007ffd08890aba)
0x00007ffd088909ba:   c1 49 ff e1 cc cc 48 8b 01 48 8b 40 18 44 89 c1
0x00007ffd088909ca:   48 ff a0 98 13 00 00 cc cc cc cc cc cc cc cc cc
0x00007ffd088909da:   cc cc cc cc cc cc 48 8b 01 48 8b 40 18 48 ff a0
0x00007ffd088909ea:   a0 13 00 00 cc cc 44 89 ca 44 89 c0 4c 8b 44 24
0x00007ffd088909fa:   28 44 8b 4c 24 30 48 8b 09 48 8b 49 18 4c 8b 91
0x00007ffd08890a0a:   a8 13 00 00 89 c1 49 ff e2 cc cc cc cc cc cc cc
0x00007ffd08890a1a:   cc cc cc cc cc cc 48 83 ec 38 44 89 ca 44 89 c0
0x00007ffd08890a2a:   44 8b 44 24 60 4c 8b 4c 24 68 0f 28 44 24 70 4c
0x00007ffd08890a3a:   8b 94 24 80 00 00 00 48 8b 09 4c 8b 59 18 4c 89
0x00007ffd08890a4a:   54 24 30 0f 11 44 24 20 89 c1 41 ff 93 b0 13 00
0x00007ffd08890a5a:   00 90 48 83 c4 38 c3 cc cc cc cc cc cc cc cc cc
0x00007ffd08890a6a:   cc cc cc cc cc cc 48 8b 01 48 8b 40 18 44 89 c1
0x00007ffd08890a7a:   48 ff a0 b8 13 00 00 cc cc cc cc cc cc cc cc cc
0x00007ffd08890a8a:   cc cc cc cc cc cc 4c 89 ca 48 8b 01 48 8b 40 18
0x00007ffd08890a9a:   48 8b 80 c0 13 00 00 44 89 c1 48 ff e0 cc cc cc
0x00007ffd08890aaa:   cc cc cc cc cc cc 4c 89 ca 48 8b 01 48 8b 40 18
0x00007ffd08890aba:   48 8b 80 c8 13 00 00 44 89 c1 48 ff e0 cc cc cc
0x00007ffd08890aca:   cc cc cc cc cc cc 48 8b 01 48 8b 40 18 44 89 c1
0x00007ffd08890ada:   48 ff a0 d0 13 00 00 cc cc cc cc cc cc cc cc cc
0x00007ffd08890aea:   cc cc cc cc cc cc 44 89 ca 44 89 c0 44 8b 44 24
0x00007ffd08890afa:   28 44 8b 4c 24 30 48 8b 09 48 8b 49 18 4c 8b 91
0x00007ffd08890b0a:   d8 13 00 00 89 c1 49 ff e2 cc cc cc cc cc cc cc
0x00007ffd08890b1a:   cc cc cc cc cc cc 48 83 ec 28 44 89 ca 44 89 c0
0x00007ffd08890b2a:   44 8b 44 24 50 4c 8b 4c 24 58 44 8b 54 24 60 48
0x00007ffd08890b3a:   8b 09 4c 8b 59 18 44 89 54 24 20 89 c1 41 ff 93
0x00007ffd08890b4a:   e0 13 00 00 90 48 83 c4 28 c3 cc cc cc cc cc cc
0x00007ffd08890b5a:   cc cc cc cc cc cc 48 83 ec 28 44 89 ca 44 89 c0
0x00007ffd08890b6a:   4c 8b 44 24 50 4c 8b 4c 24 58 4c 8b 54 24 60 48
0x00007ffd08890b7a:   8b 09 4c 8b 59 18 4c 89 54 24 20 89 c1 41 ff 93
0x00007ffd08890b8a:   e8 13 00 00 90 48 83 c4 28 c3 cc cc cc cc cc cc
0x00007ffd08890b9a:   cc cc cc cc cc cc 48 8b 01 48 8b 40 18 44 89 c1
0x00007ffd08890baa:   48 ff a0 f0 13 00 00 cc cc cc cc cc cc cc cc cc 


Stack slot to memory mapping:
stack at sp + 0 slots: 0x00000141220df177 is at code_begin+1047 in an Interpreter codelet
method entry point (kind = native)  [0x00000141220ded60, 0x00000141220df7e0]  2688 bytes
stack at sp + 1 slots: 0x0000000000000001 is an unknown value
stack at sp + 2 slots: 0x00000141220dee5c is at code_begin+252 in an Interpreter codelet
method entry point (kind = native)  [0x00000141220ded60, 0x00000141220df7e0]  2688 bytes
stack at sp + 3 slots: {method} {0x0000014153ff64e0} 'nglGenVertexArrays' '(IJ)V' in 'org/lwjgl/opengl/GL30C'
stack at sp + 4 slots: 0x0000014153682bb8 is pointing into metadata
stack at sp + 5 slots: 0x00000019f88fe468 is pointing into the stack for thread: 0x000001413dd64190
stack at sp + 6 slots: 0x00000019f88fe4d0 is pointing into the stack for thread: 0x000001413dd64190
stack at sp + 7 slots: 0x00000141220d9c90 is at code_begin+1040 in an Interpreter codelet
invoke return entry points  [0x00000141220d9880, 0x00000141220da280]  2560 bytes


---------------  P R O C E S S  ---------------

Threads class SMR info:
_java_thread_list=0x0000014149d41e80, length=25, elements={
0x000001413cdae3f0, 0x000001413d5b0080, 0x000001413d5c2850, 0x000001413d5c5120,
0x000001413d5c79f0, 0x000001413d5c8790, 0x000001413d5c9240, 0x000001413d5cbb50,
0x000001413d6e0c90, 0x000001413d70bd70, 0x000001413d73f540, 0x000001413dd63cc0,
0x000001413dd64b30, 0x000001413dd66340, 0x000001413dd64190, 0x000001413dd654d0,
0x000001413f6af580, 0x000001413dd659a0, 0x000001413dd637f0, 0x000001413dd65e70,
0x000001413dd62e50, 0x000001413dd65000, 0x000001413dd64660, 0x000001413dd63320,
0x000001414f7ece50
}

Java Threads: ( => current thread )
  0x000001413cdae3f0 JavaThread "Reference Handler" daemon [_thread_blocked, id=7596, stack(0x00000019f7800000,0x00000019f7900000)]
  0x000001413d5b0080 JavaThread "Finalizer" daemon [_thread_blocked, id=7476, stack(0x00000019f7900000,0x00000019f7a00000)]
  0x000001413d5c2850 JavaThread "Signal Dispatcher" daemon [_thread_blocked, id=20172, stack(0x00000019f7a00000,0x00000019f7b00000)]
  0x000001413d5c5120 JavaThread "Attach Listener" daemon [_thread_blocked, id=18500, stack(0x00000019f7b00000,0x00000019f7c00000)]
  0x000001413d5c79f0 JavaThread "Service Thread" daemon [_thread_blocked, id=15772, stack(0x00000019f7c00000,0x00000019f7d00000)]
  0x000001413d5c8790 JavaThread "C2 CompilerThread0" daemon [_thread_blocked, id=13096, stack(0x00000019f7d00000,0x00000019f7e00000)]
  0x000001413d5c9240 JavaThread "C1 CompilerThread0" daemon [_thread_blocked, id=11804, stack(0x00000019f7e00000,0x00000019f7f00000)]
  0x000001413d5cbb50 JavaThread "Sweeper thread" daemon [_thread_blocked, id=20220, stack(0x00000019f7f00000,0x00000019f8000000)]
  0x000001413d6e0c90 JavaThread "C1 CompilerThread1" daemon [_thread_blocked, id=1332, stack(0x00000019f8000000,0x00000019f8100000)]
  0x000001413d70bd70 JavaThread "Notification Thread" daemon [_thread_blocked, id=5068, stack(0x00000019f8100000,0x00000019f8200000)]
  0x000001413d73f540 JavaThread "Common-Cleaner" daemon [_thread_blocked, id=13384, stack(0x00000019f8300000,0x00000019f8400000)]
  0x000001413dd63cc0 JavaThread "Java2D Disposer" daemon [_thread_blocked, id=8412, stack(0x00000019f8500000,0x00000019f8600000)]
  0x000001413dd64b30 JavaThread "AWT-Shutdown" [_thread_blocked, id=11620, stack(0x00000019f8600000,0x00000019f8700000)]
  0x000001413dd66340 JavaThread "AWT-Windows" daemon [_thread_in_native, id=19720, stack(0x00000019f8700000,0x00000019f8800000)]
=>0x000001413dd64190 JavaThread "AWT-EventQueue-0" [_thread_in_native, id=19828, stack(0x00000019f8800000,0x00000019f8900000)]
  0x000001413dd654d0 JavaThread "DestroyJavaVM" [_thread_blocked, id=17664, stack(0x00000019f7100000,0x00000019f7200000)]
  0x000001413f6af580 JavaThread "C1 CompilerThread2" daemon [_thread_blocked, id=13012, stack(0x00000019f8900000,0x00000019f8a00000)]
  0x000001413dd659a0 JavaThread "AWT-EventQueue-0-SharedResourceRunner" daemon [_thread_blocked, id=2616, stack(0x00000019f9b00000,0x00000019f9c00000)]
  0x000001413dd637f0 JavaThread "AWT-EventQueue-0-AWTAnimator#00" [_thread_blocked, id=8640, stack(0x00000019f9d00000,0x00000019f9e00000)]
  0x000001413dd65e70 JavaThread "AWT-EventQueue-0-AWTAnimator#01" [_thread_blocked, id=8116, stack(0x00000019fa200000,0x00000019fa300000)]
  0x000001413dd62e50 JavaThread "AWT-EventQueue-0-AWTAnimator#02" [_thread_blocked, id=14984, stack(0x00000019fa300000,0x00000019fa400000)]
  0x000001413dd65000 JavaThread "Image Fetcher 0" daemon [_thread_blocked, id=7500, stack(0x00000019fab00000,0x00000019fac00000)]
  0x000001413dd64660 JavaThread "TimerQueue" daemon [_thread_blocked, id=10040, stack(0x00000019fac00000,0x00000019fad00000)]
  0x000001413dd63320 JavaThread "D3D Screen Updater" daemon [_thread_blocked, id=11880, stack(0x00000019faf00000,0x00000019fb000000)]
  0x000001414f7ece50 JavaThread "C2 CompilerThread1" daemon [_thread_blocked, id=8516, stack(0x00000019fa000000,0x00000019fa100000)]

Other Threads:
  0x000001413cda7490 VMThread "VM Thread" [stack: 0x00000019f7700000,0x00000019f7800000] [id=1948]
  0x000001413d740530 WatcherThread [stack: 0x00000019f8200000,0x00000019f8300000] [id=6676]
  0x0000014119f037f0 GCTaskThread "GC Thread#0" [stack: 0x00000019f7200000,0x00000019f7300000] [id=15080]
  0x000001413f5ee590 GCTaskThread "GC Thread#1" [stack: 0x00000019f9600000,0x00000019f9700000] [id=1432]
  0x000001413f5ef8b0 GCTaskThread "GC Thread#2" [stack: 0x00000019f9700000,0x00000019f9800000] [id=20140]
  0x000001413f5f0bd0 GCTaskThread "GC Thread#3" [stack: 0x00000019f9800000,0x00000019f9900000] [id=10012]
  0x000001413f5f0f00 GCTaskThread "GC Thread#4" [stack: 0x00000019f9900000,0x00000019f9a00000] [id=20464]
  0x000001413f5ed8d0 GCTaskThread "GC Thread#5" [stack: 0x00000019f9a00000,0x00000019f9b00000] [id=17944]
  0x000001414023ae70 GCTaskThread "GC Thread#6" [stack: 0x00000019fa500000,0x00000019fa600000] [id=8040]
  0x000001414023b1a0 GCTaskThread "GC Thread#7" [stack: 0x00000019fa600000,0x00000019fa700000] [id=7728]
  0x00000141402381d0 GCTaskThread "GC Thread#8" [stack: 0x00000019fa700000,0x00000019fa800000] [id=9808]
  0x000001414023a810 GCTaskThread "GC Thread#9" [stack: 0x00000019fa800000,0x00000019fa900000] [id=5872]
  0x0000014140239e80 GCTaskThread "GC Thread#10" [stack: 0x00000019fa900000,0x00000019faa00000] [id=18292]
  0x000001414023ab40 GCTaskThread "GC Thread#11" [stack: 0x00000019faa00000,0x00000019fab00000] [id=19540]
  0x0000014119f137e0 ConcurrentGCThread "G1 Main Marker" [stack: 0x00000019f7300000,0x00000019f7400000] [id=6580]
  0x0000014119f143d0 ConcurrentGCThread "G1 Conc#0" [stack: 0x00000019f7400000,0x00000019f7500000] [id=5576]
  0x0000014140238500 ConcurrentGCThread "G1 Conc#1" [stack: 0x00000019fad00000,0x00000019fae00000] [id=17344]
  0x000001414023b4d0 ConcurrentGCThread "G1 Conc#2" [stack: 0x00000019fae00000,0x00000019faf00000] [id=1688]
  0x0000014119f6d830 ConcurrentGCThread "G1 Refine#0" [stack: 0x00000019f7500000,0x00000019f7600000] [id=4112]
  0x0000014119f6e430 ConcurrentGCThread "G1 Young RemSet Sampling" [stack: 0x00000019f7600000,0x00000019f7700000] [id=20016]

Threads with active compile tasks:

VM state: not at safepoint (normal execution)

VM Mutex/Monitor currently owned by a thread: None

Heap address: 0x0000000722600000, size: 3546 MB, Compressed Oops mode: Zero based, Oop shift amount: 3
CDS archive(s) mapped at: [0x0000000800000000-0x0000000800b50000-0x0000000800b50000), size 11862016, SharedBaseAddress: 0x0000000800000000, ArchiveRelocationMode: 0.
Compressed class space mapped at: 0x0000000800b50000-0x0000000840b50000, size: 1073741824
Narrow klass base: 0x0000000800000000, Narrow klass shift: 3, Narrow klass range: 0x100000000

GC Precious Log:
 CPUs: 16 total, 16 available
 Memory: 14181M
 Large Page Support: Disabled
 NUMA Support: Disabled
 Compressed Oops: Enabled (Zero based)
 Heap Region Size: 2M
 Heap Min Capacity: 8M
 Heap Initial Capacity: 222M
 Heap Max Capacity: 3546M
 Pre-touch: Disabled
 Parallel Workers: 13
 Concurrent Workers: 3
 Concurrent Refinement Workers: 13
 Periodic GC: Disabled

Heap:
 garbage-first heap   total 129024K, used 51082K [0x0000000722600000, 0x0000000800000000)
  region size 2048K, 4 young (8192K), 1 survivors (2048K)
 Metaspace       used 27850K, capacity 28182K, committed 28544K, reserved 1075200K
  class space    used 2997K, capacity 3079K, committed 3200K, reserved 1048576K

Heap Regions: E=young(eden), S=young(survivor), O=old, HS=humongous(starts), HC=humongous(continues), CS=collection set, F=free, OA=open archive, CA=closed archive, TAMS=top-at-mark-start (previous, next)
|   0|0x0000000722600000, 0x0000000722800000, 0x0000000722800000|100%| O|  |TAMS 0x0000000722800000, 0x0000000722600000| Untracked 
|   1|0x0000000722800000, 0x0000000722a00000, 0x0000000722a00000|100%| O|  |TAMS 0x0000000722a00000, 0x0000000722800000| Untracked 
|   2|0x0000000722a00000, 0x0000000722a00000, 0x0000000722c00000|  0%| F|  |TAMS 0x0000000722a00000, 0x0000000722a00000| Untracked 
|   3|0x0000000722c00000, 0x0000000722c00000, 0x0000000722e00000|  0%| F|  |TAMS 0x0000000722c00000, 0x0000000722c00000| Untracked 
|   4|0x0000000722e00000, 0x0000000722e00000, 0x0000000723000000|  0%| F|  |TAMS 0x0000000722e00000, 0x0000000722e00000| Untracked 
|   5|0x0000000723000000, 0x0000000723000000, 0x0000000723200000|  0%| F|  |TAMS 0x0000000723000000, 0x0000000723000000| Untracked 
|   6|0x0000000723200000, 0x0000000723400000, 0x0000000723400000|100%| O|  |TAMS 0x0000000723200000, 0x0000000723200000| Untracked 
|   7|0x0000000723400000, 0x0000000723600000, 0x0000000723600000|100%| O|  |TAMS 0x0000000723400000, 0x0000000723400000| Untracked 
|   8|0x0000000723600000, 0x0000000723800000, 0x0000000723800000|100%| O|  |TAMS 0x0000000723600000, 0x0000000723600000| Untracked 
|   9|0x0000000723800000, 0x0000000723a00000, 0x0000000723a00000|100%| O|  |TAMS 0x0000000723800000, 0x0000000723800000| Untracked 
|  10|0x0000000723a00000, 0x0000000723a00000, 0x0000000723c00000|  0%| F|  |TAMS 0x0000000723a00000, 0x0000000723a00000| Untracked 
|  11|0x0000000723c00000, 0x0000000723e00000, 0x0000000723e00000|100%| O|  |TAMS 0x0000000723c00000, 0x0000000723c00000| Untracked 
|  12|0x0000000723e00000, 0x0000000724000000, 0x0000000724000000|100%| O|  |TAMS 0x0000000723e00000, 0x0000000723e00000| Untracked 
|  13|0x0000000724000000, 0x0000000724200000, 0x0000000724200000|100%| O|  |TAMS 0x0000000724000000, 0x0000000724000000| Untracked 
|  14|0x0000000724200000, 0x0000000724400000, 0x0000000724400000|100%| O|  |TAMS 0x0000000724200000, 0x0000000724200000| Untracked 
|  15|0x0000000724400000, 0x000000072446da00, 0x0000000724600000| 21%| O|  |TAMS 0x0000000724400000, 0x0000000724400000| Untracked 
|  16|0x0000000724600000, 0x0000000724600000, 0x0000000724800000|  0%| F|  |TAMS 0x0000000724600000, 0x0000000724600000| Untracked 
|  17|0x0000000724800000, 0x0000000724800000, 0x0000000724a00000|  0%| F|  |TAMS 0x0000000724800000, 0x0000000724800000| Untracked 
|  18|0x0000000724a00000, 0x0000000724a00000, 0x0000000724c00000|  0%| F|  |TAMS 0x0000000724a00000, 0x0000000724a00000| Untracked 
|  19|0x0000000724c00000, 0x0000000724c00000, 0x0000000724e00000|  0%| F|  |TAMS 0x0000000724c00000, 0x0000000724c00000| Untracked 
|  20|0x0000000724e00000, 0x0000000724e00000, 0x0000000725000000|  0%| F|  |TAMS 0x0000000724e00000, 0x0000000724e00000| Untracked 
|  21|0x0000000725000000, 0x0000000725200000, 0x0000000725200000|100%| O|  |TAMS 0x0000000725000000, 0x0000000725000000| Untracked 
|  22|0x0000000725200000, 0x0000000725400000, 0x0000000725400000|100%| O|  |TAMS 0x0000000725200000, 0x0000000725200000| Untracked 
|  23|0x0000000725400000, 0x0000000725600000, 0x0000000725600000|100%| O|  |TAMS 0x0000000725400000, 0x0000000725400000| Untracked 
|  24|0x0000000725600000, 0x0000000725800000, 0x0000000725800000|100%| O|  |TAMS 0x0000000725600000, 0x0000000725600000| Untracked 
|  25|0x0000000725800000, 0x0000000725a00000, 0x0000000725a00000|100%| O|  |TAMS 0x0000000725800000, 0x0000000725800000| Untracked 
|  26|0x0000000725a00000, 0x0000000725c00000, 0x0000000725c00000|100%| O|  |TAMS 0x0000000725a00000, 0x0000000725a00000| Untracked 
|  27|0x0000000725c00000, 0x0000000725e00000, 0x0000000725e00000|100%| O|  |TAMS 0x0000000725c00000, 0x0000000725c00000| Untracked 
|  28|0x0000000725e00000, 0x0000000726000000, 0x0000000726000000|100%| O|  |TAMS 0x0000000725e00000, 0x0000000725e00000| Untracked 
|  29|0x0000000726000000, 0x0000000726200000, 0x0000000726200000|100%| O|  |TAMS 0x0000000726000000, 0x0000000726000000| Untracked 
|  30|0x0000000726200000, 0x0000000726400000, 0x0000000726400000|100%| O|  |TAMS 0x0000000726200000, 0x0000000726200000| Untracked 
|  31|0x0000000726400000, 0x0000000726600000, 0x0000000726600000|100%| O|  |TAMS 0x0000000726400000, 0x0000000726400000| Untracked 
|  32|0x0000000726600000, 0x0000000726800000, 0x0000000726800000|100%| O|  |TAMS 0x0000000726600000, 0x0000000726600000| Untracked 
|  33|0x0000000726800000, 0x0000000726800000, 0x0000000726a00000|  0%| F|  |TAMS 0x0000000726800000, 0x0000000726800000| Untracked 
|  34|0x0000000726a00000, 0x0000000726a00000, 0x0000000726c00000|  0%| F|  |TAMS 0x0000000726a00000, 0x0000000726a00000| Untracked 
|  35|0x0000000726c00000, 0x0000000726c00000, 0x0000000726e00000|  0%| F|  |TAMS 0x0000000726c00000, 0x0000000726c00000| Untracked 
|  36|0x0000000726e00000, 0x0000000726e00000, 0x0000000727000000|  0%| F|  |TAMS 0x0000000726e00000, 0x0000000726e00000| Untracked 
|  37|0x0000000727000000, 0x0000000727000000, 0x0000000727200000|  0%| F|  |TAMS 0x0000000727000000, 0x0000000727000000| Untracked 
|  38|0x0000000727200000, 0x0000000727200000, 0x0000000727400000|  0%| F|  |TAMS 0x0000000727200000, 0x0000000727200000| Untracked 
|  39|0x0000000727400000, 0x0000000727400000, 0x0000000727600000|  0%| F|  |TAMS 0x0000000727400000, 0x0000000727400000| Untracked 
|  40|0x0000000727600000, 0x0000000727600000, 0x0000000727800000|  0%| F|  |TAMS 0x0000000727600000, 0x0000000727600000| Untracked 
|  41|0x0000000727800000, 0x0000000727800000, 0x0000000727a00000|  0%| F|  |TAMS 0x0000000727800000, 0x0000000727800000| Untracked 
|  42|0x0000000727a00000, 0x0000000727a00000, 0x0000000727c00000|  0%| F|  |TAMS 0x0000000727a00000, 0x0000000727a00000| Untracked 
|  43|0x0000000727c00000, 0x0000000727c00000, 0x0000000727e00000|  0%| F|  |TAMS 0x0000000727c00000, 0x0000000727c00000| Untracked 
|  44|0x0000000727e00000, 0x0000000727e00000, 0x0000000728000000|  0%| F|  |TAMS 0x0000000727e00000, 0x0000000727e00000| Untracked 
|  45|0x0000000728000000, 0x0000000728000000, 0x0000000728200000|  0%| F|  |TAMS 0x0000000728000000, 0x0000000728000000| Untracked 
|  46|0x0000000728200000, 0x0000000728200000, 0x0000000728400000|  0%| F|  |TAMS 0x0000000728200000, 0x0000000728200000| Untracked 
|  47|0x0000000728400000, 0x0000000728400000, 0x0000000728600000|  0%| F|  |TAMS 0x0000000728400000, 0x0000000728400000| Untracked 
|  48|0x0000000728600000, 0x0000000728600000, 0x0000000728800000|  0%| F|  |TAMS 0x0000000728600000, 0x0000000728600000| Untracked 
|  49|0x0000000728800000, 0x0000000728800000, 0x0000000728a00000|  0%| F|  |TAMS 0x0000000728800000, 0x0000000728800000| Untracked 
|  50|0x0000000728a00000, 0x0000000728a00000, 0x0000000728c00000|  0%| F|  |TAMS 0x0000000728a00000, 0x0000000728a00000| Untracked 
|  51|0x0000000728c00000, 0x0000000728c00000, 0x0000000728e00000|  0%| F|  |TAMS 0x0000000728c00000, 0x0000000728c00000| Untracked 
|  52|0x0000000728e00000, 0x0000000728e00000, 0x0000000729000000|  0%| F|  |TAMS 0x0000000728e00000, 0x0000000728e00000| Untracked 
|  53|0x0000000729000000, 0x0000000729000000, 0x0000000729200000|  0%| F|  |TAMS 0x0000000729000000, 0x0000000729000000| Untracked 
|  54|0x0000000729200000, 0x0000000729200000, 0x0000000729400000|  0%| F|  |TAMS 0x0000000729200000, 0x0000000729200000| Untracked 
|  55|0x0000000729400000, 0x0000000729400000, 0x0000000729600000|  0%| F|  |TAMS 0x0000000729400000, 0x0000000729400000| Untracked 
|  56|0x0000000729600000, 0x0000000729600000, 0x0000000729800000|  0%| F|  |TAMS 0x0000000729600000, 0x0000000729600000| Untracked 
|  82|0x000000072ca00000, 0x000000072ca00000, 0x000000072cc00000|  0%| F|  |TAMS 0x000000072ca00000, 0x000000072ca00000| Untracked 
|  83|0x000000072cc00000, 0x000000072cc00000, 0x000000072ce00000|  0%| F|  |TAMS 0x000000072cc00000, 0x000000072cc00000| Untracked 
| 109|0x0000000730000000, 0x0000000730175020, 0x0000000730200000| 72%| S|CS|TAMS 0x0000000730000000, 0x0000000730000000| Complete 
| 110|0x0000000730200000, 0x00000007302b9738, 0x0000000730400000| 36%| E|  |TAMS 0x0000000730200000, 0x0000000730200000| Complete 
|1771|0x00000007ffc00000, 0x00000007ffe00000, 0x00000007ffe00000|100%| E|CS|TAMS 0x00000007ffc00000, 0x00000007ffc00000| Complete 
|1772|0x00000007ffe00000, 0x0000000800000000, 0x0000000800000000|100%| E|CS|TAMS 0x00000007ffe00000, 0x00000007ffe00000| Complete 

Card table byte_map: [0x0000014132060000,0x0000014132750000] _byte_map_base: 0x000001412e74d000

Marking Bits (Prev, Next): (CMBitMap*) 0x0000014119f04060, (CMBitMap*) 0x0000014119f040a0
 Prev Bits: [0x0000014132e40000, 0x00000141365a8000)
 Next Bits: [0x00000141365b0000, 0x0000014139d18000)

Polling page: 0x0000014119670000

Metaspace:

Usage:
  Non-class:     24.51 MB capacity,    24.27 MB (>99%) used,   215.23 KB ( <1%) free+waste,    34.38 KB ( <1%) overhead. 
      Class:      3.01 MB capacity,     2.93 MB ( 97%) used,    69.92 KB (  2%) free+waste,    12.06 KB ( <1%) overhead. 
       Both:     27.52 MB capacity,    27.20 MB ( 99%) used,   285.16 KB (  1%) free+waste,    46.44 KB ( <1%) overhead. 

Virtual space:
  Non-class space:       26.00 MB reserved,      24.75 MB ( 95%) committed 
      Class space:        1.00 GB reserved,       3.12 MB ( <1%) committed 
             Both:        1.03 GB reserved,      27.88 MB (  3%) committed 

Chunk freelists:
   Non-Class:  49.00 KB
       Class:  0 bytes
        Both:  49.00 KB

MaxMetaspaceSize: 17179869184.00 GB
CompressedClassSpaceSize: 1.00 GB

CodeHeap 'non-profiled nmethods': size=119168Kb used=1110Kb max_used=1110Kb free=118057Kb
 bounds [0x0000014129c70000, 0x0000014129ee0000, 0x00000141310d0000]
CodeHeap 'profiled nmethods': size=119104Kb used=4617Kb max_used=4617Kb free=114486Kb
 bounds [0x0000014122820000, 0x0000014122cb0000, 0x0000014129c70000]
CodeHeap 'non-nmethods': size=7488Kb used=3237Kb max_used=3345Kb free=4250Kb
 bounds [0x00000141220d0000, 0x0000014122420000, 0x0000014122820000]
 total_blobs=4031 nmethods=2377 adapters=1564
 compilation: enabled
              stopped_count=0, restarted_count=0
 full_count=0

Compilation events (20 events):
Event: 4.020 Thread 0x000001413d5c8790 nmethod 2303 0x0000014129d80890 code [0x0000014129d80c80, 0x0000014129d834f8]
Event: 4.022 Thread 0x000001413d6e0c90 2368       3       java.io.FilterInputStream::read (11 bytes)
Event: 4.022 Thread 0x000001413d6e0c90 nmethod 2368 0x0000014122c9fe90 code [0x0000014122ca0040, 0x0000014122ca0208]
Event: 4.028 Thread 0x000001414f7ece50 2369       4       java.util.WeakHashMap::indexFor (6 bytes)
Event: 4.028 Thread 0x000001414f7ece50 nmethod 2369 0x0000014129d85110 code [0x0000014129d85280, 0x0000014129d852d8]
Event: 4.034 Thread 0x000001413d5c9240 2370       3       java.lang.Integer::toUnsignedLong (7 bytes)
Event: 4.035 Thread 0x000001413f6af580 2371       3       org.lwjgl.system.MemoryUtil::write8 (19 bytes)
Event: 4.035 Thread 0x000001413d6e0c90 2372       3       sun.misc.Unsafe::putByte (11 bytes)
Event: 4.035 Thread 0x000001413d5c9240 nmethod 2370 0x0000014122ca0310 code [0x0000014122ca04a0, 0x0000014122ca0598]
Event: 4.035 Thread 0x000001413d6e0c90 nmethod 2372 0x0000014122ca0610 code [0x0000014122ca07a0, 0x0000014122ca0898]
Event: 4.035 Thread 0x000001413f6af580 nmethod 2371 0x0000014122ca0910 code [0x0000014122ca0ac0, 0x0000014122ca0d18]
Event: 4.035 Thread 0x000001413f6af580 2373       3       sun.misc.Unsafe::putLong (11 bytes)
Event: 4.035 Thread 0x000001413d5c9240 2374       3       org.lwjgl.system.MemoryUtil::memPutAddress (29 bytes)
Event: 4.035 Thread 0x000001413d5c8790 2375       4       java.lang.Integer::toUnsignedLong (7 bytes)
Event: 4.035 Thread 0x000001413f6af580 nmethod 2373 0x0000014122ca0e10 code [0x0000014122ca0fa0, 0x0000014122ca1098]
Event: 4.036 Thread 0x000001413d5c9240 nmethod 2374 0x0000014122ca1110 code [0x0000014122ca12c0, 0x0000014122ca14b8]
Event: 4.036 Thread 0x000001413d5c8790 nmethod 2375 0x0000014129d85410 code [0x0000014129d85580, 0x0000014129d855b8]
Event: 4.038 Thread 0x000001414f7ece50 2376       4       java.util.WeakHashMap::maskNull (12 bytes)
Event: 4.038 Thread 0x000001414f7ece50 nmethod 2376 0x0000014129d85710 code [0x0000014129d85880, 0x0000014129d858d8]
Event: 4.040 Thread 0x000001413f6af580 2377       3       java.util.WeakHashMap::remove (133 bytes)

GC Heap History (20 events):
Event: 3.247 GC heap before
{Heap before GC invocations=10 (full 0):
 garbage-first heap   total 71680K, used 45671K [0x0000000722600000, 0x0000000800000000)
  region size 2048K, 3 young (6144K), 1 survivors (2048K)
 Metaspace       used 23941K, capacity 24220K, committed 24448K, reserved 1071104K
  class space    used 2830K, capacity 2931K, committed 2944K, reserved 1048576K
}
Event: 3.249 GC heap after
{Heap after GC invocations=11 (full 0):
 garbage-first heap   total 71680K, used 45858K [0x0000000722600000, 0x0000000800000000)
  region size 2048K, 1 young (2048K), 1 survivors (2048K)
 Metaspace       used 23941K, capacity 24220K, committed 24448K, reserved 1071104K
  class space    used 2830K, capacity 2931K, committed 2944K, reserved 1048576K
}
Event: 3.384 GC heap before
{Heap before GC invocations=12 (full 0):
 garbage-first heap   total 81920K, used 47906K [0x0000000722600000, 0x0000000800000000)
  region size 2048K, 2 young (4096K), 1 survivors (2048K)
 Metaspace       used 24024K, capacity 24284K, committed 24448K, reserved 1071104K
  class space    used 2835K, capacity 2931K, committed 2944K, reserved 1048576K
}
Event: 3.386 GC heap after
{Heap after GC invocations=13 (full 0):
 garbage-first heap   total 81920K, used 48342K [0x0000000722600000, 0x0000000800000000)
  region size 2048K, 1 young (2048K), 1 survivors (2048K)
 Metaspace       used 24024K, capacity 24284K, committed 24448K, reserved 1071104K
  class space    used 2835K, capacity 2931K, committed 2944K, reserved 1048576K
}
Event: 3.405 GC heap before
{Heap before GC invocations=13 (full 0):
 garbage-first heap   total 81920K, used 54486K [0x0000000722600000, 0x0000000800000000)
  region size 2048K, 4 young (8192K), 1 survivors (2048K)
 Metaspace       used 24024K, capacity 24284K, committed 24448K, reserved 1071104K
  class space    used 2835K, capacity 2931K, committed 2944K, reserved 1048576K
}
Event: 3.409 GC heap after
{Heap after GC invocations=14 (full 0):
 garbage-first heap   total 81920K, used 54571K [0x0000000722600000, 0x0000000800000000)
  region size 2048K, 1 young (2048K), 1 survivors (2048K)
 Metaspace       used 24024K, capacity 24284K, committed 24448K, reserved 1071104K
  class space    used 2835K, capacity 2931K, committed 2944K, reserved 1048576K
}
Event: 3.410 GC heap before
{Heap before GC invocations=14 (full 0):
 garbage-first heap   total 81920K, used 56619K [0x0000000722600000, 0x0000000800000000)
  region size 2048K, 2 young (4096K), 1 survivors (2048K)
 Metaspace       used 24024K, capacity 24284K, committed 24448K, reserved 1071104K
  class space    used 2835K, capacity 2931K, committed 2944K, reserved 1048576K
}
Event: 3.412 GC heap after
{Heap after GC invocations=15 (full 0):
 garbage-first heap   total 98304K, used 57126K [0x0000000722600000, 0x0000000800000000)
  region size 2048K, 1 young (2048K), 1 survivors (2048K)
 Metaspace       used 24024K, capacity 24284K, committed 24448K, reserved 1071104K
  class space    used 2835K, capacity 2931K, committed 2944K, reserved 1048576K
}
Event: 3.414 GC heap before
{Heap before GC invocations=15 (full 0):
 garbage-first heap   total 98304K, used 63270K [0x0000000722600000, 0x0000000800000000)
  region size 2048K, 4 young (8192K), 1 survivors (2048K)
 Metaspace       used 24024K, capacity 24284K, committed 24448K, reserved 1071104K
  class space    used 2835K, capacity 2931K, committed 2944K, reserved 1048576K
}
Event: 3.417 GC heap after
{Heap after GC invocations=16 (full 0):
 garbage-first heap   total 98304K, used 63431K [0x0000000722600000, 0x0000000800000000)
  region size 2048K, 1 young (2048K), 1 survivors (2048K)
 Metaspace       used 24024K, capacity 24284K, committed 24448K, reserved 1071104K
  class space    used 2835K, capacity 2931K, committed 2944K, reserved 1048576K
}
Event: 3.418 GC heap before
{Heap before GC invocations=16 (full 0):
 garbage-first heap   total 98304K, used 67527K [0x0000000722600000, 0x0000000800000000)
  region size 2048K, 3 young (6144K), 1 survivors (2048K)
 Metaspace       used 24024K, capacity 24284K, committed 24448K, reserved 1071104K
  class space    used 2835K, capacity 2931K, committed 2944K, reserved 1048576K
}
Event: 3.420 GC heap after
{Heap after GC invocations=17 (full 0):
 garbage-first heap   total 98304K, used 68176K [0x0000000722600000, 0x0000000800000000)
  region size 2048K, 1 young (2048K), 1 survivors (2048K)
 Metaspace       used 24024K, capacity 24284K, committed 24448K, reserved 1071104K
  class space    used 2835K, capacity 2931K, committed 2944K, reserved 1048576K
}
Event: 3.422 GC heap before
{Heap before GC invocations=17 (full 0):
 garbage-first heap   total 98304K, used 72272K [0x0000000722600000, 0x0000000800000000)
  region size 2048K, 3 young (6144K), 1 survivors (2048K)
 Metaspace       used 24024K, capacity 24284K, committed 24448K, reserved 1071104K
  class space    used 2835K, capacity 2931K, committed 2944K, reserved 1048576K
}
Event: 3.424 GC heap after
{Heap after GC invocations=18 (full 0):
 garbage-first heap   total 98304K, used 72689K [0x0000000722600000, 0x0000000800000000)
  region size 2048K, 1 young (2048K), 1 survivors (2048K)
 Metaspace       used 24024K, capacity 24284K, committed 24448K, reserved 1071104K
  class space    used 2835K, capacity 2931K, committed 2944K, reserved 1048576K
}
Event: 3.709 GC heap before
{Heap before GC invocations=19 (full 0):
 garbage-first heap   total 102400K, used 60401K [0x0000000722600000, 0x0000000800000000)
  region size 2048K, 3 young (6144K), 1 survivors (2048K)
 Metaspace       used 24024K, capacity 24284K, committed 24448K, reserved 1071104K
  class space    used 2835K, capacity 2931K, committed 2944K, reserved 1048576K
}
Event: 3.712 GC heap after
{Heap after GC invocations=20 (full 0):
 garbage-first heap   total 129024K, used 60704K [0x0000000722600000, 0x0000000800000000)
  region size 2048K, 1 young (2048K), 1 survivors (2048K)
 Metaspace       used 24024K, capacity 24284K, committed 24448K, reserved 1071104K
  class space    used 2835K, capacity 2931K, committed 2944K, reserved 1048576K
}
Event: 3.733 GC heap before
{Heap before GC invocations=20 (full 0):
 garbage-first heap   total 129024K, used 64800K [0x0000000722600000, 0x0000000800000000)
  region size 2048K, 3 young (6144K), 1 survivors (2048K)
 Metaspace       used 24024K, capacity 24284K, committed 24448K, reserved 1071104K
  class space    used 2835K, capacity 2931K, committed 2944K, reserved 1048576K
}
Event: 3.735 GC heap after
{Heap after GC invocations=21 (full 0):
 garbage-first heap   total 129024K, used 51278K [0x0000000722600000, 0x0000000800000000)
  region size 2048K, 1 young (2048K), 1 survivors (2048K)
 Metaspace       used 24024K, capacity 24284K, committed 24448K, reserved 1071104K
  class space    used 2835K, capacity 2931K, committed 2944K, reserved 1048576K
}
Event: 3.944 GC heap before
{Heap before GC invocations=21 (full 0):
 garbage-first heap   total 129024K, used 53326K [0x0000000722600000, 0x0000000800000000)
  region size 2048K, 3 young (6144K), 1 survivors (2048K)
 Metaspace       used 25891K, capacity 26239K, committed 26368K, reserved 1073152K
  class space    used 2918K, capacity 3028K, committed 3072K, reserved 1048576K
}
Event: 3.948 GC heap after
{Heap after GC invocations=22 (full 0):
 garbage-first heap   total 129024K, used 46986K [0x0000000722600000, 0x0000000800000000)
  region size 2048K, 1 young (2048K), 1 survivors (2048K)
 Metaspace       used 25891K, capacity 26239K, committed 26368K, reserved 1073152K
  class space    used 2918K, capacity 3028K, committed 3072K, reserved 1048576K
}

Deoptimization events (20 events):
Event: 3.921 Thread 0x000001413dd637f0 Uncommon trap: trap_request=0xffffff45 fr.pc=0x0000014129d2e000 relative=0x0000000000000500
Event: 3.921 Thread 0x000001413dd637f0 Uncommon trap: reason=unstable_if action=reinterpret pc=0x0000014129d2e000 method=com.jogamp.opengl.awt.GLCanvas.display()V @ 4 c2
Event: 3.921 Thread 0x000001413dd637f0 DEOPT PACKING pc=0x0000014129d2e000 sp=0x00000019f9dff000
Event: 3.921 Thread 0x000001413dd637f0 DEOPT UNPACKING pc=0x000001412211e42f sp=0x00000019f9dfeef8 mode 2
Event: 3.958 Thread 0x000001413dd64190 Uncommon trap: trap_request=0xffffff54 fr.pc=0x0000014129ce9470 relative=0x00000000000010d0
Event: 3.958 Thread 0x000001413dd64190 Uncommon trap: reason=speculate_null_assert action=make_not_entrant pc=0x0000014129ce9470 method=jdk.internal.loader.URLClassPath$JarLoader.getResource(Ljava/lang/String;ZLjava/util/Set;)Ljdk/internal/loader/Resource; @ 17 c2
Event: 3.958 Thread 0x000001413dd64190 DEOPT PACKING pc=0x0000014129ce9470 sp=0x00000019f88f81f0
Event: 3.958 Thread 0x000001413dd64190 DEOPT UNPACKING pc=0x000001412211e42f sp=0x00000019f88f8188 mode 2
Event: 3.973 Thread 0x000001413dd64190 Uncommon trap: trap_request=0xffffff54 fr.pc=0x0000014129ce45ec relative=0x000000000000080c
Event: 3.973 Thread 0x000001413dd64190 Uncommon trap: reason=speculate_null_assert action=make_not_entrant pc=0x0000014129ce45ec method=java.util.jar.JarFile.getVersionedEntry(Ljava/lang/String;Ljava/util/jar/JarEntry;)Ljava/util/jar/JarEntry; @ 114 c2
Event: 3.973 Thread 0x000001413dd64190 DEOPT PACKING pc=0x0000014129ce45ec sp=0x00000019f88f9470
Event: 3.973 Thread 0x000001413dd64190 DEOPT UNPACKING pc=0x000001412211e42f sp=0x00000019f88f9438 mode 2
Event: 3.973 Thread 0x000001413dd64190 Uncommon trap: trap_request=0xffffff45 fr.pc=0x0000014129cff838 relative=0x0000000000000558
Event: 3.973 Thread 0x000001413dd64190 Uncommon trap: reason=unstable_if action=reinterpret pc=0x0000014129cff838 method=java.util.jar.JarFile.getEntry(Ljava/lang/String;)Ljava/util/zip/ZipEntry; @ 15 c2
Event: 3.973 Thread 0x000001413dd64190 DEOPT PACKING pc=0x0000014129cff838 sp=0x00000019f88f9500
Event: 3.973 Thread 0x000001413dd64190 DEOPT UNPACKING pc=0x000001412211e42f sp=0x00000019f88f9508 mode 2
Event: 4.005 Thread 0x000001413dd64190 Uncommon trap: trap_request=0xffffff45 fr.pc=0x0000014129cec114 relative=0x0000000000000f74
Event: 4.005 Thread 0x000001413dd64190 Uncommon trap: reason=unstable_if action=reinterpret pc=0x0000014129cec114 method=jdk.internal.util.jar.JarIndex.get(Ljava/lang/String;)Ljava/util/LinkedList; @ 27 c2
Event: 4.005 Thread 0x000001413dd64190 DEOPT PACKING pc=0x0000014129cec114 sp=0x00000019f88fb730
Event: 4.005 Thread 0x000001413dd64190 DEOPT UNPACKING pc=0x000001412211e42f sp=0x00000019f88fb718 mode 2

Classes unloaded (0 events):
No events

Classes redefined (0 events):
No events

Internal exceptions (20 events):
Event: 1.792 Thread 0x000001413dd64190 Implicit null exception at 0x0000014129c8ee2f to 0x0000014129c8eea9
Event: 1.853 Thread 0x000001413dd64190 Exception <a 'java/lang/NoSuchMethodError'{0x000000072e9dc3e8}: 'void java.lang.invoke.DirectMethodHandle$Holder.invokeStaticInit(java.lang.Object)'> (0x000000072e9dc3e8) 
thrown [./open/src/hotspot/share/interpreter/linkResolver.cpp, line 782]
Event: 1.898 Thread 0x000001413dd65000 Exception <a 'java/lang/NoSuchMethodError'{0x0000000730012d48}: 'java.lang.Object java.lang.invoke.DirectMethodHandle$Holder.newInvokeSpecial(java.lang.Object, java.lang.Object, java.lang.Object, int, int, int, int, int)'> (0x0000000730012d48) 
thrown [./open/src/hotspot/share/interpreter/linkResolver.cpp, line 782]
Event: 1.943 Thread 0x000001413dd64190 Exception <a 'java/lang/NoSuchMethodError'{0x000000073016e660}: 'java.lang.Object java.lang.invoke.DirectMethodHandle$Holder.invokeInterface(java.lang.Object, java.lang.Object)'> (0x000000073016e660) 
thrown [./open/src/hotspot/share/interpreter/linkResolver.cpp, line 782]
Event: 3.903 Thread 0x000001413dd64190 Exception <a 'java/lang/NoSuchMethodError'{0x00000007303c06d8}: 'double java.lang.invoke.DirectMethodHandle$Holder.invokeStatic(java.lang.Object, java.lang.Object)'> (0x00000007303c06d8) 
thrown [./open/src/hotspot/share/interpreter/linkResolver.cpp, line 782]
Event: 3.961 Thread 0x000001413dd64190 Exception <a 'java/lang/NoSuchMethodError'{0x00000007fff15508}: 'java.lang.Object java.lang.invoke.DirectMethodHandle$Holder.invokeStatic(java.lang.Object, java.lang.Object, int)'> (0x00000007fff15508) 
thrown [./open/src/hotspot/share/interpreter/linkResolver.cpp, line 782]
Event: 3.962 Thread 0x000001413dd64190 Exception <a 'java/lang/NoSuchMethodError'{0x00000007fff20d30}: 'void java.lang.invoke.DelegatingMethodHandle$Holder.delegate(java.lang.Object, java.lang.Object, int, java.lang.Object)'> (0x00000007fff20d30) 
thrown [./open/src/hotspot/share/interpreter/linkResolver.cpp, line 782]
Event: 3.963 Thread 0x000001413dd64190 Exception <a 'java/lang/NoSuchMethodError'{0x00000007fff24f58}: 'int java.lang.invoke.DirectMethodHandle$Holder.invokeSpecial(java.lang.Object, java.lang.Object, java.lang.Object)'> (0x00000007fff24f58) 
thrown [./open/src/hotspot/share/interpreter/linkResolver.cpp, line 782]
Event: 3.990 Thread 0x000001413dd64190 Exception <a 'sun/nio/fs/WindowsException'{0x00000007fffeda90}> (0x00000007fffeda90) 
thrown [./open/src/hotspot/share/prims/jni.cpp, line 578]
Event: 3.990 Thread 0x000001413dd64190 Exception <a 'sun/nio/fs/WindowsException'{0x00000007fffedde0}> (0x00000007fffedde0) 
thrown [./open/src/hotspot/share/prims/jni.cpp, line 578]
Event: 4.000 Thread 0x000001413dd64190 Exception <a 'sun/nio/fs/WindowsException'{0x00000007ffcc7578}> (0x00000007ffcc7578) 
thrown [./open/src/hotspot/share/prims/jni.cpp, line 578]
Event: 4.000 Thread 0x000001413dd64190 Exception <a 'sun/nio/fs/WindowsException'{0x00000007ffcc7918}> (0x00000007ffcc7918) 
thrown [./open/src/hotspot/share/prims/jni.cpp, line 578]
Event: 4.006 Thread 0x000001413dd64190 Exception <a 'sun/nio/fs/WindowsException'{0x00000007ffce6a80}> (0x00000007ffce6a80) 
thrown [./open/src/hotspot/share/prims/jni.cpp, line 578]
Event: 4.006 Thread 0x000001413dd64190 Exception <a 'sun/nio/fs/WindowsException'{0x00000007ffce6d50}> (0x00000007ffce6d50) 
thrown [./open/src/hotspot/share/prims/jni.cpp, line 578]
Event: 4.011 Thread 0x000001413dd64190 Exception <a 'java/lang/NoSuchMethodError'{0x00000007ffd44078}: 'int java.lang.invoke.DirectMethodHandle$Holder.invokeStaticInit(java.lang.Object, java.lang.Object, int, long)'> (0x00000007ffd44078) 
thrown [./open/src/hotspot/share/interpreter/linkResolver.cpp, line 782]
Event: 4.012 Thread 0x000001413dd64190 Exception <a 'java/lang/NoSuchMethodError'{0x00000007ffd49e10}: 'java.lang.Object java.lang.invoke.DirectMethodHandle$Holder.newInvokeSpecial(java.lang.Object, java.lang.Object, int)'> (0x00000007ffd49e10) 
thrown [./open/src/hotspot/share/interpreter/linkResolver.cpp, line 782]
Event: 4.013 Thread 0x000001413dd64190 Exception <a 'java/lang/NoSuchMethodError'{0x00000007ffd57c88}: 'int java.lang.invoke.DirectMethodHandle$Holder.invokeStaticInit(java.lang.Object, java.lang.Object, long, long)'> (0x00000007ffd57c88) 
thrown [./open/src/hotspot/share/interpreter/linkResolver.cpp, line 782]
Event: 4.014 Thread 0x000001413dd64190 Exception <a 'java/lang/NoSuchMethodError'{0x00000007ffd62300}: 'int java.lang.invoke.DirectMethodHandle$Holder.invokeStaticInit(java.lang.Object, java.lang.Object, java.lang.Object, long)'> (0x00000007ffd62300) 
thrown [./open/src/hotspot/share/interpreter/linkResolver.cpp, line 782]
Event: 4.025 Thread 0x000001413dd64190 Exception <a 'sun/nio/fs/WindowsException'{0x00000007ffdc7728}> (0x00000007ffdc7728) 
thrown [./open/src/hotspot/share/prims/jni.cpp, line 578]
Event: 4.025 Thread 0x000001413dd64190 Exception <a 'sun/nio/fs/WindowsException'{0x00000007ffdc7ab8}> (0x00000007ffdc7ab8) 
thrown [./open/src/hotspot/share/prims/jni.cpp, line 578]

Events (20 events):
Event: 3.990 loading class sun/nio/fs/WindowsException
Event: 3.990 loading class sun/nio/fs/WindowsException done
Event: 3.990 loading class java/nio/file/NoSuchFileException
Event: 3.990 loading class java/nio/file/FileSystemException
Event: 3.990 loading class java/nio/file/FileSystemException done
Event: 3.990 loading class java/nio/file/NoSuchFileException done
Event: 3.997 Thread 0x000001414f7ece50 Thread added: 0x000001414f7ece50
Event: 4.003 Loaded shared library C:\Users\diego\AppData\Local\Temp\lwjgl_diego\3.3.4+7\x64\lwjgl_opengl.dll
Event: 4.009 loading class java/lang/ThreadLocal$SuppliedThreadLocal
Event: 4.009 loading class java/lang/ThreadLocal$SuppliedThreadLocal done
Event: 4.009 loading class java/nio/DirectCharBufferU
Event: 4.010 loading class java/nio/DirectCharBufferU done
Event: 4.010 loading class java/nio/DirectDoubleBufferU
Event: 4.010 loading class java/nio/DirectDoubleBufferU done
Event: 4.011 loading class java/util/function/LongPredicate
Event: 4.011 loading class java/util/function/LongPredicate done
Event: 4.014 loading class java/math/MutableBigInteger
Event: 4.014 loading class java/math/MutableBigInteger done
Event: 4.015 loading class java/nio/InvalidMarkException
Event: 4.015 loading class java/nio/InvalidMarkException done


Dynamic libraries:
0x00007ff7cd2f0000 - 0x00007ff7cd2ff000 	C:\Program Files\Java\jdk-15.0.2\bin\java.exe
0x00007ffd26690000 - 0x00007ffd268a7000 	C:\WINDOWS\SYSTEM32\ntdll.dll
0x00007ffd25270000 - 0x00007ffd25334000 	C:\WINDOWS\System32\KERNEL32.DLL
0x00007ffd23990000 - 0x00007ffd23d49000 	C:\WINDOWS\System32\KERNELBASE.dll
0x00007ffd23d50000 - 0x00007ffd23e61000 	C:\WINDOWS\System32\ucrtbase.dll
0x00007ffd14430000 - 0x00007ffd14449000 	C:\Program Files\Java\jdk-15.0.2\bin\VCRUNTIME140.dll
0x00007ffd0ff20000 - 0x00007ffd0ff38000 	C:\Program Files\Java\jdk-15.0.2\bin\jli.dll
0x00007ffd24a00000 - 0x00007ffd24ab2000 	C:\WINDOWS\System32\ADVAPI32.dll
0x00007ffd25d20000 - 0x00007ffd25dc7000 	C:\WINDOWS\System32\msvcrt.dll
0x00007ffd24ac0000 - 0x00007ffd24b67000 	C:\WINDOWS\System32\sechost.dll
0x00007ffd23f90000 - 0x00007ffd23fb8000 	C:\WINDOWS\System32\bcrypt.dll
0x00007ffd24f80000 - 0x00007ffd25094000 	C:\WINDOWS\System32\RPCRT4.dll
0x00007ffd25ae0000 - 0x00007ffd25c8e000 	C:\WINDOWS\System32\USER32.dll
0x00007ffd24120000 - 0x00007ffd24146000 	C:\WINDOWS\System32\win32u.dll
0x00007ffd105a0000 - 0x00007ffd10832000 	C:\WINDOWS\WinSxS\amd64_microsoft.windows.common-controls_6595b64144ccf1df_6.0.22621.4391_none_2715d37f73803e96\COMCTL32.dll
0x00007ffd247e0000 - 0x00007ffd24809000 	C:\WINDOWS\System32\GDI32.dll
0x00007ffd23e70000 - 0x00007ffd23f8b000 	C:\WINDOWS\System32\gdi32full.dll
0x00007ffd24080000 - 0x00007ffd2411a000 	C:\WINDOWS\System32\msvcp_win.dll
0x00007ffd1beb0000 - 0x00007ffd1beba000 	C:\WINDOWS\SYSTEM32\VERSION.dll
0x00007ffd24ee0000 - 0x00007ffd24f11000 	C:\WINDOWS\System32\IMM32.DLL
0x00007ffd1e3d0000 - 0x00007ffd1e3dc000 	C:\Program Files\Java\jdk-15.0.2\bin\vcruntime140_1.dll
0x00007ffd0b190000 - 0x00007ffd0b221000 	C:\Program Files\Java\jdk-15.0.2\bin\msvcp140.dll
0x00007ffcb33f0000 - 0x00007ffcb3f4e000 	C:\Program Files\Java\jdk-15.0.2\bin\server\jvm.dll
0x00007ffd243b0000 - 0x00007ffd243b8000 	C:\WINDOWS\System32\PSAPI.DLL
0x00007ffd18fa0000 - 0x00007ffd18fd4000 	C:\WINDOWS\SYSTEM32\WINMM.dll
0x00007ffd1e240000 - 0x00007ffd1e249000 	C:\WINDOWS\SYSTEM32\WSOCK32.dll
0x00007ffd25c90000 - 0x00007ffd25d01000 	C:\WINDOWS\System32\WS2_32.dll
0x00007ffd229a0000 - 0x00007ffd229b8000 	C:\WINDOWS\SYSTEM32\kernel.appcore.dll
0x00007ffd1dea0000 - 0x00007ffd1deaa000 	C:\Program Files\Java\jdk-15.0.2\bin\jimage.dll
0x00007ffd20fc0000 - 0x00007ffd211f2000 	C:\WINDOWS\SYSTEM32\DBGHELP.DLL
0x00007ffd24450000 - 0x00007ffd247df000 	C:\WINDOWS\System32\combase.dll
0x00007ffd24b70000 - 0x00007ffd24c47000 	C:\WINDOWS\System32\OLEAUT32.dll
0x00007ffd1dfc0000 - 0x00007ffd1dff2000 	C:\WINDOWS\SYSTEM32\dbgcore.DLL
0x00007ffd24330000 - 0x00007ffd243ab000 	C:\WINDOWS\System32\bcryptPrimitives.dll
0x00007ffd0fb00000 - 0x00007ffd0fb25000 	C:\Program Files\Java\jdk-15.0.2\bin\java.dll
0x00007ffd25dd0000 - 0x00007ffd26646000 	C:\WINDOWS\System32\SHELL32.dll
0x00007ffd21880000 - 0x00007ffd22183000 	C:\WINDOWS\SYSTEM32\windows.storage.dll
0x00007ffd21740000 - 0x00007ffd2187f000 	C:\WINDOWS\SYSTEM32\wintypes.dll
0x00007ffd253f0000 - 0x00007ffd254e9000 	C:\WINDOWS\System32\SHCORE.dll
0x00007ffd254f0000 - 0x00007ffd2554e000 	C:\WINDOWS\System32\shlwapi.dll
0x00007ffd238c0000 - 0x00007ffd238eb000 	C:\WINDOWS\SYSTEM32\profapi.dll
0x00007ffd0ff00000 - 0x00007ffd0ff19000 	C:\Program Files\Java\jdk-15.0.2\bin\net.dll
0x00007ffd1f670000 - 0x00007ffd1f7a6000 	C:\WINDOWS\SYSTEM32\WINHTTP.dll
0x00007ffd22e30000 - 0x00007ffd22e99000 	C:\WINDOWS\system32\mswsock.dll
0x00007ffd0fae0000 - 0x00007ffd0faf2000 	C:\Program Files\Java\jdk-15.0.2\bin\nio.dll
0x00007ffd0cfa0000 - 0x00007ffd0cfb8000 	C:\Program Files\Java\jdk-15.0.2\bin\zip.dll
0x00007ffcb3270000 - 0x00007ffcb33f0000 	C:\Program Files\Java\jdk-15.0.2\bin\awt.dll
0x00007ffd1d6d0000 - 0x00007ffd1d767000 	C:\WINDOWS\SYSTEM32\apphelp.dll
0x00007ffd20010000 - 0x00007ffd200c1000 	C:\WINDOWS\system32\uxtheme.dll
0x00007ffd24cd0000 - 0x00007ffd24e30000 	C:\WINDOWS\System32\MSCTF.dll
0x00007ffd24830000 - 0x00007ffd249d5000 	C:\WINDOWS\System32\ole32.dll
0x00007ffd20300000 - 0x00007ffd2032b000 	C:\WINDOWS\system32\DWMAPI.DLL
0x00007ffd1d950000 - 0x00007ffd1d960000 	C:\Program Files\Java\jdk-15.0.2\bin\verify.dll
0x00007ffd230a0000 - 0x00007ffd230bb000 	C:\WINDOWS\SYSTEM32\CRYPTSP.dll
0x00007ffd22900000 - 0x00007ffd22935000 	C:\WINDOWS\system32\rsaenh.dll
0x00007ffd22f40000 - 0x00007ffd22f68000 	C:\WINDOWS\SYSTEM32\USERENV.dll
0x00007ffd230c0000 - 0x00007ffd230cc000 	C:\WINDOWS\SYSTEM32\CRYPTBASE.dll
0x00007ffd223f0000 - 0x00007ffd2241d000 	C:\WINDOWS\SYSTEM32\IPHLPAPI.DLL
0x00007ffd250a0000 - 0x00007ffd250a9000 	C:\WINDOWS\System32\NSI.dll
0x00007ffd1fae0000 - 0x00007ffd1faf9000 	C:\WINDOWS\SYSTEM32\dhcpcsvc6.DLL
0x00007ffd1f650000 - 0x00007ffd1f66f000 	C:\WINDOWS\SYSTEM32\dhcpcsvc.DLL
0x00007ffd22460000 - 0x00007ffd22562000 	C:\WINDOWS\SYSTEM32\DNSAPI.dll
0x00007ffd0b170000 - 0x00007ffd0b183000 	C:\Users\diego\AppData\Local\Temp\jogamp_0000\file_cache\jln9312846625558710266\jln11726526561761509760\natives\windows-amd64\gluegen_rt.dll
0x00007ffd1bec0000 - 0x00007ffd1bec7000 	C:\Program Files\Java\jdk-15.0.2\bin\jawt.dll
0x00007ffd1bd60000 - 0x00007ffd1bd6d000 	C:\Users\diego\AppData\Local\Temp\jogamp_0000\file_cache\jln9312846625558710266\jln11726526561761509760\natives\windows-amd64\nativewindow_awt.dll
0x00007ffcf22b0000 - 0x00007ffcf23b0000 	C:\WINDOWS\system32\opengl32.dll
0x00007ffcf2770000 - 0x00007ffcf279d000 	C:\WINDOWS\SYSTEM32\GLU32.dll
0x00007ffd205c0000 - 0x00007ffd205f7000 	C:\WINDOWS\SYSTEM32\dxcore.dll
0x00007ffccca90000 - 0x00007ffcccc38000 	C:\WINDOWS\system32\d3d9.dll
0x00007ffd05530000 - 0x00007ffd056eb000 	C:\WINDOWS\System32\DriverStore\FileRepository\u0404276.inf_amd64_b6ae906c9d4ab767\B403905\aticfx64.dll
0x00007ffd0b130000 - 0x00007ffd0b164000 	C:\WINDOWS\System32\DriverStore\FileRepository\u0404276.inf_amd64_b6ae906c9d4ab767\B403905\atiu9p64.dll
0x00007ffcb2520000 - 0x00007ffcb3267000 	C:\WINDOWS\System32\DriverStore\FileRepository\u0404276.inf_amd64_b6ae906c9d4ab767\B403905\atiumd64.dll
0x00000000746d0000 - 0x00000000755e3000 	C:\WINDOWS\System32\DriverStore\FileRepository\u0404276.inf_amd64_b6ae906c9d4ab767\B403905\atiumd6a.dll
0x00007ffd25560000 - 0x00007ffd259d4000 	C:\WINDOWS\System32\SETUPAPI.dll
0x00007ffd237b0000 - 0x00007ffd237fd000 	C:\WINDOWS\SYSTEM32\POWRPROF.dll
0x00007ffd23690000 - 0x00007ffd236a3000 	C:\WINDOWS\SYSTEM32\UMPDC.dll
0x00007ffd03480000 - 0x00007ffd034b5000 	C:\WINDOWS\SYSTEM32\amdihk64.dll
0x00007ffd13700000 - 0x00007ffd13749000 	C:\WINDOWS\SYSTEM32\directxdatabasehelper.dll
0x00007ffd0b110000 - 0x00007ffd0b125000 	C:\Users\diego\AppData\Local\Temp\jogamp_0000\file_cache\jln9312846625558710266\jln11726526561761509760\natives\windows-amd64\nativewindow_win32.dll
0x00007ffd0b080000 - 0x00007ffd0b103000 	C:\Users\diego\AppData\Local\Temp\jogamp_0000\file_cache\jln9312846625558710266\jln11726526561761509760\natives\windows-amd64\jogl_desktop.dll
0x00007ffd0aed0000 - 0x00007ffd0af22000 	C:\Users\diego\AppData\Local\Temp\jogamp_0000\file_cache\jln9312846625558710266\jln11726526561761509760\natives\windows-amd64\jogl_mobile.dll
0x00007ffd24e30000 - 0x00007ffd24ee0000 	C:\WINDOWS\System32\clbcatq.dll
0x00007ffd1ada0000 - 0x00007ffd1aee4000 	C:\Windows\System32\AppXDeploymentClient.dll
0x00007ffd0b050000 - 0x00007ffd0b07e000 	C:\WINDOWS\System32\DriverStore\FileRepository\u0404276.inf_amd64_b6ae906c9d4ab767\B403905\atig6pxx.dll
0x00007ffcae040000 - 0x00007ffcb251f000 	C:\WINDOWS\System32\DriverStore\FileRepository\u0404276.inf_amd64_b6ae906c9d4ab767\B403905\atio6axx.dll
0x00007ffd235b0000 - 0x00007ffd235dc000 	C:\WINDOWS\SYSTEM32\DEVOBJ.dll
0x00007ffd23560000 - 0x00007ffd235ae000 	C:\WINDOWS\SYSTEM32\cfgmgr32.dll
0x00007ffd242c0000 - 0x00007ffd2432c000 	C:\WINDOWS\System32\WINTRUST.dll
0x00007ffd24150000 - 0x00007ffd242b6000 	C:\WINDOWS\System32\CRYPT32.dll
0x00007ffd23100000 - 0x00007ffd23112000 	C:\WINDOWS\SYSTEM32\MSASN1.dll
0x00007ffd014e0000 - 0x00007ffd01565000 	C:\Program Files\Java\jdk-15.0.2\bin\freetype.dll
0x00007ffd01030000 - 0x00007ffd010d9000 	C:\Program Files\Java\jdk-15.0.2\bin\fontmanager.dll
0x00007ffd02600000 - 0x00007ffd02745000 	C:\WINDOWS\SYSTEM32\textinputframework.dll
0x00007ffd1cc70000 - 0x00007ffd1cda3000 	C:\WINDOWS\SYSTEM32\CoreMessaging.dll
0x00007ffd07960000 - 0x00007ffd07ccd000 	C:\WINDOWS\SYSTEM32\CoreUIComponents.dll
0x00007ffd01460000 - 0x00007ffd014db000 	C:\Users\diego\AppData\Local\Temp\lwjgl_diego\3.3.4+7\x64\lwjgl.dll
0x00007ffd08880000 - 0x00007ffd088e1000 	C:\Users\diego\AppData\Local\Temp\lwjgl_diego\3.3.4+7\x64\lwjgl_opengl.dll
0x00007ffcadbe0000 - 0x00007ffcade51000 	C:\Users\diego\AppData\Local\Temp\lwjgl_diego\3.3.4+7\x64\jemalloc.dll

dbghelp: loaded successfully - version: 4.0.5 - missing functions: none
symbol engine: initialized successfully - sym options: 0x614 - pdb path: .;C:\Program Files\Java\jdk-15.0.2\bin;C:\WINDOWS\SYSTEM32;C:\WINDOWS\WinSxS\amd64_microsoft.windows.common-controls_6595b64144ccf1df_6.0.22621.4391_none_2715d37f73803e96;C:\Program Files\Java\jdk-15.0.2\bin\server;C:\Users\diego\AppData\Local\Temp\jogamp_0000\file_cache\jln9312846625558710266\jln11726526561761509760\natives\windows-amd64;C:\WINDOWS\System32\DriverStore\FileRepository\u0404276.inf_amd64_b6ae906c9d4ab767\B403905;C:\Users\diego\AppData\Local\Temp\lwjgl_diego\3.3.4+7\x64

VM Arguments:
jvm_args: -Dfile.encoding=UTF-8 
java_command: mampos.Mampos
java_class_path (initial): C:\Users\diego\OneDrive\Escritorio\Drive\Book\Book\gson-2.11.0.jar;C:\Users\diego\OneDrive\Escritorio\Drive\Book\Book\JOGL\JOML\joml-1.10.7.jar;C:\Users\diego\OneDrive\Escritorio\Drive\Book\Book\JOGL\jogamp-all-platforms\jar\gluegen-rt.jar;C:\Users\diego\OneDrive\Escritorio\Drive\Book\Book\JOGL\jogamp-all-platforms\jar\jogl-all.jar;C:\Program Files\NetBeans-23\netbeans\java\modules\ext\AbsoluteLayout.jar;C:\Users\diego\OneDrive\Escritorio\Drive\Book\Book\UJMP\ujmp-complete-0.3.0.jar;C:\Users\diego\OneDrive\Escritorio\Drive\Book\Book\pdf4j-icepdf-core-6.1.1.jar;C:\Users\diego\OneDrive\Escritorio\Drive\Book\Book\pdf4j-icepdf-viewer-6.1.1.jar;C:\Users\diego\OneDrive\Escritorio\Drive\lwjgl-release-3.3.4-custom\lwjgl-glfw.jar;C:\Users\diego\OneDrive\Escritorio\Drive\lwjgl-release-3.3.4-custom\lwjgl-opengl.jar;C:\Users\diego\OneDrive\Escritorio\Drive\lwjgl-release-3.3.4-custom\lwjgl.jar;C:\Users\diego\OneDrive\Escritorio\Drive\lwjgl-release-3.3.4-custom\lwjgl-opengl-natives-windows.jar;C:\Users\diego\OneDrive\Escritorio\Drive\LWJGL 3.3.4\lwjgl-glfw-natives-windows.jar;C:\Users\diego\OneDrive\Escritorio\Drive\LWJGL 3.3.4\lwjgl-assimp-natives-windows.jar;C:\Users\diego\OneDrive\Escritorio\Drive\LWJGL 3.3.4\lwjgl-assimp.jar;C:\Users\diego\OneDrive\Escritorio\Drive\LWJGL 3.3.4\lwjgl-bgfx-natives-windows.jar;C:\Users\diego\OneDrive\Escritorio\Drive\LWJGL 3.3.4\lwjgl-bgfx.jar;C:\Users\diego\OneDrive\Escritorio\Drive\LWJGL 3.3.4\lwjgl-cuda.jar;C:\Users\diego\OneDrive\Escritorio\Drive\LWJGL 3.3.4\lwjgl-egl.jar;C:\Users\diego\OneDrive\Escritorio\Drive\LWJGL 3.3.4\lwjgl-fmod.jar;C:\Users\diego\OneDrive\Escritorio\Drive\LWJGL 3.3.4\lwjgl-freetype-natives-windows.jar;C:\Users\diego\OneDrive\Escritorio\Drive\LWJGL 3.3.4\lwjgl-freetype.jar;C:\Users\diego\OneDrive\Escritorio\Drive\LWJGL 3.3.4\lwjgl-glfw.jar;C:\Users\diego\OneDrive\Escritorio\Drive\LWJGL 3.3.4\lwjgl-harfbuzz-natives-windows.jar;C:\Users\diego\OneDrive\Escritorio\Drive\LWJGL 3.3.4\lwjgl-harfbu
Launcher Type: SUN_STANDARD

[Global flags]
     intx CICompilerCount                          = 12                                        {product} {ergonomic}
     uint ConcGCThreads                            = 3                                         {product} {ergonomic}
     uint G1ConcRefinementThreads                  = 13                                        {product} {ergonomic}
   size_t G1HeapRegionSize                         = 2097152                                   {product} {ergonomic}
    uintx GCDrainStackTargetSize                   = 64                                        {product} {ergonomic}
   size_t InitialHeapSize                          = 232783872                                 {product} {ergonomic}
   size_t MarkStackSize                            = 4194304                                   {product} {ergonomic}
   size_t MaxHeapSize                              = 3718250496                                {product} {ergonomic}
   size_t MaxNewSize                               = 2229272576                                {product} {ergonomic}
   size_t MinHeapDeltaBytes                        = 2097152                                   {product} {ergonomic}
   size_t MinHeapSize                              = 8388608                                   {product} {ergonomic}
    uintx NonNMethodCodeHeapSize                   = 7602480                                {pd product} {ergonomic}
    uintx NonProfiledCodeHeapSize                  = 122027880                              {pd product} {ergonomic}
    uintx ProfiledCodeHeapSize                     = 122027880                              {pd product} {ergonomic}
    uintx ReservedCodeCacheSize                    = 251658240                              {pd product} {ergonomic}
     bool SegmentedCodeCache                       = true                                      {product} {ergonomic}
   size_t SoftMaxHeapSize                          = 3718250496                             {manageable} {ergonomic}
     bool UseCompressedClassPointers               = true                                 {lp64_product} {ergonomic}
     bool UseCompressedOops                        = true                                 {lp64_product} {ergonomic}
     bool UseG1GC                                  = true                                      {product} {ergonomic}
     bool UseLargePagesIndividualAllocation        = false                                  {pd product} {ergonomic}

Logging:
Log output configuration:
 #0: stdout all=warning uptime,level,tags
 #1: stderr all=off uptime,level,tags

Environment Variables:
JAVA_HOME=C:\Program Files\Java\jdk-15.0.2
PATH=C:\ffmpeg\bin;C:\Program Files\Common Files\Oracle\Java\javapath;C:\Program Files (x86)\Common Files\Oracle\Java\java8path;C:\Program Files (x86)\Common Files\Oracle\Java\javapath;C:\Program Files (x86)\Common Files\Intel\Shared Libraries\redist\intel64_win\compiler;C:\WINDOWS\system32;C:\WINDOWS;C:\WINDOWS\System32\Wbem;C:\WINDOWS\System32\WindowsPowerShell\v1.0\;C:\WINDOWS\System32\OpenSSH\;C:\Program Files\dotnet\;C:\Program Files\Common Files\Autodesk Shared\;C:\Program Files\Git\cmd;C:\Program Files\Azure Data Studio\bin;C:\Program Files\Microsoft SQL Server\Client SDK\ODBC\170\Tools\Binn\;C:\Program Files\Microsoft SQL Server\Client SDK\ODBC\110\Tools\Binn\;C:\Program Files (x86)\Microsoft SQL Server\120\Tools\Binn\ManagementStudio\;C:\Program Files (x86)\Microsoft SQL Server\120\Tools\Binn\;C:\Program Files\Microsoft SQL Server\120\Tools\Binn\;C:\Program Files (x86)\Microsoft SQL Server\120\DTS\Binn\;C:\Program Files\Microsoft SQL Server\120\DTS\Binn\;C:\Program Files (x86)\Microsoft SQL Server\160\Too;C:\Program Files\Microsoft SQL Server\160\DTS\Binn\;C:\Users\diego\AppData\Local\Programs\Python\Python311\Scripts\;C:\Users\diego\AppData\Local\Programs\Python\Python311\;C:\Users\diego\AppData\Local\Microsoft\WindowsApps;C:\Users\diego\AppData\Local\Programs\Microsoft VS Code\bin;C:\Program Files\Azure Data Studio\bin;C:\Users\diego\AppData\Roaming\npm;C:\src\flutter\bin;C:\Users\diego\AppData\Local\Pub\Cache\bin;C:\Program Files\MongoDB\Server\6.0\bin;C:\Users\diego\AppData\Local\GitHubDesktop\bin;C:\Program Files\JetBrains\IntelliJ IDEA 2024.1.4\bin;;C:\sqlite3;C:\Program Files\JetBrains\IntelliJ IDEA Community Edition 2024.2.2\bin;;C:\Users\diego\AppData\Local\Programs\MiKTeX\miktex\bin\x64\
USERNAME=diego
OS=Windows_NT
PROCESSOR_IDENTIFIER=AMD64 Family 23 Model 104 Stepping 1, AuthenticAMD



---------------  S Y S T E M  ---------------

OS:
 Windows 10 , 64 bit Build 22621 (10.0.22621.4391)
OS uptime: 0 days 1:27 hours
HyperV virtualization detected

CPU: total 16 (initial active 16) (16 cores per cpu, 2 threads per core) family 23 model 104 stepping 1 microcode 0x0, cmov, cx8, fxsr, mmx, sse, sse2, sse3, ssse3, sse4.1, sse4.2, popcnt, vzeroupper, avx, avx2, aes, clmul, 3dnowpref, lzcnt, sse4a, ht, tsc, tscinvbit, tscinv, bmi1, bmi2, adx, sha, fma, clflush, clflushopt

Memory: 4k page, system-wide physical 14181M (2616M free)
TotalPageFile size 26181M (AvailPageFile size 12198M)
current process WorkingSet (physical memory assigned to process): 360M, peak: 360M
current process commit charge ("private bytes"): 540M, peak: 540M

vm_info: Java HotSpot(TM) 64-Bit Server VM (15.0.2+7-27) for windows-amd64 JRE (15.0.2+7-27), built on Dec  7 2020 20:07:01 by "mach5one" with unknown MS VC++:1925

END.
