#
# A fatal error has been detected by the Java Runtime Environment:
#
#  EXCEPTION_ACCESS_VIOLATION (0xc0000005) at pc=0x00007ff981bb0aba, pid=16924, tid=17944
#
# JRE version: Java(TM) SE Runtime Environment (15.0.2+7) (build 15.0.2+7-27)
# Java VM: Java HotSpot(TM) 64-Bit Server VM (15.0.2+7-27, mixed mode, sharing, tiered, compressed oops, g1 gc, windows-amd64)
# Problematic frame:
# C  [lwjgl_opengl.dll+0x10aba]
#
# No core dump will be written. Minidumps are not enabled by default on client versions of Windows
#
# If you would like to submit a bug report, please visit:
#   https://bugreport.java.com/bugreport/crash.jsp
# The crash happened outside the Java Virtual Machine in native code.
# See problematic frame for where to report the bug.
#

---------------  S U M M A R Y ------------

Command Line: -Dfile.encoding=UTF-8 -agentlib:jdwp=transport=dt_shmem,address=javadebug mampos.Mampos

Host: AMD Ryzen 7 5700U with Radeon Graphics         , 16 cores, 13G,  Windows 10 , 64 bit Build 22621 (10.0.22621.4391)
Time: Fri Oct 25 11:11:18 2024 Hora estándar, América Central elapsed time: 4.782288 seconds (0d 0h 0m 4s)

---------------  T H R E A D  ---------------

Current thread (0x000001640c258720):  JavaThread "AWT-EventQueue-0" [_thread_in_native, id=17944, stack(0x0000005d09100000,0x0000005d09200000)]

Stack: [0x0000005d09100000,0x0000005d09200000],  sp=0x0000005d091fe4a8,  free space=1017k
Native frames: (J=compiled Java code, j=interpreted, Vv=VM code, C=native code)
C  [lwjgl_opengl.dll+0x10aba]

Java frames: (J=compiled Java code, j=interpreted, Vv=VM code)
j  org.lwjgl.opengl.GL30C.nglGenVertexArrays(IJ)V+0
j  org.lwjgl.opengl.GL30C.glGenVertexArrays()I+20
j  org.lwjgl.opengl.GL30.glGenVertexArrays()I+0
j  rendering.Controlador.createVAO()I+0
j  components.ControladorDeLosas.loadToVAO([F)Lcomponents/Losa;+0
j  rendering.Perfil.init(Lcom/jogamp/opengl/GLAutoDrawable;)V+76
j  jogamp.opengl.GLDrawableHelper.init(Lcom/jogamp/opengl/GLEventListener;Lcom/jogamp/opengl/GLAutoDrawable;Z)V+2
j  jogamp.opengl.GLDrawableHelper.init(Lcom/jogamp/opengl/GLAutoDrawable;Z)V+81
j  com.jogamp.opengl.awt.GLCanvas$9.run()V+26
j  jogamp.opengl.GLDrawableHelper.invokeGLImpl(Lcom/jogamp/opengl/GLDrawable;Lcom/jogamp/opengl/GLContext;Ljava/lang/Runnable;Ljava/lang/Runnable;)V+199
j  jogamp.opengl.GLDrawableHelper.invokeGL(Lcom/jogamp/opengl/GLDrawable;Lcom/jogamp/opengl/GLContext;Ljava/lang/Runnable;Ljava/lang/Runnable;)V+75
j  com.jogamp.opengl.awt.GLCanvas$11.run()V+104
j  java.awt.event.InvocationEvent.dispatch()V+11 java.desktop@15.0.2
j  java.awt.EventQueue.dispatchEventImpl(Ljava/awt/AWTEvent;Ljava/lang/Object;)V+21 java.desktop@15.0.2
j  java.awt.EventQueue$4.run()Ljava/lang/Void;+32 java.desktop@15.0.2
j  java.awt.EventQueue$4.run()Ljava/lang/Object;+1 java.desktop@15.0.2
J 1495 c1 java.security.AccessController.doPrivileged(Ljava/security/PrivilegedAction;Ljava/security/AccessControlContext;)Ljava/lang/Object; java.base@15.0.2 (17 bytes) @ 0x0000016470b321f4 [0x0000016470b32000+0x00000000000001f4]
j  java.security.ProtectionDomain$JavaSecurityAccessImpl.doIntersectionPrivilege(Ljava/security/PrivilegedAction;Ljava/security/AccessControlContext;Ljava/security/AccessControlContext;)Ljava/lang/Object;+18 java.base@15.0.2
j  java.awt.EventQueue.dispatchEvent(Ljava/awt/AWTEvent;)V+46 java.desktop@15.0.2
j  java.awt.EventDispatchThread.pumpOneEventForFilters(I)V+78 java.desktop@15.0.2
j  java.awt.EventDispatchThread.pumpEventsForFilter(ILjava/awt/Conditional;Ljava/awt/EventFilter;)V+35 java.desktop@15.0.2
j  java.awt.EventDispatchThread.pumpEventsForHierarchy(ILjava/awt/Conditional;Ljava/awt/Component;)V+11 java.desktop@15.0.2
j  java.awt.EventDispatchThread.pumpEvents(ILjava/awt/Conditional;)V+4 java.desktop@15.0.2
j  java.awt.EventDispatchThread.pumpEvents(Ljava/awt/Conditional;)V+3 java.desktop@15.0.2
j  java.awt.EventDispatchThread.run()V+9 java.desktop@15.0.2
v  ~StubRoutines::call_stub

siginfo: EXCEPTION_ACCESS_VIOLATION (0xc0000005), reading address 0x00000000000013c8


Register to memory mapping:

RIP=0x00007ff981bb0aba lwjgl_opengl.dll
RAX=0x0 is NULL
RBX={method} {0x000001641c1867c8} 'nglGenVertexArrays' '(IJ)V' in 'org/lwjgl/opengl/GL30C'
RCX=0x000001640c258a48 points into unknown readable memory: 0x000001640d03e250 | 50 e2 03 0d 64 01 00 00
RDX=0x000001641b42b6dc points into unknown readable memory: 00 00 00 00
RSP=0x0000005d091fe4a8 is pointing into the stack for thread: 0x000001640c258720
RBP=0x0000005d091fe538 is pointing into the stack for thread: 0x000001640c258720
RSI=0x000001641a1c1710 is pointing into metadata
RDI=0x0000000000000001 is an unknown value
R8 =0x0000000000000001 is an unknown value
R9 =0x000001641b42b6dc points into unknown readable memory: 00 00 00 00
R10=0x0000016470105ed3 is at code_begin+1971 in an Interpreter codelet
method entry point (kind = native)  [0x0000016470105720, 0x0000016470106a00]  4832 bytes
R11=0x0000000724017b80 is an oop: java.lang.Class 
{0x0000000724017b80} - klass: 'java/lang/Class'
R12=0x0 is NULL
R13={method} {0x000001641c1867c8} 'nglGenVertexArrays' '(IJ)V' in 'org/lwjgl/opengl/GL30C'
R14=0x0000005d091fe568 is pointing into the stack for thread: 0x000001640c258720
R15=0x000001640c258720 is a thread


Registers:
RAX=0x0000000000000000, RBX=0x000001641c1867c0, RCX=0x000001640c258a48, RDX=0x000001641b42b6dc
RSP=0x0000005d091fe4a8, RBP=0x0000005d091fe538, RSI=0x000001641a1c1710, RDI=0x0000000000000001
R8 =0x0000000000000001, R9 =0x000001641b42b6dc, R10=0x0000016470105ed3, R11=0x0000000724017b80
R12=0x0000000000000000, R13=0x000001641c1867c0, R14=0x0000005d091fe568, R15=0x000001640c258720
RIP=0x00007ff981bb0aba, EFLAGS=0x0000000000010206

Top of Stack: (sp=0x0000005d091fe4a8)
0x0000005d091fe4a8:   0000016470105f02 0000000000000001
0x0000005d091fe4b8:   000001647010581c 000001641c1867c0
0x0000005d091fe4c8:   000001641a1c1710 0000005d091fe4e8
0x0000005d091fe4d8:   0000005d091fe550 00000164700fbf6e
0x0000005d091fe4e8:   00000164701057d6 0000005d091fe4f0
0x0000005d091fe4f8:   000001641c1867c0 0000005d091fe568
0x0000005d091fe508:   000001641c1bced0 0000000000000000
0x0000005d091fe518:   0000000724017b80 000001641c1867c0
0x0000005d091fe528:   0000000000000000 0000005d091fe558
0x0000005d091fe538:   0000005d091fe5b8 00000164700fcda0
0x0000005d091fe548:   0000000724017b80 0000016470100f38
0x0000005d091fe558:   000001641b42b6dc 0000000000000000
0x0000005d091fe568:   0000000000000001 0000005d091fe570
0x0000005d091fe578:   000001641c186944 0000005d091fe5e8
0x0000005d091fe588:   000001641c1bced0 0000000000000000
0x0000005d091fe598:   0000000724017b80 000001641c1869b0 

Instructions: (pc=0x00007ff981bb0aba)
0x00007ff981bb09ba:   c1 49 ff e1 cc cc 48 8b 01 48 8b 40 18 44 89 c1
0x00007ff981bb09ca:   48 ff a0 98 13 00 00 cc cc cc cc cc cc cc cc cc
0x00007ff981bb09da:   cc cc cc cc cc cc 48 8b 01 48 8b 40 18 48 ff a0
0x00007ff981bb09ea:   a0 13 00 00 cc cc 44 89 ca 44 89 c0 4c 8b 44 24
0x00007ff981bb09fa:   28 44 8b 4c 24 30 48 8b 09 48 8b 49 18 4c 8b 91
0x00007ff981bb0a0a:   a8 13 00 00 89 c1 49 ff e2 cc cc cc cc cc cc cc
0x00007ff981bb0a1a:   cc cc cc cc cc cc 48 83 ec 38 44 89 ca 44 89 c0
0x00007ff981bb0a2a:   44 8b 44 24 60 4c 8b 4c 24 68 0f 28 44 24 70 4c
0x00007ff981bb0a3a:   8b 94 24 80 00 00 00 48 8b 09 4c 8b 59 18 4c 89
0x00007ff981bb0a4a:   54 24 30 0f 11 44 24 20 89 c1 41 ff 93 b0 13 00
0x00007ff981bb0a5a:   00 90 48 83 c4 38 c3 cc cc cc cc cc cc cc cc cc
0x00007ff981bb0a6a:   cc cc cc cc cc cc 48 8b 01 48 8b 40 18 44 89 c1
0x00007ff981bb0a7a:   48 ff a0 b8 13 00 00 cc cc cc cc cc cc cc cc cc
0x00007ff981bb0a8a:   cc cc cc cc cc cc 4c 89 ca 48 8b 01 48 8b 40 18
0x00007ff981bb0a9a:   48 8b 80 c0 13 00 00 44 89 c1 48 ff e0 cc cc cc
0x00007ff981bb0aaa:   cc cc cc cc cc cc 4c 89 ca 48 8b 01 48 8b 40 18
0x00007ff981bb0aba:   48 8b 80 c8 13 00 00 44 89 c1 48 ff e0 cc cc cc
0x00007ff981bb0aca:   cc cc cc cc cc cc 48 8b 01 48 8b 40 18 44 89 c1
0x00007ff981bb0ada:   48 ff a0 d0 13 00 00 cc cc cc cc cc cc cc cc cc
0x00007ff981bb0aea:   cc cc cc cc cc cc 44 89 ca 44 89 c0 44 8b 44 24
0x00007ff981bb0afa:   28 44 8b 4c 24 30 48 8b 09 48 8b 49 18 4c 8b 91
0x00007ff981bb0b0a:   d8 13 00 00 89 c1 49 ff e2 cc cc cc cc cc cc cc
0x00007ff981bb0b1a:   cc cc cc cc cc cc 48 83 ec 28 44 89 ca 44 89 c0
0x00007ff981bb0b2a:   44 8b 44 24 50 4c 8b 4c 24 58 44 8b 54 24 60 48
0x00007ff981bb0b3a:   8b 09 4c 8b 59 18 44 89 54 24 20 89 c1 41 ff 93
0x00007ff981bb0b4a:   e0 13 00 00 90 48 83 c4 28 c3 cc cc cc cc cc cc
0x00007ff981bb0b5a:   cc cc cc cc cc cc 48 83 ec 28 44 89 ca 44 89 c0
0x00007ff981bb0b6a:   4c 8b 44 24 50 4c 8b 4c 24 58 4c 8b 54 24 60 48
0x00007ff981bb0b7a:   8b 09 4c 8b 59 18 4c 89 54 24 20 89 c1 41 ff 93
0x00007ff981bb0b8a:   e8 13 00 00 90 48 83 c4 28 c3 cc cc cc cc cc cc
0x00007ff981bb0b9a:   cc cc cc cc cc cc 48 8b 01 48 8b 40 18 44 89 c1
0x00007ff981bb0baa:   48 ff a0 f0 13 00 00 cc cc cc cc cc cc cc cc cc 


Stack slot to memory mapping:
stack at sp + 0 slots: 0x0000016470105f02 is at code_begin+2018 in an Interpreter codelet
method entry point (kind = native)  [0x0000016470105720, 0x0000016470106a00]  4832 bytes
stack at sp + 1 slots: 0x0000000000000001 is an unknown value
stack at sp + 2 slots: 0x000001647010581c is at code_begin+252 in an Interpreter codelet
method entry point (kind = native)  [0x0000016470105720, 0x0000016470106a00]  4832 bytes
stack at sp + 3 slots: {method} {0x000001641c1867c8} 'nglGenVertexArrays' '(IJ)V' in 'org/lwjgl/opengl/GL30C'
stack at sp + 4 slots: 0x000001641a1c1710 is pointing into metadata
stack at sp + 5 slots: 0x0000005d091fe4e8 is pointing into the stack for thread: 0x000001640c258720
stack at sp + 6 slots: 0x0000005d091fe550 is pointing into the stack for thread: 0x000001640c258720
stack at sp + 7 slots: 0x00000164700fbf6e is at code_begin+3950 in an Interpreter codelet
invoke return entry points  [0x00000164700fb000, 0x00000164700fd0c0]  8384 bytes


---------------  P R O C E S S  ---------------

Threads class SMR info:
_java_thread_list=0x0000016415f52740, length=31, elements={
0x000001640ae2dcb0, 0x000001640ae2e690, 0x000001640b6468e0, 0x000001640b6491b0,
0x000001640b649a70, 0x000001640b64a660, 0x000001640b652f70, 0x000001640b658d80,
0x000001640b7745b0, 0x000001640b7a5330, 0x000001640b7c34d0, 0x000001640b7c5b90,
0x000001640b7c6690, 0x000001640b7d2800, 0x000001640b7f0a40, 0x000001640bf2fbf0,
0x000001640c114640, 0x000001640c115530, 0x000001640c258720, 0x0000016467ed3560,
0x000001640c280830, 0x000001640c9b03b0, 0x0000016416437490, 0x00000164163bf7a0,
0x0000016417ab26a0, 0x000001640d179d60, 0x000001640d17ba40, 0x0000016415d9b380,
0x000001640d1793c0, 0x000001640d17b0a0, 0x000001640d179890
}

Java Threads: ( => current thread )
  0x000001640ae2dcb0 JavaThread "Reference Handler" daemon [_thread_blocked, id=6804, stack(0x0000005d07d00000,0x0000005d07e00000)]
  0x000001640ae2e690 JavaThread "Finalizer" daemon [_thread_blocked, id=15520, stack(0x0000005d07e00000,0x0000005d07f00000)]
  0x000001640b6468e0 JavaThread "Signal Dispatcher" daemon [_thread_blocked, id=3856, stack(0x0000005d07f00000,0x0000005d08000000)]
  0x000001640b6491b0 JavaThread "Attach Listener" daemon [_thread_blocked, id=2768, stack(0x0000005d08000000,0x0000005d08100000)]
  0x000001640b649a70 JavaThread "Service Thread" daemon [_thread_blocked, id=18152, stack(0x0000005d08100000,0x0000005d08200000)]
  0x000001640b64a660 JavaThread "C2 CompilerThread0" daemon [_thread_blocked, id=3232, stack(0x0000005d08200000,0x0000005d08300000)]
  0x000001640b652f70 JavaThread "C1 CompilerThread0" daemon [_thread_blocked, id=348, stack(0x0000005d08300000,0x0000005d08400000)]
  0x000001640b658d80 JavaThread "Sweeper thread" daemon [_thread_blocked, id=6840, stack(0x0000005d08400000,0x0000005d08500000)]
  0x000001640b7745b0 JavaThread "C1 CompilerThread1" daemon [_thread_blocked, id=5732, stack(0x0000005d08500000,0x0000005d08600000)]
  0x000001640b7a5330 JavaThread "C1 CompilerThread2" daemon [_thread_blocked, id=14004, stack(0x0000005d08600000,0x0000005d08700000)]
  0x000001640b7c34d0 JavaThread "JDWP Transport Listener: dt_shmem" daemon [_thread_blocked, id=16844, stack(0x0000005d08700000,0x0000005d08800000)]
  0x000001640b7c5b90 JavaThread "JDWP Event Helper Thread" daemon [_thread_blocked, id=4560, stack(0x0000005d08800000,0x0000005d08900000)]
  0x000001640b7c6690 JavaThread "JDWP Command Reader" daemon [_thread_in_native, id=1192, stack(0x0000005d08900000,0x0000005d08a00000)]
  0x000001640b7d2800 JavaThread "Notification Thread" daemon [_thread_blocked, id=11416, stack(0x0000005d08a00000,0x0000005d08b00000)]
  0x000001640b7f0a40 JavaThread "Common-Cleaner" daemon [_thread_blocked, id=8600, stack(0x0000005d08c00000,0x0000005d08d00000)]
  0x000001640bf2fbf0 JavaThread "Java2D Disposer" daemon [_thread_blocked, id=15684, stack(0x0000005d08e00000,0x0000005d08f00000)]
  0x000001640c114640 JavaThread "AWT-Shutdown" [_thread_blocked, id=10324, stack(0x0000005d08f00000,0x0000005d09000000)]
  0x000001640c115530 JavaThread "AWT-Windows" daemon [_thread_in_native, id=3468, stack(0x0000005d09000000,0x0000005d09100000)]
=>0x000001640c258720 JavaThread "AWT-EventQueue-0" [_thread_in_native, id=17944, stack(0x0000005d09100000,0x0000005d09200000)]
  0x0000016467ed3560 JavaThread "DestroyJavaVM" [_thread_blocked, id=184, stack(0x0000005d07600000,0x0000005d07700000)]
  0x000001640c280830 JavaThread "org.netbeans.modules.debugger.jpda.visual AWT Access Loop" daemon [_thread_blocked, id=10680, stack(0x0000005d09200000,0x0000005d09300000)]
  0x000001640c9b03b0 JavaThread "AWT-EventQueue-0-SharedResourceRunner" daemon [_thread_blocked, id=18384, stack(0x0000005d0a300000,0x0000005d0a400000)]
  0x0000016416437490 JavaThread "C1 CompilerThread3" daemon [_thread_blocked, id=18268, stack(0x0000005d0a800000,0x0000005d0a900000)]
  0x00000164163bf7a0 JavaThread "C2 CompilerThread1" daemon [_thread_blocked, id=11180, stack(0x0000005d0a900000,0x0000005d0aa00000)]
  0x0000016417ab26a0 JavaThread "AWT-EventQueue-0-AWTAnimator#00" [_thread_blocked, id=11564, stack(0x0000005d0a500000,0x0000005d0a600000)]
  0x000001640d179d60 JavaThread "AWT-EventQueue-0-AWTAnimator#01" [_thread_blocked, id=3656, stack(0x0000005d0ab00000,0x0000005d0ac00000)]
  0x000001640d17ba40 JavaThread "AWT-EventQueue-0-AWTAnimator#02" [_thread_blocked, id=17368, stack(0x0000005d0ac00000,0x0000005d0ad00000)]
  0x0000016415d9b380 JavaThread "C2 CompilerThread2" daemon [_thread_in_native, id=3424, stack(0x0000005d0ad00000,0x0000005d0ae00000)]
  0x000001640d1793c0 JavaThread "Image Fetcher 0" daemon [_thread_blocked, id=4504, stack(0x0000005d0ae00000,0x0000005d0af00000)]
  0x000001640d17b0a0 JavaThread "TimerQueue" daemon [_thread_blocked, id=17924, stack(0x0000005d0b500000,0x0000005d0b600000)]
  0x000001640d179890 JavaThread "D3D Screen Updater" daemon [_thread_blocked, id=18280, stack(0x0000005d0b800000,0x0000005d0b900000)]

Other Threads:
  0x000001640ae2a610 VMThread "VM Thread" [stack: 0x0000005d07c00000,0x0000005d07d00000] [id=8728]
  0x000001640b7ded30 WatcherThread [stack: 0x0000005d08b00000,0x0000005d08c00000] [id=3308]
  0x0000016467f20020 GCTaskThread "GC Thread#0" [stack: 0x0000005d07700000,0x0000005d07800000] [id=12272]
  0x000001640c111340 GCTaskThread "GC Thread#1" [stack: 0x0000005d09e00000,0x0000005d09f00000] [id=8904]
  0x000001640c113650 GCTaskThread "GC Thread#2" [stack: 0x0000005d09f00000,0x0000005d0a000000] [id=1896]
  0x000001640c113980 GCTaskThread "GC Thread#3" [stack: 0x0000005d0a000000,0x0000005d0a100000] [id=404]
  0x000001640c785310 GCTaskThread "GC Thread#4" [stack: 0x0000005d0a100000,0x0000005d0a200000] [id=3496]
  0x000001640c783660 GCTaskThread "GC Thread#5" [stack: 0x0000005d0a200000,0x0000005d0a300000] [id=6100]
  0x000001640c786630 GCTaskThread "GC Thread#6" [stack: 0x0000005d0af00000,0x0000005d0b000000] [id=17664]
  0x000001640c784cb0 GCTaskThread "GC Thread#7" [stack: 0x0000005d0b000000,0x0000005d0b100000] [id=7776]
  0x000001640c785ca0 GCTaskThread "GC Thread#8" [stack: 0x0000005d0b100000,0x0000005d0b200000] [id=3472]
  0x000001640c785970 GCTaskThread "GC Thread#9" [stack: 0x0000005d0b200000,0x0000005d0b300000] [id=5864]
  0x000001640c785fd0 GCTaskThread "GC Thread#10" [stack: 0x0000005d0b300000,0x0000005d0b400000] [id=13240]
  0x000001640c786960 GCTaskThread "GC Thread#11" [stack: 0x0000005d0b400000,0x0000005d0b500000] [id=3448]
  0x0000016467f2ff90 ConcurrentGCThread "G1 Main Marker" [stack: 0x0000005d07800000,0x0000005d07900000] [id=18380]
  0x0000016467f30b80 ConcurrentGCThread "G1 Conc#0" [stack: 0x0000005d07900000,0x0000005d07a00000] [id=17988]
  0x000001640c783990 ConcurrentGCThread "G1 Conc#1" [stack: 0x0000005d0b600000,0x0000005d0b700000] [id=12148]
  0x000001640c784650 ConcurrentGCThread "G1 Conc#2" [stack: 0x0000005d0b700000,0x0000005d0b800000] [id=15196]
  0x0000016467f8d650 ConcurrentGCThread "G1 Refine#0" [stack: 0x0000005d07a00000,0x0000005d07b00000] [id=17692]
  0x000001640aca43a0 ConcurrentGCThread "G1 Young RemSet Sampling" [stack: 0x0000005d07b00000,0x0000005d07c00000] [id=12712]

Threads with active compile tasks:
C2 CompilerThread2     4818 2147   !   4       java.net.URL::<init> (543 bytes)

VM state: not at safepoint (normal execution)

VM Mutex/Monitor currently owned by a thread: None

Heap address: 0x0000000722600000, size: 3546 MB, Compressed Oops mode: Zero based, Oop shift amount: 3
CDS archive(s) mapped at: [0x0000000800000000-0x0000000800b50000-0x0000000800b50000), size 11862016, SharedBaseAddress: 0x0000000800000000, ArchiveRelocationMode: 0.
Compressed class space mapped at: 0x0000000800b50000-0x0000000840b50000, size: 1073741824
Narrow klass base: 0x0000000800000000, Narrow klass shift: 3, Narrow klass range: 0x100000000

GC Precious Log:
 CPUs: 16 total, 16 available
 Memory: 14181M
 Large Page Support: Disabled
 NUMA Support: Disabled
 Compressed Oops: Enabled (Zero based)
 Heap Region Size: 2M
 Heap Min Capacity: 8M
 Heap Initial Capacity: 222M
 Heap Max Capacity: 3546M
 Pre-touch: Disabled
 Parallel Workers: 13
 Concurrent Workers: 3
 Concurrent Refinement Workers: 13
 Periodic GC: Disabled

Heap:
 garbage-first heap   total 49152K, used 25416K [0x0000000722600000, 0x0000000800000000)
  region size 2048K, 11 young (22528K), 2 survivors (4096K)
 Metaspace       used 25720K, capacity 26023K, committed 26368K, reserved 1073152K
  class space    used 2876K, capacity 2956K, committed 3072K, reserved 1048576K

Heap Regions: E=young(eden), S=young(survivor), O=old, HS=humongous(starts), HC=humongous(continues), CS=collection set, F=free, OA=open archive, CA=closed archive, TAMS=top-at-mark-start (previous, next)
|   0|0x0000000722600000, 0x0000000722800000, 0x0000000722800000|100%| O|  |TAMS 0x0000000722800000, 0x0000000722600000| Untracked 
|   1|0x0000000722800000, 0x0000000722a00000, 0x0000000722a00000|100%| O|  |TAMS 0x0000000722a00000, 0x0000000722800000| Untracked 
|   2|0x0000000722a00000, 0x0000000722b03000, 0x0000000722c00000| 50%| O|  |TAMS 0x0000000722b03000, 0x0000000722a00000| Untracked 
|   3|0x0000000722c00000, 0x0000000722c00000, 0x0000000722e00000|  0%| F|  |TAMS 0x0000000722c00000, 0x0000000722c00000| Untracked 
|   4|0x0000000722e00000, 0x0000000722e00000, 0x0000000723000000|  0%| F|  |TAMS 0x0000000722e00000, 0x0000000722e00000| Untracked 
|   5|0x0000000723000000, 0x0000000723000000, 0x0000000723200000|  0%| F|  |TAMS 0x0000000723000000, 0x0000000723000000| Untracked 
|   6|0x0000000723200000, 0x0000000723200000, 0x0000000723400000|  0%| F|  |TAMS 0x0000000723200000, 0x0000000723200000| Untracked 
|   7|0x0000000723400000, 0x0000000723400000, 0x0000000723600000|  0%| F|  |TAMS 0x0000000723400000, 0x0000000723400000| Untracked 
|   8|0x0000000723600000, 0x0000000723600000, 0x0000000723800000|  0%| F|  |TAMS 0x0000000723600000, 0x0000000723600000| Untracked 
|   9|0x0000000723800000, 0x0000000723800000, 0x0000000723a00000|  0%| F|  |TAMS 0x0000000723800000, 0x0000000723800000| Untracked 
|  10|0x0000000723a00000, 0x0000000723a00000, 0x0000000723c00000|  0%| F|  |TAMS 0x0000000723a00000, 0x0000000723a00000| Untracked 
|  11|0x0000000723c00000, 0x0000000723c00000, 0x0000000723e00000|  0%| F|  |TAMS 0x0000000723c00000, 0x0000000723c00000| Untracked 
|  12|0x0000000723e00000, 0x0000000723e00000, 0x0000000724000000|  0%| F|  |TAMS 0x0000000723e00000, 0x0000000723e00000| Untracked 
|  13|0x0000000724000000, 0x0000000724101c10, 0x0000000724200000| 50%| E|  |TAMS 0x0000000724000000, 0x0000000724000000| Complete 
|  14|0x0000000724200000, 0x0000000724400000, 0x0000000724400000|100%| E|CS|TAMS 0x0000000724200000, 0x0000000724200000| Complete 
|  15|0x0000000724400000, 0x0000000724600000, 0x0000000724600000|100%| E|CS|TAMS 0x0000000724400000, 0x0000000724400000| Complete 
|  16|0x0000000724600000, 0x0000000724800000, 0x0000000724800000|100%| E|CS|TAMS 0x0000000724600000, 0x0000000724600000| Complete 
|  17|0x0000000724800000, 0x0000000724a00000, 0x0000000724a00000|100%| E|CS|TAMS 0x0000000724800000, 0x0000000724800000| Complete 
|  18|0x0000000724a00000, 0x0000000724c00000, 0x0000000724c00000|100%| E|CS|TAMS 0x0000000724a00000, 0x0000000724a00000| Complete 
|  19|0x0000000724c00000, 0x0000000724e00000, 0x0000000724e00000|100%| E|CS|TAMS 0x0000000724c00000, 0x0000000724c00000| Complete 
|  83|0x000000072cc00000, 0x000000072cdcf398, 0x000000072ce00000| 90%| S|CS|TAMS 0x000000072cc00000, 0x000000072cc00000| Complete 
|  84|0x000000072ce00000, 0x000000072d000000, 0x000000072d000000|100%| S|CS|TAMS 0x000000072ce00000, 0x000000072ce00000| Complete 
| 109|0x0000000730000000, 0x0000000730200000, 0x0000000730200000|100%| E|CS|TAMS 0x0000000730000000, 0x0000000730000000| Complete 
| 110|0x0000000730200000, 0x0000000730400000, 0x0000000730400000|100%| E|CS|TAMS 0x0000000730200000, 0x0000000730200000| Complete 

Card table byte_map: [0x00000164006f0000,0x0000016400de0000] _byte_map_base: 0x00000163fcddd000

Marking Bits (Prev, Next): (CMBitMap*) 0x0000016467f208d0, (CMBitMap*) 0x0000016467f20890
 Prev Bits: [0x0000016404c40000, 0x00000164083a8000)
 Next Bits: [0x00000164014d0000, 0x0000016404c38000)

Polling page: 0x0000016467690000

Metaspace:

Usage:
  Non-class:     22.53 MB capacity,    22.31 MB (>99%) used,   190.34 KB ( <1%) free+waste,    32.56 KB ( <1%) overhead. 
      Class:      2.89 MB capacity,     2.81 MB ( 97%) used,    67.39 KB (  2%) free+waste,    11.94 KB ( <1%) overhead. 
       Both:     25.41 MB capacity,    25.12 MB ( 99%) used,   257.73 KB ( <1%) free+waste,    44.50 KB ( <1%) overhead. 

Virtual space:
  Non-class space:       24.00 MB reserved,      22.75 MB ( 95%) committed 
      Class space:        1.00 GB reserved,       3.00 MB ( <1%) committed 
             Both:        1.02 GB reserved,      25.75 MB (  2%) committed 

Chunk freelists:
   Non-Class:  37.00 KB
       Class:  20.00 KB
        Both:  57.00 KB

MaxMetaspaceSize: 17179869184.00 GB
CompressedClassSpaceSize: 1.00 GB

CodeHeap 'non-profiled nmethods': size=119168Kb used=999Kb max_used=999Kb free=118168Kb
 bounds [0x0000016477c90000, 0x0000016477f00000, 0x000001647f0f0000]
CodeHeap 'profiled nmethods': size=119104Kb used=4402Kb max_used=4402Kb free=114701Kb
 bounds [0x0000016470840000, 0x0000016470c90000, 0x0000016477c90000]
CodeHeap 'non-nmethods': size=7488Kb used=3833Kb max_used=3866Kb free=3654Kb
 bounds [0x00000164700f0000, 0x00000164704c0000, 0x0000016470840000]
 total_blobs=3871 nmethods=2278 adapters=1502
 compilation: enabled
              stopped_count=0, restarted_count=0
 full_count=0

Compilation events (20 events):
Event: 4.754 Thread 0x000001640b7745b0 2268       3       java.nio.MappedByteBuffer::flip (7 bytes)
Event: 4.754 Thread 0x000001640b7745b0 nmethod 2268 0x0000016470c88090 code [0x0000016470c88240, 0x0000016470c88418]
Event: 4.754 Thread 0x000001640b7745b0 2269       3       sun.nio.ch.IOStatus::normalize (10 bytes)
Event: 4.754 Thread 0x0000016416437490 nmethod 2267 0x0000016470c88510 code [0x0000016470c886c0, 0x0000016470c888f8]
Event: 4.754 Thread 0x000001640b7745b0 nmethod 2269 0x0000016470c88a10 code [0x0000016470c88ba0, 0x0000016470c88cd8]
Event: 4.754 Thread 0x000001640b652f70 nmethod 2263 0x0000016470c88d90 code [0x0000016470c89000, 0x0000016470c89968]
Event: 4.755 Thread 0x000001640b7a5330 nmethod 2262 0x0000016470c89d10 code [0x0000016470c8a020, 0x0000016470c8b068]
Event: 4.765 Thread 0x000001640b7a5330 2271       3       java.lang.Integer::toUnsignedLong (7 bytes)
Event: 4.765 Thread 0x0000016416437490 2273       3       org.lwjgl.system.MemoryUtil::write8 (19 bytes)
Event: 4.766 Thread 0x000001640b652f70 2274       3       sun.misc.Unsafe::putByte (11 bytes)
Event: 4.766 Thread 0x000001640b7a5330 nmethod 2271 0x0000016470c8b890 code [0x0000016470c8ba20, 0x0000016470c8bb18]
Event: 4.766 Thread 0x000001640b652f70 nmethod 2274 0x0000016470c8bb90 code [0x0000016470c8bd20, 0x0000016470c8be18]
Event: 4.766 Thread 0x0000016416437490 nmethod 2273 0x0000016470c8be90 code [0x0000016470c8c040, 0x0000016470c8c298]
Event: 4.767 Thread 0x000001640b7745b0 2275       3       sun.misc.Unsafe::putLong (11 bytes)
Event: 4.767 Thread 0x000001640b7a5330 2276       3       org.lwjgl.system.MemoryUtil::memPutAddress (29 bytes)
Event: 4.767 Thread 0x00000164163bf7a0 2277       4       java.lang.Integer::toUnsignedLong (7 bytes)
Event: 4.767 Thread 0x000001640b7a5330 nmethod 2276 0x0000016470c8c390 code [0x0000016470c8c540, 0x0000016470c8c738]
Event: 4.767 Thread 0x000001640b7745b0 nmethod 2275 0x0000016470c8c810 code [0x0000016470c8c9a0, 0x0000016470c8ca98]
Event: 4.767 Thread 0x00000164163bf7a0 nmethod 2277 0x0000016477d7bd90 code [0x0000016477d7bf00, 0x0000016477d7bf38]
Event: 4.773 Thread 0x00000164163bf7a0 2278       4       java.util.concurrent.ConcurrentHashMap$Traverser::advance (188 bytes)

GC Heap History (6 events):
Event: 2.369 GC heap before
{Heap before GC invocations=0 (full 0):
 garbage-first heap   total 227328K, used 20480K [0x0000000722600000, 0x0000000800000000)
  region size 2048K, 11 young (22528K), 0 survivors (0K)
 Metaspace       used 7960K, capacity 8148K, committed 8320K, reserved 1056768K
  class space    used 757K, capacity 813K, committed 896K, reserved 1048576K
}
Event: 2.374 GC heap after
{Heap after GC invocations=1 (full 0):
 garbage-first heap   total 227328K, used 5325K [0x0000000722600000, 0x0000000800000000)
  region size 2048K, 2 young (4096K), 2 survivors (4096K)
 Metaspace       used 7960K, capacity 8148K, committed 8320K, reserved 1056768K
  class space    used 757K, capacity 813K, committed 896K, reserved 1048576K
}
Event: 3.682 GC heap before
{Heap before GC invocations=1 (full 0):
 garbage-first heap   total 227328K, used 31949K [0x0000000722600000, 0x0000000800000000)
  region size 2048K, 15 young (30720K), 2 survivors (4096K)
 Metaspace       used 13239K, capacity 13392K, committed 13824K, reserved 1062912K
  class space    used 1130K, capacity 1181K, committed 1280K, reserved 1048576K
}
Event: 3.686 GC heap after
{Heap after GC invocations=2 (full 0):
 garbage-first heap   total 227328K, used 7117K [0x0000000722600000, 0x0000000800000000)
  region size 2048K, 1 young (2048K), 1 survivors (2048K)
 Metaspace       used 13239K, capacity 13392K, committed 13824K, reserved 1062912K
  class space    used 1130K, capacity 1181K, committed 1280K, reserved 1048576K
}
Event: 4.277 GC heap before
{Heap before GC invocations=2 (full 0):
 garbage-first heap   total 227328K, used 56269K [0x0000000722600000, 0x0000000800000000)
  region size 2048K, 26 young (53248K), 1 survivors (2048K)
 Metaspace       used 20811K, capacity 21003K, committed 21248K, reserved 1069056K
  class space    used 2371K, capacity 2437K, committed 2560K, reserved 1048576K
}
Event: 4.280 GC heap after
{Heap after GC invocations=3 (full 0):
 garbage-first heap   total 227328K, used 9032K [0x0000000722600000, 0x0000000800000000)
  region size 2048K, 2 young (4096K), 2 survivors (4096K)
 Metaspace       used 20811K, capacity 21003K, committed 21248K, reserved 1069056K
  class space    used 2371K, capacity 2437K, committed 2560K, reserved 1048576K
}

Deoptimization events (20 events):
Event: 4.594 Thread 0x000001640d17ba40 Uncommon trap: trap_request=0xffffff45 fr.pc=0x0000016477d0bbf8 relative=0x0000000000000058
Event: 4.594 Thread 0x000001640d17ba40 Uncommon trap: reason=unstable_if action=reinterpret pc=0x0000016477d0bbf8 method=com.jogamp.opengl.awt.GLCanvas.display()V @ 4 c2
Event: 4.594 Thread 0x000001640d17ba40 DEOPT PACKING pc=0x0000016477d0bbf8 sp=0x0000005d0acff3d0
Event: 4.594 Thread 0x000001640d17ba40 DEOPT UNPACKING pc=0x000001647013e42f sp=0x0000005d0acff368 mode 2
Event: 4.678 Thread 0x000001640c258720 Uncommon trap: trap_request=0xffffff54 fr.pc=0x0000016477d1662c relative=0x00000000000015ec
Event: 4.678 Thread 0x000001640c258720 Uncommon trap: reason=speculate_null_assert action=make_not_entrant pc=0x0000016477d1662c method=jdk.internal.loader.URLClassPath$JarLoader.getResource(Ljava/lang/String;ZLjava/util/Set;)Ljdk/internal/loader/Resource; @ 17 c2
Event: 4.678 Thread 0x000001640c258720 DEOPT PACKING pc=0x0000016477d1662c sp=0x0000005d091f81f0
Event: 4.678 Thread 0x000001640c258720 DEOPT UNPACKING pc=0x000001647013e42f sp=0x0000005d091f81c8 mode 2
Event: 4.698 Thread 0x000001640c258720 Uncommon trap: trap_request=0xffffff54 fr.pc=0x0000016477d10514 relative=0x0000000000000b34
Event: 4.698 Thread 0x000001640c258720 Uncommon trap: reason=speculate_null_assert action=make_not_entrant pc=0x0000016477d10514 method=java.util.jar.JarFile.getVersionedEntry(Ljava/lang/String;Ljava/util/jar/JarEntry;)Ljava/util/jar/JarEntry; @ 114 c2
Event: 4.698 Thread 0x000001640c258720 DEOPT PACKING pc=0x0000016477d10514 sp=0x0000005d091f9560
Event: 4.698 Thread 0x000001640c258720 DEOPT UNPACKING pc=0x000001647013e42f sp=0x0000005d091f9528 mode 2
Event: 4.698 Thread 0x000001640c258720 Uncommon trap: trap_request=0xffffff45 fr.pc=0x0000016477d18de0 relative=0x0000000000001040
Event: 4.698 Thread 0x000001640c258720 Uncommon trap: reason=unstable_if action=reinterpret pc=0x0000016477d18de0 method=java.util.jar.JarFile.getEntry(Ljava/lang/String;)Ljava/util/zip/ZipEntry; @ 15 c2
Event: 4.698 Thread 0x000001640c258720 DEOPT PACKING pc=0x0000016477d18de0 sp=0x0000005d091f95f0
Event: 4.698 Thread 0x000001640c258720 DEOPT UNPACKING pc=0x000001647013e42f sp=0x0000005d091f9550 mode 2
Event: 4.734 Thread 0x000001640c258720 Uncommon trap: trap_request=0xffffff45 fr.pc=0x0000016477d1d058 relative=0x0000000000001298
Event: 4.734 Thread 0x000001640c258720 Uncommon trap: reason=unstable_if action=reinterpret pc=0x0000016477d1d058 method=jdk.internal.util.jar.JarIndex.get(Ljava/lang/String;)Ljava/util/LinkedList; @ 27 c2
Event: 4.734 Thread 0x000001640c258720 DEOPT PACKING pc=0x0000016477d1d058 sp=0x0000005d091fb7a0
Event: 4.734 Thread 0x000001640c258720 DEOPT UNPACKING pc=0x000001647013e42f sp=0x0000005d091fb7b8 mode 2

Classes unloaded (0 events):
No events

Classes redefined (0 events):
No events

Internal exceptions (20 events):
Event: 3.575 Thread 0x000001640c258720 Implicit null exception at 0x0000016477cca5d8 to 0x0000016477cca66a
Event: 3.581 Thread 0x000001640c258720 Implicit null exception at 0x0000016477cfc733 to 0x0000016477cfcaa8
Event: 3.653 Thread 0x000001640c258720 Exception <a 'java/lang/NoSuchMethodError'{0x000000072e9dc828}: 'void java.lang.invoke.DirectMethodHandle$Holder.invokeStaticInit(java.lang.Object)'> (0x000000072e9dc828) 
thrown [./open/src/hotspot/share/interpreter/linkResolver.cpp, line 782]
Event: 3.690 Thread 0x000001640d1793c0 Exception <a 'java/lang/NoSuchMethodError'{0x00000007302127d0}: 'java.lang.Object java.lang.invoke.DirectMethodHandle$Holder.newInvokeSpecial(java.lang.Object, java.lang.Object, java.lang.Object, int, int, int, int, int)'> (0x00000007302127d0) 
thrown [./open/src/hotspot/share/interpreter/linkResolver.cpp, line 782]
Event: 3.740 Thread 0x000001640c258720 Exception <a 'java/lang/NoSuchMethodError'{0x000000072fe8dc48}: 'java.lang.Object java.lang.invoke.DirectMethodHandle$Holder.invokeInterface(java.lang.Object, java.lang.Object)'> (0x000000072fe8dc48) 
thrown [./open/src/hotspot/share/interpreter/linkResolver.cpp, line 782]
Event: 4.683 Thread 0x000001640c258720 Exception <a 'java/lang/NoSuchMethodError'{0x00000007244a0a68}: 'java.lang.Object java.lang.invoke.DirectMethodHandle$Holder.invokeStatic(java.lang.Object, java.lang.Object, int)'> (0x00000007244a0a68) 
thrown [./open/src/hotspot/share/interpreter/linkResolver.cpp, line 782]
Event: 4.684 Thread 0x000001640c258720 Exception <a 'java/lang/NoSuchMethodError'{0x00000007244ac290}: 'void java.lang.invoke.DelegatingMethodHandle$Holder.delegate(java.lang.Object, java.lang.Object, int, java.lang.Object)'> (0x00000007244ac290) 
thrown [./open/src/hotspot/share/interpreter/linkResolver.cpp, line 782]
Event: 4.684 Thread 0x000001640c258720 Exception <a 'java/lang/NoSuchMethodError'{0x00000007244b0438}: 'int java.lang.invoke.DirectMethodHandle$Holder.invokeSpecial(java.lang.Object, java.lang.Object, java.lang.Object)'> (0x00000007244b0438) 
thrown [./open/src/hotspot/share/interpreter/linkResolver.cpp, line 782]
Event: 4.717 Thread 0x000001640c258720 Exception <a 'sun/nio/fs/WindowsException'{0x0000000724575c88}> (0x0000000724575c88) 
thrown [./open/src/hotspot/share/prims/jni.cpp, line 578]
Event: 4.717 Thread 0x000001640c258720 Exception <a 'sun/nio/fs/WindowsException'{0x0000000724575fd8}> (0x0000000724575fd8) 
thrown [./open/src/hotspot/share/prims/jni.cpp, line 578]
Event: 4.729 Thread 0x000001640c258720 Exception <a 'sun/nio/fs/WindowsException'{0x0000000724252b58}> (0x0000000724252b58) 
thrown [./open/src/hotspot/share/prims/jni.cpp, line 578]
Event: 4.729 Thread 0x000001640c258720 Exception <a 'sun/nio/fs/WindowsException'{0x0000000724252ef8}> (0x0000000724252ef8) 
thrown [./open/src/hotspot/share/prims/jni.cpp, line 578]
Event: 4.735 Thread 0x000001640c258720 Exception <a 'sun/nio/fs/WindowsException'{0x0000000724272ef8}> (0x0000000724272ef8) 
thrown [./open/src/hotspot/share/prims/jni.cpp, line 578]
Event: 4.735 Thread 0x000001640c258720 Exception <a 'sun/nio/fs/WindowsException'{0x00000007242731c8}> (0x00000007242731c8) 
thrown [./open/src/hotspot/share/prims/jni.cpp, line 578]
Event: 4.741 Thread 0x000001640c258720 Exception <a 'java/lang/NoSuchMethodError'{0x00000007242bc6d8}: 'int java.lang.invoke.DirectMethodHandle$Holder.invokeStaticInit(java.lang.Object, java.lang.Object, int, long)'> (0x00000007242bc6d8) 
thrown [./open/src/hotspot/share/interpreter/linkResolver.cpp, line 782]
Event: 4.741 Thread 0x000001640c258720 Exception <a 'java/lang/NoSuchMethodError'{0x00000007242c2470}: 'java.lang.Object java.lang.invoke.DirectMethodHandle$Holder.newInvokeSpecial(java.lang.Object, java.lang.Object, int)'> (0x00000007242c2470) 
thrown [./open/src/hotspot/share/interpreter/linkResolver.cpp, line 782]
Event: 4.743 Thread 0x000001640c258720 Exception <a 'java/lang/NoSuchMethodError'{0x00000007242d0ac8}: 'int java.lang.invoke.DirectMethodHandle$Holder.invokeStaticInit(java.lang.Object, java.lang.Object, long, long)'> (0x00000007242d0ac8) 
thrown [./open/src/hotspot/share/interpreter/linkResolver.cpp, line 782]
Event: 4.743 Thread 0x000001640c258720 Exception <a 'java/lang/NoSuchMethodError'{0x00000007242db140}: 'int java.lang.invoke.DirectMethodHandle$Holder.invokeStaticInit(java.lang.Object, java.lang.Object, java.lang.Object, long)'> (0x00000007242db140) 
thrown [./open/src/hotspot/share/interpreter/linkResolver.cpp, line 782]
Event: 4.755 Thread 0x000001640c258720 Exception <a 'sun/nio/fs/WindowsException'{0x0000000724342620}> (0x0000000724342620) 
thrown [./open/src/hotspot/share/prims/jni.cpp, line 578]
Event: 4.755 Thread 0x000001640c258720 Exception <a 'sun/nio/fs/WindowsException'{0x00000007243429b0}> (0x00000007243429b0) 
thrown [./open/src/hotspot/share/prims/jni.cpp, line 578]

Events (20 events):
Event: 4.717 loading class java/nio/file/NoSuchFileException done
Event: 4.731 Loaded shared library C:\Users\diego\AppData\Local\Temp\lwjgl_diego\3.3.4+7\x64\lwjgl_opengl.dll
Event: 4.737 loading class java/nio/BufferOverflowException
Event: 4.737 loading class java/nio/BufferOverflowException done
Event: 4.738 loading class java/lang/ThreadLocal$SuppliedThreadLocal
Event: 4.738 loading class java/lang/ThreadLocal$SuppliedThreadLocal done
Event: 4.738 loading class java/nio/DirectCharBufferU
Event: 4.739 loading class java/nio/DirectCharBufferU done
Event: 4.739 loading class java/nio/DirectDoubleBufferU
Event: 4.739 loading class java/nio/DirectDoubleBufferU done
Event: 4.740 loading class java/util/function/LongPredicate
Event: 4.740 loading class java/util/function/LongPredicate done
Event: 4.742 loading class jdk/internal/access/foreign/MemorySegmentProxy
Event: 4.742 loading class jdk/internal/access/foreign/MemorySegmentProxy done
Event: 4.744 loading class java/math/MutableBigInteger
Event: 4.744 loading class java/math/MutableBigInteger done
Event: 4.744 loading class java/nio/InvalidMarkException
Event: 4.744 loading class java/nio/InvalidMarkException done
Event: 4.745 loading class java/nio/BufferUnderflowException
Event: 4.745 loading class java/nio/BufferUnderflowException done


Dynamic libraries:
0x00007ff64a7b0000 - 0x00007ff64a7bf000 	C:\Program Files\Java\jdk-15.0.2\bin\java.exe
0x00007ff9941f0000 - 0x00007ff994407000 	C:\WINDOWS\SYSTEM32\ntdll.dll
0x00007ff993600000 - 0x00007ff9936c4000 	C:\WINDOWS\System32\KERNEL32.DLL
0x00007ff9919b0000 - 0x00007ff991d69000 	C:\WINDOWS\System32\KERNELBASE.dll
0x00007ff991df0000 - 0x00007ff991f01000 	C:\WINDOWS\System32\ucrtbase.dll
0x00007ff986600000 - 0x00007ff986619000 	C:\Program Files\Java\jdk-15.0.2\bin\VCRUNTIME140.dll
0x00007ff9865e0000 - 0x00007ff9865f8000 	C:\Program Files\Java\jdk-15.0.2\bin\jli.dll
0x00007ff993080000 - 0x00007ff993132000 	C:\WINDOWS\System32\ADVAPI32.dll
0x00007ff993550000 - 0x00007ff9935f7000 	C:\WINDOWS\System32\msvcrt.dll
0x00007ff9922d0000 - 0x00007ff992377000 	C:\WINDOWS\System32\sechost.dll
0x00007ff991980000 - 0x00007ff9919a8000 	C:\WINDOWS\System32\bcrypt.dll
0x00007ff992f50000 - 0x00007ff993064000 	C:\WINDOWS\System32\RPCRT4.dll
0x00007ff9920c0000 - 0x00007ff99226e000 	C:\WINDOWS\System32\USER32.dll
0x00007ff9918e0000 - 0x00007ff991906000 	C:\WINDOWS\System32\win32u.dll
0x00007ff993900000 - 0x00007ff993929000 	C:\WINDOWS\System32\GDI32.dll
0x00007ff9909b0000 - 0x00007ff990c42000 	C:\WINDOWS\WinSxS\amd64_microsoft.windows.common-controls_6595b64144ccf1df_6.0.22621.4391_none_2715d37f73803e96\COMCTL32.dll
0x00007ff991720000 - 0x00007ff99183b000 	C:\WINDOWS\System32\gdi32full.dll
0x00007ff991840000 - 0x00007ff9918da000 	C:\WINDOWS\System32\msvcp_win.dll
0x00007ff98cf80000 - 0x00007ff98cf8a000 	C:\WINDOWS\SYSTEM32\VERSION.dll
0x00007ff992430000 - 0x00007ff992461000 	C:\WINDOWS\System32\IMM32.DLL
0x00007ff98c150000 - 0x00007ff98c15c000 	C:\Program Files\Java\jdk-15.0.2\bin\vcruntime140_1.dll
0x00007ff986540000 - 0x00007ff9865d1000 	C:\Program Files\Java\jdk-15.0.2\bin\msvcp140.dll
0x00007ff968820000 - 0x00007ff96937e000 	C:\Program Files\Java\jdk-15.0.2\bin\server\jvm.dll
0x00007ff993070000 - 0x00007ff993078000 	C:\WINDOWS\System32\PSAPI.DLL
0x00007ff987a30000 - 0x00007ff987a64000 	C:\WINDOWS\SYSTEM32\WINMM.dll
0x00007ff986a90000 - 0x00007ff986a99000 	C:\WINDOWS\SYSTEM32\WSOCK32.dll
0x00007ff9936d0000 - 0x00007ff993741000 	C:\WINDOWS\System32\WS2_32.dll
0x00007ff98f5e0000 - 0x00007ff98f5f8000 	C:\WINDOWS\SYSTEM32\kernel.appcore.dll
0x00007ff986530000 - 0x00007ff98653a000 	C:\Program Files\Java\jdk-15.0.2\bin\jimage.dll
0x00007ff990d60000 - 0x00007ff990f92000 	C:\WINDOWS\SYSTEM32\DBGHELP.DLL
0x00007ff992470000 - 0x00007ff9927ff000 	C:\WINDOWS\System32\combase.dll
0x00007ff993140000 - 0x00007ff993217000 	C:\WINDOWS\System32\OLEAUT32.dll
0x00007ff990c50000 - 0x00007ff990c82000 	C:\WINDOWS\SYSTEM32\dbgcore.DLL
0x00007ff991d70000 - 0x00007ff991deb000 	C:\WINDOWS\System32\bcryptPrimitives.dll
0x00007ff9864f0000 - 0x00007ff986529000 	C:\Program Files\Java\jdk-15.0.2\bin\jdwp.dll
0x00007ff9864c0000 - 0x00007ff9864e5000 	C:\Program Files\Java\jdk-15.0.2\bin\java.dll
0x00007ff993930000 - 0x00007ff9941a6000 	C:\WINDOWS\System32\SHELL32.dll
0x00007ff98e4c0000 - 0x00007ff98edc3000 	C:\WINDOWS\SYSTEM32\windows.storage.dll
0x00007ff98e380000 - 0x00007ff98e4bf000 	C:\WINDOWS\SYSTEM32\wintypes.dll
0x00007ff992c90000 - 0x00007ff992d89000 	C:\WINDOWS\System32\SHCORE.dll
0x00007ff993390000 - 0x00007ff9933ee000 	C:\WINDOWS\System32\shlwapi.dll
0x00007ff991420000 - 0x00007ff99144b000 	C:\WINDOWS\SYSTEM32\profapi.dll
0x00007ff9864b0000 - 0x00007ff9864bb000 	C:\Program Files\Java\jdk-15.0.2\bin\dt_shmem.dll
0x00007ff986450000 - 0x00007ff986469000 	C:\Program Files\Java\jdk-15.0.2\bin\net.dll
0x00007ff98c470000 - 0x00007ff98c5a6000 	C:\WINDOWS\SYSTEM32\WINHTTP.dll
0x00007ff98fa30000 - 0x00007ff98fa99000 	C:\WINDOWS\system32\mswsock.dll
0x00007ff986430000 - 0x00007ff986442000 	C:\Program Files\Java\jdk-15.0.2\bin\nio.dll
0x00007ff986410000 - 0x00007ff986428000 	C:\Program Files\Java\jdk-15.0.2\bin\zip.dll
0x00007ff986290000 - 0x00007ff986410000 	C:\Program Files\Java\jdk-15.0.2\bin\awt.dll
0x00007ff98c230000 - 0x00007ff98c2c7000 	C:\WINDOWS\SYSTEM32\apphelp.dll
0x00007ff98cc40000 - 0x00007ff98ccf1000 	C:\WINDOWS\system32\uxtheme.dll
0x00007ff9933f0000 - 0x00007ff993550000 	C:\WINDOWS\System32\MSCTF.dll
0x00007ff991f10000 - 0x00007ff9920b5000 	C:\WINDOWS\System32\ole32.dll
0x00007ff98d090000 - 0x00007ff98d0bb000 	C:\WINDOWS\system32\DWMAPI.DLL
0x00007ff986280000 - 0x00007ff986290000 	C:\Program Files\Java\jdk-15.0.2\bin\verify.dll
0x00007ff9910a0000 - 0x00007ff9910bb000 	C:\WINDOWS\SYSTEM32\CRYPTSP.dll
0x00007ff98f540000 - 0x00007ff98f575000 	C:\WINDOWS\system32\rsaenh.dll
0x00007ff98fb40000 - 0x00007ff98fb68000 	C:\WINDOWS\SYSTEM32\USERENV.dll
0x00007ff990520000 - 0x00007ff99052c000 	C:\WINDOWS\SYSTEM32\CRYPTBASE.dll
0x00007ff98f030000 - 0x00007ff98f05d000 	C:\WINDOWS\SYSTEM32\IPHLPAPI.DLL
0x00007ff992420000 - 0x00007ff992429000 	C:\WINDOWS\System32\NSI.dll
0x00007ff98c430000 - 0x00007ff98c449000 	C:\WINDOWS\SYSTEM32\dhcpcsvc6.DLL
0x00007ff98c410000 - 0x00007ff98c42f000 	C:\WINDOWS\SYSTEM32\dhcpcsvc.DLL
0x00007ff98f0f0000 - 0x00007ff98f1f2000 	C:\WINDOWS\SYSTEM32\DNSAPI.dll
0x00007ff986260000 - 0x00007ff986273000 	C:\Users\diego\AppData\Local\Temp\jogamp_0000\file_cache\jln15212005945032501380\jln1946303448419597976\natives\windows-amd64\gluegen_rt.dll
0x00007ff986250000 - 0x00007ff986257000 	C:\Program Files\Java\jdk-15.0.2\bin\jawt.dll
0x00007ff986240000 - 0x00007ff98624d000 	C:\Users\diego\AppData\Local\Temp\jogamp_0000\file_cache\jln15212005945032501380\jln1946303448419597976\natives\windows-amd64\nativewindow_awt.dll
0x00007ff9860b0000 - 0x00007ff9861b0000 	C:\WINDOWS\system32\opengl32.dll
0x00007ff98ae70000 - 0x00007ff98ae9d000 	C:\WINDOWS\SYSTEM32\GLU32.dll
0x00007ff98d450000 - 0x00007ff98d487000 	C:\WINDOWS\SYSTEM32\dxcore.dll
0x00007ff9542c0000 - 0x00007ff954468000 	C:\WINDOWS\system32\d3d9.dll
0x00007ff987a70000 - 0x00007ff987c2b000 	C:\WINDOWS\System32\DriverStore\FileRepository\u0404276.inf_amd64_b6ae906c9d4ab767\B403905\aticfx64.dll
0x00007ff986200000 - 0x00007ff986234000 	C:\WINDOWS\System32\DriverStore\FileRepository\u0404276.inf_amd64_b6ae906c9d4ab767\B403905\atiu9p64.dll
0x00007ff927540000 - 0x00007ff928287000 	C:\WINDOWS\System32\DriverStore\FileRepository\u0404276.inf_amd64_b6ae906c9d4ab767\B403905\atiumd64.dll
0x0000000068400000 - 0x0000000069313000 	C:\WINDOWS\System32\DriverStore\FileRepository\u0404276.inf_amd64_b6ae906c9d4ab767\B403905\atiumd6a.dll
0x00007ff992800000 - 0x00007ff992c74000 	C:\WINDOWS\System32\SETUPAPI.dll
0x00007ff991210000 - 0x00007ff99125d000 	C:\WINDOWS\SYSTEM32\POWRPROF.dll
0x00007ff9911f0000 - 0x00007ff991203000 	C:\WINDOWS\SYSTEM32\UMPDC.dll
0x00007ff987770000 - 0x00007ff9877a5000 	C:\WINDOWS\SYSTEM32\amdihk64.dll
0x00007ff98a3e0000 - 0x00007ff98a429000 	C:\WINDOWS\SYSTEM32\directxdatabasehelper.dll
0x00007ff9861e0000 - 0x00007ff9861f5000 	C:\Users\diego\AppData\Local\Temp\jogamp_0000\file_cache\jln15212005945032501380\jln1946303448419597976\natives\windows-amd64\nativewindow_win32.dll
0x00007ff982110000 - 0x00007ff982193000 	C:\Users\diego\AppData\Local\Temp\jogamp_0000\file_cache\jln15212005945032501380\jln1946303448419597976\natives\windows-amd64\jogl_desktop.dll
0x00007ff9859a0000 - 0x00007ff9859f2000 	C:\Users\diego\AppData\Local\Temp\jogamp_0000\file_cache\jln15212005945032501380\jln1946303448419597976\natives\windows-amd64\jogl_mobile.dll
0x00007ff993850000 - 0x00007ff993900000 	C:\WINDOWS\System32\clbcatq.dll
0x00007ff989d70000 - 0x00007ff989eb4000 	C:\Windows\System32\AppXDeploymentClient.dll
0x00007ff9861b0000 - 0x00007ff9861de000 	C:\WINDOWS\System32\DriverStore\FileRepository\u0404276.inf_amd64_b6ae906c9d4ab767\B403905\atig6pxx.dll
0x00007ff9131b0000 - 0x00007ff91768f000 	C:\WINDOWS\System32\DriverStore\FileRepository\u0404276.inf_amd64_b6ae906c9d4ab767\B403905\atio6axx.dll
0x00007ff991130000 - 0x00007ff99115c000 	C:\WINDOWS\SYSTEM32\DEVOBJ.dll
0x00007ff991160000 - 0x00007ff9911ae000 	C:\WINDOWS\SYSTEM32\cfgmgr32.dll
0x00007ff991910000 - 0x00007ff99197c000 	C:\WINDOWS\System32\WINTRUST.dll
0x00007ff9914f0000 - 0x00007ff991656000 	C:\WINDOWS\System32\CRYPT32.dll
0x00007ff990530000 - 0x00007ff990542000 	C:\WINDOWS\SYSTEM32\MSASN1.dll
0x00007ff982080000 - 0x00007ff982105000 	C:\Program Files\Java\jdk-15.0.2\bin\freetype.dll
0x00007ff97df70000 - 0x00007ff97e019000 	C:\Program Files\Java\jdk-15.0.2\bin\fontmanager.dll
0x00007ff987560000 - 0x00007ff9876a5000 	C:\WINDOWS\SYSTEM32\textinputframework.dll
0x00007ff98bdd0000 - 0x00007ff98bf03000 	C:\WINDOWS\SYSTEM32\CoreMessaging.dll
0x00007ff9899d0000 - 0x00007ff989d3d000 	C:\WINDOWS\SYSTEM32\CoreUIComponents.dll
0x00007ff981cd0000 - 0x00007ff981d4b000 	C:\Users\diego\AppData\Local\Temp\lwjgl_diego\3.3.4+7\x64\lwjgl.dll
0x00007ff981ba0000 - 0x00007ff981c01000 	C:\Users\diego\AppData\Local\Temp\lwjgl_diego\3.3.4+7\x64\lwjgl_opengl.dll
0x00007ff972220000 - 0x00007ff972491000 	C:\Users\diego\AppData\Local\Temp\lwjgl_diego\3.3.4+7\x64\jemalloc.dll

dbghelp: loaded successfully - version: 4.0.5 - missing functions: none
symbol engine: initialized successfully - sym options: 0x614 - pdb path: .;C:\Program Files\Java\jdk-15.0.2\bin;C:\WINDOWS\SYSTEM32;C:\WINDOWS\WinSxS\amd64_microsoft.windows.common-controls_6595b64144ccf1df_6.0.22621.4391_none_2715d37f73803e96;C:\Program Files\Java\jdk-15.0.2\bin\server;C:\Users\diego\AppData\Local\Temp\jogamp_0000\file_cache\jln15212005945032501380\jln1946303448419597976\natives\windows-amd64;C:\WINDOWS\System32\DriverStore\FileRepository\u0404276.inf_amd64_b6ae906c9d4ab767\B403905;C:\Users\diego\AppData\Local\Temp\lwjgl_diego\3.3.4+7\x64

VM Arguments:
jvm_args: -Dfile.encoding=UTF-8 -agentlib:jdwp=transport=dt_shmem,address=javadebug 
java_command: mampos.Mampos
java_class_path (initial): C:\Users\diego\OneDrive\Escritorio\Drive\Book\Book\gson-2.11.0.jar;C:\Users\diego\OneDrive\Escritorio\Drive\Book\Book\JOGL\JOML\joml-1.10.7.jar;C:\Users\diego\OneDrive\Escritorio\Drive\Book\Book\JOGL\jogamp-all-platforms\jar\gluegen-rt.jar;C:\Users\diego\OneDrive\Escritorio\Drive\Book\Book\JOGL\jogamp-all-platforms\jar\jogl-all.jar;C:\Program Files\NetBeans-23\netbeans\java\modules\ext\AbsoluteLayout.jar;C:\Users\diego\OneDrive\Escritorio\Drive\Book\Book\UJMP\ujmp-complete-0.3.0.jar;C:\Users\diego\OneDrive\Escritorio\Drive\Book\Book\pdf4j-icepdf-core-6.1.1.jar;C:\Users\diego\OneDrive\Escritorio\Drive\Book\Book\pdf4j-icepdf-viewer-6.1.1.jar;C:\Users\diego\OneDrive\Escritorio\Drive\lwjgl-release-3.3.4-custom\lwjgl-glfw.jar;C:\Users\diego\OneDrive\Escritorio\Drive\lwjgl-release-3.3.4-custom\lwjgl-opengl.jar;C:\Users\diego\OneDrive\Escritorio\Drive\lwjgl-release-3.3.4-custom\lwjgl.jar;C:\Users\diego\OneDrive\Escritorio\Drive\lwjgl-release-3.3.4-custom\lwjgl-opengl-natives-windows.jar;C:\Users\diego\OneDrive\Escritorio\Drive\LWJGL 3.3.4\lwjgl-glfw-natives-windows.jar;C:\Users\diego\OneDrive\Escritorio\Drive\LWJGL 3.3.4\lwjgl-assimp-natives-windows.jar;C:\Users\diego\OneDrive\Escritorio\Drive\LWJGL 3.3.4\lwjgl-assimp.jar;C:\Users\diego\OneDrive\Escritorio\Drive\LWJGL 3.3.4\lwjgl-bgfx-natives-windows.jar;C:\Users\diego\OneDrive\Escritorio\Drive\LWJGL 3.3.4\lwjgl-bgfx.jar;C:\Users\diego\OneDrive\Escritorio\Drive\LWJGL 3.3.4\lwjgl-cuda.jar;C:\Users\diego\OneDrive\Escritorio\Drive\LWJGL 3.3.4\lwjgl-egl.jar;C:\Users\diego\OneDrive\Escritorio\Drive\LWJGL 3.3.4\lwjgl-fmod.jar;C:\Users\diego\OneDrive\Escritorio\Drive\LWJGL 3.3.4\lwjgl-freetype-natives-windows.jar;C:\Users\diego\OneDrive\Escritorio\Drive\LWJGL 3.3.4\lwjgl-freetype.jar;C:\Users\diego\OneDrive\Escritorio\Drive\LWJGL 3.3.4\lwjgl-glfw.jar;C:\Users\diego\OneDrive\Escritorio\Drive\LWJGL 3.3.4\lwjgl-harfbuzz-natives-windows.jar;C:\Users\diego\OneDrive\Escritorio\Drive\LWJGL 3.3.4\lwjgl-harfbu
Launcher Type: SUN_STANDARD

[Global flags]
     intx CICompilerCount                          = 12                                        {product} {ergonomic}
     uint ConcGCThreads                            = 3                                         {product} {ergonomic}
     uint G1ConcRefinementThreads                  = 13                                        {product} {ergonomic}
   size_t G1HeapRegionSize                         = 2097152                                   {product} {ergonomic}
    uintx GCDrainStackTargetSize                   = 64                                        {product} {ergonomic}
   size_t InitialHeapSize                          = 232783872                                 {product} {ergonomic}
   size_t MarkStackSize                            = 4194304                                   {product} {ergonomic}
   size_t MaxHeapSize                              = 3718250496                                {product} {ergonomic}
   size_t MaxNewSize                               = 2229272576                                {product} {ergonomic}
   size_t MinHeapDeltaBytes                        = 2097152                                   {product} {ergonomic}
   size_t MinHeapSize                              = 8388608                                   {product} {ergonomic}
    uintx NonNMethodCodeHeapSize                   = 7602480                                {pd product} {ergonomic}
    uintx NonProfiledCodeHeapSize                  = 122027880                              {pd product} {ergonomic}
    uintx ProfiledCodeHeapSize                     = 122027880                              {pd product} {ergonomic}
    uintx ReservedCodeCacheSize                    = 251658240                              {pd product} {ergonomic}
     bool SegmentedCodeCache                       = true                                      {product} {ergonomic}
   size_t SoftMaxHeapSize                          = 3718250496                             {manageable} {ergonomic}
     bool UseCompressedClassPointers               = true                                 {lp64_product} {ergonomic}
     bool UseCompressedOops                        = true                                 {lp64_product} {ergonomic}
     bool UseG1GC                                  = true                                      {product} {ergonomic}
     bool UseLargePagesIndividualAllocation        = false                                  {pd product} {ergonomic}

Logging:
Log output configuration:
 #0: stdout all=warning uptime,level,tags
 #1: stderr all=off uptime,level,tags

Environment Variables:
JAVA_HOME=C:\Program Files\Java\jdk-15.0.2
PATH=C:\ffmpeg\bin;C:\Program Files\Common Files\Oracle\Java\javapath;C:\Program Files (x86)\Common Files\Oracle\Java\java8path;C:\Program Files (x86)\Common Files\Oracle\Java\javapath;C:\Program Files (x86)\Common Files\Intel\Shared Libraries\redist\intel64_win\compiler;C:\WINDOWS\system32;C:\WINDOWS;C:\WINDOWS\System32\Wbem;C:\WINDOWS\System32\WindowsPowerShell\v1.0\;C:\WINDOWS\System32\OpenSSH\;C:\Program Files\dotnet\;C:\Program Files\Common Files\Autodesk Shared\;C:\Program Files\Git\cmd;C:\Program Files\Azure Data Studio\bin;C:\Program Files\Microsoft SQL Server\Client SDK\ODBC\170\Tools\Binn\;C:\Program Files\Microsoft SQL Server\Client SDK\ODBC\110\Tools\Binn\;C:\Program Files (x86)\Microsoft SQL Server\120\Tools\Binn\ManagementStudio\;C:\Program Files (x86)\Microsoft SQL Server\120\Tools\Binn\;C:\Program Files\Microsoft SQL Server\120\Tools\Binn\;C:\Program Files (x86)\Microsoft SQL Server\120\DTS\Binn\;C:\Program Files\Microsoft SQL Server\120\DTS\Binn\;C:\Program Files (x86)\Microsoft SQL Server\160\Too;C:\Program Files\Microsoft SQL Server\160\DTS\Binn\;C:\Users\diego\AppData\Local\Programs\Python\Python311\Scripts\;C:\Users\diego\AppData\Local\Programs\Python\Python311\;C:\Users\diego\AppData\Local\Microsoft\WindowsApps;C:\Users\diego\AppData\Local\Programs\Microsoft VS Code\bin;C:\Program Files\Azure Data Studio\bin;C:\Users\diego\AppData\Roaming\npm;C:\src\flutter\bin;C:\Users\diego\AppData\Local\Pub\Cache\bin;C:\Program Files\MongoDB\Server\6.0\bin;C:\Users\diego\AppData\Local\GitHubDesktop\bin;C:\Program Files\JetBrains\IntelliJ IDEA 2024.1.4\bin;;C:\sqlite3;C:\Program Files\JetBrains\IntelliJ IDEA Community Edition 2024.2.2\bin;;C:\Users\diego\AppData\Local\Programs\MiKTeX\miktex\bin\x64\
USERNAME=diego
OS=Windows_NT
PROCESSOR_IDENTIFIER=AMD64 Family 23 Model 104 Stepping 1, AuthenticAMD



---------------  S Y S T E M  ---------------

OS:
 Windows 10 , 64 bit Build 22621 (10.0.22621.4391)
OS uptime: 0 days 0:52 hours
HyperV virtualization detected

CPU: total 16 (initial active 16) (16 cores per cpu, 2 threads per core) family 23 model 104 stepping 1 microcode 0x0, cmov, cx8, fxsr, mmx, sse, sse2, sse3, ssse3, sse4.1, sse4.2, popcnt, vzeroupper, avx, avx2, aes, clmul, 3dnowpref, lzcnt, sse4a, ht, tsc, tscinvbit, tscinv, bmi1, bmi2, adx, sha, fma, clflush, clflushopt

Memory: 4k page, system-wide physical 14181M (5507M free)
TotalPageFile size 26181M (AvailPageFile size 16394M)
current process WorkingSet (physical memory assigned to process): 218M, peak: 221M
current process commit charge ("private bytes"): 325M, peak: 441M

vm_info: Java HotSpot(TM) 64-Bit Server VM (15.0.2+7-27) for windows-amd64 JRE (15.0.2+7-27), built on Dec  7 2020 20:07:01 by "mach5one" with unknown MS VC++:1925

END.
