#
# A fatal error has been detected by the Java Runtime Environment:
#
#  EXCEPTION_ACCESS_VIOLATION (0xc0000005) at pc=0x0000024b653dfe40, pid=14972, tid=41488
#
# JRE version: Java(TM) SE Runtime Environment (15.0.2+7) (build 15.0.2+7-27)
# Java VM: Java HotSpot(TM) 64-Bit Server VM (15.0.2+7-27, mixed mode, sharing, tiered, compressed oops, g1 gc, windows-amd64)
# Problematic frame:
# C  0x0000024b653dfe40
#
# No core dump will be written. Minidumps are not enabled by default on client versions of Windows
#
# If you would like to submit a bug report, please visit:
#   https://bugreport.java.com/bugreport/crash.jsp
# The crash happened outside the Java Virtual Machine in native code.
# See problematic frame for where to report the bug.
#

---------------  S U M M A R Y ------------

Command Line: -Dfile.encoding=UTF-8 mampos.Mampos

Host: AMD Ryzen 7 3700X 8-Core Processor             , 16 cores, 31G,  Windows 10 , 64 bit Build 19041 (10.0.19041.4957)
Time: Sat Oct 26 06:54:23 2024 Hora estándar, América Central elapsed time: 3.436139 seconds (0d 0h 0m 3s)

---------------  T H R E A D  ---------------

Current thread (0x0000024b64adaa10):  JavaThread "AWT-EventQueue-0" [_thread_in_native, id=41488, stack(0x000000ba9da00000,0x000000ba9db00000)]

Stack: [0x000000ba9da00000,0x000000ba9db00000],  sp=0x000000ba9dafe5c0,  free space=1017k
Native frames: (J=compiled Java code, j=interpreted, Vv=VM code, C=native code)
C  0x0000024b653dfe40

Java frames: (J=compiled Java code, j=interpreted, Vv=VM code)
j  jogamp.opengl.gl4.GL4bcImpl.dispatch_glDrawArrays1(IIIJ)V+0
j  jogamp.opengl.gl4.GL4bcImpl.glDrawArrays(III)V+45
j  components.ControladorDeCotas.dibujarCotas(Lcom/jogamp/opengl/GL4;[III)V+53
j  rendering.ProjectionSpace.display(Lcom/jogamp/opengl/GLAutoDrawable;)V+292
j  jogamp.opengl.GLDrawableHelper.displayImpl(Lcom/jogamp/opengl/GLAutoDrawable;)V+62
j  jogamp.opengl.GLDrawableHelper.display(Lcom/jogamp/opengl/GLAutoDrawable;)V+2
j  com.jogamp.opengl.awt.GLCanvas$10.run()V+118
j  jogamp.opengl.GLDrawableHelper.invokeGLImpl(Lcom/jogamp/opengl/GLDrawable;Lcom/jogamp/opengl/GLContext;Ljava/lang/Runnable;Ljava/lang/Runnable;)V+205
j  jogamp.opengl.GLDrawableHelper.invokeGL(Lcom/jogamp/opengl/GLDrawable;Lcom/jogamp/opengl/GLContext;Ljava/lang/Runnable;Ljava/lang/Runnable;)V+75
j  com.jogamp.opengl.awt.GLCanvas$11.run()V+104
j  java.awt.event.InvocationEvent.dispatch()V+11 java.desktop@15.0.2
j  java.awt.EventQueue.dispatchEventImpl(Ljava/awt/AWTEvent;Ljava/lang/Object;)V+21 java.desktop@15.0.2
j  java.awt.EventQueue$4.run()Ljava/lang/Void;+32 java.desktop@15.0.2
j  java.awt.EventQueue$4.run()Ljava/lang/Object;+1 java.desktop@15.0.2
J 1318 c1 java.security.AccessController.doPrivileged(Ljava/security/PrivilegedAction;Ljava/security/AccessControlContext;)Ljava/lang/Object; java.base@15.0.2 (17 bytes) @ 0x0000024b3ec74464 [0x0000024b3ec74280+0x00000000000001e4]
j  java.security.ProtectionDomain$JavaSecurityAccessImpl.doIntersectionPrivilege(Ljava/security/PrivilegedAction;Ljava/security/AccessControlContext;Ljava/security/AccessControlContext;)Ljava/lang/Object;+18 java.base@15.0.2
j  java.awt.EventQueue.dispatchEvent(Ljava/awt/AWTEvent;)V+46 java.desktop@15.0.2
j  java.awt.EventDispatchThread.pumpOneEventForFilters(I)V+78 java.desktop@15.0.2
j  java.awt.EventDispatchThread.pumpEventsForFilter(ILjava/awt/Conditional;Ljava/awt/EventFilter;)V+35 java.desktop@15.0.2
j  java.awt.EventDispatchThread.pumpEventsForHierarchy(ILjava/awt/Conditional;Ljava/awt/Component;)V+11 java.desktop@15.0.2
j  java.awt.EventDispatchThread.pumpEvents(ILjava/awt/Conditional;)V+4 java.desktop@15.0.2
j  java.awt.EventDispatchThread.pumpEvents(Ljava/awt/Conditional;)V+3 java.desktop@15.0.2
j  java.awt.EventDispatchThread.run()V+9 java.desktop@15.0.2
v  ~StubRoutines::call_stub

siginfo: EXCEPTION_ACCESS_VIOLATION (0xc0000005), reading address 0x0000000000000000


Register to memory mapping:

RIP=0x0000024b653dfe40 points into unknown readable memory: 0x893889046e8b3e8b | 8b 3e 8b 6e 04 89 38 89
RAX=0x0000024b79fba260 points into unknown readable memory: 0x0000000000000000 | 00 00 00 00 00 00 00 00
RBX=0x0000024b703f0000 points into unknown readable memory: 0x0000024b6aa760e0 | e0 60 a7 6a 4b 02 00 00
RCX=0x0 is NULL
RDX=0x0000000000000012 is an unknown value
RSP=0x000000ba9dafe5c0 is pointing into the stack for thread: 0x0000024b64adaa10
RBP=0x0000000000000012 is an unknown value
RSI=0x0 is NULL
RDI=0x0 is NULL
R8 =0x0 is NULL
R9 =0x0000000000000012 is an unknown value
R10=0x00000000085ba260 is an unknown value
R11=0x000000ba9dafca20 is pointing into the stack for thread: 0x0000024b64adaa10
R12=0x0 is NULL
R13=0x0000024b79fba260 points into unknown readable memory: 0x0000000000000000 | 00 00 00 00 00 00 00 00
R14=0x0000024b6e97e640 points into unknown readable memory: 0x0000000000000400 | 00 04 00 00 00 00 00 00
R15=0x0000000000000001 is an unknown value


Registers:
RAX=0x0000024b79fba260, RBX=0x0000024b703f0000, RCX=0x0000000000000000, RDX=0x0000000000000012
RSP=0x000000ba9dafe5c0, RBP=0x0000000000000012, RSI=0x0000000000000000, RDI=0x0000000000000000
R8 =0x0000000000000000, R9 =0x0000000000000012, R10=0x00000000085ba260, R11=0x000000ba9dafca20
R12=0x0000000000000000, R13=0x0000024b79fba260, R14=0x0000024b6e97e640, R15=0x0000000000000001
RIP=0x0000024b653dfe40, EFLAGS=0x0000000000010206

Top of Stack: (sp=0x000000ba9dafe5c0)
0x000000ba9dafe5c0:   0000000000000000 0000024b703f0000
0x000000ba9dafe5d0:   0000000000000000 0000024b7043c198
0x000000ba9dafe5e0:   0000000000000012 00007fffe353ff75
0x000000ba9dafe5f0:   0000000000000012 0000024b7043c198
0x000000ba9dafe600:   0000000000000168 0000000000000000
0x000000ba9dafe610:   0000024b6b477060 0000000000000000
0x000000ba9dafe620:   0000000000000000 0000024b703f0000
0x000000ba9dafe630:   0000024b6e975198 0000000000000001
0x000000ba9dafe640:   0000000000000000 0000000000000001
0x000000ba9dafe650:   0000000000000001 0000024b6e97e640
0x000000ba9dafe660:   0000000000000012 00007fffe353bd13
0x000000ba9dafe670:   0000024b00000000 0000024b6e975198
0x000000ba9dafe680:   0000024b703f0000 0000000000000000
0x000000ba9dafe690:   0000000000000083 00c0000000000000
0x000000ba9dafe6a0:   0000000000000012 0000024b6e97e640
0x000000ba9dafe6b0:   0000000000000000 00007fffe353bf80 

Instructions: (pc=0x0000024b653dfe40)
0x0000024b653dfd40:   00 00 00 00 00 00 00 00 00 00 00 00 00 00 00 00
0x0000024b653dfd50:   00 00 00 00 00 00 00 00 00 00 00 00 00 00 00 00
0x0000024b653dfd60:   00 00 00 00 00 00 00 00 00 00 00 00 00 00 00 00
0x0000024b653dfd70:   00 00 00 00 00 00 00 00 00 00 00 00 00 00 00 00
0x0000024b653dfd80:   00 00 00 00 00 00 00 00 00 00 00 00 00 00 00 00
0x0000024b653dfd90:   00 00 00 00 00 00 00 00 00 00 00 00 00 00 00 00
0x0000024b653dfda0:   00 00 00 00 00 00 00 00 00 00 00 00 00 00 00 00
0x0000024b653dfdb0:   00 00 00 00 00 00 00 00 00 00 00 00 00 00 00 00
0x0000024b653dfdc0:   00 00 00 00 00 00 00 00 00 00 00 00 00 00 00 00
0x0000024b653dfdd0:   00 00 00 00 00 00 00 00 00 00 00 00 00 00 00 00
0x0000024b653dfde0:   00 00 00 00 00 00 00 00 00 00 00 00 00 00 00 00
0x0000024b653dfdf0:   00 00 00 00 00 00 00 00 40 ff ff ff c0 fd 00 00
0x0000024b653dfe00:   48 83 ec 28 48 89 6c 24 20 48 89 5c 24 18 48 89
0x0000024b653dfe10:   74 24 10 48 89 7c 24 08 48 8b d9 48 8b c2 49 8b
0x0000024b653dfe20:   c8 49 8b d1 48 be d8 8d 44 70 4b 02 00 00 48 8b
0x0000024b653dfe30:   36 48 8b b6 08 03 00 00 48 8d 3c 49 48 8d 34 be
0x0000024b653dfe40:   8b 3e 8b 6e 04 89 38 89 68 04 8b 7e 08 89 78 08
0x0000024b653dfe50:   48 be d8 8d 44 70 4b 02 00 00 48 8b 36 48 8b b6
0x0000024b653dfe60:   38 03 00 00 48 8d 34 ce 8b 3e 8b 6e 04 89 78 0c
0x0000024b653dfe70:   89 68 10 48 83 c0 14 ff c1 ff ca 75 a7 48 8b 7c
0x0000024b653dfe80:   24 08 48 8b 74 24 10 48 8b 5c 24 18 48 8b 6c 24
0x0000024b653dfe90:   20 48 83 c4 28 c3 00 00 00 00 00 00 00 00 00 00
0x0000024b653dfea0:   00 00 00 00 00 00 00 00 00 00 00 00 00 00 00 00
0x0000024b653dfeb0:   00 00 00 00 00 00 00 00 80 ff ff ff c0 00 00 00
0x0000024b653dfec0:   55 48 8b ec 53 56 57 4c 8b da 4c 8b d1 49 8b f2
0x0000024b653dfed0:   49 8b fb 41 8b e8 85 ed 0f 84 30 00 00 00 b9 03
0x0000024b653dfee0:   00 00 00 0f 8f 05 00 00 00 48 f7 d9 f7 dd 0f b6
0x0000024b653dfef0:   5e 02 c1 e3 10 0f b7 16 0b da 48 03 f1 48 83 c7
0x0000024b653dff00:   04 81 e3 ff ff ff 00 ff cd 89 5f fc 75 e0 5f 5e
0x0000024b653dff10:   5b 5d c3 00 00 00 00 00 00 00 00 00 00 00 00 00
0x0000024b653dff20:   00 00 00 00 00 00 00 00 00 00 00 00 00 00 00 00
0x0000024b653dff30:   00 00 00 00 00 00 00 00 c0 ff ff ff 80 00 00 00 


Stack slot to memory mapping:
stack at sp + 0 slots: 0x0 is NULL
stack at sp + 1 slots: 0x0000024b703f0000 points into unknown readable memory: 0x0000024b6aa760e0 | e0 60 a7 6a 4b 02 00 00
stack at sp + 2 slots: 0x0 is NULL
stack at sp + 3 slots: 0x0000024b7043c198 points into unknown readable memory: 0x0000024b6e97e640 | 40 e6 97 6e 4b 02 00 00
stack at sp + 4 slots: 0x0000000000000012 is an unknown value
stack at sp + 5 slots: 0x00007fffe353ff75 nvoglv64.dll
stack at sp + 6 slots: 0x0000000000000012 is an unknown value
stack at sp + 7 slots: 0x0000024b7043c198 points into unknown readable memory: 0x0000024b6e97e640 | 40 e6 97 6e 4b 02 00 00


---------------  P R O C E S S  ---------------

Threads class SMR info:
_java_thread_list=0x0000024b6514d950, length=25, elements={
0x0000024b63b36b00, 0x0000024b63b374e0, 0x0000024b63b4e7f0, 0x0000024b63b514c0,
0x0000024b63b51d80, 0x0000024b63b54700, 0x0000024b63b585b0, 0x0000024b63b60ec0,
0x0000024b6450e8c0, 0x0000024b64525320, 0x0000024b645529e0, 0x0000024b64abd590,
0x0000024b64abea70, 0x0000024b64abff50, 0x0000024b64adaa10, 0x0000024b36090ab0,
0x0000024b65111ee0, 0x0000024b651136f0, 0x0000024b65114a30, 0x0000024b65114f00,
0x0000024b6adf94d0, 0x0000024b651153d0, 0x0000024b6b013cb0, 0x0000024b651123b0,
0x0000024b65112880
}

Java Threads: ( => current thread )
  0x0000024b63b36b00 JavaThread "Reference Handler" daemon [_thread_blocked, id=8756, stack(0x000000ba9c800000,0x000000ba9c900000)]
  0x0000024b63b374e0 JavaThread "Finalizer" daemon [_thread_blocked, id=8372, stack(0x000000ba9c900000,0x000000ba9ca00000)]
  0x0000024b63b4e7f0 JavaThread "Signal Dispatcher" daemon [_thread_blocked, id=8864, stack(0x000000ba9ca00000,0x000000ba9cb00000)]
  0x0000024b63b514c0 JavaThread "Attach Listener" daemon [_thread_blocked, id=30780, stack(0x000000ba9cb00000,0x000000ba9cc00000)]
  0x0000024b63b51d80 JavaThread "Service Thread" daemon [_thread_blocked, id=33216, stack(0x000000ba9cc00000,0x000000ba9cd00000)]
  0x0000024b63b54700 JavaThread "C2 CompilerThread0" daemon [_thread_blocked, id=12156, stack(0x000000ba9cd00000,0x000000ba9ce00000)]
  0x0000024b63b585b0 JavaThread "C1 CompilerThread0" daemon [_thread_blocked, id=41924, stack(0x000000ba9ce00000,0x000000ba9cf00000)]
  0x0000024b63b60ec0 JavaThread "Sweeper thread" daemon [_thread_blocked, id=32488, stack(0x000000ba9cf00000,0x000000ba9d000000)]
  0x0000024b6450e8c0 JavaThread "C1 CompilerThread1" daemon [_thread_blocked, id=7628, stack(0x000000ba9d000000,0x000000ba9d100000)]
  0x0000024b64525320 JavaThread "Notification Thread" daemon [_thread_blocked, id=13396, stack(0x000000ba9d100000,0x000000ba9d200000)]
  0x0000024b645529e0 JavaThread "Common-Cleaner" daemon [_thread_blocked, id=23324, stack(0x000000ba9d300000,0x000000ba9d400000)]
  0x0000024b64abd590 JavaThread "Java2D Disposer" daemon [_thread_blocked, id=39556, stack(0x000000ba9d700000,0x000000ba9d800000)]
  0x0000024b64abea70 JavaThread "AWT-Shutdown" [_thread_blocked, id=31728, stack(0x000000ba9d800000,0x000000ba9d900000)]
  0x0000024b64abff50 JavaThread "AWT-Windows" daemon [_thread_in_native, id=32228, stack(0x000000ba9d900000,0x000000ba9da00000)]
=>0x0000024b64adaa10 JavaThread "AWT-EventQueue-0" [_thread_in_native, id=41488, stack(0x000000ba9da00000,0x000000ba9db00000)]
  0x0000024b36090ab0 JavaThread "DestroyJavaVM" [_thread_blocked, id=40936, stack(0x000000ba9c100000,0x000000ba9c200000)]
  0x0000024b65111ee0 JavaThread "AWT-EventQueue-0-SharedResourceRunner" daemon [_thread_blocked, id=16320, stack(0x000000ba9d400000,0x000000ba9d500000)]
  0x0000024b651136f0 JavaThread "AWT-EventQueue-0-AWTAnimator#00" [_thread_blocked, id=42132, stack(0x000000ba9eb00000,0x000000ba9ec00000)]
  0x0000024b65114a30 JavaThread "AWT-EventQueue-0-AWTAnimator#01" [_thread_blocked, id=23704, stack(0x000000ba9ec00000,0x000000ba9ed00000)]
  0x0000024b65114f00 JavaThread "AWT-EventQueue-0-AWTAnimator#02" [_thread_blocked, id=18384, stack(0x000000ba9ed00000,0x000000ba9ee00000)]
  0x0000024b6adf94d0 JavaThread "C1 CompilerThread2" daemon [_thread_blocked, id=41228, stack(0x000000ba9ee00000,0x000000ba9ef00000)]
  0x0000024b651153d0 JavaThread "Image Fetcher 0" daemon [_thread_blocked, id=16188, stack(0x000000ba9f100000,0x000000ba9f200000)]
  0x0000024b6b013cb0 JavaThread "C1 CompilerThread3" daemon [_thread_blocked, id=26632, stack(0x000000ba9f200000,0x000000ba9f300000)]
  0x0000024b651123b0 JavaThread "TimerQueue" daemon [_thread_blocked, id=24448, stack(0x000000ba9f300000,0x000000ba9f400000)]
  0x0000024b65112880 JavaThread "D3D Screen Updater" daemon [_thread_blocked, id=24008, stack(0x000000ba9f000000,0x000000ba9f100000)]

Other Threads:
  0x0000024b63b33460 VMThread "VM Thread" [stack: 0x000000ba9c700000,0x000000ba9c800000] [id=41900]
  0x0000024b64549020 WatcherThread [stack: 0x000000ba9d200000,0x000000ba9d300000] [id=18840]
  0x0000024b361086a0 GCTaskThread "GC Thread#0" [stack: 0x000000ba9c200000,0x000000ba9c300000] [id=28768]
  0x0000024b650b99c0 GCTaskThread "GC Thread#1" [stack: 0x000000ba9e000000,0x000000ba9e100000] [id=29108]
  0x0000024b650bb670 GCTaskThread "GC Thread#2" [stack: 0x000000ba9e100000,0x000000ba9e200000] [id=37720]
  0x0000024b650b9cf0 GCTaskThread "GC Thread#3" [stack: 0x000000ba9e200000,0x000000ba9e300000] [id=4148]
  0x0000024b650bc000 GCTaskThread "GC Thread#4" [stack: 0x000000ba9e300000,0x000000ba9e400000] [id=19076]
  0x0000024b650ba020 GCTaskThread "GC Thread#5" [stack: 0x000000ba9e400000,0x000000ba9e500000] [id=29524]
  0x0000024b650ba680 GCTaskThread "GC Thread#6" [stack: 0x000000ba9e500000,0x000000ba9e600000] [id=9992]
  0x0000024b650bbcd0 GCTaskThread "GC Thread#7" [stack: 0x000000ba9e600000,0x000000ba9e700000] [id=36940]
  0x0000024b650bc330 GCTaskThread "GC Thread#8" [stack: 0x000000ba9e700000,0x000000ba9e800000] [id=29488]
  0x0000024b6ad15e50 GCTaskThread "GC Thread#9" [stack: 0x000000ba9e800000,0x000000ba9e900000] [id=41276]
  0x0000024b6ad167e0 GCTaskThread "GC Thread#10" [stack: 0x000000ba9e900000,0x000000ba9ea00000] [id=12136]
  0x0000024b6ad14e60 GCTaskThread "GC Thread#11" [stack: 0x000000ba9ea00000,0x000000ba9eb00000] [id=28908]
  0x0000024b36119580 ConcurrentGCThread "G1 Main Marker" [stack: 0x000000ba9c300000,0x000000ba9c400000] [id=41640]
  0x0000024b3611a720 ConcurrentGCThread "G1 Conc#0" [stack: 0x000000ba9c400000,0x000000ba9c500000] [id=39428]
  0x0000024b6ad16e40 ConcurrentGCThread "G1 Conc#1" [stack: 0x000000ba9f400000,0x000000ba9f500000] [id=31480]
  0x0000024b6ad17170 ConcurrentGCThread "G1 Conc#2" [stack: 0x000000ba9f500000,0x000000ba9f600000] [id=30496]
  0x0000024b3615e890 ConcurrentGCThread "G1 Refine#0" [stack: 0x000000ba9c500000,0x000000ba9c600000] [id=26352]
  0x0000024b63a285b0 ConcurrentGCThread "G1 Young RemSet Sampling" [stack: 0x000000ba9c600000,0x000000ba9c700000] [id=41240]

Threads with active compile tasks:

VM state: not at safepoint (normal execution)

VM Mutex/Monitor currently owned by a thread: None

Heap address: 0x0000000601000000, size: 8176 MB, Compressed Oops mode: Zero based, Oop shift amount: 3
CDS archive(s) mapped at: [0x0000000800000000-0x0000000800b50000-0x0000000800b50000), size 11862016, SharedBaseAddress: 0x0000000800000000, ArchiveRelocationMode: 0.
Compressed class space mapped at: 0x0000000800b50000-0x0000000840b50000, size: 1073741824
Narrow klass base: 0x0000000800000000, Narrow klass shift: 3, Narrow klass range: 0x100000000

GC Precious Log:
 CPUs: 16 total, 16 available
 Memory: 32689M
 Large Page Support: Disabled
 NUMA Support: Disabled
 Compressed Oops: Enabled (Zero based)
 Heap Region Size: 4M
 Heap Min Capacity: 8M
 Heap Initial Capacity: 512M
 Heap Max Capacity: 8176M
 Pre-touch: Disabled
 Parallel Workers: 13
 Concurrent Workers: 3
 Concurrent Refinement Workers: 13
 Periodic GC: Disabled

Heap:
 garbage-first heap   total 192512K, used 67439K [0x0000000601000000, 0x0000000800000000)
  region size 4096K, 8 young (32768K), 1 survivors (4096K)
 Metaspace       used 25718K, capacity 26019K, committed 26368K, reserved 1073152K
  class space    used 2911K, capacity 2996K, committed 3072K, reserved 1048576K

Heap Regions: E=young(eden), S=young(survivor), O=old, HS=humongous(starts), HC=humongous(continues), CS=collection set, F=free, OA=open archive, CA=closed archive, TAMS=top-at-mark-start (previous, next)
|   0|0x0000000601000000, 0x0000000601345e00, 0x0000000601400000| 81%| O|  |TAMS 0x0000000601345e00, 0x0000000601000000| Complete 
|   1|0x0000000601400000, 0x0000000601800000, 0x0000000601800000|100%| O|  |TAMS 0x0000000601800000, 0x0000000601400000| Complete 
|   2|0x0000000601800000, 0x0000000601c00000, 0x0000000601c00000|100%| O|  |TAMS 0x0000000601c00000, 0x0000000601800000| Complete 
|   3|0x0000000601c00000, 0x0000000601c00000, 0x0000000602000000|  0%| F|  |TAMS 0x0000000601c00000, 0x0000000601c00000| Untracked 
|   4|0x0000000602000000, 0x0000000602400000, 0x0000000602400000|100%| O|  |TAMS 0x0000000602400000, 0x0000000602000000| Complete 
|   5|0x0000000602400000, 0x0000000602400000, 0x0000000602800000|  0%| F|  |TAMS 0x0000000602400000, 0x0000000602400000| Untracked 
|   6|0x0000000602800000, 0x0000000602800000, 0x0000000602c00000|  0%| F|  |TAMS 0x0000000602800000, 0x0000000602800000| Untracked 
|   7|0x0000000602c00000, 0x0000000603000000, 0x0000000603000000|100%| O|  |TAMS 0x0000000603000000, 0x0000000602c00000| Complete 
|   8|0x0000000603000000, 0x0000000603400000, 0x0000000603400000|100%| O|  |TAMS 0x0000000603400000, 0x0000000603000000| Complete 
|   9|0x0000000603400000, 0x0000000603800000, 0x0000000603800000|100%| O|  |TAMS 0x00000006035ec200, 0x0000000603400000| Complete 
|  10|0x0000000603800000, 0x0000000603c00000, 0x0000000603c00000|100%| O|  |TAMS 0x0000000603800000, 0x0000000603800000| Untracked 
|  11|0x0000000603c00000, 0x0000000603e96000, 0x0000000604000000| 64%| O|  |TAMS 0x0000000603c00000, 0x0000000603c00000| Complete 
|  12|0x0000000604000000, 0x0000000604000000, 0x0000000604400000|  0%| F|  |TAMS 0x0000000604000000, 0x0000000604000000| Untracked 
|  13|0x0000000604400000, 0x0000000604400000, 0x0000000604800000|  0%| F|  |TAMS 0x0000000604400000, 0x0000000604400000| Untracked 
|  14|0x0000000604800000, 0x0000000604800000, 0x0000000604c00000|  0%| F|  |TAMS 0x0000000604800000, 0x0000000604800000| Untracked 
|  15|0x0000000604c00000, 0x0000000604c00000, 0x0000000605000000|  0%| F|  |TAMS 0x0000000604c00000, 0x0000000604c00000| Untracked 
|  16|0x0000000605000000, 0x0000000605400000, 0x0000000605400000|100%| S|CS|TAMS 0x0000000605000000, 0x0000000605000000| Complete 
|  17|0x0000000605400000, 0x0000000605400000, 0x0000000605800000|  0%| F|  |TAMS 0x0000000605400000, 0x0000000605400000| Untracked 
|  18|0x0000000605800000, 0x0000000605800000, 0x0000000605c00000|  0%| F|  |TAMS 0x0000000605800000, 0x0000000605800000| Untracked 
|  19|0x0000000605c00000, 0x0000000605c00000, 0x0000000606000000|  0%| F|  |TAMS 0x0000000605c00000, 0x0000000605c00000| Untracked 
|  20|0x0000000606000000, 0x0000000606000000, 0x0000000606400000|  0%| F|  |TAMS 0x0000000606000000, 0x0000000606000000| Untracked 
|  21|0x0000000606400000, 0x0000000606400000, 0x0000000606800000|  0%| F|  |TAMS 0x0000000606400000, 0x0000000606400000| Untracked 
|  22|0x0000000606800000, 0x0000000606800000, 0x0000000606c00000|  0%| F|  |TAMS 0x0000000606800000, 0x0000000606800000| Untracked 
|  23|0x0000000606c00000, 0x0000000606c00000, 0x0000000607000000|  0%| F|  |TAMS 0x0000000606c00000, 0x0000000606c00000| Untracked 
|  24|0x0000000607000000, 0x0000000607000000, 0x0000000607400000|  0%| F|  |TAMS 0x0000000607000000, 0x0000000607000000| Untracked 
|  25|0x0000000607400000, 0x0000000607400000, 0x0000000607800000|  0%| F|  |TAMS 0x0000000607400000, 0x0000000607400000| Untracked 
|  26|0x0000000607800000, 0x0000000607800000, 0x0000000607c00000|  0%| F|  |TAMS 0x0000000607800000, 0x0000000607800000| Untracked 
|  27|0x0000000607c00000, 0x0000000607c00000, 0x0000000608000000|  0%| F|  |TAMS 0x0000000607c00000, 0x0000000607c00000| Untracked 
|  28|0x0000000608000000, 0x0000000608000000, 0x0000000608400000|  0%| F|  |TAMS 0x0000000608000000, 0x0000000608000000| Untracked 
|  29|0x0000000608400000, 0x0000000608400000, 0x0000000608800000|  0%| F|  |TAMS 0x0000000608400000, 0x0000000608400000| Untracked 
|  30|0x0000000608800000, 0x0000000608800000, 0x0000000608c00000|  0%| F|  |TAMS 0x0000000608800000, 0x0000000608800000| Untracked 
|  31|0x0000000608c00000, 0x0000000608c00000, 0x0000000609000000|  0%| F|  |TAMS 0x0000000608c00000, 0x0000000608c00000| Untracked 
|  32|0x0000000609000000, 0x0000000609000000, 0x0000000609400000|  0%| F|  |TAMS 0x0000000609000000, 0x0000000609000000| Untracked 
|  33|0x0000000609400000, 0x0000000609400000, 0x0000000609800000|  0%| F|  |TAMS 0x0000000609400000, 0x0000000609400000| Untracked 
|  34|0x0000000609800000, 0x0000000609800000, 0x0000000609c00000|  0%| F|  |TAMS 0x0000000609800000, 0x0000000609800000| Untracked 
|  35|0x0000000609c00000, 0x0000000609c00000, 0x000000060a000000|  0%| F|  |TAMS 0x0000000609c00000, 0x0000000609c00000| Untracked 
|  36|0x000000060a000000, 0x000000060a000000, 0x000000060a400000|  0%| F|  |TAMS 0x000000060a000000, 0x000000060a000000| Untracked 
|  37|0x000000060a400000, 0x000000060a400000, 0x000000060a800000|  0%| F|  |TAMS 0x000000060a400000, 0x000000060a400000| Untracked 
|  38|0x000000060a800000, 0x000000060a800000, 0x000000060ac00000|  0%| F|  |TAMS 0x000000060a800000, 0x000000060a800000| Untracked 
|  39|0x000000060ac00000, 0x000000060ad3da08, 0x000000060b000000| 31%| E|  |TAMS 0x000000060ac00000, 0x000000060ac00000| Complete 
|  40|0x000000060b000000, 0x000000060b400000, 0x000000060b400000|100%| E|CS|TAMS 0x000000060b000000, 0x000000060b000000| Complete 
|  41|0x000000060b400000, 0x000000060b800000, 0x000000060b800000|100%| E|CS|TAMS 0x000000060b400000, 0x000000060b400000| Complete 
|  42|0x000000060b800000, 0x000000060bc00000, 0x000000060bc00000|100%| E|CS|TAMS 0x000000060b800000, 0x000000060b800000| Complete 
|  70|0x0000000612800000, 0x0000000612c00000, 0x0000000612c00000|100%| E|CS|TAMS 0x0000000612800000, 0x0000000612800000| Complete 
| 125|0x0000000620400000, 0x0000000620800000, 0x0000000620800000|100%| E|CS|TAMS 0x0000000620400000, 0x0000000620400000| Complete 
| 127|0x0000000620c00000, 0x0000000621000000, 0x0000000621000000|100%| E|CS|TAMS 0x0000000620c00000, 0x0000000620c00000| Complete 
|2043|0x00000007ffc00000, 0x0000000800000000, 0x0000000800000000|100%| O|  |TAMS 0x0000000800000000, 0x00000007ffc00000| Complete 

Card table byte_map: [0x0000024b4eb50000,0x0000024b4fb50000] _byte_map_base: 0x0000024b4bb48000

Marking Bits (Prev, Next): (CMBitMap*) 0x0000024b36108ca0, (CMBitMap*) 0x0000024b36108ce0
 Prev Bits: [0x0000024b50b50000, 0x0000024b58b10000)
 Next Bits: [0x0000024b58b10000, 0x0000024b60ad0000)

Polling page: 0x0000024b35860000

Metaspace:

Usage:
  Non-class:     22.48 MB capacity,    22.27 MB (>99%) used,   186.48 KB ( <1%) free+waste,    30.19 KB ( <1%) overhead. 
      Class:      2.93 MB capacity,     2.84 MB ( 97%) used,    73.55 KB (  2%) free+waste,    10.75 KB ( <1%) overhead. 
       Both:     25.41 MB capacity,    25.12 MB ( 99%) used,   260.03 KB ( <1%) free+waste,    40.94 KB ( <1%) overhead. 

Virtual space:
  Non-class space:       24.00 MB reserved,      22.75 MB ( 95%) committed 
      Class space:        1.00 GB reserved,       3.00 MB ( <1%) committed 
             Both:        1.02 GB reserved,      25.75 MB (  2%) committed 

Chunk freelists:
   Non-Class:  81.00 KB
       Class:  12.00 KB
        Both:  93.00 KB

MaxMetaspaceSize: 17179869184.00 GB
CompressedClassSpaceSize: 1.00 GB

CodeHeap 'non-profiled nmethods': size=119168Kb used=928Kb max_used=928Kb free=118240Kb
 bounds [0x0000024b45e60000, 0x0000024b460d0000, 0x0000024b4d2c0000]
CodeHeap 'profiled nmethods': size=119104Kb used=3969Kb max_used=3969Kb free=115134Kb
 bounds [0x0000024b3ea10000, 0x0000024b3ee00000, 0x0000024b45e60000]
CodeHeap 'non-nmethods': size=7488Kb used=3347Kb max_used=3347Kb free=4140Kb
 bounds [0x0000024b3e2c0000, 0x0000024b3e610000, 0x0000024b3ea10000]
 total_blobs=3165 nmethods=2109 adapters=965
 compilation: enabled
              stopped_count=0, restarted_count=0
 full_count=0

Compilation events (20 events):
Event: 3.406 Thread 0x0000024b6b013cb0 nmethod 2098 0x0000024b3ede8e90 code [0x0000024b3ede9020, 0x0000024b3ede90f8]
Event: 3.406 Thread 0x0000024b6450e8c0 nmethod 2097 0x0000024b3ede9190 code [0x0000024b3ede9320, 0x0000024b3ede9478]
Event: 3.406 Thread 0x0000024b63b585b0 nmethod 2096 0x0000024b3ede9510 code [0x0000024b3ede96c0, 0x0000024b3ede9878]
Event: 3.406 Thread 0x0000024b63b585b0 2100       3       jdk.internal.reflect.NativeConstructorAccessorImpl::newInstance (102 bytes)
Event: 3.406 Thread 0x0000024b6adf94d0 nmethod 2095 0x0000024b3ede9990 code [0x0000024b3ede9be0, 0x0000024b3edea968]
Event: 3.406 Thread 0x0000024b63b585b0 nmethod 2100 0x0000024b3edead10 code [0x0000024b3edeafa0, 0x0000024b3edebd88]
Event: 3.419 Thread 0x0000024b6adf94d0 2102       3       java.lang.invoke.MethodHandles$Lookup$ClassFile::<init> (20 bytes)
Event: 3.419 Thread 0x0000024b6450e8c0 2103       3       java.lang.invoke.MethodHandles$Lookup::makeHiddenClassDefiner (42 bytes)
Event: 3.419 Thread 0x0000024b6b013cb0 2104       3       java.lang.invoke.MethodHandles$Lookup$ClassOption::optionsToFlag (40 bytes)
Event: 3.419 Thread 0x0000024b63b585b0 2105       3       java.lang.invoke.MethodHandles$Lookup$ClassDefiner::<init> (58 bytes)
Event: 3.419 Thread 0x0000024b6adf94d0 nmethod 2102 0x0000024b3edec210 code [0x0000024b3edec3c0, 0x0000024b3edec5f8]
Event: 3.419 Thread 0x0000024b6b013cb0 nmethod 2104 0x0000024b3edec690 code [0x0000024b3edec860, 0x0000024b3edecd68]
Event: 3.419 Thread 0x0000024b6b013cb0 2107       3       java.lang.System$2::defineClass (21 bytes)
Event: 3.419 Thread 0x0000024b6adf94d0 2106       3       java.lang.invoke.MethodHandles$Lookup$ClassDefiner::defineClass (97 bytes)
Event: 3.419 Thread 0x0000024b63b585b0 nmethod 2105 0x0000024b3edecf10 code [0x0000024b3eded0c0, 0x0000024b3eded378]
Event: 3.419 Thread 0x0000024b63b585b0 2109       1       java.lang.invoke.MethodHandle::internalForm (5 bytes)
Event: 3.419 Thread 0x0000024b63b585b0 nmethod 2109 0x0000024b45f47d10 code [0x0000024b45f47ea0, 0x0000024b45f47f58]
Event: 3.419 Thread 0x0000024b6b013cb0 nmethod 2107 0x0000024b3eded490 code [0x0000024b3eded640, 0x0000024b3eded7a8]
Event: 3.419 Thread 0x0000024b6450e8c0 nmethod 2103 0x0000024b3eded890 code [0x0000024b3ededb40, 0x0000024b3edeea58]
Event: 3.419 Thread 0x0000024b6adf94d0 nmethod 2106 0x0000024b3edeef90 code [0x0000024b3edef240, 0x0000024b3edf00f8]

GC Heap History (20 events):
Event: 2.048 GC heap before
{Heap before GC invocations=2 (full 0):
 garbage-first heap   total 524288K, used 10432K [0x0000000601000000, 0x0000000800000000)
  region size 4096K, 3 young (12288K), 1 survivors (4096K)
 Metaspace       used 20898K, capacity 21073K, committed 21248K, reserved 1069056K
  class space    used 2407K, capacity 2504K, committed 2560K, reserved 1048576K
}
Event: 2.049 GC heap after
{Heap after GC invocations=3 (full 0):
 garbage-first heap   total 524288K, used 6869K [0x0000000601000000, 0x0000000800000000)
  region size 4096K, 1 young (4096K), 1 survivors (4096K)
 Metaspace       used 20898K, capacity 21073K, committed 21248K, reserved 1069056K
  class space    used 2407K, capacity 2504K, committed 2560K, reserved 1048576K
}
Event: 2.535 GC heap before
{Heap before GC invocations=4 (full 0):
 garbage-first heap   total 40960K, used 27349K [0x0000000601000000, 0x0000000800000000)
  region size 4096K, 6 young (24576K), 1 survivors (4096K)
 Metaspace       used 23812K, capacity 24160K, committed 24448K, reserved 1071104K
  class space    used 2828K, capacity 2931K, committed 2944K, reserved 1048576K
}
Event: 2.540 GC heap after
{Heap after GC invocations=5 (full 0):
 garbage-first heap   total 45056K, used 18702K [0x0000000601000000, 0x0000000800000000)
  region size 4096K, 1 young (4096K), 1 survivors (4096K)
 Metaspace       used 23812K, capacity 24160K, committed 24448K, reserved 1071104K
  class space    used 2828K, capacity 2931K, committed 2944K, reserved 1048576K
}
Event: 2.540 GC heap before
{Heap before GC invocations=5 (full 0):
 garbage-first heap   total 45056K, used 22798K [0x0000000601000000, 0x0000000800000000)
  region size 4096K, 2 young (8192K), 1 survivors (4096K)
 Metaspace       used 23814K, capacity 24160K, committed 24448K, reserved 1071104K
  class space    used 2828K, capacity 2931K, committed 2944K, reserved 1048576K
}
Event: 2.542 GC heap after
{Heap after GC invocations=6 (full 0):
 garbage-first heap   total 45056K, used 23599K [0x0000000601000000, 0x0000000800000000)
  region size 4096K, 1 young (4096K), 1 survivors (4096K)
 Metaspace       used 23814K, capacity 24160K, committed 24448K, reserved 1071104K
  class space    used 2828K, capacity 2931K, committed 2944K, reserved 1048576K
}
Event: 2.543 GC heap before
{Heap before GC invocations=6 (full 0):
 garbage-first heap   total 45056K, used 27695K [0x0000000601000000, 0x0000000800000000)
  region size 4096K, 2 young (8192K), 1 survivors (4096K)
 Metaspace       used 23814K, capacity 24160K, committed 24448K, reserved 1071104K
  class space    used 2828K, capacity 2931K, committed 2944K, reserved 1048576K
}
Event: 2.544 GC heap after
{Heap after GC invocations=7 (full 0):
 garbage-first heap   total 45056K, used 28101K [0x0000000601000000, 0x0000000800000000)
  region size 4096K, 1 young (4096K), 1 survivors (4096K)
 Metaspace       used 23814K, capacity 24160K, committed 24448K, reserved 1071104K
  class space    used 2828K, capacity 2931K, committed 2944K, reserved 1048576K
}
Event: 2.545 GC heap before
{Heap before GC invocations=7 (full 0):
 garbage-first heap   total 45056K, used 32197K [0x0000000601000000, 0x0000000800000000)
  region size 4096K, 2 young (8192K), 1 survivors (4096K)
 Metaspace       used 23814K, capacity 24160K, committed 24448K, reserved 1071104K
  class space    used 2828K, capacity 2931K, committed 2944K, reserved 1048576K
}
Event: 2.546 GC heap after
{Heap after GC invocations=8 (full 0):
 garbage-first heap   total 45056K, used 32598K [0x0000000601000000, 0x0000000800000000)
  region size 4096K, 1 young (4096K), 1 survivors (4096K)
 Metaspace       used 23814K, capacity 24160K, committed 24448K, reserved 1071104K
  class space    used 2828K, capacity 2931K, committed 2944K, reserved 1048576K
}
Event: 2.836 GC heap before
{Heap before GC invocations=9 (full 0):
 garbage-first heap   total 69632K, used 36694K [0x0000000601000000, 0x0000000800000000)
  region size 4096K, 2 young (8192K), 1 survivors (4096K)
 Metaspace       used 23842K, capacity 24160K, committed 24448K, reserved 1071104K
  class space    used 2830K, capacity 2931K, committed 2944K, reserved 1048576K
}
Event: 2.838 GC heap after
{Heap after GC invocations=10 (full 0):
 garbage-first heap   total 69632K, used 37157K [0x0000000601000000, 0x0000000800000000)
  region size 4096K, 1 young (4096K), 1 survivors (4096K)
 Metaspace       used 23842K, capacity 24160K, committed 24448K, reserved 1071104K
  class space    used 2830K, capacity 2931K, committed 2944K, reserved 1048576K
}
Event: 2.872 GC heap before
{Heap before GC invocations=10 (full 0):
 garbage-first heap   total 69632K, used 41253K [0x0000000601000000, 0x0000000800000000)
  region size 4096K, 2 young (8192K), 1 survivors (4096K)
 Metaspace       used 23842K, capacity 24160K, committed 24448K, reserved 1071104K
  class space    used 2830K, capacity 2931K, committed 2944K, reserved 1048576K
}
Event: 2.873 GC heap after
{Heap after GC invocations=11 (full 0):
 garbage-first heap   total 69632K, used 41664K [0x0000000601000000, 0x0000000800000000)
  region size 4096K, 1 young (4096K), 1 survivors (4096K)
 Metaspace       used 23842K, capacity 24160K, committed 24448K, reserved 1071104K
  class space    used 2830K, capacity 2931K, committed 2944K, reserved 1048576K
}
Event: 2.980 GC heap before
{Heap before GC invocations=12 (full 0):
 garbage-first heap   total 81920K, used 45760K [0x0000000601000000, 0x0000000800000000)
  region size 4096K, 2 young (8192K), 1 survivors (4096K)
 Metaspace       used 23925K, capacity 24224K, committed 24448K, reserved 1071104K
  class space    used 2835K, capacity 2931K, committed 2944K, reserved 1048576K
}
Event: 2.982 GC heap after
{Heap after GC invocations=13 (full 0):
 garbage-first heap   total 81920K, used 46280K [0x0000000601000000, 0x0000000800000000)
  region size 4096K, 1 young (4096K), 1 survivors (4096K)
 Metaspace       used 23925K, capacity 24224K, committed 24448K, reserved 1071104K
  class space    used 2835K, capacity 2931K, committed 2944K, reserved 1048576K
}
Event: 2.983 GC heap before
{Heap before GC invocations=13 (full 0):
 garbage-first heap   total 81920K, used 50376K [0x0000000601000000, 0x0000000800000000)
  region size 4096K, 2 young (8192K), 1 survivors (4096K)
 Metaspace       used 23925K, capacity 24224K, committed 24448K, reserved 1071104K
  class space    used 2835K, capacity 2931K, committed 2944K, reserved 1048576K
}
Event: 2.984 GC heap after
{Heap after GC invocations=14 (full 0):
 garbage-first heap   total 81920K, used 50557K [0x0000000601000000, 0x0000000800000000)
  region size 4096K, 1 young (4096K), 1 survivors (4096K)
 Metaspace       used 23925K, capacity 24224K, committed 24448K, reserved 1071104K
  class space    used 2835K, capacity 2931K, committed 2944K, reserved 1048576K
}
Event: 2.985 GC heap before
{Heap before GC invocations=14 (full 0):
 garbage-first heap   total 81920K, used 54653K [0x0000000601000000, 0x0000000800000000)
  region size 4096K, 2 young (8192K), 1 survivors (4096K)
 Metaspace       used 23925K, capacity 24224K, committed 24448K, reserved 1071104K
  class space    used 2835K, capacity 2931K, committed 2944K, reserved 1048576K
}
Event: 2.987 GC heap after
{Heap after GC invocations=15 (full 0):
 garbage-first heap   total 303104K, used 55151K [0x0000000601000000, 0x0000000800000000)
  region size 4096K, 1 young (4096K), 1 survivors (4096K)
 Metaspace       used 23925K, capacity 24224K, committed 24448K, reserved 1071104K
  class space    used 2835K, capacity 2931K, committed 2944K, reserved 1048576K
}

Deoptimization events (20 events):
Event: 2.948 Thread 0x0000024b64adaa10 DEOPT PACKING pc=0x0000024b3ede1ab9 sp=0x000000ba9dafe240
Event: 2.948 Thread 0x0000024b64adaa10 DEOPT UNPACKING pc=0x0000024b3e30e23f sp=0x000000ba9dafd960 mode 0
Event: 2.948 Thread 0x0000024b64adaa10 DEOPT PACKING pc=0x0000024b3ede1ab9 sp=0x000000ba9dafe240
Event: 2.948 Thread 0x0000024b64adaa10 DEOPT UNPACKING pc=0x0000024b3e30e23f sp=0x000000ba9dafd960 mode 0
Event: 2.948 Thread 0x0000024b64adaa10 DEOPT PACKING pc=0x0000024b3ede1ab9 sp=0x000000ba9dafe240
Event: 2.948 Thread 0x0000024b64adaa10 DEOPT UNPACKING pc=0x0000024b3e30e23f sp=0x000000ba9dafd960 mode 0
Event: 2.949 Thread 0x0000024b64adaa10 DEOPT PACKING pc=0x0000024b3ede1ab9 sp=0x000000ba9dafe240
Event: 2.949 Thread 0x0000024b64adaa10 DEOPT UNPACKING pc=0x0000024b3e30e23f sp=0x000000ba9dafd960 mode 0
Event: 2.970 Thread 0x0000024b64adaa10 Uncommon trap: trap_request=0xffffff45 fr.pc=0x0000024b45f40994 relative=0x00000000000012f4
Event: 2.970 Thread 0x0000024b64adaa10 Uncommon trap: reason=unstable_if action=reinterpret pc=0x0000024b45f40994 method=jogamp.opengl.util.jpeg.JPEGDecoder.getPixel(Ljogamp/opengl/util/jpeg/JPEGDecoder$ColorSink;II)V @ 466 c2
Event: 2.970 Thread 0x0000024b64adaa10 DEOPT PACKING pc=0x0000024b45f40994 sp=0x000000ba9dafe4f0
Event: 2.970 Thread 0x0000024b64adaa10 DEOPT UNPACKING pc=0x0000024b3e30e42f sp=0x000000ba9dafe460 mode 2
Event: 3.002 Thread 0x0000024b64adaa10 DEOPT PACKING pc=0x0000024b3edae363 sp=0x000000ba9dafe2e0
Event: 3.002 Thread 0x0000024b64adaa10 DEOPT UNPACKING pc=0x0000024b3e30e23f sp=0x000000ba9dafd828 mode 0
Event: 3.263 Thread 0x0000024b64adaa10 Uncommon trap: trap_request=0xffffff45 fr.pc=0x0000024b45f33c28 relative=0x00000000000002c8
Event: 3.264 Thread 0x0000024b64adaa10 Uncommon trap: reason=unstable_if action=reinterpret pc=0x0000024b45f33c28 method=jogamp.opengl.util.jpeg.JPEGDecoder$Decoder.decodeScan(Ljogamp/opengl/util/jpeg/JPEGDecoder$Frame;Ljava/util/ArrayList;IIIII)I @ 370 c2
Event: 3.264 Thread 0x0000024b64adaa10 DEOPT PACKING pc=0x0000024b45f33c28 sp=0x000000ba9dafe380
Event: 3.264 Thread 0x0000024b64adaa10 DEOPT UNPACKING pc=0x0000024b3e30e42f sp=0x000000ba9dafe328 mode 2
Event: 3.309 Thread 0x0000024b64adaa10 DEOPT PACKING pc=0x0000024b3edd3549 sp=0x000000ba9dafe320
Event: 3.309 Thread 0x0000024b64adaa10 DEOPT UNPACKING pc=0x0000024b3e30e23f sp=0x000000ba9dafd960 mode 0

Classes unloaded (0 events):
No events

Classes redefined (0 events):
No events

Internal exceptions (20 events):
Event: 0.238 Thread 0x0000024b64adaa10 Exception <a 'java/lang/NoSuchMethodError'{0x0000000620a33f40}: 'java.lang.Object java.lang.invoke.DirectMethodHandle$Holder.newInvokeSpecial(java.lang.Object, java.lang.Object, java.lang.Object, java.lang.Object, java.lang.Object)'> (0x0000000620a33f40) 
thrown [./open/src/hotspot/share/interpreter/linkResolver.cpp, line 782]
Event: 0.239 Thread 0x0000024b64adaa10 Exception <a 'java/lang/NoSuchMethodError'{0x0000000620a3f9d0}: 'java.lang.Object java.lang.invoke.DirectMethodHandle$Holder.invokeStatic(java.lang.Object, int, java.lang.Object, java.lang.Object, java.lang.Object, java.lang.Object)'> (0x0000000620a3f9d0) 
thrown [./open/src/hotspot/share/interpreter/linkResolver.cpp, line 782]
Event: 0.242 Thread 0x0000024b64adaa10 Exception <a 'java/lang/NoSuchMethodError'{0x0000000620a65c78}: 'java.lang.Object java.lang.invoke.DirectMethodHandle$Holder.invokeStatic(java.lang.Object, int, java.lang.Object)'> (0x0000000620a65c78) 
thrown [./open/src/hotspot/share/interpreter/linkResolver.cpp, line 782]
Event: 0.265 Thread 0x0000024b64adaa10 Exception <a 'java/lang/ClassNotFoundException'{0x0000000620b20cf0}: com/sun/swing/internal/plaf/metal/resources/spi/metalProvider> (0x0000000620b20cf0) 
thrown [./open/src/hotspot/share/classfile/systemDictionary.cpp, line 295]
Event: 0.266 Thread 0x0000024b64adaa10 Exception <a 'java/lang/ClassNotFoundException'{0x0000000620b24f00}: com/sun/swing/internal/plaf/basic/resources/spi/basicProvider> (0x0000000620b24f00) 
thrown [./open/src/hotspot/share/classfile/systemDictionary.cpp, line 295]
Event: 0.311 Thread 0x0000024b64adaa10 Implicit null exception at 0x0000024b45e8b6f4 to 0x0000024b45e8bcc4
Event: 0.382 Thread 0x0000024b64adaa10 Exception <a 'java/lang/NoSuchMethodError'{0x0000000620646378}: 'void java.lang.invoke.DirectMethodHandle$Holder.invokeStatic(java.lang.Object, java.lang.Object)'> (0x0000000620646378) 
thrown [./open/src/hotspot/share/interpreter/linkResolver.cpp, line 782]
Event: 0.382 Thread 0x0000024b64adaa10 Exception <a 'java/lang/NoSuchMethodError'{0x0000000620649d80}: 'void java.lang.invoke.DirectMethodHandle$Holder.invokeStaticInit(java.lang.Object, java.lang.Object)'> (0x0000000620649d80) 
thrown [./open/src/hotspot/share/interpreter/linkResolver.cpp, line 782]
Event: 0.388 Thread 0x0000024b64adaa10 Exception <a 'java/lang/NoSuchMethodError'{0x0000000620676d00}: 'java.lang.Object java.lang.invoke.DirectMethodHandle$Holder.invokeStaticInit(java.lang.Object, int, int, int, int)'> (0x0000000620676d00) 
thrown [./open/src/hotspot/share/interpreter/linkResolver.cpp, line 782]
Event: 0.423 Thread 0x0000024b64adaa10 Exception <a 'java/lang/NoSuchMethodError'{0x00000006206c2de0}: 'java.lang.Object java.lang.invoke.DirectMethodHandle$Holder.invokeStaticInit(java.lang.Object, java.lang.Object, int, int, int, int)'> (0x00000006206c2de0) 
thrown [./open/src/hotspot/share/interpreter/linkResolver.cpp, line 782]
Event: 0.441 Thread 0x0000024b64adaa10 Exception <a 'java/lang/NoSuchMethodError'{0x00000006206d3778}: 'void java.lang.invoke.DirectMethodHandle$Holder.invokeStatic(java.lang.Object, long)'> (0x00000006206d3778) 
thrown [./open/src/hotspot/share/interpreter/linkResolver.cpp, line 782]
Event: 0.442 Thread 0x0000024b64adaa10 Exception <a 'java/lang/NoSuchMethodError'{0x00000006206d9050}: 'java.lang.Object java.lang.invoke.DirectMethodHandle$Holder.newInvokeSpecial(java.lang.Object, long)'> (0x00000006206d9050) 
thrown [./open/src/hotspot/share/interpreter/linkResolver.cpp, line 782]
Event: 0.446 Thread 0x0000024b64adaa10 Exception <a 'java/lang/NoSuchMethodError'{0x00000006206e3b78}: 'java.lang.Object java.lang.invoke.DirectMethodHandle$Holder.invokeStaticInit(java.lang.Object, java.lang.Object, long, java.lang.Object)'> (0x00000006206e3b78) 
thrown [./open/src/hotspot/share/interpreter/linkResolver.cpp, line 782]
Event: 0.446 Thread 0x0000024b64adaa10 Exception <a 'java/lang/NoSuchMethodError'{0x00000006206ea5a0}: 'java.lang.Object java.lang.invoke.DirectMethodHandle$Holder.newInvokeSpecial(java.lang.Object, java.lang.Object, long)'> (0x00000006206ea5a0) 
thrown [./open/src/hotspot/share/interpreter/linkResolver.cpp, line 782]
Event: 0.446 Thread 0x0000024b64adaa10 Exception <a 'java/lang/NoSuchMethodError'{0x00000006206ee310}: 'java.lang.Object java.lang.invoke.Invokers$Holder.linkToTargetMethod(java.lang.Object, long, java.lang.Object)'> (0x00000006206ee310) 
thrown [./open/src/hotspot/share/interpreter/linkResolver.cpp, line 782]
Event: 1.629 Thread 0x0000024b64adaa10 Implicit null exception at 0x0000024b45ea872b to 0x0000024b45ea89a8
Event: 1.666 Thread 0x0000024b64adaa10 Exception <a 'java/lang/NoSuchMethodError'{0x0000000620bd2da0}: 'void java.lang.invoke.DirectMethodHandle$Holder.invokeStaticInit(java.lang.Object)'> (0x0000000620bd2da0) 
thrown [./open/src/hotspot/share/interpreter/linkResolver.cpp, line 782]
Event: 1.687 Thread 0x0000024b651153d0 Exception <a 'java/lang/NoSuchMethodError'{0x00000006204cd660}: 'java.lang.Object java.lang.invoke.DirectMethodHandle$Holder.newInvokeSpecial(java.lang.Object, java.lang.Object, java.lang.Object, int, int, int, int, int)'> (0x00000006204cd660) 
thrown [./open/src/hotspot/share/interpreter/linkResolver.cpp, line 782]
Event: 1.724 Thread 0x0000024b64adaa10 Exception <a 'java/lang/NoSuchMethodError'{0x000000062063d970}: 'java.lang.Object java.lang.invoke.DirectMethodHandle$Holder.invokeInterface(java.lang.Object, java.lang.Object)'> (0x000000062063d970) 
thrown [./open/src/hotspot/share/interpreter/linkResolver.cpp, line 782]
Event: 3.404 Thread 0x0000024b64adaa10 Exception <a 'java/lang/NoSuchMethodError'{0x000000060ac82d98}: 'double java.lang.invoke.DirectMethodHandle$Holder.invokeStatic(java.lang.Object, java.lang.Object)'> (0x000000060ac82d98) 
thrown [./open/src/hotspot/share/interpreter/linkResolver.cpp, line 782]

Events (20 events):
Event: 3.407 loading class java/util/stream/Node$OfLong done
Event: 3.407 loading class java/util/stream/Nodes$EmptyNode$OfLong done
Event: 3.407 loading class java/util/stream/Nodes$EmptyNode$OfDouble
Event: 3.407 loading class java/util/stream/Node$OfDouble
Event: 3.407 loading class java/util/stream/Node$OfDouble done
Event: 3.407 loading class java/util/stream/Nodes$EmptyNode$OfDouble done
Event: 3.407 loading class java/util/stream/Nodes$DoubleFixedNodeBuilder
Event: 3.407 loading class java/util/stream/Node$Builder$OfDouble
Event: 3.407 loading class java/util/stream/Node$Builder
Event: 3.407 loading class java/util/stream/Node$Builder done
Event: 3.407 loading class java/util/stream/Sink$OfDouble
Event: 3.407 loading class java/util/function/DoubleConsumer
Event: 3.407 loading class java/util/function/DoubleConsumer done
Event: 3.407 loading class java/util/stream/Sink$OfDouble done
Event: 3.407 loading class java/util/stream/Node$Builder$OfDouble done
Event: 3.407 loading class java/util/stream/Nodes$DoubleArrayNode
Event: 3.408 loading class java/util/stream/Nodes$DoubleArrayNode done
Event: 3.408 loading class java/util/stream/Nodes$DoubleFixedNodeBuilder done
Event: 3.408 loading class java/util/stream/ReferencePipeline$6$1
Event: 3.408 loading class java/util/stream/ReferencePipeline$6$1 done


Dynamic libraries:
0x00007ff7cebd0000 - 0x00007ff7cebdf000 	C:\Program Files\Java\jdk-15.0.2\bin\java.exe
0x00007ff8c07d0000 - 0x00007ff8c09c8000 	C:\WINDOWS\SYSTEM32\ntdll.dll
0x00007ff8bed90000 - 0x00007ff8bee52000 	C:\WINDOWS\System32\KERNEL32.DLL
0x00007ff8be030000 - 0x00007ff8be32e000 	C:\WINDOWS\System32\KERNELBASE.dll
0x00007ff8be6f0000 - 0x00007ff8be7f0000 	C:\WINDOWS\System32\ucrtbase.dll
0x00007ff8b0dc0000 - 0x00007ff8b0dd9000 	C:\Program Files\Java\jdk-15.0.2\bin\VCRUNTIME140.dll
0x00007ff8b0da0000 - 0x00007ff8b0db8000 	C:\Program Files\Java\jdk-15.0.2\bin\jli.dll
0x00007ff8be990000 - 0x00007ff8bea42000 	C:\WINDOWS\System32\ADVAPI32.dll
0x00007ff8bf8c0000 - 0x00007ff8bf95e000 	C:\WINDOWS\System32\msvcrt.dll
0x00007ff8beb80000 - 0x00007ff8bec20000 	C:\WINDOWS\System32\sechost.dll
0x00007ff8c0580000 - 0x00007ff8c06a3000 	C:\WINDOWS\System32\RPCRT4.dll
0x00007ff8be000000 - 0x00007ff8be027000 	C:\WINDOWS\System32\bcrypt.dll
0x00007ff8be7f0000 - 0x00007ff8be98d000 	C:\WINDOWS\System32\USER32.dll
0x00007ff8bde70000 - 0x00007ff8bde92000 	C:\WINDOWS\System32\win32u.dll
0x00007ff8a0a80000 - 0x00007ff8a0d1a000 	C:\WINDOWS\WinSxS\amd64_microsoft.windows.common-controls_6595b64144ccf1df_6.0.19041.4355_none_60b8b9eb71f62e16\COMCTL32.dll
0x00007ff8bed00000 - 0x00007ff8bed2b000 	C:\WINDOWS\System32\GDI32.dll
0x00007ff8be3d0000 - 0x00007ff8be4e7000 	C:\WINDOWS\System32\gdi32full.dll
0x00007ff8be330000 - 0x00007ff8be3cd000 	C:\WINDOWS\System32\msvcp_win.dll
0x00007ff8b7940000 - 0x00007ff8b794a000 	C:\WINDOWS\SYSTEM32\VERSION.dll
0x00007ff8bee60000 - 0x00007ff8bee8f000 	C:\WINDOWS\System32\IMM32.DLL
0x00007ff8b7550000 - 0x00007ff8b755c000 	C:\Program Files\Java\jdk-15.0.2\bin\vcruntime140_1.dll
0x00007ff892f20000 - 0x00007ff892fb1000 	C:\Program Files\Java\jdk-15.0.2\bin\msvcp140.dll
0x00007ffff2b60000 - 0x00007ffff36be000 	C:\Program Files\Java\jdk-15.0.2\bin\server\jvm.dll
0x00007ff8c0780000 - 0x00007ff8c0788000 	C:\WINDOWS\System32\PSAPI.DLL
0x00007ff89f100000 - 0x00007ff89f109000 	C:\WINDOWS\SYSTEM32\WSOCK32.dll
0x00007ff8a51b0000 - 0x00007ff8a51d7000 	C:\WINDOWS\SYSTEM32\WINMM.dll
0x00007ff8c0490000 - 0x00007ff8c04fb000 	C:\WINDOWS\System32\WS2_32.dll
0x00007ff8bc6a0000 - 0x00007ff8bc6b2000 	C:\WINDOWS\SYSTEM32\kernel.appcore.dll
0x00007ff8b6e00000 - 0x00007ff8b6e0a000 	C:\Program Files\Java\jdk-15.0.2\bin\jimage.dll
0x00007ff8bba10000 - 0x00007ff8bbbf4000 	C:\WINDOWS\SYSTEM32\DBGHELP.DLL
0x00007ff8b66a0000 - 0x00007ff8b66d4000 	C:\WINDOWS\SYSTEM32\dbgcore.DLL
0x00007ff8be5a0000 - 0x00007ff8be622000 	C:\WINDOWS\System32\bcryptPrimitives.dll
0x00007ff897640000 - 0x00007ff897665000 	C:\Program Files\Java\jdk-15.0.2\bin\java.dll
0x00007ff8bfae0000 - 0x00007ff8c024f000 	C:\WINDOWS\System32\SHELL32.dll
0x00007ff8bbeb0000 - 0x00007ff8bc654000 	C:\WINDOWS\SYSTEM32\windows.storage.dll
0x00007ff8bf0e0000 - 0x00007ff8bf433000 	C:\WINDOWS\System32\combase.dll
0x00007ff8bd8a0000 - 0x00007ff8bd8ce000 	C:\WINDOWS\SYSTEM32\Wldp.dll
0x00007ff8befb0000 - 0x00007ff8bf07d000 	C:\WINDOWS\System32\OLEAUT32.dll
0x00007ff8bf980000 - 0x00007ff8bfa2d000 	C:\WINDOWS\System32\SHCORE.dll
0x00007ff8bf080000 - 0x00007ff8bf0d5000 	C:\WINDOWS\System32\shlwapi.dll
0x00007ff8bdda0000 - 0x00007ff8bddc4000 	C:\WINDOWS\SYSTEM32\profapi.dll
0x00007ff8b08f0000 - 0x00007ff8b0909000 	C:\Program Files\Java\jdk-15.0.2\bin\net.dll
0x00007ff8b6e60000 - 0x00007ff8b6f6d000 	C:\WINDOWS\SYSTEM32\WINHTTP.dll
0x00007ff8bd540000 - 0x00007ff8bd5aa000 	C:\WINDOWS\system32\mswsock.dll
0x00007ff8a1380000 - 0x00007ff8a1392000 	C:\Program Files\Java\jdk-15.0.2\bin\nio.dll
0x00007ff897620000 - 0x00007ff897638000 	C:\Program Files\Java\jdk-15.0.2\bin\zip.dll
0x00007ff87a710000 - 0x00007ff87a890000 	C:\Program Files\Java\jdk-15.0.2\bin\awt.dll
0x00007ff8ba4f0000 - 0x00007ff8ba584000 	C:\WINDOWS\SYSTEM32\apphelp.dll
0x00007ff8ba9d0000 - 0x00007ff8baa6e000 	C:\WINDOWS\system32\uxtheme.dll
0x00007ff8bee90000 - 0x00007ff8befa5000 	C:\WINDOWS\System32\MSCTF.dll
0x00007ff8bea50000 - 0x00007ff8beb7b000 	C:\WINDOWS\System32\ole32.dll
0x00007ff8badd0000 - 0x00007ff8badff000 	C:\WINDOWS\system32\DWMAPI.DLL
0x00007ff8b5830000 - 0x00007ff8b5840000 	C:\Program Files\Java\jdk-15.0.2\bin\verify.dll
0x00007ff8bd7d0000 - 0x00007ff8bd7e8000 	C:\WINDOWS\SYSTEM32\CRYPTSP.dll
0x00007ff8bce10000 - 0x00007ff8bce44000 	C:\WINDOWS\system32\rsaenh.dll
0x00007ff8bdd60000 - 0x00007ff8bdd8e000 	C:\WINDOWS\SYSTEM32\USERENV.dll
0x00007ff8bd7f0000 - 0x00007ff8bd7fc000 	C:\WINDOWS\SYSTEM32\CRYPTBASE.dll
0x00007ff8bd240000 - 0x00007ff8bd27b000 	C:\WINDOWS\SYSTEM32\IPHLPAPI.DLL
0x00007ff8c06b0000 - 0x00007ff8c06b8000 	C:\WINDOWS\System32\NSI.dll
0x00007ff8b7de0000 - 0x00007ff8b7df7000 	C:\WINDOWS\SYSTEM32\dhcpcsvc6.DLL
0x00007ff8b7dc0000 - 0x00007ff8b7ddd000 	C:\WINDOWS\SYSTEM32\dhcpcsvc.DLL
0x00007ff8bd280000 - 0x00007ff8bd34a000 	C:\WINDOWS\SYSTEM32\DNSAPI.dll
0x00007ff894d30000 - 0x00007ff894d43000 	C:\Users\Diego\AppData\Local\Temp\jogamp_0000\file_cache\jln12659846846824445830\jln2812588568737701580\natives\windows-amd64\gluegen_rt.dll
0x00007ff8b0a70000 - 0x00007ff8b0a77000 	C:\Program Files\Java\jdk-15.0.2\bin\jawt.dll
0x00007ff8ae1f0000 - 0x00007ff8ae1fd000 	C:\Users\Diego\AppData\Local\Temp\jogamp_0000\file_cache\jln12659846846824445830\jln2812588568737701580\natives\windows-amd64\nativewindow_awt.dll
0x00007ff844e70000 - 0x00007ff844f98000 	C:\WINDOWS\system32\opengl32.dll
0x00007ff884b20000 - 0x00007ff884b4c000 	C:\WINDOWS\SYSTEM32\GLU32.dll
0x00007ff8851e0000 - 0x00007ff8853b1000 	C:\WINDOWS\system32\d3d9.dll
0x00007ff8b43f0000 - 0x00007ff8b44b1000 	C:\WINDOWS\System32\DriverStore\FileRepository\nv_dispig.inf_amd64_0afec3f2050014a0\nvldumdx.dll
0x00007ff8bda30000 - 0x00007ff8bda42000 	C:\WINDOWS\SYSTEM32\msasn1.dll
0x00007ff8b7600000 - 0x00007ff8b7631000 	C:\WINDOWS\SYSTEM32\cryptnet.dll
0x00007ff8bdea0000 - 0x00007ff8bdffc000 	C:\WINDOWS\System32\CRYPT32.dll
0x00007ff8b7050000 - 0x00007ff8b7197000 	C:\WINDOWS\SYSTEM32\drvstore.dll
0x00007ff8bdc00000 - 0x00007ff8bdc33000 	C:\WINDOWS\SYSTEM32\devobj.dll
0x00007ff8be6a0000 - 0x00007ff8be6ee000 	C:\WINDOWS\System32\cfgmgr32.dll
0x00007ff8be630000 - 0x00007ff8be699000 	C:\WINDOWS\System32\wintrust.dll
0x00007ff8bf960000 - 0x00007ff8bf97d000 	C:\WINDOWS\System32\imagehlp.dll
0x00007ff81d6f0000 - 0x00007ff81f6de000 	C:\WINDOWS\System32\DriverStore\FileRepository\nv_dispig.inf_amd64_0afec3f2050014a0\nvgpucomp64.dll
0x00007ff820760000 - 0x00007ff8221f4000 	C:\WINDOWS\System32\DriverStore\FileRepository\nv_dispig.inf_amd64_0afec3f2050014a0\nvd3dumx.dll
0x00007ff8bc670000 - 0x00007ff8bc693000 	C:\WINDOWS\SYSTEM32\gpapi.dll
0x00007ff88ff20000 - 0x00007ff890075000 	C:\WINDOWS\System32\DriverStore\FileRepository\nv_dispig.inf_amd64_0afec3f2050014a0\nvppex.dll
0x00007ff8ab270000 - 0x00007ff8ab2ab000 	C:\WINDOWS\SYSTEM32\dxcore.dll
0x00007ff894c30000 - 0x00007ff894c45000 	C:\Users\Diego\AppData\Local\Temp\jogamp_0000\file_cache\jln12659846846824445830\jln2812588568737701580\natives\windows-amd64\nativewindow_win32.dll
0x00007ff8874f0000 - 0x00007ff887573000 	C:\Users\Diego\AppData\Local\Temp\jogamp_0000\file_cache\jln12659846846824445830\jln2812588568737701580\natives\windows-amd64\jogl_desktop.dll
0x00007ff894220000 - 0x00007ff894272000 	C:\Users\Diego\AppData\Local\Temp\jogamp_0000\file_cache\jln12659846846824445830\jln2812588568737701580\natives\windows-amd64\jogl_mobile.dll
0x00007ff8bfa30000 - 0x00007ff8bfad9000 	C:\WINDOWS\System32\clbcatq.dll
0x00007ff8b55b0000 - 0x00007ff8b56b2000 	C:\Windows\System32\AppXDeploymentClient.dll
0x00007fffe29a0000 - 0x00007fffe4f88000 	C:\WINDOWS\System32\DriverStore\FileRepository\nv_dispig.inf_amd64_0afec3f2050014a0\nvoglv64.dll
0x00007ff8bf440000 - 0x00007ff8bf8ae000 	C:\WINDOWS\System32\SETUPAPI.dll
0x00007ff8b8fa0000 - 0x00007ff8b8fb4000 	C:\WINDOWS\SYSTEM32\WTSAPI32.dll
0x00007ff8bd060000 - 0x00007ff8bd093000 	C:\WINDOWS\SYSTEM32\ntmarta.dll
0x00007ff8bd5f0000 - 0x00007ff8bd63b000 	C:\WINDOWS\SYSTEM32\powrprof.dll
0x00007ff8bd5b0000 - 0x00007ff8bd5c2000 	C:\WINDOWS\SYSTEM32\UMPDC.dll
0x00007ff8bd140000 - 0x00007ff8bd19b000 	C:\WINDOWS\SYSTEM32\WINSTA.dll
0x00007ff87dfc0000 - 0x00007ff87e045000 	C:\Program Files\Java\jdk-15.0.2\bin\freetype.dll
0x00007ff87c670000 - 0x00007ff87c719000 	C:\Program Files\Java\jdk-15.0.2\bin\fontmanager.dll
0x00007ff8ade80000 - 0x00007ff8adf79000 	C:\WINDOWS\SYSTEM32\textinputframework.dll
0x00007ff8b9e90000 - 0x00007ff8ba1eb000 	C:\WINDOWS\System32\CoreUIComponents.dll
0x00007ff8ba200000 - 0x00007ff8ba2f2000 	C:\WINDOWS\System32\CoreMessaging.dll
0x00007ff8b9670000 - 0x00007ff8b97c7000 	C:\WINDOWS\SYSTEM32\wintypes.dll
0x00007ff899ae0000 - 0x00007ff899b46000 	C:\WINDOWS\system32\Oleacc.dll

dbghelp: loaded successfully - version: 4.0.5 - missing functions: none
symbol engine: initialized successfully - sym options: 0x614 - pdb path: .;C:\Program Files\Java\jdk-15.0.2\bin;C:\WINDOWS\SYSTEM32;C:\WINDOWS\WinSxS\amd64_microsoft.windows.common-controls_6595b64144ccf1df_6.0.19041.4355_none_60b8b9eb71f62e16;C:\Program Files\Java\jdk-15.0.2\bin\server;C:\Users\Diego\AppData\Local\Temp\jogamp_0000\file_cache\jln12659846846824445830\jln2812588568737701580\natives\windows-amd64;C:\WINDOWS\System32\DriverStore\FileRepository\nv_dispig.inf_amd64_0afec3f2050014a0

VM Arguments:
jvm_args: -Dfile.encoding=UTF-8 
java_command: mampos.Mampos
java_class_path (initial): C:\tesisEstructural\gson-2.11.0.jar;C:\tesisEstructural\pdf4j-icepdf-core-6.1.1.jar;C:\tesisEstructural\pdf4j-icepdf-viewer-6.1.1.jar;C:\tesisEstructural\sqlite-jdbc-3.46.1.3.jar;C:\tesisEstructural\UJMP\ujmp-complete-0.3.0.jar;C:\tesisEstructural\JOGL\JOML\joml-1.10.7.jar;C:\tesisEstructural\JOGL\jogamp-all-platforms\jar\gluegen-rt.jar;C:\tesisEstructural\JOGL\jogamp-all-platforms\jar\jogl-all.jar;C:\tesisEstructural\df_1.1.3p1\dock\bin\docking-frames-common.jar;C:\tesisEstructural\df_1.1.3p1\dock\bin\docking-frames-core.jar;C:\tesisEstructural\Mampos\build\classes
Launcher Type: SUN_STANDARD

[Global flags]
     intx CICompilerCount                          = 12                                        {product} {ergonomic}
     uint ConcGCThreads                            = 3                                         {product} {ergonomic}
     uint G1ConcRefinementThreads                  = 13                                        {product} {ergonomic}
   size_t G1HeapRegionSize                         = 4194304                                   {product} {ergonomic}
    uintx GCDrainStackTargetSize                   = 64                                        {product} {ergonomic}
   size_t InitialHeapSize                          = 536870912                                 {product} {ergonomic}
   size_t MarkStackSize                            = 4194304                                   {product} {ergonomic}
   size_t MaxHeapSize                              = 8573157376                                {product} {ergonomic}
   size_t MaxNewSize                               = 5142216704                                {product} {ergonomic}
   size_t MinHeapDeltaBytes                        = 4194304                                   {product} {ergonomic}
   size_t MinHeapSize                              = 8388608                                   {product} {ergonomic}
    uintx NonNMethodCodeHeapSize                   = 7602480                                {pd product} {ergonomic}
    uintx NonProfiledCodeHeapSize                  = 122027880                              {pd product} {ergonomic}
    uintx ProfiledCodeHeapSize                     = 122027880                              {pd product} {ergonomic}
    uintx ReservedCodeCacheSize                    = 251658240                              {pd product} {ergonomic}
     bool SegmentedCodeCache                       = true                                      {product} {ergonomic}
   size_t SoftMaxHeapSize                          = 8573157376                             {manageable} {ergonomic}
     bool UseCompressedClassPointers               = true                                 {lp64_product} {ergonomic}
     bool UseCompressedOops                        = true                                 {lp64_product} {ergonomic}
     bool UseG1GC                                  = true                                      {product} {ergonomic}
     bool UseLargePagesIndividualAllocation        = false                                  {pd product} {ergonomic}

Logging:
Log output configuration:
 #0: stdout all=warning uptime,level,tags
 #1: stderr all=off uptime,level,tags

Environment Variables:
JAVA_HOME=C:\Program Files\Java\jdk-15.0.2
PATH=C:\Program Files (x86)\Common Files\Intel\Shared Libraries\redist\intel64_win\compiler;C:\Python311\Scripts\;C:\Python311\;C:\Program Files\Microsoft\jdk-11.0.16.101-hotspot\bin;C:\Program Files\BellSoft\LibericaJDK-17-Full\bin\;C:\ProgramData\Oracle\Java\javapath;C:\Program Files\Common Files\Oracle\Java\javapath;C:\Program Files (x86)\Common Files\Oracle\Java\java8path;C:\Program Files (x86)\Common Files\Oracle\Java\javapath;C:\Program Files (x86)\NVIDIA Corporation\PhysX\Common;C:\Program Files (x86)\Common Files\Intel\Shared Libraries\redist\intel64\compiler;C:\WINDOWS\system32;C:\WINDOWS;C:\WINDOWS\System32\Wbem;C:\WINDOWS\System32\WindowsPowerShell\v1.0\;C:\WINDOWS\System32\OpenSSH\;C:\Program Files\Microsoft SQL Server\120\Tools\Binn\;C:\Program Files\Common Files\Autodesk Shared\;C:\Program Files\Microsoft SQL Server\Client SDK\ODBC\110\Tools\Binn\;C:\Program Files (x86)\Microsoft SQL Server\120\Tools\Binn\;C:\Program Files\Microsoft SQL Server\120\DTS\Binn\;C:\Program Files (x86)\Windows Kits\8.1\Windows Performance Toolkit\;C:\Program Files (x86)\Common Files\Autodesk Shared\Advance\;C:\Program Files (x86)\Microsoft SQL Server\90\Tools\binn\;C:\Program Files\Git\cmd;C:\Program Files\PostgreSQL\15\bin;C:\Program Files\Microsoft SQL Server\150\Tools\Binn\;C:\Program Files\Common Files\Autodesk Shared\Advance\;C:\Program Files\dotnet\;C:\Program Files\Docker\Docker\resources\bin;C:\Program Files (x86)\cloudflared\.;C:\Program Files\nodejs\;C:\ProgramData\chocolatey\bin;C:\tools\Manim\Scripts;C:\Program Files\MiKTeX\miktex\bin\x64\;C:\Program Files\Calibre2\;C:\Program Files\Graphviz\bin;C:\Users\Diego\.cargo\bin;C:\Users\Diego\AppData\Local\Programs\Python\Python38\Scripts\;C:\Users\Diego\AppData\Local\Programs\Python\Python38\;C:\Users\Diego\AppData\Local\Programs\Python\Python38-32\Scripts\;C:\Users\Diego\AppData\Local\Programs\Python\Python38-32\;C:\Users\Diego\AppData\Local\Microsoft\WindowsApps;C:\Users\Diego\AppData\Local\Programs\Microsoft VS Code\bi
USERNAME=Diego
OS=Windows_NT
PROCESSOR_IDENTIFIER=AMD64 Family 23 Model 113 Stepping 0, AuthenticAMD



---------------  S Y S T E M  ---------------

OS:
 Windows 10 , 64 bit Build 19041 (10.0.19041.4957)
OS uptime: 17 days 6:40 hours
HyperV virtualization detected

CPU: total 16 (initial active 16) (16 cores per cpu, 2 threads per core) family 23 model 113 stepping 0 microcode 0x0, cmov, cx8, fxsr, mmx, sse, sse2, sse3, ssse3, sse4.1, sse4.2, popcnt, vzeroupper, avx, avx2, aes, clmul, 3dnowpref, lzcnt, sse4a, ht, tsc, tscinvbit, tscinv, bmi1, bmi2, adx, sha, fma, clflush, clflushopt

Memory: 4k page, system-wide physical 32689M (18971M free)
TotalPageFile size 41449M (AvailPageFile size 14764M)
current process WorkingSet (physical memory assigned to process): 324M, peak: 348M
current process commit charge ("private bytes"): 578M, peak: 735M

vm_info: Java HotSpot(TM) 64-Bit Server VM (15.0.2+7-27) for windows-amd64 JRE (15.0.2+7-27), built on Dec  7 2020 20:07:01 by "mach5one" with unknown MS VC++:1925

END.
